        task.sourceURL = "https://developer.apple.com/wwdc25"
        ~~~~ ^~~~~~~~~
/Users/hem/Developer/my-daily-sprints/FocusBloxTests/SourceURLTests.swift:43:39: error: value of type 'LocalTask' has no member 'sourceURL'
        XCTAssertEqual(fetched.first?.sourceURL, "https://developer.apple.com/wwdc25",
                       ~~~~~~~~~~~~~~ ^~~~~~~~~
/Users/hem/Developer/my-daily-sprints/FocusBloxTests/SourceURLTests.swift:53:14: error: value of type 'LocalTask' has no member 'sourceURL'
        task.sourceURL = "https://mail.example.com/thread/123"
        ~~~~ ^~~~~~~~~
/Users/hem/Developer/my-daily-sprints/FocusBloxTests/SourceURLTests.swift:63:29: error: value of type 'LocalTask' has no member 'sourceURL'
        XCTAssertEqual(task.sourceURL, "https://mail.example.com/thread/123",
                       ~~~~ ^~~~~~~~~

Failed frontend command:
/Applications/Xcode.app/Contents/Developer/Toolchains/XcodeDefault.xctoolchain/usr/bin/swift-frontend -frontend -c /Users/hem/Developer/my-daily-sprints/FocusBloxTests/CalendarSelectionTests.swift /Users/hem/Developer/my-daily-sprints/FocusBloxTests/EventKitRepositoryTests.swift /Users/hem/Developer/my-daily-sprints/FocusBloxTests/FocusBlockTests.swift /Users/hem/Developer/my-daily-sprints/FocusBloxTests/FocusBlockDurationTests.swift /Users/hem/Developer/my-daily-sprints/FocusBloxTests/DedupCleanupTests.swift /Users/hem/Developer/my-daily-sprints/FocusBloxTests/RemindersImportServiceTests.swift /Users/hem/Developer/my-daily-sprints/FocusBloxTests/QuickCaptureIntentTests.swift /Users/hem/Developer/my-daily-sprints/FocusBloxTests/QuickAddNextUpTests.swift /Users/hem/Developer/my-daily-sprints/FocusBloxTests/CCQuickTaskDiagTests.swift /Users/hem/Developer/my-daily-sprints/FocusBloxTests/LocalTaskSourceTests.swift /Users/hem/Developer/my-daily-sprints/FocusBloxTests/LocalTaskTests.swift /Users/hem/Developer/my-daily-sprints/FocusBloxTests/MockEventKitRepositoryTests.swift /Users/hem/Developer/my-daily-sprints/FocusBloxTests/PlanItemTests.swift /Users/hem/Developer/my-daily-sprints/FocusBloxTests/EisenhowerMatrixTests.swift /Users/hem/Developer/my-daily-sprints/FocusBloxTests/NextUpTests.swift /Users/hem/Developer/my-daily-sprints/FocusBloxTests/SmartGapsTests.swift /Users/hem/Developer/my-daily-sprints/FocusBloxTests/SyncEngineTests.swift /Users/hem/Developer/my-daily-sprints/FocusBloxTests/TaskSourceTests.swift /Users/hem/Developer/my-daily-sprints/FocusBloxTests/SoundServiceTests.swift /Users/hem/Developer/my-daily-sprints/FocusBloxTests/WarningTests.swift /Users/hem/Developer/my-daily-sprints/FocusBloxTests/CategoriesTests.swift /Users/hem/Developer/my-daily-sprints/FocusBloxTests/FocusBloxRebrandTests.swift /Users/hem/Developer/my-daily-sprints/FocusBloxTests/LiveActivityManagerTests.swift /Users/hem/Developer/my-daily-sprints/FocusBloxTests/PermissionRequestTests.swift /Users/hem/Developer/my-daily-sprints/FocusBloxTests/CalendarEventCategoryTests.swift /Users/hem/Developer/my-daily-sprints/FocusBloxTests/CategoryConfigTests.swift /Users/hem/Developer/my-daily-sprints/FocusBloxTests/TaskCategoryTests.swift /Users/hem/Developer/my-daily-sprints/FocusBloxTests/TaskMetadataUITests.swift /Users/hem/Developer/my-daily-sprints/FocusBloxTests/DueDateFormattingTests.swift /Users/hem/Developer/my-daily-sprints/FocusBloxTests/SettingsComponentsTests.swift /Users/hem/Developer/my-daily-sprints/FocusBloxTests/TbdTasksTests.swift /Users/hem/Developer/my-daily-sprints/FocusBloxTests/FocusBlockStartNotificationTests.swift /Users/hem/Developer/my-daily-sprints/FocusBloxTests/QuickEditPickerTests.swift /Users/hem/Developer/my-daily-sprints/FocusBloxTests/ReviewEventIntegrationTests.swift /Users/hem/Developer/my-daily-sprints/FocusBloxTests/AppGroupSwiftDataTests.swift /Users/hem/Developer/my-daily-sprints/FocusBloxTests/DesignSystemTests.swift /Users/hem/Developer/my-daily-sprints/FocusBloxTests/SyncedSettingsTests.swift /Users/hem/Developer/my-daily-sprints/FocusBloxTests/FocusBlockLifecycleTests.swift /Users/hem/Developer/my-daily-sprints/FocusBloxTests/CloudKitSyncMonitorTests.swift /Users/hem/Developer/my-daily-sprints/FocusBloxTests/CalendarEventReadOnlyTests.swift /Users/hem/Developer/my-daily-sprints/FocusBloxTests/CategoryIconBadgeTests.swift /Users/hem/Developer/my-daily-sprints/FocusBloxTests/RecurrencePatternTests.swift /Users/hem/Developer/my-daily-sprints/FocusBloxTests/FocusBlockEntityTests.swift /Users/hem/Developer/my-daily-sprints/FocusBloxTests/TaskEntityUserActivityTests.swift /Users/hem/Developer/my-daily-sprints/FocusBloxTests/RecurrenceServiceTests.swift /Users/hem/Developer/my-daily-sprints/FocusBloxTests/RecurringTemplateTests.swift /Users/hem/Developer/my-daily-sprints/FocusBloxTests/TemplateDedupTests.swift /Users/hem/Developer/my-daily-sprints/FocusBloxTests/RecurringVisibilityFilterTests.swift /Users/hem/Developer/my-daily-sprints/FocusBloxTests/ReviewOutsideSprintTests.swift /Users/hem/Developer/my-daily-sprints/FocusBloxTests/UnifiedTabSymbolsTests.swift /Users/hem/Developer/my-daily-sprints/FocusBloxTests/NextUpSwipeActionsTests.swift /Users/hem/Developer/my-daily-sprints/FocusBloxTests/AITaskScoringServiceTests.swift /Users/hem/Developer/my-daily-sprints/FocusBloxTests/DueDateNotificationTests.swift /Users/hem/Developer/my-daily-sprints/FocusBloxTests/ListViewsCleanupTests.swift /Users/hem/Developer/my-daily-sprints/FocusBloxTests/TaskCompletionUndoServiceTests.swift /Users/hem/Developer/my-daily-sprints/FocusBloxTests/SpotlightIndexingServiceTests.swift /Users/hem/Developer/my-daily-sprints/FocusBloxTests/WidgetRelevanceTests.swift /Users/hem/Developer/my-daily-sprints/FocusBloxTests/TaskTitleEngineTests.swift -primary-file /Users/hem/Developer/my-daily-sprints/FocusBloxTests/SourceURLTests.swift -emit-dependencies-path /Users/hem/Library/Developer/Xcode/DerivedData/FocusBlox-fshkgwtdrowrvdgcqrhjhqvttdao/Build/Intermediates.noindex/FocusBlox.build/Debug-iphonesimulator/FocusBloxTests.build/Objects-normal/arm64/SourceURLTests.d -emit-const-values-path /Users/hem/Library/Developer/Xcode/DerivedData/FocusBlox-fshkgwtdrowrvdgcqrhjhqvttdao/Build/Intermediates.noindex/FocusBlox.build/Debug-iphonesimulator/FocusBloxTests.build/Objects-normal/arm64/SourceURLTests.swiftconstvalues -emit-reference-dependencies-path /Users/hem/Library/Developer/Xcode/DerivedData/FocusBlox-fshkgwtdrowrvdgcqrhjhqvttdao/Build/Intermediates.noindex/FocusBlox.build/Debug-iphonesimulator/FocusBloxTests.build/Objects-normal/arm64/SourceURLTests.swiftdeps -serialize-diagnostics-path /Users/hem/Library/Developer/Xcode/DerivedData/FocusBlox-fshkgwtdrowrvdgcqrhjhqvttdao/Build/Intermediates.noindex/FocusBlox.build/Debug-iphonesimulator/FocusBloxTests.build/Objects-normal/arm64/SourceURLTests.dia -target arm64-apple-ios26.2-simulator -disable-cross-import-overlay-search -swift-module-cross-import CoreData /Applications/Xcode.app/Contents/Developer/Platforms/iPhoneSimulator.platform/Developer/SDKs/iPhoneSimulator.sdk/System/Library/Frameworks/CoreData.framework/Modules/CoreData.swiftcrossimport/CloudKit.swiftoverlay -swift-module-cross-import CoreData /Applications/Xcode.app/Contents/Developer/Platforms/iPhoneSimulator.platform/Developer/SDKs/iPhoneSimulator26.2.sdk/System/Library/Frameworks/CoreData.framework/Modules/CoreData.swiftcrossimport/CloudKit.swiftoverlay -swift-module-cross-import SwiftData /Applications/Xcode.app/Contents/Developer/Platforms/iPhoneSimulator.platform/Developer/SDKs/iPhoneSimulator26.2.sdk/System/Library/Frameworks/SwiftData.framework/Modules/SwiftData.swiftcrossimport/CoreData.swiftoverlay -swift-module-cross-import SwiftData /Applications/Xcode.app/Contents/Developer/Platforms/iPhoneSimulator.platform/Developer/SDKs/iPhoneSimulator26.2.sdk/System/Library/Frameworks/SwiftData.framework/Modules/SwiftData.swiftcrossimport/SwiftUI.swiftoverlay -swift-module-cross-import Testing /Applications/Xcode.app/Contents/Developer/Platforms/iPhoneSimulator.platform/Developer/Library/Frameworks/Testing.framework/Modules/Testing.swiftcrossimport/Foundation.swiftoverlay -load-resolved-plugin /Applications/Xcode.app/Contents/Developer/Platforms/iPhoneOS.platform/Developer/usr/lib/swift/host/plugins/libAppIntentsMacros.dylib\#/Applications/Xcode.app/Contents/Developer/Platforms/iPhoneOS.platform/Developer/usr/bin/swift-plugin-server\#AppIntentsMacros -load-resolved-plugin /Applications/Xcode.app/Contents/Developer/Platforms/iPhoneOS.platform/Developer/usr/lib/swift/host/plugins/libFoundationMacros.dylib\#/Applications/Xcode.app/Contents/Developer/Platforms/iPhoneOS.platform/Developer/usr/bin/swift-plugin-server\#FoundationMacros -load-resolved-plugin /Applications/Xcode.app/Contents/Developer/Platforms/iPhoneOS.platform/Developer/usr/lib/swift/host/plugins/libFoundationModelsMacros.dylib\#/Applications/Xcode.app/Contents/Developer/Platforms/iPhoneOS.platform/Developer/usr/bin/swift-plugin-server\#FoundationModelsMacros -load-resolved-plugin /Applications/Xcode.app/Contents/Developer/Platforms/iPhoneOS.platform/Developer/usr/lib/swift/host/plugins/libObservationMacros.dylib\#/Applications/Xcode.app/Contents/Developer/Platforms/iPhoneOS.platform/Developer/usr/bin/swift-plugin-server\#ObservationMacros -load-resolved-plugin /Applications/Xcode.app/Contents/Developer/Platforms/iPhoneOS.platform/Developer/usr/lib/swift/host/plugins/libPreviewsMacros.dylib\#/Applications/Xcode.app/Contents/Developer/Platforms/iPhoneOS.platform/Developer/usr/bin/swift-plugin-server\#PreviewsMacros -load-resolved-plugin /Applications/Xcode.app/Contents/Developer/Platforms/iPhoneOS.platform/Developer/usr/lib/swift/host/plugins/libSwiftDataMacros.dylib\#/Applications/Xcode.app/Contents/Developer/Platforms/iPhoneOS.platform/Developer/usr/bin/swift-plugin-server\#SwiftDataMacros -load-resolved-plugin /Applications/Xcode.app/Contents/Developer/Platforms/iPhoneOS.platform/Developer/usr/lib/swift/host/plugins/libSwiftMacros.dylib\#/Applications/Xcode.app/Contents/Developer/Platforms/iPhoneOS.platform/Developer/usr/bin/swift-plugin-server\#SwiftMacros -load-resolved-plugin /Applications/Xcode.app/Contents/Developer/Platforms/iPhoneOS.platform/Developer/usr/lib/swift/host/plugins/libSwiftUIMacros.dylib\#/Applications/Xcode.app/Contents/Developer/Platforms/iPhoneOS.platform/Developer/usr/bin/swift-plugin-server\#SwiftUIMacros -load-resolved-plugin /Applications/Xcode.app/Contents/Developer/Toolchains/XcodeDefault.xctoolchain/usr/lib/swift/host/plugins/testing/libTestingMacros.dylib\#\#TestingMacros -disable-implicit-swift-modules -Xcc -fno-implicit-modules -Xcc -fno-implicit-module-maps -explicit-swift-module-map-file /Users/hem/Library/Developer/Xcode/DerivedData/FocusBlox-fshkgwtdrowrvdgcqrhjhqvttdao/Build/Intermediates.noindex/FocusBlox.build/Debug-iphonesimulator/FocusBloxTests.build/Objects-normal/arm64/FocusBloxTests-dependencies-1.json -Xllvm -aarch64-use-tbi -enable-objc-interop -sdk /Applications/Xcode.app/Contents/Developer/Platforms/iPhoneSimulator.platform/Developer/SDKs/iPhoneSimulator26.2.sdk -I /Users/hem/Library/Developer/Xcode/DerivedData/FocusBlox-fshkgwtdrowrvdgcqrhjhqvttdao/Build/Products/Debug-iphonesimulator -Isystem /Applications/Xcode.app/Contents/Developer/Platforms/iPhoneSimulator.platform/Developer/usr/lib -F /Users/hem/Library/Developer/Xcode/DerivedData/FocusBlox-fshkgwtdrowrvdgcqrhjhqvttdao/Build/Products/Debug-iphonesimulator -F /Applications/Xcode.app/Contents/Developer/Platforms/iPhoneSimulator.platform/Developer/Library/Frameworks -F /Applications/Xcode.app/Contents/Developer/Platforms/iPhoneSimulator.platform/Developer/SDKs/iPhoneSimulator26.2.sdk/Developer/Library/Frameworks -no-color-diagnostics -Xcc -fno-color-diagnostics -enable-testing -g -debug-info-format\=dwarf -dwarf-version\=5 -module-cache-path /Users/hem/Library/Developer/Xcode/DerivedData/FocusBlox-fshkgwtdrowrvdgcqrhjhqvttdao/Build/Intermediates.noindex/SwiftExplicitPrecompiledModules -profile-generate -profile-coverage-mapping -swift-version 6 -enforce-exclusivity\=checked -Onone -D DEBUG -serialize-debugging-options -const-gather-protocols-file /Users/hem/Library/Developer/Xcode/DerivedData/FocusBlox-fshkgwtdrowrvdgcqrhjhqvttdao/Build/Intermediates.noindex/FocusBlox.build/Debug-iphonesimulator/FocusBloxTests.build/Objects-normal/arm64/FocusBloxTests_const_extract_protocols.json -enable-experimental-feature DebugDescriptionMacro -empty-abi-descriptor -validate-clang-modules-once -clang-build-session-file /Users/hem/Library/Developer/Xcode/DerivedData/ModuleCache.noindex/Session.modulevalidation -Xcc -working-directory -Xcc /Users/hem/Developer/my-daily-sprints -enable-anonymous-context-mangled-names -file-compilation-dir /Users/hem/Developer/my-daily-sprints -Xcc -D_LIBCPP_HARDENING_MODE\=_LIBCPP_HARDENING_MODE_DEBUG -Xcc -ivfsstatcache -Xcc /Users/hem/Library/Developer/Xcode/DerivedData/SDKStatCaches.noindex/iphonesimulator26.2-23C53-7d00a8b37fbd7999ea79df8ebc024bf0.sdkstatcache -Xcc -I/Users/hem/Library/Developer/Xcode/DerivedData/FocusBlox-fshkgwtdrowrvdgcqrhjhqvttdao/Build/Intermediates.noindex/FocusBlox.build/Debug-iphonesimulator/FocusBloxTests.build/swift-overrides.hmap -Xcc -iquote -Xcc /Users/hem/Library/Developer/Xcode/DerivedData/FocusBlox-fshkgwtdrowrvdgcqrhjhqvttdao/Build/Intermediates.noindex/FocusBlox.build/Debug-iphonesimulator/FocusBloxTests.build/FocusBloxTests-generated-files.hmap -Xcc -I/Users/hem/Library/Developer/Xcode/DerivedData/FocusBlox-fshkgwtdrowrvdgcqrhjhqvttdao/Build/Intermediates.noindex/FocusBlox.build/Debug-iphonesimulator/FocusBloxTests.build/FocusBloxTests-own-target-headers.hmap -Xcc -I/Users/hem/Library/Developer/Xcode/DerivedData/FocusBlox-fshkgwtdrowrvdgcqrhjhqvttdao/Build/Intermediates.noindex/FocusBlox.build/Debug-iphonesimulator/FocusBloxTests.build/FocusBloxTests-all-target-headers.hmap -Xcc -iquote -Xcc /Users/hem/Library/Developer/Xcode/DerivedData/FocusBlox-fshkgwtdrowrvdgcqrhjhqvttdao/Build/Intermediates.noindex/FocusBlox.build/Debug-iphonesimulator/FocusBloxTests.build/FocusBloxTests-project-headers.hmap -Xcc -I/Users/hem/Library/Developer/Xcode/DerivedData/FocusBlox-fshkgwtdrowrvdgcqrhjhqvttdao/Build/Products/Debug-iphonesimulator/include -Xcc -I/Users/hem/Library/Developer/Xcode/DerivedData/FocusBlox-fshkgwtdrowrvdgcqrhjhqvttdao/Build/Intermediates.noindex/FocusBlox.build/Debug-iphonesimulator/FocusBloxTests.build/DerivedSources-normal/arm64 -Xcc -I/Users/hem/Library/Developer/Xcode/DerivedData/FocusBlox-fshkgwtdrowrvdgcqrhjhqvttdao/Build/Intermediates.noindex/FocusBlox.build/Debug-iphonesimulator/FocusBloxTests.build/DerivedSources/arm64 -Xcc -I/Users/hem/Library/Developer/Xcode/DerivedData/FocusBlox-fshkgwtdrowrvdgcqrhjhqvttdao/Build/Intermediates.noindex/FocusBlox.build/Debug-iphonesimulator/FocusBloxTests.build/DerivedSources -Xcc -DDEBUG\=1 -no-auto-bridging-header-chaining -module-name FocusBloxTests -frontend-parseable-output -disable-clang-spi -target-sdk-version 26.2 -target-sdk-name iphonesimulator26.2 -clang-target arm64-apple-ios26.2-simulator -in-process-plugin-server-path /Applications/Xcode.app/Contents/Developer/Toolchains/XcodeDefault.xctoolchain/usr/lib/swift/host/libSwiftInProcPluginServer.dylib -o /Users/hem/Library/Developer/Xcode/DerivedData/FocusBlox-fshkgwtdrowrvdgcqrhjhqvttdao/Build/Intermediates.noindex/FocusBlox.build/Debug-iphonesimulator/FocusBloxTests.build/Objects-normal/arm64/SourceURLTests.o -index-unit-output-path /FocusBlox.build/Debug-iphonesimulator/FocusBloxTests.build/Objects-normal/arm64/SourceURLTests.o -index-store-path /Users/hem/Library/Developer/Xcode/DerivedData/FocusBlox-fshkgwtdrowrvdgcqrhjhqvttdao/Index.noindex/DataStore -index-system-modules
SwiftEmitModule normal arm64 Emitting\ module\ for\ FocusBloxTests (in target 'FocusBloxTests' from project 'FocusBlox')
EmitSwiftModule normal arm64 (in target 'FocusBloxTests' from project 'FocusBlox')
    cd /Users/hem/Developer/my-daily-sprints
    

note: Run script build phase 'Inject Git Hash' will be run during every build because the option to run the script phase "Based on dependency analysis" is unchecked. (in target 'FocusBlox' from project 'FocusBlox')

Test session results, code coverage, and logs:
	/Users/hem/Library/Developer/Xcode/DerivedData/FocusBlox-fshkgwtdrowrvdgcqrhjhqvttdao/Logs/Test/Test-FocusBlox-2026.03.02_10-01-03-+0100.xcresult

Testing failed:
	Value of type 'LocalTask' has no member 'sourceURL'
	Value of type 'LocalTask' has no member 'sourceURL'
	Value of type 'LocalTask' has no member 'sourceURL'
	Value of type 'LocalTask' has no member 'sourceURL'
	Value of type 'LocalTask' has no member 'sourceURL'
	Testing cancelled because the build failed.

** TEST FAILED **


The following build commands failed:
	SwiftCompile normal arm64 /Users/hem/Developer/my-daily-sprints/FocusBloxTests/SourceURLTests.swift (in target 'FocusBloxTests' from project 'FocusBlox')
	SwiftCompile normal arm64 Compiling\ SourceURLTests.swift /Users/hem/Developer/my-daily-sprints/FocusBloxTests/SourceURLTests.swift (in target 'FocusBloxTests' from project 'FocusBlox')
	Testing project FocusBlox with scheme FocusBlox
(3 failures)
