Command line invocation:
    /Applications/Xcode.app/Contents/Developer/usr/bin/xcodebuild test -project FocusBlox.xcodeproj -scheme FocusBlox -destination id=6364A54B-5048-4346-899E-FFB67E630D53

ComputePackagePrebuildTargetDependencyGraph

Prepare packages

CreateBuildRequest

SendProjectDescription

CreateBuildOperation

ComputeTargetDependencyGraph
note: Building targets in dependency order
note: Target dependency graph (8 targets)
    Target 'FocusBloxCoreTests' in project 'FocusBlox'
        ➜ Explicit dependency on target 'FocusBloxCore' in project 'FocusBlox'
        ➜ Explicit dependency on target 'FocusBlox' in project 'FocusBlox'
    Target 'FocusBloxUITests' in project 'FocusBlox'
        ➜ Explicit dependency on target 'FocusBlox' in project 'FocusBlox'
    Target 'FocusBloxTests' in project 'FocusBlox'
        ➜ Explicit dependency on target 'FocusBlox' in project 'FocusBlox'
    Target 'FocusBlox' in project 'FocusBlox'
        ➜ Explicit dependency on target 'FocusBloxWidgetsExtension' in project 'FocusBlox'
        ➜ Explicit dependency on target 'FocusBloxCore' in project 'FocusBlox'
        ➜ Explicit dependency on target 'FocusBloxWatch Watch App' in project 'FocusBlox'
        ➜ Explicit dependency on target 'FocusBloxShareExtension' in project 'FocusBlox'
    Target 'FocusBloxShareExtension' in project 'FocusBlox' (no dependencies)
    Target 'FocusBloxWatch Watch App' in project 'FocusBlox' (no dependencies)
    Target 'FocusBloxWidgetsExtension' in project 'FocusBlox'
        ➜ Explicit dependency on target 'FocusBloxCore' in project 'FocusBlox'
    Target 'FocusBloxCore' in project 'FocusBlox' (no dependencies)

GatherProvisioningInputs

CreateBuildDescription

ExecuteExternalTool /Applications/Xcode.app/Contents/Developer/Toolchains/XcodeDefault.xctoolchain/usr/bin/clang -v -E -dM -arch arm64 -isysroot /Applications/Xcode.app/Contents/Developer/Platforms/iPhoneSimulator.platform/Developer/SDKs/iPhoneSimulator26.2.sdk -x c -c /dev/null

ExecuteExternalTool /Applications/Xcode.app/Contents/Developer/Toolchains/XcodeDefault.xctoolchain/usr/bin/clang -v -E -dM -isysroot /Applications/Xcode.app/Contents/Developer/Platforms/iPhoneSimulator.platform/Developer/SDKs/iPhoneSimulator26.2.sdk -x c -c /dev/null

ExecuteExternalTool /Applications/Xcode.app/Contents/Developer/usr/bin/actool --version --output-format xml1

ExecuteExternalTool /Applications/Xcode.app/Contents/Developer/usr/bin/ibtool --version --output-format xml1

ExecuteExternalTool /Applications/Xcode.app/Contents/Developer/usr/bin/actool --print-asset-tag-combinations --output-format xml1 /Users/hem/Developer/my-daily-sprints/FocusBloxWatch Watch App/Assets.xcassets

ExecuteExternalTool /Applications/Xcode.app/Contents/Developer/Toolchains/XcodeDefault.xctoolchain/usr/bin/swiftc --version

ExecuteExternalTool /Applications/Xcode.app/Contents/Developer/usr/bin/actool --print-asset-tag-combinations --output-format xml1 /Users/hem/Developer/my-daily-sprints/Resources/Assets.xcassets

ExecuteExternalTool /Applications/Xcode.app/Contents/Developer/Toolchains/XcodeDefault.xctoolchain/usr/bin/clang -v -E -dM -isysroot /Applications/Xcode.app/Contents/Developer/Platforms/WatchSimulator.platform/Developer/SDKs/WatchSimulator26.2.sdk -x c -c /dev/null

ExecuteExternalTool /Applications/Xcode.app/Contents/Developer/Toolchains/XcodeDefault.xctoolchain/usr/bin/ld -version_details

ReadFileContents /Applications/Xcode.app/Contents/Developer/Toolchains/XcodeDefault.xctoolchain/usr/share/docc/features.json

Build description signature: 5229a3f9a639a02321a6d63e55a6130f
Build description path: /Users/hem/Library/Developer/Xcode/DerivedData/FocusBlox-fshkgwtdrowrvdgcqrhjhqvttdao/Build/Intermediates.noindex/XCBuildData/5229a3f9a639a02321a6d63e55a6130f.xcbuilddata
ClangStatCache /Applications/Xcode.app/Contents/Developer/Toolchains/XcodeDefault.xctoolchain/usr/bin/clang-stat-cache /Applications/Xcode.app/Contents/Developer/Platforms/iPhoneSimulator.platform/Developer/SDKs/iPhoneSimulator26.2.sdk /Users/hem/Library/Developer/Xcode/DerivedData/SDKStatCaches.noindex/iphonesimulator26.2-23C53-7d00a8b37fbd7999ea79df8ebc024bf0.sdkstatcache
    cd /Users/hem/Developer/my-daily-sprints/FocusBlox.xcodeproj
    /Applications/Xcode.app/Contents/Developer/Toolchains/XcodeDefault.xctoolchain/usr/bin/clang-stat-cache /Applications/Xcode.app/Contents/Developer/Platforms/iPhoneSimulator.platform/Developer/SDKs/iPhoneSimulator26.2.sdk -o /Users/hem/Library/Developer/Xcode/DerivedData/SDKStatCaches.noindex/iphonesimulator26.2-23C53-7d00a8b37fbd7999ea79df8ebc024bf0.sdkstatcache

ClangStatCache /Applications/Xcode.app/Contents/Developer/Toolchains/XcodeDefault.xctoolchain/usr/bin/clang-stat-cache /Applications/Xcode.app/Contents/Developer/Platforms/WatchSimulator.platform/Developer/SDKs/WatchSimulator26.2.sdk /Users/hem/Library/Developer/Xcode/DerivedData/SDKStatCaches.noindex/watchsimulator26.2-23S303-963ebdd26732d23a23bcca82c2045e26.sdkstatcache
    cd /Users/hem/Developer/my-daily-sprints/FocusBlox.xcodeproj
    /Applications/Xcode.app/Contents/Developer/Toolchains/XcodeDefault.xctoolchain/usr/bin/clang-stat-cache /Applications/Xcode.app/Contents/Developer/Platforms/WatchSimulator.platform/Developer/SDKs/WatchSimulator26.2.sdk -o /Users/hem/Library/Developer/Xcode/DerivedData/SDKStatCaches.noindex/watchsimulator26.2-23S303-963ebdd26732d23a23bcca82c2045e26.sdkstatcache

ProcessInfoPlistFile /Users/hem/Library/Developer/Xcode/DerivedData/FocusBlox-fshkgwtdrowrvdgcqrhjhqvttdao/Build/Products/Debug-iphonesimulator/FocusBloxShareExtension.appex/Info.plist /Users/hem/Developer/my-daily-sprints/FocusBloxShareExtension/Info.plist (in target 'FocusBloxShareExtension' from project 'FocusBlox')
    cd /Users/hem/Developer/my-daily-sprints
    builtin-infoPlistUtility /Users/hem/Developer/my-daily-sprints/FocusBloxShareExtension/Info.plist -producttype com.apple.product-type.app-extension -expandbuildsettings -format binary -platform iphonesimulator -additionalcontentfile /Users/hem/Library/Developer/Xcode/DerivedData/FocusBlox-fshkgwtdrowrvdgcqrhjhqvttdao/Build/Intermediates.noindex/FocusBlox.build/Debug-iphonesimulator/FocusBloxShareExtension.build/Base.lproj/MainInterface-SBPartialInfo.plist -o /Users/hem/Library/Developer/Xcode/DerivedData/FocusBlox-fshkgwtdrowrvdgcqrhjhqvttdao/Build/Products/Debug-iphonesimulator/FocusBloxShareExtension.appex/Info.plist

ProcessInfoPlistFile /Users/hem/Library/Developer/Xcode/DerivedData/FocusBlox-fshkgwtdrowrvdgcqrhjhqvttdao/Build/Products/Debug-iphonesimulator/FocusBloxCore.framework/Info.plist /Users/hem/Library/Developer/Xcode/DerivedData/FocusBlox-fshkgwtdrowrvdgcqrhjhqvttdao/Build/Intermediates.noindex/FocusBlox.build/Debug-iphonesimulator/FocusBloxCore.build/empty-FocusBloxCore.plist (in target 'FocusBloxCore' from project 'FocusBlox')
    cd /Users/hem/Developer/my-daily-sprints
    builtin-infoPlistUtility /Users/hem/Library/Developer/Xcode/DerivedData/FocusBlox-fshkgwtdrowrvdgcqrhjhqvttdao/Build/Intermediates.noindex/FocusBlox.build/Debug-iphonesimulator/FocusBloxCore.build/empty-FocusBloxCore.plist -producttype com.apple.product-type.framework -expandbuildsettings -format binary -platform iphonesimulator -o /Users/hem/Library/Developer/Xcode/DerivedData/FocusBlox-fshkgwtdrowrvdgcqrhjhqvttdao/Build/Products/Debug-iphonesimulator/FocusBloxCore.framework/Info.plist

ProcessInfoPlistFile /Users/hem/Library/Developer/Xcode/DerivedData/FocusBlox-fshkgwtdrowrvdgcqrhjhqvttdao/Build/Products/Debug-watchsimulator/FocusBloxWatch\ Watch\ App.app/Info.plist /Users/hem/Library/Developer/Xcode/DerivedData/FocusBlox-fshkgwtdrowrvdgcqrhjhqvttdao/Build/Intermediates.noindex/FocusBlox.build/Debug-watchsimulator/FocusBloxWatch\ Watch\ App.build/empty-FocusBloxWatch\ Watch\ App.plist (in target 'FocusBloxWatch Watch App' from project 'FocusBlox')
    cd /Users/hem/Developer/my-daily-sprints
    builtin-infoPlistUtility /Users/hem/Library/Developer/Xcode/DerivedData/FocusBlox-fshkgwtdrowrvdgcqrhjhqvttdao/Build/Intermediates.noindex/FocusBlox.build/Debug-watchsimulator/FocusBloxWatch\ Watch\ App.build/empty-FocusBloxWatch\ Watch\ App.plist -producttype com.apple.product-type.application -genpkginfo /Users/hem/Library/Developer/Xcode/DerivedData/FocusBlox-fshkgwtdrowrvdgcqrhjhqvttdao/Build/Products/Debug-watchsimulator/FocusBloxWatch\ Watch\ App.app/PkgInfo -expandbuildsettings -format binary -platform watchsimulator -additionalcontentfile /Users/hem/Library/Developer/Xcode/DerivedData/FocusBlox-fshkgwtdrowrvdgcqrhjhqvttdao/Build/Intermediates.noindex/FocusBlox.build/Debug-watchsimulator/FocusBloxWatch\ Watch\ App.build/assetcatalog_generated_info.plist -o /Users/hem/Library/Developer/Xcode/DerivedData/FocusBlox-fshkgwtdrowrvdgcqrhjhqvttdao/Build/Products/Debug-watchsimulator/FocusBloxWatch\ Watch\ App.app/Info.plist

ProcessInfoPlistFile /Users/hem/Library/Developer/Xcode/DerivedData/FocusBlox-fshkgwtdrowrvdgcqrhjhqvttdao/Build/Products/Debug-iphonesimulator/FocusBloxWidgetsExtension.appex/Info.plist /Users/hem/Developer/my-daily-sprints/FocusBloxWidgets/Info.plist (in target 'FocusBloxWidgetsExtension' from project 'FocusBlox')
    cd /Users/hem/Developer/my-daily-sprints
    builtin-infoPlistUtility /Users/hem/Developer/my-daily-sprints/FocusBloxWidgets/Info.plist -producttype com.apple.product-type.app-extension -expandbuildsettings -format binary -platform iphonesimulator -additionalcontentfile /Users/hem/Library/Developer/Xcode/DerivedData/FocusBlox-fshkgwtdrowrvdgcqrhjhqvttdao/Build/Intermediates.noindex/FocusBlox.build/Debug-iphonesimulator/FocusBloxWidgetsExtension.build/assetcatalog_generated_info.plist -o /Users/hem/Library/Developer/Xcode/DerivedData/FocusBlox-fshkgwtdrowrvdgcqrhjhqvttdao/Build/Products/Debug-iphonesimulator/FocusBloxWidgetsExtension.appex/Info.plist

CopySwiftLibs /Users/hem/Library/Developer/Xcode/DerivedData/FocusBlox-fshkgwtdrowrvdgcqrhjhqvttdao/Build/Products/Debug-watchsimulator/FocusBloxWatch\ Watch\ App.app (in target 'FocusBloxWatch Watch App' from project 'FocusBlox')
    cd /Users/hem/Developer/my-daily-sprints
    builtin-swiftStdLibTool --copy --verbose --sign - --scan-executable /Users/hem/Library/Developer/Xcode/DerivedData/FocusBlox-fshkgwtdrowrvdgcqrhjhqvttdao/Build/Products/Debug-watchsimulator/FocusBloxWatch\ Watch\ App.app/FocusBloxWatch\ Watch\ App.debug.dylib --scan-folder /Users/hem/Library/Developer/Xcode/DerivedData/FocusBlox-fshkgwtdrowrvdgcqrhjhqvttdao/Build/Products/Debug-watchsimulator/FocusBloxWatch\ Watch\ App.app/Frameworks --scan-folder /Users/hem/Library/Developer/Xcode/DerivedData/FocusBlox-fshkgwtdrowrvdgcqrhjhqvttdao/Build/Products/Debug-watchsimulator/FocusBloxWatch\ Watch\ App.app/PlugIns --scan-folder /Users/hem/Library/Developer/Xcode/DerivedData/FocusBlox-fshkgwtdrowrvdgcqrhjhqvttdao/Build/Products/Debug-watchsimulator/FocusBloxWatch\ Watch\ App.app/SystemExtensions --scan-folder /Users/hem/Library/Developer/Xcode/DerivedData/FocusBlox-fshkgwtdrowrvdgcqrhjhqvttdao/Build/Products/Debug-watchsimulator/FocusBloxWatch\ Watch\ App.app/Extensions --platform watchsimulator --toolchain /Applications/Xcode.app/Contents/Developer/Toolchains/XcodeDefault.xctoolchain --destination /Users/hem/Library/Developer/Xcode/DerivedData/FocusBlox-fshkgwtdrowrvdgcqrhjhqvttdao/Build/Products/Debug-watchsimulator/FocusBloxWatch\ Watch\ App.app/Frameworks --strip-bitcode --strip-bitcode-tool /Applications/Xcode.app/Contents/Developer/Toolchains/XcodeDefault.xctoolchain/usr/bin/bitcode_strip --emit-dependency-info /Users/hem/Library/Developer/Xcode/DerivedData/FocusBlox-fshkgwtdrowrvdgcqrhjhqvttdao/Build/Intermediates.noindex/FocusBlox.build/Debug-watchsimulator/FocusBloxWatch\ Watch\ App.build/SwiftStdLibToolInputDependencies.dep --filter-for-swift-os

note: Run script build phase 'Inject Git Hash' will be run during every build because the option to run the script phase "Based on dependency analysis" is unchecked. (in target 'FocusBlox' from project 'FocusBlox')
PhaseScriptExecution Inject\ Git\ Hash /Users/hem/Library/Developer/Xcode/DerivedData/FocusBlox-fshkgwtdrowrvdgcqrhjhqvttdao/Build/Intermediates.noindex/FocusBlox.build/Debug-iphonesimulator/FocusBlox.build/Script-C00FB7D86EE9DC863ED5D786.sh (in target 'FocusBlox' from project 'FocusBlox')
    cd /Users/hem/Developer/my-daily-sprints
    export ACTION\=build
    export AD_HOC_CODE_SIGNING_ALLOWED\=YES
    export AGGREGATE_TRACKED_DOMAINS\=YES
    export ALLOW_BUILD_REQUEST_OVERRIDES\=NO
    export ALLOW_TARGET_PLATFORM_SPECIALIZATION\=NO
    export ALTERNATE_GROUP\=staff
    export ALTERNATE_MODE\=u+w,go-w,a+rX
    export ALTERNATE_OWNER\=hem
    export ALTERNATIVE_DISTRIBUTION_WEB\=NO
    export ALWAYS_EMBED_SWIFT_STANDARD_LIBRARIES\=NO
    export ALWAYS_SEARCH_USER_PATHS\=NO
    export ALWAYS_USE_SEPARATE_HEADERMAPS\=NO
    export APPLICATION_EXTENSION_API_ONLY\=NO
    export APPLY_RULES_IN_COPY_FILES\=NO
    export APPLY_RULES_IN_COPY_HEADERS\=NO
    export APP_SHORTCUTS_ENABLE_FLEXIBLE_MATCHING\=YES
    export ARCHS\=arm64
    export ARCHS_STANDARD\=arm64\ x86_64
    export ARCHS_STANDARD_32_64_BIT\=arm64\ x86_64
    export ARCHS_STANDARD_64_BIT\=arm64\ x86_64
    export ARCHS_STANDARD_INCLUDING_64_BIT\=arm64\ x86_64
    export ARCHS_UNIVERSAL_IPHONE_OS\=arm64\ x86_64
    export ASSETCATALOG_COMPILER_APPICON_NAME\=AppIcon
    export ASSETCATALOG_FILTER_FOR_DEVICE_MODEL\=iPhone18,1
    export ASSETCATALOG_FILTER_FOR_DEVICE_OS_VERSION\=26.2
    export ASSETCATALOG_FILTER_FOR_THINNING_DEVICE_CONFIGURATION\=iPhone18,1
    export AUTOMATICALLY_MERGE_DEPENDENCIES\=NO
    export AUTOMATION_APPLE_EVENTS\=NO
    export AVAILABLE_PLATFORMS\=android\ appletvos\ appletvsimulator\ driverkit\ iphoneos\ iphonesimulator\ macosx\ qnx\ watchos\ watchsimulator\ webassembly\ xros\ xrsimulator
    export AppIdentifierPrefix\=XK87E2B3VR.
    export BUILD_ACTIVE_RESOURCES_ONLY\=YES
    export BUILD_COMPONENTS\=headers\ build
    export BUILD_DIR\=/Users/hem/Library/Developer/Xcode/DerivedData/FocusBlox-fshkgwtdrowrvdgcqrhjhqvttdao/Build/Products
    export BUILD_LIBRARY_FOR_DISTRIBUTION\=NO
    export BUILD_ROOT\=/Users/hem/Library/Developer/Xcode/DerivedData/FocusBlox-fshkgwtdrowrvdgcqrhjhqvttdao/Build/Products
    export BUILD_STYLE\=
    export BUILD_VARIANTS\=normal
    export BUILT_PRODUCTS_DIR\=/Users/hem/Library/Developer/Xcode/DerivedData/FocusBlox-fshkgwtdrowrvdgcqrhjhqvttdao/Build/Products/Debug-iphonesimulator
    export BUNDLE_CONTENTS_FOLDER_PATH_deep\=Contents/
    export BUNDLE_EXECUTABLE_FOLDER_NAME_deep\=MacOS
    export BUNDLE_EXTENSIONS_FOLDER_PATH\=Extensions
    export BUNDLE_FORMAT\=shallow
    export BUNDLE_FRAMEWORKS_FOLDER_PATH\=Frameworks
    export BUNDLE_PLUGINS_FOLDER_PATH\=PlugIns
    export BUNDLE_PRIVATE_HEADERS_FOLDER_PATH\=PrivateHeaders
    export BUNDLE_PUBLIC_HEADERS_FOLDER_PATH\=Headers
    export CACHE_ROOT\=/var/folders/dk/p4qd3_xx6ls6_xybmqzfgs1h0000gn/C/com.apple.DeveloperTools/26.2-17C52/Xcode
    export CCHROOT\=/var/folders/dk/p4qd3_xx6ls6_xybmqzfgs1h0000gn/C/com.apple.DeveloperTools/26.2-17C52/Xcode
    export CHMOD\=/bin/chmod
    export CHOWN\=/usr/sbin/chown
    export CLANG_ANALYZER_NONNULL\=YES
    export CLANG_ANALYZER_NUMBER_OBJECT_CONVERSION\=YES_AGGRESSIVE
    export CLANG_CACHE_FINE_GRAINED_OUTPUTS\=YES
    export CLANG_COVERAGE_MAPPING\=YES
    export CLANG_CXX_LANGUAGE_STANDARD\=gnu++14
    export CLANG_CXX_LIBRARY\=libc++
    export CLANG_ENABLE_EXPLICIT_MODULES\=YES
    export CLANG_ENABLE_MODULES\=YES
    export CLANG_ENABLE_OBJC_ARC\=YES
    export CLANG_ENABLE_OBJC_WEAK\=YES
    export CLANG_MODULES_BUILD_SESSION_FILE\=/Users/hem/Library/Developer/Xcode/DerivedData/ModuleCache.noindex/Session.modulevalidation
    export CLANG_PROFILE_DATA_DIRECTORY\=/Users/hem/Library/Developer/Xcode/DerivedData/FocusBlox-fshkgwtdrowrvdgcqrhjhqvttdao/Build/ProfileData
    export CLANG_WARN_BLOCK_CAPTURE_AUTORELEASING\=YES
    export CLANG_WARN_BOOL_CONVERSION\=YES
    export CLANG_WARN_COMMA\=YES
    export CLANG_WARN_CONSTANT_CONVERSION\=YES
    export CLANG_WARN_DEPRECATED_OBJC_IMPLEMENTATIONS\=YES
    export CLANG_WARN_DIRECT_OBJC_ISA_USAGE\=YES_ERROR
    export CLANG_WARN_DOCUMENTATION_COMMENTS\=YES
    export CLANG_WARN_EMPTY_BODY\=YES
    export CLANG_WARN_ENUM_CONVERSION\=YES
    export CLANG_WARN_INFINITE_RECURSION\=YES
    export CLANG_WARN_INT_CONVERSION\=YES
    export CLANG_WARN_NON_LITERAL_NULL_CONVERSION\=YES
    export CLANG_WARN_OBJC_IMPLICIT_RETAIN_SELF\=YES
    export CLANG_WARN_OBJC_LITERAL_CONVERSION\=YES
    export CLANG_WARN_OBJC_ROOT_CLASS\=YES_ERROR
    export CLANG_WARN_QUOTED_INCLUDE_IN_FRAMEWORK_HEADER\=YES
    export CLANG_WARN_RANGE_LOOP_ANALYSIS\=YES
    export CLANG_WARN_STRICT_PROTOTYPES\=YES
    export CLANG_WARN_SUSPICIOUS_MOVE\=YES
    export CLANG_WARN_UNGUARDED_AVAILABILITY\=YES_AGGRESSIVE
    export CLANG_WARN_UNREACHABLE_CODE\=YES
    export CLANG_WARN__DUPLICATE_METHOD_MATCH\=YES
    export CLASS_FILE_DIR\=/Users/hem/Library/Developer/Xcode/DerivedData/FocusBlox-fshkgwtdrowrvdgcqrhjhqvttdao/Build/Intermediates.noindex/FocusBlox.build/Debug-iphonesimulator/FocusBlox.build/JavaClasses
    export CLEAN_PRECOMPS\=YES
    export CLONE_HEADERS\=NO
    export CODESIGNING_FOLDER_PATH\=/Users/hem/Library/Developer/Xcode/DerivedData/FocusBlox-fshkgwtdrowrvdgcqrhjhqvttdao/Build/Products/Debug-iphonesimulator/FocusBlox.app
    export CODE_SIGNING_ALLOWED\=YES
    export CODE_SIGNING_REQUIRED\=YES
    export CODE_SIGN_CONTEXT_CLASS\=XCiPhoneSimulatorCodeSignContext
    export CODE_SIGN_ENTITLEMENTS\=Resources/FocusBlox.entitlements
    export CODE_SIGN_IDENTITY\=iPhone\ Developer
    export CODE_SIGN_INJECT_BASE_ENTITLEMENTS\=YES
    export COLOR_DIAGNOSTICS\=NO
    export COMBINE_HIDPI_IMAGES\=NO
    export COMPILATION_CACHE_CAS_PATH\=/Users/hem/Library/Developer/Xcode/DerivedData/CompilationCache.noindex
    export COMPILATION_CACHE_KEEP_CAS_DIRECTORY\=YES
    export COMPILER_INDEX_STORE_ENABLE\=Default
    export COMPOSITE_SDK_DIRS\=/Users/hem/Library/Developer/Xcode/DerivedData/FocusBlox-fshkgwtdrowrvdgcqrhjhqvttdao/Build/Intermediates.noindex/CompositeSDKs
    export COMPRESS_PNG_FILES\=YES
    export CONFIGURATION\=Debug
    export CONFIGURATION_BUILD_DIR\=/Users/hem/Library/Developer/Xcode/DerivedData/FocusBlox-fshkgwtdrowrvdgcqrhjhqvttdao/Build/Products/Debug-iphonesimulator
    export CONFIGURATION_TEMP_DIR\=/Users/hem/Library/Developer/Xcode/DerivedData/FocusBlox-fshkgwtdrowrvdgcqrhjhqvttdao/Build/Intermediates.noindex/FocusBlox.build/Debug-iphonesimulator
    export CONTENTS_FOLDER_PATH\=FocusBlox.app
    export CONTENTS_FOLDER_PATH_SHALLOW_BUNDLE_NO\=FocusBlox.app/Contents
    export CONTENTS_FOLDER_PATH_SHALLOW_BUNDLE_YES\=FocusBlox.app
    export COPYING_PRESERVES_HFS_DATA\=NO
    export COPY_HEADERS_RUN_UNIFDEF\=NO
    export COPY_PHASE_STRIP\=NO
    export CORRESPONDING_DEVICE_PLATFORM_DIR\=/Applications/Xcode.app/Contents/Developer/Platforms/iPhoneOS.platform
    export CORRESPONDING_DEVICE_PLATFORM_NAME\=iphoneos
    export CORRESPONDING_DEVICE_SDK_DIR\=/Applications/Xcode.app/Contents/Developer/Platforms/iPhoneOS.platform/Developer/SDKs/iPhoneOS26.2.sdk
    export CORRESPONDING_DEVICE_SDK_NAME\=iphoneos26.2
    export CP\=/bin/cp
    export CREATE_INFOPLIST_SECTION_IN_BINARY\=NO
    export CURRENT_ARCH\=undefined_arch
    export CURRENT_PROJECT_VERSION\=1
    export CURRENT_VARIANT\=normal
    export DEAD_CODE_STRIPPING\=YES
    export DEBUGGING_SYMBOLS\=YES
    export DEBUG_INFORMATION_FORMAT\=dwarf
    export DEBUG_INFORMATION_VERSION\=compiler-default
    export DEFAULT_COMPILER\=com.apple.compilers.llvm.clang.1_0
    export DEFAULT_DEXT_INSTALL_PATH\=/System/Library/DriverExtensions
    export DEFAULT_KEXT_INSTALL_PATH\=/System/Library/Extensions
    export DEFINES_MODULE\=NO
    export DEPLOYMENT_LOCATION\=NO
    export DEPLOYMENT_POSTPROCESSING\=NO
    export DEPLOYMENT_TARGET_SETTING_NAME\=IPHONEOS_DEPLOYMENT_TARGET
    export DEPLOYMENT_TARGET_SUGGESTED_VALUES\=12.0\ 12.1\ 12.2\ 12.3\ 12.4\ 13.0\ 13.1\ 13.2\ 13.3\ 13.4\ 13.5\ 13.6\ 14.0\ 14.1\ 14.2\ 14.3\ 14.4\ 14.5\ 14.6\ 14.7\ 15.0\ 15.1\ 15.2\ 15.3\ 15.4\ 15.5\ 15.6\ 16.0\ 16.1\ 16.2\ 16.3\ 16.4\ 16.5\ 16.6\ 17.0\ 17.1\ 17.2\ 17.3\ 17.4\ 17.5\ 17.6\ 18.0\ 18.1\ 18.2\ 18.3\ 18.4\ 18.5\ 18.6\ 26.0\ 26.1\ 26.2
    export DERIVED_FILES_DIR\=/Users/hem/Library/Developer/Xcode/DerivedData/FocusBlox-fshkgwtdrowrvdgcqrhjhqvttdao/Build/Intermediates.noindex/FocusBlox.build/Debug-iphonesimulator/FocusBlox.build/DerivedSources
    export DERIVED_FILE_DIR\=/Users/hem/Library/Developer/Xcode/DerivedData/FocusBlox-fshkgwtdrowrvdgcqrhjhqvttdao/Build/Intermediates.noindex/FocusBlox.build/Debug-iphonesimulator/FocusBlox.build/DerivedSources
    export DERIVED_SOURCES_DIR\=/Users/hem/Library/Developer/Xcode/DerivedData/FocusBlox-fshkgwtdrowrvdgcqrhjhqvttdao/Build/Intermediates.noindex/FocusBlox.build/Debug-iphonesimulator/FocusBlox.build/DerivedSources
    export DEVELOPER_APPLICATIONS_DIR\=/Applications/Xcode.app/Contents/Developer/Applications
    export DEVELOPER_BIN_DIR\=/Applications/Xcode.app/Contents/Developer/usr/bin
    export DEVELOPER_DIR\=/Applications/Xcode.app/Contents/Developer
    export DEVELOPER_FRAMEWORKS_DIR\=/Applications/Xcode.app/Contents/Developer/Library/Frameworks
    export DEVELOPER_FRAMEWORKS_DIR_QUOTED\=/Applications/Xcode.app/Contents/Developer/Library/Frameworks
    export DEVELOPER_LIBRARY_DIR\=/Applications/Xcode.app/Contents/Developer/Library
    export DEVELOPER_SDK_DIR\=/Applications/Xcode.app/Contents/Developer/Platforms/MacOSX.platform/Developer/SDKs
    export DEVELOPER_TOOLS_DIR\=/Applications/Xcode.app/Contents/Developer/Tools
    export DEVELOPER_USR_DIR\=/Applications/Xcode.app/Contents/Developer/usr
    export DEVELOPMENT_LANGUAGE\=en
    export DEVELOPMENT_TEAM\=XK87E2B3VR
    export DIAGNOSE_MISSING_TARGET_DEPENDENCIES\=YES
    export DIFF\=/usr/bin/diff
    export DOCUMENTATION_FOLDER_PATH\=FocusBlox.app/en.lproj/Documentation
    export DONT_GENERATE_INFOPLIST_FILE\=NO
    export DSTROOT\=/tmp/FocusBlox.dst
    export DT_TOOLCHAIN_DIR\=/Applications/Xcode.app/Contents/Developer/Toolchains/XcodeDefault.xctoolchain
    export DWARF_DSYM_FILE_NAME\=FocusBlox.app.dSYM
    export DWARF_DSYM_FILE_SHOULD_ACCOMPANY_PRODUCT\=NO
    export DWARF_DSYM_FOLDER_PATH\=/Users/hem/Library/Developer/Xcode/DerivedData/FocusBlox-fshkgwtdrowrvdgcqrhjhqvttdao/Build/Products/Debug-iphonesimulator
    export DYNAMIC_LIBRARY_EXTENSION\=dylib
    export EAGER_COMPILATION_ALLOW_SCRIPTS\=NO
    export EAGER_LINKING\=NO
    export EFFECTIVE_PLATFORM_NAME\=-iphonesimulator
    export EMBEDDED_CONTENT_CONTAINS_SWIFT\=NO
    export EMBED_ASSET_PACKS_IN_PRODUCT_BUNDLE\=NO
    export ENABLE_APP_SANDBOX\=NO
    export ENABLE_CODE_COVERAGE\=YES
    export ENABLE_CPLUSPLUS_BOUNDS_SAFE_BUFFERS\=NO
    export ENABLE_C_BOUNDS_SAFETY\=NO
    export ENABLE_DEBUG_DYLIB\=YES
    export ENABLE_DEFAULT_HEADER_SEARCH_PATHS\=YES
    export ENABLE_DEFAULT_SEARCH_PATHS\=YES
    export ENABLE_ENHANCED_SECURITY\=NO
    export ENABLE_HARDENED_RUNTIME\=NO
    export ENABLE_HEADER_DEPENDENCIES\=YES
    export ENABLE_INCOMING_NETWORK_CONNECTIONS\=NO
    export ENABLE_ON_DEMAND_RESOURCES\=YES
    export ENABLE_OUTGOING_NETWORK_CONNECTIONS\=NO
    export ENABLE_POINTER_AUTHENTICATION\=NO
    export ENABLE_PREVIEWS\=NO
    export ENABLE_RESOURCE_ACCESS_AUDIO_INPUT\=NO
    export ENABLE_RESOURCE_ACCESS_BLUETOOTH\=NO
    export ENABLE_RESOURCE_ACCESS_CALENDARS\=NO
    export ENABLE_RESOURCE_ACCESS_CAMERA\=NO
    export ENABLE_RESOURCE_ACCESS_CONTACTS\=NO
    export ENABLE_RESOURCE_ACCESS_LOCATION\=NO
    export ENABLE_RESOURCE_ACCESS_PHOTO_LIBRARY\=NO
    export ENABLE_RESOURCE_ACCESS_PRINTING\=NO
    export ENABLE_RESOURCE_ACCESS_USB\=NO
    export ENABLE_SDK_IMPORTS\=NO
    export ENABLE_SECURITY_COMPILER_WARNINGS\=NO
    export ENABLE_STRICT_OBJC_MSGSEND\=YES
    export ENABLE_TESTABILITY\=YES
    export ENABLE_TESTING_SEARCH_PATHS\=NO
    export ENABLE_USER_SCRIPT_SANDBOXING\=NO
    export ENABLE_XOJIT_PREVIEWS\=YES
    export ENFORCE_VALID_ARCHS\=YES
    export ENTITLEMENTS_ALLOWED\=NO
    export ENTITLEMENTS_DESTINATION\=__entitlements
    export ENTITLEMENTS_REQUIRED\=NO
    export EXCLUDED_INSTALLSRC_SUBDIRECTORY_PATTERNS\=.DS_Store\ .svn\ .git\ .hg\ CVS
    export EXCLUDED_RECURSIVE_SEARCH_PATH_SUBDIRECTORIES\=\*.nib\ \*.lproj\ \*.framework\ \*.gch\ \*.xcode\*\ \*.xcassets\ \*.icon\ \(\*\)\ .DS_Store\ CVS\ .svn\ .git\ .hg\ \*.pbproj\ \*.pbxproj
    export EXECUTABLES_FOLDER_PATH\=FocusBlox.app/Executables
    export EXECUTABLE_BLANK_INJECTION_DYLIB_PATH\=FocusBlox.app/__preview.dylib
    export EXECUTABLE_DEBUG_DYLIB_INSTALL_NAME\=@rpath/FocusBlox.debug.dylib
    export EXECUTABLE_DEBUG_DYLIB_PATH\=FocusBlox.app/FocusBlox.debug.dylib
    export EXECUTABLE_FOLDER_PATH\=FocusBlox.app
    export EXECUTABLE_FOLDER_PATH_SHALLOW_BUNDLE_NO\=FocusBlox.app/MacOS
    export EXECUTABLE_FOLDER_PATH_SHALLOW_BUNDLE_YES\=FocusBlox.app
    export EXECUTABLE_NAME\=FocusBlox
    export EXECUTABLE_PATH\=FocusBlox.app/FocusBlox
    export EXPANDED_CODE_SIGN_IDENTITY\=-
    export EXPANDED_CODE_SIGN_IDENTITY_NAME\=Sign\ to\ Run\ Locally
    export EXTENSIONS_FOLDER_PATH\=FocusBlox.app/Extensions
    export FILE_LIST\=/Users/hem/Library/Developer/Xcode/DerivedData/FocusBlox-fshkgwtdrowrvdgcqrhjhqvttdao/Build/Intermediates.noindex/FocusBlox.build/Debug-iphonesimulator/FocusBlox.build/Objects/LinkFileList
    export FIXED_FILES_DIR\=/Users/hem/Library/Developer/Xcode/DerivedData/FocusBlox-fshkgwtdrowrvdgcqrhjhqvttdao/Build/Intermediates.noindex/FocusBlox.build/Debug-iphonesimulator/FocusBlox.build/FixedFiles
    export FRAMEWORKS_FOLDER_PATH\=FocusBlox.app/Frameworks
    export FRAMEWORK_FLAG_PREFIX\=-framework
    export FRAMEWORK_SEARCH_PATHS\=/Users/hem/Library/Developer/Xcode/DerivedData/FocusBlox-fshkgwtdrowrvdgcqrhjhqvttdao/Build/Products/Debug-iphonesimulator\ 
    export FRAMEWORK_VERSION\=A
    export FULL_PRODUCT_NAME\=FocusBlox.app
    export FUSE_BUILD_PHASES\=YES
    export FUSE_BUILD_SCRIPT_PHASES\=NO
    export GCC3_VERSION\=3.3
    export GCC_C_LANGUAGE_STANDARD\=gnu11
    export GCC_DYNAMIC_NO_PIC\=NO
    export GCC_INLINES_ARE_PRIVATE_EXTERN\=YES
    export GCC_NO_COMMON_BLOCKS\=YES
    export GCC_OBJC_LEGACY_DISPATCH\=YES
    export GCC_OPTIMIZATION_LEVEL\=0
    export GCC_PFE_FILE_C_DIALECTS\=c\ objective-c\ c++\ objective-c++
    export GCC_PREPROCESSOR_DEFINITIONS\=\ DEBUG\=1
    export GCC_SYMBOLS_PRIVATE_EXTERN\=NO
    export GCC_TREAT_WARNINGS_AS_ERRORS\=NO
    export GCC_VERSION\=com.apple.compilers.llvm.clang.1_0
    export GCC_VERSION_IDENTIFIER\=com_apple_compilers_llvm_clang_1_0
    export GCC_WARN_64_TO_32_BIT_CONVERSION\=YES
    export GCC_WARN_ABOUT_RETURN_TYPE\=YES_ERROR
    export GCC_WARN_UNDECLARED_SELECTOR\=YES
    export GCC_WARN_UNINITIALIZED_AUTOS\=YES_AGGRESSIVE
    export GCC_WARN_UNUSED_FUNCTION\=YES
    export GCC_WARN_UNUSED_VARIABLE\=YES
    export GENERATED_MODULEMAP_DIR\=/Users/hem/Library/Developer/Xcode/DerivedData/FocusBlox-fshkgwtdrowrvdgcqrhjhqvttdao/Build/Intermediates.noindex/GeneratedModuleMaps-iphonesimulator
    export GENERATE_INFOPLIST_FILE\=NO
    export GENERATE_INTERMEDIATE_TEXT_BASED_STUBS\=YES
    export GENERATE_PKGINFO_FILE\=YES
    export GENERATE_PRELINK_OBJECT_FILE\=NO
    export GENERATE_PROFILING_CODE\=NO
    export GENERATE_TEXT_BASED_STUBS\=NO
    export GID\=20
    export GROUP\=staff
    export HEADERMAP_INCLUDES_FLAT_ENTRIES_FOR_TARGET_BEING_BUILT\=YES
    export HEADERMAP_INCLUDES_FRAMEWORK_ENTRIES_FOR_ALL_PRODUCT_TYPES\=YES
    export HEADERMAP_INCLUDES_FRAMEWORK_ENTRIES_FOR_TARGETS_NOT_BEING_BUILT\=YES
    export HEADERMAP_INCLUDES_NONPUBLIC_NONPRIVATE_HEADERS\=YES
    export HEADERMAP_INCLUDES_PROJECT_HEADERS\=YES
    export HEADERMAP_USES_FRAMEWORK_PREFIX_ENTRIES\=YES
    export HEADERMAP_USES_VFS\=NO
    export HEADER_SEARCH_PATHS\=/Users/hem/Library/Developer/Xcode/DerivedData/FocusBlox-fshkgwtdrowrvdgcqrhjhqvttdao/Build/Products/Debug-iphonesimulator/include\ 
    export HOME\=/Users/hem
    export HOST_ARCH\=arm64
    export HOST_PLATFORM\=macosx
    export ICONV\=/usr/bin/iconv
    export IMPLICIT_DEPENDENCY_DOMAIN\=default
    export INFOPLIST_ENABLE_CFBUNDLEICONS_MERGE\=YES
    export INFOPLIST_EXPAND_BUILD_SETTINGS\=YES
    export INFOPLIST_FILE\=Resources/Info.plist
    export INFOPLIST_OUTPUT_FORMAT\=binary
    export INFOPLIST_PATH\=FocusBlox.app/Info.plist
    export INFOPLIST_PREPROCESS\=NO
    export INFOSTRINGS_PATH\=FocusBlox.app/en.lproj/InfoPlist.strings
    export INLINE_PRIVATE_FRAMEWORKS\=NO
    export INSTALLAPI_IGNORE_SKIP_INSTALL\=YES
    export INSTALLHDRS_COPY_PHASE\=NO
    export INSTALLHDRS_SCRIPT_PHASE\=NO
    export INSTALL_DIR\=/tmp/FocusBlox.dst/Applications
    export INSTALL_GROUP\=staff
    export INSTALL_MODE_FLAG\=u+w,go-w,a+rX
    export INSTALL_OWNER\=hem
    export INSTALL_PATH\=/Applications
    export INSTALL_ROOT\=/tmp/FocusBlox.dst
    export IPHONEOS_DEPLOYMENT_TARGET\=26.2
    export IS_UNOPTIMIZED_BUILD\=YES
    export JAVAC_DEFAULT_FLAGS\=-J-Xms64m\ -J-XX:NewSize\=4M\ -J-Dfile.encoding\=UTF8
    export JAVA_APP_STUB\=/System/Library/Frameworks/JavaVM.framework/Resources/MacOS/JavaApplicationStub
    export JAVA_ARCHIVE_CLASSES\=YES
    export JAVA_ARCHIVE_TYPE\=JAR
    export JAVA_COMPILER\=/usr/bin/javac
    export JAVA_FOLDER_PATH\=FocusBlox.app/Java
    export JAVA_FRAMEWORK_RESOURCES_DIRS\=Resources
    export JAVA_JAR_FLAGS\=cv
    export JAVA_SOURCE_SUBDIR\=.
    export JAVA_USE_DEPENDENCIES\=YES
    export JAVA_ZIP_FLAGS\=-urg
    export JIKES_DEFAULT_FLAGS\=+E\ +OLDCSO
    export KEEP_PRIVATE_EXTERNS\=NO
    export LD_DEPENDENCY_INFO_FILE\=/Users/hem/Library/Developer/Xcode/DerivedData/FocusBlox-fshkgwtdrowrvdgcqrhjhqvttdao/Build/Intermediates.noindex/FocusBlox.build/Debug-iphonesimulator/FocusBlox.build/Objects-normal/undefined_arch/FocusBlox_dependency_info.dat
    export LD_ENTITLEMENTS_SECTION\=/Users/hem/Library/Developer/Xcode/DerivedData/FocusBlox-fshkgwtdrowrvdgcqrhjhqvttdao/Build/Intermediates.noindex/FocusBlox.build/Debug-iphonesimulator/FocusBlox.build/FocusBlox.app-Simulated.xcent
    export LD_ENTITLEMENTS_SECTION_DER\=/Users/hem/Library/Developer/Xcode/DerivedData/FocusBlox-fshkgwtdrowrvdgcqrhjhqvttdao/Build/Intermediates.noindex/FocusBlox.build/Debug-iphonesimulator/FocusBlox.build/FocusBlox.app-Simulated.xcent.der
    export LD_EXPORT_SYMBOLS\=YES
    export LD_GENERATE_MAP_FILE\=NO
    export LD_MAP_FILE_PATH\=/Users/hem/Library/Developer/Xcode/DerivedData/FocusBlox-fshkgwtdrowrvdgcqrhjhqvttdao/Build/Intermediates.noindex/FocusBlox.build/Debug-iphonesimulator/FocusBlox.build/FocusBlox-LinkMap-normal-undefined_arch.txt
    export LD_NO_PIE\=NO
    export LD_QUOTE_LINKER_ARGUMENTS_FOR_COMPILER_DRIVER\=YES
    export LD_RUNPATH_SEARCH_PATHS\=\ @executable_path/Frameworks
    export LD_RUNPATH_SEARCH_PATHS_YES\=@loader_path/../Frameworks
    export LD_SHARED_CACHE_ELIGIBLE\=Automatic
    export LD_WARN_DUPLICATE_LIBRARIES\=NO
    export LD_WARN_UNUSED_DYLIBS\=NO
    export LEGACY_DEVELOPER_DIR\=/Applications/Xcode.app/Contents/PlugIns/Xcode3Core.ideplugin/Contents/SharedSupport/Developer
    export LEX\=lex
    export LIBRARY_DEXT_INSTALL_PATH\=/Library/DriverExtensions
    export LIBRARY_FLAG_NOSPACE\=YES
    export LIBRARY_FLAG_PREFIX\=-l
    export LIBRARY_KEXT_INSTALL_PATH\=/Library/Extensions
    export LIBRARY_SEARCH_PATHS\=/Users/hem/Library/Developer/Xcode/DerivedData/FocusBlox-fshkgwtdrowrvdgcqrhjhqvttdao/Build/Products/Debug-iphonesimulator\ 
    export LINKER_DISPLAYS_MANGLED_NAMES\=NO
    export LINK_FILE_LIST_normal_arm64\=/Users/hem/Library/Developer/Xcode/DerivedData/FocusBlox-fshkgwtdrowrvdgcqrhjhqvttdao/Build/Intermediates.noindex/FocusBlox.build/Debug-iphonesimulator/FocusBlox.build/Objects-normal/arm64/FocusBlox.LinkFileList
    export LINK_OBJC_RUNTIME\=YES
    export LINK_WITH_STANDARD_LIBRARIES\=YES
    export LLVM_TARGET_TRIPLE_OS_VERSION\=ios26.2
    export LLVM_TARGET_TRIPLE_SUFFIX\=-simulator
    export LLVM_TARGET_TRIPLE_VENDOR\=apple
    export LM_AUX_CONST_METADATA_LIST_PATH_normal_arm64\=/Users/hem/Library/Developer/Xcode/DerivedData/FocusBlox-fshkgwtdrowrvdgcqrhjhqvttdao/Build/Intermediates.noindex/FocusBlox.build/Debug-iphonesimulator/FocusBlox.build/Objects-normal/arm64/FocusBlox.SwiftConstValuesFileList
    export LOCALIZATION_EXPORT_SUPPORTED\=YES
    export LOCALIZATION_PREFERS_STRING_CATALOGS\=NO
    export LOCALIZED_RESOURCES_FOLDER_PATH\=FocusBlox.app/en.lproj
    export LOCALIZED_STRING_MACRO_NAMES\=NSLocalizedString\ CFCopyLocalizedString
    export LOCALIZED_STRING_SWIFTUI_SUPPORT\=YES
    export LOCAL_ADMIN_APPS_DIR\=/Applications/Utilities
    export LOCAL_APPS_DIR\=/Applications
    export LOCAL_DEVELOPER_DIR\=/Library/Developer
    export LOCAL_LIBRARY_DIR\=/Library
    export LOCROOT\=/Users/hem/Developer/my-daily-sprints
    export LOCSYMROOT\=/Users/hem/Developer/my-daily-sprints
    export MACH_O_TYPE\=mh_execute
    export MAC_OS_X_PRODUCT_BUILD_VERSION\=25D125
    export MAC_OS_X_VERSION_ACTUAL\=260300
    export MAC_OS_X_VERSION_MAJOR\=260000
    export MAC_OS_X_VERSION_MINOR\=260300
    export MAKE_MERGEABLE\=NO
    export MARKETING_VERSION\=1.0.0
    export MERGEABLE_LIBRARY\=NO
    export MERGED_BINARY_TYPE\=none
    export MERGE_LINKED_LIBRARIES\=NO
    export METAL_LIBRARY_FILE_BASE\=default
    export METAL_LIBRARY_OUTPUT_DIR\=/Users/hem/Library/Developer/Xcode/DerivedData/FocusBlox-fshkgwtdrowrvdgcqrhjhqvttdao/Build/Products/Debug-iphonesimulator/FocusBlox.app
    export MODULES_FOLDER_PATH\=FocusBlox.app/Modules
    export MODULE_CACHE_DIR\=/Users/hem/Library/Developer/Xcode/DerivedData/ModuleCache.noindex
    export MTL_ENABLE_DEBUG_INFO\=INCLUDE_SOURCE
    export MTL_FAST_MATH\=YES
    export NATIVE_ARCH\=arm64
    export NATIVE_ARCH_32_BIT\=arm
    export NATIVE_ARCH_64_BIT\=arm64
    export NATIVE_ARCH_ACTUAL\=arm64
    export NO_COMMON\=YES
    export OBJC_ABI_VERSION\=2
    export OBJECT_FILE_DIR\=/Users/hem/Library/Developer/Xcode/DerivedData/FocusBlox-fshkgwtdrowrvdgcqrhjhqvttdao/Build/Intermediates.noindex/FocusBlox.build/Debug-iphonesimulator/FocusBlox.build/Objects
    export OBJECT_FILE_DIR_normal\=/Users/hem/Library/Developer/Xcode/DerivedData/FocusBlox-fshkgwtdrowrvdgcqrhjhqvttdao/Build/Intermediates.noindex/FocusBlox.build/Debug-iphonesimulator/FocusBlox.build/Objects-normal
    export OBJROOT\=/Users/hem/Library/Developer/Xcode/DerivedData/FocusBlox-fshkgwtdrowrvdgcqrhjhqvttdao/Build/Intermediates.noindex
    export ONLY_ACTIVE_ARCH\=YES
    export OS\=MACOS
    export OSAC\=/usr/bin/osacompile
    export PACKAGE_TYPE\=com.apple.package-type.wrapper.application
    export PASCAL_STRINGS\=YES
    export PATH\=/Applications/Xcode.app/Contents/SharedFrameworks/SwiftBuild.framework/Versions/A/PlugIns/SWBBuildService.bundle/Contents/PlugIns/SWBUniversalPlatformPlugin.bundle/Contents/Frameworks/SWBUniversalPlatform.framework/Resources:/Applications/Xcode.app/Contents/Developer/Toolchains/XcodeDefault.xctoolchain/usr/bin:/Applications/Xcode.app/Contents/Developer/Toolchains/XcodeDefault.xctoolchain/usr/local/bin:/Applications/Xcode.app/Contents/Developer/Toolchains/XcodeDefault.xctoolchain/usr/libexec:/Applications/Xcode.app/Contents/Developer/Platforms/iPhoneSimulator.platform/usr/bin:/Applications/Xcode.app/Contents/Developer/Platforms/iPhoneSimulator.platform/usr/local/bin:/Applications/Xcode.app/Contents/Developer/Platforms/iPhoneSimulator.platform/Developer/usr/bin:/Applications/Xcode.app/Contents/Developer/Platforms/iPhoneSimulator.platform/Developer/usr/local/bin:/Applications/Xcode.app/Contents/Developer/usr/bin:/Applications/Xcode.app/Contents/Developer/usr/local/bin:/Users/hem/.local/bin:/opt/homebrew/bin:/opt/homebrew/sbin:/usr/local/bin:/System/Cryptexes/App/usr/bin:/usr/bin:/bin:/usr/sbin:/sbin:/var/run/com.apple.security.cryptexd/codex.system/bootstrap/usr/local/bin:/var/run/com.apple.security.cryptexd/codex.system/bootstrap/usr/bin:/var/run/com.apple.security.cryptexd/codex.system/bootstrap/usr/appleinternal/bin:/opt/pmk/env/global/bin:/Library/Apple/usr/bin:/Applications/iTerm.app/Contents/Resources/utilities
    export PATH_PREFIXES_EXCLUDED_FROM_HEADER_DEPENDENCIES\=/usr/include\ /usr/local/include\ /System/Library/Frameworks\ /System/Library/PrivateFrameworks\ /Applications/Xcode.app/Contents/Developer/Headers\ /Applications/Xcode.app/Contents/Developer/SDKs\ /Applications/Xcode.app/Contents/Developer/Platforms
    export PBDEVELOPMENTPLIST_PATH\=FocusBlox.app/pbdevelopment.plist
    export PER_ARCH_MODULE_FILE_DIR\=/Users/hem/Library/Developer/Xcode/DerivedData/FocusBlox-fshkgwtdrowrvdgcqrhjhqvttdao/Build/Intermediates.noindex/FocusBlox.build/Debug-iphonesimulator/FocusBlox.build/Objects-normal/undefined_arch
    export PER_ARCH_OBJECT_FILE_DIR\=/Users/hem/Library/Developer/Xcode/DerivedData/FocusBlox-fshkgwtdrowrvdgcqrhjhqvttdao/Build/Intermediates.noindex/FocusBlox.build/Debug-iphonesimulator/FocusBlox.build/Objects-normal/undefined_arch
    export PER_VARIANT_OBJECT_FILE_DIR\=/Users/hem/Library/Developer/Xcode/DerivedData/FocusBlox-fshkgwtdrowrvdgcqrhjhqvttdao/Build/Intermediates.noindex/FocusBlox.build/Debug-iphonesimulator/FocusBlox.build/Objects-normal
    export PKGINFO_FILE_PATH\=/Users/hem/Library/Developer/Xcode/DerivedData/FocusBlox-fshkgwtdrowrvdgcqrhjhqvttdao/Build/Intermediates.noindex/FocusBlox.build/Debug-iphonesimulator/FocusBlox.build/PkgInfo
    export PKGINFO_PATH\=FocusBlox.app/PkgInfo
    export PLATFORM_DEVELOPER_APPLICATIONS_DIR\=/Applications/Xcode.app/Contents/Developer/Platforms/iPhoneSimulator.platform/Developer/Applications
    export PLATFORM_DEVELOPER_BIN_DIR\=/Applications/Xcode.app/Contents/Developer/Platforms/iPhoneSimulator.platform/Developer/usr/bin
    export PLATFORM_DEVELOPER_LIBRARY_DIR\=/Applications/Xcode.app/Contents/Developer/Platforms/iPhoneSimulator.platform/Developer/Library
    export PLATFORM_DEVELOPER_SDK_DIR\=/Applications/Xcode.app/Contents/Developer/Platforms/iPhoneSimulator.platform/Developer/SDKs
    export PLATFORM_DEVELOPER_TOOLS_DIR\=/Applications/Xcode.app/Contents/Developer/Platforms/iPhoneSimulator.platform/Developer/Tools
    export PLATFORM_DEVELOPER_USR_DIR\=/Applications/Xcode.app/Contents/Developer/Platforms/iPhoneSimulator.platform/Developer/usr
    export PLATFORM_DIR\=/Applications/Xcode.app/Contents/Developer/Platforms/iPhoneSimulator.platform
    export PLATFORM_DISPLAY_NAME\=iOS\ Simulator
    export PLATFORM_FAMILY_NAME\=iOS
    export PLATFORM_NAME\=iphonesimulator
    export PLATFORM_PREFERRED_ARCH\=x86_64
    export PLATFORM_PRODUCT_BUILD_VERSION\=23C53
    export PLATFORM_REQUIRES_SWIFT_AUTOLINK_EXTRACT\=NO
    export PLATFORM_REQUIRES_SWIFT_MODULEWRAP\=NO
    export PLIST_FILE_OUTPUT_FORMAT\=binary
    export PLUGINS_FOLDER_PATH\=FocusBlox.app/PlugIns
    export PRECOMPS_INCLUDE_HEADERS_FROM_BUILT_PRODUCTS_DIR\=YES
    export PRECOMP_DESTINATION_DIR\=/Users/hem/Library/Developer/Xcode/DerivedData/FocusBlox-fshkgwtdrowrvdgcqrhjhqvttdao/Build/Intermediates.noindex/FocusBlox.build/Debug-iphonesimulator/FocusBlox.build/PrefixHeaders
    export PRIVATE_HEADERS_FOLDER_PATH\=FocusBlox.app/PrivateHeaders
    export PROCESSED_INFOPLIST_PATH\=/Users/hem/Library/Developer/Xcode/DerivedData/FocusBlox-fshkgwtdrowrvdgcqrhjhqvttdao/Build/Intermediates.noindex/FocusBlox.build/Debug-iphonesimulator/FocusBlox.build/Objects-normal/undefined_arch/Processed-Info.plist
    export PRODUCT_BUNDLE_IDENTIFIER\=com.henning.timebox
    export PRODUCT_BUNDLE_PACKAGE_TYPE\=APPL
    export PRODUCT_MODULE_NAME\=FocusBlox
    export PRODUCT_NAME\=FocusBlox
    export PRODUCT_SETTINGS_PATH\=/Users/hem/Developer/my-daily-sprints/Resources/Info.plist
    export PRODUCT_TYPE\=com.apple.product-type.application
    export PROFILING_CODE\=NO
    export PROJECT\=FocusBlox
    export PROJECT_DERIVED_FILE_DIR\=/Users/hem/Library/Developer/Xcode/DerivedData/FocusBlox-fshkgwtdrowrvdgcqrhjhqvttdao/Build/Intermediates.noindex/FocusBlox.build/DerivedSources
    export PROJECT_DIR\=/Users/hem/Developer/my-daily-sprints
    export PROJECT_FILE_PATH\=/Users/hem/Developer/my-daily-sprints/FocusBlox.xcodeproj
    export PROJECT_GUID\=b1550d77dab9f9dfc610f70748633c50
    export PROJECT_NAME\=FocusBlox
    export PROJECT_TEMP_DIR\=/Users/hem/Library/Developer/Xcode/DerivedData/FocusBlox-fshkgwtdrowrvdgcqrhjhqvttdao/Build/Intermediates.noindex/FocusBlox.build
    export PROJECT_TEMP_ROOT\=/Users/hem/Library/Developer/Xcode/DerivedData/FocusBlox-fshkgwtdrowrvdgcqrhjhqvttdao/Build/Intermediates.noindex
    export PROVISIONING_PROFILE_REQUIRED\=NO
    export PROVISIONING_PROFILE_REQUIRED_YES_YES\=YES
    export PROVISIONING_PROFILE_SUPPORTED\=YES
    export PUBLIC_HEADERS_FOLDER_PATH\=FocusBlox.app/Headers
    export RECOMMENDED_IPHONEOS_DEPLOYMENT_TARGET\=15.0
    export RECURSIVE_SEARCH_PATHS_FOLLOW_SYMLINKS\=YES
    export REMOVE_CVS_FROM_RESOURCES\=YES
    export REMOVE_GIT_FROM_RESOURCES\=YES
    export REMOVE_HEADERS_FROM_EMBEDDED_BUNDLES\=YES
    export REMOVE_HG_FROM_RESOURCES\=YES
    export REMOVE_STATIC_EXECUTABLES_FROM_EMBEDDED_BUNDLES\=YES
    export REMOVE_SVN_FROM_RESOURCES\=YES
    export RESCHEDULE_INDEPENDENT_HEADERS_PHASES\=YES
    export REZ_COLLECTOR_DIR\=/Users/hem/Library/Developer/Xcode/DerivedData/FocusBlox-fshkgwtdrowrvdgcqrhjhqvttdao/Build/Intermediates.noindex/FocusBlox.build/Debug-iphonesimulator/FocusBlox.build/ResourceManagerResources
    export REZ_OBJECTS_DIR\=/Users/hem/Library/Developer/Xcode/DerivedData/FocusBlox-fshkgwtdrowrvdgcqrhjhqvttdao/Build/Intermediates.noindex/FocusBlox.build/Debug-iphonesimulator/FocusBlox.build/ResourceManagerResources/Objects
    export REZ_SEARCH_PATHS\=/Users/hem/Library/Developer/Xcode/DerivedData/FocusBlox-fshkgwtdrowrvdgcqrhjhqvttdao/Build/Products/Debug-iphonesimulator\ 
    export RUNTIME_EXCEPTION_ALLOW_DYLD_ENVIRONMENT_VARIABLES\=NO
    export RUNTIME_EXCEPTION_ALLOW_JIT\=NO
    export RUNTIME_EXCEPTION_ALLOW_UNSIGNED_EXECUTABLE_MEMORY\=NO
    export RUNTIME_EXCEPTION_DEBUGGING_TOOL\=NO
    export RUNTIME_EXCEPTION_DISABLE_EXECUTABLE_PAGE_PROTECTION\=NO
    export RUNTIME_EXCEPTION_DISABLE_LIBRARY_VALIDATION\=NO
    export SCAN_ALL_SOURCE_FILES_FOR_INCLUDES\=NO
    export SCRIPTS_FOLDER_PATH\=FocusBlox.app/Scripts
    export SCRIPT_INPUT_FILE_COUNT\=0
    export SCRIPT_INPUT_FILE_LIST_COUNT\=0
    export SCRIPT_OUTPUT_FILE_COUNT\=0
    export SCRIPT_OUTPUT_FILE_LIST_COUNT\=0
    export SDKROOT\=/Applications/Xcode.app/Contents/Developer/Platforms/iPhoneSimulator.platform/Developer/SDKs/iPhoneSimulator26.2.sdk
    export SDK_DIR\=/Applications/Xcode.app/Contents/Developer/Platforms/iPhoneSimulator.platform/Developer/SDKs/iPhoneSimulator26.2.sdk
    export SDK_DIR_iphonesimulator\=/Applications/Xcode.app/Contents/Developer/Platforms/iPhoneSimulator.platform/Developer/SDKs/iPhoneSimulator26.2.sdk
    export SDK_DIR_iphonesimulator26_2\=/Applications/Xcode.app/Contents/Developer/Platforms/iPhoneSimulator.platform/Developer/SDKs/iPhoneSimulator26.2.sdk
    export SDK_NAME\=iphonesimulator26.2
    export SDK_NAMES\=iphonesimulator26.2
    export SDK_PRODUCT_BUILD_VERSION\=23C53
    export SDK_STAT_CACHE_DIR\=/Users/hem/Library/Developer/Xcode/DerivedData
    export SDK_STAT_CACHE_ENABLE\=YES
    export SDK_STAT_CACHE_PATH\=/Users/hem/Library/Developer/Xcode/DerivedData/SDKStatCaches.noindex/iphonesimulator26.2-23C53-7d00a8b37fbd7999ea79df8ebc024bf0.sdkstatcache
    export SDK_VERSION\=26.2
    export SDK_VERSION_ACTUAL\=260200
    export SDK_VERSION_MAJOR\=260000
    export SDK_VERSION_MINOR\=260200
    export SED\=/usr/bin/sed
    export SEPARATE_STRIP\=NO
    export SEPARATE_SYMBOL_EDIT\=NO
    export SET_DIR_MODE_OWNER_GROUP\=YES
    export SET_FILE_MODE_OWNER_GROUP\=NO
    export SHALLOW_BUNDLE\=YES
    export SHALLOW_BUNDLE_TRIPLE\=ios-simulator
    export SHALLOW_BUNDLE_ios_macabi\=NO
    export SHALLOW_BUNDLE_macos\=NO
    export SHARED_DERIVED_FILE_DIR\=/Users/hem/Library/Developer/Xcode/DerivedData/FocusBlox-fshkgwtdrowrvdgcqrhjhqvttdao/Build/Products/Debug-iphonesimulator/DerivedSources
    export SHARED_FRAMEWORKS_FOLDER_PATH\=FocusBlox.app/SharedFrameworks
    export SHARED_PRECOMPS_DIR\=/Users/hem/Library/Developer/Xcode/DerivedData/FocusBlox-fshkgwtdrowrvdgcqrhjhqvttdao/Build/Intermediates.noindex/PrecompiledHeaders
    export SHARED_SUPPORT_FOLDER_PATH\=FocusBlox.app/SharedSupport
    export SKIP_INSTALL\=NO
    export SOURCE_ROOT\=/Users/hem/Developer/my-daily-sprints
    export SRCROOT\=/Users/hem/Developer/my-daily-sprints
    export STRINGSDATA_DIR\=/Users/hem/Library/Developer/Xcode/DerivedData/FocusBlox-fshkgwtdrowrvdgcqrhjhqvttdao/Build/Intermediates.noindex/FocusBlox.build/Debug-iphonesimulator/FocusBlox.build/Objects-normal/undefined_arch
    export STRINGSDATA_ROOT\=/Users/hem/Library/Developer/Xcode/DerivedData/FocusBlox-fshkgwtdrowrvdgcqrhjhqvttdao/Build/Intermediates.noindex/FocusBlox.build/Debug-iphonesimulator/FocusBlox.build
    export STRINGS_FILE_INFOPLIST_RENAME\=YES
    export STRINGS_FILE_OUTPUT_ENCODING\=binary
    export STRING_CATALOG_GENERATE_SYMBOLS\=YES
    export STRIP_BITCODE_FROM_COPIED_FILES\=NO
    export STRIP_INSTALLED_PRODUCT\=NO
    export STRIP_STYLE\=all
    export STRIP_SWIFT_SYMBOLS\=YES
    export SUPPORTED_DEVICE_FAMILIES\=1,2
    export SUPPORTED_PLATFORMS\=iphoneos\ iphonesimulator
    export SUPPORTS_MACCATALYST\=NO
    export SUPPORTS_ON_DEMAND_RESOURCES\=YES
    export SUPPORTS_TEXT_BASED_API\=NO
    export SUPPRESS_WARNINGS\=NO
    export SWIFT_ACTIVE_COMPILATION_CONDITIONS\=DEBUG
    export SWIFT_EMIT_CONST_VALUE_PROTOCOLS\=AppIntent\ EntityQuery\ AppEntity\ TransientEntity\ AppEnum\ AppShortcutProviding\ AppShortcutsProvider\ AnyResolverProviding\ AppIntentsPackage\ DynamicOptionsProvider\ _IntentValueRepresentable\ _AssistantIntentsProvider\ _GenerativeFunctionExtractable\ IntentValueQuery\ Resolver\ AppExtension\ ExtensionPointDefining
    export SWIFT_EMIT_LOC_STRINGS\=NO
    export SWIFT_ENABLE_EXPLICIT_MODULES\=YES
    export SWIFT_OPTIMIZATION_LEVEL\=-Onone
    export SWIFT_PLATFORM_TARGET_PREFIX\=ios
    export SWIFT_RESPONSE_FILE_PATH_normal_arm64\=/Users/hem/Library/Developer/Xcode/DerivedData/FocusBlox-fshkgwtdrowrvdgcqrhjhqvttdao/Build/Intermediates.noindex/FocusBlox.build/Debug-iphonesimulator/FocusBlox.build/Objects-normal/arm64/FocusBlox.SwiftFileList
    export SWIFT_STRICT_CONCURRENCY\=complete
    export SWIFT_VERSION\=6.0
    export SYMROOT\=/Users/hem/Library/Developer/Xcode/DerivedData/FocusBlox-fshkgwtdrowrvdgcqrhjhqvttdao/Build/Products
    export SYSTEM_ADMIN_APPS_DIR\=/Applications/Utilities
    export SYSTEM_APPS_DIR\=/Applications
    export SYSTEM_CORE_SERVICES_DIR\=/System/Library/CoreServices
    export SYSTEM_DEMOS_DIR\=/Applications/Extras
    export SYSTEM_DEVELOPER_APPS_DIR\=/Applications/Xcode.app/Contents/Developer/Applications
    export SYSTEM_DEVELOPER_BIN_DIR\=/Applications/Xcode.app/Contents/Developer/usr/bin
    export SYSTEM_DEVELOPER_DEMOS_DIR\=/Applications/Xcode.app/Contents/Developer/Applications/Utilities/Built\ Examples
    export SYSTEM_DEVELOPER_DIR\=/Applications/Xcode.app/Contents/Developer
    export SYSTEM_DEVELOPER_DOC_DIR\=/Applications/Xcode.app/Contents/Developer/ADC\ Reference\ Library
    export SYSTEM_DEVELOPER_GRAPHICS_TOOLS_DIR\=/Applications/Xcode.app/Contents/Developer/Applications/Graphics\ Tools
    export SYSTEM_DEVELOPER_JAVA_TOOLS_DIR\=/Applications/Xcode.app/Contents/Developer/Applications/Java\ Tools
    export SYSTEM_DEVELOPER_PERFORMANCE_TOOLS_DIR\=/Applications/Xcode.app/Contents/Developer/Applications/Performance\ Tools
    export SYSTEM_DEVELOPER_RELEASENOTES_DIR\=/Applications/Xcode.app/Contents/Developer/ADC\ Reference\ Library/releasenotes
    export SYSTEM_DEVELOPER_TOOLS\=/Applications/Xcode.app/Contents/Developer/Tools
    export SYSTEM_DEVELOPER_TOOLS_DOC_DIR\=/Applications/Xcode.app/Contents/Developer/ADC\ Reference\ Library/documentation/DeveloperTools
    export SYSTEM_DEVELOPER_TOOLS_RELEASENOTES_DIR\=/Applications/Xcode.app/Contents/Developer/ADC\ Reference\ Library/releasenotes/DeveloperTools
    export SYSTEM_DEVELOPER_USR_DIR\=/Applications/Xcode.app/Contents/Developer/usr
    export SYSTEM_DEVELOPER_UTILITIES_DIR\=/Applications/Xcode.app/Contents/Developer/Applications/Utilities
    export SYSTEM_DEXT_INSTALL_PATH\=/System/Library/DriverExtensions
    export SYSTEM_DOCUMENTATION_DIR\=/Library/Documentation
    export SYSTEM_EXTENSIONS_FOLDER_PATH\=FocusBlox.app/SystemExtensions
    export SYSTEM_EXTENSIONS_FOLDER_PATH_SHALLOW_BUNDLE_NO\=FocusBlox.app/Library/SystemExtensions
    export SYSTEM_EXTENSIONS_FOLDER_PATH_SHALLOW_BUNDLE_YES\=FocusBlox.app/SystemExtensions
    export SYSTEM_KEXT_INSTALL_PATH\=/System/Library/Extensions
    export SYSTEM_LIBRARY_DIR\=/System/Library
    export TAPI_DEMANGLE\=YES
    export TAPI_ENABLE_PROJECT_HEADERS\=NO
    export TAPI_LANGUAGE\=objective-c
    export TAPI_LANGUAGE_STANDARD\=compiler-default
    export TAPI_USE_SRCROOT\=YES
    export TAPI_VERIFY_MODE\=Pedantic
    export TARGETED_DEVICE_FAMILY\=1,2
    export TARGETNAME\=FocusBlox
    export TARGET_BUILD_DIR\=/Users/hem/Library/Developer/Xcode/DerivedData/FocusBlox-fshkgwtdrowrvdgcqrhjhqvttdao/Build/Products/Debug-iphonesimulator
    export TARGET_DEVICE_IDENTIFIER\=6364A54B-5048-4346-899E-FFB67E630D53
    export TARGET_DEVICE_MODEL\=iPhone18,1
    export TARGET_DEVICE_OS_VERSION\=26.2
    export TARGET_DEVICE_PLATFORM_NAME\=iphonesimulator
    export TARGET_NAME\=FocusBlox
    export TARGET_TEMP_DIR\=/Users/hem/Library/Developer/Xcode/DerivedData/FocusBlox-fshkgwtdrowrvdgcqrhjhqvttdao/Build/Intermediates.noindex/FocusBlox.build/Debug-iphonesimulator/FocusBlox.build
    export TEMP_DIR\=/Users/hem/Library/Developer/Xcode/DerivedData/FocusBlox-fshkgwtdrowrvdgcqrhjhqvttdao/Build/Intermediates.noindex/FocusBlox.build/Debug-iphonesimulator/FocusBlox.build
    export TEMP_FILES_DIR\=/Users/hem/Library/Developer/Xcode/DerivedData/FocusBlox-fshkgwtdrowrvdgcqrhjhqvttdao/Build/Intermediates.noindex/FocusBlox.build/Debug-iphonesimulator/FocusBlox.build
    export TEMP_FILE_DIR\=/Users/hem/Library/Developer/Xcode/DerivedData/FocusBlox-fshkgwtdrowrvdgcqrhjhqvttdao/Build/Intermediates.noindex/FocusBlox.build/Debug-iphonesimulator/FocusBlox.build
    export TEMP_ROOT\=/Users/hem/Library/Developer/Xcode/DerivedData/FocusBlox-fshkgwtdrowrvdgcqrhjhqvttdao/Build/Intermediates.noindex
    export TEMP_SANDBOX_DIR\=/Users/hem/Library/Developer/Xcode/DerivedData/FocusBlox-fshkgwtdrowrvdgcqrhjhqvttdao/Build/Intermediates.noindex/TemporaryTaskSandboxes
    export TEST_FRAMEWORK_SEARCH_PATHS\=\ /Applications/Xcode.app/Contents/Developer/Platforms/iPhoneSimulator.platform/Developer/Library/Frameworks\ /Applications/Xcode.app/Contents/Developer/Platforms/iPhoneSimulator.platform/Developer/SDKs/iPhoneSimulator26.2.sdk/Developer/Library/Frameworks
    export TEST_LIBRARY_SEARCH_PATHS\=\ /Applications/Xcode.app/Contents/Developer/Platforms/iPhoneSimulator.platform/Developer/usr/lib
    export TOOLCHAINS\=com.apple.dt.toolchain.XcodeDefault
    export TOOLCHAIN_DIR\=/Applications/Xcode.app/Contents/Developer/Toolchains/XcodeDefault.xctoolchain
    export TREAT_MISSING_BASELINES_AS_TEST_FAILURES\=NO
    export TREAT_MISSING_SCRIPT_PHASE_OUTPUTS_AS_ERRORS\=NO
    export TeamIdentifierPrefix\=XK87E2B3VR.
    export UID\=501
    export UNINSTALLED_PRODUCTS_DIR\=/Users/hem/Library/Developer/Xcode/DerivedData/FocusBlox-fshkgwtdrowrvdgcqrhjhqvttdao/Build/Intermediates.noindex/UninstalledProducts
    export UNLOCALIZED_RESOURCES_FOLDER_PATH\=FocusBlox.app
    export UNLOCALIZED_RESOURCES_FOLDER_PATH_SHALLOW_BUNDLE_NO\=FocusBlox.app/Resources
    export UNLOCALIZED_RESOURCES_FOLDER_PATH_SHALLOW_BUNDLE_YES\=FocusBlox.app
    export UNSTRIPPED_PRODUCT\=NO
    export USER\=hem
    export USER_APPS_DIR\=/Users/hem/Applications
    export USER_LIBRARY_DIR\=/Users/hem/Library
    export USE_DYNAMIC_NO_PIC\=YES
    export USE_HEADERMAP\=YES
    export USE_HEADER_SYMLINKS\=NO
    export VALIDATE_DEVELOPMENT_ASSET_PATHS\=YES_ERROR
    export VALIDATE_PRODUCT\=NO
    export VALID_ARCHS\=arm64\ x86_64
    export VERBOSE_PBXCP\=NO
    export VERSIONPLIST_PATH\=FocusBlox.app/version.plist
    export VERSION_INFO_BUILDER\=hem
    export VERSION_INFO_FILE\=FocusBlox_vers.c
    export VERSION_INFO_STRING\=\"@\(\#\)PROGRAM:FocusBlox\ \ PROJECT:FocusBlox-1\"
    export WORKSPACE_DIR\=/Users/hem/Developer/my-daily-sprints/FocusBlox.xcodeproj
    export WRAPPER_EXTENSION\=app
    export WRAPPER_NAME\=FocusBlox.app
    export WRAPPER_SUFFIX\=.app
    export WRAP_ASSET_PACKS_IN_SEPARATE_DIRECTORIES\=NO
    export XCODE_APP_SUPPORT_DIR\=/Applications/Xcode.app/Contents/Developer/Library/Xcode
    export XCODE_PRODUCT_BUILD_VERSION\=17C52
    export XCODE_VERSION_ACTUAL\=2620
    export XCODE_VERSION_MAJOR\=2600
    export XCODE_VERSION_MINOR\=2620
    export XPCSERVICES_FOLDER_PATH\=FocusBlox.app/XPCServices
    export YACC\=yacc
    export _DISCOVER_COMMAND_LINE_LINKER_INPUTS\=YES
    export _DISCOVER_COMMAND_LINE_LINKER_INPUTS_INCLUDE_WL\=YES
    export _LD_MULTIARCH\=YES
    export _WRAPPER_CONTENTS_DIR_SHALLOW_BUNDLE_NO\=/Contents
    export _WRAPPER_PARENT_PATH_SHALLOW_BUNDLE_NO\=/..
    export _WRAPPER_RESOURCES_DIR_SHALLOW_BUNDLE_NO\=/Resources
    export __DIAGNOSE_DEPRECATED_ARCHS\=YES
    export __IS_NOT_MACOS\=YES
    export __IS_NOT_MACOS_macosx\=NO
    export __IS_NOT_SIMULATOR\=NO
    export __IS_NOT_SIMULATOR_simulator\=NO
    export arch\=undefined_arch
    export variant\=normal
    /bin/sh -c /Users/hem/Library/Developer/Xcode/DerivedData/FocusBlox-fshkgwtdrowrvdgcqrhjhqvttdao/Build/Intermediates.noindex/FocusBlox.build/Debug-iphonesimulator/FocusBlox.build/Script-C00FB7D86EE9DC863ED5D786.sh

ProcessInfoPlistFile /Users/hem/Library/Developer/Xcode/DerivedData/FocusBlox-fshkgwtdrowrvdgcqrhjhqvttdao/Build/Products/Debug-iphonesimulator/FocusBlox.app/Info.plist /Users/hem/Developer/my-daily-sprints/Resources/Info.plist (in target 'FocusBlox' from project 'FocusBlox')
    cd /Users/hem/Developer/my-daily-sprints
    builtin-infoPlistUtility /Users/hem/Developer/my-daily-sprints/Resources/Info.plist -producttype com.apple.product-type.application -genpkginfo /Users/hem/Library/Developer/Xcode/DerivedData/FocusBlox-fshkgwtdrowrvdgcqrhjhqvttdao/Build/Products/Debug-iphonesimulator/FocusBlox.app/PkgInfo -expandbuildsettings -format binary -platform iphonesimulator -additionalcontentfile /Users/hem/Library/Developer/Xcode/DerivedData/FocusBlox-fshkgwtdrowrvdgcqrhjhqvttdao/Build/Intermediates.noindex/FocusBlox.build/Debug-iphonesimulator/FocusBlox.build/assetcatalog_generated_info.plist -scanforprivacyfile /Users/hem/Library/Developer/Xcode/DerivedData/FocusBlox-fshkgwtdrowrvdgcqrhjhqvttdao/Build/Products/Debug-iphonesimulator/FocusBlox.app/Frameworks/FocusBloxCore.framework -scanforprivacyfile /Users/hem/Library/Developer/Xcode/DerivedData/FocusBlox-fshkgwtdrowrvdgcqrhjhqvttdao/Build/Products/Debug-iphonesimulator/FocusBlox.app/PlugIns/FocusBloxShareExtension.appex -scanforprivacyfile /Users/hem/Library/Developer/Xcode/DerivedData/FocusBlox-fshkgwtdrowrvdgcqrhjhqvttdao/Build/Products/Debug-iphonesimulator/FocusBlox.app/PlugIns/FocusBloxWidgetsExtension.appex -scanforprivacyfile /Users/hem/Library/Developer/Xcode/DerivedData/FocusBlox-fshkgwtdrowrvdgcqrhjhqvttdao/Build/Products/Debug-iphonesimulator/FocusBlox.app/Watch/FocusBloxWatch\ Watch\ App.app -o /Users/hem/Library/Developer/Xcode/DerivedData/FocusBlox-fshkgwtdrowrvdgcqrhjhqvttdao/Build/Products/Debug-iphonesimulator/FocusBlox.app/Info.plist
warning: 'UIRequiresFullScreen' has been deprecated starting in iOS 26.0 and will be ignored in a future release. See the UIRequiresFullScreen documentation for more details. (in target 'FocusBlox' from project 'FocusBlox')

CopySwiftLibs /Users/hem/Library/Developer/Xcode/DerivedData/FocusBlox-fshkgwtdrowrvdgcqrhjhqvttdao/Build/Products/Debug-iphonesimulator/FocusBlox.app (in target 'FocusBlox' from project 'FocusBlox')
    cd /Users/hem/Developer/my-daily-sprints
    builtin-swiftStdLibTool --copy --verbose --sign - --scan-executable /Users/hem/Library/Developer/Xcode/DerivedData/FocusBlox-fshkgwtdrowrvdgcqrhjhqvttdao/Build/Products/Debug-iphonesimulator/FocusBlox.app/FocusBlox.debug.dylib --scan-folder /Users/hem/Library/Developer/Xcode/DerivedData/FocusBlox-fshkgwtdrowrvdgcqrhjhqvttdao/Build/Products/Debug-iphonesimulator/FocusBlox.app/Frameworks --scan-folder /Users/hem/Library/Developer/Xcode/DerivedData/FocusBlox-fshkgwtdrowrvdgcqrhjhqvttdao/Build/Products/Debug-iphonesimulator/FocusBlox.app/PlugIns --scan-folder /Users/hem/Library/Developer/Xcode/DerivedData/FocusBlox-fshkgwtdrowrvdgcqrhjhqvttdao/Build/Products/Debug-iphonesimulator/FocusBlox.app/SystemExtensions --scan-folder /Users/hem/Library/Developer/Xcode/DerivedData/FocusBlox-fshkgwtdrowrvdgcqrhjhqvttdao/Build/Products/Debug-iphonesimulator/FocusBlox.app/Extensions --scan-folder /Users/hem/Library/Developer/Xcode/DerivedData/FocusBlox-fshkgwtdrowrvdgcqrhjhqvttdao/Build/Products/Debug-iphonesimulator/FocusBloxCore.framework --platform iphonesimulator --toolchain /Applications/Xcode.app/Contents/Developer/Toolchains/XcodeDefault.xctoolchain --destination /Users/hem/Library/Developer/Xcode/DerivedData/FocusBlox-fshkgwtdrowrvdgcqrhjhqvttdao/Build/Products/Debug-iphonesimulator/FocusBlox.app/Frameworks --strip-bitcode --strip-bitcode-tool /Applications/Xcode.app/Contents/Developer/Toolchains/XcodeDefault.xctoolchain/usr/bin/bitcode_strip --emit-dependency-info /Users/hem/Library/Developer/Xcode/DerivedData/FocusBlox-fshkgwtdrowrvdgcqrhjhqvttdao/Build/Intermediates.noindex/FocusBlox.build/Debug-iphonesimulator/FocusBlox.build/SwiftStdLibToolInputDependencies.dep --filter-for-swift-os

ProcessInfoPlistFile /Users/hem/Library/Developer/Xcode/DerivedData/FocusBlox-fshkgwtdrowrvdgcqrhjhqvttdao/Build/Products/Debug-iphonesimulator/FocusBlox.app/PlugIns/FocusBloxTests.xctest/Info.plist /Users/hem/Library/Developer/Xcode/DerivedData/FocusBlox-fshkgwtdrowrvdgcqrhjhqvttdao/Build/Intermediates.noindex/FocusBlox.build/Debug-iphonesimulator/FocusBloxTests.build/empty-FocusBloxTests.plist (in target 'FocusBloxTests' from project 'FocusBlox')
    cd /Users/hem/Developer/my-daily-sprints
    builtin-infoPlistUtility /Users/hem/Library/Developer/Xcode/DerivedData/FocusBlox-fshkgwtdrowrvdgcqrhjhqvttdao/Build/Intermediates.noindex/FocusBlox.build/Debug-iphonesimulator/FocusBloxTests.build/empty-FocusBloxTests.plist -producttype com.apple.product-type.bundle.unit-test -expandbuildsettings -format binary -platform iphonesimulator -o /Users/hem/Library/Developer/Xcode/DerivedData/FocusBlox-fshkgwtdrowrvdgcqrhjhqvttdao/Build/Products/Debug-iphonesimulator/FocusBlox.app/PlugIns/FocusBloxTests.xctest/Info.plist

ProcessInfoPlistFile /Users/hem/Library/Developer/Xcode/DerivedData/FocusBlox-fshkgwtdrowrvdgcqrhjhqvttdao/Build/Products/Debug-iphonesimulator/FocusBlox.app/PlugIns/FocusBloxCoreTests.xctest/Info.plist /Users/hem/Library/Developer/Xcode/DerivedData/FocusBlox-fshkgwtdrowrvdgcqrhjhqvttdao/Build/Intermediates.noindex/FocusBlox.build/Debug-iphonesimulator/FocusBloxCoreTests.build/empty-FocusBloxCoreTests.plist (in target 'FocusBloxCoreTests' from project 'FocusBlox')
    cd /Users/hem/Developer/my-daily-sprints
    builtin-infoPlistUtility /Users/hem/Library/Developer/Xcode/DerivedData/FocusBlox-fshkgwtdrowrvdgcqrhjhqvttdao/Build/Intermediates.noindex/FocusBlox.build/Debug-iphonesimulator/FocusBloxCoreTests.build/empty-FocusBloxCoreTests.plist -producttype com.apple.product-type.bundle.unit-test -expandbuildsettings -format binary -platform iphonesimulator -o /Users/hem/Library/Developer/Xcode/DerivedData/FocusBlox-fshkgwtdrowrvdgcqrhjhqvttdao/Build/Products/Debug-iphonesimulator/FocusBlox.app/PlugIns/FocusBloxCoreTests.xctest/Info.plist

CopySwiftLibs /Users/hem/Library/Developer/Xcode/DerivedData/FocusBlox-fshkgwtdrowrvdgcqrhjhqvttdao/Build/Products/Debug-iphonesimulator/FocusBlox.app/PlugIns/FocusBloxTests.xctest (in target 'FocusBloxTests' from project 'FocusBlox')
    cd /Users/hem/Developer/my-daily-sprints
    builtin-swiftStdLibTool --copy --verbose --sign - --scan-executable /Users/hem/Library/Developer/Xcode/DerivedData/FocusBlox-fshkgwtdrowrvdgcqrhjhqvttdao/Build/Products/Debug-iphonesimulator/FocusBlox.app/PlugIns/FocusBloxTests.xctest/FocusBloxTests --scan-folder /Users/hem/Library/Developer/Xcode/DerivedData/FocusBlox-fshkgwtdrowrvdgcqrhjhqvttdao/Build/Products/Debug-iphonesimulator/FocusBlox.app/PlugIns/FocusBloxTests.xctest/Frameworks --scan-folder /Users/hem/Library/Developer/Xcode/DerivedData/FocusBlox-fshkgwtdrowrvdgcqrhjhqvttdao/Build/Products/Debug-iphonesimulator/FocusBlox.app/PlugIns/FocusBloxTests.xctest/PlugIns --scan-folder /Users/hem/Library/Developer/Xcode/DerivedData/FocusBlox-fshkgwtdrowrvdgcqrhjhqvttdao/Build/Products/Debug-iphonesimulator/FocusBlox.app/PlugIns/FocusBloxTests.xctest/SystemExtensions --scan-folder /Users/hem/Library/Developer/Xcode/DerivedData/FocusBlox-fshkgwtdrowrvdgcqrhjhqvttdao/Build/Products/Debug-iphonesimulator/FocusBlox.app/PlugIns/FocusBloxTests.xctest/Extensions --platform iphonesimulator --toolchain /Applications/Xcode.app/Contents/Developer/Toolchains/XcodeDefault.xctoolchain --destination /Users/hem/Library/Developer/Xcode/DerivedData/FocusBlox-fshkgwtdrowrvdgcqrhjhqvttdao/Build/Products/Debug-iphonesimulator/FocusBlox.app/PlugIns/FocusBloxTests.xctest/Frameworks --strip-bitcode --scan-executable /Applications/Xcode.app/Contents/Developer/Platforms/iPhoneSimulator.platform/Developer/usr/lib/libXCTestSwiftSupport.dylib --strip-bitcode-tool /Applications/Xcode.app/Contents/Developer/Toolchains/XcodeDefault.xctoolchain/usr/bin/bitcode_strip --emit-dependency-info /Users/hem/Library/Developer/Xcode/DerivedData/FocusBlox-fshkgwtdrowrvdgcqrhjhqvttdao/Build/Intermediates.noindex/FocusBlox.build/Debug-iphonesimulator/FocusBloxTests.build/SwiftStdLibToolInputDependencies.dep --filter-for-swift-os

CopySwiftLibs /Users/hem/Library/Developer/Xcode/DerivedData/FocusBlox-fshkgwtdrowrvdgcqrhjhqvttdao/Build/Products/Debug-iphonesimulator/FocusBlox.app/PlugIns/FocusBloxCoreTests.xctest (in target 'FocusBloxCoreTests' from project 'FocusBlox')
    cd /Users/hem/Developer/my-daily-sprints
    builtin-swiftStdLibTool --copy --verbose --sign - --scan-executable /Users/hem/Library/Developer/Xcode/DerivedData/FocusBlox-fshkgwtdrowrvdgcqrhjhqvttdao/Build/Products/Debug-iphonesimulator/FocusBlox.app/PlugIns/FocusBloxCoreTests.xctest/FocusBloxCoreTests --scan-folder /Users/hem/Library/Developer/Xcode/DerivedData/FocusBlox-fshkgwtdrowrvdgcqrhjhqvttdao/Build/Products/Debug-iphonesimulator/FocusBlox.app/PlugIns/FocusBloxCoreTests.xctest/Frameworks --scan-folder /Users/hem/Library/Developer/Xcode/DerivedData/FocusBlox-fshkgwtdrowrvdgcqrhjhqvttdao/Build/Products/Debug-iphonesimulator/FocusBlox.app/PlugIns/FocusBloxCoreTests.xctest/PlugIns --scan-folder /Users/hem/Library/Developer/Xcode/DerivedData/FocusBlox-fshkgwtdrowrvdgcqrhjhqvttdao/Build/Products/Debug-iphonesimulator/FocusBlox.app/PlugIns/FocusBloxCoreTests.xctest/SystemExtensions --scan-folder /Users/hem/Library/Developer/Xcode/DerivedData/FocusBlox-fshkgwtdrowrvdgcqrhjhqvttdao/Build/Products/Debug-iphonesimulator/FocusBlox.app/PlugIns/FocusBloxCoreTests.xctest/Extensions --scan-folder /Users/hem/Library/Developer/Xcode/DerivedData/FocusBlox-fshkgwtdrowrvdgcqrhjhqvttdao/Build/Products/Debug-iphonesimulator/FocusBloxCore.framework --platform iphonesimulator --toolchain /Applications/Xcode.app/Contents/Developer/Toolchains/XcodeDefault.xctoolchain --destination /Users/hem/Library/Developer/Xcode/DerivedData/FocusBlox-fshkgwtdrowrvdgcqrhjhqvttdao/Build/Products/Debug-iphonesimulator/FocusBlox.app/PlugIns/FocusBloxCoreTests.xctest/Frameworks --strip-bitcode --scan-executable /Applications/Xcode.app/Contents/Developer/Platforms/iPhoneSimulator.platform/Developer/usr/lib/libXCTestSwiftSupport.dylib --strip-bitcode-tool /Applications/Xcode.app/Contents/Developer/Toolchains/XcodeDefault.xctoolchain/usr/bin/bitcode_strip --emit-dependency-info /Users/hem/Library/Developer/Xcode/DerivedData/FocusBlox-fshkgwtdrowrvdgcqrhjhqvttdao/Build/Intermediates.noindex/FocusBlox.build/Debug-iphonesimulator/FocusBloxCoreTests.build/SwiftStdLibToolInputDependencies.dep --filter-for-swift-os

ProcessInfoPlistFile /Users/hem/Library/Developer/Xcode/DerivedData/FocusBlox-fshkgwtdrowrvdgcqrhjhqvttdao/Build/Products/Debug-iphonesimulator/FocusBloxUITests-Runner.app/PlugIns/FocusBloxUITests.xctest/Info.plist /Users/hem/Library/Developer/Xcode/DerivedData/FocusBlox-fshkgwtdrowrvdgcqrhjhqvttdao/Build/Intermediates.noindex/FocusBlox.build/Debug-iphonesimulator/FocusBloxUITests.build/empty-FocusBloxUITests.plist (in target 'FocusBloxUITests' from project 'FocusBlox')
    cd /Users/hem/Developer/my-daily-sprints
    builtin-infoPlistUtility /Users/hem/Library/Developer/Xcode/DerivedData/FocusBlox-fshkgwtdrowrvdgcqrhjhqvttdao/Build/Intermediates.noindex/FocusBlox.build/Debug-iphonesimulator/FocusBloxUITests.build/empty-FocusBloxUITests.plist -producttype com.apple.product-type.bundle.ui-testing -expandbuildsettings -format binary -platform iphonesimulator -additionalcontentfile /Users/hem/Library/Developer/Xcode/DerivedData/FocusBlox-fshkgwtdrowrvdgcqrhjhqvttdao/Build/Intermediates.noindex/FocusBlox.build/Debug-iphonesimulator/FocusBloxUITests.build/ProductTypeInfoPlistAdditions.plist -o /Users/hem/Library/Developer/Xcode/DerivedData/FocusBlox-fshkgwtdrowrvdgcqrhjhqvttdao/Build/Products/Debug-iphonesimulator/FocusBloxUITests-Runner.app/PlugIns/FocusBloxUITests.xctest/Info.plist

CopySwiftLibs /Users/hem/Library/Developer/Xcode/DerivedData/FocusBlox-fshkgwtdrowrvdgcqrhjhqvttdao/Build/Products/Debug-iphonesimulator/FocusBloxUITests-Runner.app/PlugIns/FocusBloxUITests.xctest (in target 'FocusBloxUITests' from project 'FocusBlox')
    cd /Users/hem/Developer/my-daily-sprints
    builtin-swiftStdLibTool --copy --verbose --sign - --scan-executable /Users/hem/Library/Developer/Xcode/DerivedData/FocusBlox-fshkgwtdrowrvdgcqrhjhqvttdao/Build/Products/Debug-iphonesimulator/FocusBloxUITests-Runner.app/PlugIns/FocusBloxUITests.xctest/FocusBloxUITests --scan-folder /Users/hem/Library/Developer/Xcode/DerivedData/FocusBlox-fshkgwtdrowrvdgcqrhjhqvttdao/Build/Products/Debug-iphonesimulator/FocusBloxUITests-Runner.app/PlugIns/FocusBloxUITests.xctest/Frameworks --scan-folder /Users/hem/Library/Developer/Xcode/DerivedData/FocusBlox-fshkgwtdrowrvdgcqrhjhqvttdao/Build/Products/Debug-iphonesimulator/FocusBloxUITests-Runner.app/PlugIns/FocusBloxUITests.xctest/PlugIns --scan-folder /Users/hem/Library/Developer/Xcode/DerivedData/FocusBlox-fshkgwtdrowrvdgcqrhjhqvttdao/Build/Products/Debug-iphonesimulator/FocusBloxUITests-Runner.app/PlugIns/FocusBloxUITests.xctest/SystemExtensions --scan-folder /Users/hem/Library/Developer/Xcode/DerivedData/FocusBlox-fshkgwtdrowrvdgcqrhjhqvttdao/Build/Products/Debug-iphonesimulator/FocusBloxUITests-Runner.app/PlugIns/FocusBloxUITests.xctest/Extensions --platform iphonesimulator --toolchain /Applications/Xcode.app/Contents/Developer/Toolchains/XcodeDefault.xctoolchain --destination /Users/hem/Library/Developer/Xcode/DerivedData/FocusBlox-fshkgwtdrowrvdgcqrhjhqvttdao/Build/Products/Debug-iphonesimulator/FocusBloxUITests-Runner.app/PlugIns/FocusBloxUITests.xctest/Frameworks --strip-bitcode --scan-executable /Applications/Xcode.app/Contents/Developer/Platforms/iPhoneSimulator.platform/Developer/usr/lib/libXCTestSwiftSupport.dylib --strip-bitcode-tool /Applications/Xcode.app/Contents/Developer/Toolchains/XcodeDefault.xctoolchain/usr/bin/bitcode_strip --emit-dependency-info /Users/hem/Library/Developer/Xcode/DerivedData/FocusBlox-fshkgwtdrowrvdgcqrhjhqvttdao/Build/Intermediates.noindex/FocusBlox.build/Debug-iphonesimulator/FocusBloxUITests.build/SwiftStdLibToolInputDependencies.dep --filter-for-swift-os

Testing started
Test suite 'TaskTitleEngineTests' started on 'Clone 3 of FocusBlox - FocusBlox (69154)'
Test suite 'FocusBloxCoreTests' started on 'Clone 2 of FocusBlox - FocusBlox (69193)'
Test case 'FocusBloxCoreTests/example()' passed on 'Clone 2 of FocusBlox - FocusBlox (69193)' (0.000 seconds)
Test case 'TaskTitleEngineTests.test_improveAllPendingTitles_fetchesOnlyFlaggedIncompleteTasks()' passed on 'Clone 3 of FocusBlox - FocusBlox (69154)' (116.048 seconds)
Test case 'TaskTitleEngineTests.test_improveAllPendingTitles_returnsZeroWhenDisabled()' passed on 'Clone 3 of FocusBlox - FocusBlox (69154)' (0.773 seconds)
Test case 'TaskTitleEngineTests.test_improveTitleIfNeeded_improvesEmailSubject_whenAvailable()' passed on 'Clone 3 of FocusBlox - FocusBlox (69154)' (34.531 seconds)
Test case 'TaskTitleEngineTests.test_improveTitleIfNeeded_preservesExistingDescription()' passed on 'Clone 3 of FocusBlox - FocusBlox (69154)' (1.395 seconds)
Test case 'TaskTitleEngineTests.test_improveTitleIfNeeded_savesOriginalToDescription()' passed on 'Clone 3 of FocusBlox - FocusBlox (69154)' (1.168 seconds)
Test case 'TaskTitleEngineTests.test_improveTitleIfNeeded_skipsWhenAiDisabled()' passed on 'Clone 3 of FocusBlox - FocusBlox (69154)' (0.419 seconds)
Test case 'TaskTitleEngineTests.test_improveTitleIfNeeded_skipsWhenFlagIsFalse()' passed on 'Clone 3 of FocusBlox - FocusBlox (69154)' (0.090 seconds)
Test case 'TaskTitleEngineTests.test_isAvailable_returnsConsistentBool()' passed on 'Clone 3 of FocusBlox - FocusBlox (69154)' (0.011 seconds)
Test case 'TaskTitleEngineTests.test_needsTitleImprovement_defaultIsFalse()' passed on 'Clone 3 of FocusBlox - FocusBlox (69154)' (0.009 seconds)
Test suite 'SourceURLTests' started on 'Clone 3 of FocusBlox - FocusBlox (69154)'
Test case 'SourceURLTests.test_sourceURL_defaultIsNil()' passed on 'Clone 3 of FocusBlox - FocusBlox (69154)' (0.007 seconds)
Test case 'SourceURLTests.test_sourceURL_persistsInSwiftData()' passed on 'Clone 3 of FocusBlox - FocusBlox (69154)' (0.054 seconds)
Test case 'SourceURLTests.test_sourceURL_preservedAfterTitleImprovement()' passed on 'Clone 3 of FocusBlox - FocusBlox (69154)' (3.851 seconds)
Test suite 'LocalTaskSourceTests' started on 'Clone 3 of FocusBlox - FocusBlox (69154)'
Test case 'LocalTaskSourceTests.test_createTask_assignsNextSortOrder()' passed on 'Clone 3 of FocusBlox - FocusBlox (69154)' (28.526 seconds)
Test suite 'QuickAddNextUpTests' started on 'Clone 2 of FocusBlox - FocusBlox (69685)'
Test case 'LocalTaskSourceTests.test_createTask_insertsNewTask()' passed on 'Clone 3 of FocusBlox - FocusBlox (69154)' (17.410 seconds)
Test case 'LocalTaskSourceTests.test_deleteTask_removesTask()' passed on 'Clone 3 of FocusBlox - FocusBlox (69154)' (0.261 seconds)
Test case 'LocalTaskSourceTests.test_deleteTask_withInvalidID_doesNotCrash()' passed on 'Clone 3 of FocusBlox - FocusBlox (69154)' (0.044 seconds)
Test case 'LocalTaskSourceTests.test_displayName_isLocalized()' passed on 'Clone 3 of FocusBlox - FocusBlox (69154)' (0.157 seconds)
Test case 'LocalTaskSourceTests.test_fetchIncompleteRecurringTasks_emptyWhenNoRecurring()' passed on 'Clone 3 of FocusBlox - FocusBlox (69154)' (0.166 seconds)
Test case 'LocalTaskSourceTests.test_fetchIncompleteRecurringTasks_includesFutureDated()' passed on 'Clone 3 of FocusBlox - FocusBlox (69154)' (0.054 seconds)
Test case 'LocalTaskSourceTests.test_fetchIncompleteTasks_returnsOnlyIncomplete()' passed on 'Clone 3 of FocusBlox - FocusBlox (69154)' (0.035 seconds)
Test case 'LocalTaskSourceTests.test_fetchIncompleteTasks_sortsBySortOrder()' failed on 'Clone 3 of FocusBlox - FocusBlox (69154)' (35.345 seconds)
Test case 'LocalTaskSourceTests.test_isConfigured_alwaysTrue()' passed on 'Clone 3 of FocusBlox - FocusBlox (69154)' (0.086 seconds)
Test case 'LocalTaskSourceTests.test_markComplete_updatesTask()' passed on 'Clone 3 of FocusBlox - FocusBlox (69154)' (2.661 seconds)
Test case 'LocalTaskSourceTests.test_markComplete_withInvalidID_doesNotCrash()' passed on 'Clone 3 of FocusBlox - FocusBlox (69154)' (0.067 seconds)
Test case 'LocalTaskSourceTests.test_markIncomplete_updatesTask()' passed on 'Clone 3 of FocusBlox - FocusBlox (69154)' (2.401 seconds)
Test case 'LocalTaskSourceTests.test_requestAccess_alwaysReturnsTrue()' passed on 'Clone 3 of FocusBlox - FocusBlox (69154)' (0.102 seconds)
Test case 'LocalTaskSourceTests.test_sourceIdentifier_isLocal()' passed on 'Clone 3 of FocusBlox - FocusBlox (69154)' (0.158 seconds)
Test case 'LocalTaskSourceTests.test_updateTask_modifiesExistingTask()' passed on 'Clone 3 of FocusBlox - FocusBlox (69154)' (0.094 seconds)
Test case 'LocalTaskSourceTests.test_updateTask_preservesUnchangedFields()' passed on 'Clone 3 of FocusBlox - FocusBlox (69154)' (0.049 seconds)
Test suite 'RemindersImportServiceTests' started on 'Clone 3 of FocusBlox - FocusBlox (69154)'
Test case 'RemindersImportServiceTests.test_importAll_createsLocalTasks()' passed on 'Clone 3 of FocusBlox - FocusBlox (69154)' (0.122 seconds)
Test case 'RemindersImportServiceTests.test_importAll_defaultDoesNotMarkComplete()' passed on 'Clone 3 of FocusBlox - FocusBlox (69154)' (0.254 seconds)
Test case 'RemindersImportServiceTests.test_importAll_doesNotEnrichWhenReminderNotRecurring()' passed on 'Clone 3 of FocusBlox - FocusBlox (69154)' (0.114 seconds)
Test case 'RemindersImportServiceTests.test_importAll_doesNotOverwriteExistingRecurrence()' passed on 'Clone 3 of FocusBlox - FocusBlox (69154)' (0.054 seconds)
Test case 'RemindersImportServiceTests.test_importAll_enrichesExistingTaskWithRecurrence()' passed on 'Clone 3 of FocusBlox - FocusBlox (69154)' (0.123 seconds)
Test case 'RemindersImportServiceTests.test_importAll_mapsPriorityCorrectly()' passed on 'Clone 3 of FocusBlox - FocusBlox (69154)' (0.081 seconds)
Test case 'RemindersImportServiceTests.test_importAll_markCompleteMarksAllFilteredReminders()' passed on 'Clone 3 of FocusBlox - FocusBlox (69154)' (0.024 seconds)
Test case 'RemindersImportServiceTests.test_importAll_nonRecurringReminderStaysVisible()' passed on 'Clone 3 of FocusBlox - FocusBlox (69154)' (0.328 seconds)
Test case 'RemindersImportServiceTests.test_importAll_recurringReminderCreatesFilteredTask()' passed on 'Clone 3 of FocusBlox - FocusBlox (69154)' (0.056 seconds)
Test case 'RemindersImportServiceTests.test_importAll_reportsMarkCompleteFailures()' passed on 'Clone 3 of FocusBlox - FocusBlox (69154)' (0.049 seconds)
Test case 'RemindersImportServiceTests.test_importAll_reportsMarkCompleteSuccess()' passed on 'Clone 3 of FocusBlox - FocusBlox (69154)' (0.073 seconds)
Test case 'RemindersImportServiceTests.test_importAll_respectsVisibleListsFilter()' passed on 'Clone 3 of FocusBlox - FocusBlox (69154)' (0.062 seconds)
Test case 'RemindersImportServiceTests.test_importAll_skipsDuplicates()' passed on 'Clone 3 of FocusBlox - FocusBlox (69154)' (0.090 seconds)
Test case 'RemindersImportServiceTests.test_importAll_transfersDueDateAndNotes()' passed on 'Clone 3 of FocusBlox - FocusBlox (69154)' (0.086 seconds)
Test case 'RemindersImportServiceTests.test_importAll_twiceProducesNoDuplicates()' passed on 'Clone 3 of FocusBlox - FocusBlox (69154)' (0.155 seconds)
Test case 'RemindersImportServiceTests.test_importAll_withNoReminders_returnsEmpty()' passed on 'Clone 3 of FocusBlox - FocusBlox (69154)' (0.091 seconds)
Test case 'RemindersImportServiceTests.test_importAll_withoutMarkComplete_doesNotMarkReminders()' passed on 'Clone 3 of FocusBlox - FocusBlox (69154)' (0.104 seconds)
Test case 'RemindersImportServiceTests.test_mapRecurrenceRules_biweekly()' passed on 'Clone 3 of FocusBlox - FocusBlox (69154)' (0.081 seconds)
Test case 'RemindersImportServiceTests.test_mapRecurrenceRules_daily()' passed on 'Clone 3 of FocusBlox - FocusBlox (69154)' (0.005 seconds)
Test case 'RemindersImportServiceTests.test_mapRecurrenceRules_emptyRules()' passed on 'Clone 3 of FocusBlox - FocusBlox (69154)' (0.005 seconds)
Test case 'RemindersImportServiceTests.test_mapRecurrenceRules_monthly()' passed on 'Clone 3 of FocusBlox - FocusBlox (69154)' (0.066 seconds)
Test case 'RemindersImportServiceTests.test_mapRecurrenceRules_nilRules()' passed on 'Clone 3 of FocusBlox - FocusBlox (69154)' (0.064 seconds)
Test case 'RemindersImportServiceTests.test_mapRecurrenceRules_weekly()' passed on 'Clone 3 of FocusBlox - FocusBlox (69154)' (0.025 seconds)
Test case 'RemindersImportServiceTests.test_mapRecurrenceRules_yearly_fallsBackToNone()' passed on 'Clone 3 of FocusBlox - FocusBlox (69154)' (0.021 seconds)
Test case 'RemindersImportServiceTests.test_migration_convertsRemindersToLocal()' passed on 'Clone 3 of FocusBlox - FocusBlox (69154)' (0.060 seconds)
Test case 'RemindersImportServiceTests.test_migration_isIdempotent()' passed on 'Clone 3 of FocusBlox - FocusBlox (69154)' (0.188 seconds)
Test suite 'SyncEngineTests' started on 'Clone 3 of FocusBlox - FocusBlox (69154)'
Test case 'SyncEngineTests.test_completeTask_nonRecurring_doesNotCreateInstance()' passed on 'Clone 3 of FocusBlox - FocusBlox (69154)' (0.045 seconds)
Test case 'SyncEngineTests.test_completeTask_recurring_createsNextInstance()' passed on 'Clone 3 of FocusBlox - FocusBlox (69154)' (0.053 seconds)
Test case 'SyncEngineTests.test_deleteRecurringSeries_deletesAllOpen()' passed on 'Clone 3 of FocusBlox - FocusBlox (69154)' (0.049 seconds)
Test case 'SyncEngineTests.test_deleteSingleInstance_keepsOthers()' passed on 'Clone 3 of FocusBlox - FocusBlox (69154)' (0.058 seconds)
Test case 'SyncEngineTests.test_editSeries_recurrenceChange_shouldNotAffectCompleted()' passed on 'Clone 3 of FocusBlox - FocusBlox (69154)' (0.070 seconds)
Test suite 'LocalTaskTests' started on 'Clone 1 of FocusBlox - FocusBlox (69782)'
Test case 'LocalTaskTests.test_createTask_withPriorityButton_savesCorrectValue()' passed on 'Clone 1 of FocusBlox - FocusBlox (69782)' (0.153 seconds)
Test case 'SyncEngineTests.test_editSeries_shouldPropagateRecurrenceMonthDay()' passed on 'Clone 3 of FocusBlox - FocusBlox (69154)' (0.189 seconds)
Test case 'LocalTaskTests.test_localTask_allFieldsCanBeSet()' passed on 'Clone 1 of FocusBlox - FocusBlox (69782)' (0.008 seconds)
Test case 'LocalTaskTests.test_localTask_canBeDeleted()' passed on 'Clone 1 of FocusBlox - FocusBlox (69782)' (0.006 seconds)
Test case 'SyncEngineTests.test_editSeries_shouldPropagateRecurrencePattern()' passed on 'Clone 3 of FocusBlox - FocusBlox (69154)' (0.046 seconds)
Test case 'LocalTaskTests.test_localTask_canBeSaved()' passed on 'Clone 1 of FocusBlox - FocusBlox (69782)' (0.006 seconds)
Test case 'LocalTaskTests.test_localTask_canBeUpdated()' passed on 'Clone 1 of FocusBlox - FocusBlox (69782)' (0.007 seconds)
Test case 'LocalTaskTests.test_localTask_canFetchIncomplete()' passed on 'Clone 1 of FocusBlox - FocusBlox (69782)' (0.007 seconds)
Test case 'SyncEngineTests.test_editSeries_updatesAllOpen()' passed on 'Clone 3 of FocusBlox - FocusBlox (69154)' (0.065 seconds)
Test case 'LocalTaskTests.test_localTask_canSetOptionalProperties()' passed on 'Clone 1 of FocusBlox - FocusBlox (69782)' (0.006 seconds)
Test case 'LocalTaskTests.test_localTask_canSortBySortOrder()' passed on 'Clone 1 of FocusBlox - FocusBlox (69782)' (0.006 seconds)
Test case 'SyncEngineTests.test_editSingleInstance_keepsOthers()' passed on 'Clone 3 of FocusBlox - FocusBlox (69154)' (0.051 seconds)
Test case 'LocalTaskTests.test_localTask_conformsToTaskSourceData()' passed on 'Clone 1 of FocusBlox - FocusBlox (69782)' (0.006 seconds)
Test case 'LocalTaskTests.test_localTask_defaultValues_phase1()' failed on 'Clone 1 of FocusBlox - FocusBlox (69782)' (0.855 seconds)
Test case 'LocalTaskTests.test_localTask_descriptionCanBeSet()' passed on 'Clone 1 of FocusBlox - FocusBlox (69782)' (0.014 seconds)
Test case 'LocalTaskTests.test_localTask_estimatedDuration_canBeReset()' passed on 'Clone 1 of FocusBlox - FocusBlox (69782)' (0.048 seconds)
Test case 'LocalTaskTests.test_localTask_estimatedDuration_canBeSet()' passed on 'Clone 1 of FocusBlox - FocusBlox (69782)' (0.060 seconds)
Test case 'LocalTaskTests.test_localTask_estimatedDuration_defaultsToNil()' passed on 'Clone 1 of FocusBlox - FocusBlox (69782)' (0.052 seconds)
Test case 'LocalTaskTests.test_localTask_externalIDCanBeSet()' passed on 'Clone 1 of FocusBlox - FocusBlox (69782)' (0.017 seconds)
Test case 'LocalTaskTests.test_localTask_hasRequiredProperties()' passed on 'Clone 1 of FocusBlox - FocusBlox (69782)' (0.009 seconds)
Test case 'LocalTaskTests.test_localTask_recurringFlagWorks()' passed on 'Clone 1 of FocusBlox - FocusBlox (69782)' (0.004 seconds)
Test case 'LocalTaskTests.test_localTask_sourceSystemCanBeSet()' passed on 'Clone 1 of FocusBlox - FocusBlox (69782)' (0.046 seconds)
Test case 'LocalTaskTests.test_localTask_taskTypeCanBeSet()' passed on 'Clone 1 of FocusBlox - FocusBlox (69782)' (0.018 seconds)
Test case 'LocalTaskTests.test_localTask_urgencyCanBeSet()' passed on 'Clone 1 of FocusBlox - FocusBlox (69782)' (0.007 seconds)
Test case 'LocalTaskTests.test_priorityQuickSelect_usesButtons_notPicker()' passed on 'Clone 1 of FocusBlox - FocusBlox (69782)' (0.013 seconds)
Test case 'LocalTaskTests.test_prioritySection_matchesDurationLayout()' passed on 'Clone 1 of FocusBlox - FocusBlox (69782)' (0.005 seconds)
Test case 'LocalTaskTests.test_quickPriorityButton_hasDisplayNameWithEmoji()' passed on 'Clone 1 of FocusBlox - FocusBlox (69782)' (0.006 seconds)
Test case 'LocalTaskTests.test_quickPriorityButton_structExists()' passed on 'Clone 1 of FocusBlox - FocusBlox (69782)' (0.006 seconds)
Test suite 'RecurrenceServiceTests' started on 'Clone 1 of FocusBlox - FocusBlox (69782)'
Test case 'RecurrenceServiceTests.test_repairOrphaned_createsSuccessorForOrphanedSeries()' passed on 'Clone 1 of FocusBlox - FocusBlox (69782)' (0.058 seconds)
Test case 'RecurrenceServiceTests.test_repairOrphaned_ignoresNonRecurring()' passed on 'Clone 1 of FocusBlox - FocusBlox (69782)' (0.016 seconds)
Test case 'RecurrenceServiceTests.test_repairOrphaned_skipsSeriesWithOpenSuccessor()' passed on 'Clone 1 of FocusBlox - FocusBlox (69782)' (0.017 seconds)
Test case 'RecurrenceServiceTests.testCreateNextInstance_copiesAttributes()' passed on 'Clone 1 of FocusBlox - FocusBlox (69782)' (0.062 seconds)
Test case 'RecurrenceServiceTests.testCreateNextInstance_dedup_preventsDuplicateForSameDueDate()' passed on 'Clone 1 of FocusBlox - FocusBlox (69782)' (0.102 seconds)
Test case 'RecurrenceServiceTests.testCreateNextInstance_nonePattern()' passed on 'Clone 1 of FocusBlox - FocusBlox (69782)' (0.073 seconds)
Test case 'RecurrenceServiceTests.testCreateNextInstance_resetsState()' passed on 'Clone 1 of FocusBlox - FocusBlox (69782)' (0.053 seconds)
Test case 'RecurrenceServiceTests.testCreateNextInstance_usesRecurrenceInterval()' passed on 'Clone 1 of FocusBlox - FocusBlox (69782)' (0.059 seconds)
Test case 'RecurrenceServiceTests.testFetchIncompleteTasks_hidesForwardDatedRecurring()' passed on 'Clone 1 of FocusBlox - FocusBlox (69782)' (0.094 seconds)
Test case 'RecurrenceServiceTests.testFetchIncompleteTasks_showsRecurringWithoutDueDate()' passed on 'Clone 1 of FocusBlox - FocusBlox (69782)' (0.071 seconds)
Test case 'RecurrenceServiceTests.testNextDueDate_biweekly()' passed on 'Clone 1 of FocusBlox - FocusBlox (69782)' (0.001 seconds)
Test case 'RecurrenceServiceTests.testNextDueDate_custom_dailyBase_interval3()' passed on 'Clone 1 of FocusBlox - FocusBlox (69782)' (0.001 seconds)
Test case 'RecurrenceServiceTests.testNextDueDate_custom_monthlyBase_interval2()' passed on 'Clone 1 of FocusBlox - FocusBlox (69782)' (0.001 seconds)
Test case 'RecurrenceServiceTests.testNextDueDate_custom_nilMonthDay_defaultsToDaily()' passed on 'Clone 1 of FocusBlox - FocusBlox (69782)' (0.000 seconds)
Test case 'RecurrenceServiceTests.testNextDueDate_custom_weeklyBase_interval2()' passed on 'Clone 1 of FocusBlox - FocusBlox (69782)' (0.000 seconds)
Test case 'RecurrenceServiceTests.testNextDueDate_custom_yearlyBase_interval1()' passed on 'Clone 1 of FocusBlox - FocusBlox (69782)' (0.001 seconds)
Test case 'RecurrenceServiceTests.testNextDueDate_daily()' passed on 'Clone 1 of FocusBlox - FocusBlox (69782)' (0.000 seconds)
Test case 'RecurrenceServiceTests.testNextDueDate_daily_interval3()' passed on 'Clone 1 of FocusBlox - FocusBlox (69782)' (0.001 seconds)
Test case 'RecurrenceServiceTests.testNextDueDate_daily_nilInterval_behavesAsDefault()' passed on 'Clone 1 of FocusBlox - FocusBlox (69782)' (0.000 seconds)
Test case 'RecurrenceServiceTests.testNextDueDate_monthly_interval3()' passed on 'Clone 1 of FocusBlox - FocusBlox (69782)' (0.001 seconds)
Test case 'RecurrenceServiceTests.testNextDueDate_monthly_lastDay()' passed on 'Clone 1 of FocusBlox - FocusBlox (69782)' (0.001 seconds)
Test case 'RecurrenceServiceTests.testNextDueDate_monthly_withMonthDay()' passed on 'Clone 1 of FocusBlox - FocusBlox (69782)' (0.001 seconds)
Test case 'RecurrenceServiceTests.testNextDueDate_none()' passed on 'Clone 1 of FocusBlox - FocusBlox (69782)' (0.001 seconds)
Test case 'RecurrenceServiceTests.testNextDueDate_quarterly()' passed on 'Clone 1 of FocusBlox - FocusBlox (69782)' (0.001 seconds)
Test case 'RecurrenceServiceTests.testNextDueDate_quarterly_endOfMonth()' passed on 'Clone 1 of FocusBlox - FocusBlox (69782)' (0.000 seconds)
Test case 'RecurrenceServiceTests.testNextDueDate_semiannually()' passed on 'Clone 1 of FocusBlox - FocusBlox (69782)' (0.001 seconds)
Test case 'RecurrenceServiceTests.testNextDueDate_weekdays_fromFriday()' passed on 'Clone 1 of FocusBlox - FocusBlox (69782)' (0.001 seconds)
Test case 'RecurrenceServiceTests.testNextDueDate_weekdays_fromWednesday()' passed on 'Clone 1 of FocusBlox - FocusBlox (69782)' (0.013 seconds)
Test case 'RecurrenceServiceTests.testNextDueDate_weekends_fromSaturday()' passed on 'Clone 1 of FocusBlox - FocusBlox (69782)' (0.001 seconds)
Test case 'RecurrenceServiceTests.testNextDueDate_weekends_fromWednesday()' passed on 'Clone 1 of FocusBlox - FocusBlox (69782)' (0.001 seconds)
Test case 'RecurrenceServiceTests.testNextDueDate_weekly_interval2()' passed on 'Clone 1 of FocusBlox - FocusBlox (69782)' (0.001 seconds)
Test case 'RecurrenceServiceTests.testNextDueDate_weekly_noWeekdays()' passed on 'Clone 1 of FocusBlox - FocusBlox (69782)' (0.001 seconds)
Test case 'RecurrenceServiceTests.testNextDueDate_weekly_withWeekdays()' passed on 'Clone 1 of FocusBlox - FocusBlox (69782)' (0.001 seconds)
Test case 'RecurrenceServiceTests.testNextDueDate_yearly()' passed on 'Clone 1 of FocusBlox - FocusBlox (69782)' (0.001 seconds)
Test case 'RecurrenceServiceTests.testNextDueDate_yearly_interval2()' passed on 'Clone 1 of FocusBlox - FocusBlox (69782)' (0.001 seconds)
Test case 'RecurrenceServiceTests.testRecurrenceGroupID_copiedOnNewInstance()' passed on 'Clone 1 of FocusBlox - FocusBlox (69782)' (0.321 seconds)
Test case 'RecurrenceServiceTests.testRecurrenceGroupID_generatedWhenNil()' passed on 'Clone 1 of FocusBlox - FocusBlox (69782)' (0.097 seconds)
Test suite 'EisenhowerMatrixTests' started on 'Clone 1 of FocusBlox - FocusBlox (69782)'
Test case 'EisenhowerMatrixTests.test_allQuadrants_distributeTasksCorrectly()' passed on 'Clone 1 of FocusBlox - FocusBlox (69782)' (0.057 seconds)
Test case 'EisenhowerMatrixTests.test_allTasksCompleted_allQuadrantsEmpty()' passed on 'Clone 1 of FocusBlox - FocusBlox (69782)' (0.056 seconds)
Test case 'EisenhowerMatrixTests.test_delegateQuadrant_filtersUrgentAndLowerPriority()' passed on 'Clone 1 of FocusBlox - FocusBlox (69782)' (0.053 seconds)
Test case 'EisenhowerMatrixTests.test_doFirstQuadrant_excludesCompletedTasks()' passed on 'Clone 1 of FocusBlox - FocusBlox (69782)' (0.058 seconds)
Test case 'EisenhowerMatrixTests.test_doFirstQuadrant_filtersUrgentAndHighPriority()' passed on 'Clone 1 of FocusBlox - FocusBlox (69782)' (0.050 seconds)
Test case 'EisenhowerMatrixTests.test_eliminateQuadrant_filtersNotUrgentAndLowerPriority()' passed on 'Clone 1 of FocusBlox - FocusBlox (69782)' (0.076 seconds)
Test case 'EisenhowerMatrixTests.test_emptyState_allQuadrantsEmpty()' passed on 'Clone 1 of FocusBlox - FocusBlox (69782)' (0.107 seconds)
Test case 'EisenhowerMatrixTests.test_scheduleQuadrant_filtersNotUrgentAndHighPriority()' passed on 'Clone 1 of FocusBlox - FocusBlox (69782)' (0.094 seconds)
Test suite 'TbdTasksTests' started on 'Clone 1 of FocusBlox - FocusBlox (69782)'
Test case 'TbdTasksTests.test_importanceFieldExists()' passed on 'Clone 1 of FocusBlox - FocusBlox (69782)' (0.004 seconds)
Test case 'TbdTasksTests.test_isTbd_autoRemovesWhenComplete()' passed on 'Clone 1 of FocusBlox - FocusBlox (69782)' (0.004 seconds)
Test case 'TbdTasksTests.test_isTbd_falseWhenAllSet()' passed on 'Clone 1 of FocusBlox - FocusBlox (69782)' (0.005 seconds)
Test case 'TbdTasksTests.test_isTbd_trueWhenAllNil()' passed on 'Clone 1 of FocusBlox - FocusBlox (69782)' (0.005 seconds)
Test case 'TbdTasksTests.test_isTbd_trueWhenOnlyDurationSet()' passed on 'Clone 1 of FocusBlox - FocusBlox (69782)' (0.009 seconds)
Test case 'TbdTasksTests.test_isTbd_trueWhenOnlyImportanceSet()' passed on 'Clone 1 of FocusBlox - FocusBlox (69782)' (0.004 seconds)
Test case 'TbdTasksTests.test_isTbd_trueWhenOnlyUrgencySet()' passed on 'Clone 1 of FocusBlox - FocusBlox (69782)' (0.004 seconds)
Test case 'TbdTasksTests.test_isTbd_trueWhenTwoOfThreeSet()' passed on 'Clone 1 of FocusBlox - FocusBlox (69782)' (0.004 seconds)
Test case 'TbdTasksTests.test_newTask_hasNilValues_noFakeDefaults()' passed on 'Clone 1 of FocusBlox - FocusBlox (69782)' (0.005 seconds)
Test case 'TbdTasksTests.test_planItem_inheritsNonTbdFromLocalTask()' passed on 'Clone 1 of FocusBlox - FocusBlox (69782)' (0.058 seconds)
Test case 'TbdTasksTests.test_planItem_inheritsTbdFromLocalTask()' passed on 'Clone 1 of FocusBlox - FocusBlox (69782)' (0.043 seconds)
Test case 'TbdTasksTests.test_task_estimatedDurationCanBeSet_othersRemainNil()' passed on 'Clone 1 of FocusBlox - FocusBlox (69782)' (0.005 seconds)
Test case 'TbdTasksTests.test_task_importanceCanBeSet_othersRemainNil()' passed on 'Clone 1 of FocusBlox - FocusBlox (69782)' (0.011 seconds)
Test case 'TbdTasksTests.test_task_urgencyCanBeSet_othersRemainNil()' passed on 'Clone 1 of FocusBlox - FocusBlox (69782)' (0.008 seconds)
Test suite 'RecurringTemplateTests' started on 'Clone 1 of FocusBlox - FocusBlox (69782)'
Test case 'RecurringTemplateTests.test_childTask_visibleInBacklog()' passed on 'Clone 1 of FocusBlox - FocusBlox (69782)' (0.005 seconds)
Test case 'RecurringTemplateTests.test_completeTask_templateCannotBeCompleted()' passed on 'Clone 1 of FocusBlox - FocusBlox (69782)' (0.039 seconds)
Test case 'RecurringTemplateTests.test_completingChild_templateRemainsVisible()' passed on 'Clone 1 of FocusBlox - FocusBlox (69782)' (0.046 seconds)
Test case 'RecurringTemplateTests.test_createNextInstance_usesTemplate()' passed on 'Clone 1 of FocusBlox - FocusBlox (69782)' (0.046 seconds)
Test case 'RecurringTemplateTests.test_deleteRecurringTemplate_deletesTemplateAndOpenChildren()' passed on 'Clone 1 of FocusBlox - FocusBlox (69782)' (0.044 seconds)
Test case 'RecurringTemplateTests.test_localTask_isTemplate_defaultFalse()' passed on 'Clone 1 of FocusBlox - FocusBlox (69782)' (0.005 seconds)
Test case 'RecurringTemplateTests.test_migrateToTemplateModel_createsTemplate()' passed on 'Clone 1 of FocusBlox - FocusBlox (69782)' (0.059 seconds)
Test case 'RecurringTemplateTests.test_migrateToTemplateModel_idempotent()' passed on 'Clone 1 of FocusBlox - FocusBlox (69782)' (0.150 seconds)
Test case 'RecurringTemplateTests.test_planItem_reflectsIsTemplate()' passed on 'Clone 1 of FocusBlox - FocusBlox (69782)' (0.008 seconds)
Test case 'RecurringTemplateTests.test_realWorldMigration_onlyTemplatesVisibleInRecurringView()' passed on 'Clone 1 of FocusBlox - FocusBlox (69782)' (0.081 seconds)
Test case 'RecurringTemplateTests.test_template_notVisibleInBacklog()' passed on 'Clone 1 of FocusBlox - FocusBlox (69782)' (0.007 seconds)
Test case 'SyncEngineTests.test_sync_returnsIncompleteTasks()' failed on 'Clone 3 of FocusBlox - FocusBlox (69154)' (0.000 seconds)
Test case 'QuickAddNextUpTests.test_createTask_defaultIsNextUp_false()' passed on 'Clone 2 of FocusBlox - FocusBlox (69685)' (81.149 seconds)
Test case 'QuickAddNextUpTests.test_nextUpTask_appearsInNextUpQuery()' passed on 'Clone 2 of FocusBlox - FocusBlox (69685)' (84.643 seconds)
Test case 'QuickAddNextUpTests.test_setNextUpAfterCreation_setsProperties()' passed on 'Clone 2 of FocusBlox - FocusBlox (69685)' (6.774 seconds)
Test suite 'NextUpTests' started on 'Clone 2 of FocusBlox - FocusBlox (69685)'
Test case 'NextUpTests.test_backlogFilter_excludesNextUpTasks()' passed on 'Clone 2 of FocusBlox - FocusBlox (69685)' (0.032 seconds)
Test case 'NextUpTests.test_doFirstFilter_excludesNextUpTasks()' passed on 'Clone 2 of FocusBlox - FocusBlox (69685)' (0.074 seconds)
Test case 'NextUpTests.test_fetch_onlyNextUpTasks()' passed on 'Clone 2 of FocusBlox - FocusBlox (69685)' (0.095 seconds)
Test case 'NextUpTests.test_localTask_isNextUp_canBeSetToTrue()' passed on 'Clone 2 of FocusBlox - FocusBlox (69685)' (0.018 seconds)
Test case 'NextUpTests.test_localTask_isNextUp_defaultsFalse()' passed on 'Clone 2 of FocusBlox - FocusBlox (69685)' (0.021 seconds)
Test case 'NextUpTests.test_localTask_isNextUp_persistsAfterSave()' passed on 'Clone 2 of FocusBlox - FocusBlox (69685)' (0.338 seconds)
Test case 'NextUpTests.test_planItem_preservesIsNextUp_false()' passed on 'Clone 2 of FocusBlox - FocusBlox (69685)' (0.023 seconds)
Test case 'NextUpTests.test_planItem_preservesIsNextUp_true()' passed on 'Clone 2 of FocusBlox - FocusBlox (69685)' (0.019 seconds)
Test case 'NextUpTests.test_syncEngine_updateNextUp_invalidID_doesNotCrash()' passed on 'Clone 2 of FocusBlox - FocusBlox (69685)' (0.004 seconds)
Test case 'NextUpTests.test_syncEngine_updateNextUp_setsFalse()' passed on 'Clone 2 of FocusBlox - FocusBlox (69685)' (0.019 seconds)
Test case 'NextUpTests.test_syncEngine_updateNextUp_setsTrue()' passed on 'Clone 2 of FocusBlox - FocusBlox (69685)' (0.008 seconds)
Test suite 'TemplateDedupTests' started on 'Clone 2 of FocusBlox - FocusBlox (69685)'
Test case 'TemplateDedupTests.test_deduplicateTemplates_keepsNewestTemplate()' passed on 'Clone 2 of FocusBlox - FocusBlox (69685)' (0.049 seconds)
Test case 'TemplateDedupTests.test_deduplicateTemplates_mergesAcrossPatterns()' passed on 'Clone 2 of FocusBlox - FocusBlox (69685)' (0.030 seconds)
Test case 'TemplateDedupTests.test_deduplicateTemplates_noDuplicates_noOp()' passed on 'Clone 2 of FocusBlox - FocusBlox (69685)' (0.047 seconds)
Test case 'TemplateDedupTests.test_deduplicateTemplates_reassignsChildrenToSurvivor()' passed on 'Clone 2 of FocusBlox - FocusBlox (69685)' (0.019 seconds)
Test case 'TemplateDedupTests.test_deduplicateTemplates_reducesDuplicatesToOne()' passed on 'Clone 2 of FocusBlox - FocusBlox (69685)' (0.026 seconds)
Test case 'TemplateDedupTests.test_template_withNextUp_shouldNotBeVisibleInBacklog()' passed on 'Clone 2 of FocusBlox - FocusBlox (69685)' (0.003 seconds)
Test suite 'LiveActivityManagerTests' started on 'Clone 2 of FocusBlox - FocusBlox (69685)'
Test case 'LiveActivityManagerTests.testEndActivityWhenNoActivityDoesNotCrash()' passed on 'Clone 2 of FocusBlox - FocusBlox (69685)' (0.104 seconds)
Test case 'LiveActivityManagerTests.testInitialStateHasNoActivity()' passed on 'Clone 2 of FocusBlox - FocusBlox (69685)' (0.000 seconds)
Test case 'LiveActivityManagerTests.testIsSupportedReturnsBoolean()' passed on 'Clone 2 of FocusBlox - FocusBlox (69685)' (0.285 seconds)
Test case 'LiveActivityManagerTests.testStartActivityHandlesUnsupportedDevice()' passed on 'Clone 2 of FocusBlox - FocusBlox (69685)' (8.661 seconds)
Test case 'LiveActivityManagerTests.testUpdateActivityWhenNoActivityDoesNotCrash()' passed on 'Clone 2 of FocusBlox - FocusBlox (69685)' (0.013 seconds)
Test suite 'TaskCompletionUndoServiceTests' started on 'Clone 2 of FocusBlox - FocusBlox (69685)'
Test case 'TaskCompletionUndoServiceTests.test_capture_storesSnapshot_and_canUndo()' passed on 'Clone 2 of FocusBlox - FocusBlox (69685)' (3.471 seconds)
Test case 'TaskCompletionUndoServiceTests.test_newCompletion_replacesOldSnapshot()' passed on 'Clone 2 of FocusBlox - FocusBlox (69685)' (1.148 seconds)
Test case 'TaskCompletionUndoServiceTests.test_undo_clearsSnapshot()' passed on 'Clone 2 of FocusBlox - FocusBlox (69685)' (0.092 seconds)
Test case 'TaskCompletionUndoServiceTests.test_undo_deletesRecurringInstance()' passed on 'Clone 2 of FocusBlox - FocusBlox (69685)' (0.142 seconds)
Test case 'TaskCompletionUndoServiceTests.test_undo_restoresFullTaskState()' passed on 'Clone 2 of FocusBlox - FocusBlox (69685)' (0.038 seconds)
Test case 'TaskCompletionUndoServiceTests.test_undo_taskDeleted_returnsNil()' passed on 'Clone 2 of FocusBlox - FocusBlox (69685)' (0.004 seconds)
Test case 'TaskCompletionUndoServiceTests.test_undo_withNoSnapshot_returnsNil()' passed on 'Clone 2 of FocusBlox - FocusBlox (69685)' (0.003 seconds)
Test case 'TaskCompletionUndoServiceTests.test_undo_withoutRecurringInstance_worksNormally()' passed on 'Clone 2 of FocusBlox - FocusBlox (69685)' (0.044 seconds)
Test suite 'ReviewOutsideSprintTests' started on 'Clone 2 of FocusBlox - FocusBlox (69685)'
Test case 'ReviewOutsideSprintTests.testCompletedWithoutCompletedAt_isInvisibleInReview()' passed on 'Clone 2 of FocusBlox - FocusBlox (69685)' (1.354 seconds)
Test case 'ReviewOutsideSprintTests.testOutsideSprintFilter_excludesBlockTasks()' passed on 'Clone 2 of FocusBlox - FocusBlox (69685)' (0.017 seconds)
Test case 'ReviewOutsideSprintTests.testTodayCompletedTasks_excludesIncomplete()' passed on 'Clone 2 of FocusBlox - FocusBlox (69685)' (0.004 seconds)
Test case 'ReviewOutsideSprintTests.testTodayCompletedTasks_excludesYesterday()' passed on 'Clone 2 of FocusBlox - FocusBlox (69685)' (0.006 seconds)
Test case 'ReviewOutsideSprintTests.testTodayCompletedTasks_includesAllCompleted()' passed on 'Clone 2 of FocusBlox - FocusBlox (69685)' (0.004 seconds)
Test suite 'AITaskScoringServiceTests' started on 'Clone 2 of FocusBlox - FocusBlox (69685)'
Test case 'AITaskScoringServiceTests.test_aiService_isAvailable_returnsBool()' passed on 'Clone 2 of FocusBlox - FocusBlox (69685)' (0.142 seconds)
Test case 'AITaskScoringServiceTests.test_appSettings_aiScoringEnabled_defaultTrue()' passed on 'Clone 2 of FocusBlox - FocusBlox (69685)' (0.005 seconds)
Test case 'AITaskScoringServiceTests.test_localTask_aiFields_defaultNil()' passed on 'Clone 2 of FocusBlox - FocusBlox (69685)' (0.002 seconds)
Test case 'AITaskScoringServiceTests.test_localTask_aiScore_acceptsValidRange()' passed on 'Clone 2 of FocusBlox - FocusBlox (69685)' (0.027 seconds)
Test case 'AITaskScoringServiceTests.test_localTask_hasAIScoring_falseByDefault()' passed on 'Clone 2 of FocusBlox - FocusBlox (69685)' (0.093 seconds)
Test case 'AITaskScoringServiceTests.test_localTask_hasAIScoring_trueAfterScoring()' passed on 'Clone 2 of FocusBlox - FocusBlox (69685)' (0.003 seconds)
Test case 'AITaskScoringServiceTests.test_localTask_manualImportancePreserved()' passed on 'Clone 2 of FocusBlox - FocusBlox (69685)' (0.003 seconds)
Test case 'AITaskScoringServiceTests.test_localTask_tbdTask_acceptsSuggestedImportance()' passed on 'Clone 2 of FocusBlox - FocusBlox (69685)' (0.002 seconds)
Test case 'AITaskScoringServiceTests.test_planItem_carriesAIFields()' passed on 'Clone 2 of FocusBlox - FocusBlox (69685)' (0.028 seconds)
Test case 'AITaskScoringServiceTests.test_planItem_nilAIFieldsWithoutScoring()' passed on 'Clone 2 of FocusBlox - FocusBlox (69685)' (0.021 seconds)
Test suite 'DedupCleanupTests' started on 'Clone 2 of FocusBlox - FocusBlox (69685)'
Test case 'DedupCleanupTests.testDedupDoesNothingWithoutExternalIDs()' passed on 'Clone 2 of FocusBlox - FocusBlox (69685)' (0.035 seconds)
Test case 'DedupCleanupTests.testDedupKeepsEnrichedDeletesStripped()' passed on 'Clone 2 of FocusBlox - FocusBlox (69685)' (0.049 seconds)
Test case 'DedupCleanupTests.testDedupKeepsMostEnrichedOfThree()' passed on 'Clone 2 of FocusBlox - FocusBlox (69685)' (0.023 seconds)
Test case 'DedupCleanupTests.testDedupKeepsTaskWithUniqueExternalID()' passed on 'Clone 2 of FocusBlox - FocusBlox (69685)' (0.058 seconds)
Test suite 'PlanItemTests' started on 'Clone 2 of FocusBlox - FocusBlox (69685)'
Test case 'PlanItemTests.test_init_fromLocalTask_copiesBasicProperties()' passed on 'Clone 2 of FocusBlox - FocusBlox (69685)' (0.012 seconds)
Test case 'PlanItemTests.test_init_fromLocalTask_estimatedDurationOverridesParsed()' passed on 'Clone 2 of FocusBlox - FocusBlox (69685)' (0.097 seconds)
Test case 'PlanItemTests.test_init_fromLocalTask_parsesDurationFromTitle()' passed on 'Clone 2 of FocusBlox - FocusBlox (69685)' (0.093 seconds)
Test case 'PlanItemTests.test_init_fromLocalTask_usesDefaultDuration()' passed on 'Clone 2 of FocusBlox - FocusBlox (69685)' (0.003 seconds)
Test case 'PlanItemTests.test_init_fromLocalTask_usesEstimatedDuration()' passed on 'Clone 2 of FocusBlox - FocusBlox (69685)' (0.002 seconds)
Test suite 'QuickCaptureIntentTests' started on 'Clone 2 of FocusBlox - FocusBlox (69685)'
Test case 'QuickCaptureIntentTests.testCycleImportanceIntent()' passed on 'Clone 2 of FocusBlox - FocusBlox (69685)' (0.180 seconds)
Test case 'QuickCaptureIntentTests.testCycleUrgencyIntent()' passed on 'Clone 2 of FocusBlox - FocusBlox (69685)' (0.019 seconds)
Test case 'QuickCaptureIntentTests.testSaveQuickCaptureIntent()' passed on 'Clone 2 of FocusBlox - FocusBlox (69685)' (1.101 seconds)
Test case 'QuickCaptureIntentTests.testSharedModelContainerUsesAppGroup()' passed on 'Clone 2 of FocusBlox - FocusBlox (69685)' (0.032 seconds)
Test suite 'IntentSwiftDataTests' started on 'Clone 2 of FocusBlox - FocusBlox (69685)'
Test case 'IntentSwiftDataTests.testCompleteTaskUpdatesTask()' passed on 'Clone 2 of FocusBlox - FocusBlox (69685)' (1.574 seconds)
Test case 'IntentSwiftDataTests.testCreateTaskIntentSavesTask()' passed on 'Clone 2 of FocusBlox - FocusBlox (69685)' (0.490 seconds)
Test case 'IntentSwiftDataTests.testGetNextUpQueryReturnsTasks()' passed on 'Clone 2 of FocusBlox - FocusBlox (69685)' (0.197 seconds)
Test suite 'ListViewsCleanupTests' started on 'Clone 2 of FocusBlox - FocusBlox (69685)'
Test case 'ListViewsCleanupTests.test_localTask_modifiedAt_canBeSet()' passed on 'Clone 2 of FocusBlox - FocusBlox (69685)' (0.222 seconds)
Test case 'ListViewsCleanupTests.test_localTask_modifiedAt_defaultIsNil()' passed on 'Clone 2 of FocusBlox - FocusBlox (69685)' (0.004 seconds)
Test case 'ListViewsCleanupTests.test_planItem_hasModifiedAt()' passed on 'Clone 2 of FocusBlox - FocusBlox (69685)' (0.004 seconds)
Test case 'ListViewsCleanupTests.test_viewMode_hasFiveCases()' passed on 'Clone 2 of FocusBlox - FocusBlox (69685)' (0.003 seconds)
Test case 'ListViewsCleanupTests.test_viewMode_hasOverdueCase()' passed on 'Clone 2 of FocusBlox - FocusBlox (69685)' (0.068 seconds)
Test case 'ListViewsCleanupTests.test_viewMode_hasRecentCase()' passed on 'Clone 2 of FocusBlox - FocusBlox (69685)' (0.004 seconds)
Test case 'ListViewsCleanupTests.test_viewMode_removedCasesGone()' passed on 'Clone 2 of FocusBlox - FocusBlox (69685)' (0.033 seconds)
Test suite 'WidgetRelevanceTests' started on 'Clone 2 of FocusBlox - FocusBlox (69685)'
Test case 'WidgetRelevanceTests.test_calculateRelevance_activeFocusBlock_overridesUrgent()' passed on 'Clone 2 of FocusBlox - FocusBlox (69685)' (0.001 seconds)
Test case 'WidgetRelevanceTests.test_calculateRelevance_activeFocusBlock_returns100()' passed on 'Clone 2 of FocusBlox - FocusBlox (69685)' (0.001 seconds)
Test case 'WidgetRelevanceTests.test_calculateRelevance_normalTasks_returns40()' passed on 'Clone 2 of FocusBlox - FocusBlox (69685)' (0.001 seconds)
Test case 'WidgetRelevanceTests.test_calculateRelevance_noTasks_returns10()' passed on 'Clone 2 of FocusBlox - FocusBlox (69685)' (0.000 seconds)
Test case 'WidgetRelevanceTests.test_calculateRelevance_singleUrgentTask_returns80()' passed on 'Clone 2 of FocusBlox - FocusBlox (69685)' (0.000 seconds)
Test case 'WidgetRelevanceTests.test_calculateRelevance_urgentTasks_returns80()' passed on 'Clone 2 of FocusBlox - FocusBlox (69685)' (0.000 seconds)
Test suite 'CalendarSelectionTests' started on 'Clone 2 of FocusBlox - FocusBlox (69685)'
Test case 'CalendarSelectionTests.testCalendarForEventsFallsBackWithInvalidID()' passed on 'Clone 2 of FocusBlox - FocusBlox (69685)' (0.324 seconds)
Test case 'CalendarSelectionTests.testCalendarForEventsReturnsDefaultWhenNoSelection()' passed on 'Clone 2 of FocusBlox - FocusBlox (69685)' (0.008 seconds)
Test case 'CalendarSelectionTests.testGetAllCalendarsExists()' passed on 'Clone 2 of FocusBlox - FocusBlox (69685)' (0.022 seconds)
Test case 'CalendarSelectionTests.testGetWritableCalendarsExists()' passed on 'Clone 2 of FocusBlox - FocusBlox (69685)' (0.029 seconds)
Test case 'CalendarSelectionTests.testVisibleCalendarIDsReturnsNilWhenNotSet()' passed on 'Clone 2 of FocusBlox - FocusBlox (69685)' (0.001 seconds)
Test case 'CalendarSelectionTests.testVisibleCalendarIDsReturnsSetIDs()' passed on 'Clone 2 of FocusBlox - FocusBlox (69685)' (0.003 seconds)
Test case 'CalendarSelectionTests.testVisibleCalendarsReturnsNilWhenNotSet()' passed on 'Clone 2 of FocusBlox - FocusBlox (69685)' (0.001 seconds)
Test suite 'SpotlightIndexingServiceTests' started on 'Clone 2 of FocusBlox - FocusBlox (69685)'
Test case 'SpotlightIndexingServiceTests.test_buildAttributeSet_includesTaskTypeInKeywords()' passed on 'Clone 2 of FocusBlox - FocusBlox (69685)' (0.008 seconds)
Test case 'SpotlightIndexingServiceTests.test_buildAttributeSet_setsTagsAsKeywords()' passed on 'Clone 2 of FocusBlox - FocusBlox (69685)' (0.280 seconds)
Test case 'SpotlightIndexingServiceTests.test_buildAttributeSet_setsTitle()' passed on 'Clone 2 of FocusBlox - FocusBlox (69685)' (0.023 seconds)
Test case 'SpotlightIndexingServiceTests.test_buildSearchableItem_usesCorrectDomain()' passed on 'Clone 2 of FocusBlox - FocusBlox (69685)' (0.007 seconds)
Test case 'SpotlightIndexingServiceTests.test_buildSearchableItem_usesUUIDAsIdentifier()' passed on 'Clone 2 of FocusBlox - FocusBlox (69685)' (0.070 seconds)
Test case 'SpotlightIndexingServiceTests.test_shouldIndex_returnsFalse_forCompletedTask()' passed on 'Clone 2 of FocusBlox - FocusBlox (69685)' (0.128 seconds)
Test case 'SpotlightIndexingServiceTests.test_shouldIndex_returnsFalse_forTemplate()' passed on 'Clone 2 of FocusBlox - FocusBlox (69685)' (0.223 seconds)
Test case 'SpotlightIndexingServiceTests.test_shouldIndex_returnsTrue_forActiveTask()' passed on 'Clone 2 of FocusBlox - FocusBlox (69685)' (0.005 seconds)
Test case 'SpotlightIndexingServiceTests.test_shouldIndex_returnsTrue_forRecurringInstance()' passed on 'Clone 2 of FocusBlox - FocusBlox (69685)' (0.022 seconds)
Test suite 'DesignSystemTests' started on 'Clone 2 of FocusBlox - FocusBlox (69685)'
Test case 'DesignSystemTests.testAccentGlowExists()' passed on 'Clone 2 of FocusBlox - FocusBlox (69685)' (0.077 seconds)
Test case 'DesignSystemTests.testAppBackgroundColorExists()' passed on 'Clone 2 of FocusBlox - FocusBlox (69685)' (0.005 seconds)
Test case 'DesignSystemTests.testCornerRadiusConstantsExist()' passed on 'Clone 2 of FocusBlox - FocusBlox (69685)' (0.001 seconds)
Test case 'DesignSystemTests.testGoldAccentColorExists()' passed on 'Clone 2 of FocusBlox - FocusBlox (69685)' (0.001 seconds)
Test case 'DesignSystemTests.testPrimaryTextColorExists()' passed on 'Clone 2 of FocusBlox - FocusBlox (69685)' (0.001 seconds)
Test case 'DesignSystemTests.testSecondaryTextColorExists()' passed on 'Clone 2 of FocusBlox - FocusBlox (69685)' (0.001 seconds)
Test case 'DesignSystemTests.testSpacingConstantsExist()' passed on 'Clone 2 of FocusBlox - FocusBlox (69685)' (0.001 seconds)
Test case 'DesignSystemTests.testTypographyTokensExist()' passed on 'Clone 2 of FocusBlox - FocusBlox (69685)' (0.017 seconds)
Test suite 'TaskCategoryUnknownTests' started on 'Clone 2 of FocusBlox - FocusBlox (69685)'
Test case 'TaskCategoryUnknownTests.testAllCasesCount()' failed on 'Clone 2 of FocusBlox - FocusBlox (69685)' (53.058 seconds)
Test case 'TaskCategoryUnknownTests.testExistingCategoriesStillWork()' passed on 'Clone 2 of FocusBlox - FocusBlox (69685)' (0.113 seconds)
Test case 'TaskCategoryUnknownTests.testUnknownCategoryColor()' failed on 'Clone 2 of FocusBlox - FocusBlox (69685)' (0.018 seconds)
Test case 'TaskCategoryUnknownTests.testUnknownCategoryDisplayName()' failed on 'Clone 2 of FocusBlox - FocusBlox (69685)' (0.001 seconds)
Test case 'TaskCategoryUnknownTests.testUnknownCategoryExists()' failed on 'Clone 2 of FocusBlox - FocusBlox (69685)' (0.006 seconds)
Test case 'TaskCategoryUnknownTests.testUnknownCategoryIcon()' failed on 'Clone 2 of FocusBlox - FocusBlox (69685)' (0.002 seconds)
Test suite 'FocusBlockTests' started on 'Clone 2 of FocusBlox - FocusBlox (69685)'
Test case 'FocusBlockTests.testFocusBlockCompletedIDsParsesPipeSeparatedIDs()' passed on 'Clone 2 of FocusBlox - FocusBlox (69685)' (0.010 seconds)
Test case 'FocusBlockTests.testFocusBlockCreationFromCalendarEvent()' passed on 'Clone 2 of FocusBlox - FocusBlox (69685)' (0.016 seconds)
Test case 'FocusBlockTests.testFocusBlockCreationParsesTaskTimes()' passed on 'Clone 2 of FocusBlox - FocusBlox (69685)' (0.002 seconds)
Test case 'FocusBlockTests.testFocusBlockCreationReturnsNilForNonFocusBlock()' passed on 'Clone 2 of FocusBlox - FocusBlox (69685)' (0.001 seconds)
Test case 'FocusBlockTests.testFocusBlockDefaultsToEmptyTaskTimes()' passed on 'Clone 2 of FocusBlox - FocusBlox (69685)' (0.001 seconds)
Test case 'FocusBlockTests.testFocusBlockNotesStringIncludesTimes()' passed on 'Clone 2 of FocusBlox - FocusBlox (69685)' (0.005 seconds)
Test case 'FocusBlockTests.testFocusBlockTaskIDsParsesPipeSeparatedIDs()' passed on 'Clone 2 of FocusBlox - FocusBlox (69685)' (0.002 seconds)
Test case 'FocusBlockTests.testFocusBlockTaskIDsReturnsEmptyForNoTasksLine()' passed on 'Clone 2 of FocusBlox - FocusBlox (69685)' (0.001 seconds)
Test case 'FocusBlockTests.testFocusBlockTaskTimesParsesPipeSeparatedTimes()' passed on 'Clone 2 of FocusBlox - FocusBlox (69685)' (0.001 seconds)
Test case 'FocusBlockTests.testFocusBlockTaskTimesReturnsEmptyForNoTimesLine()' passed on 'Clone 2 of FocusBlox - FocusBlox (69685)' (0.001 seconds)
Test case 'FocusBlockTests.testIsFocusBlockReturnsFalseForNilNotes()' passed on 'Clone 2 of FocusBlox - FocusBlox (69685)' (0.001 seconds)
Test case 'FocusBlockTests.testIsFocusBlockReturnsFalseForRegularEvent()' passed on 'Clone 2 of FocusBlox - FocusBlox (69685)' (0.001 seconds)
Test case 'FocusBlockTests.testIsFocusBlockReturnsTrueForFocusBlockEvent()' passed on 'Clone 2 of FocusBlox - FocusBlox (69685)' (0.001 seconds)
Test case 'FocusBlockTests.testSerializeToNotesCreatesCorrectFormat()' passed on 'Clone 2 of FocusBlox - FocusBlox (69685)' (0.001 seconds)
Test case 'FocusBlockTests.testSerializeToNotesIncludesTaskTimes()' passed on 'Clone 2 of FocusBlox - FocusBlox (69685)' (0.001 seconds)
Test case 'FocusBlockTests.testSerializeToNotesOmitsEmptyLists()' passed on 'Clone 2 of FocusBlox - FocusBlox (69685)' (0.001 seconds)
Test case 'FocusBlockTests.testSerializeToNotesOmitsEmptyTaskTimes()' passed on 'Clone 2 of FocusBlox - FocusBlox (69685)' (0.001 seconds)
Test suite 'TaskSourceTests' started on 'Clone 2 of FocusBlox - FocusBlox (69685)'
Test case 'TaskSourceTests.test_taskSource_fetchIncompleteTasks_returnsOnlyIncomplete()' passed on 'Clone 2 of FocusBlox - FocusBlox (69685)' (0.005 seconds)
Test case 'TaskSourceTests.test_taskSource_hasStaticIdentifiers()' passed on 'Clone 2 of FocusBlox - FocusBlox (69685)' (0.001 seconds)
Test case 'TaskSourceTests.test_taskSource_isConfiguredByDefault()' passed on 'Clone 2 of FocusBlox - FocusBlox (69685)' (0.001 seconds)
Test case 'TaskSourceTests.test_taskSource_markComplete_updatesTask()' passed on 'Clone 2 of FocusBlox - FocusBlox (69685)' (0.001 seconds)
Test case 'TaskSourceTests.test_taskSource_markIncomplete_updatesTask()' passed on 'Clone 2 of FocusBlox - FocusBlox (69685)' (0.001 seconds)
Test case 'TaskSourceTests.test_taskSource_requestAccess_canDenyAccess()' passed on 'Clone 2 of FocusBlox - FocusBlox (69685)' (0.001 seconds)
Test case 'TaskSourceTests.test_taskSource_requestAccess_returnsTrue()' passed on 'Clone 2 of FocusBlox - FocusBlox (69685)' (0.001 seconds)
Test case 'TaskSourceTests.test_taskSourceData_hasRequiredProperties()' passed on 'Clone 2 of FocusBlox - FocusBlox (69685)' (0.026 seconds)
Test case 'TaskSourceTests.test_taskSourceData_optionalPropertiesCanBeNil()' passed on 'Clone 2 of FocusBlox - FocusBlox (69685)' (0.001 seconds)
Test case 'TaskSourceTests.test_taskSourceWritable_createTask_addsNewTask()' passed on 'Clone 2 of FocusBlox - FocusBlox (69685)' (0.001 seconds)
Test case 'TaskSourceTests.test_taskSourceWritable_deleteTask_removesTask()' passed on 'Clone 2 of FocusBlox - FocusBlox (69685)' (0.001 seconds)
Test case 'TaskSourceTests.test_taskSourceWritable_updateTask_modifiesExistingTask()' passed on 'Clone 2 of FocusBlox - FocusBlox (69685)' (0.002 seconds)
Test suite 'SyncedSettingsTests' started on 'Clone 2 of FocusBlox - FocusBlox (69685)'
Test case 'SyncedSettingsTests.testCalendarNameMatching()' passed on 'Clone 2 of FocusBlox - FocusBlox (69685)' (0.074 seconds)
Test case 'SyncedSettingsTests.testFetchFocusBlocksIgnoresVisibleFilter()' passed on 'Clone 2 of FocusBlox - FocusBlox (69685)' (0.007 seconds)
Test case 'SyncedSettingsTests.testInvalidCalendarNameReturnsNil()' passed on 'Clone 2 of FocusBlox - FocusBlox (69685)' (0.108 seconds)
Test case 'SyncedSettingsTests.testPullFromCloudDoesNotCrash()' passed on 'Clone 2 of FocusBlox - FocusBlox (69685)' (0.012 seconds)
Test case 'SyncedSettingsTests.testPushToCloudDoesNotCrash()' passed on 'Clone 2 of FocusBlox - FocusBlox (69685)' (0.002 seconds)
Test case 'SyncedSettingsTests.testSyncedSettingsCanBeCreated()' passed on 'Clone 2 of FocusBlox - FocusBlox (69685)' (0.001 seconds)
Test suite 'RecurrencePatternTests' started on 'Clone 2 of FocusBlox - FocusBlox (69685)'
Test case 'RecurrencePatternTests.test_allCases_includesCustom()' passed on 'Clone 2 of FocusBlox - FocusBlox (69685)' (0.007 seconds)
Test case 'RecurrencePatternTests.test_allCases_includesNewPatterns()' passed on 'Clone 2 of FocusBlox - FocusBlox (69685)' (0.001 seconds)
Test case 'RecurrencePatternTests.test_custom_displayName()' passed on 'Clone 2 of FocusBlox - FocusBlox (69685)' (0.001 seconds)
Test case 'RecurrencePatternTests.test_custom_rawValueExists()' passed on 'Clone 2 of FocusBlox - FocusBlox (69685)' (0.009 seconds)
Test case 'RecurrencePatternTests.test_custom_requiresCustomConfig()' passed on 'Clone 2 of FocusBlox - FocusBlox (69685)' (0.001 seconds)
Test case 'RecurrencePatternTests.test_customDisplayName_dailyInterval1()' passed on 'Clone 2 of FocusBlox - FocusBlox (69685)' (0.007 seconds)
Test case 'RecurrencePatternTests.test_customDisplayName_dailyInterval3()' passed on 'Clone 2 of FocusBlox - FocusBlox (69685)' (0.001 seconds)
Test case 'RecurrencePatternTests.test_customDisplayName_monthlyInterval4()' passed on 'Clone 2 of FocusBlox - FocusBlox (69685)' (0.001 seconds)
Test case 'RecurrencePatternTests.test_customDisplayName_weeklyInterval2()' passed on 'Clone 2 of FocusBlox - FocusBlox (69685)' (0.001 seconds)
Test case 'RecurrencePatternTests.test_customDisplayName_yearlyInterval1()' passed on 'Clone 2 of FocusBlox - FocusBlox (69685)' (0.001 seconds)
Test case 'RecurrencePatternTests.test_quarterly_displayName()' passed on 'Clone 2 of FocusBlox - FocusBlox (69685)' (0.001 seconds)
Test case 'RecurrencePatternTests.test_quarterly_doesNotRequireMonthDay()' passed on 'Clone 2 of FocusBlox - FocusBlox (69685)' (0.001 seconds)
Test case 'RecurrencePatternTests.test_quarterly_rawValueExists()' passed on 'Clone 2 of FocusBlox - FocusBlox (69685)' (0.001 seconds)
Test case 'RecurrencePatternTests.test_semiannually_displayName()' passed on 'Clone 2 of FocusBlox - FocusBlox (69685)' (0.001 seconds)
Test case 'RecurrencePatternTests.test_semiannually_doesNotRequireMonthDay()' passed on 'Clone 2 of FocusBlox - FocusBlox (69685)' (0.001 seconds)
Test case 'RecurrencePatternTests.test_semiannually_rawValueExists()' passed on 'Clone 2 of FocusBlox - FocusBlox (69685)' (0.001 seconds)
Test case 'RecurrencePatternTests.test_weekdays_displayName()' passed on 'Clone 2 of FocusBlox - FocusBlox (69685)' (0.001 seconds)
Test case 'RecurrencePatternTests.test_weekdays_doesNotRequireWeekdaySelection()' passed on 'Clone 2 of FocusBlox - FocusBlox (69685)' (0.001 seconds)
Test case 'RecurrencePatternTests.test_weekdays_rawValueExists()' passed on 'Clone 2 of FocusBlox - FocusBlox (69685)' (0.001 seconds)
Test case 'RecurrencePatternTests.test_weekends_displayName()' passed on 'Clone 2 of FocusBlox - FocusBlox (69685)' (0.001 seconds)
Test case 'RecurrencePatternTests.test_weekends_doesNotRequireWeekdaySelection()' passed on 'Clone 2 of FocusBlox - FocusBlox (69685)' (0.001 seconds)
Test case 'RecurrencePatternTests.test_weekends_rawValueExists()' passed on 'Clone 2 of FocusBlox - FocusBlox (69685)' (0.001 seconds)
Test case 'RecurrencePatternTests.test_yearly_displayName()' passed on 'Clone 2 of FocusBlox - FocusBlox (69685)' (0.001 seconds)
Test case 'RecurrencePatternTests.test_yearly_doesNotRequireMonthDay()' passed on 'Clone 2 of FocusBlox - FocusBlox (69685)' (0.001 seconds)
Test case 'RecurrencePatternTests.test_yearly_rawValueExists()' passed on 'Clone 2 of FocusBlox - FocusBlox (69685)' (0.013 seconds)
Test suite 'SmartGapsTests' started on 'Clone 2 of FocusBlox - FocusBlox (69685)'
Test case 'SmartGapsTests.testFindFreeSlotsFindsGaps()' passed on 'Clone 2 of FocusBlox - FocusBlox (69685)' (0.020 seconds)
Test case 'SmartGapsTests.testFindFreeSlotsRespectsMaxDuration()' passed on 'Clone 2 of FocusBlox - FocusBlox (69685)' (0.001 seconds)
Test case 'SmartGapsTests.testFindFreeSlotsRespectsMinDuration()' passed on 'Clone 2 of FocusBlox - FocusBlox (69685)' (0.003 seconds)
Test case 'SmartGapsTests.testNoSlotsBeforeCurrentTime()' passed on 'Clone 2 of FocusBlox - FocusBlox (69685)' (0.001 seconds)
Test case 'SmartGapsTests.testWholeDayFreeShowsSuggestions()' passed on 'Clone 2 of FocusBlox - FocusBlox (69685)' (0.001 seconds)
Test suite 'EventKitRepositoryTests' started on 'Clone 2 of FocusBlox - FocusBlox (69685)'
Test case 'EventKitRepositoryTests.testCreateCalendarEventWithReminderIDExists()' passed on 'Clone 2 of FocusBlox - FocusBlox (69685)' (0.002 seconds)
Test case 'EventKitRepositoryTests.testDeleteCalendarEventWithInvalidIDDoesNotThrow()' passed on 'Clone 2 of FocusBlox - FocusBlox (69685)' (0.001 seconds)
Test case 'EventKitRepositoryTests.testMarkReminderCompleteMethodExists()' passed on 'Clone 2 of FocusBlox - FocusBlox (69685)' (0.001 seconds)
Test case 'EventKitRepositoryTests.testMarkReminderCompleteWithInvalidIDDoesNotThrow()' passed on 'Clone 2 of FocusBlox - FocusBlox (69685)' (0.001 seconds)
Test case 'EventKitRepositoryTests.testMarkReminderIncompleteWithInvalidIDDoesNotThrow()' passed on 'Clone 2 of FocusBlox - FocusBlox (69685)' (0.001 seconds)
Test suite 'CCQuickTaskTests' started on 'Clone 2 of FocusBlox - FocusBlox (69685)'
Test case 'CCQuickTaskTests.testAppGroupFlagMechanism()' passed on 'Clone 2 of FocusBlox - FocusBlox (69685)' (0.012 seconds)
Test case 'CCQuickTaskTests.testQuickAddLaunchIntentExists()' passed on 'Clone 2 of FocusBlox - FocusBlox (69685)' (0.012 seconds)
Test suite 'UnifiedTabSymbolsTests' started on 'Clone 2 of FocusBlox - FocusBlox (69685)'
Test case 'UnifiedTabSymbolsTests.testFiveNavigationSections()' passed on 'Clone 2 of FocusBlox - FocusBlox (69685)' (0.001 seconds)
Test case 'UnifiedTabSymbolsTests.testUnifiedSymbolsAreValidSFSymbols()' passed on 'Clone 2 of FocusBlox - FocusBlox (69685)' (0.106 seconds)
Test suite 'QuickEditPickerTests' started on 'Clone 2 of FocusBlox - FocusBlox (69685)'
Test case 'QuickEditPickerTests.testCategoryPickerDisplayNames()' passed on 'Clone 2 of FocusBlox - FocusBlox (69685)' (0.001 seconds)
Test case 'QuickEditPickerTests.testCategoryPickerIcons()' passed on 'Clone 2 of FocusBlox - FocusBlox (69685)' (0.001 seconds)
Test case 'QuickEditPickerTests.testCategoryPickerOptions()' passed on 'Clone 2 of FocusBlox - FocusBlox (69685)' (0.001 seconds)
Test case 'QuickEditPickerTests.testImportancePickerDisplayNames()' passed on 'Clone 2 of FocusBlox - FocusBlox (69685)' (0.002 seconds)
Test case 'QuickEditPickerTests.testImportancePickerIcons()' passed on 'Clone 2 of FocusBlox - FocusBlox (69685)' (0.001 seconds)
Test case 'QuickEditPickerTests.testImportancePickerOptions()' passed on 'Clone 2 of FocusBlox - FocusBlox (69685)' (0.001 seconds)
Test suite 'MockEventKitRepositoryTests' started on 'Clone 2 of FocusBlox - FocusBlox (69685)'
Test case 'MockEventKitRepositoryTests.test_mockRepository_canSimulateDeniedAccess()' passed on 'Clone 2 of FocusBlox - FocusBlox (69685)' (0.001 seconds)
Test case 'MockEventKitRepositoryTests.test_mockRepository_recordsDeleteCalls()' passed on 'Clone 2 of FocusBlox - FocusBlox (69685)' (0.001 seconds)
Test case 'MockEventKitRepositoryTests.test_mockRepository_returnsConfiguredAuthStatus()' passed on 'Clone 2 of FocusBlox - FocusBlox (69685)' (0.001 seconds)
Test case 'MockEventKitRepositoryTests.test_mockRepository_returnsConfiguredEvents()' passed on 'Clone 2 of FocusBlox - FocusBlox (69685)' (0.001 seconds)
Test case 'MockEventKitRepositoryTests.test_mockRepository_returnsConfiguredReminders()' passed on 'Clone 2 of FocusBlox - FocusBlox (69685)' (0.002 seconds)
Test suite 'SharedModelContainerTests' started on 'Clone 2 of FocusBlox - FocusBlox (69685)'
Test case 'SharedModelContainerTests.testSharedContainerAccessible()' passed on 'Clone 2 of FocusBlox - FocusBlox (69685)' (0.055 seconds)
Test case 'SharedModelContainerTests.testSharedContainerUsesLocalStorage()' passed on 'Clone 2 of FocusBlox - FocusBlox (69685)' (0.019 seconds)
Test suite 'FocusBlockEntityTests' started on 'Clone 2 of FocusBlox - FocusBlox (69685)'
Test case 'FocusBlockEntityTests.test_displayRepresentation_showsTitleAndDuration()' passed on 'Clone 2 of FocusBlox - FocusBlox (69685)' (0.044 seconds)
Test case 'FocusBlockEntityTests.test_entityFromBlock_calculatesCorrectDuration()' passed on 'Clone 2 of FocusBlox - FocusBlox (69685)' (0.001 seconds)
Test case 'FocusBlockEntityTests.test_entityFromBlock_emptyTasks_hasZeroCounts()' passed on 'Clone 2 of FocusBlox - FocusBlox (69685)' (0.003 seconds)
Test case 'FocusBlockEntityTests.test_entityFromBlock_mapsAllFields()' passed on 'Clone 2 of FocusBlox - FocusBlox (69685)' (0.020 seconds)
Test suite 'CalendarEventCategoryTests' started on 'Clone 2 of FocusBlox - FocusBlox (69685)'
Test case 'CalendarEventCategoryTests.testAllCategoryValues()' passed on 'Clone 2 of FocusBlox - FocusBlox (69685)' (0.006 seconds)
Test case 'CalendarEventCategoryTests.testCategoryNilWhenNoNotes()' passed on 'Clone 2 of FocusBlox - FocusBlox (69685)' (0.001 seconds)
Test case 'CalendarEventCategoryTests.testCategoryNilWhenNotInNotes()' passed on 'Clone 2 of FocusBlox - FocusBlox (69685)' (0.002 seconds)
Test case 'CalendarEventCategoryTests.testCategoryParsedFromMultilineNotes()' passed on 'Clone 2 of FocusBlox - FocusBlox (69685)' (0.001 seconds)
Test case 'CalendarEventCategoryTests.testCategoryParsedFromNotes()' passed on 'Clone 2 of FocusBlox - FocusBlox (69685)' (0.001 seconds)
Test case 'CalendarEventCategoryTests.testCategoryWithUnderscore()' passed on 'Clone 2 of FocusBlox - FocusBlox (69685)' (0.001 seconds)
Test case 'CalendarEventCategoryTests.testFocusBlockHasNoCategory()' passed on 'Clone 2 of FocusBlox - FocusBlox (69685)' (0.001 seconds)
Test suite 'CloudKitSyncMonitorTests' started on 'Clone 2 of FocusBlox - FocusBlox (69685)'
Test case 'CloudKitSyncMonitorTests.testExportFailed_setsError()' passed on 'Clone 2 of FocusBlox - FocusBlox (69685)' (0.003 seconds)
Test case 'CloudKitSyncMonitorTests.testImportStarted_setsIsSyncing()' passed on 'Clone 2 of FocusBlox - FocusBlox (69685)' (0.001 seconds)
Test case 'CloudKitSyncMonitorTests.testImportSucceeded_updatesState()' passed on 'Clone 2 of FocusBlox - FocusBlox (69685)' (0.001 seconds)
Test case 'CloudKitSyncMonitorTests.testInitialState()' passed on 'Clone 2 of FocusBlox - FocusBlox (69685)' (0.034 seconds)
Test case 'CloudKitSyncMonitorTests.testMultipleEvents_tracksAllTypes()' passed on 'Clone 2 of FocusBlox - FocusBlox (69685)' (0.005 seconds)
Test case 'CloudKitSyncMonitorTests.testSetupEvent_updatesSetupState()' passed on 'Clone 2 of FocusBlox - FocusBlox (69685)' (0.001 seconds)
Test suite 'WarningTests' started on 'Clone 2 of FocusBlox - FocusBlox (69685)'
Test case 'WarningTests.test_playWarning_exists()' passed on 'Clone 2 of FocusBlox - FocusBlox (69685)' (0.115 seconds)
Test case 'WarningTests.test_warningEnabled_defaultsToTrue()' passed on 'Clone 2 of FocusBlox - FocusBlox (69685)' (0.002 seconds)
Test case 'WarningTests.test_warningTiming_defaultsToStandard()' passed on 'Clone 2 of FocusBlox - FocusBlox (69685)' (0.003 seconds)
Test case 'WarningTests.test_warningTiming_hasCorrectLabels()' passed on 'Clone 2 of FocusBlox - FocusBlox (69685)' (0.001 seconds)
Test case 'WarningTests.test_warningTiming_hasCorrectPercentages()' passed on 'Clone 2 of FocusBlox - FocusBlox (69685)' (0.001 seconds)
Test suite 'ReviewEventIntegrationTests' started on 'Clone 2 of FocusBlox - FocusBlox (69685)'
Test case 'ReviewEventIntegrationTests.testCategoryStatsCombinesTasksAndEvents()' passed on 'Clone 2 of FocusBlox - FocusBlox (69685)' (0.002 seconds)
Test case 'ReviewEventIntegrationTests.testCategoryStatsExcludesFocusBlockEvents()' passed on 'Clone 2 of FocusBlox - FocusBlox (69685)' (0.001 seconds)
Test case 'ReviewEventIntegrationTests.testCategoryStatsExcludesUncategorizedEvents()' passed on 'Clone 2 of FocusBlox - FocusBlox (69685)' (0.001 seconds)
Test case 'ReviewEventIntegrationTests.testCategoryStatsIncludesCalendarEvents()' passed on 'Clone 2 of FocusBlox - FocusBlox (69685)' (0.001 seconds)
Test case 'ReviewEventIntegrationTests.testReviewStatsCalculatorExists()' passed on 'Clone 2 of FocusBlox - FocusBlox (69685)' (0.015 seconds)
Test suite 'DueDateNotificationTests' started on 'Clone 2 of FocusBlox - FocusBlox (69685)'
Test case 'DueDateNotificationTests.testBuildDueDateAdvanceRequest_advanceLargerThanRemaining()' passed on 'Clone 2 of FocusBlox - FocusBlox (69685)' (0.001 seconds)
Test case 'DueDateNotificationTests.testBuildDueDateAdvanceRequest_normalCase()' passed on 'Clone 2 of FocusBlox - FocusBlox (69685)' (0.008 seconds)
Test case 'DueDateNotificationTests.testBuildDueDateAdvanceRequest_pastDueDate()' passed on 'Clone 2 of FocusBlox - FocusBlox (69685)' (0.001 seconds)
Test case 'DueDateNotificationTests.testBuildDueDateMorningRequest_morningAfterDueDate()' passed on 'Clone 2 of FocusBlox - FocusBlox (69685)' (0.019 seconds)
Test case 'DueDateNotificationTests.testBuildDueDateMorningRequest_normalCase()' passed on 'Clone 2 of FocusBlox - FocusBlox (69685)' (0.002 seconds)
Test case 'DueDateNotificationTests.testBuildDueDateMorningRequest_pastDueDate()' passed on 'Clone 2 of FocusBlox - FocusBlox (69685)' (0.001 seconds)
Test case 'DueDateNotificationTests.testNotificationIdentifierFormat()' passed on 'Clone 2 of FocusBlox - FocusBlox (69685)' (0.001 seconds)
Test suite 'SoundServiceTests' started on 'Clone 2 of FocusBlox - FocusBlox (69685)'
Test case 'SoundServiceTests.test_playEndGong_exists()' passed on 'Clone 2 of FocusBlox - FocusBlox (69685)' (0.003 seconds)
Test case 'SoundServiceTests.test_soundEnabled_defaultsToTrue()' passed on 'Clone 2 of FocusBlox - FocusBlox (69685)' (0.001 seconds)
Test case 'SoundServiceTests.test_soundEnabled_keyExists()' passed on 'Clone 2 of FocusBlox - FocusBlox (69685)' (0.002 seconds)
Test case 'SoundServiceTests.test_soundService_exists()' passed on 'Clone 2 of FocusBlox - FocusBlox (69685)' (0.001 seconds)
Test suite 'NextUpSwipeActionsTests' started on 'Clone 2 of FocusBlox - FocusBlox (69685)'
Test case 'NextUpSwipeActionsTests.testNextUpSectionAcceptsEditAndDeleteCallbacks()' passed on 'Clone 2 of FocusBlox - FocusBlox (69685)' (0.010 seconds)
Test suite 'RecurringVisibilityFilterTests' started on 'Clone 2 of FocusBlox - FocusBlox (69685)'
Test case 'RecurringVisibilityFilterTests.test_isVisibleInBacklog_allPatterns_futureDateHidden()' passed on 'Clone 2 of FocusBlox - FocusBlox (69685)' (0.017 seconds)
Test case 'RecurringVisibilityFilterTests.test_isVisibleInBacklog_nonRecurring_futureDate_returnsTrue()' passed on 'Clone 2 of FocusBlox - FocusBlox (69685)' (0.001 seconds)
Test case 'RecurringVisibilityFilterTests.test_isVisibleInBacklog_recurring_dueNextMonth_returnsFalse()' passed on 'Clone 2 of FocusBlox - FocusBlox (69685)' (0.001 seconds)
Test case 'RecurringVisibilityFilterTests.test_isVisibleInBacklog_recurring_dueToday_returnsTrue()' passed on 'Clone 2 of FocusBlox - FocusBlox (69685)' (0.001 seconds)
Test case 'RecurringVisibilityFilterTests.test_isVisibleInBacklog_recurring_dueTomorrow_returnsFalse()' passed on 'Clone 2 of FocusBlox - FocusBlox (69685)' (0.005 seconds)
Test case 'RecurringVisibilityFilterTests.test_isVisibleInBacklog_recurring_dueYesterday_returnsTrue()' passed on 'Clone 2 of FocusBlox - FocusBlox (69685)' (0.000 seconds)
Test case 'RecurringVisibilityFilterTests.test_isVisibleInBacklog_recurring_noDueDate_returnsTrue()' passed on 'Clone 2 of FocusBlox - FocusBlox (69685)' (0.001 seconds)
Test suite 'TaskEntityUserActivityTests' started on 'Clone 2 of FocusBlox - FocusBlox (69685)'
Test case 'TaskEntityUserActivityTests.test_activityType_isStableIdentifier()' passed on 'Clone 2 of FocusBlox - FocusBlox (69685)' (0.001 seconds)
Test case 'TaskEntityUserActivityTests.test_userActivity_setsContentIdentifier()' passed on 'Clone 2 of FocusBlox - FocusBlox (69685)' (0.003 seconds)
Test case 'TaskEntityUserActivityTests.test_userActivity_setsRequiredProperties()' passed on 'Clone 2 of FocusBlox - FocusBlox (69685)' (0.001 seconds)
Test suite 'CategoryIconBadgeTests' started on 'Clone 2 of FocusBlox - FocusBlox (69685)'
Test case 'CategoryIconBadgeTests.testBadge_canBeCreatedForAllCategories()' passed on 'Clone 2 of FocusBlox - FocusBlox (69685)' (0.003 seconds)
Test case 'CategoryIconBadgeTests.testBadge_holdsCorrectCategory()' passed on 'Clone 2 of FocusBlox - FocusBlox (69685)' (0.000 seconds)
Test case 'CategoryIconBadgeTests.testBadge_selfCare_matchesTaskCategory()' passed on 'Clone 2 of FocusBlox - FocusBlox (69685)' (0.000 seconds)
Test suite 'FocusBlockStartNotificationTests' started on 'Clone 2 of FocusBlox - FocusBlox (69685)'
Test case 'FocusBlockStartNotificationTests.testNoNotificationForPastBlock()' passed on 'Clone 2 of FocusBlox - FocusBlox (69685)' (0.002 seconds)
Test case 'FocusBlockStartNotificationTests.testNotificationAtStartIfLessThan5Min()' passed on 'Clone 2 of FocusBlox - FocusBlox (69685)' (0.001 seconds)
Test case 'FocusBlockStartNotificationTests.testNotificationContentForFutureBlock()' passed on 'Clone 2 of FocusBlox - FocusBlox (69685)' (0.000 seconds)
Test case 'FocusBlockStartNotificationTests.testNotificationIdentifierFormat()' passed on 'Clone 2 of FocusBlox - FocusBlox (69685)' (0.000 seconds)
Test case 'FocusBlockStartNotificationTests.testTriggerTimeIntervalFor5MinBefore()' passed on 'Clone 2 of FocusBlox - FocusBlox (69685)' (0.000 seconds)
Test suite 'FocusBlockLifecycleTests' started on 'Clone 2 of FocusBlox - FocusBlox (69685)'
Test case 'FocusBlockLifecycleTests.testActiveBlockIsNotPast()' passed on 'Clone 2 of FocusBlox - FocusBlox (69685)' (0.001 seconds)
Test case 'FocusBlockLifecycleTests.testBlockEndNotificationContent()' passed on 'Clone 2 of FocusBlox - FocusBlox (69685)' (0.001 seconds)
Test case 'FocusBlockLifecycleTests.testBlockEndNotificationIdentifier()' passed on 'Clone 2 of FocusBlox - FocusBlox (69685)' (0.001 seconds)
Test case 'FocusBlockLifecycleTests.testBlockEndNotificationNilForPastBlock()' passed on 'Clone 2 of FocusBlox - FocusBlox (69685)' (0.001 seconds)
Test case 'FocusBlockLifecycleTests.testExpiredBlockIsPast()' passed on 'Clone 2 of FocusBlox - FocusBlox (69685)' (0.001 seconds)
Test case 'FocusBlockLifecycleTests.testIncompleteTasksIdentifiable()' passed on 'Clone 2 of FocusBlox - FocusBlox (69685)' (0.001 seconds)
Test suite 'CalendarEventReadOnlyTests' started on 'Clone 2 of FocusBlox - FocusBlox (69685)'
Test case 'CalendarEventReadOnlyTests.testEventReadOnlyError_hasDescription()' passed on 'Clone 2 of FocusBlox - FocusBlox (69685)' (0.001 seconds)
Test case 'CalendarEventReadOnlyTests.testHasAttendees_defaultIsFalse()' passed on 'Clone 2 of FocusBlox - FocusBlox (69685)' (0.000 seconds)
Test case 'CalendarEventReadOnlyTests.testHasAttendees_false()' passed on 'Clone 2 of FocusBlox - FocusBlox (69685)' (0.000 seconds)
Test case 'CalendarEventReadOnlyTests.testHasAttendees_true()' passed on 'Clone 2 of FocusBlox - FocusBlox (69685)' (0.008 seconds)
Test case 'CalendarEventReadOnlyTests.testIsReadOnly_withAttendees()' passed on 'Clone 2 of FocusBlox - FocusBlox (69685)' (0.000 seconds)
Test case 'CalendarEventReadOnlyTests.testIsReadOnly_withoutAttendees()' passed on 'Clone 2 of FocusBlox - FocusBlox (69685)' (0.000 seconds)
Test suite 'FocusBlockDurationTests' started on 'Clone 2 of FocusBlox - FocusBlox (69685)'
Test case 'FocusBlockDurationTests.testNormalizeEnd2026-03-02 10:28:19.491 xcodebuild[68170:21505652]  iOSSimulator: A47C3D0D-290A-4D43-9B87-6B0929BA2F69: Failed to launch app with identifier: com.henning.timebox and options: {
    "activate_suspended" = 0;
    arguments =     (
    );
    environment =     {
        "APP_DISTRIBUTOR_ID_OVERRIDE" = "com.apple.AppStore";
        "CA_ASSERT_MAIN_THREAD_TRANSACTIONS" = 0;
        "CA_DEBUG_TRANSACTIONS" = 0;
        "DYLD_FRAMEWORK_PATH" = "/Users/hem/Library/Developer/Xcode/DerivedData/FocusBlox-fshkgwtdrowrvdgcqrhjhqvttdao/Build/Products/Debug-iphonesimulator:/Applications/Xcode.app/Contents/Developer/Platforms/iPhoneSimulator.platform/Developer/Library/Frameworks";
        "DYLD_INSERT_LIBRARIES" = "/usr/lib/libRPAC.dylib:/Users/hem/Library/Developer/Xcode/DerivedData/FocusBlox-fshkgwtdrowrvdgcqrhjhqvttdao/Build/Products/Debug-iphonesimulator/FocusBlox.app/Frameworks/libXCTestBundleInject.dylib:/Library/Developer/CoreSimulator/Volumes/iOS_23C54/Library/Developer/CoreSimulator/Profiles/Runtimes/iOS 26.2.simruntime/Contents/Resources/RuntimeRoot/usr/lib/libMainThreadChecker.dylib:/usr/lib/libRPAC.dylib";
        "DYLD_LIBRARY_PATH" = "/Users/hem/Library/Developer/Xcode/DerivedData/FocusBlox-fshkgwtdrowrvdgcqrhjhqvttdao/Build/Products/Debug-iphonesimulator:/Applications/Xcode.app/Contents/Developer/Platforms/iPhoneSimulator.platform/Developer/usr/lib";
        "LLVM_PROFILE_FILE" = "/var/folders/dk/p4qd3_xx6ls6_xybmqzfgs1h0000gn/T/com.henning.timebox/582283EE-910A-42AE-B1D4-CCCDF049E9B4-68170-0000160FDB8C9FEB/2B8A2BEF-A1B0-4FFD-AD20-6677F14E5D22-%p%c.profraw";
        NSApplicationQuitWithoutSuddenTermination = YES;
        NSUnbufferedIO = YES;
        "OS_ACTIVITY_DT_MODE" = YES;
        "PERFC_ENABLE_EXTENDED_DIAGNOSTIC_FORMAT" = 1;
        "PERFC_ENABLE_PROFILE_MODE" = 1;
        "PERFC_RESET_INSERT_LIBRARIES" = 1;
        "PERFC_SUPPRESS_SYSTEM_REPORTS" = 1;
        "RUN_DESTINATION_DEVICE_NAME" = "Clone 4 of FocusBlox";
        "RUN_DESTINATION_DEVICE_PLATFORM_IDENTIFIER" = "com.apple.platform.iphonesimulator";
        "RUN_DESTINATION_DEVICE_UDID" = "A47C3D0D-290A-4D43-9B87-6B0929BA2F69";
        "SQLITE_ENABLE_THREAD_ASSERTIONS" = 1;
        TERM = dumb;
        XCInjectBundleInto = unused;
        "XCODE_SCHEME_NAME" = FocusBlox;
        "XCODE_TEST_PLAN_NAME" = FocusBlox;
        XCTestBundleInjectPath = "/usr/lib/libRPAC.dylib:/Users/hem/Library/Developer/Xcode/DerivedData/FocusBlox-fshkgwtdrowrvdgcqrhjhqvttdao/Build/Products/Debug-iphonesimulator/FocusBlox.app/Frameworks/libXCTestBundleInject.dylib:/Library/Developer/CoreSimulator/Volumes/iOS_23C54/Library/Developer/CoreSimulator/Profiles/Runtimes/iOS 26.2.simruntime/Contents/Resources/RuntimeRoot/usr/lib/libMainThreadChecker.dylib:/usr/lib/libRPAC.dylib";
        XCTestBundlePath = "PlugIns/FocusBloxTests.xctest";
        XCTestConfigurationFilePath = "";
        XCTestSessionIdentifier = "290A5C3F-7A79-4E8D-A49C-3B009A104F17";
        "__XCODE_BUILT_PRODUCTS_DIR_PATHS" = "/Users/hem/Library/Developer/Xcode/DerivedData/FocusBlox-fshkgwtdrowrvdgcqrhjhqvttdao/Build/Products/Debug-iphonesimulator";
        "__XPC_DYLD_FRAMEWORK_PATH" = "/Users/hem/Library/Developer/Xcode/DerivedData/FocusBlox-fshkgwtdrowrvdgcqrhjhqvttdao/Build/Products/Debug-iphonesimulator";
        "__XPC_DYLD_LIBRARY_PATH" = "/Users/hem/Library/Developer/Xcode/DerivedData/FocusBlox-fshkgwtdrowrvdgcqrhjhqvttdao/Build/Products/Debug-iphonesimulator";
        "__XPC_LLVM_PROFILE_FILE" = "/var/folders/dk/p4qd3_xx6ls6_xybmqzfgs1h0000gn/T/com.henning.timebox/582283EE-910A-42AE-B1D4-CCCDF049E9B4-68170-0000160FDB8C9FEB/2B8A2BEF-A1B0-4FFD-AD20-6677F14E5D22-%p%c.profraw";
    };
    stderr = "/dev/ttys018";
    stdout = "/dev/ttys018";
    "terminate_running_process" = 1;
    "wait_for_debugger" = 1;
} (error = Error Domain=FBSOpenApplicationServiceErrorDomain Code=1 "Simulator device failed to launch com.henning.timebox." UserInfo={NSLocalizedDescription=Simulator device failed to launch com.henning.timebox., NSUnderlyingError=0xc6d67a9d0 {Error Domain=FBSOpenApplicationServiceErrorDomain Code=1 "The request to open "com.henning.timebox" failed." UserInfo={BSErrorCodeDescription=RequestDenied, NSLocalizedDescription=The request to open "com.henning.timebox" failed., NSUnderlyingError=0xc6cf2b5a0 {Error Domain=FBProcessExit Code=64 "The process failed to launch." UserInfo={NSUnderlyingError=0xc6cf2b630 {Error Domain=RBSRequestErrorDomain Code=5 "Launch failed." UserInfo=0xc64478840 (not displayed)}, BSErrorCodeDescription=launch-failed, NSLocalizedFailureReason=The process failed to launch.}}, FBSOpenApplicationRequestID=0x4467, NSLocalizedFailureReason=The request was denied by service delegate (SBMainWorkspace).}}, NSLocalizedFailureReason=The request was denied by service delegate (SBMainWorkspace)., FBSOpenApplicationRequestID=0x4467, SimCallingSelector=launchApplicationWithID:options:pid:error:, BSErrorCodeDescription=RequestDenied})
2026-03-02 10:28:42.517 xcodebuild[68170:21452909] [MT] IDETestOperationsObserverDebug: 1252.930 elapsed -- Testing started completed.
2026-03-02 10:28:42.527 xcodebuild[68170:21452909] [MT] IDETestOperationsObserverDebug: 0.000 sec, +0.000 sec -- start
2026-03-02 10:28:42.527 xcodebuild[68170:21452909] [MT] IDETestOperationsObserverDebug: 1252.938 sec, +1252.938 sec -- end

Test session results, code coverage, and logs:
	/Users/hem/Library/Developer/Xcode/DerivedData/FocusBlox-fshkgwtdrowrvdgcqrhjhqvttdao/Logs/Test/Test-FocusBlox-2026.03.02_10-07-41-+0100.xcresult

Testing failed:
	FocusBloxUITests-Runner (69166) encountered an error (The test runner failed to initialize for UI testing. (Underlying Error: Timed out while loading Accessibility.))
	FocusBlox encountered an error (Failed to prepare device 'Clone 5 of FocusBlox' for impending launch. (Underlying Error: Timed out trying to boot simulator after waiting 60.00s.))

** TEST FAILED **

TimeBeforeStartUnchanged()' passed on 'Clone 2 of FocusBlox - FocusBlox (69685)' (0.015 seconds)
Test case 'FocusBlockDurationTests.testNormalizeEndTimeDayShiftFixesDuration()' passed on 'Clone 2 of FocusBlox - FocusBlox (69685)' (0.001 seconds)
Test case 'FocusBlockDurationTests.testNormalizeEndTimeMidnightWrapFixesDuration()' passed on 'Clone 2 of FocusBlox - FocusBlox (69685)' (0.001 seconds)
Test case 'FocusBlockDurationTests.testNormalizeEndTimeSameDayUnchanged()' passed on 'Clone 2 of FocusBlox - FocusBlox (69685)' (0.001 seconds)
Test suite 'CalendarEventTests' started on 'Clone 2 of FocusBlox - FocusBlox (69685)'
Test case 'CalendarEventTests.testReminderIDParsesFromNotes()' passed on 'Clone 2 of FocusBlox - FocusBlox (69685)' (0.001 seconds)
Test case 'CalendarEventTests.testReminderIDReturnsNilWhenNoNotes()' passed on 'Clone 2 of FocusBlox - FocusBlox (69685)' (0.001 seconds)
Test case 'CalendarEventTests.testReminderIDReturnsNilWhenWrongFormat()' passed on 'Clone 2 of FocusBlox - FocusBlox (69685)' (0.000 seconds)
Test suite 'CategoriesTests' started on 'Clone 2 of FocusBlox - FocusBlox (69685)'
Test case 'CategoriesTests.test_allFiveCategoriesAreValid()' passed on 'Clone 2 of FocusBlox - FocusBlox (69685)' (0.001 seconds)
Test case 'CategoriesTests.test_localizedCategory_returnsLernenForLearning()' passed on 'Clone 2 of FocusBlox - FocusBlox (69685)' (0.001 seconds)
Test case 'CategoriesTests.test_localizedCategory_returnsWeitergebenForGivingBack()' passed on 'Clone 2 of FocusBlox - FocusBlox (69685)' (0.000 seconds)
Test suite 'FocusBloxRebrandTests' started on 'Clone 2 of FocusBlox - FocusBlox (69685)'
Test case 'FocusBloxRebrandTests.testAppBrandingIsFocusBlox()' passed on 'Clone 2 of FocusBlox - FocusBlox (69685)' (0.001 seconds)
Test case 'FocusBloxRebrandTests.testFocusBloxURLSchemeRegistered()' passed on 'Clone 2 of FocusBlox - FocusBlox (69685)' (0.001 seconds)
Test suite 'PermissionRequestTests' started on 'Clone 2 of FocusBlox - FocusBlox (69685)'
Test case 'PermissionRequestTests.testMockDefaultsToRequestAccessNotCalled()' passed on 'Clone 2 of FocusBlox - FocusBlox (69685)' (0.001 seconds)
Test case 'PermissionRequestTests.testMockTracksRequestAccessCalled()' passed on 'Clone 2 of FocusBlox - FocusBlox (69685)' (0.001 seconds)
Test suite 'SettingsComponentsTests' started on 'Clone 2 of FocusBlox - FocusBlox (69685)'
Test suite 'TaskMetadataUITests' started on 'Clone 2 of FocusBlox - FocusBlox (69685)'
Test suite 'DueDateFormattingTests' started on 'Clone 2 of FocusBlox - FocusBlox (69685)'
Test suite 'TaskCategoryTests' started on 'Clone 2 of FocusBlox - FocusBlox (69685)'
Test case 'TaskCategoryTests/allCases_containsFiveCategories()' passed on 'Clone 2 of FocusBlox - FocusBlox (69685)' (0.000 seconds)
Test case 'SettingsComponentsTests/binding_get_returnsFalseWhenIdNotInSet()' passed on 'Clone 2 of FocusBlox - FocusBlox (69685)' (0.000 seconds)
Test case 'SettingsComponentsTests/binding_setTrue_insertsIdIntoSet()' passed on 'Clone 2 of FocusBlox - FocusBlox (69685)' (0.000 seconds)
Test case 'TaskCategoryTests/icon_returnsExpectedValues()' passed on 'Clone 2 of FocusBlox - FocusBlox (69685)' (0.000 seconds)
Test case 'DueDateFormattingTests/isDueToday_tomorrow_returnsFalse()' passed on 'Clone 2 of FocusBlox - FocusBlox (69685)' (0.000 seconds)
Test case 'TaskCategoryTests/allRawValues_resolveCorrectly()' passed on 'Clone 2 of FocusBlox - FocusBlox (69685)' (0.000 seconds)
Test case 'DueDateFormattingTests/compact_today_returnsHeute()' passed on 'Clone 2 of FocusBlox - FocusBlox (69685)' (0.000 seconds)
Test case 'DueDateFormattingTests/defaultStyle_isCompact()' passed on 'Clone 2 of FocusBlox - FocusBlox (69685)' (0.000 seconds)
Test case 'SettingsComponentsTests/binding_setFalse_idempotentWhenNotPresent()' passed on 'Clone 2 of FocusBlox - FocusBlox (69685)' (0.000 seconds)
Test case 'TaskCategoryTests/unknownRawValue_returnsNil()' passed on 'Clone 2 of FocusBlox - FocusBlox (69685)' (0.000 seconds)
Test case 'SettingsComponentsTests/binding_setTrue_idempotentWhenAlreadyPresent()' passed on 'Clone 2 of FocusBlox - FocusBlox (69685)' (0.000 seconds)
Test case 'SettingsComponentsTests/binding_get_returnsFalseForEmptySet()' passed on 'Clone 2 of FocusBlox - FocusBlox (69685)' (0.000 seconds)
Test case 'SettingsComponentsTests/multipleBindings_operateIndependently()' passed on 'Clone 2 of FocusBlox - FocusBlox (69685)' (0.000 seconds)
Test case 'SettingsComponentsTests/binding_setFalse_removesIdFromSet()' passed on 'Clone 2 of FocusBlox - FocusBlox (69685)' (0.000 seconds)
Test case 'TaskCategoryTests/color_returnsExpectedValues()' passed on 'Clone 2 of FocusBlox - FocusBlox (69685)' (0.000 seconds)
Test case 'SettingsComponentsTests/binding_get_returnsTrueWhenIdInSet()' passed on 'Clone 2 of FocusBlox - FocusBlox (69685)' (0.000 seconds)
Test case 'TaskCategoryTests/localizedName_returnsGermanLabels()' passed on 'Clone 2 of FocusBlox - FocusBlox (69685)' (0.000 seconds)
Test case 'DueDateFormattingTests/compact_tomorrow_returnsMorgen()' passed on 'Clone 2 of FocusBlox - FocusBlox (69685)' (0.000 seconds)
Test case 'DueDateFormattingTests/full_tomorrow_returnsMorgen()' passed on 'Clone 2 of FocusBlox - FocusBlox (69685)' (0.000 seconds)
Test case 'DueDateFormattingTests/full_today_returnsHeute()' passed on 'Clone 2 of FocusBlox - FocusBlox (69685)' (0.000 seconds)
Test case 'DueDateFormattingTests/compact_sameWeek_returnsAbbreviatedWeekday()' passed on 'Clone 2 of FocusBlox - FocusBlox (69685)' (0.000 seconds)
Test case 'TaskMetadataUITests/urgencyColor_nilAndDefault_returnGray()' passed on 'Clone 2 of FocusBlox - FocusBlox (69685)' (0.000 seconds)
Test case 'DueDateFormattingTests/isDueToday_today_returnsTrue()' passed on 'Clone 2 of FocusBlox - FocusBlox (69685)' (0.000 seconds)
Test case 'DueDateFormattingTests/compact_otherDate_returnsShortDate()' passed on 'Clone 2 of FocusBlox - FocusBlox (69685)' (0.000 seconds)
Test case 'TaskMetadataUITests/importanceLabel_nilAndZero_returnDefault()' passed on 'Clone 2 of FocusBlox - FocusBlox (69685)' (0.000 seconds)
Test case 'TaskMetadataUITests/importanceIcon_nilAndZero_returnQuestionmark()' passed on 'Clone 2 of FocusBlox - FocusBlox (69685)' (0.000 seconds)
Test case 'DueDateFormattingTests/full_sameWeek_returnsFullWeekday()' passed on 'Clone 2 of FocusBlox - FocusBlox (69685)' (0.000 seconds)
Test case 'TaskMetadataUITests/urgencyLabel_nilAndDefault_returnDefault()' passed on 'Clone 2 of FocusBlox - FocusBlox (69685)' (0.000 seconds)
Test case 'TaskMetadataUITests/importanceColor_nilAndZero_returnGray()' passed on 'Clone 2 of FocusBlox - FocusBlox (69685)' (0.000 seconds)
Test case 'TaskMetadataUITests/urgencyIcon_nilAndDefault_returnQuestionmark()' passed on 'Clone 2 of FocusBlox - FocusBlox (69685)' (0.000 seconds)
Test case 'DueDateFormattingTests/isDueToday_yesterday_returnsFalse()' passed on 'Clone 2 of FocusBlox - FocusBlox (69685)' (0.000 seconds)
Test case 'TaskMetadataUITests/urgencyLabel_allValues()' passed on 'Clone 2 of FocusBlox - FocusBlox (69685)' (0.000 seconds)
Test case 'TaskMetadataUITests/importanceColor_allLevels()' passed on 'Clone 2 of FocusBlox - FocusBlox (69685)' (0.000 seconds)
Test case 'TaskMetadataUITests/urgencyColor_allValues()' passed on 'Clone 2 of FocusBlox - FocusBlox (69685)' (0.000 seconds)
Test case 'DueDateFormattingTests/full_otherDate_returnsMediumDate()' passed on 'Clone 2 of FocusBlox - FocusBlox (69685)' (0.000 seconds)
Test case 'TaskMetadataUITests/importanceIcon_allLevels()' passed on 'Clone 2 of FocusBlox - FocusBlox (69685)' (0.000 seconds)
Test case 'TaskMetadataUITests/urgencyIcon_allValues()' passed on 'Clone 2 of FocusBlox - FocusBlox (69685)' (0.000 seconds)
Test case 'TaskMetadataUITests/importanceLabel_allLevels()' passed on 'Clone 2 of FocusBlox - FocusBlox (69685)' (0.000 seconds)
Test case 'TaskCategoryTests/displayName_returnsExpectedValues()' passed on 'Clone 2 of FocusBlox - FocusBlox (69685)' (0.000 seconds)
Test case 'SyncEngineTests.test_sync_sortsByRank()' failed on 'Clone 3 of FocusBlox - FocusBlox (70111)' (0.495 seconds)
Test case 'SyncEngineTests.test_updateDuration_resetsToNil()' passed on 'Clone 3 of FocusBlox - FocusBlox (70111)' (0.067 seconds)
Test case 'SyncEngineTests.test_updateDuration_setsManualDuration()' passed on 'Clone 3 of FocusBlox - FocusBlox (70111)' (0.067 seconds)
Test case 'SyncEngineTests.test_updateDuration_withInvalidID_doesNotCrash()' passed on 'Clone 3 of FocusBlox - FocusBlox (70111)' (0.047 seconds)
Test case 'SyncEngineTests.test_updateSortOrder_updatesTasksSortOrder()' passed on 'Clone 3 of FocusBlox - FocusBlox (70111)' (0.064 seconds)
