Command line invocation:
    /Applications/Xcode.app/Contents/Developer/usr/bin/xcodebuild test -project /Users/hem/Developer/my-daily-sprints/FocusBlox.xcodeproj -scheme "FocusBloxWatch Watch App" -destination id=BCBC5347-2F6A-4A72-AB6B-7FA1FF12E08B

ComputePackagePrebuildTargetDependencyGraph

Prepare packages

CreateBuildRequest

SendProjectDescription

CreateBuildOperation

ComputeTargetDependencyGraph
note: Building targets in dependency order
note: Target dependency graph (7 targets)
    Target 'FocusBloxWatch Watch AppTests' in project 'FocusBlox'
        ➜ Explicit dependency on target 'FocusBloxWatch Watch App' in project 'FocusBlox'
    Target 'FocusBloxCoreTests' in project 'FocusBlox'
        ➜ Explicit dependency on target 'FocusBloxCore' in project 'FocusBlox'
        ➜ Explicit dependency on target 'FocusBlox' in project 'FocusBlox'
    Target 'FocusBlox' in project 'FocusBlox'
        ➜ Explicit dependency on target 'FocusBloxWidgetsExtension' in project 'FocusBlox'
        ➜ Explicit dependency on target 'FocusBloxCore' in project 'FocusBlox'
        ➜ Explicit dependency on target 'FocusBloxWatch Watch App' in project 'FocusBlox'
    Target 'FocusBloxWidgetsExtension' in project 'FocusBlox'
        ➜ Explicit dependency on target 'FocusBloxCore' in project 'FocusBlox'
    Target 'FocusBloxCore' in project 'FocusBlox' (no dependencies)
    Target 'FocusBloxWatch Watch AppUITests' in project 'FocusBlox'
        ➜ Explicit dependency on target 'FocusBloxWatch Watch App' in project 'FocusBlox'
    Target 'FocusBloxWatch Watch App' in project 'FocusBlox' (no dependencies)

GatherProvisioningInputs

CreateBuildDescription

ExecuteExternalTool /Applications/Xcode.app/Contents/Developer/Toolchains/XcodeDefault.xctoolchain/usr/bin/swiftc --version

ExecuteExternalTool /Applications/Xcode.app/Contents/Developer/usr/bin/actool --print-asset-tag-combinations --output-format xml1 /Users/hem/Developer/my-daily-sprints/FocusBloxWatch Watch App/Assets.xcassets

ExecuteExternalTool /Applications/Xcode.app/Contents/Developer/Toolchains/XcodeDefault.xctoolchain/usr/bin/clang -v -E -dM -arch arm64 -isysroot /Applications/Xcode.app/Contents/Developer/Platforms/iPhoneSimulator.platform/Developer/SDKs/iPhoneSimulator26.2.sdk -x c -c /dev/null

ExecuteExternalTool /Applications/Xcode.app/Contents/Developer/usr/bin/actool --version --output-format xml1

ExecuteExternalTool /Applications/Xcode.app/Contents/Developer/Toolchains/XcodeDefault.xctoolchain/usr/bin/clang -v -E -dM -isysroot /Applications/Xcode.app/Contents/Developer/Platforms/WatchSimulator.platform/Developer/SDKs/WatchSimulator26.2.sdk -x c -c /dev/null

ExecuteExternalTool /Applications/Xcode.app/Contents/Developer/usr/bin/actool --print-asset-tag-combinations --output-format xml1 /Users/hem/Developer/my-daily-sprints/Resources/Assets.xcassets

ExecuteExternalTool /Applications/Xcode.app/Contents/Developer/Toolchains/XcodeDefault.xctoolchain/usr/bin/clang -v -E -dM -isysroot /Applications/Xcode.app/Contents/Developer/Platforms/iPhoneSimulator.platform/Developer/SDKs/iPhoneSimulator26.2.sdk -x c -c /dev/null

ExecuteExternalTool /Applications/Xcode.app/Contents/Developer/Toolchains/XcodeDefault.xctoolchain/usr/bin/ld -version_details

ReadFileContents /Applications/Xcode.app/Contents/Developer/Toolchains/XcodeDefault.xctoolchain/usr/share/docc/features.json

ExecuteExternalTool /Applications/Xcode.app/Contents/Developer/Toolchains/XcodeDefault.xctoolchain/usr/bin/clang -v -E -dM -arch x86_64 -isysroot /Applications/Xcode.app/Contents/Developer/Platforms/iPhoneSimulator.platform/Developer/SDKs/iPhoneSimulator26.2.sdk -x c -c /dev/null

Build description signature: 0f92ca34e3b4191439fe0d24058c3a4c
Build description path: /Users/hem/Library/Developer/Xcode/DerivedData/FocusBlox-fshkgwtdrowrvdgcqrhjhqvttdao/Build/Intermediates.noindex/XCBuildData/0f92ca34e3b4191439fe0d24058c3a4c.xcbuilddata
ClangStatCache /Applications/Xcode.app/Contents/Developer/Toolchains/XcodeDefault.xctoolchain/usr/bin/clang-stat-cache /Applications/Xcode.app/Contents/Developer/Platforms/WatchSimulator.platform/Developer/SDKs/WatchSimulator26.2.sdk /Users/hem/Library/Developer/Xcode/DerivedData/SDKStatCaches.noindex/watchsimulator26.2-23S303-963ebdd26732d23a23bcca82c2045e26.sdkstatcache
    cd /Users/hem/Developer/my-daily-sprints/FocusBlox.xcodeproj
    /Applications/Xcode.app/Contents/Developer/Toolchains/XcodeDefault.xctoolchain/usr/bin/clang-stat-cache /Applications/Xcode.app/Contents/Developer/Platforms/WatchSimulator.platform/Developer/SDKs/WatchSimulator26.2.sdk -o /Users/hem/Library/Developer/Xcode/DerivedData/SDKStatCaches.noindex/watchsimulator26.2-23S303-963ebdd26732d23a23bcca82c2045e26.sdkstatcache

ClangStatCache /Applications/Xcode.app/Contents/Developer/Toolchains/XcodeDefault.xctoolchain/usr/bin/clang-stat-cache /Applications/Xcode.app/Contents/Developer/Platforms/iPhoneSimulator.platform/Developer/SDKs/iPhoneSimulator26.2.sdk /Users/hem/Library/Developer/Xcode/DerivedData/SDKStatCaches.noindex/iphonesimulator26.2-23C53-7d00a8b37fbd7999ea79df8ebc024bf0.sdkstatcache
    cd /Users/hem/Developer/my-daily-sprints/FocusBlox.xcodeproj
    /Applications/Xcode.app/Contents/Developer/Toolchains/XcodeDefault.xctoolchain/usr/bin/clang-stat-cache /Applications/Xcode.app/Contents/Developer/Platforms/iPhoneSimulator.platform/Developer/SDKs/iPhoneSimulator26.2.sdk -o /Users/hem/Library/Developer/Xcode/DerivedData/SDKStatCaches.noindex/iphonesimulator26.2-23C53-7d00a8b37fbd7999ea79df8ebc024bf0.sdkstatcache

ProcessInfoPlistFile /Users/hem/Library/Developer/Xcode/DerivedData/FocusBlox-fshkgwtdrowrvdgcqrhjhqvttdao/Build/Products/Debug-iphonesimulator/FocusBloxCore.framework/Info.plist /Users/hem/Library/Developer/Xcode/DerivedData/FocusBlox-fshkgwtdrowrvdgcqrhjhqvttdao/Build/Intermediates.noindex/FocusBlox.build/Debug-iphonesimulator/FocusBloxCore.build/empty-FocusBloxCore.plist (in target 'FocusBloxCore' from project 'FocusBlox')
    cd /Users/hem/Developer/my-daily-sprints
    builtin-infoPlistUtility /Users/hem/Library/Developer/Xcode/DerivedData/FocusBlox-fshkgwtdrowrvdgcqrhjhqvttdao/Build/Intermediates.noindex/FocusBlox.build/Debug-iphonesimulator/FocusBloxCore.build/empty-FocusBloxCore.plist -producttype com.apple.product-type.framework -expandbuildsettings -format binary -platform iphonesimulator -o /Users/hem/Library/Developer/Xcode/DerivedData/FocusBlox-fshkgwtdrowrvdgcqrhjhqvttdao/Build/Products/Debug-iphonesimulator/FocusBloxCore.framework/Info.plist

ProcessInfoPlistFile /Users/hem/Library/Developer/Xcode/DerivedData/FocusBlox-fshkgwtdrowrvdgcqrhjhqvttdao/Build/Products/Debug-watchsimulator/FocusBloxWatch\ Watch\ App.app/Info.plist /Users/hem/Library/Developer/Xcode/DerivedData/FocusBlox-fshkgwtdrowrvdgcqrhjhqvttdao/Build/Intermediates.noindex/FocusBlox.build/Debug-watchsimulator/FocusBloxWatch\ Watch\ App.build/empty-FocusBloxWatch\ Watch\ App.plist (in target 'FocusBloxWatch Watch App' from project 'FocusBlox')
    cd /Users/hem/Developer/my-daily-sprints
    builtin-infoPlistUtility /Users/hem/Library/Developer/Xcode/DerivedData/FocusBlox-fshkgwtdrowrvdgcqrhjhqvttdao/Build/Intermediates.noindex/FocusBlox.build/Debug-watchsimulator/FocusBloxWatch\ Watch\ App.build/empty-FocusBloxWatch\ Watch\ App.plist -producttype com.apple.product-type.application -genpkginfo /Users/hem/Library/Developer/Xcode/DerivedData/FocusBlox-fshkgwtdrowrvdgcqrhjhqvttdao/Build/Products/Debug-watchsimulator/FocusBloxWatch\ Watch\ App.app/PkgInfo -expandbuildsettings -format binary -platform watchsimulator -additionalcontentfile /Users/hem/Library/Developer/Xcode/DerivedData/FocusBlox-fshkgwtdrowrvdgcqrhjhqvttdao/Build/Intermediates.noindex/FocusBlox.build/Debug-watchsimulator/FocusBloxWatch\ Watch\ App.build/assetcatalog_generated_info.plist -o /Users/hem/Library/Developer/Xcode/DerivedData/FocusBlox-fshkgwtdrowrvdgcqrhjhqvttdao/Build/Products/Debug-watchsimulator/FocusBloxWatch\ Watch\ App.app/Info.plist

CopySwiftLibs /Users/hem/Library/Developer/Xcode/DerivedData/FocusBlox-fshkgwtdrowrvdgcqrhjhqvttdao/Build/Products/Debug-watchsimulator/FocusBloxWatch\ Watch\ App.app (in target 'FocusBloxWatch Watch App' from project 'FocusBlox')
    cd /Users/hem/Developer/my-daily-sprints
    builtin-swiftStdLibTool --copy --verbose --sign - --scan-executable /Users/hem/Library/Developer/Xcode/DerivedData/FocusBlox-fshkgwtdrowrvdgcqrhjhqvttdao/Build/Products/Debug-watchsimulator/FocusBloxWatch\ Watch\ App.app/FocusBloxWatch\ Watch\ App.debug.dylib --scan-folder /Users/hem/Library/Developer/Xcode/DerivedData/FocusBlox-fshkgwtdrowrvdgcqrhjhqvttdao/Build/Products/Debug-watchsimulator/FocusBloxWatch\ Watch\ App.app/Frameworks --scan-folder /Users/hem/Library/Developer/Xcode/DerivedData/FocusBlox-fshkgwtdrowrvdgcqrhjhqvttdao/Build/Products/Debug-watchsimulator/FocusBloxWatch\ Watch\ App.app/PlugIns --scan-folder /Users/hem/Library/Developer/Xcode/DerivedData/FocusBlox-fshkgwtdrowrvdgcqrhjhqvttdao/Build/Products/Debug-watchsimulator/FocusBloxWatch\ Watch\ App.app/SystemExtensions --scan-folder /Users/hem/Library/Developer/Xcode/DerivedData/FocusBlox-fshkgwtdrowrvdgcqrhjhqvttdao/Build/Products/Debug-watchsimulator/FocusBloxWatch\ Watch\ App.app/Extensions --platform watchsimulator --toolchain /Applications/Xcode.app/Contents/Developer/Toolchains/XcodeDefault.xctoolchain --destination /Users/hem/Library/Developer/Xcode/DerivedData/FocusBlox-fshkgwtdrowrvdgcqrhjhqvttdao/Build/Products/Debug-watchsimulator/FocusBloxWatch\ Watch\ App.app/Frameworks --strip-bitcode --strip-bitcode-tool /Applications/Xcode.app/Contents/Developer/Toolchains/XcodeDefault.xctoolchain/usr/bin/bitcode_strip --emit-dependency-info /Users/hem/Library/Developer/Xcode/DerivedData/FocusBlox-fshkgwtdrowrvdgcqrhjhqvttdao/Build/Intermediates.noindex/FocusBlox.build/Debug-watchsimulator/FocusBloxWatch\ Watch\ App.build/SwiftStdLibToolInputDependencies.dep --filter-for-swift-os

SwiftDriver FocusBloxWatch\ Watch\ AppUITests normal arm64 com.apple.xcode.tools.swift.compiler (in target 'FocusBloxWatch Watch AppUITests' from project 'FocusBlox')
    cd /Users/hem/Developer/my-daily-sprints
    builtin-SwiftDriver -- /Applications/Xcode.app/Contents/Developer/Toolchains/XcodeDefault.xctoolchain/usr/bin/swiftc -module-name FocusBloxWatch_Watch_AppUITests -Onone -enforce-exclusivity\=checked @/Users/hem/Library/Developer/Xcode/DerivedData/FocusBlox-fshkgwtdrowrvdgcqrhjhqvttdao/Build/Intermediates.noindex/FocusBlox.build/Debug-watchsimulator/FocusBloxWatch\ Watch\ AppUITests.build/Objects-normal/arm64/FocusBloxWatch\ Watch\ AppUITests.SwiftFileList -DDEBUG -DDEBUG -module-alias Testing\=_Testing_Unavailable -plugin-path /Applications/Xcode.app/Contents/Developer/Toolchains/XcodeDefault.xctoolchain/usr/lib/swift/host/plugins/testing -enable-bare-slash-regex -enable-upcoming-feature DisableOutwardActorInference -enable-upcoming-feature InferSendableFromCaptures -enable-upcoming-feature GlobalActorIsolatedTypesUsability -enable-upcoming-feature MemberImportVisibility -enable-upcoming-feature InferIsolatedConformances -enable-upcoming-feature NonisolatedNonsendingByDefault -enable-experimental-feature DebugDescriptionMacro -sdk /Applications/Xcode.app/Contents/Developer/Platforms/WatchSimulator.platform/Developer/SDKs/WatchSimulator26.2.sdk -target arm64-apple-watchos26.2-simulator -g -module-cache-path /Users/hem/Library/Developer/Xcode/DerivedData/ModuleCache.noindex -Xfrontend -serialize-debugging-options -profile-coverage-mapping -profile-generate -enable-testing -index-store-path /Users/hem/Library/Developer/Xcode/DerivedData/FocusBlox-fshkgwtdrowrvdgcqrhjhqvttdao/Index.noindex/DataStore -Xcc -D_LIBCPP_HARDENING_MODE\=_LIBCPP_HARDENING_MODE_DEBUG -swift-version 5 -I /Users/hem/Library/Developer/Xcode/DerivedData/FocusBlox-fshkgwtdrowrvdgcqrhjhqvttdao/Build/Products/Debug-watchsimulator -Isystem /Applications/Xcode.app/Contents/Developer/Platforms/WatchSimulator.platform/Developer/usr/lib -F /Users/hem/Library/Developer/Xcode/DerivedData/FocusBlox-fshkgwtdrowrvdgcqrhjhqvttdao/Build/Products/Debug-watchsimulator -F /Applications/Xcode.app/Contents/Developer/Platforms/WatchSimulator.platform/Developer/Library/Frameworks -F /Applications/Xcode.app/Contents/Developer/Platforms/WatchSimulator.platform/Developer/SDKs/WatchSimulator26.2.sdk/Developer/Library/Frameworks -c -j10 -enable-batch-mode -incremental -Xcc -ivfsstatcache -Xcc /Users/hem/Library/Developer/Xcode/DerivedData/SDKStatCaches.noindex/watchsimulator26.2-23S303-963ebdd26732d23a23bcca82c2045e26.sdkstatcache -output-file-map /Users/hem/Library/Developer/Xcode/DerivedData/FocusBlox-fshkgwtdrowrvdgcqrhjhqvttdao/Build/Intermediates.noindex/FocusBlox.build/Debug-watchsimulator/FocusBloxWatch\ Watch\ AppUITests.build/Objects-normal/arm64/FocusBloxWatch\ Watch\ AppUITests-OutputFileMap.json -use-frontend-parseable-output -save-temps -no-color-diagnostics -explicit-module-build -module-cache-path /Users/hem/Library/Developer/Xcode/DerivedData/FocusBlox-fshkgwtdrowrvdgcqrhjhqvttdao/Build/Intermediates.noindex/SwiftExplicitPrecompiledModules -clang-scanner-module-cache-path /Users/hem/Library/Developer/Xcode/DerivedData/ModuleCache.noindex -sdk-module-cache-path /Users/hem/Library/Developer/Xcode/DerivedData/ModuleCache.noindex -serialize-diagnostics -emit-dependencies -emit-module -emit-module-path /Users/hem/Library/Developer/Xcode/DerivedData/FocusBlox-fshkgwtdrowrvdgcqrhjhqvttdao/Build/Intermediates.noindex/FocusBlox.build/Debug-watchsimulator/FocusBloxWatch\ Watch\ AppUITests.build/Objects-normal/arm64/FocusBloxWatch_Watch_AppUITests.swiftmodule -validate-clang-modules-once -clang-build-session-file /Users/hem/Library/Developer/Xcode/DerivedData/ModuleCache.noindex/Session.modulevalidation -Xcc -I/Users/hem/Library/Developer/Xcode/DerivedData/FocusBlox-fshkgwtdrowrvdgcqrhjhqvttdao/Build/Intermediates.noindex/FocusBlox.build/Debug-watchsimulator/FocusBloxWatch\ Watch\ AppUITests.build/swift-overrides.hmap -emit-const-values -Xfrontend -const-gather-protocols-file -Xfrontend /Users/hem/Library/Developer/Xcode/DerivedData/FocusBlox-fshkgwtdrowrvdgcqrhjhqvttdao/Build/Intermediates.noindex/FocusBlox.build/Debug-watchsimulator/FocusBloxWatch\ Watch\ AppUITests.build/Objects-normal/arm64/FocusBloxWatch\ Watch\ AppUITests_const_extract_protocols.json -Xcc -iquote -Xcc /Users/hem/Library/Developer/Xcode/DerivedData/FocusBlox-fshkgwtdrowrvdgcqrhjhqvttdao/Build/Intermediates.noindex/FocusBlox.build/Debug-watchsimulator/FocusBloxWatch\ Watch\ AppUITests.build/FocusBloxWatch\ Watch\ AppUITests-generated-files.hmap -Xcc -I/Users/hem/Library/Developer/Xcode/DerivedData/FocusBlox-fshkgwtdrowrvdgcqrhjhqvttdao/Build/Intermediates.noindex/FocusBlox.build/Debug-watchsimulator/FocusBloxWatch\ Watch\ AppUITests.build/FocusBloxWatch\ Watch\ AppUITests-own-target-headers.hmap -Xcc -I/Users/hem/Library/Developer/Xcode/DerivedData/FocusBlox-fshkgwtdrowrvdgcqrhjhqvttdao/Build/Intermediates.noindex/FocusBlox.build/Debug-watchsimulator/FocusBloxWatch\ Watch\ AppUITests.build/FocusBloxWatch\ Watch\ AppUITests-all-target-headers.hmap -Xcc -iquote -Xcc /Users/hem/Library/Developer/Xcode/DerivedData/FocusBlox-fshkgwtdrowrvdgcqrhjhqvttdao/Build/Intermediates.noindex/FocusBlox.build/Debug-watchsimulator/FocusBloxWatch\ Watch\ AppUITests.build/FocusBloxWatch\ Watch\ AppUITests-project-headers.hmap -Xcc -I/Users/hem/Library/Developer/Xcode/DerivedData/FocusBlox-fshkgwtdrowrvdgcqrhjhqvttdao/Build/Products/Debug-watchsimulator/include -Xcc -I/Users/hem/Library/Developer/Xcode/DerivedData/FocusBlox-fshkgwtdrowrvdgcqrhjhqvttdao/Build/Intermediates.noindex/FocusBlox.build/Debug-watchsimulator/FocusBloxWatch\ Watch\ AppUITests.build/DerivedSources-normal/arm64 -Xcc -I/Users/hem/Library/Developer/Xcode/DerivedData/FocusBlox-fshkgwtdrowrvdgcqrhjhqvttdao/Build/Intermediates.noindex/FocusBlox.build/Debug-watchsimulator/FocusBloxWatch\ Watch\ AppUITests.build/DerivedSources/arm64 -Xcc -I/Users/hem/Library/Developer/Xcode/DerivedData/FocusBlox-fshkgwtdrowrvdgcqrhjhqvttdao/Build/Intermediates.noindex/FocusBlox.build/Debug-watchsimulator/FocusBloxWatch\ Watch\ AppUITests.build/DerivedSources -Xcc -DDEBUG\=1 -Xcc -DDEBUG\=1 -emit-objc-header -emit-objc-header-path /Users/hem/Library/Developer/Xcode/DerivedData/FocusBlox-fshkgwtdrowrvdgcqrhjhqvttdao/Build/Intermediates.noindex/FocusBlox.build/Debug-watchsimulator/FocusBloxWatch\ Watch\ AppUITests.build/Objects-normal/arm64/FocusBloxWatch_Watch_AppUITests-Swift.h -working-directory /Users/hem/Developer/my-daily-sprints -experimental-emit-module-separately -disable-cmo

SwiftDriver FocusBloxCore normal x86_64 com.apple.xcode.tools.swift.compiler (in target 'FocusBloxCore' from project 'FocusBlox')
    cd /Users/hem/Developer/my-daily-sprints
    builtin-SwiftDriver -- /Applications/Xcode.app/Contents/Developer/Toolchains/XcodeDefault.xctoolchain/usr/bin/swiftc -module-name FocusBloxCore -Onone -enforce-exclusivity\=checked @/Users/hem/Library/Developer/Xcode/DerivedData/FocusBlox-fshkgwtdrowrvdgcqrhjhqvttdao/Build/Intermediates.noindex/FocusBlox.build/Debug-iphonesimulator/FocusBloxCore.build/Objects-normal/x86_64/FocusBloxCore.SwiftFileList -DDEBUG -DDEBUG -enable-bare-slash-regex -enable-upcoming-feature DisableOutwardActorInference -enable-upcoming-feature InferSendableFromCaptures -enable-upcoming-feature GlobalActorIsolatedTypesUsability -enable-upcoming-feature MemberImportVisibility -enable-upcoming-feature InferIsolatedConformances -enable-upcoming-feature NonisolatedNonsendingByDefault -enable-experimental-feature DebugDescriptionMacro -sdk /Applications/Xcode.app/Contents/Developer/Platforms/iPhoneSimulator.platform/Developer/SDKs/iPhoneSimulator26.2.sdk -target x86_64-apple-ios26.2-simulator -g -module-cache-path /Users/hem/Library/Developer/Xcode/DerivedData/ModuleCache.noindex -Xfrontend -serialize-debugging-options -profile-coverage-mapping -profile-generate -enable-testing -index-store-path /Users/hem/Library/Developer/Xcode/DerivedData/FocusBlox-fshkgwtdrowrvdgcqrhjhqvttdao/Index.noindex/DataStore -enable-library-evolution -Xcc -D_LIBCPP_HARDENING_MODE\=_LIBCPP_HARDENING_MODE_DEBUG -swift-version 5 -I /Users/hem/Library/Developer/Xcode/DerivedData/FocusBlox-fshkgwtdrowrvdgcqrhjhqvttdao/Build/Products/Debug-iphonesimulator -F /Users/hem/Library/Developer/Xcode/DerivedData/FocusBlox-fshkgwtdrowrvdgcqrhjhqvttdao/Build/Products/Debug-iphonesimulator -emit-localized-strings -emit-localized-strings-path /Users/hem/Library/Developer/Xcode/DerivedData/FocusBlox-fshkgwtdrowrvdgcqrhjhqvttdao/Build/Intermediates.noindex/FocusBlox.build/Debug-iphonesimulator/FocusBloxCore.build/Objects-normal/x86_64 -c -j10 -enable-batch-mode -incremental -Xcc -ivfsstatcache -Xcc /Users/hem/Library/Developer/Xcode/DerivedData/SDKStatCaches.noindex/iphonesimulator26.2-23C53-7d00a8b37fbd7999ea79df8ebc024bf0.sdkstatcache -output-file-map /Users/hem/Library/Developer/Xcode/DerivedData/FocusBlox-fshkgwtdrowrvdgcqrhjhqvttdao/Build/Intermediates.noindex/FocusBlox.build/Debug-iphonesimulator/FocusBloxCore.build/Objects-normal/x86_64/FocusBloxCore-OutputFileMap.json -use-frontend-parseable-output -save-temps -no-color-diagnostics -explicit-module-build -module-cache-path /Users/hem/Library/Developer/Xcode/DerivedData/FocusBlox-fshkgwtdrowrvdgcqrhjhqvttdao/Build/Intermediates.noindex/SwiftExplicitPrecompiledModules -clang-scanner-module-cache-path /Users/hem/Library/Developer/Xcode/DerivedData/ModuleCache.noindex -sdk-module-cache-path /Users/hem/Library/Developer/Xcode/DerivedData/ModuleCache.noindex -serialize-diagnostics -emit-dependencies -emit-module -emit-module-path /Users/hem/Library/Developer/Xcode/DerivedData/FocusBlox-fshkgwtdrowrvdgcqrhjhqvttdao/Build/Intermediates.noindex/FocusBlox.build/Debug-iphonesimulator/FocusBloxCore.build/Objects-normal/x86_64/FocusBloxCore.swiftmodule -emit-module-interface-path /Users/hem/Library/Developer/Xcode/DerivedData/FocusBlox-fshkgwtdrowrvdgcqrhjhqvttdao/Build/Intermediates.noindex/FocusBlox.build/Debug-iphonesimulator/FocusBloxCore.build/Objects-normal/x86_64/FocusBloxCore.swiftinterface -emit-private-module-interface-path /Users/hem/Library/Developer/Xcode/DerivedData/FocusBlox-fshkgwtdrowrvdgcqrhjhqvttdao/Build/Intermediates.noindex/FocusBlox.build/Debug-iphonesimulator/FocusBloxCore.build/Objects-normal/x86_64/FocusBloxCore.private.swiftinterface -validate-clang-modules-once -clang-build-session-file /Users/hem/Library/Developer/Xcode/DerivedData/ModuleCache.noindex/Session.modulevalidation -Xcc -I/Users/hem/Library/Developer/Xcode/DerivedData/FocusBlox-fshkgwtdrowrvdgcqrhjhqvttdao/Build/Intermediates.noindex/FocusBlox.build/Debug-iphonesimulator/FocusBloxCore.build/swift-overrides.hmap -emit-const-values -Xfrontend -const-gather-protocols-file -Xfrontend /Users/hem/Library/Developer/Xcode/DerivedData/FocusBlox-fshkgwtdrowrvdgcqrhjhqvttdao/Build/Intermediates.noindex/FocusBlox.build/Debug-iphonesimulator/FocusBloxCore.build/Objects-normal/x86_64/FocusBloxCore_const_extract_protocols.json -Xcc -iquote -Xcc /Users/hem/Library/Developer/Xcode/DerivedData/FocusBlox-fshkgwtdrowrvdgcqrhjhqvttdao/Build/Intermediates.noindex/FocusBlox.build/Debug-iphonesimulator/FocusBloxCore.build/FocusBloxCore-generated-files.hmap -Xcc -I/Users/hem/Library/Developer/Xcode/DerivedData/FocusBlox-fshkgwtdrowrvdgcqrhjhqvttdao/Build/Intermediates.noindex/FocusBlox.build/Debug-iphonesimulator/FocusBloxCore.build/FocusBloxCore-own-target-headers.hmap -Xcc -I/Users/hem/Library/Developer/Xcode/DerivedData/FocusBlox-fshkgwtdrowrvdgcqrhjhqvttdao/Build/Intermediates.noindex/FocusBlox.build/Debug-iphonesimulator/FocusBloxCore.build/FocusBloxCore-all-target-headers.hmap -Xcc -iquote -Xcc /Users/hem/Library/Developer/Xcode/DerivedData/FocusBlox-fshkgwtdrowrvdgcqrhjhqvttdao/Build/Intermediates.noindex/FocusBlox.build/Debug-iphonesimulator/FocusBloxCore.build/FocusBloxCore-project-headers.hmap -Xcc -I/Users/hem/Library/Developer/Xcode/DerivedData/FocusBlox-fshkgwtdrowrvdgcqrhjhqvttdao/Build/Products/Debug-iphonesimulator/include -Xcc -I/Users/hem/Library/Developer/Xcode/DerivedData/FocusBlox-fshkgwtdrowrvdgcqrhjhqvttdao/Build/Intermediates.noindex/FocusBlox.build/Debug-iphonesimulator/FocusBloxCore.build/DerivedSources-normal/x86_64 -Xcc -I/Users/hem/Library/Developer/Xcode/DerivedData/FocusBlox-fshkgwtdrowrvdgcqrhjhqvttdao/Build/Intermediates.noindex/FocusBlox.build/Debug-iphonesimulator/FocusBloxCore.build/DerivedSources/x86_64 -Xcc -I/Users/hem/Library/Developer/Xcode/DerivedData/FocusBlox-fshkgwtdrowrvdgcqrhjhqvttdao/Build/Intermediates.noindex/FocusBlox.build/Debug-iphonesimulator/FocusBloxCore.build/DerivedSources -Xcc -DDEBUG\=1 -Xcc -DDEBUG\=1 -emit-objc-header -emit-objc-header-path /Users/hem/Library/Developer/Xcode/DerivedData/FocusBlox-fshkgwtdrowrvdgcqrhjhqvttdao/Build/Intermediates.noindex/FocusBlox.build/Debug-iphonesimulator/FocusBloxCore.build/Objects-normal/x86_64/FocusBloxCore-Swift.h -working-directory /Users/hem/Developer/my-daily-sprints -experimental-emit-module-separately -disable-cmo

SwiftDriver FocusBloxWatch\ Watch\ AppTests normal arm64 com.apple.xcode.tools.swift.compiler (in target 'FocusBloxWatch Watch AppTests' from project 'FocusBlox')
    cd /Users/hem/Developer/my-daily-sprints
    builtin-SwiftDriver -- /Applications/Xcode.app/Contents/Developer/Toolchains/XcodeDefault.xctoolchain/usr/bin/swiftc -module-name FocusBloxWatch_Watch_AppTests -Onone -enforce-exclusivity\=checked @/Users/hem/Library/Developer/Xcode/DerivedData/FocusBlox-fshkgwtdrowrvdgcqrhjhqvttdao/Build/Intermediates.noindex/FocusBlox.build/Debug-watchsimulator/FocusBloxWatch\ Watch\ AppTests.build/Objects-normal/arm64/FocusBloxWatch\ Watch\ AppTests.SwiftFileList -DDEBUG -DDEBUG -plugin-path /Applications/Xcode.app/Contents/Developer/Toolchains/XcodeDefault.xctoolchain/usr/lib/swift/host/plugins/testing -enable-bare-slash-regex -enable-upcoming-feature DisableOutwardActorInference -enable-upcoming-feature InferSendableFromCaptures -enable-upcoming-feature GlobalActorIsolatedTypesUsability -enable-upcoming-feature MemberImportVisibility -enable-upcoming-feature InferIsolatedConformances -enable-upcoming-feature NonisolatedNonsendingByDefault -enable-experimental-feature DebugDescriptionMacro -sdk /Applications/Xcode.app/Contents/Developer/Platforms/WatchSimulator.platform/Developer/SDKs/WatchSimulator26.2.sdk -target arm64-apple-watchos26.2-simulator -g -module-cache-path /Users/hem/Library/Developer/Xcode/DerivedData/ModuleCache.noindex -Xfrontend -serialize-debugging-options -profile-coverage-mapping -profile-generate -enable-testing -index-store-path /Users/hem/Library/Developer/Xcode/DerivedData/FocusBlox-fshkgwtdrowrvdgcqrhjhqvttdao/Index.noindex/DataStore -Xcc -D_LIBCPP_HARDENING_MODE\=_LIBCPP_HARDENING_MODE_DEBUG -swift-version 5 -I /Users/hem/Library/Developer/Xcode/DerivedData/FocusBlox-fshkgwtdrowrvdgcqrhjhqvttdao/Build/Products/Debug-watchsimulator -Isystem /Applications/Xcode.app/Contents/Developer/Platforms/WatchSimulator.platform/Developer/usr/lib -F /Users/hem/Library/Developer/Xcode/DerivedData/FocusBlox-fshkgwtdrowrvdgcqrhjhqvttdao/Build/Products/Debug-watchsimulator -F /Applications/Xcode.app/Contents/Developer/Platforms/WatchSimulator.platform/Developer/Library/Frameworks -F /Applications/Xcode.app/Contents/Developer/Platforms/WatchSimulator.platform/Developer/SDKs/WatchSimulator26.2.sdk/Developer/Library/Frameworks -parse-as-library -c -j10 -enable-batch-mode -incremental -Xcc -ivfsstatcache -Xcc /Users/hem/Library/Developer/Xcode/DerivedData/SDKStatCaches.noindex/watchsimulator26.2-23S303-963ebdd26732d23a23bcca82c2045e26.sdkstatcache -output-file-map /Users/hem/Library/Developer/Xcode/DerivedData/FocusBlox-fshkgwtdrowrvdgcqrhjhqvttdao/Build/Intermediates.noindex/FocusBlox.build/Debug-watchsimulator/FocusBloxWatch\ Watch\ AppTests.build/Objects-normal/arm64/FocusBloxWatch\ Watch\ AppTests-OutputFileMap.json -use-frontend-parseable-output -save-temps -no-color-diagnostics -explicit-module-build -module-cache-path /Users/hem/Library/Developer/Xcode/DerivedData/FocusBlox-fshkgwtdrowrvdgcqrhjhqvttdao/Build/Intermediates.noindex/SwiftExplicitPrecompiledModules -clang-scanner-module-cache-path /Users/hem/Library/Developer/Xcode/DerivedData/ModuleCache.noindex -sdk-module-cache-path /Users/hem/Library/Developer/Xcode/DerivedData/ModuleCache.noindex -serialize-diagnostics -emit-dependencies -emit-module -emit-module-path /Users/hem/Library/Developer/Xcode/DerivedData/FocusBlox-fshkgwtdrowrvdgcqrhjhqvttdao/Build/Intermediates.noindex/FocusBlox.build/Debug-watchsimulator/FocusBloxWatch\ Watch\ AppTests.build/Objects-normal/arm64/FocusBloxWatch_Watch_AppTests.swiftmodule -validate-clang-modules-once -clang-build-session-file /Users/hem/Library/Developer/Xcode/DerivedData/ModuleCache.noindex/Session.modulevalidation -Xcc -I/Users/hem/Library/Developer/Xcode/DerivedData/FocusBlox-fshkgwtdrowrvdgcqrhjhqvttdao/Build/Intermediates.noindex/FocusBlox.build/Debug-watchsimulator/FocusBloxWatch\ Watch\ AppTests.build/swift-overrides.hmap -emit-const-values -Xfrontend -const-gather-protocols-file -Xfrontend /Users/hem/Library/Developer/Xcode/DerivedData/FocusBlox-fshkgwtdrowrvdgcqrhjhqvttdao/Build/Intermediates.noindex/FocusBlox.build/Debug-watchsimulator/FocusBloxWatch\ Watch\ AppTests.build/Objects-normal/arm64/FocusBloxWatch\ Watch\ AppTests_const_extract_protocols.json -Xcc -iquote -Xcc /Users/hem/Library/Developer/Xcode/DerivedData/FocusBlox-fshkgwtdrowrvdgcqrhjhqvttdao/Build/Intermediates.noindex/FocusBlox.build/Debug-watchsimulator/FocusBloxWatch\ Watch\ AppTests.build/FocusBloxWatch\ Watch\ AppTests-generated-files.hmap -Xcc -I/Users/hem/Library/Developer/Xcode/DerivedData/FocusBlox-fshkgwtdrowrvdgcqrhjhqvttdao/Build/Intermediates.noindex/FocusBlox.build/Debug-watchsimulator/FocusBloxWatch\ Watch\ AppTests.build/FocusBloxWatch\ Watch\ AppTests-own-target-headers.hmap -Xcc -I/Users/hem/Library/Developer/Xcode/DerivedData/FocusBlox-fshkgwtdrowrvdgcqrhjhqvttdao/Build/Intermediates.noindex/FocusBlox.build/Debug-watchsimulator/FocusBloxWatch\ Watch\ AppTests.build/FocusBloxWatch\ Watch\ AppTests-all-target-headers.hmap -Xcc -iquote -Xcc /Users/hem/Library/Developer/Xcode/DerivedData/FocusBlox-fshkgwtdrowrvdgcqrhjhqvttdao/Build/Intermediates.noindex/FocusBlox.build/Debug-watchsimulator/FocusBloxWatch\ Watch\ AppTests.build/FocusBloxWatch\ Watch\ AppTests-project-headers.hmap -Xcc -I/Users/hem/Library/Developer/Xcode/DerivedData/FocusBlox-fshkgwtdrowrvdgcqrhjhqvttdao/Build/Products/Debug-watchsimulator/include -Xcc -I/Users/hem/Library/Developer/Xcode/DerivedData/FocusBlox-fshkgwtdrowrvdgcqrhjhqvttdao/Build/Intermediates.noindex/FocusBlox.build/Debug-watchsimulator/FocusBloxWatch\ Watch\ AppTests.build/DerivedSources-normal/arm64 -Xcc -I/Users/hem/Library/Developer/Xcode/DerivedData/FocusBlox-fshkgwtdrowrvdgcqrhjhqvttdao/Build/Intermediates.noindex/FocusBlox.build/Debug-watchsimulator/FocusBloxWatch\ Watch\ AppTests.build/DerivedSources/arm64 -Xcc -I/Users/hem/Library/Developer/Xcode/DerivedData/FocusBlox-fshkgwtdrowrvdgcqrhjhqvttdao/Build/Intermediates.noindex/FocusBlox.build/Debug-watchsimulator/FocusBloxWatch\ Watch\ AppTests.build/DerivedSources -Xcc -DDEBUG\=1 -Xcc -DDEBUG\=1 -emit-objc-header -emit-objc-header-path /Users/hem/Library/Developer/Xcode/DerivedData/FocusBlox-fshkgwtdrowrvdgcqrhjhqvttdao/Build/Intermediates.noindex/FocusBlox.build/Debug-watchsimulator/FocusBloxWatch\ Watch\ AppTests.build/Objects-normal/arm64/FocusBloxWatch_Watch_AppTests-Swift.h -working-directory /Users/hem/Developer/my-daily-sprints -experimental-emit-module-separately -disable-cmo

ProcessInfoPlistFile /Users/hem/Library/Developer/Xcode/DerivedData/FocusBlox-fshkgwtdrowrvdgcqrhjhqvttdao/Build/Products/Debug-watchsimulator/FocusBloxWatch\ Watch\ App.app/PlugIns/FocusBloxWatch\ Watch\ AppTests.xctest/Info.plist /Users/hem/Library/Developer/Xcode/DerivedData/FocusBlox-fshkgwtdrowrvdgcqrhjhqvttdao/Build/Intermediates.noindex/FocusBlox.build/Debug-watchsimulator/FocusBloxWatch\ Watch\ AppTests.build/empty-FocusBloxWatch\ Watch\ AppTests.plist (in target 'FocusBloxWatch Watch AppTests' from project 'FocusBlox')
    cd /Users/hem/Developer/my-daily-sprints
    builtin-infoPlistUtility /Users/hem/Library/Developer/Xcode/DerivedData/FocusBlox-fshkgwtdrowrvdgcqrhjhqvttdao/Build/Intermediates.noindex/FocusBlox.build/Debug-watchsimulator/FocusBloxWatch\ Watch\ AppTests.build/empty-FocusBloxWatch\ Watch\ AppTests.plist -producttype com.apple.product-type.bundle.unit-test -expandbuildsettings -format binary -platform watchsimulator -o /Users/hem/Library/Developer/Xcode/DerivedData/FocusBlox-fshkgwtdrowrvdgcqrhjhqvttdao/Build/Products/Debug-watchsimulator/FocusBloxWatch\ Watch\ App.app/PlugIns/FocusBloxWatch\ Watch\ AppTests.xctest/Info.plist

SwiftExplicitDependencyGeneratePcm x86_64 /Users/hem/Library/Developer/Xcode/DerivedData/ModuleCache.noindex/Foundation-22X8CCYESFN9Z1JOXYLQ35DOR.pcm

SwiftDriver\ Compilation\ Requirements FocusBloxWatch\ Watch\ AppUITests normal arm64 com.apple.xcode.tools.swift.compiler (in target 'FocusBloxWatch Watch AppUITests' from project 'FocusBlox')
    cd /Users/hem/Developer/my-daily-sprints
    builtin-Swift-Compilation-Requirements -- /Applications/Xcode.app/Contents/Developer/Toolchains/XcodeDefault.xctoolchain/usr/bin/swiftc -module-name FocusBloxWatch_Watch_AppUITests -Onone -enforce-exclusivity\=checked @/Users/hem/Library/Developer/Xcode/DerivedData/FocusBlox-fshkgwtdrowrvdgcqrhjhqvttdao/Build/Intermediates.noindex/FocusBlox.build/Debug-watchsimulator/FocusBloxWatch\ Watch\ AppUITests.build/Objects-normal/arm64/FocusBloxWatch\ Watch\ AppUITests.SwiftFileList -DDEBUG -DDEBUG -module-alias Testing\=_Testing_Unavailable -plugin-path /Applications/Xcode.app/Contents/Developer/Toolchains/XcodeDefault.xctoolchain/usr/lib/swift/host/plugins/testing -enable-bare-slash-regex -enable-upcoming-feature DisableOutwardActorInference -enable-upcoming-feature InferSendableFromCaptures -enable-upcoming-feature GlobalActorIsolatedTypesUsability -enable-upcoming-feature MemberImportVisibility -enable-upcoming-feature InferIsolatedConformances -enable-upcoming-feature NonisolatedNonsendingByDefault -enable-experimental-feature DebugDescriptionMacro -sdk /Applications/Xcode.app/Contents/Developer/Platforms/WatchSimulator.platform/Developer/SDKs/WatchSimulator26.2.sdk -target arm64-apple-watchos26.2-simulator -g -module-cache-path /Users/hem/Library/Developer/Xcode/DerivedData/ModuleCache.noindex -Xfrontend -serialize-debugging-options -profile-coverage-mapping -profile-generate -enable-testing -index-store-path /Users/hem/Library/Developer/Xcode/DerivedData/FocusBlox-fshkgwtdrowrvdgcqrhjhqvttdao/Index.noindex/DataStore -Xcc -D_LIBCPP_HARDENING_MODE\=_LIBCPP_HARDENING_MODE_DEBUG -swift-version 5 -I /Users/hem/Library/Developer/Xcode/DerivedData/FocusBlox-fshkgwtdrowrvdgcqrhjhqvttdao/Build/Products/Debug-watchsimulator -Isystem /Applications/Xcode.app/Contents/Developer/Platforms/WatchSimulator.platform/Developer/usr/lib -F /Users/hem/Library/Developer/Xcode/DerivedData/FocusBlox-fshkgwtdrowrvdgcqrhjhqvttdao/Build/Products/Debug-watchsimulator -F /Applications/Xcode.app/Contents/Developer/Platforms/WatchSimulator.platform/Developer/Library/Frameworks -F /Applications/Xcode.app/Contents/Developer/Platforms/WatchSimulator.platform/Developer/SDKs/WatchSimulator26.2.sdk/Developer/Library/Frameworks -c -j10 -enable-batch-mode -incremental -Xcc -ivfsstatcache -Xcc /Users/hem/Library/Developer/Xcode/DerivedData/SDKStatCaches.noindex/watchsimulator26.2-23S303-963ebdd26732d23a23bcca82c2045e26.sdkstatcache -output-file-map /Users/hem/Library/Developer/Xcode/DerivedData/FocusBlox-fshkgwtdrowrvdgcqrhjhqvttdao/Build/Intermediates.noindex/FocusBlox.build/Debug-watchsimulator/FocusBloxWatch\ Watch\ AppUITests.build/Objects-normal/arm64/FocusBloxWatch\ Watch\ AppUITests-OutputFileMap.json -use-frontend-parseable-output -save-temps -no-color-diagnostics -explicit-module-build -module-cache-path /Users/hem/Library/Developer/Xcode/DerivedData/FocusBlox-fshkgwtdrowrvdgcqrhjhqvttdao/Build/Intermediates.noindex/SwiftExplicitPrecompiledModules -clang-scanner-module-cache-path /Users/hem/Library/Developer/Xcode/DerivedData/ModuleCache.noindex -sdk-module-cache-path /Users/hem/Library/Developer/Xcode/DerivedData/ModuleCache.noindex -serialize-diagnostics -emit-dependencies -emit-module -emit-module-path /Users/hem/Library/Developer/Xcode/DerivedData/FocusBlox-fshkgwtdrowrvdgcqrhjhqvttdao/Build/Intermediates.noindex/FocusBlox.build/Debug-watchsimulator/FocusBloxWatch\ Watch\ AppUITests.build/Objects-normal/arm64/FocusBloxWatch_Watch_AppUITests.swiftmodule -validate-clang-modules-once -clang-build-session-file /Users/hem/Library/Developer/Xcode/DerivedData/ModuleCache.noindex/Session.modulevalidation -Xcc -I/Users/hem/Library/Developer/Xcode/DerivedData/FocusBlox-fshkgwtdrowrvdgcqrhjhqvttdao/Build/Intermediates.noindex/FocusBlox.build/Debug-watchsimulator/FocusBloxWatch\ Watch\ AppUITests.build/swift-overrides.hmap -emit-const-values -Xfrontend -const-gather-protocols-file -Xfrontend /Users/hem/Library/Developer/Xcode/DerivedData/FocusBlox-fshkgwtdrowrvdgcqrhjhqvttdao/Build/Intermediates.noindex/FocusBlox.build/Debug-watchsimulator/FocusBloxWatch\ Watch\ AppUITests.build/Objects-normal/arm64/FocusBloxWatch\ Watch\ AppUITests_const_extract_protocols.json -Xcc -iquote -Xcc /Users/hem/Library/Developer/Xcode/DerivedData/FocusBlox-fshkgwtdrowrvdgcqrhjhqvttdao/Build/Intermediates.noindex/FocusBlox.build/Debug-watchsimulator/FocusBloxWatch\ Watch\ AppUITests.build/FocusBloxWatch\ Watch\ AppUITests-generated-files.hmap -Xcc -I/Users/hem/Library/Developer/Xcode/DerivedData/FocusBlox-fshkgwtdrowrvdgcqrhjhqvttdao/Build/Intermediates.noindex/FocusBlox.build/Debug-watchsimulator/FocusBloxWatch\ Watch\ AppUITests.build/FocusBloxWatch\ Watch\ AppUITests-own-target-headers.hmap -Xcc -I/Users/hem/Library/Developer/Xcode/DerivedData/FocusBlox-fshkgwtdrowrvdgcqrhjhqvttdao/Build/Intermediates.noindex/FocusBlox.build/Debug-watchsimulator/FocusBloxWatch\ Watch\ AppUITests.build/FocusBloxWatch\ Watch\ AppUITests-all-target-headers.hmap -Xcc -iquote -Xcc /Users/hem/Library/Developer/Xcode/DerivedData/FocusBlox-fshkgwtdrowrvdgcqrhjhqvttdao/Build/Intermediates.noindex/FocusBlox.build/Debug-watchsimulator/FocusBloxWatch\ Watch\ AppUITests.build/FocusBloxWatch\ Watch\ AppUITests-project-headers.hmap -Xcc -I/Users/hem/Library/Developer/Xcode/DerivedData/FocusBlox-fshkgwtdrowrvdgcqrhjhqvttdao/Build/Products/Debug-watchsimulator/include -Xcc -I/Users/hem/Library/Developer/Xcode/DerivedData/FocusBlox-fshkgwtdrowrvdgcqrhjhqvttdao/Build/Intermediates.noindex/FocusBlox.build/Debug-watchsimulator/FocusBloxWatch\ Watch\ AppUITests.build/DerivedSources-normal/arm64 -Xcc -I/Users/hem/Library/Developer/Xcode/DerivedData/FocusBlox-fshkgwtdrowrvdgcqrhjhqvttdao/Build/Intermediates.noindex/FocusBlox.build/Debug-watchsimulator/FocusBloxWatch\ Watch\ AppUITests.build/DerivedSources/arm64 -Xcc -I/Users/hem/Library/Developer/Xcode/DerivedData/FocusBlox-fshkgwtdrowrvdgcqrhjhqvttdao/Build/Intermediates.noindex/FocusBlox.build/Debug-watchsimulator/FocusBloxWatch\ Watch\ AppUITests.build/DerivedSources -Xcc -DDEBUG\=1 -Xcc -DDEBUG\=1 -emit-objc-header -emit-objc-header-path /Users/hem/Library/Developer/Xcode/DerivedData/FocusBlox-fshkgwtdrowrvdgcqrhjhqvttdao/Build/Intermediates.noindex/FocusBlox.build/Debug-watchsimulator/FocusBloxWatch\ Watch\ AppUITests.build/Objects-normal/arm64/FocusBloxWatch_Watch_AppUITests-Swift.h -working-directory /Users/hem/Developer/my-daily-sprints -experimental-emit-module-separately -disable-cmo

Copy /Users/hem/Library/Developer/Xcode/DerivedData/FocusBlox-fshkgwtdrowrvdgcqrhjhqvttdao/Build/Products/Debug-watchsimulator/FocusBloxWatch_Watch_AppUITests.swiftmodule/arm64-apple-watchos-simulator.abi.json /Users/hem/Library/Developer/Xcode/DerivedData/FocusBlox-fshkgwtdrowrvdgcqrhjhqvttdao/Build/Intermediates.noindex/FocusBlox.build/Debug-watchsimulator/FocusBloxWatch\ Watch\ AppUITests.build/Objects-normal/arm64/FocusBloxWatch_Watch_AppUITests.abi.json (in target 'FocusBloxWatch Watch AppUITests' from project 'FocusBlox')
    cd /Users/hem/Developer/my-daily-sprints
    builtin-copy -exclude .DS_Store -exclude CVS -exclude .svn -exclude .git -exclude .hg -resolve-src-symlinks -rename /Users/hem/Library/Developer/Xcode/DerivedData/FocusBlox-fshkgwtdrowrvdgcqrhjhqvttdao/Build/Intermediates.noindex/FocusBlox.build/Debug-watchsimulator/FocusBloxWatch\ Watch\ AppUITests.build/Objects-normal/arm64/FocusBloxWatch_Watch_AppUITests.abi.json /Users/hem/Library/Developer/Xcode/DerivedData/FocusBlox-fshkgwtdrowrvdgcqrhjhqvttdao/Build/Products/Debug-watchsimulator/FocusBloxWatch_Watch_AppUITests.swiftmodule/arm64-apple-watchos-simulator.abi.json

SwiftEmitModule normal arm64 Emitting\ module\ for\ FocusBloxWatch_Watch_AppTests (in target 'FocusBloxWatch Watch AppTests' from project 'FocusBlox')

SwiftCompile normal arm64 /Users/hem/Developer/my-daily-sprints/FocusBloxWatch\ Watch\ AppTests/FocusBloxWatch_Watch_AppTests.swift (in target 'FocusBloxWatch Watch AppTests' from project 'FocusBlox')
    cd /Users/hem/Developer/my-daily-sprints
    

SwiftCompile normal arm64 Compiling\ FocusBloxWatch_Watch_AppTests.swift /Users/hem/Developer/my-daily-sprints/FocusBloxWatch\ Watch\ AppTests/FocusBloxWatch_Watch_AppTests.swift (in target 'FocusBloxWatch Watch AppTests' from project 'FocusBlox')
SwiftCompile normal arm64 /Users/hem/Developer/my-daily-sprints/FocusBloxWatch\ Watch\ AppTests/FocusBloxWatch_Watch_AppTests.swift (in target 'FocusBloxWatch Watch AppTests' from project 'FocusBlox')
    cd /Users/hem/Developer/my-daily-sprints
    
/Users/hem/Developer/my-daily-sprints/FocusBloxWatch Watch AppTests/FocusBloxWatch_Watch_AppTests.swift:12:22: error: value of type 'LocalTask' has no member 'assignedFocusBlockID'
        #expect(task.assignedFocusBlockID == nil)
                ~~~~ ^~~~~~~~~~~~~~~~~~~~
/Users/hem/Developer/my-daily-sprints/FocusBloxWatch Watch AppTests/FocusBloxWatch_Watch_AppTests.swift:17:22: error: value of type 'LocalTask' has no member 'rescheduleCount'
        #expect(task.rescheduleCount == 0)
                ~~~~ ^~~~~~~~~~~~~~~
/Users/hem/Developer/my-daily-sprints/FocusBloxWatch Watch AppTests/FocusBloxWatch_Watch_AppTests.swift:22:22: error: value of type 'LocalTask' has no member 'completedAt'
        #expect(task.completedAt == nil)
                ~~~~ ^~~~~~~~~~~
/Users/hem/Developer/my-daily-sprints/FocusBloxWatch Watch AppTests/FocusBloxWatch_Watch_AppTests.swift:27:22: error: value of type 'LocalTask' has no member 'aiScore'
        #expect(task.aiScore == nil)
                ~~~~ ^~~~~~~
/Users/hem/Developer/my-daily-sprints/FocusBloxWatch Watch AppTests/FocusBloxWatch_Watch_AppTests.swift:32:22: error: value of type 'LocalTask' has no member 'aiEnergyLevel'
        #expect(task.aiEnergyLevel == nil)
                ~~~~ ^~~~~~~~~~~~~
/Users/hem/Developer/my-daily-sprints/FocusBloxWatch Watch AppTests/FocusBloxWatch_Watch_AppTests.swift:42:41: warning: comparing non-optional value of type '[Int]' to 'nil' always returns false
        #expect(task.recurrenceWeekdays == nil)
                ~~~~~~~~~~~~~~~~~~~~~~~ ^  ~~~

Failed frontend command:
/Applications/Xcode.app/Contents/Developer/Toolchains/XcodeDefault.xctoolchain/usr/bin/swift-frontend -frontend -c -primary-file /Users/hem/Developer/my-daily-sprints/FocusBloxWatch\ Watch\ AppTests/FocusBloxWatch_Watch_AppTests.swift -emit-dependencies-path /Users/hem/Library/Developer/Xcode/DerivedData/FocusBlox-fshkgwtdrowrvdgcqrhjhqvttdao/Build/Intermediates.noindex/FocusBlox.build/Debug-watchsimulator/FocusBloxWatch\ Watch\ AppTests.build/Objects-normal/arm64/FocusBloxWatch_Watch_AppTests.d -emit-const-values-path /Users/hem/Library/Developer/Xcode/DerivedData/FocusBlox-fshkgwtdrowrvdgcqrhjhqvttdao/Build/Intermediates.noindex/FocusBlox.build/Debug-watchsimulator/FocusBloxWatch\ Watch\ AppTests.build/Objects-normal/arm64/FocusBloxWatch_Watch_AppTests.swiftconstvalues -emit-reference-dependencies-path /Users/hem/Library/Developer/Xcode/DerivedData/FocusBlox-fshkgwtdrowrvdgcqrhjhqvttdao/Build/Intermediates.noindex/FocusBlox.build/Debug-watchsimulator/FocusBloxWatch\ Watch\ AppTests.build/Objects-normal/arm64/FocusBloxWatch_Watch_AppTests.swiftdeps -serialize-diagnostics-path /Users/hem/Library/Developer/Xcode/DerivedData/FocusBlox-fshkgwtdrowrvdgcqrhjhqvttdao/Build/Intermediates.noindex/FocusBlox.build/Debug-watchsimulator/FocusBloxWatch\ Watch\ AppTests.build/Objects-normal/arm64/FocusBloxWatch_Watch_AppTests.dia -target arm64-apple-watchos26.2-simulator -load-resolved-plugin /Applications/Xcode.app/Contents/Developer/Platforms/WatchOS.platform/Developer/usr/lib/swift/host/plugins/libFoundationMacros.dylib\#/Applications/Xcode.app/Contents/Developer/Platforms/WatchOS.platform/Developer/usr/bin/swift-plugin-server\#FoundationMacros -load-resolved-plugin /Applications/Xcode.app/Contents/Developer/Platforms/WatchOS.platform/Developer/usr/lib/swift/host/plugins/libObservationMacros.dylib\#/Applications/Xcode.app/Contents/Developer/Platforms/WatchOS.platform/Developer/usr/bin/swift-plugin-server\#ObservationMacros -load-resolved-plugin /Applications/Xcode.app/Contents/Developer/Platforms/WatchOS.platform/Developer/usr/lib/swift/host/plugins/libPreviewsMacros.dylib\#/Applications/Xcode.app/Contents/Developer/Platforms/WatchOS.platform/Developer/usr/bin/swift-plugin-server\#PreviewsMacros -load-resolved-plugin /Applications/Xcode.app/Contents/Developer/Platforms/WatchOS.platform/Developer/usr/lib/swift/host/plugins/libSwiftDataMacros.dylib\#/Applications/Xcode.app/Contents/Developer/Platforms/WatchOS.platform/Developer/usr/bin/swift-plugin-server\#SwiftDataMacros -load-resolved-plugin /Applications/Xcode.app/Contents/Developer/Platforms/WatchOS.platform/Developer/usr/lib/swift/host/plugins/libSwiftMacros.dylib\#/Applications/Xcode.app/Contents/Developer/Platforms/WatchOS.platform/Developer/usr/bin/swift-plugin-server\#SwiftMacros -load-resolved-plugin /Applications/Xcode.app/Contents/Developer/Platforms/WatchOS.platform/Developer/usr/lib/swift/host/plugins/libSwiftUIMacros.dylib\#/Applications/Xcode.app/Contents/Developer/Platforms/WatchOS.platform/Developer/usr/bin/swift-plugin-server\#SwiftUIMacros -load-resolved-plugin /Applications/Xcode.app/Contents/Developer/Toolchains/XcodeDefault.xctoolchain/usr/lib/swift/host/plugins/testing/libTestingMacros.dylib\#\#TestingMacros -disable-implicit-swift-modules -Xcc -fno-implicit-modules -Xcc -fno-implicit-module-maps -explicit-swift-module-map-file /Users/hem/Library/Developer/Xcode/DerivedData/FocusBlox-fshkgwtdrowrvdgcqrhjhqvttdao/Build/Intermediates.noindex/FocusBlox.build/Debug-watchsimulator/FocusBloxWatch\ Watch\ AppTests.build/Objects-normal/arm64/FocusBloxWatch_Watch_AppTests-dependencies-1.json -Xllvm -aarch64-use-tbi -enable-objc-interop -sdk /Applications/Xcode.app/Contents/Developer/Platforms/WatchSimulator.platform/Developer/SDKs/WatchSimulator26.2.sdk -I /Users/hem/Library/Developer/Xcode/DerivedData/FocusBlox-fshkgwtdrowrvdgcqrhjhqvttdao/Build/Products/Debug-watchsimulator -Isystem /Applications/Xcode.app/Contents/Developer/Platforms/WatchSimulator.platform/Developer/usr/lib -F /Users/hem/Library/Developer/Xcode/DerivedData/FocusBlox-fshkgwtdrowrvdgcqrhjhqvttdao/Build/Products/Debug-watchsimulator -F /Applications/Xcode.app/Contents/Developer/Platforms/WatchSimulator.platform/Developer/Library/Frameworks -F /Applications/Xcode.app/Contents/Developer/Platforms/WatchSimulator.platform/Developer/SDKs/WatchSimulator26.2.sdk/Developer/Library/Frameworks -no-color-diagnostics -Xcc -fno-color-diagnostics -enable-testing -g -debug-info-format\=dwarf -dwarf-version\=5 -module-cache-path /Users/hem/Library/Developer/Xcode/DerivedData/FocusBlox-fshkgwtdrowrvdgcqrhjhqvttdao/Build/Intermediates.noindex/SwiftExplicitPrecompiledModules -profile-generate -profile-coverage-mapping -swift-version 5 -enforce-exclusivity\=checked -Onone -D DEBUG -D DEBUG -serialize-debugging-options -const-gather-protocols-file /Users/hem/Library/Developer/Xcode/DerivedData/FocusBlox-fshkgwtdrowrvdgcqrhjhqvttdao/Build/Intermediates.noindex/FocusBlox.build/Debug-watchsimulator/FocusBloxWatch\ Watch\ AppTests.build/Objects-normal/arm64/FocusBloxWatch\ Watch\ AppTests_const_extract_protocols.json -enable-upcoming-feature DisableOutwardActorInference -enable-upcoming-feature InferSendableFromCaptures -enable-upcoming-feature GlobalActorIsolatedTypesUsability -enable-upcoming-feature MemberImportVisibility -enable-upcoming-feature InferIsolatedConformances -enable-upcoming-feature NonisolatedNonsendingByDefault -enable-experimental-feature DebugDescriptionMacro -enable-bare-slash-regex -empty-abi-descriptor -validate-clang-modules-once -clang-build-session-file /Users/hem/Library/Developer/Xcode/DerivedData/ModuleCache.noindex/Session.modulevalidation -Xcc -working-directory -Xcc /Users/hem/Developer/my-daily-sprints -enable-anonymous-context-mangled-names -file-compilation-dir /Users/hem/Developer/my-daily-sprints -Xcc -D_LIBCPP_HARDENING_MODE\=_LIBCPP_HARDENING_MODE_DEBUG -Xcc -ivfsstatcache -Xcc /Users/hem/Library/Developer/Xcode/DerivedData/SDKStatCaches.noindex/watchsimulator26.2-23S303-963ebdd26732d23a23bcca82c2045e26.sdkstatcache -Xcc -I/Users/hem/Library/Developer/Xcode/DerivedData/FocusBlox-fshkgwtdrowrvdgcqrhjhqvttdao/Build/Intermediates.noindex/FocusBlox.build/Debug-watchsimulator/FocusBloxWatch\ Watch\ AppTests.build/swift-overrides.hmap -Xcc -iquote -Xcc /Users/hem/Library/Developer/Xcode/DerivedData/FocusBlox-fshkgwtdrowrvdgcqrhjhqvttdao/Build/Intermediates.noindex/FocusBlox.build/Debug-watchsimulator/FocusBloxWatch\ Watch\ AppTests.build/FocusBloxWatch\ Watch\ AppTests-generated-files.hmap -Xcc -I/Users/hem/Library/Developer/Xcode/DerivedData/FocusBlox-fshkgwtdrowrvdgcqrhjhqvttdao/Build/Intermediates.noindex/FocusBlox.build/Debug-watchsimulator/FocusBloxWatch\ Watch\ AppTests.build/FocusBloxWatch\ Watch\ AppTests-own-target-headers.hmap -Xcc -I/Users/hem/Library/Developer/Xcode/DerivedData/FocusBlox-fshkgwtdrowrvdgcqrhjhqvttdao/Build/Intermediates.noindex/FocusBlox.build/Debug-watchsimulator/FocusBloxWatch\ Watch\ AppTests.build/FocusBloxWatch\ Watch\ AppTests-all-target-headers.hmap -Xcc -iquote -Xcc /Users/hem/Library/Developer/Xcode/DerivedData/FocusBlox-fshkgwtdrowrvdgcqrhjhqvttdao/Build/Intermediates.noindex/FocusBlox.build/Debug-watchsimulator/FocusBloxWatch\ Watch\ AppTests.build/FocusBloxWatch\ Watch\ AppTests-project-headers.hmap -Xcc -I/Users/hem/Library/Developer/Xcode/DerivedData/FocusBlox-fshkgwtdrowrvdgcqrhjhqvttdao/Build/Products/Debug-watchsimulator/include -Xcc -I/Users/hem/Library/Developer/Xcode/DerivedData/FocusBlox-fshkgwtdrowrvdgcqrhjhqvttdao/Build/Intermediates.noindex/FocusBlox.build/Debug-watchsimulator/FocusBloxWatch\ Watch\ AppTests.build/DerivedSources-normal/arm64 -Xcc -I/Users/hem/Library/Developer/Xcode/DerivedData/FocusBlox-fshkgwtdrowrvdgcqrhjhqvttdao/Build/Intermediates.noindex/FocusBlox.build/Debug-watchsimulator/FocusBloxWatch\ Watch\ AppTests.build/DerivedSources/arm64 -Xcc -I/Users/hem/Library/Developer/Xcode/DerivedData/FocusBlox-fshkgwtdrowrvdgcqrhjhqvttdao/Build/Intermediates.noindex/FocusBlox.build/Debug-watchsimulator/FocusBloxWatch\ Watch\ AppTests.build/DerivedSources -Xcc -DDEBUG\=1 -Xcc -DDEBUG\=1 -no-auto-bridging-header-chaining -module-name FocusBloxWatch_Watch_AppTests -frontend-parseable-output -disable-clang-spi -target-sdk-version 26.2 -target-sdk-name watchsimulator26.2 -clang-target arm64-apple-watchos26.2-simulator -in-process-plugin-server-path /Applications/Xcode.app/Contents/Developer/Toolchains/XcodeDefault.xctoolchain/usr/lib/swift/host/libSwiftInProcPluginServer.dylib -parse-as-library -o /Users/hem/Library/Developer/Xcode/DerivedData/FocusBlox-fshkgwtdrowrvdgcqrhjhqvttdao/Build/Intermediates.noindex/FocusBlox.build/Debug-watchsimulator/FocusBloxWatch\ Watch\ AppTests.build/Objects-normal/arm64/FocusBloxWatch_Watch_AppTests.o -index-unit-output-path /FocusBlox.build/Debug-watchsimulator/FocusBloxWatch\ Watch\ AppTests.build/Objects-normal/arm64/FocusBloxWatch_Watch_AppTests.o -index-store-path /Users/hem/Library/Developer/Xcode/DerivedData/FocusBlox-fshkgwtdrowrvdgcqrhjhqvttdao/Index.noindex/DataStore -index-system-modules
SwiftDriverJobDiscovery normal arm64 Emitting module for FocusBloxWatch_Watch_AppTests (in target 'FocusBloxWatch Watch AppTests' from project 'FocusBlox')

SwiftDriver\ Compilation\ Requirements FocusBloxWatch\ Watch\ AppTests normal arm64 com.apple.xcode.tools.swift.compiler (in target 'FocusBloxWatch Watch AppTests' from project 'FocusBlox')
    cd /Users/hem/Developer/my-daily-sprints
    builtin-Swift-Compilation-Requirements -- /Applications/Xcode.app/Contents/Developer/Toolchains/XcodeDefault.xctoolchain/usr/bin/swiftc -module-name FocusBloxWatch_Watch_AppTests -Onone -enforce-exclusivity\=checked @/Users/hem/Library/Developer/Xcode/DerivedData/FocusBlox-fshkgwtdrowrvdgcqrhjhqvttdao/Build/Intermediates.noindex/FocusBlox.build/Debug-watchsimulator/FocusBloxWatch\ Watch\ AppTests.build/Objects-normal/arm64/FocusBloxWatch\ Watch\ AppTests.SwiftFileList -DDEBUG -DDEBUG -plugin-path /Applications/Xcode.app/Contents/Developer/Toolchains/XcodeDefault.xctoolchain/usr/lib/swift/host/plugins/testing -enable-bare-slash-regex -enable-upcoming-feature DisableOutwardActorInference -enable-upcoming-feature InferSendableFromCaptures -enable-upcoming-feature GlobalActorIsolatedTypesUsability -enable-upcoming-feature MemberImportVisibility -enable-upcoming-feature InferIsolatedConformances -enable-upcoming-feature NonisolatedNonsendingByDefault -enable-experimental-feature DebugDescriptionMacro -sdk /Applications/Xcode.app/Contents/Developer/Platforms/WatchSimulator.platform/Developer/SDKs/WatchSimulator26.2.sdk -target arm64-apple-watchos26.2-simulator -g -module-cache-path /Users/hem/Library/Developer/Xcode/DerivedData/ModuleCache.noindex -Xfrontend -serialize-debugging-options -profile-coverage-mapping -profile-generate -enable-testing -index-store-path /Users/hem/Library/Developer/Xcode/DerivedData/FocusBlox-fshkgwtdrowrvdgcqrhjhqvttdao/Index.noindex/DataStore -Xcc -D_LIBCPP_HARDENING_MODE\=_LIBCPP_HARDENING_MODE_DEBUG -swift-version 5 -I /Users/hem/Library/Developer/Xcode/DerivedData/FocusBlox-fshkgwtdrowrvdgcqrhjhqvttdao/Build/Products/Debug-watchsimulator -Isystem /Applications/Xcode.app/Contents/Developer/Platforms/WatchSimulator.platform/Developer/usr/lib -F /Users/hem/Library/Developer/Xcode/DerivedData/FocusBlox-fshkgwtdrowrvdgcqrhjhqvttdao/Build/Products/Debug-watchsimulator -F /Applications/Xcode.app/Contents/Developer/Platforms/WatchSimulator.platform/Developer/Library/Frameworks -F /Applications/Xcode.app/Contents/Developer/Platforms/WatchSimulator.platform/Developer/SDKs/WatchSimulator26.2.sdk/Developer/Library/Frameworks -parse-as-library -c -j10 -enable-batch-mode -incremental -Xcc -ivfsstatcache -Xcc /Users/hem/Library/Developer/Xcode/DerivedData/SDKStatCaches.noindex/watchsimulator26.2-23S303-963ebdd26732d23a23bcca82c2045e26.sdkstatcache -output-file-map /Users/hem/Library/Developer/Xcode/DerivedData/FocusBlox-fshkgwtdrowrvdgcqrhjhqvttdao/Build/Intermediates.noindex/FocusBlox.build/Debug-watchsimulator/FocusBloxWatch\ Watch\ AppTests.build/Objects-normal/arm64/FocusBloxWatch\ Watch\ AppTests-OutputFileMap.json -use-frontend-parseable-output -save-temps -no-color-diagnostics -explicit-module-build -module-cache-path /Users/hem/Library/Developer/Xcode/DerivedData/FocusBlox-fshkgwtdrowrvdgcqrhjhqvttdao/Build/Intermediates.noindex/SwiftExplicitPrecompiledModules -clang-scanner-module-cache-path /Users/hem/Library/Developer/Xcode/DerivedData/ModuleCache.noindex -sdk-module-cache-path /Users/hem/Library/Developer/Xcode/DerivedData/ModuleCache.noindex -serialize-diagnostics -emit-dependencies -emit-module -emit-module-path /Users/hem/Library/Developer/Xcode/DerivedData/FocusBlox-fshkgwtdrowrvdgcqrhjhqvttdao/Build/Intermediates.noindex/FocusBlox.build/Debug-watchsimulator/FocusBloxWatch\ Watch\ AppTests.build/Objects-normal/arm64/FocusBloxWatch_Watch_AppTests.swiftmodule -validate-clang-modules-once -clang-build-session-file /Users/hem/Library/Developer/Xcode/DerivedData/ModuleCache.noindex/Session.modulevalidation -Xcc -I/Users/hem/Library/Developer/Xcode/DerivedData/FocusBlox-fshkgwtdrowrvdgcqrhjhqvttdao/Build/Intermediates.noindex/FocusBlox.build/Debug-watchsimulator/FocusBloxWatch\ Watch\ AppTests.build/swift-overrides.hmap -emit-const-values -Xfrontend -const-gather-protocols-file -Xfrontend /Users/hem/Library/Developer/Xcode/DerivedData/FocusBlox-fshkgwtdrowrvdgcqrhjhqvttdao/Build/Intermediates.noindex/FocusBlox.build/Debug-watchsimulator/FocusBloxWatch\ Watch\ AppTests.build/Objects-normal/arm64/FocusBloxWatch\ Watch\ AppTests_const_extract_protocols.json -Xcc -iquote -Xcc /Users/hem/Library/Developer/Xcode/DerivedData/FocusBlox-fshkgwtdrowrvdgcqrhjhqvttdao/Build/Intermediates.noindex/FocusBlox.build/Debug-watchsimulator/FocusBloxWatch\ Watch\ AppTests.build/FocusBloxWatch\ Watch\ AppTests-generated-files.hmap -Xcc -I/Users/hem/Library/Developer/Xcode/DerivedData/FocusBlox-fshkgwtdrowrvdgcqrhjhqvttdao/Build/Intermediates.noindex/FocusBlox.build/Debug-watchsimulator/FocusBloxWatch\ Watch\ AppTests.build/FocusBloxWatch\ Watch\ AppTests-own-target-headers.hmap -Xcc -I/Users/hem/Library/Developer/Xcode/DerivedData/FocusBlox-fshkgwtdrowrvdgcqrhjhqvttdao/Build/Intermediates.noindex/FocusBlox.build/Debug-watchsimulator/FocusBloxWatch\ Watch\ AppTests.build/FocusBloxWatch\ Watch\ AppTests-all-target-headers.hmap -Xcc -iquote -Xcc /Users/hem/Library/Developer/Xcode/DerivedData/FocusBlox-fshkgwtdrowrvdgcqrhjhqvttdao/Build/Intermediates.noindex/FocusBlox.build/Debug-watchsimulator/FocusBloxWatch\ Watch\ AppTests.build/FocusBloxWatch\ Watch\ AppTests-project-headers.hmap -Xcc -I/Users/hem/Library/Developer/Xcode/DerivedData/FocusBlox-fshkgwtdrowrvdgcqrhjhqvttdao/Build/Products/Debug-watchsimulator/include -Xcc -I/Users/hem/Library/Developer/Xcode/DerivedData/FocusBlox-fshkgwtdrowrvdgcqrhjhqvttdao/Build/Intermediates.noindex/FocusBlox.build/Debug-watchsimulator/FocusBloxWatch\ Watch\ AppTests.build/DerivedSources-normal/arm64 -Xcc -I/Users/hem/Library/Developer/Xcode/DerivedData/FocusBlox-fshkgwtdrowrvdgcqrhjhqvttdao/Build/Intermediates.noindex/FocusBlox.build/Debug-watchsimulator/FocusBloxWatch\ Watch\ AppTests.build/DerivedSources/arm64 -Xcc -I/Users/hem/Library/Developer/Xcode/DerivedData/FocusBlox-fshkgwtdrowrvdgcqrhjhqvttdao/Build/Intermediates.noindex/FocusBlox.build/Debug-watchsimulator/FocusBloxWatch\ Watch\ AppTests.build/DerivedSources -Xcc -DDEBUG\=1 -Xcc -DDEBUG\=1 -emit-objc-header -emit-objc-header-path /Users/hem/Library/Developer/Xcode/DerivedData/FocusBlox-fshkgwtdrowrvdgcqrhjhqvttdao/Build/Intermediates.noindex/FocusBlox.build/Debug-watchsimulator/FocusBloxWatch\ Watch\ AppTests.build/Objects-normal/arm64/FocusBloxWatch_Watch_AppTests-Swift.h -working-directory /Users/hem/Developer/my-daily-sprints -experimental-emit-module-separately -disable-cmo

Copy /Users/hem/Library/Developer/Xcode/DerivedData/FocusBlox-fshkgwtdrowrvdgcqrhjhqvttdao/Build/Products/Debug-watchsimulator/FocusBloxWatch_Watch_AppTests.swiftmodule/arm64-apple-watchos-simulator.abi.json /Users/hem/Library/Developer/Xcode/DerivedData/FocusBlox-fshkgwtdrowrvdgcqrhjhqvttdao/Build/Intermediates.noindex/FocusBlox.build/Debug-watchsimulator/FocusBloxWatch\ Watch\ AppTests.build/Objects-normal/arm64/FocusBloxWatch_Watch_AppTests.abi.json (in target 'FocusBloxWatch Watch AppTests' from project 'FocusBlox')
    cd /Users/hem/Developer/my-daily-sprints
    builtin-copy -exclude .DS_Store -exclude CVS -exclude .svn -exclude .git -exclude .hg -resolve-src-symlinks -rename /Users/hem/Library/Developer/Xcode/DerivedData/FocusBlox-fshkgwtdrowrvdgcqrhjhqvttdao/Build/Intermediates.noindex/FocusBlox.build/Debug-watchsimulator/FocusBloxWatch\ Watch\ AppTests.build/Objects-normal/arm64/FocusBloxWatch_Watch_AppTests.abi.json /Users/hem/Library/Developer/Xcode/DerivedData/FocusBlox-fshkgwtdrowrvdgcqrhjhqvttdao/Build/Products/Debug-watchsimulator/FocusBloxWatch_Watch_AppTests.swiftmodule/arm64-apple-watchos-simulator.abi.json

SwiftEmitModule normal x86_64 Emitting\ module\ for\ FocusBloxCore (in target 'FocusBloxCore' from project 'FocusBlox')
EmitSwiftModule normal x86_64 (in target 'FocusBloxCore' from project 'FocusBlox')
    cd /Users/hem/Developer/my-daily-sprints
    

SwiftCompile normal x86_64 Compiling\ FocusBloxCore.swift /Users/hem/Developer/my-daily-sprints/FocusBloxCore/FocusBloxCore.swift (in target 'FocusBloxCore' from project 'FocusBlox')
SwiftCompile normal x86_64 /Users/hem/Developer/my-daily-sprints/FocusBloxCore/FocusBloxCore.swift (in target 'FocusBloxCore' from project 'FocusBlox')
    cd /Users/hem/Developer/my-daily-sprints
    

SwiftCompile normal x86_64 Compiling\ FocusBlockActivityAttributes.swift /Users/hem/Developer/my-daily-sprints/FocusBloxCore/FocusBlockActivityAttributes.swift (in target 'FocusBloxCore' from project 'FocusBlox')

SwiftCompile normal x86_64 /Users/hem/Developer/my-daily-sprints/FocusBloxCore/FocusBlockActivityAttributes.swift (in target 'FocusBloxCore' from project 'FocusBlox')
    cd /Users/hem/Developer/my-daily-sprints
    


Test session results, code coverage, and logs:
	/Users/hem/Library/Developer/Xcode/DerivedData/FocusBlox-fshkgwtdrowrvdgcqrhjhqvttdao/Logs/Test/Test-FocusBloxWatch Watch App-2026.02.17_22-16-58-+0100.xcresult

Testing failed:
	Value of type 'LocalTask' has no member 'assignedFocusBlockID'
	Value of type 'LocalTask' has no member 'rescheduleCount'
	Value of type 'LocalTask' has no member 'completedAt'
	Value of type 'LocalTask' has no member 'aiScore'
	Value of type 'LocalTask' has no member 'aiEnergyLevel'
	Testing cancelled because the build failed.

** TEST FAILED **


The following build commands failed:
	SwiftCompile normal arm64 /Users/hem/Developer/my-daily-sprints/FocusBloxWatch\ Watch\ AppTests/FocusBloxWatch_Watch_AppTests.swift (in target 'FocusBloxWatch Watch AppTests' from project 'FocusBlox')
	SwiftCompile normal arm64 Compiling\ FocusBloxWatch_Watch_AppTests.swift /Users/hem/Developer/my-daily-sprints/FocusBloxWatch\ Watch\ AppTests/FocusBloxWatch_Watch_AppTests.swift (in target 'FocusBloxWatch Watch AppTests' from project 'FocusBlox')
	Testing project FocusBlox with scheme FocusBloxWatch Watch App
(3 failures)

Skipping some targets:
Cannot test target “FocusBloxCoreTests” on “Apple Watch Ultra 3 (49mm)”: FocusBloxCoreTests does not support Apple Watch Ultra 3 (49mm)’s platform: com.apple.platform.watchsimulator

