Command line invocation:
    /Applications/Xcode.app/Contents/Developer/usr/bin/xcodebuild test -scheme TimeBox -destination "platform=iOS Simulator,id=79358A93-D5A6-43E7-9296-B3F4D5950DE5" "-only-testing:TimeBoxTests/LocalTaskTests/test_priorityQuickSelect_usesButtons_notPicker" "-only-testing:TimeBoxTests/LocalTaskTests/test_quickPriorityButton_structExists" "-only-testing:TimeBoxTests/LocalTaskTests/test_quickPriorityButton_hasDisplayNameWithEmoji" "-only-testing:TimeBoxTests/LocalTaskTests/test_prioritySection_matchesDurationLayout" "-only-testing:TimeBoxTests/LocalTaskTests/test_createTask_withPriorityButton_savesCorrectValue"

ComputePackagePrebuildTargetDependencyGraph

Prepare packages

CreateBuildRequest

SendProjectDescription

CreateBuildOperation

ComputeTargetDependencyGraph
note: Building targets in dependency order
note: Target dependency graph (3 targets)
    Target 'TimeBoxUITests' in project 'TimeBox'
        ➜ Explicit dependency on target 'TimeBox' in project 'TimeBox'
    Target 'TimeBoxTests' in project 'TimeBox'
        ➜ Explicit dependency on target 'TimeBox' in project 'TimeBox'
    Target 'TimeBox' in project 'TimeBox' (no dependencies)

GatherProvisioningInputs

CreateBuildDescription

ClangStatCache /Applications/Xcode.app/Contents/Developer/Toolchains/XcodeDefault.xctoolchain/usr/bin/clang-stat-cache /Applications/Xcode.app/Contents/Developer/Platforms/iPhoneSimulator.platform/Developer/SDKs/iPhoneSimulator26.2.sdk /Users/hem/Library/Developer/Xcode/DerivedData/SDKStatCaches.noindex/iphonesimulator26.2-23C53-7d00a8b37fbd7999ea79df8ebc024bf0.sdkstatcache
    cd /Users/hem/Documents/opt/my-daily-sprints/TimeBox/TimeBox.xcodeproj
    /Applications/Xcode.app/Contents/Developer/Toolchains/XcodeDefault.xctoolchain/usr/bin/clang-stat-cache /Applications/Xcode.app/Contents/Developer/Platforms/iPhoneSimulator.platform/Developer/SDKs/iPhoneSimulator26.2.sdk -o /Users/hem/Library/Developer/Xcode/DerivedData/SDKStatCaches.noindex/iphonesimulator26.2-23C53-7d00a8b37fbd7999ea79df8ebc024bf0.sdkstatcache

ProcessInfoPlistFile /Users/hem/Library/Developer/Xcode/DerivedData/TimeBox-bsjmcdsflgpdivgxidgxnaahhzjo/Build/Products/Debug-iphonesimulator/TimeBox.app/Info.plist /Users/hem/Documents/opt/my-daily-sprints/TimeBox/Resources/Info.plist (in target 'TimeBox' from project 'TimeBox')
    cd /Users/hem/Documents/opt/my-daily-sprints/TimeBox
    builtin-infoPlistUtility /Users/hem/Documents/opt/my-daily-sprints/TimeBox/Resources/Info.plist -producttype com.apple.product-type.application -genpkginfo /Users/hem/Library/Developer/Xcode/DerivedData/TimeBox-bsjmcdsflgpdivgxidgxnaahhzjo/Build/Products/Debug-iphonesimulator/TimeBox.app/PkgInfo -expandbuildsettings -format binary -platform iphonesimulator -o /Users/hem/Library/Developer/Xcode/DerivedData/TimeBox-bsjmcdsflgpdivgxidgxnaahhzjo/Build/Products/Debug-iphonesimulator/TimeBox.app/Info.plist

ProcessInfoPlistFile /Users/hem/Library/Developer/Xcode/DerivedData/TimeBox-bsjmcdsflgpdivgxidgxnaahhzjo/Build/Products/Debug-iphonesimulator/TimeBox.app/PlugIns/TimeBoxTests.xctest/Info.plist /Users/hem/Library/Developer/Xcode/DerivedData/TimeBox-bsjmcdsflgpdivgxidgxnaahhzjo/Build/Intermediates.noindex/TimeBox.build/Debug-iphonesimulator/TimeBoxTests.build/empty-TimeBoxTests.plist (in target 'TimeBoxTests' from project 'TimeBox')
    cd /Users/hem/Documents/opt/my-daily-sprints/TimeBox
    builtin-infoPlistUtility /Users/hem/Library/Developer/Xcode/DerivedData/TimeBox-bsjmcdsflgpdivgxidgxnaahhzjo/Build/Intermediates.noindex/TimeBox.build/Debug-iphonesimulator/TimeBoxTests.build/empty-TimeBoxTests.plist -producttype com.apple.product-type.bundle.unit-test -expandbuildsettings -format binary -platform iphonesimulator -o /Users/hem/Library/Developer/Xcode/DerivedData/TimeBox-bsjmcdsflgpdivgxidgxnaahhzjo/Build/Products/Debug-iphonesimulator/TimeBox.app/PlugIns/TimeBoxTests.xctest/Info.plist

CopySwiftLibs /Users/hem/Library/Developer/Xcode/DerivedData/TimeBox-bsjmcdsflgpdivgxidgxnaahhzjo/Build/Products/Debug-iphonesimulator/TimeBox.app/PlugIns/TimeBoxTests.xctest (in target 'TimeBoxTests' from project 'TimeBox')
    cd /Users/hem/Documents/opt/my-daily-sprints/TimeBox
    builtin-swiftStdLibTool --copy --verbose --sign - --scan-executable /Users/hem/Library/Developer/Xcode/DerivedData/TimeBox-bsjmcdsflgpdivgxidgxnaahhzjo/Build/Products/Debug-iphonesimulator/TimeBox.app/PlugIns/TimeBoxTests.xctest/TimeBoxTests --scan-folder /Users/hem/Library/Developer/Xcode/DerivedData/TimeBox-bsjmcdsflgpdivgxidgxnaahhzjo/Build/Products/Debug-iphonesimulator/TimeBox.app/PlugIns/TimeBoxTests.xctest/Frameworks --scan-folder /Users/hem/Library/Developer/Xcode/DerivedData/TimeBox-bsjmcdsflgpdivgxidgxnaahhzjo/Build/Products/Debug-iphonesimulator/TimeBox.app/PlugIns/TimeBoxTests.xctest/PlugIns --scan-folder /Users/hem/Library/Developer/Xcode/DerivedData/TimeBox-bsjmcdsflgpdivgxidgxnaahhzjo/Build/Products/Debug-iphonesimulator/TimeBox.app/PlugIns/TimeBoxTests.xctest/SystemExtensions --scan-folder /Users/hem/Library/Developer/Xcode/DerivedData/TimeBox-bsjmcdsflgpdivgxidgxnaahhzjo/Build/Products/Debug-iphonesimulator/TimeBox.app/PlugIns/TimeBoxTests.xctest/Extensions --platform iphonesimulator --toolchain /Applications/Xcode.app/Contents/Developer/Toolchains/XcodeDefault.xctoolchain --destination /Users/hem/Library/Developer/Xcode/DerivedData/TimeBox-bsjmcdsflgpdivgxidgxnaahhzjo/Build/Products/Debug-iphonesimulator/TimeBox.app/PlugIns/TimeBoxTests.xctest/Frameworks --strip-bitcode --scan-executable /Applications/Xcode.app/Contents/Developer/Platforms/iPhoneSimulator.platform/Developer/usr/lib/libXCTestSwiftSupport.dylib --strip-bitcode-tool /Applications/Xcode.app/Contents/Developer/Toolchains/XcodeDefault.xctoolchain/usr/bin/bitcode_strip --emit-dependency-info /Users/hem/Library/Developer/Xcode/DerivedData/TimeBox-bsjmcdsflgpdivgxidgxnaahhzjo/Build/Intermediates.noindex/TimeBox.build/Debug-iphonesimulator/TimeBoxTests.build/SwiftStdLibToolInputDependencies.dep --filter-for-swift-os

ProcessInfoPlistFile /Users/hem/Library/Developer/Xcode/DerivedData/TimeBox-bsjmcdsflgpdivgxidgxnaahhzjo/Build/Products/Debug-iphonesimulator/TimeBoxUITests-Runner.app/PlugIns/TimeBoxUITests.xctest/Info.plist /Users/hem/Library/Developer/Xcode/DerivedData/TimeBox-bsjmcdsflgpdivgxidgxnaahhzjo/Build/Intermediates.noindex/TimeBox.build/Debug-iphonesimulator/TimeBoxUITests.build/empty-TimeBoxUITests.plist (in target 'TimeBoxUITests' from project 'TimeBox')
    cd /Users/hem/Documents/opt/my-daily-sprints/TimeBox
    builtin-infoPlistUtility /Users/hem/Library/Developer/Xcode/DerivedData/TimeBox-bsjmcdsflgpdivgxidgxnaahhzjo/Build/Intermediates.noindex/TimeBox.build/Debug-iphonesimulator/TimeBoxUITests.build/empty-TimeBoxUITests.plist -producttype com.apple.product-type.bundle.ui-testing -expandbuildsettings -format binary -platform iphonesimulator -additionalcontentfile /Users/hem/Library/Developer/Xcode/DerivedData/TimeBox-bsjmcdsflgpdivgxidgxnaahhzjo/Build/Intermediates.noindex/TimeBox.build/Debug-iphonesimulator/TimeBoxUITests.build/ProductTypeInfoPlistAdditions.plist -o /Users/hem/Library/Developer/Xcode/DerivedData/TimeBox-bsjmcdsflgpdivgxidgxnaahhzjo/Build/Products/Debug-iphonesimulator/TimeBoxUITests-Runner.app/PlugIns/TimeBoxUITests.xctest/Info.plist

Test Suite 'Selected tests' started at 2026-01-17 08:03:57.927.
Test Suite 'TimeBoxTests.xctest' started at 2026-01-17 08:03:57.928.
Test Suite 'LocalTaskTests' started at 2026-01-17 08:03:57.928.
Test Case '-[TimeBoxTests.LocalTaskTests test_createTask_withPriorityButton_savesCorrectValue]' started.
/Users/hem/Documents/opt/my-daily-sprints/TimeBox/TimeBoxTests/LocalTaskTests.swift:422: error: -[TimeBoxTests.LocalTaskTests test_createTask_withPriorityButton_savesCorrectValue] : failed - Priority quick-select button interaction not implemented in CreateTaskView
Test Case '-[TimeBoxTests.LocalTaskTests test_createTask_withPriorityButton_savesCorrectValue]' failed (0.190 seconds).
Test Case '-[TimeBoxTests.LocalTaskTests test_priorityQuickSelect_usesButtons_notPicker]' started.
/Users/hem/Documents/opt/my-daily-sprints/TimeBox/TimeBoxTests/LocalTaskTests.swift:348: error: -[TimeBoxTests.LocalTaskTests test_priorityQuickSelect_usesButtons_notPicker] : failed - CreateTaskView should use QuickPriorityButton components, not Picker - NOT IMPLEMENTED YET
Test Case '-[TimeBoxTests.LocalTaskTests test_priorityQuickSelect_usesButtons_notPicker]' failed (0.006 seconds).
Test Case '-[TimeBoxTests.LocalTaskTests test_prioritySection_matchesDurationLayout]' started.
/Users/hem/Documents/opt/my-daily-sprints/TimeBox/TimeBoxTests/LocalTaskTests.swift:401: error: -[TimeBoxTests.LocalTaskTests test_prioritySection_matchesDurationLayout] : failed - Priority section should use HStack layout like duration, not Picker - NOT IMPLEMENTED
Test Case '-[TimeBoxTests.LocalTaskTests test_prioritySection_matchesDurationLayout]' failed (0.003 seconds).
Test Case '-[TimeBoxTests.LocalTaskTests test_quickPriorityButton_hasDisplayNameWithEmoji]' started.
/Users/hem/Documents/opt/my-daily-sprints/TimeBox/TimeBoxTests/LocalTaskTests.swift:383: error: -[TimeBoxTests.LocalTaskTests test_quickPriorityButton_hasDisplayNameWithEmoji] : failed - QuickPriorityButton.displayName property not implemented yet
Test Case '-[TimeBoxTests.LocalTaskTests test_quickPriorityButton_hasDisplayNameWithEmoji]' failed (0.005 seconds).
Test Case '-[TimeBoxTests.LocalTaskTests test_quickPriorityButton_structExists]' started.
/Users/hem/Documents/opt/my-daily-sprints/TimeBox/TimeBoxTests/LocalTaskTests.swift:367: error: -[TimeBoxTests.LocalTaskTests test_quickPriorityButton_structExists] : failed - QuickPriorityButton struct not defined in CreateTaskView.swift yet
Test Case '-[TimeBoxTests.LocalTaskTests test_quickPriorityButton_structExists]' failed (0.003 seconds).
Test Suite 'LocalTaskTests' failed at 2026-01-17 08:03:58.136.
	 Executed 5 tests, with 5 failures (0 unexpected) in 0.207 (0.208) seconds
Test Suite 'TimeBoxTests.xctest' failed at 2026-01-17 08:03:58.136.
	 Executed 5 tests, with 5 failures (0 unexpected) in 0.207 (0.209) seconds
Test Suite 'Selected tests' failed at 2026-01-17 08:03:58.137.
	 Executed 5 tests, with 5 failures (0 unexpected) in 0.207 (0.209) seconds

Test session results, code coverage, and logs:
	/Users/hem/Library/Developer/Xcode/DerivedData/TimeBox-bsjmcdsflgpdivgxidgxnaahhzjo/Logs/Test/Test-TimeBox-2026.01.17_08-03-50-+0100.xcresult

Testing started
