Command line invocation:
    /Applications/Xcode.app/Contents/Developer/usr/bin/xcodebuild test -project FocusBlox.xcodeproj -scheme FocusBlox -destination id=D9E26087-132A-44CB-9883-59073DD9CC54 "-only-testing:FocusBloxUITests/RemindersSyncUITests"

2026-01-23 21:31:58.425 xcodebuild[49402:30147046] [MT] IDERunDestination: Supported platforms for the buildables in the current scheme is empty.
ComputePackagePrebuildTargetDependencyGraph

Prepare packages

CreateBuildRequest

SendProjectDescription

CreateBuildOperation

ComputeTargetDependencyGraph
note: Building targets in dependency order
note: Target dependency graph (6 targets)
    Target 'FocusBloxCoreTests' in project 'FocusBlox'
        ➜ Explicit dependency on target 'FocusBloxCore' in project 'FocusBlox'
        ➜ Explicit dependency on target 'FocusBlox' in project 'FocusBlox'
    Target 'FocusBloxTests' in project 'FocusBlox'
        ➜ Explicit dependency on target 'FocusBlox' in project 'FocusBlox'
    Target 'FocusBloxUITests' in project 'FocusBlox'
        ➜ Explicit dependency on target 'FocusBlox' in project 'FocusBlox'
    Target 'FocusBlox' in project 'FocusBlox'
        ➜ Explicit dependency on target 'FocusBloxWidgetsExtension' in project 'FocusBlox'
        ➜ Explicit dependency on target 'FocusBloxCore' in project 'FocusBlox'
    Target 'FocusBloxWidgetsExtension' in project 'FocusBlox'
        ➜ Explicit dependency on target 'FocusBloxCore' in project 'FocusBlox'
    Target 'FocusBloxCore' in project 'FocusBlox' (no dependencies)

GatherProvisioningInputs

CreateBuildDescription

ExecuteExternalTool /Applications/Xcode.app/Contents/Developer/Toolchains/XcodeDefault.xctoolchain/usr/bin/clang -v -E -dM -arch arm64 -isysroot /Applications/Xcode.app/Contents/Developer/Platforms/iPhoneSimulator.platform/Developer/SDKs/iPhoneSimulator26.2.sdk -x c -c /dev/null

ExecuteExternalTool /Applications/Xcode.app/Contents/Developer/usr/bin/actool --version --output-format xml1

ExecuteExternalTool /Applications/Xcode.app/Contents/Developer/Toolchains/XcodeDefault.xctoolchain/usr/bin/clang -v -E -dM -isysroot /Applications/Xcode.app/Contents/Developer/Platforms/iPhoneSimulator.platform/Developer/SDKs/iPhoneSimulator26.2.sdk -x c -c /dev/null

ExecuteExternalTool /Applications/Xcode.app/Contents/Developer/Toolchains/XcodeDefault.xctoolchain/usr/bin/swiftc --version

ExecuteExternalTool /Applications/Xcode.app/Contents/Developer/usr/bin/actool --print-asset-tag-combinations --output-format xml1 /Users/hem/Documents/opt/my-daily-sprints/Resources/Assets.xcassets

ExecuteExternalTool /Applications/Xcode.app/Contents/Developer/Toolchains/XcodeDefault.xctoolchain/usr/bin/ld -version_details

ReadFileContents /Applications/Xcode.app/Contents/Developer/Toolchains/XcodeDefault.xctoolchain/usr/share/docc/features.json

Build description signature: 3d7b80d31f3ccf48e844cb86be6b844d
Build description path: /Users/hem/Library/Developer/Xcode/DerivedData/FocusBlox-awtxlldmubwqcwggsrfosewjcyoq/Build/Intermediates.noindex/XCBuildData/3d7b80d31f3ccf48e844cb86be6b844d.xcbuilddata
ClangStatCache /Applications/Xcode.app/Contents/Developer/Toolchains/XcodeDefault.xctoolchain/usr/bin/clang-stat-cache /Applications/Xcode.app/Contents/Developer/Platforms/iPhoneSimulator.platform/Developer/SDKs/iPhoneSimulator26.2.sdk /Users/hem/Library/Developer/Xcode/DerivedData/SDKStatCaches.noindex/iphonesimulator26.2-23C53-7d00a8b37fbd7999ea79df8ebc024bf0.sdkstatcache
    cd /Users/hem/Documents/opt/my-daily-sprints/FocusBlox.xcodeproj
    /Applications/Xcode.app/Contents/Developer/Toolchains/XcodeDefault.xctoolchain/usr/bin/clang-stat-cache /Applications/Xcode.app/Contents/Developer/Platforms/iPhoneSimulator.platform/Developer/SDKs/iPhoneSimulator26.2.sdk -o /Users/hem/Library/Developer/Xcode/DerivedData/SDKStatCaches.noindex/iphonesimulator26.2-23C53-7d00a8b37fbd7999ea79df8ebc024bf0.sdkstatcache

ProcessInfoPlistFile /Users/hem/Library/Developer/Xcode/DerivedData/FocusBlox-awtxlldmubwqcwggsrfosewjcyoq/Build/Products/Debug-iphonesimulator/FocusBloxCore.framework/Info.plist /Users/hem/Library/Developer/Xcode/DerivedData/FocusBlox-awtxlldmubwqcwggsrfosewjcyoq/Build/Intermediates.noindex/FocusBlox.build/Debug-iphonesimulator/FocusBloxCore.build/empty-FocusBloxCore.plist (in target 'FocusBloxCore' from project 'FocusBlox')
    cd /Users/hem/Documents/opt/my-daily-sprints
    builtin-infoPlistUtility /Users/hem/Library/Developer/Xcode/DerivedData/FocusBlox-awtxlldmubwqcwggsrfosewjcyoq/Build/Intermediates.noindex/FocusBlox.build/Debug-iphonesimulator/FocusBloxCore.build/empty-FocusBloxCore.plist -producttype com.apple.product-type.framework -expandbuildsettings -format binary -platform iphonesimulator -o /Users/hem/Library/Developer/Xcode/DerivedData/FocusBlox-awtxlldmubwqcwggsrfosewjcyoq/Build/Products/Debug-iphonesimulator/FocusBloxCore.framework/Info.plist

WriteAuxiliaryFile /Users/hem/Library/Developer/Xcode/DerivedData/FocusBlox-awtxlldmubwqcwggsrfosewjcyoq/Build/Intermediates.noindex/FocusBlox.build/Debug-iphonesimulator/FocusBloxUITests.build/Objects-normal/arm64/FocusBloxUITests.SwiftConstValuesFileList (in target 'FocusBloxUITests' from project 'FocusBlox')
    cd /Users/hem/Documents/opt/my-daily-sprints
    write-file /Users/hem/Library/Developer/Xcode/DerivedData/FocusBlox-awtxlldmubwqcwggsrfosewjcyoq/Build/Intermediates.noindex/FocusBlox.build/Debug-iphonesimulator/FocusBloxUITests.build/Objects-normal/arm64/FocusBloxUITests.SwiftConstValuesFileList

WriteAuxiliaryFile /Users/hem/Library/Developer/Xcode/DerivedData/FocusBlox-awtxlldmubwqcwggsrfosewjcyoq/Build/Intermediates.noindex/FocusBlox.build/Debug-iphonesimulator/FocusBloxUITests.build/Objects-normal/arm64/FocusBloxUITests-OutputFileMap.json (in target 'FocusBloxUITests' from project 'FocusBlox')
    cd /Users/hem/Documents/opt/my-daily-sprints
    write-file /Users/hem/Library/Developer/Xcode/DerivedData/FocusBlox-awtxlldmubwqcwggsrfosewjcyoq/Build/Intermediates.noindex/FocusBlox.build/Debug-iphonesimulator/FocusBloxUITests.build/Objects-normal/arm64/FocusBloxUITests-OutputFileMap.json

WriteAuxiliaryFile /Users/hem/Library/Developer/Xcode/DerivedData/FocusBlox-awtxlldmubwqcwggsrfosewjcyoq/Build/Intermediates.noindex/FocusBlox.build/Debug-iphonesimulator/FocusBloxUITests.build/Objects-normal/arm64/FocusBloxUITests.LinkFileList (in target 'FocusBloxUITests' from project 'FocusBlox')
    cd /Users/hem/Documents/opt/my-daily-sprints
    write-file /Users/hem/Library/Developer/Xcode/DerivedData/FocusBlox-awtxlldmubwqcwggsrfosewjcyoq/Build/Intermediates.noindex/FocusBlox.build/Debug-iphonesimulator/FocusBloxUITests.build/Objects-normal/arm64/FocusBloxUITests.LinkFileList

WriteAuxiliaryFile /Users/hem/Library/Developer/Xcode/DerivedData/FocusBlox-awtxlldmubwqcwggsrfosewjcyoq/Build/Intermediates.noindex/FocusBlox.build/Debug-iphonesimulator/FocusBloxUITests.build/Objects-normal/arm64/FocusBloxUITests.SwiftFileList (in target 'FocusBloxUITests' from project 'FocusBlox')
    cd /Users/hem/Documents/opt/my-daily-sprints
    write-file /Users/hem/Library/Developer/Xcode/DerivedData/FocusBlox-awtxlldmubwqcwggsrfosewjcyoq/Build/Intermediates.noindex/FocusBlox.build/Debug-iphonesimulator/FocusBloxUITests.build/Objects-normal/arm64/FocusBloxUITests.SwiftFileList

SwiftDriver FocusBloxUITests normal arm64 com.apple.xcode.tools.swift.compiler (in target 'FocusBloxUITests' from project 'FocusBlox')
    cd /Users/hem/Documents/opt/my-daily-sprints
    builtin-SwiftDriver -- /Applications/Xcode.app/Contents/Developer/Toolchains/XcodeDefault.xctoolchain/usr/bin/swiftc -module-name FocusBloxUITests -Onone -enforce-exclusivity\=checked @/Users/hem/Library/Developer/Xcode/DerivedData/FocusBlox-awtxlldmubwqcwggsrfosewjcyoq/Build/Intermediates.noindex/FocusBlox.build/Debug-iphonesimulator/FocusBloxUITests.build/Objects-normal/arm64/FocusBloxUITests.SwiftFileList -DDEBUG -module-alias Testing\=_Testing_Unavailable -plugin-path /Applications/Xcode.app/Contents/Developer/Toolchains/XcodeDefault.xctoolchain/usr/lib/swift/host/plugins/testing -enable-experimental-feature DebugDescriptionMacro -sdk /Applications/Xcode.app/Contents/Developer/Platforms/iPhoneSimulator.platform/Developer/SDKs/iPhoneSimulator26.2.sdk -target arm64-apple-ios26.2-simulator -g -module-cache-path /Users/hem/Library/Developer/Xcode/DerivedData/ModuleCache.noindex -Xfrontend -serialize-debugging-options -profile-coverage-mapping -profile-generate -enable-testing -index-store-path /Users/hem/Library/Developer/Xcode/DerivedData/FocusBlox-awtxlldmubwqcwggsrfosewjcyoq/Index.noindex/DataStore -Xcc -D_LIBCPP_HARDENING_MODE\=_LIBCPP_HARDENING_MODE_DEBUG -swift-version 6 -I /Users/hem/Library/Developer/Xcode/DerivedData/FocusBlox-awtxlldmubwqcwggsrfosewjcyoq/Build/Products/Debug-iphonesimulator -Isystem /Applications/Xcode.app/Contents/Developer/Platforms/iPhoneSimulator.platform/Developer/usr/lib -F /Users/hem/Library/Developer/Xcode/DerivedData/FocusBlox-awtxlldmubwqcwggsrfosewjcyoq/Build/Products/Debug-iphonesimulator -F /Applications/Xcode.app/Contents/Developer/Platforms/iPhoneSimulator.platform/Developer/Library/Frameworks -F /Applications/Xcode.app/Contents/Developer/Platforms/iPhoneSimulator.platform/Developer/SDKs/iPhoneSimulator26.2.sdk/Developer/Library/Frameworks -c -j10 -enable-batch-mode -incremental -Xcc -ivfsstatcache -Xcc /Users/hem/Library/Developer/Xcode/DerivedData/SDKStatCaches.noindex/iphonesimulator26.2-23C53-7d00a8b37fbd7999ea79df8ebc024bf0.sdkstatcache -output-file-map /Users/hem/Library/Developer/Xcode/DerivedData/FocusBlox-awtxlldmubwqcwggsrfosewjcyoq/Build/Intermediates.noindex/FocusBlox.build/Debug-iphonesimulator/FocusBloxUITests.build/Objects-normal/arm64/FocusBloxUITests-OutputFileMap.json -use-frontend-parseable-output -save-temps -no-color-diagnostics -explicit-module-build -module-cache-path /Users/hem/Library/Developer/Xcode/DerivedData/FocusBlox-awtxlldmubwqcwggsrfosewjcyoq/Build/Intermediates.noindex/SwiftExplicitPrecompiledModules -clang-scanner-module-cache-path /Users/hem/Library/Developer/Xcode/DerivedData/ModuleCache.noindex -sdk-module-cache-path /Users/hem/Library/Developer/Xcode/DerivedData/ModuleCache.noindex -serialize-diagnostics -emit-dependencies -emit-module -emit-module-path /Users/hem/Library/Developer/Xcode/DerivedData/FocusBlox-awtxlldmubwqcwggsrfosewjcyoq/Build/Intermediates.noindex/FocusBlox.build/Debug-iphonesimulator/FocusBloxUITests.build/Objects-normal/arm64/FocusBloxUITests.swiftmodule -validate-clang-modules-once -clang-build-session-file /Users/hem/Library/Developer/Xcode/DerivedData/ModuleCache.noindex/Session.modulevalidation -Xcc -I/Users/hem/Library/Developer/Xcode/DerivedData/FocusBlox-awtxlldmubwqcwggsrfosewjcyoq/Build/Intermediates.noindex/FocusBlox.build/Debug-iphonesimulator/FocusBloxUITests.build/swift-overrides.hmap -emit-const-values -Xfrontend -const-gather-protocols-file -Xfrontend /Users/hem/Library/Developer/Xcode/DerivedData/FocusBlox-awtxlldmubwqcwggsrfosewjcyoq/Build/Intermediates.noindex/FocusBlox.build/Debug-iphonesimulator/FocusBloxUITests.build/Objects-normal/arm64/FocusBloxUITests_const_extract_protocols.json -Xcc -iquote -Xcc /Users/hem/Library/Developer/Xcode/DerivedData/FocusBlox-awtxlldmubwqcwggsrfosewjcyoq/Build/Intermediates.noindex/FocusBlox.build/Debug-iphonesimulator/FocusBloxUITests.build/FocusBloxUITests-generated-files.hmap -Xcc -I/Users/hem/Library/Developer/Xcode/DerivedData/FocusBlox-awtxlldmubwqcwggsrfosewjcyoq/Build/Intermediates.noindex/FocusBlox.build/Debug-iphonesimulator/FocusBloxUITests.build/FocusBloxUITests-own-target-headers.hmap -Xcc -I/Users/hem/Library/Developer/Xcode/DerivedData/FocusBlox-awtxlldmubwqcwggsrfosewjcyoq/Build/Intermediates.noindex/FocusBlox.build/Debug-iphonesimulator/FocusBloxUITests.build/FocusBloxUITests-all-target-headers.hmap -Xcc -iquote -Xcc /Users/hem/Library/Developer/Xcode/DerivedData/FocusBlox-awtxlldmubwqcwggsrfosewjcyoq/Build/Intermediates.noindex/FocusBlox.build/Debug-iphonesimulator/FocusBloxUITests.build/FocusBloxUITests-project-headers.hmap -Xcc -I/Users/hem/Library/Developer/Xcode/DerivedData/FocusBlox-awtxlldmubwqcwggsrfosewjcyoq/Build/Products/Debug-iphonesimulator/include -Xcc -I/Users/hem/Library/Developer/Xcode/DerivedData/FocusBlox-awtxlldmubwqcwggsrfosewjcyoq/Build/Intermediates.noindex/FocusBlox.build/Debug-iphonesimulator/FocusBloxUITests.build/DerivedSources-normal/arm64 -Xcc -I/Users/hem/Library/Developer/Xcode/DerivedData/FocusBlox-awtxlldmubwqcwggsrfosewjcyoq/Build/Intermediates.noindex/FocusBlox.build/Debug-iphonesimulator/FocusBloxUITests.build/DerivedSources/arm64 -Xcc -I/Users/hem/Library/Developer/Xcode/DerivedData/FocusBlox-awtxlldmubwqcwggsrfosewjcyoq/Build/Intermediates.noindex/FocusBlox.build/Debug-iphonesimulator/FocusBloxUITests.build/DerivedSources -Xcc -DDEBUG\=1 -emit-objc-header -emit-objc-header-path /Users/hem/Library/Developer/Xcode/DerivedData/FocusBlox-awtxlldmubwqcwggsrfosewjcyoq/Build/Intermediates.noindex/FocusBlox.build/Debug-iphonesimulator/FocusBloxUITests.build/Objects-normal/arm64/FocusBloxUITests-Swift.h -working-directory /Users/hem/Documents/opt/my-daily-sprints -experimental-emit-module-separately -disable-cmo

ProcessInfoPlistFile /Users/hem/Library/Developer/Xcode/DerivedData/FocusBlox-awtxlldmubwqcwggsrfosewjcyoq/Build/Products/Debug-iphonesimulator/FocusBloxWidgetsExtension.appex/Info.plist /Users/hem/Documents/opt/my-daily-sprints/FocusBloxWidgets/Info.plist (in target 'FocusBloxWidgetsExtension' from project 'FocusBlox')
    cd /Users/hem/Documents/opt/my-daily-sprints
    builtin-infoPlistUtility /Users/hem/Documents/opt/my-daily-sprints/FocusBloxWidgets/Info.plist -producttype com.apple.product-type.app-extension -expandbuildsettings -format binary -platform iphonesimulator -additionalcontentfile /Users/hem/Library/Developer/Xcode/DerivedData/FocusBlox-awtxlldmubwqcwggsrfosewjcyoq/Build/Intermediates.noindex/FocusBlox.build/Debug-iphonesimulator/FocusBloxWidgetsExtension.build/assetcatalog_generated_info.plist -o /Users/hem/Library/Developer/Xcode/DerivedData/FocusBlox-awtxlldmubwqcwggsrfosewjcyoq/Build/Products/Debug-iphonesimulator/FocusBloxWidgetsExtension.appex/Info.plist

CopySwiftLibs /Users/hem/Library/Developer/Xcode/DerivedData/FocusBlox-awtxlldmubwqcwggsrfosewjcyoq/Build/Products/Debug-iphonesimulator/FocusBlox.app (in target 'FocusBlox' from project 'FocusBlox')
    cd /Users/hem/Documents/opt/my-daily-sprints
    builtin-swiftStdLibTool --copy --verbose --sign - --scan-executable /Users/hem/Library/Developer/Xcode/DerivedData/FocusBlox-awtxlldmubwqcwggsrfosewjcyoq/Build/Products/Debug-iphonesimulator/FocusBlox.app/FocusBlox.debug.dylib --scan-folder /Users/hem/Library/Developer/Xcode/DerivedData/FocusBlox-awtxlldmubwqcwggsrfosewjcyoq/Build/Products/Debug-iphonesimulator/FocusBlox.app/Frameworks --scan-folder /Users/hem/Library/Developer/Xcode/DerivedData/FocusBlox-awtxlldmubwqcwggsrfosewjcyoq/Build/Products/Debug-iphonesimulator/FocusBlox.app/PlugIns --scan-folder /Users/hem/Library/Developer/Xcode/DerivedData/FocusBlox-awtxlldmubwqcwggsrfosewjcyoq/Build/Products/Debug-iphonesimulator/FocusBlox.app/SystemExtensions --scan-folder /Users/hem/Library/Developer/Xcode/DerivedData/FocusBlox-awtxlldmubwqcwggsrfosewjcyoq/Build/Products/Debug-iphonesimulator/FocusBlox.app/Extensions --scan-folder /Users/hem/Library/Developer/Xcode/DerivedData/FocusBlox-awtxlldmubwqcwggsrfosewjcyoq/Build/Products/Debug-iphonesimulator/FocusBloxCore.framework --platform iphonesimulator --toolchain /Applications/Xcode.app/Contents/Developer/Toolchains/XcodeDefault.xctoolchain --destination /Users/hem/Library/Developer/Xcode/DerivedData/FocusBlox-awtxlldmubwqcwggsrfosewjcyoq/Build/Products/Debug-iphonesimulator/FocusBlox.app/Frameworks --strip-bitcode --strip-bitcode-tool /Applications/Xcode.app/Contents/Developer/Toolchains/XcodeDefault.xctoolchain/usr/bin/bitcode_strip --emit-dependency-info /Users/hem/Library/Developer/Xcode/DerivedData/FocusBlox-awtxlldmubwqcwggsrfosewjcyoq/Build/Intermediates.noindex/FocusBlox.build/Debug-iphonesimulator/FocusBlox.build/SwiftStdLibToolInputDependencies.dep --filter-for-swift-os

ProcessInfoPlistFile /Users/hem/Library/Developer/Xcode/DerivedData/FocusBlox-awtxlldmubwqcwggsrfosewjcyoq/Build/Products/Debug-iphonesimulator/FocusBlox.app/Info.plist /Users/hem/Documents/opt/my-daily-sprints/Resources/Info.plist (in target 'FocusBlox' from project 'FocusBlox')
    cd /Users/hem/Documents/opt/my-daily-sprints
    builtin-infoPlistUtility /Users/hem/Documents/opt/my-daily-sprints/Resources/Info.plist -producttype com.apple.product-type.application -genpkginfo /Users/hem/Library/Developer/Xcode/DerivedData/FocusBlox-awtxlldmubwqcwggsrfosewjcyoq/Build/Products/Debug-iphonesimulator/FocusBlox.app/PkgInfo -expandbuildsettings -format binary -platform iphonesimulator -additionalcontentfile /Users/hem/Library/Developer/Xcode/DerivedData/FocusBlox-awtxlldmubwqcwggsrfosewjcyoq/Build/Intermediates.noindex/FocusBlox.build/Debug-iphonesimulator/FocusBlox.build/assetcatalog_generated_info.plist -scanforprivacyfile /Users/hem/Library/Developer/Xcode/DerivedData/FocusBlox-awtxlldmubwqcwggsrfosewjcyoq/Build/Products/Debug-iphonesimulator/FocusBlox.app/Frameworks/FocusBloxCore.framework -scanforprivacyfile /Users/hem/Library/Developer/Xcode/DerivedData/FocusBlox-awtxlldmubwqcwggsrfosewjcyoq/Build/Products/Debug-iphonesimulator/FocusBlox.app/PlugIns/FocusBloxWidgetsExtension.appex -o /Users/hem/Library/Developer/Xcode/DerivedData/FocusBlox-awtxlldmubwqcwggsrfosewjcyoq/Build/Products/Debug-iphonesimulator/FocusBlox.app/Info.plist

ProcessInfoPlistFile /Users/hem/Library/Developer/Xcode/DerivedData/FocusBlox-awtxlldmubwqcwggsrfosewjcyoq/Build/Products/Debug-iphonesimulator/FocusBlox.app/PlugIns/FocusBloxTests.xctest/Info.plist /Users/hem/Library/Developer/Xcode/DerivedData/FocusBlox-awtxlldmubwqcwggsrfosewjcyoq/Build/Intermediates.noindex/FocusBlox.build/Debug-iphonesimulator/FocusBloxTests.build/empty-FocusBloxTests.plist (in target 'FocusBloxTests' from project 'FocusBlox')
    cd /Users/hem/Documents/opt/my-daily-sprints
    builtin-infoPlistUtility /Users/hem/Library/Developer/Xcode/DerivedData/FocusBlox-awtxlldmubwqcwggsrfosewjcyoq/Build/Intermediates.noindex/FocusBlox.build/Debug-iphonesimulator/FocusBloxTests.build/empty-FocusBloxTests.plist -producttype com.apple.product-type.bundle.unit-test -expandbuildsettings -format binary -platform iphonesimulator -o /Users/hem/Library/Developer/Xcode/DerivedData/FocusBlox-awtxlldmubwqcwggsrfosewjcyoq/Build/Products/Debug-iphonesimulator/FocusBlox.app/PlugIns/FocusBloxTests.xctest/Info.plist

ProcessInfoPlistFile /Users/hem/Library/Developer/Xcode/DerivedData/FocusBlox-awtxlldmubwqcwggsrfosewjcyoq/Build/Products/Debug-iphonesimulator/FocusBlox.app/PlugIns/FocusBloxCoreTests.xctest/Info.plist /Users/hem/Library/Developer/Xcode/DerivedData/FocusBlox-awtxlldmubwqcwggsrfosewjcyoq/Build/Intermediates.noindex/FocusBlox.build/Debug-iphonesimulator/FocusBloxCoreTests.build/empty-FocusBloxCoreTests.plist (in target 'FocusBloxCoreTests' from project 'FocusBlox')
    cd /Users/hem/Documents/opt/my-daily-sprints
    builtin-infoPlistUtility /Users/hem/Library/Developer/Xcode/DerivedData/FocusBlox-awtxlldmubwqcwggsrfosewjcyoq/Build/Intermediates.noindex/FocusBlox.build/Debug-iphonesimulator/FocusBloxCoreTests.build/empty-FocusBloxCoreTests.plist -producttype com.apple.product-type.bundle.unit-test -expandbuildsettings -format binary -platform iphonesimulator -o /Users/hem/Library/Developer/Xcode/DerivedData/FocusBlox-awtxlldmubwqcwggsrfosewjcyoq/Build/Products/Debug-iphonesimulator/FocusBlox.app/PlugIns/FocusBloxCoreTests.xctest/Info.plist

CopySwiftLibs /Users/hem/Library/Developer/Xcode/DerivedData/FocusBlox-awtxlldmubwqcwggsrfosewjcyoq/Build/Products/Debug-iphonesimulator/FocusBlox.app/PlugIns/FocusBloxTests.xctest (in target 'FocusBloxTests' from project 'FocusBlox')
    cd /Users/hem/Documents/opt/my-daily-sprints
    builtin-swiftStdLibTool --copy --verbose --sign - --scan-executable /Users/hem/Library/Developer/Xcode/DerivedData/FocusBlox-awtxlldmubwqcwggsrfosewjcyoq/Build/Products/Debug-iphonesimulator/FocusBlox.app/PlugIns/FocusBloxTests.xctest/FocusBloxTests --scan-folder /Users/hem/Library/Developer/Xcode/DerivedData/FocusBlox-awtxlldmubwqcwggsrfosewjcyoq/Build/Products/Debug-iphonesimulator/FocusBlox.app/PlugIns/FocusBloxTests.xctest/Frameworks --scan-folder /Users/hem/Library/Developer/Xcode/DerivedData/FocusBlox-awtxlldmubwqcwggsrfosewjcyoq/Build/Products/Debug-iphonesimulator/FocusBlox.app/PlugIns/FocusBloxTests.xctest/PlugIns --scan-folder /Users/hem/Library/Developer/Xcode/DerivedData/FocusBlox-awtxlldmubwqcwggsrfosewjcyoq/Build/Products/Debug-iphonesimulator/FocusBlox.app/PlugIns/FocusBloxTests.xctest/SystemExtensions --scan-folder /Users/hem/Library/Developer/Xcode/DerivedData/FocusBlox-awtxlldmubwqcwggsrfosewjcyoq/Build/Products/Debug-iphonesimulator/FocusBlox.app/PlugIns/FocusBloxTests.xctest/Extensions --platform iphonesimulator --toolchain /Applications/Xcode.app/Contents/Developer/Toolchains/XcodeDefault.xctoolchain --destination /Users/hem/Library/Developer/Xcode/DerivedData/FocusBlox-awtxlldmubwqcwggsrfosewjcyoq/Build/Products/Debug-iphonesimulator/FocusBlox.app/PlugIns/FocusBloxTests.xctest/Frameworks --strip-bitcode --scan-executable /Applications/Xcode.app/Contents/Developer/Platforms/iPhoneSimulator.platform/Developer/usr/lib/libXCTestSwiftSupport.dylib --strip-bitcode-tool /Applications/Xcode.app/Contents/Developer/Toolchains/XcodeDefault.xctoolchain/usr/bin/bitcode_strip --emit-dependency-info /Users/hem/Library/Developer/Xcode/DerivedData/FocusBlox-awtxlldmubwqcwggsrfosewjcyoq/Build/Intermediates.noindex/FocusBlox.build/Debug-iphonesimulator/FocusBloxTests.build/SwiftStdLibToolInputDependencies.dep --filter-for-swift-os

CopySwiftLibs /Users/hem/Library/Developer/Xcode/DerivedData/FocusBlox-awtxlldmubwqcwggsrfosewjcyoq/Build/Products/Debug-iphonesimulator/FocusBlox.app/PlugIns/FocusBloxCoreTests.xctest (in target 'FocusBloxCoreTests' from project 'FocusBlox')
    cd /Users/hem/Documents/opt/my-daily-sprints
    builtin-swiftStdLibTool --copy --verbose --sign - --scan-executable /Users/hem/Library/Developer/Xcode/DerivedData/FocusBlox-awtxlldmubwqcwggsrfosewjcyoq/Build/Products/Debug-iphonesimulator/FocusBlox.app/PlugIns/FocusBloxCoreTests.xctest/FocusBloxCoreTests --scan-folder /Users/hem/Library/Developer/Xcode/DerivedData/FocusBlox-awtxlldmubwqcwggsrfosewjcyoq/Build/Products/Debug-iphonesimulator/FocusBlox.app/PlugIns/FocusBloxCoreTests.xctest/Frameworks --scan-folder /Users/hem/Library/Developer/Xcode/DerivedData/FocusBlox-awtxlldmubwqcwggsrfosewjcyoq/Build/Products/Debug-iphonesimulator/FocusBlox.app/PlugIns/FocusBloxCoreTests.xctest/PlugIns --scan-folder /Users/hem/Library/Developer/Xcode/DerivedData/FocusBlox-awtxlldmubwqcwggsrfosewjcyoq/Build/Products/Debug-iphonesimulator/FocusBlox.app/PlugIns/FocusBloxCoreTests.xctest/SystemExtensions --scan-folder /Users/hem/Library/Developer/Xcode/DerivedData/FocusBlox-awtxlldmubwqcwggsrfosewjcyoq/Build/Products/Debug-iphonesimulator/FocusBlox.app/PlugIns/FocusBloxCoreTests.xctest/Extensions --scan-folder /Users/hem/Library/Developer/Xcode/DerivedData/FocusBlox-awtxlldmubwqcwggsrfosewjcyoq/Build/Products/Debug-iphonesimulator/FocusBloxCore.framework --platform iphonesimulator --toolchain /Applications/Xcode.app/Contents/Developer/Toolchains/XcodeDefault.xctoolchain --destination /Users/hem/Library/Developer/Xcode/DerivedData/FocusBlox-awtxlldmubwqcwggsrfosewjcyoq/Build/Products/Debug-iphonesimulator/FocusBlox.app/PlugIns/FocusBloxCoreTests.xctest/Frameworks --strip-bitcode --scan-executable /Applications/Xcode.app/Contents/Developer/Platforms/iPhoneSimulator.platform/Developer/usr/lib/libXCTestSwiftSupport.dylib --strip-bitcode-tool /Applications/Xcode.app/Contents/Developer/Toolchains/XcodeDefault.xctoolchain/usr/bin/bitcode_strip --emit-dependency-info /Users/hem/Library/Developer/Xcode/DerivedData/FocusBlox-awtxlldmubwqcwggsrfosewjcyoq/Build/Intermediates.noindex/FocusBlox.build/Debug-iphonesimulator/FocusBloxCoreTests.build/SwiftStdLibToolInputDependencies.dep --filter-for-swift-os

ProcessInfoPlistFile /Users/hem/Library/Developer/Xcode/DerivedData/FocusBlox-awtxlldmubwqcwggsrfosewjcyoq/Build/Products/Debug-iphonesimulator/FocusBloxUITests-Runner.app/PlugIns/FocusBloxUITests.xctest/Info.plist /Users/hem/Library/Developer/Xcode/DerivedData/FocusBlox-awtxlldmubwqcwggsrfosewjcyoq/Build/Intermediates.noindex/FocusBlox.build/Debug-iphonesimulator/FocusBloxUITests.build/empty-FocusBloxUITests.plist (in target 'FocusBloxUITests' from project 'FocusBlox')
    cd /Users/hem/Documents/opt/my-daily-sprints
    builtin-infoPlistUtility /Users/hem/Library/Developer/Xcode/DerivedData/FocusBlox-awtxlldmubwqcwggsrfosewjcyoq/Build/Intermediates.noindex/FocusBlox.build/Debug-iphonesimulator/FocusBloxUITests.build/empty-FocusBloxUITests.plist -producttype com.apple.product-type.bundle.ui-testing -expandbuildsettings -format binary -platform iphonesimulator -additionalcontentfile /Users/hem/Library/Developer/Xcode/DerivedData/FocusBlox-awtxlldmubwqcwggsrfosewjcyoq/Build/Intermediates.noindex/FocusBlox.build/Debug-iphonesimulator/FocusBloxUITests.build/ProductTypeInfoPlistAdditions.plist -o /Users/hem/Library/Developer/Xcode/DerivedData/FocusBlox-awtxlldmubwqcwggsrfosewjcyoq/Build/Products/Debug-iphonesimulator/FocusBloxUITests-Runner.app/PlugIns/FocusBloxUITests.xctest/Info.plist

SwiftEmitModule normal arm64 Emitting\ module\ for\ FocusBloxUITests (in target 'FocusBloxUITests' from project 'FocusBlox')

EmitSwiftModule normal arm64 (in target 'FocusBloxUITests' from project 'FocusBlox')
    cd /Users/hem/Documents/opt/my-daily-sprints
    

SwiftCompile normal arm64 Compiling\ RemindersSyncUITests.swift /Users/hem/Documents/opt/my-daily-sprints/FocusBloxUITests/RemindersSyncUITests.swift (in target 'FocusBloxUITests' from project 'FocusBlox')
SwiftCompile normal arm64 /Users/hem/Documents/opt/my-daily-sprints/FocusBloxUITests/RemindersSyncUITests.swift (in target 'FocusBloxUITests' from project 'FocusBlox')
    cd /Users/hem/Documents/opt/my-daily-sprints
    
/Users/hem/Documents/opt/my-daily-sprints/FocusBloxUITests/RemindersSyncUITests.swift:11:15: warning: call to main actor-isolated initializer 'init()' in a synchronous nonisolated context
        app = XCUIApplication()
              ^
/Applications/Xcode.app/Contents/Developer/Platforms/iPhoneSimulator.platform/Developer/Library/Frameworks/XCUIAutomation.framework/Headers/XCUIApplication.h:29:1: note: calls to initializer 'init()' from outside of its actor context are implicitly asynchronous
- (instancetype)init NS_DESIGNATED_INITIALIZER;
^
/Users/hem/Documents/opt/my-daily-sprints/FocusBloxUITests/RemindersSyncUITests.swift:12:13: warning: main actor-isolated property 'launchArguments' can not be mutated from a nonisolated context
        app.launchArguments = ["-UITesting"]
            ^
/Applications/Xcode.app/Contents/Developer/Platforms/iPhoneSimulator.platform/Developer/Library/Frameworks/XCUIAutomation.framework/Headers/XCUIApplication.h:93:51: note: mutation of this property is only permitted within the actor
@property (nonatomic, copy) NSArray <NSString *> *launchArguments;
                                                  ^
/Users/hem/Documents/opt/my-daily-sprints/FocusBloxUITests/RemindersSyncUITests.swift:13:13: warning: call to main actor-isolated instance method 'launch()' in a synchronous nonisolated context
        app.launch()
            ^
XCUIAutomation.XCUIApplication.launch:2:22: note: calls to instance method 'launch()' from outside of its actor context are implicitly asynchronous
@MainActor open func launch()}
                     ^
/Users/hem/Documents/opt/my-daily-sprints/FocusBloxUITests/RemindersSyncUITests.swift:23:41: warning: main actor-isolated subscript 'subscript(_:)' can not be referenced from a nonisolated context
        let settingsButton = app.buttons["settingsButton"]
                                        ^
XCUIAutomation.XCUIElementQuery.subscript:2:17: note: subscript declared here
@MainActor open subscript(key: String) -> XCUIElement { get }}
                ^
/Users/hem/Documents/opt/my-daily-sprints/FocusBloxUITests/RemindersSyncUITests.swift:22:18: note: add '@MainActor' to make instance method 'navigateToSettings()' part of global actor 'MainActor'
    private func navigateToSettings() {
                 ^
    @MainActor 
/Users/hem/Documents/opt/my-daily-sprints/FocusBloxUITests/RemindersSyncUITests.swift:23:34: warning: main actor-isolated property 'buttons' can not be referenced from a nonisolated context
        let settingsButton = app.buttons["settingsButton"]
                                 ^
/Applications/Xcode.app/Contents/Developer/Platforms/iPhoneSimulator.platform/Developer/Library/Frameworks/XCUIAutomation.framework/Headers/XCUIElementTypeQueryProvider.h:22:46: note: property declared here
@property (readonly, copy) XCUIElementQuery *buttons;
                                             ^
/Users/hem/Documents/opt/my-daily-sprints/FocusBloxUITests/RemindersSyncUITests.swift:22:18: note: add '@MainActor' to make instance method 'navigateToSettings()' part of global actor 'MainActor'
    private func navigateToSettings() {
                 ^
    @MainActor 
/Users/hem/Documents/opt/my-daily-sprints/FocusBloxUITests/RemindersSyncUITests.swift:24:27: warning: call to main actor-isolated instance method 'waitForExistence(timeout:)' in a synchronous nonisolated context
        if settingsButton.waitForExistence(timeout: 5) {
                          ^
XCUIAutomation.XCUIElement.waitForExistence:2:22: note: calls to instance method 'waitForExistence(timeout:)' from outside of its actor context are implicitly asynchronous
@MainActor open func waitForExistence(timeout: TimeInterval) -> Bool}
                     ^
/Users/hem/Documents/opt/my-daily-sprints/FocusBloxUITests/RemindersSyncUITests.swift:22:18: note: add '@MainActor' to make instance method 'navigateToSettings()' part of global actor 'MainActor'
    private func navigateToSettings() {
                 ^
    @MainActor 
/Users/hem/Documents/opt/my-daily-sprints/FocusBloxUITests/RemindersSyncUITests.swift:25:28: warning: call to main actor-isolated instance method 'tap()' in a synchronous nonisolated context
            settingsButton.tap()
                           ^
XCUIAutomation.XCUIElement.tap:2:22: note: calls to instance method 'tap()' from outside of its actor context are implicitly asynchronous
@MainActor open func tap()}
                     ^
/Users/hem/Documents/opt/my-daily-sprints/FocusBloxUITests/RemindersSyncUITests.swift:22:18: note: add '@MainActor' to make instance method 'navigateToSettings()' part of global actor 'MainActor'
    private func navigateToSettings() {
                 ^
    @MainActor 
/Users/hem/Documents/opt/my-daily-sprints/FocusBloxUITests/RemindersSyncUITests.swift:30:45: warning: main actor-isolated subscript 'subscript(_:)' can not be referenced from a nonisolated context
        let backlogTab = app.tabBars.buttons["Backlog"]
                                            ^
XCUIAutomation.XCUIElementQuery.subscript:2:17: note: subscript declared here
@MainActor open subscript(key: String) -> XCUIElement { get }}
                ^
/Users/hem/Documents/opt/my-daily-sprints/FocusBloxUITests/RemindersSyncUITests.swift:29:18: note: add '@MainActor' to make instance method 'navigateToBacklog()' part of global actor 'MainActor'
    private func navigateToBacklog() {
                 ^
    @MainActor 
/Users/hem/Documents/opt/my-daily-sprints/FocusBloxUITests/RemindersSyncUITests.swift:30:38: warning: main actor-isolated property 'buttons' can not be referenced from a nonisolated context
        let backlogTab = app.tabBars.buttons["Backlog"]
                                     ^
/Applications/Xcode.app/Contents/Developer/Platforms/iPhoneSimulator.platform/Developer/Library/Frameworks/XCUIAutomation.framework/Headers/XCUIElementTypeQueryProvider.h:22:46: note: property declared here
@property (readonly, copy) XCUIElementQuery *buttons;
                                             ^
/Users/hem/Documents/opt/my-daily-sprints/FocusBloxUITests/RemindersSyncUITests.swift:29:18: note: add '@MainActor' to make instance method 'navigateToBacklog()' part of global actor 'MainActor'
    private func navigateToBacklog() {
                 ^
    @MainActor 
/Users/hem/Documents/opt/my-daily-sprints/FocusBloxUITests/RemindersSyncUITests.swift:30:30: warning: main actor-isolated property 'tabBars' can not be referenced from a nonisolated context
        let backlogTab = app.tabBars.buttons["Backlog"]
                             ^
/Applications/Xcode.app/Contents/Developer/Platforms/iPhoneSimulator.platform/Developer/Library/Frameworks/XCUIAutomation.framework/Headers/XCUIElementTypeQueryProvider.h:35:46: note: property declared here
@property (readonly, copy) XCUIElementQuery *tabBars;
                                             ^
/Users/hem/Documents/opt/my-daily-sprints/FocusBloxUITests/RemindersSyncUITests.swift:29:18: note: add '@MainActor' to make instance method 'navigateToBacklog()' part of global actor 'MainActor'
    private func navigateToBacklog() {
                 ^
    @MainActor 
/Users/hem/Documents/opt/my-daily-sprints/FocusBloxUITests/RemindersSyncUITests.swift:31:23: warning: call to main actor-isolated instance method 'waitForExistence(timeout:)' in a synchronous nonisolated context
        if backlogTab.waitForExistence(timeout: 5) {
                      ^
XCUIAutomation.XCUIElement.waitForExistence:2:22: note: calls to instance method 'waitForExistence(timeout:)' from outside of its actor context are implicitly asynchronous
@MainActor open func waitForExistence(timeout: TimeInterval) -> Bool}
                     ^
/Users/hem/Documents/opt/my-daily-sprints/FocusBloxUITests/RemindersSyncUITests.swift:29:18: note: add '@MainActor' to make instance method 'navigateToBacklog()' part of global actor 'MainActor'
    private func navigateToBacklog() {
                 ^
    @MainActor 
/Users/hem/Documents/opt/my-daily-sprints/FocusBloxUITests/RemindersSyncUITests.swift:32:24: warning: call to main actor-isolated instance method 'tap()' in a synchronous nonisolated context
            backlogTab.tap()
                       ^
XCUIAutomation.XCUIElement.tap:2:22: note: calls to instance method 'tap()' from outside of its actor context are implicitly asynchronous
@MainActor open func tap()}
                     ^
/Users/hem/Documents/opt/my-daily-sprints/FocusBloxUITests/RemindersSyncUITests.swift:29:18: note: add '@MainActor' to make instance method 'navigateToBacklog()' part of global actor 'MainActor'
    private func navigateToBacklog() {
                 ^
    @MainActor 
/Users/hem/Documents/opt/my-daily-sprints/FocusBloxUITests/RemindersSyncUITests.swift:46:45: warning: main actor-isolated subscript 'subscript(_:)' can not be referenced from a nonisolated context
        let settingsNav = app.navigationBars["Settings"]
                                            ^
XCUIAutomation.XCUIElementQuery.subscript:2:17: note: subscript declared here
@MainActor open subscript(key: String) -> XCUIElement { get }}
                ^
/Users/hem/Documents/opt/my-daily-sprints/FocusBloxUITests/RemindersSyncUITests.swift:42:10: note: add '@MainActor' to make instance method 'testRemindersSyncToggleExistsInSettings()' part of global actor 'MainActor'
    func testRemindersSyncToggleExistsInSettings() throws {
         ^
    @MainActor 
/Users/hem/Documents/opt/my-daily-sprints/FocusBloxUITests/RemindersSyncUITests.swift:46:31: warning: main actor-isolated property 'navigationBars' can not be referenced from a nonisolated context
        let settingsNav = app.navigationBars["Settings"]
                              ^
/Applications/Xcode.app/Contents/Developer/Platforms/iPhoneSimulator.platform/Developer/Library/Frameworks/XCUIAutomation.framework/Headers/XCUIElementTypeQueryProvider.h:34:46: note: property declared here
@property (readonly, copy) XCUIElementQuery *navigationBars;
                                             ^
/Users/hem/Documents/opt/my-daily-sprints/FocusBloxUITests/RemindersSyncUITests.swift:42:10: note: add '@MainActor' to make instance method 'testRemindersSyncToggleExistsInSettings()' part of global actor 'MainActor'
    func testRemindersSyncToggleExistsInSettings() throws {
         ^
    @MainActor 
/Users/hem/Documents/opt/my-daily-sprints/FocusBloxUITests/RemindersSyncUITests.swift:47:35: warning: call to main actor-isolated instance method 'waitForExistence(timeout:)' in a synchronous nonisolated context
        XCTAssertTrue(settingsNav.waitForExistence(timeout: 5), "Settings view should open")
                                  ^
XCUIAutomation.XCUIElement.waitForExistence:2:22: note: calls to instance method 'waitForExistence(timeout:)' from outside of its actor context are implicitly asynchronous
@MainActor open func waitForExistence(timeout: TimeInterval) -> Bool}
                     ^
/Users/hem/Documents/opt/my-daily-sprints/FocusBloxUITests/RemindersSyncUITests.swift:50:38: warning: main actor-isolated subscript 'subscript(_:)' can not be referenced from a nonisolated context
        let syncToggle = app.switches["remindersSyncToggle"]
                                     ^
XCUIAutomation.XCUIElementQuery.subscript:2:17: note: subscript declared here
@MainActor open subscript(key: String) -> XCUIElement { get }}
                ^
/Users/hem/Documents/opt/my-daily-sprints/FocusBloxUITests/RemindersSyncUITests.swift:42:10: note: add '@MainActor' to make instance method 'testRemindersSyncToggleExistsInSettings()' part of global actor 'MainActor'
    func testRemindersSyncToggleExistsInSettings() throws {
         ^
    @MainActor 
/Users/hem/Documents/opt/my-daily-sprints/FocusBloxUITests/RemindersSyncUITests.swift:50:30: warning: main actor-isolated property 'switches' can not be referenced from a nonisolated context
        let syncToggle = app.switches["remindersSyncToggle"]
                             ^
/Applications/Xcode.app/Contents/Developer/Platforms/iPhoneSimulator.platform/Developer/Library/Frameworks/XCUIAutomation.framework/Headers/XCUIElementTypeQueryProvider.h:54:46: note: property declared here
@property (readonly, copy) XCUIElementQuery *switches;
                                             ^
/Users/hem/Documents/opt/my-daily-sprints/FocusBloxUITests/RemindersSyncUITests.swift:42:10: note: add '@MainActor' to make instance method 'testRemindersSyncToggleExistsInSettings()' part of global actor 'MainActor'
    func testRemindersSyncToggleExistsInSettings() throws {
         ^
    @MainActor 
/Users/hem/Documents/opt/my-daily-sprints/FocusBloxUITests/RemindersSyncUITests.swift:51:34: warning: call to main actor-isolated instance method 'waitForExistence(timeout:)' in a synchronous nonisolated context
        XCTAssertTrue(syncToggle.waitForExistence(timeout: 3), "Reminders sync toggle should exist in Settings")
                                 ^
XCUIAutomation.XCUIElement.waitForExistence:2:22: note: calls to instance method 'waitForExistence(timeout:)' from outside of its actor context are implicitly asynchronous
@MainActor open func waitForExistence(timeout: TimeInterval) -> Bool}
                     ^
/Users/hem/Documents/opt/my-daily-sprints/FocusBloxUITests/RemindersSyncUITests.swift:61:38: warning: main actor-isolated subscript 'subscript(_:)' can not be referenced from a nonisolated context
        let syncToggle = app.switches["remindersSyncToggle"]
                                     ^
XCUIAutomation.XCUIElementQuery.subscript:2:17: note: subscript declared here
@MainActor open subscript(key: String) -> XCUIElement { get }}
                ^
/Users/hem/Documents/opt/my-daily-sprints/FocusBloxUITests/RemindersSyncUITests.swift:58:10: note: add '@MainActor' to make instance method 'testRemindersSyncToggleDisabledByDefault()' part of global actor 'MainActor'
    func testRemindersSyncToggleDisabledByDefault() throws {
         ^
    @MainActor 
/Users/hem/Documents/opt/my-daily-sprints/FocusBloxUITests/RemindersSyncUITests.swift:61:30: warning: main actor-isolated property 'switches' can not be referenced from a nonisolated context
        let syncToggle = app.switches["remindersSyncToggle"]
                             ^
/Applications/Xcode.app/Contents/Developer/Platforms/iPhoneSimulator.platform/Developer/Library/Frameworks/XCUIAutomation.framework/Headers/XCUIElementTypeQueryProvider.h:54:46: note: property declared here
@property (readonly, copy) XCUIElementQuery *switches;
                                             ^
/Users/hem/Documents/opt/my-daily-sprints/FocusBloxUITests/RemindersSyncUITests.swift:58:10: note: add '@MainActor' to make instance method 'testRemindersSyncToggleDisabledByDefault()' part of global actor 'MainActor'
    func testRemindersSyncToggleDisabledByDefault() throws {
         ^
    @MainActor 
/Users/hem/Documents/opt/my-daily-sprints/FocusBloxUITests/RemindersSyncUITests.swift:62:26: warning: call to main actor-isolated instance method 'waitForExistence(timeout:)' in a synchronous nonisolated context
        guard syncToggle.waitForExistence(timeout: 5) else {
                         ^
XCUIAutomation.XCUIElement.waitForExistence:2:22: note: calls to instance method 'waitForExistence(timeout:)' from outside of its actor context are implicitly asynchronous
@MainActor open func waitForExistence(timeout: TimeInterval) -> Bool}
                     ^
/Users/hem/Documents/opt/my-daily-sprints/FocusBloxUITests/RemindersSyncUITests.swift:58:10: note: add '@MainActor' to make instance method 'testRemindersSyncToggleDisabledByDefault()' part of global actor 'MainActor'
    func testRemindersSyncToggleDisabledByDefault() throws {
         ^
    @MainActor 
/Users/hem/Documents/opt/my-daily-sprints/FocusBloxUITests/RemindersSyncUITests.swift:68:32: warning: main actor-isolated property 'value' can not be referenced from a nonisolated context
        let value = syncToggle.value as? String
                               ^
/Applications/Xcode.app/Contents/Developer/Platforms/iPhoneSimulator.platform/Developer/Library/Frameworks/XCUIAutomation.framework/Headers/XCUIElementAttributes.h:41:35: note: property declared here
@property (readonly, nullable) id value;
                                  ^
/Users/hem/Documents/opt/my-daily-sprints/FocusBloxUITests/RemindersSyncUITests.swift:58:10: note: add '@MainActor' to make instance method 'testRemindersSyncToggleDisabledByDefault()' part of global actor 'MainActor'
    func testRemindersSyncToggleDisabledByDefault() throws {
         ^
    @MainActor 
/Users/hem/Documents/opt/my-daily-sprints/FocusBloxUITests/RemindersSyncUITests.swift:80:44: warning: main actor-isolated subscript 'subscript(_:)' can not be referenced from a nonisolated context
        let sectionHeader = app.staticTexts["Apple Erinnerungen"]
                                           ^
XCUIAutomation.XCUIElementQuery.subscript:2:17: note: subscript declared here
@MainActor open subscript(key: String) -> XCUIElement { get }}
                ^
/Users/hem/Documents/opt/my-daily-sprints/FocusBloxUITests/RemindersSyncUITests.swift:76:10: note: add '@MainActor' to make instance method 'testAppleRemindersSectionExists()' part of global actor 'MainActor'
    func testAppleRemindersSectionExists() throws {
         ^
    @MainActor 
/Users/hem/Documents/opt/my-daily-sprints/FocusBloxUITests/RemindersSyncUITests.swift:80:33: warning: main actor-isolated property 'staticTexts' can not be referenced from a nonisolated context
        let sectionHeader = app.staticTexts["Apple Erinnerungen"]
                                ^
/Applications/Xcode.app/Contents/Developer/Platforms/iPhoneSimulator.platform/Developer/Library/Frameworks/XCUIAutomation.framework/Headers/XCUIElementTypeQueryProvider.h:62:46: note: property declared here
@property (readonly, copy) XCUIElementQuery *staticTexts;
                                             ^
/Users/hem/Documents/opt/my-daily-sprints/FocusBloxUITests/RemindersSyncUITests.swift:76:10: note: add '@MainActor' to make instance method 'testAppleRemindersSectionExists()' part of global actor 'MainActor'
    func testAppleRemindersSectionExists() throws {
         ^
    @MainActor 
/Users/hem/Documents/opt/my-daily-sprints/FocusBloxUITests/RemindersSyncUITests.swift:81:37: warning: call to main actor-isolated instance method 'waitForExistence(timeout:)' in a synchronous nonisolated context
        XCTAssertTrue(sectionHeader.waitForExistence(timeout: 5), "Apple Erinnerungen section should exist")
                                    ^
XCUIAutomation.XCUIElement.waitForExistence:2:22: note: calls to instance method 'waitForExistence(timeout:)' from outside of its actor context are implicitly asynchronous
@MainActor open func waitForExistence(timeout: TimeInterval) -> Bool}
                     ^
/Users/hem/Documents/opt/my-daily-sprints/FocusBloxUITests/RemindersSyncUITests.swift:91:38: warning: main actor-isolated subscript 'subscript(_:)' can not be referenced from a nonisolated context
        let syncToggle = app.switches["remindersSyncToggle"]
                                     ^
XCUIAutomation.XCUIElementQuery.subscript:2:17: note: subscript declared here
@MainActor open subscript(key: String) -> XCUIElement { get }}
                ^
/Users/hem/Documents/opt/my-daily-sprints/FocusBloxUITests/RemindersSyncUITests.swift:88:10: note: add '@MainActor' to make instance method 'testRemindersSyncToggleCanBeEnabled()' part of global actor 'MainActor'
    func testRemindersSyncToggleCanBeEnabled() throws {
         ^
    @MainActor 
/Users/hem/Documents/opt/my-daily-sprints/FocusBloxUITests/RemindersSyncUITests.swift:91:30: warning: main actor-isolated property 'switches' can not be referenced from a nonisolated context
        let syncToggle = app.switches["remindersSyncToggle"]
                             ^
/Applications/Xcode.app/Contents/Developer/Platforms/iPhoneSimulator.platform/Developer/Library/Frameworks/XCUIAutomation.framework/Headers/XCUIElementTypeQueryProvider.h:54:46: note: property declared here
@property (readonly, copy) XCUIElementQuery *switches;
                                             ^
/Users/hem/Documents/opt/my-daily-sprints/FocusBloxUITests/RemindersSyncUITests.swift:88:10: note: add '@MainActor' to make instance method 'testRemindersSyncToggleCanBeEnabled()' part of global actor 'MainActor'
    func testRemindersSyncToggleCanBeEnabled() throws {
         ^
    @MainActor 
/Users/hem/Documents/opt/my-daily-sprints/FocusBloxUITests/RemindersSyncUITests.swift:92:26: warning: call to main actor-isolated instance method 'waitForExistence(timeout:)' in a synchronous nonisolated context
        guard syncToggle.waitForExistence(timeout: 5) else {
                         ^
XCUIAutomation.XCUIElement.waitForExistence:2:22: note: calls to instance method 'waitForExistence(timeout:)' from outside of its actor context are implicitly asynchronous
@MainActor open func waitForExistence(timeout: TimeInterval) -> Bool}
                     ^
/Users/hem/Documents/opt/my-daily-sprints/FocusBloxUITests/RemindersSyncUITests.swift:88:10: note: add '@MainActor' to make instance method 'testRemindersSyncToggleCanBeEnabled()' part of global actor 'MainActor'
    func testRemindersSyncToggleCanBeEnabled() throws {
         ^
    @MainActor 
/Users/hem/Documents/opt/my-daily-sprints/FocusBloxUITests/RemindersSyncUITests.swift:98:20: warning: call to main actor-isolated instance method 'tap()' in a synchronous nonisolated context
        syncToggle.tap()
                   ^
XCUIAutomation.XCUIElement.tap:2:22: note: calls to instance method 'tap()' from outside of its actor context are implicitly asynchronous
@MainActor open func tap()}
                     ^
/Users/hem/Documents/opt/my-daily-sprints/FocusBloxUITests/RemindersSyncUITests.swift:88:10: note: add '@MainActor' to make instance method 'testRemindersSyncToggleCanBeEnabled()' part of global actor 'MainActor'
    func testRemindersSyncToggleCanBeEnabled() throws {
         ^
    @MainActor 
/Users/hem/Documents/opt/my-daily-sprints/FocusBloxUITests/RemindersSyncUITests.swift:101:32: warning: main actor-isolated property 'value' can not be referenced from a nonisolated context
        let value = syncToggle.value as? String
                               ^
/Applications/Xcode.app/Contents/Developer/Platforms/iPhoneSimulator.platform/Developer/Library/Frameworks/XCUIAutomation.framework/Headers/XCUIElementAttributes.h:41:35: note: property declared here
@property (readonly, nullable) id value;
                                  ^
/Users/hem/Documents/opt/my-daily-sprints/FocusBloxUITests/RemindersSyncUITests.swift:88:10: note: add '@MainActor' to make instance method 'testRemindersSyncToggleCanBeEnabled()' part of global actor 'MainActor'
    func testRemindersSyncToggleCanBeEnabled() throws {
         ^
    @MainActor 
/Users/hem/Documents/opt/my-daily-sprints/FocusBloxUITests/RemindersSyncUITests.swift:115:38: warning: main actor-isolated subscript 'subscript(_:)' can not be referenced from a nonisolated context
        let syncToggle = app.switches["remindersSyncToggle"]
                                     ^
XCUIAutomation.XCUIElementQuery.subscript:2:17: note: subscript declared here
@MainActor open subscript(key: String) -> XCUIElement { get }}
                ^
/Users/hem/Documents/opt/my-daily-sprints/FocusBloxUITests/RemindersSyncUITests.swift:111:10: note: add '@MainActor' to make instance method 'testImportedReminderAppearsInBacklog()' part of global actor 'MainActor'
    func testImportedReminderAppearsInBacklog() throws {
         ^
    @MainActor 
/Users/hem/Documents/opt/my-daily-sprints/FocusBloxUITests/RemindersSyncUITests.swift:115:30: warning: main actor-isolated property 'switches' can not be referenced from a nonisolated context
        let syncToggle = app.switches["remindersSyncToggle"]
                             ^
/Applications/Xcode.app/Contents/Developer/Platforms/iPhoneSimulator.platform/Developer/Library/Frameworks/XCUIAutomation.framework/Headers/XCUIElementTypeQueryProvider.h:54:46: note: property declared here
@property (readonly, copy) XCUIElementQuery *switches;
                                             ^
/Users/hem/Documents/opt/my-daily-sprints/FocusBloxUITests/RemindersSyncUITests.swift:111:10: note: add '@MainActor' to make instance method 'testImportedReminderAppearsInBacklog()' part of global actor 'MainActor'
    func testImportedReminderAppearsInBacklog() throws {
         ^
    @MainActor 
/Users/hem/Documents/opt/my-daily-sprints/FocusBloxUITests/RemindersSyncUITests.swift:116:26: warning: call to main actor-isolated instance method 'waitForExistence(timeout:)' in a synchronous nonisolated context
        guard syncToggle.waitForExistence(timeout: 5) else {
                         ^
XCUIAutomation.XCUIElement.waitForExistence:2:22: note: calls to instance method 'waitForExistence(timeout:)' from outside of its actor context are implicitly asynchronous
@MainActor open func waitForExistence(timeout: TimeInterval) -> Bool}
                     ^
/Users/hem/Documents/opt/my-daily-sprints/FocusBloxUITests/RemindersSyncUITests.swift:111:10: note: add '@MainActor' to make instance method 'testImportedReminderAppearsInBacklog()' part of global actor 'MainActor'
    func testImportedReminderAppearsInBacklog() throws {
         ^
    @MainActor 
/Users/hem/Documents/opt/my-daily-sprints/FocusBloxUITests/RemindersSyncUITests.swift:122:24: warning: main actor-isolated property 'value' can not be referenced from a nonisolated context
        if (syncToggle.value as? String) == "0" {
                       ^
/Applications/Xcode.app/Contents/Developer/Platforms/iPhoneSimulator.platform/Developer/Library/Frameworks/XCUIAutomation.framework/Headers/XCUIElementAttributes.h:41:35: note: property declared here
@property (readonly, nullable) id value;
                                  ^
/Users/hem/Documents/opt/my-daily-sprints/FocusBloxUITests/RemindersSyncUITests.swift:111:10: note: add '@MainActor' to make instance method 'testImportedReminderAppearsInBacklog()' part of global actor 'MainActor'
    func testImportedReminderAppearsInBacklog() throws {
         ^
    @MainActor 
/Users/hem/Documents/opt/my-daily-sprints/FocusBloxUITests/RemindersSyncUITests.swift:123:24: warning: call to main actor-isolated instance method 'tap()' in a synchronous nonisolated context
            syncToggle.tap()
                       ^
XCUIAutomation.XCUIElement.tap:2:22: note: calls to instance method 'tap()' from outside of its actor context are implicitly asynchronous
@MainActor open func tap()}
                     ^
/Users/hem/Documents/opt/my-daily-sprints/FocusBloxUITests/RemindersSyncUITests.swift:111:10: note: add '@MainActor' to make instance method 'testImportedReminderAppearsInBacklog()' part of global actor 'MainActor'
    func testImportedReminderAppearsInBacklog() throws {
         ^
    @MainActor 
/Users/hem/Documents/opt/my-daily-sprints/FocusBloxUITests/RemindersSyncUITests.swift:127:37: warning: main actor-isolated subscript 'subscript(_:)' can not be referenced from a nonisolated context
        let doneButton = app.buttons["Fertig"]
                                    ^
XCUIAutomation.XCUIElementQuery.subscript:2:17: note: subscript declared here
@MainActor open subscript(key: String) -> XCUIElement { get }}
                ^
/Users/hem/Documents/opt/my-daily-sprints/FocusBloxUITests/RemindersSyncUITests.swift:111:10: note: add '@MainActor' to make instance method 'testImportedReminderAppearsInBacklog()' part of global actor 'MainActor'
    func testImportedReminderAppearsInBacklog() throws {
         ^
    @MainActor 
/Users/hem/Documents/opt/my-daily-sprints/FocusBloxUITests/RemindersSyncUITests.swift:127:30: warning: main actor-isolated property 'buttons' can not be referenced from a nonisolated context
        let doneButton = app.buttons["Fertig"]
                             ^
/Applications/Xcode.app/Contents/Developer/Platforms/iPhoneSimulator.platform/Developer/Library/Frameworks/XCUIAutomation.framework/Headers/XCUIElementTypeQueryProvider.h:22:46: note: property declared here
@property (readonly, copy) XCUIElementQuery *buttons;
                                             ^
/Users/hem/Documents/opt/my-daily-sprints/FocusBloxUITests/RemindersSyncUITests.swift:111:10: note: add '@MainActor' to make instance method 'testImportedReminderAppearsInBacklog()' part of global actor 'MainActor'
    func testImportedReminderAppearsInBacklog() throws {
         ^
    @MainActor 
/Users/hem/Documents/opt/my-daily-sprints/FocusBloxUITests/RemindersSyncUITests.swift:128:23: warning: main actor-isolated property 'exists' can not be referenced from a nonisolated context
        if doneButton.exists {
                      ^
/Applications/Xcode.app/Contents/Developer/Platforms/iPhoneSimulator.platform/Developer/Library/Frameworks/XCUIAutomation.framework/Headers/XCUIElement.h:54:27: note: property declared here
@property (readonly) BOOL exists;
                          ^
/Users/hem/Documents/opt/my-daily-sprints/FocusBloxUITests/RemindersSyncUITests.swift:111:10: note: add '@MainActor' to make instance method 'testImportedReminderAppearsInBacklog()' part of global actor 'MainActor'
    func testImportedReminderAppearsInBacklog() throws {
         ^
    @MainActor 
/Users/hem/Documents/opt/my-daily-sprints/FocusBloxUITests/RemindersSyncUITests.swift:129:24: warning: call to main actor-isolated instance method 'tap()' in a synchronous nonisolated context
            doneButton.tap()
                       ^
XCUIAutomation.XCUIElement.tap:2:22: note: calls to instance method 'tap()' from outside of its actor context are implicitly asynchronous
@MainActor open func tap()}
                     ^
/Users/hem/Documents/opt/my-daily-sprints/FocusBloxUITests/RemindersSyncUITests.swift:111:10: note: add '@MainActor' to make instance method 'testImportedReminderAppearsInBacklog()' part of global actor 'MainActor'
    func testImportedReminderAppearsInBacklog() throws {
         ^
    @MainActor 
/Users/hem/Documents/opt/my-daily-sprints/FocusBloxUITests/RemindersSyncUITests.swift:137:43: warning: main actor-isolated subscript 'subscript(_:)' can not be referenced from a nonisolated context
        let importedTask = app.staticTexts["Design Review #30min"]
                                          ^
XCUIAutomation.XCUIElementQuery.subscript:2:17: note: subscript declared here
@MainActor open subscript(key: String) -> XCUIElement { get }}
                ^
/Users/hem/Documents/opt/my-daily-sprints/FocusBloxUITests/RemindersSyncUITests.swift:111:10: note: add '@MainActor' to make instance method 'testImportedReminderAppearsInBacklog()' part of global actor 'MainActor'
    func testImportedReminderAppearsInBacklog() throws {
         ^
    @MainActor 
/Users/hem/Documents/opt/my-daily-sprints/FocusBloxUITests/RemindersSyncUITests.swift:137:32: warning: main actor-isolated property 'staticTexts' can not be referenced from a nonisolated context
        let importedTask = app.staticTexts["Design Review #30min"]
                               ^
/Applications/Xcode.app/Contents/Developer/Platforms/iPhoneSimulator.platform/Developer/Library/Frameworks/XCUIAutomation.framework/Headers/XCUIElementTypeQueryProvider.h:62:46: note: property declared here
@property (readonly, copy) XCUIElementQuery *staticTexts;
                                             ^
/Users/hem/Documents/opt/my-daily-sprints/FocusBloxUITests/RemindersSyncUITests.swift:111:10: note: add '@MainActor' to make instance method 'testImportedReminderAppearsInBacklog()' part of global actor 'MainActor'
    func testImportedReminderAppearsInBacklog() throws {
         ^
    @MainActor 
/Users/hem/Documents/opt/my-daily-sprints/FocusBloxUITests/RemindersSyncUITests.swift:138:36: warning: call to main actor-isolated instance method 'waitForExistence(timeout:)' in a synchronous nonisolated context
        XCTAssertTrue(importedTask.waitForExistence(timeout: 5), "Imported reminder should appear in Backlog")
                                   ^
XCUIAutomation.XCUIElement.waitForExistence:2:22: note: calls to instance method 'waitForExistence(timeout:)' from outside of its actor context are implicitly asynchronous
@MainActor open func waitForExistence(timeout: TimeInterval) -> Bool}
                     ^
/Users/hem/Documents/opt/my-daily-sprints/FocusBloxUITests/RemindersSyncUITests.swift:149:38: warning: main actor-isolated subscript 'subscript(_:)' can not be referenced from a nonisolated context
        let syncToggle = app.switches["remindersSyncToggle"]
                                     ^
XCUIAutomation.XCUIElementQuery.subscript:2:17: note: subscript declared here
@MainActor open subscript(key: String) -> XCUIElement { get }}
                ^
/Users/hem/Documents/opt/my-daily-sprints/FocusBloxUITests/RemindersSyncUITests.swift:145:10: note: add '@MainActor' to make instance method 'testImportedTaskShowsSourceIndicator()' part of global actor 'MainActor'
    func testImportedTaskShowsSourceIndicator() throws {
         ^
    @MainActor 
/Users/hem/Documents/opt/my-daily-sprints/FocusBloxUITests/RemindersSyncUITests.swift:149:30: warning: main actor-isolated property 'switches' can not be referenced from a nonisolated context
        let syncToggle = app.switches["remindersSyncToggle"]
                             ^
/Applications/Xcode.app/Contents/Developer/Platforms/iPhoneSimulator.platform/Developer/Library/Frameworks/XCUIAutomation.framework/Headers/XCUIElementTypeQueryProvider.h:54:46: note: property declared here
@property (readonly, copy) XCUIElementQuery *switches;
                                             ^
/Users/hem/Documents/opt/my-daily-sprints/FocusBloxUITests/RemindersSyncUITests.swift:145:10: note: add '@MainActor' to make instance method 'testImportedTaskShowsSourceIndicator()' part of global actor 'MainActor'
    func testImportedTaskShowsSourceIndicator() throws {
         ^
    @MainActor 
/Users/hem/Documents/opt/my-daily-sprints/FocusBloxUITests/RemindersSyncUITests.swift:150:26: warning: call to main actor-isolated instance method 'waitForExistence(timeout:)' in a synchronous nonisolated context
        guard syncToggle.waitForExistence(timeout: 5) else {
                         ^
XCUIAutomation.XCUIElement.waitForExistence:2:22: note: calls to instance method 'waitForExistence(timeout:)' from outside of its actor context are implicitly asynchronous
@MainActor open func waitForExistence(timeout: TimeInterval) -> Bool}
                     ^
/Users/hem/Documents/opt/my-daily-sprints/FocusBloxUITests/RemindersSyncUITests.swift:145:10: note: add '@MainActor' to make instance method 'testImportedTaskShowsSourceIndicator()' part of global actor 'MainActor'
    func testImportedTaskShowsSourceIndicator() throws {
         ^
    @MainActor 
/Users/hem/Documents/opt/my-daily-sprints/FocusBloxUITests/RemindersSyncUITests.swift:155:24: warning: main actor-isolated property 'value' can not be referenced from a nonisolated context
        if (syncToggle.value as? String) == "0" {
                       ^
/Applications/Xcode.app/Contents/Developer/Platforms/iPhoneSimulator.platform/Developer/Library/Frameworks/XCUIAutomation.framework/Headers/XCUIElementAttributes.h:41:35: note: property declared here
@property (readonly, nullable) id value;
                                  ^
/Users/hem/Documents/opt/my-daily-sprints/FocusBloxUITests/RemindersSyncUITests.swift:145:10: note: add '@MainActor' to make instance method 'testImportedTaskShowsSourceIndicator()' part of global actor 'MainActor'
    func testImportedTaskShowsSourceIndicator() throws {
         ^
    @MainActor 
/Users/hem/Documents/opt/my-daily-sprints/FocusBloxUITests/RemindersSyncUITests.swift:156:24: warning: call to main actor-isolated instance method 'tap()' in a synchronous nonisolated context
            syncToggle.tap()
                       ^
XCUIAutomation.XCUIElement.tap:2:22: note: calls to instance method 'tap()' from outside of its actor context are implicitly asynchronous
@MainActor open func tap()}
                     ^
/Users/hem/Documents/opt/my-daily-sprints/FocusBloxUITests/RemindersSyncUITests.swift:145:10: note: add '@MainActor' to make instance method 'testImportedTaskShowsSourceIndicator()' part of global actor 'MainActor'
    func testImportedTaskShowsSourceIndicator() throws {
         ^
    @MainActor 
/Users/hem/Documents/opt/my-daily-sprints/FocusBloxUITests/RemindersSyncUITests.swift:159:37: warning: main actor-isolated subscript 'subscript(_:)' can not be referenced from a nonisolated context
        let doneButton = app.buttons["Fertig"]
                                    ^
XCUIAutomation.XCUIElementQuery.subscript:2:17: note: subscript declared here
@MainActor open subscript(key: String) -> XCUIElement { get }}
                ^
/Users/hem/Documents/opt/my-daily-sprints/FocusBloxUITests/RemindersSyncUITests.swift:145:10: note: add '@MainActor' to make instance method 'testImportedTaskShowsSourceIndicator()' part of global actor 'MainActor'
    func testImportedTaskShowsSourceIndicator() throws {
         ^
    @MainActor 
/Users/hem/Documents/opt/my-daily-sprints/FocusBloxUITests/RemindersSyncUITests.swift:159:30: warning: main actor-isolated property 'buttons' can not be referenced from a nonisolated context
        let doneButton = app.buttons["Fertig"]
                             ^
/Applications/Xcode.app/Contents/Developer/Platforms/iPhoneSimulator.platform/Developer/Library/Frameworks/XCUIAutomation.framework/Headers/XCUIElementTypeQueryProvider.h:22:46: note: property declared here
@property (readonly, copy) XCUIElementQuery *buttons;
                                             ^
/Users/hem/Documents/opt/my-daily-sprints/FocusBloxUITests/RemindersSyncUITests.swift:145:10: note: add '@MainActor' to make instance method 'testImportedTaskShowsSourceIndicator()' part of global actor 'MainActor'
    func testImportedTaskShowsSourceIndicator() throws {
         ^
    @MainActor 
/Users/hem/Documents/opt/my-daily-sprints/FocusBloxUITests/RemindersSyncUITests.swift:160:23: warning: main actor-isolated property 'exists' can not be referenced from a nonisolated context
        if doneButton.exists {
                      ^
/Applications/Xcode.app/Contents/Developer/Platforms/iPhoneSimulator.platform/Developer/Library/Frameworks/XCUIAutomation.framework/Headers/XCUIElement.h:54:27: note: property declared here
@property (readonly) BOOL exists;
                          ^
/Users/hem/Documents/opt/my-daily-sprints/FocusBloxUITests/RemindersSyncUITests.swift:145:10: note: add '@MainActor' to make instance method 'testImportedTaskShowsSourceIndicator()' part of global actor 'MainActor'
    func testImportedTaskShowsSourceIndicator() throws {
         ^
    @MainActor 
/Users/hem/Documents/opt/my-daily-sprints/FocusBloxUITests/RemindersSyncUITests.swift:161:24: warning: call to main actor-isolated instance method 'tap()' in a synchronous nonisolated context
            doneButton.tap()
                       ^
XCUIAutomation.XCUIElement.tap:2:22: note: calls to instance method 'tap()' from outside of its actor context are implicitly asynchronous
@MainActor open func tap()}
                     ^
/Users/hem/Documents/opt/my-daily-sprints/FocusBloxUITests/RemindersSyncUITests.swift:145:10: note: add '@MainActor' to make instance method 'testImportedTaskShowsSourceIndicator()' part of global actor 'MainActor'
    func testImportedTaskShowsSourceIndicator() throws {
         ^
    @MainActor 
/Users/hem/Documents/opt/my-daily-sprints/FocusBloxUITests/RemindersSyncUITests.swift:167:41: warning: main actor-isolated subscript 'subscript(_:)' can not be referenced from a nonisolated context
        let sourceIndicator = app.images["remindersSourceIcon"]
                                        ^
XCUIAutomation.XCUIElementQuery.subscript:2:17: note: subscript declared here
@MainActor open subscript(key: String) -> XCUIElement { get }}
                ^
/Users/hem/Documents/opt/my-daily-sprints/FocusBloxUITests/RemindersSyncUITests.swift:145:10: note: add '@MainActor' to make instance method 'testImportedTaskShowsSourceIndicator()' part of global actor 'MainActor'
    func testImportedTaskShowsSourceIndicator() throws {
         ^
    @MainActor 
/Users/hem/Documents/opt/my-daily-sprints/FocusBloxUITests/RemindersSyncUITests.swift:167:35: warning: main actor-isolated property 'images' can not be referenced from a nonisolated context
        let sourceIndicator = app.images["remindersSourceIcon"]
                                  ^
/Applications/Xcode.app/Contents/Developer/Platforms/iPhoneSimulator.platform/Developer/Library/Frameworks/XCUIAutomation.framework/Headers/XCUIElementTypeQueryProvider.h:57:46: note: property declared here
@property (readonly, copy) XCUIElementQuery *images;
                                             ^
/Users/hem/Documents/opt/my-daily-sprints/FocusBloxUITests/RemindersSyncUITests.swift:145:10: note: add '@MainActor' to make instance method 'testImportedTaskShowsSourceIndicator()' part of global actor 'MainActor'
    func testImportedTaskShowsSourceIndicator() throws {
         ^
    @MainActor 
/Users/hem/Documents/opt/my-daily-sprints/FocusBloxUITests/RemindersSyncUITests.swift:168:39: warning: call to main actor-isolated instance method 'waitForExistence(timeout:)' in a synchronous nonisolated context
        XCTAssertTrue(sourceIndicator.waitForExistence(timeout: 5), "Imported task should show reminders source indicator")
                                      ^
XCUIAutomation.XCUIElement.waitForExistence:2:22: note: calls to instance method 'waitForExistence(timeout:)' from outside of its actor context are implicitly asynchronous
@MainActor open func waitForExistence(timeout: TimeInterval) -> Bool}
                     ^

SwiftDriverJobDiscovery normal arm64 Emitting module for FocusBloxUITests (in target 'FocusBloxUITests' from project 'FocusBlox')

SwiftDriver\ Compilation\ Requirements FocusBloxUITests normal arm64 com.apple.xcode.tools.swift.compiler (in target 'FocusBloxUITests' from project 'FocusBlox')
    cd /Users/hem/Documents/opt/my-daily-sprints
    builtin-Swift-Compilation-Requirements -- /Applications/Xcode.app/Contents/Developer/Toolchains/XcodeDefault.xctoolchain/usr/bin/swiftc -module-name FocusBloxUITests -Onone -enforce-exclusivity\=checked @/Users/hem/Library/Developer/Xcode/DerivedData/FocusBlox-awtxlldmubwqcwggsrfosewjcyoq/Build/Intermediates.noindex/FocusBlox.build/Debug-iphonesimulator/FocusBloxUITests.build/Objects-normal/arm64/FocusBloxUITests.SwiftFileList -DDEBUG -module-alias Testing\=_Testing_Unavailable -plugin-path /Applications/Xcode.app/Contents/Developer/Toolchains/XcodeDefault.xctoolchain/usr/lib/swift/host/plugins/testing -enable-experimental-feature DebugDescriptionMacro -sdk /Applications/Xcode.app/Contents/Developer/Platforms/iPhoneSimulator.platform/Developer/SDKs/iPhoneSimulator26.2.sdk -target arm64-apple-ios26.2-simulator -g -module-cache-path /Users/hem/Library/Developer/Xcode/DerivedData/ModuleCache.noindex -Xfrontend -serialize-debugging-options -profile-coverage-mapping -profile-generate -enable-testing -index-store-path /Users/hem/Library/Developer/Xcode/DerivedData/FocusBlox-awtxlldmubwqcwggsrfosewjcyoq/Index.noindex/DataStore -Xcc -D_LIBCPP_HARDENING_MODE\=_LIBCPP_HARDENING_MODE_DEBUG -swift-version 6 -I /Users/hem/Library/Developer/Xcode/DerivedData/FocusBlox-awtxlldmubwqcwggsrfosewjcyoq/Build/Products/Debug-iphonesimulator -Isystem /Applications/Xcode.app/Contents/Developer/Platforms/iPhoneSimulator.platform/Developer/usr/lib -F /Users/hem/Library/Developer/Xcode/DerivedData/FocusBlox-awtxlldmubwqcwggsrfosewjcyoq/Build/Products/Debug-iphonesimulator -F /Applications/Xcode.app/Contents/Developer/Platforms/iPhoneSimulator.platform/Developer/Library/Frameworks -F /Applications/Xcode.app/Contents/Developer/Platforms/iPhoneSimulator.platform/Developer/SDKs/iPhoneSimulator26.2.sdk/Developer/Library/Frameworks -c -j10 -enable-batch-mode -incremental -Xcc -ivfsstatcache -Xcc /Users/hem/Library/Developer/Xcode/DerivedData/SDKStatCaches.noindex/iphonesimulator26.2-23C53-7d00a8b37fbd7999ea79df8ebc024bf0.sdkstatcache -output-file-map /Users/hem/Library/Developer/Xcode/DerivedData/FocusBlox-awtxlldmubwqcwggsrfosewjcyoq/Build/Intermediates.noindex/FocusBlox.build/Debug-iphonesimulator/FocusBloxUITests.build/Objects-normal/arm64/FocusBloxUITests-OutputFileMap.json -use-frontend-parseable-output -save-temps -no-color-diagnostics -explicit-module-build -module-cache-path /Users/hem/Library/Developer/Xcode/DerivedData/FocusBlox-awtxlldmubwqcwggsrfosewjcyoq/Build/Intermediates.noindex/SwiftExplicitPrecompiledModules -clang-scanner-module-cache-path /Users/hem/Library/Developer/Xcode/DerivedData/ModuleCache.noindex -sdk-module-cache-path /Users/hem/Library/Developer/Xcode/DerivedData/ModuleCache.noindex -serialize-diagnostics -emit-dependencies -emit-module -emit-module-path /Users/hem/Library/Developer/Xcode/DerivedData/FocusBlox-awtxlldmubwqcwggsrfosewjcyoq/Build/Intermediates.noindex/FocusBlox.build/Debug-iphonesimulator/FocusBloxUITests.build/Objects-normal/arm64/FocusBloxUITests.swiftmodule -validate-clang-modules-once -clang-build-session-file /Users/hem/Library/Developer/Xcode/DerivedData/ModuleCache.noindex/Session.modulevalidation -Xcc -I/Users/hem/Library/Developer/Xcode/DerivedData/FocusBlox-awtxlldmubwqcwggsrfosewjcyoq/Build/Intermediates.noindex/FocusBlox.build/Debug-iphonesimulator/FocusBloxUITests.build/swift-overrides.hmap -emit-const-values -Xfrontend -const-gather-protocols-file -Xfrontend /Users/hem/Library/Developer/Xcode/DerivedData/FocusBlox-awtxlldmubwqcwggsrfosewjcyoq/Build/Intermediates.noindex/FocusBlox.build/Debug-iphonesimulator/FocusBloxUITests.build/Objects-normal/arm64/FocusBloxUITests_const_extract_protocols.json -Xcc -iquote -Xcc /Users/hem/Library/Developer/Xcode/DerivedData/FocusBlox-awtxlldmubwqcwggsrfosewjcyoq/Build/Intermediates.noindex/FocusBlox.build/Debug-iphonesimulator/FocusBloxUITests.build/FocusBloxUITests-generated-files.hmap -Xcc -I/Users/hem/Library/Developer/Xcode/DerivedData/FocusBlox-awtxlldmubwqcwggsrfosewjcyoq/Build/Intermediates.noindex/FocusBlox.build/Debug-iphonesimulator/FocusBloxUITests.build/FocusBloxUITests-own-target-headers.hmap -Xcc -I/Users/hem/Library/Developer/Xcode/DerivedData/FocusBlox-awtxlldmubwqcwggsrfosewjcyoq/Build/Intermediates.noindex/FocusBlox.build/Debug-iphonesimulator/FocusBloxUITests.build/FocusBloxUITests-all-target-headers.hmap -Xcc -iquote -Xcc /Users/hem/Library/Developer/Xcode/DerivedData/FocusBlox-awtxlldmubwqcwggsrfosewjcyoq/Build/Intermediates.noindex/FocusBlox.build/Debug-iphonesimulator/FocusBloxUITests.build/FocusBloxUITests-project-headers.hmap -Xcc -I/Users/hem/Library/Developer/Xcode/DerivedData/FocusBlox-awtxlldmubwqcwggsrfosewjcyoq/Build/Products/Debug-iphonesimulator/include -Xcc -I/Users/hem/Library/Developer/Xcode/DerivedData/FocusBlox-awtxlldmubwqcwggsrfosewjcyoq/Build/Intermediates.noindex/FocusBlox.build/Debug-iphonesimulator/FocusBloxUITests.build/DerivedSources-normal/arm64 -Xcc -I/Users/hem/Library/Developer/Xcode/DerivedData/FocusBlox-awtxlldmubwqcwggsrfosewjcyoq/Build/Intermediates.noindex/FocusBlox.build/Debug-iphonesimulator/FocusBloxUITests.build/DerivedSources/arm64 -Xcc -I/Users/hem/Library/Developer/Xcode/DerivedData/FocusBlox-awtxlldmubwqcwggsrfosewjcyoq/Build/Intermediates.noindex/FocusBlox.build/Debug-iphonesimulator/FocusBloxUITests.build/DerivedSources -Xcc -DDEBUG\=1 -emit-objc-header -emit-objc-header-path /Users/hem/Library/Developer/Xcode/DerivedData/FocusBlox-awtxlldmubwqcwggsrfosewjcyoq/Build/Intermediates.noindex/FocusBlox.build/Debug-iphonesimulator/FocusBloxUITests.build/Objects-normal/arm64/FocusBloxUITests-Swift.h -working-directory /Users/hem/Documents/opt/my-daily-sprints -experimental-emit-module-separately -disable-cmo

Copy /Users/hem/Library/Developer/Xcode/DerivedData/FocusBlox-awtxlldmubwqcwggsrfosewjcyoq/Build/Products/Debug-iphonesimulator/FocusBloxUITests.swiftmodule/arm64-apple-ios-simulator.swiftdoc /Users/hem/Library/Developer/Xcode/DerivedData/FocusBlox-awtxlldmubwqcwggsrfosewjcyoq/Build/Intermediates.noindex/FocusBlox.build/Debug-iphonesimulator/FocusBloxUITests.build/Objects-normal/arm64/FocusBloxUITests.swiftdoc (in target 'FocusBloxUITests' from project 'FocusBlox')
    cd /Users/hem/Documents/opt/my-daily-sprints
    builtin-copy -exclude .DS_Store -exclude CVS -exclude .svn -exclude .git -exclude .hg -resolve-src-symlinks -rename /Users/hem/Library/Developer/Xcode/DerivedData/FocusBlox-awtxlldmubwqcwggsrfosewjcyoq/Build/Intermediates.noindex/FocusBlox.build/Debug-iphonesimulator/FocusBloxUITests.build/Objects-normal/arm64/FocusBloxUITests.swiftdoc /Users/hem/Library/Developer/Xcode/DerivedData/FocusBlox-awtxlldmubwqcwggsrfosewjcyoq/Build/Products/Debug-iphonesimulator/FocusBloxUITests.swiftmodule/arm64-apple-ios-simulator.swiftdoc

Copy /Users/hem/Library/Developer/Xcode/DerivedData/FocusBlox-awtxlldmubwqcwggsrfosewjcyoq/Build/Products/Debug-iphonesimulator/FocusBloxUITests.swiftmodule/arm64-apple-ios-simulator.swiftmodule /Users/hem/Library/Developer/Xcode/DerivedData/FocusBlox-awtxlldmubwqcwggsrfosewjcyoq/Build/Intermediates.noindex/FocusBlox.build/Debug-iphonesimulator/FocusBloxUITests.build/Objects-normal/arm64/FocusBloxUITests.swiftmodule (in target 'FocusBloxUITests' from project 'FocusBlox')
    cd /Users/hem/Documents/opt/my-daily-sprints
    builtin-copy -exclude .DS_Store -exclude CVS -exclude .svn -exclude .git -exclude .hg -resolve-src-symlinks -rename /Users/hem/Library/Developer/Xcode/DerivedData/FocusBlox-awtxlldmubwqcwggsrfosewjcyoq/Build/Intermediates.noindex/FocusBlox.build/Debug-iphonesimulator/FocusBloxUITests.build/Objects-normal/arm64/FocusBloxUITests.swiftmodule /Users/hem/Library/Developer/Xcode/DerivedData/FocusBlox-awtxlldmubwqcwggsrfosewjcyoq/Build/Products/Debug-iphonesimulator/FocusBloxUITests.swiftmodule/arm64-apple-ios-simulator.swiftmodule

Copy /Users/hem/Library/Developer/Xcode/DerivedData/FocusBlox-awtxlldmubwqcwggsrfosewjcyoq/Build/Products/Debug-iphonesimulator/FocusBloxUITests.swiftmodule/arm64-apple-ios-simulator.abi.json /Users/hem/Library/Developer/Xcode/DerivedData/FocusBlox-awtxlldmubwqcwggsrfosewjcyoq/Build/Intermediates.noindex/FocusBlox.build/Debug-iphonesimulator/FocusBloxUITests.build/Objects-normal/arm64/FocusBloxUITests.abi.json (in target 'FocusBloxUITests' from project 'FocusBlox')
    cd /Users/hem/Documents/opt/my-daily-sprints
    builtin-copy -exclude .DS_Store -exclude CVS -exclude .svn -exclude .git -exclude .hg -resolve-src-symlinks -rename /Users/hem/Library/Developer/Xcode/DerivedData/FocusBlox-awtxlldmubwqcwggsrfosewjcyoq/Build/Intermediates.noindex/FocusBlox.build/Debug-iphonesimulator/FocusBloxUITests.build/Objects-normal/arm64/FocusBloxUITests.abi.json /Users/hem/Library/Developer/Xcode/DerivedData/FocusBlox-awtxlldmubwqcwggsrfosewjcyoq/Build/Products/Debug-iphonesimulator/FocusBloxUITests.swiftmodule/arm64-apple-ios-simulator.abi.json

Copy /Users/hem/Library/Developer/Xcode/DerivedData/FocusBlox-awtxlldmubwqcwggsrfosewjcyoq/Build/Products/Debug-iphonesimulator/FocusBloxUITests.swiftmodule/Project/arm64-apple-ios-simulator.swiftsourceinfo /Users/hem/Library/Developer/Xcode/DerivedData/FocusBlox-awtxlldmubwqcwggsrfosewjcyoq/Build/Intermediates.noindex/FocusBlox.build/Debug-iphonesimulator/FocusBloxUITests.build/Objects-normal/arm64/FocusBloxUITests.swiftsourceinfo (in target 'FocusBloxUITests' from project 'FocusBlox')
    cd /Users/hem/Documents/opt/my-daily-sprints
    builtin-copy -exclude .DS_Store -exclude CVS -exclude .svn -exclude .git -exclude .hg -resolve-src-symlinks -rename /Users/hem/Library/Developer/Xcode/DerivedData/FocusBlox-awtxlldmubwqcwggsrfosewjcyoq/Build/Intermediates.noindex/FocusBlox.build/Debug-iphonesimulator/FocusBloxUITests.build/Objects-normal/arm64/FocusBloxUITests.swiftsourceinfo /Users/hem/Library/Developer/Xcode/DerivedData/FocusBlox-awtxlldmubwqcwggsrfosewjcyoq/Build/Products/Debug-iphonesimulator/FocusBloxUITests.swiftmodule/Project/arm64-apple-ios-simulator.swiftsourceinfo

SwiftDriverJobDiscovery normal arm64 Compiling RemindersSyncUITests.swift (in target 'FocusBloxUITests' from project 'FocusBlox')

SwiftDriver\ Compilation FocusBloxUITests normal arm64 com.apple.xcode.tools.swift.compiler (in target 'FocusBloxUITests' from project 'FocusBlox')
    cd /Users/hem/Documents/opt/my-daily-sprints
    builtin-Swift-Compilation -- /Applications/Xcode.app/Contents/Developer/Toolchains/XcodeDefault.xctoolchain/usr/bin/swiftc -module-name FocusBloxUITests -Onone -enforce-exclusivity\=checked @/Users/hem/Library/Developer/Xcode/DerivedData/FocusBlox-awtxlldmubwqcwggsrfosewjcyoq/Build/Intermediates.noindex/FocusBlox.build/Debug-iphonesimulator/FocusBloxUITests.build/Objects-normal/arm64/FocusBloxUITests.SwiftFileList -DDEBUG -module-alias Testing\=_Testing_Unavailable -plugin-path /Applications/Xcode.app/Contents/Developer/Toolchains/XcodeDefault.xctoolchain/usr/lib/swift/host/plugins/testing -enable-experimental-feature DebugDescriptionMacro -sdk /Applications/Xcode.app/Contents/Developer/Platforms/iPhoneSimulator.platform/Developer/SDKs/iPhoneSimulator26.2.sdk -target arm64-apple-ios26.2-simulator -g -module-cache-path /Users/hem/Library/Developer/Xcode/DerivedData/ModuleCache.noindex -Xfrontend -serialize-debugging-options -profile-coverage-mapping -profile-generate -enable-testing -index-store-path /Users/hem/Library/Developer/Xcode/DerivedData/FocusBlox-awtxlldmubwqcwggsrfosewjcyoq/Index.noindex/DataStore -Xcc -D_LIBCPP_HARDENING_MODE\=_LIBCPP_HARDENING_MODE_DEBUG -swift-version 6 -I /Users/hem/Library/Developer/Xcode/DerivedData/FocusBlox-awtxlldmubwqcwggsrfosewjcyoq/Build/Products/Debug-iphonesimulator -Isystem /Applications/Xcode.app/Contents/Developer/Platforms/iPhoneSimulator.platform/Developer/usr/lib -F /Users/hem/Library/Developer/Xcode/DerivedData/FocusBlox-awtxlldmubwqcwggsrfosewjcyoq/Build/Products/Debug-iphonesimulator -F /Applications/Xcode.app/Contents/Developer/Platforms/iPhoneSimulator.platform/Developer/Library/Frameworks -F /Applications/Xcode.app/Contents/Developer/Platforms/iPhoneSimulator.platform/Developer/SDKs/iPhoneSimulator26.2.sdk/Developer/Library/Frameworks -c -j10 -enable-batch-mode -incremental -Xcc -ivfsstatcache -Xcc /Users/hem/Library/Developer/Xcode/DerivedData/SDKStatCaches.noindex/iphonesimulator26.2-23C53-7d00a8b37fbd7999ea79df8ebc024bf0.sdkstatcache -output-file-map /Users/hem/Library/Developer/Xcode/DerivedData/FocusBlox-awtxlldmubwqcwggsrfosewjcyoq/Build/Intermediates.noindex/FocusBlox.build/Debug-iphonesimulator/FocusBloxUITests.build/Objects-normal/arm64/FocusBloxUITests-OutputFileMap.json -use-frontend-parseable-output -save-temps -no-color-diagnostics -explicit-module-build -module-cache-path /Users/hem/Library/Developer/Xcode/DerivedData/FocusBlox-awtxlldmubwqcwggsrfosewjcyoq/Build/Intermediates.noindex/SwiftExplicitPrecompiledModules -clang-scanner-module-cache-path /Users/hem/Library/Developer/Xcode/DerivedData/ModuleCache.noindex -sdk-module-cache-path /Users/hem/Library/Developer/Xcode/DerivedData/ModuleCache.noindex -serialize-diagnostics -emit-dependencies -emit-module -emit-module-path /Users/hem/Library/Developer/Xcode/DerivedData/FocusBlox-awtxlldmubwqcwggsrfosewjcyoq/Build/Intermediates.noindex/FocusBlox.build/Debug-iphonesimulator/FocusBloxUITests.build/Objects-normal/arm64/FocusBloxUITests.swiftmodule -validate-clang-modules-once -clang-build-session-file /Users/hem/Library/Developer/Xcode/DerivedData/ModuleCache.noindex/Session.modulevalidation -Xcc -I/Users/hem/Library/Developer/Xcode/DerivedData/FocusBlox-awtxlldmubwqcwggsrfosewjcyoq/Build/Intermediates.noindex/FocusBlox.build/Debug-iphonesimulator/FocusBloxUITests.build/swift-overrides.hmap -emit-const-values -Xfrontend -const-gather-protocols-file -Xfrontend /Users/hem/Library/Developer/Xcode/DerivedData/FocusBlox-awtxlldmubwqcwggsrfosewjcyoq/Build/Intermediates.noindex/FocusBlox.build/Debug-iphonesimulator/FocusBloxUITests.build/Objects-normal/arm64/FocusBloxUITests_const_extract_protocols.json -Xcc -iquote -Xcc /Users/hem/Library/Developer/Xcode/DerivedData/FocusBlox-awtxlldmubwqcwggsrfosewjcyoq/Build/Intermediates.noindex/FocusBlox.build/Debug-iphonesimulator/FocusBloxUITests.build/FocusBloxUITests-generated-files.hmap -Xcc -I/Users/hem/Library/Developer/Xcode/DerivedData/FocusBlox-awtxlldmubwqcwggsrfosewjcyoq/Build/Intermediates.noindex/FocusBlox.build/Debug-iphonesimulator/FocusBloxUITests.build/FocusBloxUITests-own-target-headers.hmap -Xcc -I/Users/hem/Library/Developer/Xcode/DerivedData/FocusBlox-awtxlldmubwqcwggsrfosewjcyoq/Build/Intermediates.noindex/FocusBlox.build/Debug-iphonesimulator/FocusBloxUITests.build/FocusBloxUITests-all-target-headers.hmap -Xcc -iquote -Xcc /Users/hem/Library/Developer/Xcode/DerivedData/FocusBlox-awtxlldmubwqcwggsrfosewjcyoq/Build/Intermediates.noindex/FocusBlox.build/Debug-iphonesimulator/FocusBloxUITests.build/FocusBloxUITests-project-headers.hmap -Xcc -I/Users/hem/Library/Developer/Xcode/DerivedData/FocusBlox-awtxlldmubwqcwggsrfosewjcyoq/Build/Products/Debug-iphonesimulator/include -Xcc -I/Users/hem/Library/Developer/Xcode/DerivedData/FocusBlox-awtxlldmubwqcwggsrfosewjcyoq/Build/Intermediates.noindex/FocusBlox.build/Debug-iphonesimulator/FocusBloxUITests.build/DerivedSources-normal/arm64 -Xcc -I/Users/hem/Library/Developer/Xcode/DerivedData/FocusBlox-awtxlldmubwqcwggsrfosewjcyoq/Build/Intermediates.noindex/FocusBlox.build/Debug-iphonesimulator/FocusBloxUITests.build/DerivedSources/arm64 -Xcc -I/Users/hem/Library/Developer/Xcode/DerivedData/FocusBlox-awtxlldmubwqcwggsrfosewjcyoq/Build/Intermediates.noindex/FocusBlox.build/Debug-iphonesimulator/FocusBloxUITests.build/DerivedSources -Xcc -DDEBUG\=1 -emit-objc-header -emit-objc-header-path /Users/hem/Library/Developer/Xcode/DerivedData/FocusBlox-awtxlldmubwqcwggsrfosewjcyoq/Build/Intermediates.noindex/FocusBlox.build/Debug-iphonesimulator/FocusBloxUITests.build/Objects-normal/arm64/FocusBloxUITests-Swift.h -working-directory /Users/hem/Documents/opt/my-daily-sprints -experimental-emit-module-separately -disable-cmo

Ld /Users/hem/Library/Developer/Xcode/DerivedData/FocusBlox-awtxlldmubwqcwggsrfosewjcyoq/Build/Products/Debug-iphonesimulator/FocusBloxUITests-Runner.app/PlugIns/FocusBloxUITests.xctest/FocusBloxUITests normal (in target 'FocusBloxUITests' from project 'FocusBlox')
    cd /Users/hem/Documents/opt/my-daily-sprints
    /Applications/Xcode.app/Contents/Developer/Toolchains/XcodeDefault.xctoolchain/usr/bin/clang -Xlinker -reproducible -target arm64-apple-ios26.2-simulator -bundle -isysroot /Applications/Xcode.app/Contents/Developer/Platforms/iPhoneSimulator.platform/Developer/SDKs/iPhoneSimulator26.2.sdk -O0 -L/Users/hem/Library/Developer/Xcode/DerivedData/FocusBlox-awtxlldmubwqcwggsrfosewjcyoq/Build/Intermediates.noindex/EagerLinkingTBDs/Debug-iphonesimulator -L/Users/hem/Library/Developer/Xcode/DerivedData/FocusBlox-awtxlldmubwqcwggsrfosewjcyoq/Build/Products/Debug-iphonesimulator -L/Applications/Xcode.app/Contents/Developer/Platforms/iPhoneSimulator.platform/Developer/usr/lib -F/Users/hem/Library/Developer/Xcode/DerivedData/FocusBlox-awtxlldmubwqcwggsrfosewjcyoq/Build/Intermediates.noindex/EagerLinkingTBDs/Debug-iphonesimulator -F/Users/hem/Library/Developer/Xcode/DerivedData/FocusBlox-awtxlldmubwqcwggsrfosewjcyoq/Build/Products/Debug-iphonesimulator -iframework /Applications/Xcode.app/Contents/Developer/Platforms/iPhoneSimulator.platform/Developer/Library/Frameworks -iframework /Applications/Xcode.app/Contents/Developer/Platforms/iPhoneSimulator.platform/Developer/SDKs/iPhoneSimulator26.2.sdk/Developer/Library/Frameworks -filelist /Users/hem/Library/Developer/Xcode/DerivedData/FocusBlox-awtxlldmubwqcwggsrfosewjcyoq/Build/Intermediates.noindex/FocusBlox.build/Debug-iphonesimulator/FocusBloxUITests.build/Objects-normal/arm64/FocusBloxUITests.LinkFileList -Xlinker -rpath -Xlinker @loader_path/Frameworks -Xlinker -rpath -Xlinker @executable_path/Frameworks -dead_strip -Xlinker -object_path_lto -Xlinker /Users/hem/Library/Developer/Xcode/DerivedData/FocusBlox-awtxlldmubwqcwggsrfosewjcyoq/Build/Intermediates.noindex/FocusBlox.build/Debug-iphonesimulator/FocusBloxUITests.build/Objects-normal/arm64/FocusBloxUITests_lto.o -rdynamic -Xlinker -no_deduplicate -Xlinker -objc_abi_version -Xlinker 2 -Xlinker -debug_variant -Xlinker -dependency_info -Xlinker /Users/hem/Library/Developer/Xcode/DerivedData/FocusBlox-awtxlldmubwqcwggsrfosewjcyoq/Build/Intermediates.noindex/FocusBlox.build/Debug-iphonesimulator/FocusBloxUITests.build/Objects-normal/arm64/FocusBloxUITests_dependency_info.dat -fobjc-link-runtime -fprofile-instr-generate -L/Applications/Xcode.app/Contents/Developer/Toolchains/XcodeDefault.xctoolchain/usr/lib/swift/iphonesimulator -L/usr/lib/swift -Xlinker -add_ast_path -Xlinker /Users/hem/Library/Developer/Xcode/DerivedData/FocusBlox-awtxlldmubwqcwggsrfosewjcyoq/Build/Intermediates.noindex/FocusBlox.build/Debug-iphonesimulator/FocusBloxUITests.build/Objects-normal/arm64/FocusBloxUITests.swiftmodule @/Users/hem/Library/Developer/Xcode/DerivedData/FocusBlox-awtxlldmubwqcwggsrfosewjcyoq/Build/Intermediates.noindex/FocusBlox.build/Debug-iphonesimulator/FocusBloxUITests.build/Objects-normal/arm64/FocusBloxUITests-linker-args.resp -Xlinker -needed_framework -Xlinker XCTest -framework XCTest -Xlinker -needed-lXCTestSwiftSupport -lXCTestSwiftSupport -Xlinker -sectcreate -Xlinker __TEXT -Xlinker __entitlements -Xlinker /Users/hem/Library/Developer/Xcode/DerivedData/FocusBlox-awtxlldmubwqcwggsrfosewjcyoq/Build/Intermediates.noindex/FocusBlox.build/Debug-iphonesimulator/FocusBloxUITests.build/FocusBloxUITests.xctest-Simulated.xcent -Xlinker -sectcreate -Xlinker __TEXT -Xlinker __ents_der -Xlinker /Users/hem/Library/Developer/Xcode/DerivedData/FocusBlox-awtxlldmubwqcwggsrfosewjcyoq/Build/Intermediates.noindex/FocusBlox.build/Debug-iphonesimulator/FocusBloxUITests.build/FocusBloxUITests.xctest-Simulated.xcent.der -Xlinker -no_adhoc_codesign -o /Users/hem/Library/Developer/Xcode/DerivedData/FocusBlox-awtxlldmubwqcwggsrfosewjcyoq/Build/Products/Debug-iphonesimulator/FocusBloxUITests-Runner.app/PlugIns/FocusBloxUITests.xctest/FocusBloxUITests

CopySwiftLibs /Users/hem/Library/Developer/Xcode/DerivedData/FocusBlox-awtxlldmubwqcwggsrfosewjcyoq/Build/Products/Debug-iphonesimulator/FocusBloxUITests-Runner.app/PlugIns/FocusBloxUITests.xctest (in target 'FocusBloxUITests' from project 'FocusBlox')
    cd /Users/hem/Documents/opt/my-daily-sprints
    builtin-swiftStdLibTool --copy --verbose --sign - --scan-executable /Users/hem/Library/Developer/Xcode/DerivedData/FocusBlox-awtxlldmubwqcwggsrfosewjcyoq/Build/Products/Debug-iphonesimulator/FocusBloxUITests-Runner.app/PlugIns/FocusBloxUITests.xctest/FocusBloxUITests --scan-folder /Users/hem/Library/Developer/Xcode/DerivedData/FocusBlox-awtxlldmubwqcwggsrfosewjcyoq/Build/Products/Debug-iphonesimulator/FocusBloxUITests-Runner.app/PlugIns/FocusBloxUITests.xctest/Frameworks --scan-folder /Users/hem/Library/Developer/Xcode/DerivedData/FocusBlox-awtxlldmubwqcwggsrfosewjcyoq/Build/Products/Debug-iphonesimulator/FocusBloxUITests-Runner.app/PlugIns/FocusBloxUITests.xctest/PlugIns --scan-folder /Users/hem/Library/Developer/Xcode/DerivedData/FocusBlox-awtxlldmubwqcwggsrfosewjcyoq/Build/Products/Debug-iphonesimulator/FocusBloxUITests-Runner.app/PlugIns/FocusBloxUITests.xctest/SystemExtensions --scan-folder /Users/hem/Library/Developer/Xcode/DerivedData/FocusBlox-awtxlldmubwqcwggsrfosewjcyoq/Build/Products/Debug-iphonesimulator/FocusBloxUITests-Runner.app/PlugIns/FocusBloxUITests.xctest/Extensions --platform iphonesimulator --toolchain /Applications/Xcode.app/Contents/Developer/Toolchains/XcodeDefault.xctoolchain --destination /Users/hem/Library/Developer/Xcode/DerivedData/FocusBlox-awtxlldmubwqcwggsrfosewjcyoq/Build/Products/Debug-iphonesimulator/FocusBloxUITests-Runner.app/PlugIns/FocusBloxUITests.xctest/Frameworks --strip-bitcode --scan-executable /Applications/Xcode.app/Contents/Developer/Platforms/iPhoneSimulator.platform/Developer/usr/lib/libXCTestSwiftSupport.dylib --strip-bitcode-tool /Applications/Xcode.app/Contents/Developer/Toolchains/XcodeDefault.xctoolchain/usr/bin/bitcode_strip --emit-dependency-info /Users/hem/Library/Developer/Xcode/DerivedData/FocusBlox-awtxlldmubwqcwggsrfosewjcyoq/Build/Intermediates.noindex/FocusBlox.build/Debug-iphonesimulator/FocusBloxUITests.build/SwiftStdLibToolInputDependencies.dep --filter-for-swift-os

ExtractAppIntentsMetadata (in target 'FocusBloxUITests' from project 'FocusBlox')
    cd /Users/hem/Documents/opt/my-daily-sprints
    /Applications/Xcode.app/Contents/Developer/Toolchains/XcodeDefault.xctoolchain/usr/bin/appintentsmetadataprocessor --toolchain-dir /Applications/Xcode.app/Contents/Developer/Toolchains/XcodeDefault.xctoolchain --module-name FocusBloxUITests --sdk-root /Applications/Xcode.app/Contents/Developer/Platforms/iPhoneSimulator.platform/Developer/SDKs/iPhoneSimulator26.2.sdk --xcode-version 17C52 --platform-family iOS --deployment-target 26.2 --bundle-identifier com.henning.timebox.uitests --output /Users/hem/Library/Developer/Xcode/DerivedData/FocusBlox-awtxlldmubwqcwggsrfosewjcyoq/Build/Products/Debug-iphonesimulator/FocusBloxUITests-Runner.app/PlugIns/FocusBloxUITests.xctest --target-triple arm64-apple-ios26.2-simulator --binary-file /Users/hem/Library/Developer/Xcode/DerivedData/FocusBlox-awtxlldmubwqcwggsrfosewjcyoq/Build/Products/Debug-iphonesimulator/FocusBloxUITests-Runner.app/PlugIns/FocusBloxUITests.xctest/FocusBloxUITests --dependency-file /Users/hem/Library/Developer/Xcode/DerivedData/FocusBlox-awtxlldmubwqcwggsrfosewjcyoq/Build/Intermediates.noindex/FocusBlox.build/Debug-iphonesimulator/FocusBloxUITests.build/Objects-normal/arm64/FocusBloxUITests_dependency_info.dat --stringsdata-file /Users/hem/Library/Developer/Xcode/DerivedData/FocusBlox-awtxlldmubwqcwggsrfosewjcyoq/Build/Intermediates.noindex/FocusBlox.build/Debug-iphonesimulator/FocusBloxUITests.build/Objects-normal/arm64/ExtractedAppShortcutsMetadata.stringsdata --source-file-list /Users/hem/Library/Developer/Xcode/DerivedData/FocusBlox-awtxlldmubwqcwggsrfosewjcyoq/Build/Intermediates.noindex/FocusBlox.build/Debug-iphonesimulator/FocusBloxUITests.build/Objects-normal/arm64/FocusBloxUITests.SwiftFileList --metadata-file-list /Users/hem/Library/Developer/Xcode/DerivedData/FocusBlox-awtxlldmubwqcwggsrfosewjcyoq/Build/Intermediates.noindex/FocusBlox.build/Debug-iphonesimulator/FocusBloxUITests.build/FocusBloxUITests.DependencyMetadataFileList --static-metadata-file-list /Users/hem/Library/Developer/Xcode/DerivedData/FocusBlox-awtxlldmubwqcwggsrfosewjcyoq/Build/Intermediates.noindex/FocusBlox.build/Debug-iphonesimulator/FocusBloxUITests.build/FocusBloxUITests.DependencyStaticMetadataFileList --swift-const-vals-list /Users/hem/Library/Developer/Xcode/DerivedData/FocusBlox-awtxlldmubwqcwggsrfosewjcyoq/Build/Intermediates.noindex/FocusBlox.build/Debug-iphonesimulator/FocusBloxUITests.build/Objects-normal/arm64/FocusBloxUITests.SwiftConstValuesFileList --compile-time-extraction --deployment-aware-processing --validate-assistant-intents --no-app-shortcuts-localization
2026-01-23 21:32:02.157 appintentsmetadataprocessor[49431:30147244] Starting appintentsmetadataprocessor export
2026-01-23 21:32:02.160 appintentsmetadataprocessor[49431:30147244] warning: Metadata extraction skipped. No AppIntents.framework dependency found.

CodeSign /Users/hem/Library/Developer/Xcode/DerivedData/FocusBlox-awtxlldmubwqcwggsrfosewjcyoq/Build/Products/Debug-iphonesimulator/FocusBloxUITests-Runner.app/PlugIns/FocusBloxUITests.xctest (in target 'FocusBloxUITests' from project 'FocusBlox')
    cd /Users/hem/Documents/opt/my-daily-sprints
    
    Signing Identity:     "Sign to Run Locally"
    
    /usr/bin/codesign --force --sign - --timestamp\=none --generate-entitlement-der /Users/hem/Library/Developer/Xcode/DerivedData/FocusBlox-awtxlldmubwqcwggsrfosewjcyoq/Build/Products/Debug-iphonesimulator/FocusBloxUITests-Runner.app/PlugIns/FocusBloxUITests.xctest

CodeSign /Users/hem/Library/Developer/Xcode/DerivedData/FocusBlox-awtxlldmubwqcwggsrfosewjcyoq/Build/Products/Debug-iphonesimulator/FocusBloxUITests-Runner.app (in target 'FocusBloxUITests' from project 'FocusBlox')
    cd /Users/hem/Documents/opt/my-daily-sprints
    
    Signing Identity:     "Sign to Run Locally"
    
    /usr/bin/codesign --force --sign - --timestamp\=none --generate-entitlement-der /Users/hem/Library/Developer/Xcode/DerivedData/FocusBlox-awtxlldmubwqcwggsrfosewjcyoq/Build/Products/Debug-iphonesimulator/FocusBloxUITests-Runner.app
/Users/hem/Library/Developer/Xcode/DerivedData/FocusBlox-awtxlldmubwqcwggsrfosewjcyoq/Build/Products/Debug-iphonesimulator/FocusBloxUITests-Runner.app: replacing existing signature

2026-01-23 21:32:26.215541+0100 FocusBloxUITests-Runner[49710:30150028] [Default] Running tests...
    t =      nans Interface orientation changed to Portrait
Test Suite 'Selected tests' started at 2026-01-23 21:32:31.833.
Test Suite 'FocusBloxUITests.xctest' started at 2026-01-23 21:32:31.834.
Test Suite 'RemindersSyncUITests' started at 2026-01-23 21:32:31.835.
Test Case '-[FocusBloxUITests.RemindersSyncUITests testAppleRemindersSectionExists]' started.
    t =     0.00s Start Test at 2026-01-23 21:32:31.836
    t =     0.51s Set Up
    t =     0.52s     Open com.henning.timebox
    t =     0.52s         Launch com.henning.timebox
    t =     4.44s             Setting up automation session
    t =     5.84s             Wait for com.henning.timebox to idle
    t =     8.15s Waiting 5.0s for "settingsButton" Button to exist
    t =     9.18s     Checking `Expect predicate `existsNoRetry == 1` for object "settingsButton" Button`
    t =     9.19s         Checking existence of `"settingsButton" Button`
    t =     9.40s Tap "settingsButton" Button
    t =     9.40s     Wait for com.henning.timebox to idle
    t =     9.40s     Find the "settingsButton" Button
    t =     9.44s     Check for interrupting elements affecting "settingsButton" Button
    t =     9.59s     Synthesize event
    t =    10.03s     Wait for com.henning.timebox to idle
    t =    11.00s Waiting 5.0s for "Apple Erinnerungen" StaticText to exist
    t =    12.03s     Checking `Expect predicate `existsNoRetry == 1` for object "Apple Erinnerungen" StaticText`
    t =    12.03s         Checking existence of `"Apple Erinnerungen" StaticText`
    t =    12.17s         Capturing element debug description
    t =    13.10s     Checking `Expect predicate `existsNoRetry == 1` for object "Apple Erinnerungen" StaticText`
    t =    13.10s         Checking existence of `"Apple Erinnerungen" StaticText`
    t =    13.18s         Capturing element debug description
    t =    14.01s     Checking `Expect predicate `existsNoRetry == 1` for object "Apple Erinnerungen" StaticText`
    t =    14.01s         Checking existence of `"Apple Erinnerungen" StaticText`
    t =    14.07s         Capturing element debug description
    t =    15.00s     Checking `Expect predicate `existsNoRetry == 1` for object "Apple Erinnerungen" StaticText`
    t =    15.03s         Checking existence of `"Apple Erinnerungen" StaticText`
    t =    15.12s         Capturing element debug description
    t =    16.01s     Checking `Expect predicate `existsNoRetry == 1` for object "Apple Erinnerungen" StaticText`
    t =    16.01s         Checking existence of `"Apple Erinnerungen" StaticText`
    t =    16.08s         Capturing element debug description
    t =    16.09s     Checking existence of `"Apple Erinnerungen" StaticText`
    t =    16.14s Collecting debug information to assist test failure triage
    t =    16.14s     Requesting snapshot of accessibility hierarchy for app with pid 49771
/Users/hem/Documents/opt/my-daily-sprints/FocusBloxUITests/RemindersSyncUITests.swift:81: error: -[FocusBloxUITests.RemindersSyncUITests testAppleRemindersSectionExists] : XCTAssertTrue failed - Apple Erinnerungen section should exist
    t =    16.75s Tear Down
Test Case '-[FocusBloxUITests.RemindersSyncUITests testAppleRemindersSectionExists]' failed (17.058 seconds).
Test Case '-[FocusBloxUITests.RemindersSyncUITests testImportedReminderAppearsInBacklog]' started.
    t =     0.00s Start Test at 2026-01-23 21:32:48.895
    t =     0.06s Set Up
    t =     0.06s     Open com.henning.timebox
    t =     0.06s         Launch com.henning.timebox
    t =     0.06s             Terminate com.henning.timebox:49771
    t =     1.58s             Setting up automation session
    t =     2.89s             Wait for com.henning.timebox to idle
    t =     5.00s Waiting 5.0s for "settingsButton" Button to exist
    t =     6.02s     Checking `Expect predicate `existsNoRetry == 1` for object "settingsButton" Button`
    t =     6.02s         Checking existence of `"settingsButton" Button`
    t =     6.15s Tap "settingsButton" Button
    t =     6.15s     Wait for com.henning.timebox to idle
    t =     6.16s     Find the "settingsButton" Button
    t =     6.20s     Check for interrupting elements affecting "settingsButton" Button
    t =     6.25s     Synthesize event
    t =     6.55s     Wait for com.henning.timebox to idle
    t =     7.51s Waiting 5.0s for "remindersSyncToggle" Switch to exist
    t =     8.55s     Checking `Expect predicate `existsNoRetry == 1` for object "remindersSyncToggle" Switch`
    t =     8.55s         Checking existence of `"remindersSyncToggle" Switch`
    t =     8.67s         Capturing element debug description
    t =     9.60s     Checking `Expect predicate `existsNoRetry == 1` for object "remindersSyncToggle" Switch`
    t =     9.60s         Checking existence of `"remindersSyncToggle" Switch`
    t =     9.65s         Capturing element debug description
    t =    10.58s     Checking `Expect predicate `existsNoRetry == 1` for object "remindersSyncToggle" Switch`
    t =    10.58s         Checking existence of `"remindersSyncToggle" Switch`
    t =    10.64s         Capturing element debug description
    t =    11.57s     Checking `Expect predicate `existsNoRetry == 1` for object "remindersSyncToggle" Switch`
    t =    11.57s         Checking existence of `"remindersSyncToggle" Switch`
    t =    11.62s         Capturing element debug description
    t =    12.52s     Checking `Expect predicate `existsNoRetry == 1` for object "remindersSyncToggle" Switch`
    t =    12.52s         Checking existence of `"remindersSyncToggle" Switch`
    t =    12.57s         Capturing element debug description
    t =    12.57s     Checking existence of `"remindersSyncToggle" Switch`
    t =    12.62s Collecting debug information to assist test failure triage
    t =    12.62s     Requesting snapshot of accessibility hierarchy for app with pid 49810
/Users/hem/Documents/opt/my-daily-sprints/FocusBloxUITests/RemindersSyncUITests.swift:117: error: -[FocusBloxUITests.RemindersSyncUITests testImportedReminderAppearsInBacklog] : failed - Reminders sync toggle should exist
    t =    12.73s Tear Down
Test Case '-[FocusBloxUITests.RemindersSyncUITests testImportedReminderAppearsInBacklog]' failed (12.966 seconds).
Test Case '-[FocusBloxUITests.RemindersSyncUITests testImportedTaskShowsSourceIndicator]' started.
    t =     0.00s Start Test at 2026-01-23 21:33:01.861
    t =     0.03s Set Up
    t =     0.03s     Open com.henning.timebox
    t =     0.03s         Launch com.henning.timebox
    t =     0.04s             Terminate com.henning.timebox:49810
    t =     1.32s             Setting up automation session
    t =     2.16s             Wait for com.henning.timebox to idle
    t =     3.76s Waiting 5.0s for "settingsButton" Button to exist
    t =     4.78s     Checking `Expect predicate `existsNoRetry == 1` for object "settingsButton" Button`
    t =     4.78s         Checking existence of `"settingsButton" Button`
    t =     4.88s Tap "settingsButton" Button
    t =     4.88s     Wait for com.henning.timebox to idle
    t =     4.89s     Find the "settingsButton" Button
    t =     4.92s     Check for interrupting elements affecting "settingsButton" Button
    t =     4.95s     Synthesize event
    t =     5.25s     Wait for com.henning.timebox to idle
    t =     6.06s Waiting 5.0s for "remindersSyncToggle" Switch to exist
    t =     7.10s     Checking `Expect predicate `existsNoRetry == 1` for object "remindersSyncToggle" Switch`
    t =     7.10s         Checking existence of `"remindersSyncToggle" Switch`
    t =     7.20s         Capturing element debug description
    t =     8.13s     Checking `Expect predicate `existsNoRetry == 1` for object "remindersSyncToggle" Switch`
    t =     8.13s         Checking existence of `"remindersSyncToggle" Switch`
    t =     8.19s         Capturing element debug description
    t =     9.12s     Checking `Expect predicate `existsNoRetry == 1` for object "remindersSyncToggle" Switch`
    t =     9.12s         Checking existence of `"remindersSyncToggle" Switch`
    t =     9.18s         Capturing element debug description
    t =    10.09s     Checking `Expect predicate `existsNoRetry == 1` for object "remindersSyncToggle" Switch`
    t =    10.09s         Checking existence of `"remindersSyncToggle" Switch`
    t =    10.15s         Capturing element debug description
    t =    11.07s     Checking `Expect predicate `existsNoRetry == 1` for object "remindersSyncToggle" Switch`
    t =    11.07s         Checking existence of `"remindersSyncToggle" Switch`
    t =    11.13s         Capturing element debug description
    t =    11.13s     Checking existence of `"remindersSyncToggle" Switch`
    t =    11.18s Collecting debug information to assist test failure triage
    t =    11.18s     Requesting snapshot of accessibility hierarchy for app with pid 49853
/Users/hem/Documents/opt/my-daily-sprints/FocusBloxUITests/RemindersSyncUITests.swift:151: error: -[FocusBloxUITests.RemindersSyncUITests testImportedTaskShowsSourceIndicator] : failed - Reminders sync toggle should exist
    t =    11.28s Tear Down
Test Case '-[FocusBloxUITests.RemindersSyncUITests testImportedTaskShowsSourceIndicator]' failed (11.516 seconds).
Test Case '-[FocusBloxUITests.RemindersSyncUITests testRemindersSyncToggleCanBeEnabled]' started.
    t =     0.00s Start Test at 2026-01-23 21:33:13.378
    t =     0.02s Set Up
    t =     0.03s     Open com.henning.timebox
    t =     0.03s         Launch com.henning.timebox
    t =     0.03s             Terminate com.henning.timebox:49853
    t =     1.29s             Setting up automation session
    t =     2.01s             Wait for com.henning.timebox to idle
    t =     3.50s Waiting 5.0s for "settingsButton" Button to exist
    t =     4.53s     Checking `Expect predicate `existsNoRetry == 1` for object "settingsButton" Button`
    t =     4.53s         Checking existence of `"settingsButton" Button`
    t =     4.63s Tap "settingsButton" Button
    t =     4.63s     Wait for com.henning.timebox to idle
    t =     4.63s     Find the "settingsButton" Button
    t =     4.66s     Check for interrupting elements affecting "settingsButton" Button
    t =     4.69s     Synthesize event
    t =     4.99s     Wait for com.henning.timebox to idle
    t =     5.78s Waiting 5.0s for "remindersSyncToggle" Switch to exist
    t =     6.81s     Checking `Expect predicate `existsNoRetry == 1` for object "remindersSyncToggle" Switch`
    t =     6.81s         Checking existence of `"remindersSyncToggle" Switch`
    t =     6.89s         Capturing element debug description
    t =     7.82s     Checking `Expect predicate `existsNoRetry == 1` for object "remindersSyncToggle" Switch`
    t =     7.82s         Checking existence of `"remindersSyncToggle" Switch`
    t =     7.90s         Capturing element debug description
    t =     8.83s     Checking `Expect predicate `existsNoRetry == 1` for object "remindersSyncToggle" Switch`
    t =     8.83s         Checking existence of `"remindersSyncToggle" Switch`
    t =     8.89s         Capturing element debug description
    t =     9.82s     Checking `Expect predicate `existsNoRetry == 1` for object "remindersSyncToggle" Switch`
    t =     9.82s         Checking existence of `"remindersSyncToggle" Switch`
    t =     9.88s         Capturing element debug description
    t =    10.78s     Checking `Expect predicate `existsNoRetry == 1` for object "remindersSyncToggle" Switch`
    t =    10.78s         Checking existence of `"remindersSyncToggle" Switch`
    t =    10.84s         Capturing element debug description
    t =    10.84s     Checking existence of `"remindersSyncToggle" Switch`
    t =    10.89s Collecting debug information to assist test failure triage
    t =    10.89s     Requesting snapshot of accessibility hierarchy for app with pid 49905
/Users/hem/Documents/opt/my-daily-sprints/FocusBloxUITests/RemindersSyncUITests.swift:93: error: -[FocusBloxUITests.RemindersSyncUITests testRemindersSyncToggleCanBeEnabled] : failed - Reminders sync toggle should exist
    t =    10.98s Tear Down
Test Case '-[FocusBloxUITests.RemindersSyncUITests testRemindersSyncToggleCanBeEnabled]' failed (11.223 seconds).
Test Case '-[FocusBloxUITests.RemindersSyncUITests testRemindersSyncToggleDisabledByDefault]' started.
    t =     0.00s Start Test at 2026-01-23 21:33:24.601
    t =     0.02s Set Up
    t =     0.03s     Open com.henning.timebox
    t =     0.03s         Launch com.henning.timebox
    t =     0.03s             Terminate com.henning.timebox:49905
    t =     1.38s             Setting up automation session
    t =     2.07s             Wait for com.henning.timebox to idle
    t =     3.56s Waiting 5.0s for "settingsButton" Button to exist
    t =     4.59s     Checking `Expect predicate `existsNoRetry == 1` for object "settingsButton" Button`
    t =     4.59s         Checking existence of `"settingsButton" Button`
    t =     4.68s Tap "settingsButton" Button
    t =     4.68s     Wait for com.henning.timebox to idle
    t =     4.69s     Find the "settingsButton" Button
    t =     4.72s     Check for interrupting elements affecting "settingsButton" Button
    t =     4.75s     Synthesize event
    t =     5.04s     Wait for com.henning.timebox to idle
    t =     5.81s Waiting 5.0s for "remindersSyncToggle" Switch to exist
    t =     6.84s     Checking `Expect predicate `existsNoRetry == 1` for object "remindersSyncToggle" Switch`
    t =     6.84s         Checking existence of `"remindersSyncToggle" Switch`
    t =     6.93s         Capturing element debug description
    t =     7.84s     Checking `Expect predicate `existsNoRetry == 1` for object "remindersSyncToggle" Switch`
    t =     7.84s         Checking existence of `"remindersSyncToggle" Switch`
    t =     7.90s         Capturing element debug description
    t =     8.82s     Checking `Expect predicate `existsNoRetry == 1` for object "remindersSyncToggle" Switch`
    t =     8.82s         Checking existence of `"remindersSyncToggle" Switch`
    t =     8.89s         Capturing element debug description
    t =     9.91s     Checking `Expect predicate `existsNoRetry == 1` for object "remindersSyncToggle" Switch`
    t =     9.91s         Checking existence of `"remindersSyncToggle" Switch`
    t =     9.97s         Capturing element debug description
    t =    10.81s     Checking `Expect predicate `existsNoRetry == 1` for object "remindersSyncToggle" Switch`
    t =    10.81s         Checking existence of `"remindersSyncToggle" Switch`
    t =    10.87s         Capturing element debug description
    t =    10.87s     Checking existence of `"remindersSyncToggle" Switch`
    t =    10.92s Collecting debug information to assist test failure triage
    t =    10.92s     Requesting snapshot of accessibility hierarchy for app with pid 49930
/Users/hem/Documents/opt/my-daily-sprints/FocusBloxUITests/RemindersSyncUITests.swift:63: error: -[FocusBloxUITests.RemindersSyncUITests testRemindersSyncToggleDisabledByDefault] : failed - Reminders sync toggle should exist
    t =    11.01s Tear Down
Test Case '-[FocusBloxUITests.RemindersSyncUITests testRemindersSyncToggleDisabledByDefault]' failed (11.239 seconds).
Test Case '-[FocusBloxUITests.RemindersSyncUITests testRemindersSyncToggleExistsInSettings]' started.
    t =     0.00s Start Test at 2026-01-23 21:33:35.840
    t =     0.02s Set Up
    t =     0.02s     Open com.henning.timebox
    t =     0.02s         Launch com.henning.timebox
    t =     0.02s             Terminate com.henning.timebox:49930
    t =     1.27s             Setting up automation session
    t =     1.95s             Wait for com.henning.timebox to idle
    t =     3.45s Waiting 5.0s for "settingsButton" Button to exist
    t =     4.48s     Checking `Expect predicate `existsNoRetry == 1` for object "settingsButton" Button`
    t =     4.48s         Checking existence of `"settingsButton" Button`
    t =     4.60s Tap "settingsButton" Button
    t =     4.60s     Wait for com.henning.timebox to idle
    t =     4.60s     Find the "settingsButton" Button
    t =     4.64s     Check for interrupting elements affecting "settingsButton" Button
    t =     4.67s     Synthesize event
    t =     4.98s     Wait for com.henning.timebox to idle
    t =     5.82s Waiting 5.0s for "Settings" NavigationBar to exist
    t =     6.85s     Checking `Expect predicate `existsNoRetry == 1` for object "Settings" NavigationBar`
    t =     6.85s         Checking existence of `"Settings" NavigationBar`
    t =     6.93s Waiting 3.0s for "remindersSyncToggle" Switch to exist
    t =     7.96s     Checking `Expect predicate `existsNoRetry == 1` for object "remindersSyncToggle" Switch`
    t =     7.96s         Checking existence of `"remindersSyncToggle" Switch`
    t =     8.02s         Capturing element debug description
    t =     8.94s     Checking `Expect predicate `existsNoRetry == 1` for object "remindersSyncToggle" Switch`
    t =     8.94s         Checking existence of `"remindersSyncToggle" Switch`
    t =     9.00s         Capturing element debug description
    t =     9.93s     Checking `Expect predicate `existsNoRetry == 1` for object "remindersSyncToggle" Switch`
    t =     9.93s         Checking existence of `"remindersSyncToggle" Switch`
    t =     9.99s         Capturing element debug description
    t =     9.99s     Checking existence of `"remindersSyncToggle" Switch`
    t =    10.04s Collecting debug information to assist test failure triage
    t =    10.04s     Requesting snapshot of accessibility hierarchy for app with pid 49960
/Users/hem/Documents/opt/my-daily-sprints/FocusBloxUITests/RemindersSyncUITests.swift:51: error: -[FocusBloxUITests.RemindersSyncUITests testRemindersSyncToggleExistsInSettings] : XCTAssertTrue failed - Reminders sync toggle should exist in Settings
    t =    10.13s Tear Down
Test Case '-[FocusBloxUITests.RemindersSyncUITests testRemindersSyncToggleExistsInSettings]' failed (10.355 seconds).
Test Suite 'RemindersSyncUITests' failed at 2026-01-23 21:33:46.195.
	 Executed 6 tests, with 6 failures (0 unexpected) in 74.356 (74.360) seconds
Test Suite 'FocusBloxUITests.xctest' failed at 2026-01-23 21:33:46.195.
	 Executed 6 tests, with 6 failures (0 unexpected) in 74.356 (74.361) seconds
Test Suite 'Selected tests' failed at 2026-01-23 21:33:46.196.
	 Executed 6 tests, with 6 failures (0 unexpected) in 74.356 (74.363) seconds
2026-01-23 21:34:04.018 xcodebuild[49402:30147046] [MT] IDETestOperationsObserverDebug: 121.739 elapsed -- Testing started completed.
2026-01-23 21:34:04.018 xcodebuild[49402:30147046] [MT] IDETestOperationsObserverDebug: 0.000 sec, +0.000 sec -- start
2026-01-23 21:34:04.018 xcodebuild[49402:30147046] [MT] IDETestOperationsObserverDebug: 121.739 sec, +121.739 sec -- end

Test session results, code coverage, and logs:
	/Users/hem/Library/Developer/Xcode/DerivedData/FocusBlox-awtxlldmubwqcwggsrfosewjcyoq/Logs/Test/Test-FocusBlox-2026.01.23_21-31-58-+0100.xcresult

** TEST FAILED **

Testing started
