Command line invocation:
    /Applications/Xcode.app/Contents/Developer/usr/bin/xcodebuild test -project FocusBlox.xcodeproj -scheme FocusBloxMac -destination platform=macOS,arch=arm64 "-only-testing:FocusBloxMacUITests/UnifiedBlockNavigationUITests"

ComputePackagePrebuildTargetDependencyGraph

Prepare packages

CreateBuildRequest

SendProjectDescription

CreateBuildOperation

ComputeTargetDependencyGraph
note: Building targets in dependency order
note: Target dependency graph (3 targets)
    Target 'FocusBloxMacUITests' in project 'FocusBlox'
        ➜ Explicit dependency on target 'FocusBloxMac' in project 'FocusBlox'
    Target 'FocusBloxMacTests' in project 'FocusBlox'
        ➜ Explicit dependency on target 'FocusBloxMac' in project 'FocusBlox'
    Target 'FocusBloxMac' in project 'FocusBlox' (no dependencies)

GatherProvisioningInputs

CreateBuildDescription

ExecuteExternalTool /Applications/Xcode.app/Contents/Developer/Toolchains/XcodeDefault.xctoolchain/usr/bin/clang -v -E -dM -isysroot /Applications/Xcode.app/Contents/Developer/Platforms/MacOSX.platform/Developer/SDKs/MacOSX26.2.sdk -x c -c /dev/null

ExecuteExternalTool /Applications/Xcode.app/Contents/Developer/Toolchains/XcodeDefault.xctoolchain/usr/bin/swiftc --version

ExecuteExternalTool /Applications/Xcode.app/Contents/Developer/usr/bin/actool --version --output-format xml1

ExecuteExternalTool /Applications/Xcode.app/Contents/Developer/Toolchains/XcodeDefault.xctoolchain/usr/bin/ld -version_details

Build description signature: 8b113e2cee91efe4f07f73269d8a2afa
Build description path: /Users/hem/Library/Developer/Xcode/DerivedData/FocusBlox-awtxlldmubwqcwggsrfosewjcyoq/Build/Intermediates.noindex/XCBuildData/8b113e2cee91efe4f07f73269d8a2afa.xcbuilddata
ClangStatCache /Applications/Xcode.app/Contents/Developer/Toolchains/XcodeDefault.xctoolchain/usr/bin/clang-stat-cache /Applications/Xcode.app/Contents/Developer/Platforms/MacOSX.platform/Developer/SDKs/MacOSX26.2.sdk /Users/hem/Library/Developer/Xcode/DerivedData/SDKStatCaches.noindex/macosx26.2-25C57-00fa09913b459cbbc988d1f6730289ae.sdkstatcache
    cd /Users/hem/Documents/opt/my-daily-sprints/FocusBlox.xcodeproj
    /Applications/Xcode.app/Contents/Developer/Toolchains/XcodeDefault.xctoolchain/usr/bin/clang-stat-cache /Applications/Xcode.app/Contents/Developer/Platforms/MacOSX.platform/Developer/SDKs/MacOSX26.2.sdk -o /Users/hem/Library/Developer/Xcode/DerivedData/SDKStatCaches.noindex/macosx26.2-25C57-00fa09913b459cbbc988d1f6730289ae.sdkstatcache

MkDir /Users/hem/Library/Developer/Xcode/DerivedData/FocusBlox-awtxlldmubwqcwggsrfosewjcyoq/Build/Products/Debug/FocusBloxMac.app/Contents/PlugIns/FocusBloxMacTests.xctest/Contents (in target 'FocusBloxMacTests' from project 'FocusBlox')
    cd /Users/hem/Documents/opt/my-daily-sprints
    /bin/mkdir -p /Users/hem/Library/Developer/Xcode/DerivedData/FocusBlox-awtxlldmubwqcwggsrfosewjcyoq/Build/Products/Debug/FocusBloxMac.app/Contents/PlugIns/FocusBloxMacTests.xctest/Contents

MkDir /Users/hem/Library/Developer/Xcode/DerivedData/FocusBlox-awtxlldmubwqcwggsrfosewjcyoq/Build/Products/Debug/FocusBloxMac.app/Contents/PlugIns/FocusBloxMacTests.xctest/Contents/MacOS (in target 'FocusBloxMacTests' from project 'FocusBlox')
    cd /Users/hem/Documents/opt/my-daily-sprints
    /bin/mkdir -p /Users/hem/Library/Developer/Xcode/DerivedData/FocusBlox-awtxlldmubwqcwggsrfosewjcyoq/Build/Products/Debug/FocusBloxMac.app/Contents/PlugIns/FocusBloxMacTests.xctest/Contents/MacOS

MkDir /Users/hem/Library/Developer/Xcode/DerivedData/FocusBlox-awtxlldmubwqcwggsrfosewjcyoq/Build/Products/Debug/FocusBloxMac.app/Contents/PlugIns (in target 'FocusBloxMac' from project 'FocusBlox')
    cd /Users/hem/Documents/opt/my-daily-sprints
    /bin/mkdir -p /Users/hem/Library/Developer/Xcode/DerivedData/FocusBlox-awtxlldmubwqcwggsrfosewjcyoq/Build/Products/Debug/FocusBloxMac.app/Contents/PlugIns

MkDir /Users/hem/Library/Developer/Xcode/DerivedData/FocusBlox-awtxlldmubwqcwggsrfosewjcyoq/Build/Products/Debug/FocusBloxMac.app/Contents/Frameworks (in target 'FocusBloxMac' from project 'FocusBlox')
    cd /Users/hem/Documents/opt/my-daily-sprints
    /bin/mkdir -p /Users/hem/Library/Developer/Xcode/DerivedData/FocusBlox-awtxlldmubwqcwggsrfosewjcyoq/Build/Products/Debug/FocusBloxMac.app/Contents/Frameworks

ProcessProductPackaging /Users/hem/Documents/opt/my-daily-sprints/FocusBloxMac/FocusBloxMac.entitlements /Users/hem/Library/Developer/Xcode/DerivedData/FocusBlox-awtxlldmubwqcwggsrfosewjcyoq/Build/Intermediates.noindex/FocusBlox.build/Debug/FocusBloxMac.build/FocusBloxMac.app.xcent (in target 'FocusBloxMac' from project 'FocusBlox')
    cd /Users/hem/Documents/opt/my-daily-sprints
    
    Entitlements:
    
    {
    "com.apple.application-identifier" = "XK87E2B3VR.henemm.FocusBloxMac";
    "com.apple.developer.icloud-container-identifiers" =     (
        "iCloud.com.henning.focusblox"
    );
    "com.apple.developer.icloud-extended-share-access" =     (
    );
    "com.apple.developer.icloud-services" =     (
        CloudKit
    );
    "com.apple.developer.team-identifier" = XK87E2B3VR;
    "com.apple.security.app-sandbox" = 1;
    "com.apple.security.application-groups" =     (
        "group.com.henning.focusblox"
    );
    "com.apple.security.files.user-selected.read-only" = 1;
    "com.apple.security.get-task-allow" = 1;
    "com.apple.security.network.client" = 1;
    "com.apple.security.personal-information.calendars" = 1;
    "com.apple.security.personal-information.reminders" = 1;
}
    
    builtin-productPackagingUtility /Users/hem/Documents/opt/my-daily-sprints/FocusBloxMac/FocusBloxMac.entitlements -entitlements -format xml -o /Users/hem/Library/Developer/Xcode/DerivedData/FocusBlox-awtxlldmubwqcwggsrfosewjcyoq/Build/Intermediates.noindex/FocusBlox.build/Debug/FocusBloxMac.build/FocusBloxMac.app.xcent

ProcessProductPackagingDER /Users/hem/Library/Developer/Xcode/DerivedData/FocusBlox-awtxlldmubwqcwggsrfosewjcyoq/Build/Intermediates.noindex/FocusBlox.build/Debug/FocusBloxMac.build/FocusBloxMac.app.xcent /Users/hem/Library/Developer/Xcode/DerivedData/FocusBlox-awtxlldmubwqcwggsrfosewjcyoq/Build/Intermediates.noindex/FocusBlox.build/Debug/FocusBloxMac.build/FocusBloxMac.app.xcent.der (in target 'FocusBloxMac' from project 'FocusBlox')
    cd /Users/hem/Documents/opt/my-daily-sprints
    /usr/bin/derq query -f xml -i /Users/hem/Library/Developer/Xcode/DerivedData/FocusBlox-awtxlldmubwqcwggsrfosewjcyoq/Build/Intermediates.noindex/FocusBlox.build/Debug/FocusBloxMac.build/FocusBloxMac.app.xcent -o /Users/hem/Library/Developer/Xcode/DerivedData/FocusBlox-awtxlldmubwqcwggsrfosewjcyoq/Build/Intermediates.noindex/FocusBlox.build/Debug/FocusBloxMac.build/FocusBloxMac.app.xcent.der --raw

Copy /Users/hem/Library/Developer/Xcode/DerivedData/FocusBlox-awtxlldmubwqcwggsrfosewjcyoq/Build/Products/Debug/FocusBloxMac.app/Contents/Frameworks/libXCTestSwiftSupport.dylib /Applications/Xcode.app/Contents/Developer/Platforms/MacOSX.platform/Developer/usr/lib/libXCTestSwiftSupport.dylib (in target 'FocusBloxMac' from project 'FocusBlox')
    cd /Users/hem/Documents/opt/my-daily-sprints
    builtin-copy -exclude .DS_Store -exclude CVS -exclude .svn -exclude .git -exclude .hg -exclude Headers -exclude PrivateHeaders -exclude Modules -exclude \*.tbd -resolve-src-symlinks /Applications/Xcode.app/Contents/Developer/Platforms/MacOSX.platform/Developer/usr/lib/libXCTestSwiftSupport.dylib /Users/hem/Library/Developer/Xcode/DerivedData/FocusBlox-awtxlldmubwqcwggsrfosewjcyoq/Build/Products/Debug/FocusBloxMac.app/Contents/Frameworks

Copy /Users/hem/Library/Developer/Xcode/DerivedData/FocusBlox-awtxlldmubwqcwggsrfosewjcyoq/Build/Products/Debug/FocusBloxMac.app/Contents/Frameworks/libXCTestBundleInject.dylib /Applications/Xcode.app/Contents/Developer/Platforms/MacOSX.platform/Developer/usr/lib/libXCTestBundleInject.dylib (in target 'FocusBloxMac' from project 'FocusBlox')
    cd /Users/hem/Documents/opt/my-daily-sprints
    builtin-copy -exclude .DS_Store -exclude CVS -exclude .svn -exclude .git -exclude .hg -exclude Headers -exclude PrivateHeaders -exclude Modules -exclude \*.tbd -resolve-src-symlinks /Applications/Xcode.app/Contents/Developer/Platforms/MacOSX.platform/Developer/usr/lib/libXCTestBundleInject.dylib /Users/hem/Library/Developer/Xcode/DerivedData/FocusBlox-awtxlldmubwqcwggsrfosewjcyoq/Build/Products/Debug/FocusBloxMac.app/Contents/Frameworks

Copy /Users/hem/Library/Developer/Xcode/DerivedData/FocusBlox-awtxlldmubwqcwggsrfosewjcyoq/Build/Products/Debug/FocusBloxMac.app/Contents/Frameworks/XCUIAutomation.framework /Applications/Xcode.app/Contents/Developer/Platforms/MacOSX.platform/Developer/Library/Frameworks/XCUIAutomation.framework (in target 'FocusBloxMac' from project 'FocusBlox')
    cd /Users/hem/Documents/opt/my-daily-sprints
    builtin-copy -exclude .DS_Store -exclude CVS -exclude .svn -exclude .git -exclude .hg -exclude Headers -exclude PrivateHeaders -exclude Modules -exclude \*.tbd -resolve-src-symlinks /Applications/Xcode.app/Contents/Developer/Platforms/MacOSX.platform/Developer/Library/Frameworks/XCUIAutomation.framework /Users/hem/Library/Developer/Xcode/DerivedData/FocusBlox-awtxlldmubwqcwggsrfosewjcyoq/Build/Products/Debug/FocusBloxMac.app/Contents/Frameworks

Copy /Users/hem/Library/Developer/Xcode/DerivedData/FocusBlox-awtxlldmubwqcwggsrfosewjcyoq/Build/Products/Debug/FocusBloxMac.app/Contents/Frameworks/XCTestSupport.framework /Applications/Xcode.app/Contents/Developer/Platforms/MacOSX.platform/Developer/Library/PrivateFrameworks/XCTestSupport.framework (in target 'FocusBloxMac' from project 'FocusBlox')
    cd /Users/hem/Documents/opt/my-daily-sprints
    builtin-copy -exclude .DS_Store -exclude CVS -exclude .svn -exclude .git -exclude .hg -exclude Headers -exclude PrivateHeaders -exclude Modules -exclude \*.tbd -resolve-src-symlinks /Applications/Xcode.app/Contents/Developer/Platforms/MacOSX.platform/Developer/Library/PrivateFrameworks/XCTestSupport.framework /Users/hem/Library/Developer/Xcode/DerivedData/FocusBlox-awtxlldmubwqcwggsrfosewjcyoq/Build/Products/Debug/FocusBloxMac.app/Contents/Frameworks

Copy /Users/hem/Library/Developer/Xcode/DerivedData/FocusBlox-awtxlldmubwqcwggsrfosewjcyoq/Build/Products/Debug/FocusBloxMac.app/Contents/Frameworks/XCTest.framework /Applications/Xcode.app/Contents/Developer/Platforms/MacOSX.platform/Developer/Library/Frameworks/XCTest.framework (in target 'FocusBloxMac' from project 'FocusBlox')
    cd /Users/hem/Documents/opt/my-daily-sprints
    builtin-copy -exclude .DS_Store -exclude CVS -exclude .svn -exclude .git -exclude .hg -exclude Headers -exclude PrivateHeaders -exclude Modules -exclude \*.tbd -resolve-src-symlinks /Applications/Xcode.app/Contents/Developer/Platforms/MacOSX.platform/Developer/Library/Frameworks/XCTest.framework /Users/hem/Library/Developer/Xcode/DerivedData/FocusBlox-awtxlldmubwqcwggsrfosewjcyoq/Build/Products/Debug/FocusBloxMac.app/Contents/Frameworks

Copy /Users/hem/Library/Developer/Xcode/DerivedData/FocusBlox-awtxlldmubwqcwggsrfosewjcyoq/Build/Products/Debug/FocusBloxMac.app/Contents/Frameworks/XCUnit.framework /Applications/Xcode.app/Contents/Developer/Platforms/MacOSX.platform/Developer/Library/PrivateFrameworks/XCUnit.framework (in target 'FocusBloxMac' from project 'FocusBlox')
    cd /Users/hem/Documents/opt/my-daily-sprints
    builtin-copy -exclude .DS_Store -exclude CVS -exclude .svn -exclude .git -exclude .hg -exclude Headers -exclude PrivateHeaders -exclude Modules -exclude \*.tbd -resolve-src-symlinks /Applications/Xcode.app/Contents/Developer/Platforms/MacOSX.platform/Developer/Library/PrivateFrameworks/XCUnit.framework /Users/hem/Library/Developer/Xcode/DerivedData/FocusBlox-awtxlldmubwqcwggsrfosewjcyoq/Build/Products/Debug/FocusBloxMac.app/Contents/Frameworks

Copy /Users/hem/Library/Developer/Xcode/DerivedData/FocusBlox-awtxlldmubwqcwggsrfosewjcyoq/Build/Products/Debug/FocusBloxMac.app/Contents/Frameworks/XCTestCore.framework /Applications/Xcode.app/Contents/Developer/Platforms/MacOSX.platform/Developer/Library/PrivateFrameworks/XCTestCore.framework (in target 'FocusBloxMac' from project 'FocusBlox')
    cd /Users/hem/Documents/opt/my-daily-sprints
    builtin-copy -exclude .DS_Store -exclude CVS -exclude .svn -exclude .git -exclude .hg -exclude Headers -exclude PrivateHeaders -exclude Modules -exclude \*.tbd -resolve-src-symlinks /Applications/Xcode.app/Contents/Developer/Platforms/MacOSX.platform/Developer/Library/PrivateFrameworks/XCTestCore.framework /Users/hem/Library/Developer/Xcode/DerivedData/FocusBlox-awtxlldmubwqcwggsrfosewjcyoq/Build/Products/Debug/FocusBloxMac.app/Contents/Frameworks

Copy /Users/hem/Library/Developer/Xcode/DerivedData/FocusBlox-awtxlldmubwqcwggsrfosewjcyoq/Build/Products/Debug/FocusBloxMac.app/Contents/Frameworks/XCTAutomationSupport.framework /Applications/Xcode.app/Contents/Developer/Platforms/MacOSX.platform/Developer/Library/PrivateFrameworks/XCTAutomationSupport.framework (in target 'FocusBloxMac' from project 'FocusBlox')
    cd /Users/hem/Documents/opt/my-daily-sprints
    builtin-copy -exclude .DS_Store -exclude CVS -exclude .svn -exclude .git -exclude .hg -exclude Headers -exclude PrivateHeaders -exclude Modules -exclude \*.tbd -resolve-src-symlinks /Applications/Xcode.app/Contents/Developer/Platforms/MacOSX.platform/Developer/Library/PrivateFrameworks/XCTAutomationSupport.framework /Users/hem/Library/Developer/Xcode/DerivedData/FocusBlox-awtxlldmubwqcwggsrfosewjcyoq/Build/Products/Debug/FocusBloxMac.app/Contents/Frameworks

Copy /Users/hem/Library/Developer/Xcode/DerivedData/FocusBlox-awtxlldmubwqcwggsrfosewjcyoq/Build/Products/Debug/FocusBloxMac.app/Contents/Frameworks/Testing.framework /Applications/Xcode.app/Contents/Developer/Platforms/MacOSX.platform/Developer/Library/Frameworks/Testing.framework (in target 'FocusBloxMac' from project 'FocusBlox')
    cd /Users/hem/Documents/opt/my-daily-sprints
    builtin-copy -exclude .DS_Store -exclude CVS -exclude .svn -exclude .git -exclude .hg -exclude Headers -exclude PrivateHeaders -exclude Modules -exclude \*.tbd -resolve-src-symlinks /Applications/Xcode.app/Contents/Developer/Platforms/MacOSX.platform/Developer/Library/Frameworks/Testing.framework /Users/hem/Library/Developer/Xcode/DerivedData/FocusBlox-awtxlldmubwqcwggsrfosewjcyoq/Build/Products/Debug/FocusBloxMac.app/Contents/Frameworks

ProcessInfoPlistFile /Users/hem/Library/Developer/Xcode/DerivedData/FocusBlox-awtxlldmubwqcwggsrfosewjcyoq/Build/Products/Debug/FocusBloxMac.app/Contents/Info.plist /Users/hem/Documents/opt/my-daily-sprints/FocusBloxMac/Info.plist (in target 'FocusBloxMac' from project 'FocusBlox')
    cd /Users/hem/Documents/opt/my-daily-sprints
    builtin-infoPlistUtility /Users/hem/Documents/opt/my-daily-sprints/FocusBloxMac/Info.plist -producttype com.apple.product-type.application -genpkginfo /Users/hem/Library/Developer/Xcode/DerivedData/FocusBlox-awtxlldmubwqcwggsrfosewjcyoq/Build/Products/Debug/FocusBloxMac.app/Contents/PkgInfo -expandbuildsettings -platform macosx -additionalcontentfile /Users/hem/Library/Developer/Xcode/DerivedData/FocusBlox-awtxlldmubwqcwggsrfosewjcyoq/Build/Intermediates.noindex/FocusBlox.build/Debug/FocusBloxMac.build/assetcatalog_generated_info.plist -o /Users/hem/Library/Developer/Xcode/DerivedData/FocusBlox-awtxlldmubwqcwggsrfosewjcyoq/Build/Products/Debug/FocusBloxMac.app/Contents/Info.plist

SwiftDriver FocusBloxMac normal arm64 com.apple.xcode.tools.swift.compiler (in target 'FocusBloxMac' from project 'FocusBlox')
    cd /Users/hem/Documents/opt/my-daily-sprints
    builtin-SwiftDriver -- /Applications/Xcode.app/Contents/Developer/Toolchains/XcodeDefault.xctoolchain/usr/bin/swiftc -module-name FocusBloxMac -Onone -enforce-exclusivity\=checked @/Users/hem/Library/Developer/Xcode/DerivedData/FocusBlox-awtxlldmubwqcwggsrfosewjcyoq/Build/Intermediates.noindex/FocusBlox.build/Debug/FocusBloxMac.build/Objects-normal/arm64/FocusBloxMac.SwiftFileList -DDEBUG -DDEBUG -default-isolation\=MainActor -enable-bare-slash-regex -enable-upcoming-feature DisableOutwardActorInference -enable-upcoming-feature InferSendableFromCaptures -enable-upcoming-feature GlobalActorIsolatedTypesUsability -enable-upcoming-feature MemberImportVisibility -enable-upcoming-feature InferIsolatedConformances -enable-upcoming-feature NonisolatedNonsendingByDefault -enable-experimental-feature DebugDescriptionMacro -sdk /Applications/Xcode.app/Contents/Developer/Platforms/MacOSX.platform/Developer/SDKs/MacOSX26.2.sdk -target arm64-apple-macos26.1 -g -module-cache-path /Users/hem/Library/Developer/Xcode/DerivedData/ModuleCache.noindex -Xfrontend -serialize-debugging-options -profile-coverage-mapping -profile-generate -enable-testing -index-store-path /Users/hem/Library/Developer/Xcode/DerivedData/FocusBlox-awtxlldmubwqcwggsrfosewjcyoq/Index.noindex/DataStore -Xcc -D_LIBCPP_HARDENING_MODE\=_LIBCPP_HARDENING_MODE_DEBUG -swift-version 5 -I /Users/hem/Library/Developer/Xcode/DerivedData/FocusBlox-awtxlldmubwqcwggsrfosewjcyoq/Build/Products/Debug -F /Users/hem/Library/Developer/Xcode/DerivedData/FocusBlox-awtxlldmubwqcwggsrfosewjcyoq/Build/Products/Debug -emit-localized-strings -emit-localized-strings-path /Users/hem/Library/Developer/Xcode/DerivedData/FocusBlox-awtxlldmubwqcwggsrfosewjcyoq/Build/Intermediates.noindex/FocusBlox.build/Debug/FocusBloxMac.build/Objects-normal/arm64 -c -j10 -enable-batch-mode -incremental -Xcc -ivfsstatcache -Xcc /Users/hem/Library/Developer/Xcode/DerivedData/SDKStatCaches.noindex/macosx26.2-25C57-00fa09913b459cbbc988d1f6730289ae.sdkstatcache -output-file-map /Users/hem/Library/Developer/Xcode/DerivedData/FocusBlox-awtxlldmubwqcwggsrfosewjcyoq/Build/Intermediates.noindex/FocusBlox.build/Debug/FocusBloxMac.build/Objects-normal/arm64/FocusBloxMac-OutputFileMap.json -use-frontend-parseable-output -save-temps -no-color-diagnostics -explicit-module-build -module-cache-path /Users/hem/Library/Developer/Xcode/DerivedData/FocusBlox-awtxlldmubwqcwggsrfosewjcyoq/Build/Intermediates.noindex/SwiftExplicitPrecompiledModules -clang-scanner-module-cache-path /Users/hem/Library/Developer/Xcode/DerivedData/ModuleCache.noindex -sdk-module-cache-path /Users/hem/Library/Developer/Xcode/DerivedData/ModuleCache.noindex -serialize-diagnostics -emit-dependencies -emit-module -emit-module-path /Users/hem/Library/Developer/Xcode/DerivedData/FocusBlox-awtxlldmubwqcwggsrfosewjcyoq/Build/Intermediates.noindex/FocusBlox.build/Debug/FocusBloxMac.build/Objects-normal/arm64/FocusBloxMac.swiftmodule -validate-clang-modules-once -clang-build-session-file /Users/hem/Library/Developer/Xcode/DerivedData/ModuleCache.noindex/Session.modulevalidation -Xcc -I/Users/hem/Library/Developer/Xcode/DerivedData/FocusBlox-awtxlldmubwqcwggsrfosewjcyoq/Build/Intermediates.noindex/FocusBlox.build/Debug/FocusBloxMac.build/swift-overrides.hmap -emit-const-values -Xfrontend -const-gather-protocols-file -Xfrontend /Users/hem/Library/Developer/Xcode/DerivedData/FocusBlox-awtxlldmubwqcwggsrfosewjcyoq/Build/Intermediates.noindex/FocusBlox.build/Debug/FocusBloxMac.build/Objects-normal/arm64/FocusBloxMac_const_extract_protocols.json -Xcc -iquote -Xcc /Users/hem/Library/Developer/Xcode/DerivedData/FocusBlox-awtxlldmubwqcwggsrfosewjcyoq/Build/Intermediates.noindex/FocusBlox.build/Debug/FocusBloxMac.build/FocusBloxMac-generated-files.hmap -Xcc -I/Users/hem/Library/Developer/Xcode/DerivedData/FocusBlox-awtxlldmubwqcwggsrfosewjcyoq/Build/Intermediates.noindex/FocusBlox.build/Debug/FocusBloxMac.build/FocusBloxMac-own-target-headers.hmap -Xcc -I/Users/hem/Library/Developer/Xcode/DerivedData/FocusBlox-awtxlldmubwqcwggsrfosewjcyoq/Build/Intermediates.noindex/FocusBlox.build/Debug/FocusBloxMac.build/FocusBloxMac-all-target-headers.hmap -Xcc -iquote -Xcc /Users/hem/Library/Developer/Xcode/DerivedData/FocusBlox-awtxlldmubwqcwggsrfosewjcyoq/Build/Intermediates.noindex/FocusBlox.build/Debug/FocusBloxMac.build/FocusBloxMac-project-headers.hmap -Xcc -I/Users/hem/Library/Developer/Xcode/DerivedData/FocusBlox-awtxlldmubwqcwggsrfosewjcyoq/Build/Products/Debug/include -Xcc -I/Users/hem/Library/Developer/Xcode/DerivedData/FocusBlox-awtxlldmubwqcwggsrfosewjcyoq/Build/Intermediates.noindex/FocusBlox.build/Debug/FocusBloxMac.build/DerivedSources-normal/arm64 -Xcc -I/Users/hem/Library/Developer/Xcode/DerivedData/FocusBlox-awtxlldmubwqcwggsrfosewjcyoq/Build/Intermediates.noindex/FocusBlox.build/Debug/FocusBloxMac.build/DerivedSources/arm64 -Xcc -I/Users/hem/Library/Developer/Xcode/DerivedData/FocusBlox-awtxlldmubwqcwggsrfosewjcyoq/Build/Intermediates.noindex/FocusBlox.build/Debug/FocusBloxMac.build/DerivedSources -Xcc -DDEBUG\=1 -Xcc -DDEBUG\=1 -emit-objc-header -emit-objc-header-path /Users/hem/Library/Developer/Xcode/DerivedData/FocusBlox-awtxlldmubwqcwggsrfosewjcyoq/Build/Intermediates.noindex/FocusBlox.build/Debug/FocusBloxMac.build/Objects-normal/arm64/FocusBloxMac-Swift.h -working-directory /Users/hem/Documents/opt/my-daily-sprints -experimental-emit-module-separately -disable-cmo

SwiftEmitModule normal arm64 Emitting\ module\ for\ FocusBloxMac (in target 'FocusBloxMac' from project 'FocusBlox')

EmitSwiftModule normal arm64 (in target 'FocusBloxMac' from project 'FocusBlox')
    cd /Users/hem/Documents/opt/my-daily-sprints
    
/Users/hem/Documents/opt/my-daily-sprints/Sources/Services/TaskSources/LocalTaskSource.swift:7:13: warning: '@preconcurrency' on conformance to 'TaskSource' has no effect
final class LocalTaskSource: @preconcurrency TaskSource, @preconcurrency TaskSourceWritable {
            ^                ~~~~~~~~~~~~~~~~
                             
/Users/hem/Documents/opt/my-daily-sprints/Sources/Services/TaskSources/LocalTaskSource.swift:7:13: warning: '@preconcurrency' on conformance to 'TaskSourceWritable' has no effect
final class LocalTaskSource: @preconcurrency TaskSource, @preconcurrency TaskSourceWritable {
            ^                                            ~~~~~~~~~~~~~~~~
                                                         

SwiftCompile normal arm64 Compiling\ MacAssignView.swift /Users/hem/Documents/opt/my-daily-sprints/FocusBloxMac/MacAssignView.swift (in target 'FocusBloxMac' from project 'FocusBlox')
SwiftCompile normal arm64 /Users/hem/Documents/opt/my-daily-sprints/FocusBloxMac/MacAssignView.swift (in target 'FocusBloxMac' from project 'FocusBlox')
    cd /Users/hem/Documents/opt/my-daily-sprints
    

SwiftDriverJobDiscovery normal arm64 Emitting module for FocusBloxMac (in target 'FocusBloxMac' from project 'FocusBlox')

SwiftDriver\ Compilation\ Requirements FocusBloxMac normal arm64 com.apple.xcode.tools.swift.compiler (in target 'FocusBloxMac' from project 'FocusBlox')
    cd /Users/hem/Documents/opt/my-daily-sprints
    builtin-Swift-Compilation-Requirements -- /Applications/Xcode.app/Contents/Developer/Toolchains/XcodeDefault.xctoolchain/usr/bin/swiftc -module-name FocusBloxMac -Onone -enforce-exclusivity\=checked @/Users/hem/Library/Developer/Xcode/DerivedData/FocusBlox-awtxlldmubwqcwggsrfosewjcyoq/Build/Intermediates.noindex/FocusBlox.build/Debug/FocusBloxMac.build/Objects-normal/arm64/FocusBloxMac.SwiftFileList -DDEBUG -DDEBUG -default-isolation\=MainActor -enable-bare-slash-regex -enable-upcoming-feature DisableOutwardActorInference -enable-upcoming-feature InferSendableFromCaptures -enable-upcoming-feature GlobalActorIsolatedTypesUsability -enable-upcoming-feature MemberImportVisibility -enable-upcoming-feature InferIsolatedConformances -enable-upcoming-feature NonisolatedNonsendingByDefault -enable-experimental-feature DebugDescriptionMacro -sdk /Applications/Xcode.app/Contents/Developer/Platforms/MacOSX.platform/Developer/SDKs/MacOSX26.2.sdk -target arm64-apple-macos26.1 -g -module-cache-path /Users/hem/Library/Developer/Xcode/DerivedData/ModuleCache.noindex -Xfrontend -serialize-debugging-options -profile-coverage-mapping -profile-generate -enable-testing -index-store-path /Users/hem/Library/Developer/Xcode/DerivedData/FocusBlox-awtxlldmubwqcwggsrfosewjcyoq/Index.noindex/DataStore -Xcc -D_LIBCPP_HARDENING_MODE\=_LIBCPP_HARDENING_MODE_DEBUG -swift-version 5 -I /Users/hem/Library/Developer/Xcode/DerivedData/FocusBlox-awtxlldmubwqcwggsrfosewjcyoq/Build/Products/Debug -F /Users/hem/Library/Developer/Xcode/DerivedData/FocusBlox-awtxlldmubwqcwggsrfosewjcyoq/Build/Products/Debug -emit-localized-strings -emit-localized-strings-path /Users/hem/Library/Developer/Xcode/DerivedData/FocusBlox-awtxlldmubwqcwggsrfosewjcyoq/Build/Intermediates.noindex/FocusBlox.build/Debug/FocusBloxMac.build/Objects-normal/arm64 -c -j10 -enable-batch-mode -incremental -Xcc -ivfsstatcache -Xcc /Users/hem/Library/Developer/Xcode/DerivedData/SDKStatCaches.noindex/macosx26.2-25C57-00fa09913b459cbbc988d1f6730289ae.sdkstatcache -output-file-map /Users/hem/Library/Developer/Xcode/DerivedData/FocusBlox-awtxlldmubwqcwggsrfosewjcyoq/Build/Intermediates.noindex/FocusBlox.build/Debug/FocusBloxMac.build/Objects-normal/arm64/FocusBloxMac-OutputFileMap.json -use-frontend-parseable-output -save-temps -no-color-diagnostics -explicit-module-build -module-cache-path /Users/hem/Library/Developer/Xcode/DerivedData/FocusBlox-awtxlldmubwqcwggsrfosewjcyoq/Build/Intermediates.noindex/SwiftExplicitPrecompiledModules -clang-scanner-module-cache-path /Users/hem/Library/Developer/Xcode/DerivedData/ModuleCache.noindex -sdk-module-cache-path /Users/hem/Library/Developer/Xcode/DerivedData/ModuleCache.noindex -serialize-diagnostics -emit-dependencies -emit-module -emit-module-path /Users/hem/Library/Developer/Xcode/DerivedData/FocusBlox-awtxlldmubwqcwggsrfosewjcyoq/Build/Intermediates.noindex/FocusBlox.build/Debug/FocusBloxMac.build/Objects-normal/arm64/FocusBloxMac.swiftmodule -validate-clang-modules-once -clang-build-session-file /Users/hem/Library/Developer/Xcode/DerivedData/ModuleCache.noindex/Session.modulevalidation -Xcc -I/Users/hem/Library/Developer/Xcode/DerivedData/FocusBlox-awtxlldmubwqcwggsrfosewjcyoq/Build/Intermediates.noindex/FocusBlox.build/Debug/FocusBloxMac.build/swift-overrides.hmap -emit-const-values -Xfrontend -const-gather-protocols-file -Xfrontend /Users/hem/Library/Developer/Xcode/DerivedData/FocusBlox-awtxlldmubwqcwggsrfosewjcyoq/Build/Intermediates.noindex/FocusBlox.build/Debug/FocusBloxMac.build/Objects-normal/arm64/FocusBloxMac_const_extract_protocols.json -Xcc -iquote -Xcc /Users/hem/Library/Developer/Xcode/DerivedData/FocusBlox-awtxlldmubwqcwggsrfosewjcyoq/Build/Intermediates.noindex/FocusBlox.build/Debug/FocusBloxMac.build/FocusBloxMac-generated-files.hmap -Xcc -I/Users/hem/Library/Developer/Xcode/DerivedData/FocusBlox-awtxlldmubwqcwggsrfosewjcyoq/Build/Intermediates.noindex/FocusBlox.build/Debug/FocusBloxMac.build/FocusBloxMac-own-target-headers.hmap -Xcc -I/Users/hem/Library/Developer/Xcode/DerivedData/FocusBlox-awtxlldmubwqcwggsrfosewjcyoq/Build/Intermediates.noindex/FocusBlox.build/Debug/FocusBloxMac.build/FocusBloxMac-all-target-headers.hmap -Xcc -iquote -Xcc /Users/hem/Library/Developer/Xcode/DerivedData/FocusBlox-awtxlldmubwqcwggsrfosewjcyoq/Build/Intermediates.noindex/FocusBlox.build/Debug/FocusBloxMac.build/FocusBloxMac-project-headers.hmap -Xcc -I/Users/hem/Library/Developer/Xcode/DerivedData/FocusBlox-awtxlldmubwqcwggsrfosewjcyoq/Build/Products/Debug/include -Xcc -I/Users/hem/Library/Developer/Xcode/DerivedData/FocusBlox-awtxlldmubwqcwggsrfosewjcyoq/Build/Intermediates.noindex/FocusBlox.build/Debug/FocusBloxMac.build/DerivedSources-normal/arm64 -Xcc -I/Users/hem/Library/Developer/Xcode/DerivedData/FocusBlox-awtxlldmubwqcwggsrfosewjcyoq/Build/Intermediates.noindex/FocusBlox.build/Debug/FocusBloxMac.build/DerivedSources/arm64 -Xcc -I/Users/hem/Library/Developer/Xcode/DerivedData/FocusBlox-awtxlldmubwqcwggsrfosewjcyoq/Build/Intermediates.noindex/FocusBlox.build/Debug/FocusBloxMac.build/DerivedSources -Xcc -DDEBUG\=1 -Xcc -DDEBUG\=1 -emit-objc-header -emit-objc-header-path /Users/hem/Library/Developer/Xcode/DerivedData/FocusBlox-awtxlldmubwqcwggsrfosewjcyoq/Build/Intermediates.noindex/FocusBlox.build/Debug/FocusBloxMac.build/Objects-normal/arm64/FocusBloxMac-Swift.h -working-directory /Users/hem/Documents/opt/my-daily-sprints -experimental-emit-module-separately -disable-cmo

Copy /Users/hem/Library/Developer/Xcode/DerivedData/FocusBlox-awtxlldmubwqcwggsrfosewjcyoq/Build/Products/Debug/FocusBloxMac.swiftmodule/arm64-apple-macos.abi.json /Users/hem/Library/Developer/Xcode/DerivedData/FocusBlox-awtxlldmubwqcwggsrfosewjcyoq/Build/Intermediates.noindex/FocusBlox.build/Debug/FocusBloxMac.build/Objects-normal/arm64/FocusBloxMac.abi.json (in target 'FocusBloxMac' from project 'FocusBlox')
    cd /Users/hem/Documents/opt/my-daily-sprints
    builtin-copy -exclude .DS_Store -exclude CVS -exclude .svn -exclude .git -exclude .hg -resolve-src-symlinks -rename /Users/hem/Library/Developer/Xcode/DerivedData/FocusBlox-awtxlldmubwqcwggsrfosewjcyoq/Build/Intermediates.noindex/FocusBlox.build/Debug/FocusBloxMac.build/Objects-normal/arm64/FocusBloxMac.abi.json /Users/hem/Library/Developer/Xcode/DerivedData/FocusBlox-awtxlldmubwqcwggsrfosewjcyoq/Build/Products/Debug/FocusBloxMac.swiftmodule/arm64-apple-macos.abi.json

Copy /Users/hem/Library/Developer/Xcode/DerivedData/FocusBlox-awtxlldmubwqcwggsrfosewjcyoq/Build/Products/Debug/FocusBloxMac.swiftmodule/Project/arm64-apple-macos.swiftsourceinfo /Users/hem/Library/Developer/Xcode/DerivedData/FocusBlox-awtxlldmubwqcwggsrfosewjcyoq/Build/Intermediates.noindex/FocusBlox.build/Debug/FocusBloxMac.build/Objects-normal/arm64/FocusBloxMac.swiftsourceinfo (in target 'FocusBloxMac' from project 'FocusBlox')
    cd /Users/hem/Documents/opt/my-daily-sprints
    builtin-copy -exclude .DS_Store -exclude CVS -exclude .svn -exclude .git -exclude .hg -resolve-src-symlinks -rename /Users/hem/Library/Developer/Xcode/DerivedData/FocusBlox-awtxlldmubwqcwggsrfosewjcyoq/Build/Intermediates.noindex/FocusBlox.build/Debug/FocusBloxMac.build/Objects-normal/arm64/FocusBloxMac.swiftsourceinfo /Users/hem/Library/Developer/Xcode/DerivedData/FocusBlox-awtxlldmubwqcwggsrfosewjcyoq/Build/Products/Debug/FocusBloxMac.swiftmodule/Project/arm64-apple-macos.swiftsourceinfo

SwiftDriver FocusBloxMacTests normal arm64 com.apple.xcode.tools.swift.compiler (in target 'FocusBloxMacTests' from project 'FocusBlox')
    cd /Users/hem/Documents/opt/my-daily-sprints
    builtin-SwiftDriver -- /Applications/Xcode.app/Contents/Developer/Toolchains/XcodeDefault.xctoolchain/usr/bin/swiftc -module-name FocusBloxMacTests -Onone -enforce-exclusivity\=checked @/Users/hem/Library/Developer/Xcode/DerivedData/FocusBlox-awtxlldmubwqcwggsrfosewjcyoq/Build/Intermediates.noindex/FocusBlox.build/Debug/FocusBloxMacTests.build/Objects-normal/arm64/FocusBloxMacTests.SwiftFileList -DDEBUG -DDEBUG -plugin-path /Applications/Xcode.app/Contents/Developer/Toolchains/XcodeDefault.xctoolchain/usr/lib/swift/host/plugins/testing -enable-bare-slash-regex -enable-upcoming-feature DisableOutwardActorInference -enable-upcoming-feature InferSendableFromCaptures -enable-upcoming-feature GlobalActorIsolatedTypesUsability -enable-upcoming-feature MemberImportVisibility -enable-upcoming-feature InferIsolatedConformances -enable-upcoming-feature NonisolatedNonsendingByDefault -enable-experimental-feature DebugDescriptionMacro -sdk /Applications/Xcode.app/Contents/Developer/Platforms/MacOSX.platform/Developer/SDKs/MacOSX26.2.sdk -target arm64-apple-macos26.1 -g -module-cache-path /Users/hem/Library/Developer/Xcode/DerivedData/ModuleCache.noindex -Xfrontend -serialize-debugging-options -profile-coverage-mapping -profile-generate -enable-testing -index-store-path /Users/hem/Library/Developer/Xcode/DerivedData/FocusBlox-awtxlldmubwqcwggsrfosewjcyoq/Index.noindex/DataStore -Xcc -D_LIBCPP_HARDENING_MODE\=_LIBCPP_HARDENING_MODE_DEBUG -swift-version 5 -I /Users/hem/Library/Developer/Xcode/DerivedData/FocusBlox-awtxlldmubwqcwggsrfosewjcyoq/Build/Products/Debug -Isystem /Applications/Xcode.app/Contents/Developer/Platforms/MacOSX.platform/Developer/usr/lib -F /Users/hem/Library/Developer/Xcode/DerivedData/FocusBlox-awtxlldmubwqcwggsrfosewjcyoq/Build/Products/Debug -F /Applications/Xcode.app/Contents/Developer/Platforms/MacOSX.platform/Developer/Library/Frameworks -c -j10 -enable-batch-mode -incremental -Xcc -ivfsstatcache -Xcc /Users/hem/Library/Developer/Xcode/DerivedData/SDKStatCaches.noindex/macosx26.2-25C57-00fa09913b459cbbc988d1f6730289ae.sdkstatcache -output-file-map /Users/hem/Library/Developer/Xcode/DerivedData/FocusBlox-awtxlldmubwqcwggsrfosewjcyoq/Build/Intermediates.noindex/FocusBlox.build/Debug/FocusBloxMacTests.build/Objects-normal/arm64/FocusBloxMacTests-OutputFileMap.json -use-frontend-parseable-output -save-temps -no-color-diagnostics -explicit-module-build -module-cache-path /Users/hem/Library/Developer/Xcode/DerivedData/FocusBlox-awtxlldmubwqcwggsrfosewjcyoq/Build/Intermediates.noindex/SwiftExplicitPrecompiledModules -clang-scanner-module-cache-path /Users/hem/Library/Developer/Xcode/DerivedData/ModuleCache.noindex -sdk-module-cache-path /Users/hem/Library/Developer/Xcode/DerivedData/ModuleCache.noindex -serialize-diagnostics -emit-dependencies -emit-module -emit-module-path /Users/hem/Library/Developer/Xcode/DerivedData/FocusBlox-awtxlldmubwqcwggsrfosewjcyoq/Build/Intermediates.noindex/FocusBlox.build/Debug/FocusBloxMacTests.build/Objects-normal/arm64/FocusBloxMacTests.swiftmodule -validate-clang-modules-once -clang-build-session-file /Users/hem/Library/Developer/Xcode/DerivedData/ModuleCache.noindex/Session.modulevalidation -Xcc -I/Users/hem/Library/Developer/Xcode/DerivedData/FocusBlox-awtxlldmubwqcwggsrfosewjcyoq/Build/Intermediates.noindex/FocusBlox.build/Debug/FocusBloxMacTests.build/swift-overrides.hmap -emit-const-values -Xfrontend -const-gather-protocols-file -Xfrontend /Users/hem/Library/Developer/Xcode/DerivedData/FocusBlox-awtxlldmubwqcwggsrfosewjcyoq/Build/Intermediates.noindex/FocusBlox.build/Debug/FocusBloxMacTests.build/Objects-normal/arm64/FocusBloxMacTests_const_extract_protocols.json -Xcc -iquote -Xcc /Users/hem/Library/Developer/Xcode/DerivedData/FocusBlox-awtxlldmubwqcwggsrfosewjcyoq/Build/Intermediates.noindex/FocusBlox.build/Debug/FocusBloxMacTests.build/FocusBloxMacTests-generated-files.hmap -Xcc -I/Users/hem/Library/Developer/Xcode/DerivedData/FocusBlox-awtxlldmubwqcwggsrfosewjcyoq/Build/Intermediates.noindex/FocusBlox.build/Debug/FocusBloxMacTests.build/FocusBloxMacTests-own-target-headers.hmap -Xcc -I/Users/hem/Library/Developer/Xcode/DerivedData/FocusBlox-awtxlldmubwqcwggsrfosewjcyoq/Build/Intermediates.noindex/FocusBlox.build/Debug/FocusBloxMacTests.build/FocusBloxMacTests-all-target-headers.hmap -Xcc -iquote -Xcc /Users/hem/Library/Developer/Xcode/DerivedData/FocusBlox-awtxlldmubwqcwggsrfosewjcyoq/Build/Intermediates.noindex/FocusBlox.build/Debug/FocusBloxMacTests.build/FocusBloxMacTests-project-headers.hmap -Xcc -I/Users/hem/Library/Developer/Xcode/DerivedData/FocusBlox-awtxlldmubwqcwggsrfosewjcyoq/Build/Products/Debug/include -Xcc -I/Users/hem/Library/Developer/Xcode/DerivedData/FocusBlox-awtxlldmubwqcwggsrfosewjcyoq/Build/Intermediates.noindex/FocusBlox.build/Debug/FocusBloxMacTests.build/DerivedSources-normal/arm64 -Xcc -I/Users/hem/Library/Developer/Xcode/DerivedData/FocusBlox-awtxlldmubwqcwggsrfosewjcyoq/Build/Intermediates.noindex/FocusBlox.build/Debug/FocusBloxMacTests.build/DerivedSources/arm64 -Xcc -I/Users/hem/Library/Developer/Xcode/DerivedData/FocusBlox-awtxlldmubwqcwggsrfosewjcyoq/Build/Intermediates.noindex/FocusBlox.build/Debug/FocusBloxMacTests.build/DerivedSources -Xcc -DDEBUG\=1 -Xcc -DDEBUG\=1 -emit-objc-header -emit-objc-header-path /Users/hem/Library/Developer/Xcode/DerivedData/FocusBlox-awtxlldmubwqcwggsrfosewjcyoq/Build/Intermediates.noindex/FocusBlox.build/Debug/FocusBloxMacTests.build/Objects-normal/arm64/FocusBloxMacTests-Swift.h -working-directory /Users/hem/Documents/opt/my-daily-sprints -experimental-emit-module-separately -disable-cmo

CodeSign /Users/hem/Library/Developer/Xcode/DerivedData/FocusBlox-awtxlldmubwqcwggsrfosewjcyoq/Build/Products/Debug/FocusBloxMac.app/Contents/Frameworks/libXCTestSwiftSupport.dylib (in target 'FocusBloxMac' from project 'FocusBlox')
    cd /Users/hem/Documents/opt/my-daily-sprints
    
    Signing Identity:     "Apple Development: henning.emmrich@gmail.com (986F8V7Y9Z)"
    Provisioning Profile: "Mac Team Provisioning Profile: henemm.FocusBloxMac"
                          (124bf929-07ff-4c81-9b92-fb8f6565329b)
    
    /usr/bin/codesign --force --sign 2C8277A4C1E6A1A1CC4B45484D787F1647143A06 -o runtime --timestamp\=none --preserve-metadata\=identifier,entitlements,flags --generate-entitlement-der /Users/hem/Library/Developer/Xcode/DerivedData/FocusBlox-awtxlldmubwqcwggsrfosewjcyoq/Build/Products/Debug/FocusBloxMac.app/Contents/Frameworks/libXCTestSwiftSupport.dylib
/Users/hem/Library/Developer/Xcode/DerivedData/FocusBlox-awtxlldmubwqcwggsrfosewjcyoq/Build/Products/Debug/FocusBloxMac.app/Contents/Frameworks/libXCTestSwiftSupport.dylib: replacing existing signature

CodeSign /Users/hem/Library/Developer/Xcode/DerivedData/FocusBlox-awtxlldmubwqcwggsrfosewjcyoq/Build/Products/Debug/FocusBloxMac.app/Contents/Frameworks/libXCTestBundleInject.dylib (in target 'FocusBloxMac' from project 'FocusBlox')
    cd /Users/hem/Documents/opt/my-daily-sprints
    
    Signing Identity:     "Apple Development: henning.emmrich@gmail.com (986F8V7Y9Z)"
    Provisioning Profile: "Mac Team Provisioning Profile: henemm.FocusBloxMac"
                          (124bf929-07ff-4c81-9b92-fb8f6565329b)
    
    /usr/bin/codesign --force --sign 2C8277A4C1E6A1A1CC4B45484D787F1647143A06 -o runtime --timestamp\=none --preserve-metadata\=identifier,entitlements,flags --generate-entitlement-der /Users/hem/Library/Developer/Xcode/DerivedData/FocusBlox-awtxlldmubwqcwggsrfosewjcyoq/Build/Products/Debug/FocusBloxMac.app/Contents/Frameworks/libXCTestBundleInject.dylib
/Users/hem/Library/Developer/Xcode/DerivedData/FocusBlox-awtxlldmubwqcwggsrfosewjcyoq/Build/Products/Debug/FocusBloxMac.app/Contents/Frameworks/libXCTestBundleInject.dylib: replacing existing signature

CodeSign /Users/hem/Library/Developer/Xcode/DerivedData/FocusBlox-awtxlldmubwqcwggsrfosewjcyoq/Build/Products/Debug/FocusBloxMac.app/Contents/Frameworks/XCUnit.framework (in target 'FocusBloxMac' from project 'FocusBlox')
    cd /Users/hem/Documents/opt/my-daily-sprints
    
    Signing Identity:     "Apple Development: henning.emmrich@gmail.com (986F8V7Y9Z)"
    Provisioning Profile: "Mac Team Provisioning Profile: henemm.FocusBloxMac"
                          (124bf929-07ff-4c81-9b92-fb8f6565329b)
    
    /usr/bin/codesign --force --sign 2C8277A4C1E6A1A1CC4B45484D787F1647143A06 -o runtime --timestamp\=none --preserve-metadata\=identifier,entitlements,flags --generate-entitlement-der /Users/hem/Library/Developer/Xcode/DerivedData/FocusBlox-awtxlldmubwqcwggsrfosewjcyoq/Build/Products/Debug/FocusBloxMac.app/Contents/Frameworks/XCUnit.framework
/Users/hem/Library/Developer/Xcode/DerivedData/FocusBlox-awtxlldmubwqcwggsrfosewjcyoq/Build/Products/Debug/FocusBloxMac.app/Contents/Frameworks/XCUnit.framework: replacing existing signature

CodeSign /Users/hem/Library/Developer/Xcode/DerivedData/FocusBlox-awtxlldmubwqcwggsrfosewjcyoq/Build/Products/Debug/FocusBloxMac.app/Contents/Frameworks/XCUIAutomation.framework (in target 'FocusBloxMac' from project 'FocusBlox')
    cd /Users/hem/Documents/opt/my-daily-sprints
    
    Signing Identity:     "Apple Development: henning.emmrich@gmail.com (986F8V7Y9Z)"
    Provisioning Profile: "Mac Team Provisioning Profile: henemm.FocusBloxMac"
                          (124bf929-07ff-4c81-9b92-fb8f6565329b)
    
    /usr/bin/codesign --force --sign 2C8277A4C1E6A1A1CC4B45484D787F1647143A06 -o runtime --timestamp\=none --preserve-metadata\=identifier,entitlements,flags --generate-entitlement-der /Users/hem/Library/Developer/Xcode/DerivedData/FocusBlox-awtxlldmubwqcwggsrfosewjcyoq/Build/Products/Debug/FocusBloxMac.app/Contents/Frameworks/XCUIAutomation.framework
/Users/hem/Library/Developer/Xcode/DerivedData/FocusBlox-awtxlldmubwqcwggsrfosewjcyoq/Build/Products/Debug/FocusBloxMac.app/Contents/Frameworks/XCUIAutomation.framework: replacing existing signature

CodeSign /Users/hem/Library/Developer/Xcode/DerivedData/FocusBlox-awtxlldmubwqcwggsrfosewjcyoq/Build/Products/Debug/FocusBloxMac.app/Contents/Frameworks/XCTestSupport.framework (in target 'FocusBloxMac' from project 'FocusBlox')
    cd /Users/hem/Documents/opt/my-daily-sprints
    
    Signing Identity:     "Apple Development: henning.emmrich@gmail.com (986F8V7Y9Z)"
    Provisioning Profile: "Mac Team Provisioning Profile: henemm.FocusBloxMac"
                          (124bf929-07ff-4c81-9b92-fb8f6565329b)
    
    /usr/bin/codesign --force --sign 2C8277A4C1E6A1A1CC4B45484D787F1647143A06 -o runtime --timestamp\=none --preserve-metadata\=identifier,entitlements,flags --generate-entitlement-der /Users/hem/Library/Developer/Xcode/DerivedData/FocusBlox-awtxlldmubwqcwggsrfosewjcyoq/Build/Products/Debug/FocusBloxMac.app/Contents/Frameworks/XCTestSupport.framework
/Users/hem/Library/Developer/Xcode/DerivedData/FocusBlox-awtxlldmubwqcwggsrfosewjcyoq/Build/Products/Debug/FocusBloxMac.app/Contents/Frameworks/XCTestSupport.framework: replacing existing signature

CodeSign /Users/hem/Library/Developer/Xcode/DerivedData/FocusBlox-awtxlldmubwqcwggsrfosewjcyoq/Build/Products/Debug/FocusBloxMac.app/Contents/Frameworks/XCTestCore.framework (in target 'FocusBloxMac' from project 'FocusBlox')
    cd /Users/hem/Documents/opt/my-daily-sprints
    
    Signing Identity:     "Apple Development: henning.emmrich@gmail.com (986F8V7Y9Z)"
    Provisioning Profile: "Mac Team Provisioning Profile: henemm.FocusBloxMac"
                          (124bf929-07ff-4c81-9b92-fb8f6565329b)
    
    /usr/bin/codesign --force --sign 2C8277A4C1E6A1A1CC4B45484D787F1647143A06 -o runtime --timestamp\=none --preserve-metadata\=identifier,entitlements,flags --generate-entitlement-der /Users/hem/Library/Developer/Xcode/DerivedData/FocusBlox-awtxlldmubwqcwggsrfosewjcyoq/Build/Products/Debug/FocusBloxMac.app/Contents/Frameworks/XCTestCore.framework
/Users/hem/Library/Developer/Xcode/DerivedData/FocusBlox-awtxlldmubwqcwggsrfosewjcyoq/Build/Products/Debug/FocusBloxMac.app/Contents/Frameworks/XCTestCore.framework: replacing existing signature

CodeSign /Users/hem/Library/Developer/Xcode/DerivedData/FocusBlox-awtxlldmubwqcwggsrfosewjcyoq/Build/Products/Debug/FocusBloxMac.app/Contents/Frameworks/XCTest.framework (in target 'FocusBloxMac' from project 'FocusBlox')
    cd /Users/hem/Documents/opt/my-daily-sprints
    
    Signing Identity:     "Apple Development: henning.emmrich@gmail.com (986F8V7Y9Z)"
    Provisioning Profile: "Mac Team Provisioning Profile: henemm.FocusBloxMac"
                          (124bf929-07ff-4c81-9b92-fb8f6565329b)
    
    /usr/bin/codesign --force --sign 2C8277A4C1E6A1A1CC4B45484D787F1647143A06 -o runtime --timestamp\=none --preserve-metadata\=identifier,entitlements,flags --generate-entitlement-der /Users/hem/Library/Developer/Xcode/DerivedData/FocusBlox-awtxlldmubwqcwggsrfosewjcyoq/Build/Products/Debug/FocusBloxMac.app/Contents/Frameworks/XCTest.framework
/Users/hem/Library/Developer/Xcode/DerivedData/FocusBlox-awtxlldmubwqcwggsrfosewjcyoq/Build/Products/Debug/FocusBloxMac.app/Contents/Frameworks/XCTest.framework: replacing existing signature

CodeSign /Users/hem/Library/Developer/Xcode/DerivedData/FocusBlox-awtxlldmubwqcwggsrfosewjcyoq/Build/Products/Debug/FocusBloxMac.app/Contents/Frameworks/XCTAutomationSupport.framework (in target 'FocusBloxMac' from project 'FocusBlox')
    cd /Users/hem/Documents/opt/my-daily-sprints
    
    Signing Identity:     "Apple Development: henning.emmrich@gmail.com (986F8V7Y9Z)"
    Provisioning Profile: "Mac Team Provisioning Profile: henemm.FocusBloxMac"
                          (124bf929-07ff-4c81-9b92-fb8f6565329b)
    
    /usr/bin/codesign --force --sign 2C8277A4C1E6A1A1CC4B45484D787F1647143A06 -o runtime --timestamp\=none --preserve-metadata\=identifier,entitlements,flags --generate-entitlement-der /Users/hem/Library/Developer/Xcode/DerivedData/FocusBlox-awtxlldmubwqcwggsrfosewjcyoq/Build/Products/Debug/FocusBloxMac.app/Contents/Frameworks/XCTAutomationSupport.framework
/Users/hem/Library/Developer/Xcode/DerivedData/FocusBlox-awtxlldmubwqcwggsrfosewjcyoq/Build/Products/Debug/FocusBloxMac.app/Contents/Frameworks/XCTAutomationSupport.framework: replacing existing signature

CodeSign /Users/hem/Library/Developer/Xcode/DerivedData/FocusBlox-awtxlldmubwqcwggsrfosewjcyoq/Build/Products/Debug/FocusBloxMac.app/Contents/Frameworks/Testing.framework (in target 'FocusBloxMac' from project 'FocusBlox')
    cd /Users/hem/Documents/opt/my-daily-sprints
    
    Signing Identity:     "Apple Development: henning.emmrich@gmail.com (986F8V7Y9Z)"
    Provisioning Profile: "Mac Team Provisioning Profile: henemm.FocusBloxMac"
                          (124bf929-07ff-4c81-9b92-fb8f6565329b)
    
    /usr/bin/codesign --force --sign 2C8277A4C1E6A1A1CC4B45484D787F1647143A06 -o runtime --timestamp\=none --preserve-metadata\=identifier,entitlements,flags --generate-entitlement-der /Users/hem/Library/Developer/Xcode/DerivedData/FocusBlox-awtxlldmubwqcwggsrfosewjcyoq/Build/Products/Debug/FocusBloxMac.app/Contents/Frameworks/Testing.framework
/Users/hem/Library/Developer/Xcode/DerivedData/FocusBlox-awtxlldmubwqcwggsrfosewjcyoq/Build/Products/Debug/FocusBloxMac.app/Contents/Frameworks/Testing.framework: replacing existing signature

SwiftDriverJobDiscovery normal arm64 Compiling MacAssignView.swift (in target 'FocusBloxMac' from project 'FocusBlox')

SwiftDriver\ Compilation FocusBloxMac normal arm64 com.apple.xcode.tools.swift.compiler (in target 'FocusBloxMac' from project 'FocusBlox')
    cd /Users/hem/Documents/opt/my-daily-sprints
    builtin-Swift-Compilation -- /Applications/Xcode.app/Contents/Developer/Toolchains/XcodeDefault.xctoolchain/usr/bin/swiftc -module-name FocusBloxMac -Onone -enforce-exclusivity\=checked @/Users/hem/Library/Developer/Xcode/DerivedData/FocusBlox-awtxlldmubwqcwggsrfosewjcyoq/Build/Intermediates.noindex/FocusBlox.build/Debug/FocusBloxMac.build/Objects-normal/arm64/FocusBloxMac.SwiftFileList -DDEBUG -DDEBUG -default-isolation\=MainActor -enable-bare-slash-regex -enable-upcoming-feature DisableOutwardActorInference -enable-upcoming-feature InferSendableFromCaptures -enable-upcoming-feature GlobalActorIsolatedTypesUsability -enable-upcoming-feature MemberImportVisibility -enable-upcoming-feature InferIsolatedConformances -enable-upcoming-feature NonisolatedNonsendingByDefault -enable-experimental-feature DebugDescriptionMacro -sdk /Applications/Xcode.app/Contents/Developer/Platforms/MacOSX.platform/Developer/SDKs/MacOSX26.2.sdk -target arm64-apple-macos26.1 -g -module-cache-path /Users/hem/Library/Developer/Xcode/DerivedData/ModuleCache.noindex -Xfrontend -serialize-debugging-options -profile-coverage-mapping -profile-generate -enable-testing -index-store-path /Users/hem/Library/Developer/Xcode/DerivedData/FocusBlox-awtxlldmubwqcwggsrfosewjcyoq/Index.noindex/DataStore -Xcc -D_LIBCPP_HARDENING_MODE\=_LIBCPP_HARDENING_MODE_DEBUG -swift-version 5 -I /Users/hem/Library/Developer/Xcode/DerivedData/FocusBlox-awtxlldmubwqcwggsrfosewjcyoq/Build/Products/Debug -F /Users/hem/Library/Developer/Xcode/DerivedData/FocusBlox-awtxlldmubwqcwggsrfosewjcyoq/Build/Products/Debug -emit-localized-strings -emit-localized-strings-path /Users/hem/Library/Developer/Xcode/DerivedData/FocusBlox-awtxlldmubwqcwggsrfosewjcyoq/Build/Intermediates.noindex/FocusBlox.build/Debug/FocusBloxMac.build/Objects-normal/arm64 -c -j10 -enable-batch-mode -incremental -Xcc -ivfsstatcache -Xcc /Users/hem/Library/Developer/Xcode/DerivedData/SDKStatCaches.noindex/macosx26.2-25C57-00fa09913b459cbbc988d1f6730289ae.sdkstatcache -output-file-map /Users/hem/Library/Developer/Xcode/DerivedData/FocusBlox-awtxlldmubwqcwggsrfosewjcyoq/Build/Intermediates.noindex/FocusBlox.build/Debug/FocusBloxMac.build/Objects-normal/arm64/FocusBloxMac-OutputFileMap.json -use-frontend-parseable-output -save-temps -no-color-diagnostics -explicit-module-build -module-cache-path /Users/hem/Library/Developer/Xcode/DerivedData/FocusBlox-awtxlldmubwqcwggsrfosewjcyoq/Build/Intermediates.noindex/SwiftExplicitPrecompiledModules -clang-scanner-module-cache-path /Users/hem/Library/Developer/Xcode/DerivedData/ModuleCache.noindex -sdk-module-cache-path /Users/hem/Library/Developer/Xcode/DerivedData/ModuleCache.noindex -serialize-diagnostics -emit-dependencies -emit-module -emit-module-path /Users/hem/Library/Developer/Xcode/DerivedData/FocusBlox-awtxlldmubwqcwggsrfosewjcyoq/Build/Intermediates.noindex/FocusBlox.build/Debug/FocusBloxMac.build/Objects-normal/arm64/FocusBloxMac.swiftmodule -validate-clang-modules-once -clang-build-session-file /Users/hem/Library/Developer/Xcode/DerivedData/ModuleCache.noindex/Session.modulevalidation -Xcc -I/Users/hem/Library/Developer/Xcode/DerivedData/FocusBlox-awtxlldmubwqcwggsrfosewjcyoq/Build/Intermediates.noindex/FocusBlox.build/Debug/FocusBloxMac.build/swift-overrides.hmap -emit-const-values -Xfrontend -const-gather-protocols-file -Xfrontend /Users/hem/Library/Developer/Xcode/DerivedData/FocusBlox-awtxlldmubwqcwggsrfosewjcyoq/Build/Intermediates.noindex/FocusBlox.build/Debug/FocusBloxMac.build/Objects-normal/arm64/FocusBloxMac_const_extract_protocols.json -Xcc -iquote -Xcc /Users/hem/Library/Developer/Xcode/DerivedData/FocusBlox-awtxlldmubwqcwggsrfosewjcyoq/Build/Intermediates.noindex/FocusBlox.build/Debug/FocusBloxMac.build/FocusBloxMac-generated-files.hmap -Xcc -I/Users/hem/Library/Developer/Xcode/DerivedData/FocusBlox-awtxlldmubwqcwggsrfosewjcyoq/Build/Intermediates.noindex/FocusBlox.build/Debug/FocusBloxMac.build/FocusBloxMac-own-target-headers.hmap -Xcc -I/Users/hem/Library/Developer/Xcode/DerivedData/FocusBlox-awtxlldmubwqcwggsrfosewjcyoq/Build/Intermediates.noindex/FocusBlox.build/Debug/FocusBloxMac.build/FocusBloxMac-all-target-headers.hmap -Xcc -iquote -Xcc /Users/hem/Library/Developer/Xcode/DerivedData/FocusBlox-awtxlldmubwqcwggsrfosewjcyoq/Build/Intermediates.noindex/FocusBlox.build/Debug/FocusBloxMac.build/FocusBloxMac-project-headers.hmap -Xcc -I/Users/hem/Library/Developer/Xcode/DerivedData/FocusBlox-awtxlldmubwqcwggsrfosewjcyoq/Build/Products/Debug/include -Xcc -I/Users/hem/Library/Developer/Xcode/DerivedData/FocusBlox-awtxlldmubwqcwggsrfosewjcyoq/Build/Intermediates.noindex/FocusBlox.build/Debug/FocusBloxMac.build/DerivedSources-normal/arm64 -Xcc -I/Users/hem/Library/Developer/Xcode/DerivedData/FocusBlox-awtxlldmubwqcwggsrfosewjcyoq/Build/Intermediates.noindex/FocusBlox.build/Debug/FocusBloxMac.build/DerivedSources/arm64 -Xcc -I/Users/hem/Library/Developer/Xcode/DerivedData/FocusBlox-awtxlldmubwqcwggsrfosewjcyoq/Build/Intermediates.noindex/FocusBlox.build/Debug/FocusBloxMac.build/DerivedSources -Xcc -DDEBUG\=1 -Xcc -DDEBUG\=1 -emit-objc-header -emit-objc-header-path /Users/hem/Library/Developer/Xcode/DerivedData/FocusBlox-awtxlldmubwqcwggsrfosewjcyoq/Build/Intermediates.noindex/FocusBlox.build/Debug/FocusBloxMac.build/Objects-normal/arm64/FocusBloxMac-Swift.h -working-directory /Users/hem/Documents/opt/my-daily-sprints -experimental-emit-module-separately -disable-cmo

CopySwiftLibs /Users/hem/Library/Developer/Xcode/DerivedData/FocusBlox-awtxlldmubwqcwggsrfosewjcyoq/Build/Products/Debug/FocusBloxMac.app (in target 'FocusBloxMac' from project 'FocusBlox')
    cd /Users/hem/Documents/opt/my-daily-sprints
    builtin-swiftStdLibTool --copy --verbose --sign 2C8277A4C1E6A1A1CC4B45484D787F1647143A06 --scan-executable /Users/hem/Library/Developer/Xcode/DerivedData/FocusBlox-awtxlldmubwqcwggsrfosewjcyoq/Build/Products/Debug/FocusBloxMac.app/Contents/MacOS/FocusBloxMac.debug.dylib --scan-folder /Users/hem/Library/Developer/Xcode/DerivedData/FocusBlox-awtxlldmubwqcwggsrfosewjcyoq/Build/Products/Debug/FocusBloxMac.app/Contents/Frameworks --scan-folder /Users/hem/Library/Developer/Xcode/DerivedData/FocusBlox-awtxlldmubwqcwggsrfosewjcyoq/Build/Products/Debug/FocusBloxMac.app/Contents/PlugIns --scan-folder /Users/hem/Library/Developer/Xcode/DerivedData/FocusBlox-awtxlldmubwqcwggsrfosewjcyoq/Build/Products/Debug/FocusBloxMac.app/Contents/Library/SystemExtensions --scan-folder /Users/hem/Library/Developer/Xcode/DerivedData/FocusBlox-awtxlldmubwqcwggsrfosewjcyoq/Build/Products/Debug/FocusBloxMac.app/Contents/Extensions --platform macosx --toolchain /Applications/Xcode.app/Contents/Developer/Toolchains/XcodeDefault.xctoolchain --destination /Users/hem/Library/Developer/Xcode/DerivedData/FocusBlox-awtxlldmubwqcwggsrfosewjcyoq/Build/Products/Debug/FocusBloxMac.app/Contents/Frameworks --strip-bitcode --strip-bitcode-tool /Applications/Xcode.app/Contents/Developer/Toolchains/XcodeDefault.xctoolchain/usr/bin/bitcode_strip --emit-dependency-info /Users/hem/Library/Developer/Xcode/DerivedData/FocusBlox-awtxlldmubwqcwggsrfosewjcyoq/Build/Intermediates.noindex/FocusBlox.build/Debug/FocusBloxMac.build/SwiftStdLibToolInputDependencies.dep --filter-for-swift-os

ExtractAppIntentsMetadata (in target 'FocusBloxMac' from project 'FocusBlox')
    cd /Users/hem/Documents/opt/my-daily-sprints
    /Applications/Xcode.app/Contents/Developer/Toolchains/XcodeDefault.xctoolchain/usr/bin/appintentsmetadataprocessor --toolchain-dir /Applications/Xcode.app/Contents/Developer/Toolchains/XcodeDefault.xctoolchain --module-name FocusBloxMac --sdk-root /Applications/Xcode.app/Contents/Developer/Platforms/MacOSX.platform/Developer/SDKs/MacOSX26.2.sdk --xcode-version 17C52 --platform-family macOS --deployment-target 26.1 --bundle-identifier henemm.FocusBloxMac --output /Users/hem/Library/Developer/Xcode/DerivedData/FocusBlox-awtxlldmubwqcwggsrfosewjcyoq/Build/Products/Debug/FocusBloxMac.app/Contents/Resources --target-triple arm64-apple-macos26.1 --binary-file /Users/hem/Library/Developer/Xcode/DerivedData/FocusBlox-awtxlldmubwqcwggsrfosewjcyoq/Build/Products/Debug/FocusBloxMac.app/Contents/MacOS/FocusBloxMac --dependency-file /Users/hem/Library/Developer/Xcode/DerivedData/FocusBlox-awtxlldmubwqcwggsrfosewjcyoq/Build/Intermediates.noindex/FocusBlox.build/Debug/FocusBloxMac.build/Objects-normal/arm64/FocusBloxMac_dependency_info.dat --stringsdata-file /Users/hem/Library/Developer/Xcode/DerivedData/FocusBlox-awtxlldmubwqcwggsrfosewjcyoq/Build/Intermediates.noindex/FocusBlox.build/Debug/FocusBloxMac.build/Objects-normal/arm64/ExtractedAppShortcutsMetadata.stringsdata --source-file-list /Users/hem/Library/Developer/Xcode/DerivedData/FocusBlox-awtxlldmubwqcwggsrfosewjcyoq/Build/Intermediates.noindex/FocusBlox.build/Debug/FocusBloxMac.build/Objects-normal/arm64/FocusBloxMac.SwiftFileList --metadata-file-list /Users/hem/Library/Developer/Xcode/DerivedData/FocusBlox-awtxlldmubwqcwggsrfosewjcyoq/Build/Intermediates.noindex/FocusBlox.build/Debug/FocusBloxMac.build/FocusBloxMac.DependencyMetadataFileList --static-metadata-file-list /Users/hem/Library/Developer/Xcode/DerivedData/FocusBlox-awtxlldmubwqcwggsrfosewjcyoq/Build/Intermediates.noindex/FocusBlox.build/Debug/FocusBloxMac.build/FocusBloxMac.DependencyStaticMetadataFileList --swift-const-vals-list /Users/hem/Library/Developer/Xcode/DerivedData/FocusBlox-awtxlldmubwqcwggsrfosewjcyoq/Build/Intermediates.noindex/FocusBlox.build/Debug/FocusBloxMac.build/Objects-normal/arm64/FocusBloxMac.SwiftConstValuesFileList --compile-time-extraction --deployment-aware-processing --validate-assistant-intents --no-app-shortcuts-localization
2026-02-10 09:17:45.471 appintentsmetadataprocessor[43418:4750090] Starting appintentsmetadataprocessor export
2026-02-10 09:17:45.480 appintentsmetadataprocessor[43418:4750090] warning: Metadata extraction skipped. No AppIntents.framework dependency found.

ProcessInfoPlistFile /Users/hem/Library/Developer/Xcode/DerivedData/FocusBlox-awtxlldmubwqcwggsrfosewjcyoq/Build/Products/Debug/FocusBloxMac.app/Contents/PlugIns/FocusBloxMacTests.xctest/Contents/Info.plist /Users/hem/Library/Developer/Xcode/DerivedData/FocusBlox-awtxlldmubwqcwggsrfosewjcyoq/Build/Intermediates.noindex/FocusBlox.build/Debug/FocusBloxMacTests.build/empty-FocusBloxMacTests.plist (in target 'FocusBloxMacTests' from project 'FocusBlox')
    cd /Users/hem/Documents/opt/my-daily-sprints
    builtin-infoPlistUtility /Users/hem/Library/Developer/Xcode/DerivedData/FocusBlox-awtxlldmubwqcwggsrfosewjcyoq/Build/Intermediates.noindex/FocusBlox.build/Debug/FocusBloxMacTests.build/empty-FocusBloxMacTests.plist -producttype com.apple.product-type.bundle.unit-test -expandbuildsettings -platform macosx -o /Users/hem/Library/Developer/Xcode/DerivedData/FocusBlox-awtxlldmubwqcwggsrfosewjcyoq/Build/Products/Debug/FocusBloxMac.app/Contents/PlugIns/FocusBloxMacTests.xctest/Contents/Info.plist

SwiftCompile normal arm64 Compiling\ CloudKitSyncTests.swift /Users/hem/Documents/opt/my-daily-sprints/FocusBloxMacTests/CloudKitSyncTests.swift (in target 'FocusBloxMacTests' from project 'FocusBlox')

SwiftCompile normal arm64 /Users/hem/Documents/opt/my-daily-sprints/FocusBloxMacTests/CloudKitSyncTests.swift (in target 'FocusBloxMacTests' from project 'FocusBlox')
    cd /Users/hem/Documents/opt/my-daily-sprints
    
/Users/hem/Documents/opt/my-daily-sprints/FocusBloxMacTests/CloudKitSyncTests.swift:71:13: warning: initialization of immutable value 'expectedICloudContainer' was never used; consider replacing with assignment to '_' or removing it
        let expectedICloudContainer = "iCloud.com.henning.focusblox"
        ~~~~^~~~~~~~~~~~~~~~~~~~~~~
        _

SwiftCompile normal arm64 Compiling\ TimelineLayoutTests.swift /Users/hem/Documents/opt/my-daily-sprints/FocusBloxMacTests/TimelineLayoutTests.swift (in target 'FocusBloxMacTests' from project 'FocusBlox')
SwiftCompile normal arm64 /Users/hem/Documents/opt/my-daily-sprints/FocusBloxMacTests/TimelineLayoutTests.swift (in target 'FocusBloxMacTests' from project 'FocusBlox')
    cd /Users/hem/Documents/opt/my-daily-sprints
    

SwiftEmitModule normal arm64 Emitting\ module\ for\ FocusBloxMacTests (in target 'FocusBloxMacTests' from project 'FocusBlox')

EmitSwiftModule normal arm64 (in target 'FocusBloxMacTests' from project 'FocusBlox')
    cd /Users/hem/Documents/opt/my-daily-sprints
    

SwiftDriverJobDiscovery normal arm64 Compiling CloudKitSyncTests.swift (in target 'FocusBloxMacTests' from project 'FocusBlox')

SwiftDriverJobDiscovery normal arm64 Emitting module for FocusBloxMacTests (in target 'FocusBloxMacTests' from project 'FocusBlox')

SwiftDriver\ Compilation\ Requirements FocusBloxMacTests normal arm64 com.apple.xcode.tools.swift.compiler (in target 'FocusBloxMacTests' from project 'FocusBlox')
    cd /Users/hem/Documents/opt/my-daily-sprints
    builtin-Swift-Compilation-Requirements -- /Applications/Xcode.app/Contents/Developer/Toolchains/XcodeDefault.xctoolchain/usr/bin/swiftc -module-name FocusBloxMacTests -Onone -enforce-exclusivity\=checked @/Users/hem/Library/Developer/Xcode/DerivedData/FocusBlox-awtxlldmubwqcwggsrfosewjcyoq/Build/Intermediates.noindex/FocusBlox.build/Debug/FocusBloxMacTests.build/Objects-normal/arm64/FocusBloxMacTests.SwiftFileList -DDEBUG -DDEBUG -plugin-path /Applications/Xcode.app/Contents/Developer/Toolchains/XcodeDefault.xctoolchain/usr/lib/swift/host/plugins/testing -enable-bare-slash-regex -enable-upcoming-feature DisableOutwardActorInference -enable-upcoming-feature InferSendableFromCaptures -enable-upcoming-feature GlobalActorIsolatedTypesUsability -enable-upcoming-feature MemberImportVisibility -enable-upcoming-feature InferIsolatedConformances -enable-upcoming-feature NonisolatedNonsendingByDefault -enable-experimental-feature DebugDescriptionMacro -sdk /Applications/Xcode.app/Contents/Developer/Platforms/MacOSX.platform/Developer/SDKs/MacOSX26.2.sdk -target arm64-apple-macos26.1 -g -module-cache-path /Users/hem/Library/Developer/Xcode/DerivedData/ModuleCache.noindex -Xfrontend -serialize-debugging-options -profile-coverage-mapping -profile-generate -enable-testing -index-store-path /Users/hem/Library/Developer/Xcode/DerivedData/FocusBlox-awtxlldmubwqcwggsrfosewjcyoq/Index.noindex/DataStore -Xcc -D_LIBCPP_HARDENING_MODE\=_LIBCPP_HARDENING_MODE_DEBUG -swift-version 5 -I /Users/hem/Library/Developer/Xcode/DerivedData/FocusBlox-awtxlldmubwqcwggsrfosewjcyoq/Build/Products/Debug -Isystem /Applications/Xcode.app/Contents/Developer/Platforms/MacOSX.platform/Developer/usr/lib -F /Users/hem/Library/Developer/Xcode/DerivedData/FocusBlox-awtxlldmubwqcwggsrfosewjcyoq/Build/Products/Debug -F /Applications/Xcode.app/Contents/Developer/Platforms/MacOSX.platform/Developer/Library/Frameworks -c -j10 -enable-batch-mode -incremental -Xcc -ivfsstatcache -Xcc /Users/hem/Library/Developer/Xcode/DerivedData/SDKStatCaches.noindex/macosx26.2-25C57-00fa09913b459cbbc988d1f6730289ae.sdkstatcache -output-file-map /Users/hem/Library/Developer/Xcode/DerivedData/FocusBlox-awtxlldmubwqcwggsrfosewjcyoq/Build/Intermediates.noindex/FocusBlox.build/Debug/FocusBloxMacTests.build/Objects-normal/arm64/FocusBloxMacTests-OutputFileMap.json -use-frontend-parseable-output -save-temps -no-color-diagnostics -explicit-module-build -module-cache-path /Users/hem/Library/Developer/Xcode/DerivedData/FocusBlox-awtxlldmubwqcwggsrfosewjcyoq/Build/Intermediates.noindex/SwiftExplicitPrecompiledModules -clang-scanner-module-cache-path /Users/hem/Library/Developer/Xcode/DerivedData/ModuleCache.noindex -sdk-module-cache-path /Users/hem/Library/Developer/Xcode/DerivedData/ModuleCache.noindex -serialize-diagnostics -emit-dependencies -emit-module -emit-module-path /Users/hem/Library/Developer/Xcode/DerivedData/FocusBlox-awtxlldmubwqcwggsrfosewjcyoq/Build/Intermediates.noindex/FocusBlox.build/Debug/FocusBloxMacTests.build/Objects-normal/arm64/FocusBloxMacTests.swiftmodule -validate-clang-modules-once -clang-build-session-file /Users/hem/Library/Developer/Xcode/DerivedData/ModuleCache.noindex/Session.modulevalidation -Xcc -I/Users/hem/Library/Developer/Xcode/DerivedData/FocusBlox-awtxlldmubwqcwggsrfosewjcyoq/Build/Intermediates.noindex/FocusBlox.build/Debug/FocusBloxMacTests.build/swift-overrides.hmap -emit-const-values -Xfrontend -const-gather-protocols-file -Xfrontend /Users/hem/Library/Developer/Xcode/DerivedData/FocusBlox-awtxlldmubwqcwggsrfosewjcyoq/Build/Intermediates.noindex/FocusBlox.build/Debug/FocusBloxMacTests.build/Objects-normal/arm64/FocusBloxMacTests_const_extract_protocols.json -Xcc -iquote -Xcc /Users/hem/Library/Developer/Xcode/DerivedData/FocusBlox-awtxlldmubwqcwggsrfosewjcyoq/Build/Intermediates.noindex/FocusBlox.build/Debug/FocusBloxMacTests.build/FocusBloxMacTests-generated-files.hmap -Xcc -I/Users/hem/Library/Developer/Xcode/DerivedData/FocusBlox-awtxlldmubwqcwggsrfosewjcyoq/Build/Intermediates.noindex/FocusBlox.build/Debug/FocusBloxMacTests.build/FocusBloxMacTests-own-target-headers.hmap -Xcc -I/Users/hem/Library/Developer/Xcode/DerivedData/FocusBlox-awtxlldmubwqcwggsrfosewjcyoq/Build/Intermediates.noindex/FocusBlox.build/Debug/FocusBloxMacTests.build/FocusBloxMacTests-all-target-headers.hmap -Xcc -iquote -Xcc /Users/hem/Library/Developer/Xcode/DerivedData/FocusBlox-awtxlldmubwqcwggsrfosewjcyoq/Build/Intermediates.noindex/FocusBlox.build/Debug/FocusBloxMacTests.build/FocusBloxMacTests-project-headers.hmap -Xcc -I/Users/hem/Library/Developer/Xcode/DerivedData/FocusBlox-awtxlldmubwqcwggsrfosewjcyoq/Build/Products/Debug/include -Xcc -I/Users/hem/Library/Developer/Xcode/DerivedData/FocusBlox-awtxlldmubwqcwggsrfosewjcyoq/Build/Intermediates.noindex/FocusBlox.build/Debug/FocusBloxMacTests.build/DerivedSources-normal/arm64 -Xcc -I/Users/hem/Library/Developer/Xcode/DerivedData/FocusBlox-awtxlldmubwqcwggsrfosewjcyoq/Build/Intermediates.noindex/FocusBlox.build/Debug/FocusBloxMacTests.build/DerivedSources/arm64 -Xcc -I/Users/hem/Library/Developer/Xcode/DerivedData/FocusBlox-awtxlldmubwqcwggsrfosewjcyoq/Build/Intermediates.noindex/FocusBlox.build/Debug/FocusBloxMacTests.build/DerivedSources -Xcc -DDEBUG\=1 -Xcc -DDEBUG\=1 -emit-objc-header -emit-objc-header-path /Users/hem/Library/Developer/Xcode/DerivedData/FocusBlox-awtxlldmubwqcwggsrfosewjcyoq/Build/Intermediates.noindex/FocusBlox.build/Debug/FocusBloxMacTests.build/Objects-normal/arm64/FocusBloxMacTests-Swift.h -working-directory /Users/hem/Documents/opt/my-daily-sprints -experimental-emit-module-separately -disable-cmo

Copy /Users/hem/Library/Developer/Xcode/DerivedData/FocusBlox-awtxlldmubwqcwggsrfosewjcyoq/Build/Products/Debug/FocusBloxMacTests.swiftmodule/arm64-apple-macos.abi.json /Users/hem/Library/Developer/Xcode/DerivedData/FocusBlox-awtxlldmubwqcwggsrfosewjcyoq/Build/Intermediates.noindex/FocusBlox.build/Debug/FocusBloxMacTests.build/Objects-normal/arm64/FocusBloxMacTests.abi.json (in target 'FocusBloxMacTests' from project 'FocusBlox')
    cd /Users/hem/Documents/opt/my-daily-sprints
    builtin-copy -exclude .DS_Store -exclude CVS -exclude .svn -exclude .git -exclude .hg -resolve-src-symlinks -rename /Users/hem/Library/Developer/Xcode/DerivedData/FocusBlox-awtxlldmubwqcwggsrfosewjcyoq/Build/Intermediates.noindex/FocusBlox.build/Debug/FocusBloxMacTests.build/Objects-normal/arm64/FocusBloxMacTests.abi.json /Users/hem/Library/Developer/Xcode/DerivedData/FocusBlox-awtxlldmubwqcwggsrfosewjcyoq/Build/Products/Debug/FocusBloxMacTests.swiftmodule/arm64-apple-macos.abi.json

SwiftDriverJobDiscovery normal arm64 Compiling TimelineLayoutTests.swift (in target 'FocusBloxMacTests' from project 'FocusBlox')

SwiftDriver\ Compilation FocusBloxMacTests normal arm64 com.apple.xcode.tools.swift.compiler (in target 'FocusBloxMacTests' from project 'FocusBlox')
    cd /Users/hem/Documents/opt/my-daily-sprints
    builtin-Swift-Compilation -- /Applications/Xcode.app/Contents/Developer/Toolchains/XcodeDefault.xctoolchain/usr/bin/swiftc -module-name FocusBloxMacTests -Onone -enforce-exclusivity\=checked @/Users/hem/Library/Developer/Xcode/DerivedData/FocusBlox-awtxlldmubwqcwggsrfosewjcyoq/Build/Intermediates.noindex/FocusBlox.build/Debug/FocusBloxMacTests.build/Objects-normal/arm64/FocusBloxMacTests.SwiftFileList -DDEBUG -DDEBUG -plugin-path /Applications/Xcode.app/Contents/Developer/Toolchains/XcodeDefault.xctoolchain/usr/lib/swift/host/plugins/testing -enable-bare-slash-regex -enable-upcoming-feature DisableOutwardActorInference -enable-upcoming-feature InferSendableFromCaptures -enable-upcoming-feature GlobalActorIsolatedTypesUsability -enable-upcoming-feature MemberImportVisibility -enable-upcoming-feature InferIsolatedConformances -enable-upcoming-feature NonisolatedNonsendingByDefault -enable-experimental-feature DebugDescriptionMacro -sdk /Applications/Xcode.app/Contents/Developer/Platforms/MacOSX.platform/Developer/SDKs/MacOSX26.2.sdk -target arm64-apple-macos26.1 -g -module-cache-path /Users/hem/Library/Developer/Xcode/DerivedData/ModuleCache.noindex -Xfrontend -serialize-debugging-options -profile-coverage-mapping -profile-generate -enable-testing -index-store-path /Users/hem/Library/Developer/Xcode/DerivedData/FocusBlox-awtxlldmubwqcwggsrfosewjcyoq/Index.noindex/DataStore -Xcc -D_LIBCPP_HARDENING_MODE\=_LIBCPP_HARDENING_MODE_DEBUG -swift-version 5 -I /Users/hem/Library/Developer/Xcode/DerivedData/FocusBlox-awtxlldmubwqcwggsrfosewjcyoq/Build/Products/Debug -Isystem /Applications/Xcode.app/Contents/Developer/Platforms/MacOSX.platform/Developer/usr/lib -F /Users/hem/Library/Developer/Xcode/DerivedData/FocusBlox-awtxlldmubwqcwggsrfosewjcyoq/Build/Products/Debug -F /Applications/Xcode.app/Contents/Developer/Platforms/MacOSX.platform/Developer/Library/Frameworks -c -j10 -enable-batch-mode -incremental -Xcc -ivfsstatcache -Xcc /Users/hem/Library/Developer/Xcode/DerivedData/SDKStatCaches.noindex/macosx26.2-25C57-00fa09913b459cbbc988d1f6730289ae.sdkstatcache -output-file-map /Users/hem/Library/Developer/Xcode/DerivedData/FocusBlox-awtxlldmubwqcwggsrfosewjcyoq/Build/Intermediates.noindex/FocusBlox.build/Debug/FocusBloxMacTests.build/Objects-normal/arm64/FocusBloxMacTests-OutputFileMap.json -use-frontend-parseable-output -save-temps -no-color-diagnostics -explicit-module-build -module-cache-path /Users/hem/Library/Developer/Xcode/DerivedData/FocusBlox-awtxlldmubwqcwggsrfosewjcyoq/Build/Intermediates.noindex/SwiftExplicitPrecompiledModules -clang-scanner-module-cache-path /Users/hem/Library/Developer/Xcode/DerivedData/ModuleCache.noindex -sdk-module-cache-path /Users/hem/Library/Developer/Xcode/DerivedData/ModuleCache.noindex -serialize-diagnostics -emit-dependencies -emit-module -emit-module-path /Users/hem/Library/Developer/Xcode/DerivedData/FocusBlox-awtxlldmubwqcwggsrfosewjcyoq/Build/Intermediates.noindex/FocusBlox.build/Debug/FocusBloxMacTests.build/Objects-normal/arm64/FocusBloxMacTests.swiftmodule -validate-clang-modules-once -clang-build-session-file /Users/hem/Library/Developer/Xcode/DerivedData/ModuleCache.noindex/Session.modulevalidation -Xcc -I/Users/hem/Library/Developer/Xcode/DerivedData/FocusBlox-awtxlldmubwqcwggsrfosewjcyoq/Build/Intermediates.noindex/FocusBlox.build/Debug/FocusBloxMacTests.build/swift-overrides.hmap -emit-const-values -Xfrontend -const-gather-protocols-file -Xfrontend /Users/hem/Library/Developer/Xcode/DerivedData/FocusBlox-awtxlldmubwqcwggsrfosewjcyoq/Build/Intermediates.noindex/FocusBlox.build/Debug/FocusBloxMacTests.build/Objects-normal/arm64/FocusBloxMacTests_const_extract_protocols.json -Xcc -iquote -Xcc /Users/hem/Library/Developer/Xcode/DerivedData/FocusBlox-awtxlldmubwqcwggsrfosewjcyoq/Build/Intermediates.noindex/FocusBlox.build/Debug/FocusBloxMacTests.build/FocusBloxMacTests-generated-files.hmap -Xcc -I/Users/hem/Library/Developer/Xcode/DerivedData/FocusBlox-awtxlldmubwqcwggsrfosewjcyoq/Build/Intermediates.noindex/FocusBlox.build/Debug/FocusBloxMacTests.build/FocusBloxMacTests-own-target-headers.hmap -Xcc -I/Users/hem/Library/Developer/Xcode/DerivedData/FocusBlox-awtxlldmubwqcwggsrfosewjcyoq/Build/Intermediates.noindex/FocusBlox.build/Debug/FocusBloxMacTests.build/FocusBloxMacTests-all-target-headers.hmap -Xcc -iquote -Xcc /Users/hem/Library/Developer/Xcode/DerivedData/FocusBlox-awtxlldmubwqcwggsrfosewjcyoq/Build/Intermediates.noindex/FocusBlox.build/Debug/FocusBloxMacTests.build/FocusBloxMacTests-project-headers.hmap -Xcc -I/Users/hem/Library/Developer/Xcode/DerivedData/FocusBlox-awtxlldmubwqcwggsrfosewjcyoq/Build/Products/Debug/include -Xcc -I/Users/hem/Library/Developer/Xcode/DerivedData/FocusBlox-awtxlldmubwqcwggsrfosewjcyoq/Build/Intermediates.noindex/FocusBlox.build/Debug/FocusBloxMacTests.build/DerivedSources-normal/arm64 -Xcc -I/Users/hem/Library/Developer/Xcode/DerivedData/FocusBlox-awtxlldmubwqcwggsrfosewjcyoq/Build/Intermediates.noindex/FocusBlox.build/Debug/FocusBloxMacTests.build/DerivedSources/arm64 -Xcc -I/Users/hem/Library/Developer/Xcode/DerivedData/FocusBlox-awtxlldmubwqcwggsrfosewjcyoq/Build/Intermediates.noindex/FocusBlox.build/Debug/FocusBloxMacTests.build/DerivedSources -Xcc -DDEBUG\=1 -Xcc -DDEBUG\=1 -emit-objc-header -emit-objc-header-path /Users/hem/Library/Developer/Xcode/DerivedData/FocusBlox-awtxlldmubwqcwggsrfosewjcyoq/Build/Intermediates.noindex/FocusBlox.build/Debug/FocusBloxMacTests.build/Objects-normal/arm64/FocusBloxMacTests-Swift.h -working-directory /Users/hem/Documents/opt/my-daily-sprints -experimental-emit-module-separately -disable-cmo

Ld /Users/hem/Library/Developer/Xcode/DerivedData/FocusBlox-awtxlldmubwqcwggsrfosewjcyoq/Build/Products/Debug/FocusBloxMac.app/Contents/PlugIns/FocusBloxMacTests.xctest/Contents/MacOS/FocusBloxMacTests normal (in target 'FocusBloxMacTests' from project 'FocusBlox')
    cd /Users/hem/Documents/opt/my-daily-sprints
    /Applications/Xcode.app/Contents/Developer/Toolchains/XcodeDefault.xctoolchain/usr/bin/clang -Xlinker -reproducible -target arm64-apple-macos26.1 -bundle -isysroot /Applications/Xcode.app/Contents/Developer/Platforms/MacOSX.platform/Developer/SDKs/MacOSX26.2.sdk -O0 -L/Users/hem/Library/Developer/Xcode/DerivedData/FocusBlox-awtxlldmubwqcwggsrfosewjcyoq/Build/Intermediates.noindex/EagerLinkingTBDs/Debug -L/Users/hem/Library/Developer/Xcode/DerivedData/FocusBlox-awtxlldmubwqcwggsrfosewjcyoq/Build/Products/Debug -L/Applications/Xcode.app/Contents/Developer/Platforms/MacOSX.platform/Developer/usr/lib -F/Users/hem/Library/Developer/Xcode/DerivedData/FocusBlox-awtxlldmubwqcwggsrfosewjcyoq/Build/Intermediates.noindex/EagerLinkingTBDs/Debug -F/Users/hem/Library/Developer/Xcode/DerivedData/FocusBlox-awtxlldmubwqcwggsrfosewjcyoq/Build/Products/Debug -iframework /Applications/Xcode.app/Contents/Developer/Platforms/MacOSX.platform/Developer/Library/Frameworks -filelist /Users/hem/Library/Developer/Xcode/DerivedData/FocusBlox-awtxlldmubwqcwggsrfosewjcyoq/Build/Intermediates.noindex/FocusBlox.build/Debug/FocusBloxMacTests.build/Objects-normal/arm64/FocusBloxMacTests.LinkFileList -Xlinker -rpath -Xlinker @loader_path/../Frameworks -Xlinker -rpath -Xlinker @executable_path/../Frameworks -bundle_loader /Users/hem/Library/Developer/Xcode/DerivedData/FocusBlox-awtxlldmubwqcwggsrfosewjcyoq/Build/Products/Debug/FocusBloxMac.app/Contents/MacOS/FocusBloxMac -Xlinker -object_path_lto -Xlinker /Users/hem/Library/Developer/Xcode/DerivedData/FocusBlox-awtxlldmubwqcwggsrfosewjcyoq/Build/Intermediates.noindex/FocusBlox.build/Debug/FocusBloxMacTests.build/Objects-normal/arm64/FocusBloxMacTests_lto.o -rdynamic -Xlinker -no_deduplicate -Xlinker -debug_variant -Xlinker -dependency_info -Xlinker /Users/hem/Library/Developer/Xcode/DerivedData/FocusBlox-awtxlldmubwqcwggsrfosewjcyoq/Build/Intermediates.noindex/FocusBlox.build/Debug/FocusBloxMacTests.build/Objects-normal/arm64/FocusBloxMacTests_dependency_info.dat -fobjc-link-runtime -fprofile-instr-generate -L/Applications/Xcode.app/Contents/Developer/Toolchains/XcodeDefault.xctoolchain/usr/lib/swift/macosx -L/usr/lib/swift -Xlinker -add_ast_path -Xlinker /Users/hem/Library/Developer/Xcode/DerivedData/FocusBlox-awtxlldmubwqcwggsrfosewjcyoq/Build/Intermediates.noindex/FocusBlox.build/Debug/FocusBloxMacTests.build/Objects-normal/arm64/FocusBloxMacTests.swiftmodule @/Users/hem/Library/Developer/Xcode/DerivedData/FocusBlox-awtxlldmubwqcwggsrfosewjcyoq/Build/Intermediates.noindex/FocusBlox.build/Debug/FocusBloxMacTests.build/Objects-normal/arm64/FocusBloxMacTests-linker-args.resp -Xlinker -needed_framework -Xlinker XCTest -framework XCTest -Xlinker -needed-lXCTestSwiftSupport -lXCTestSwiftSupport /Users/hem/Library/Developer/Xcode/DerivedData/FocusBlox-awtxlldmubwqcwggsrfosewjcyoq/Build/Products/Debug/FocusBloxMac.app/Contents/MacOS/FocusBloxMac.debug.dylib -Xlinker -no_adhoc_codesign -o /Users/hem/Library/Developer/Xcode/DerivedData/FocusBlox-awtxlldmubwqcwggsrfosewjcyoq/Build/Products/Debug/FocusBloxMac.app/Contents/PlugIns/FocusBloxMacTests.xctest/Contents/MacOS/FocusBloxMacTests

ExtractAppIntentsMetadata (in target 'FocusBloxMacTests' from project 'FocusBlox')
    cd /Users/hem/Documents/opt/my-daily-sprints
    /Applications/Xcode.app/Contents/Developer/Toolchains/XcodeDefault.xctoolchain/usr/bin/appintentsmetadataprocessor --toolchain-dir /Applications/Xcode.app/Contents/Developer/Toolchains/XcodeDefault.xctoolchain --module-name FocusBloxMacTests --sdk-root /Applications/Xcode.app/Contents/Developer/Platforms/MacOSX.platform/Developer/SDKs/MacOSX26.2.sdk --xcode-version 17C52 --platform-family macOS --deployment-target 26.1 --bundle-identifier henemm.FocusBloxMacTests --output /Users/hem/Library/Developer/Xcode/DerivedData/FocusBlox-awtxlldmubwqcwggsrfosewjcyoq/Build/Products/Debug/FocusBloxMac.app/Contents/PlugIns/FocusBloxMacTests.xctest/Contents/Resources --target-triple arm64-apple-macos26.1 --binary-file /Users/hem/Library/Developer/Xcode/DerivedData/FocusBlox-awtxlldmubwqcwggsrfosewjcyoq/Build/Products/Debug/FocusBloxMac.app/Contents/PlugIns/FocusBloxMacTests.xctest/Contents/MacOS/FocusBloxMacTests --dependency-file /Users/hem/Library/Developer/Xcode/DerivedData/FocusBlox-awtxlldmubwqcwggsrfosewjcyoq/Build/Intermediates.noindex/FocusBlox.build/Debug/FocusBloxMacTests.build/Objects-normal/arm64/FocusBloxMacTests_dependency_info.dat --stringsdata-file /Users/hem/Library/Developer/Xcode/DerivedData/FocusBlox-awtxlldmubwqcwggsrfosewjcyoq/Build/Intermediates.noindex/FocusBlox.build/Debug/FocusBloxMacTests.build/Objects-normal/arm64/ExtractedAppShortcutsMetadata.stringsdata --source-file-list /Users/hem/Library/Developer/Xcode/DerivedData/FocusBlox-awtxlldmubwqcwggsrfosewjcyoq/Build/Intermediates.noindex/FocusBlox.build/Debug/FocusBloxMacTests.build/Objects-normal/arm64/FocusBloxMacTests.SwiftFileList --metadata-file-list /Users/hem/Library/Developer/Xcode/DerivedData/FocusBlox-awtxlldmubwqcwggsrfosewjcyoq/Build/Intermediates.noindex/FocusBlox.build/Debug/FocusBloxMacTests.build/FocusBloxMacTests.DependencyMetadataFileList --static-metadata-file-list /Users/hem/Library/Developer/Xcode/DerivedData/FocusBlox-awtxlldmubwqcwggsrfosewjcyoq/Build/Intermediates.noindex/FocusBlox.build/Debug/FocusBloxMacTests.build/FocusBloxMacTests.DependencyStaticMetadataFileList --swift-const-vals-list /Users/hem/Library/Developer/Xcode/DerivedData/FocusBlox-awtxlldmubwqcwggsrfosewjcyoq/Build/Intermediates.noindex/FocusBlox.build/Debug/FocusBloxMacTests.build/Objects-normal/arm64/FocusBloxMacTests.SwiftConstValuesFileList --compile-time-extraction --deployment-aware-processing --validate-assistant-intents --no-app-shortcuts-localization
2026-02-10 09:17:47.460 appintentsmetadataprocessor[43428:4750170] Starting appintentsmetadataprocessor export
2026-02-10 09:17:47.461 appintentsmetadataprocessor[43428:4750170] warning: Metadata extraction skipped. No AppIntents.framework dependency found.

CopySwiftLibs /Users/hem/Library/Developer/Xcode/DerivedData/FocusBlox-awtxlldmubwqcwggsrfosewjcyoq/Build/Products/Debug/FocusBloxMac.app/Contents/PlugIns/FocusBloxMacTests.xctest (in target 'FocusBloxMacTests' from project 'FocusBlox')
    cd /Users/hem/Documents/opt/my-daily-sprints
    builtin-swiftStdLibTool --copy --verbose --sign 2C8277A4C1E6A1A1CC4B45484D787F1647143A06 --scan-executable /Users/hem/Library/Developer/Xcode/DerivedData/FocusBlox-awtxlldmubwqcwggsrfosewjcyoq/Build/Products/Debug/FocusBloxMac.app/Contents/PlugIns/FocusBloxMacTests.xctest/Contents/MacOS/FocusBloxMacTests --scan-folder /Users/hem/Library/Developer/Xcode/DerivedData/FocusBlox-awtxlldmubwqcwggsrfosewjcyoq/Build/Products/Debug/FocusBloxMac.app/Contents/PlugIns/FocusBloxMacTests.xctest/Contents/Frameworks --scan-folder /Users/hem/Library/Developer/Xcode/DerivedData/FocusBlox-awtxlldmubwqcwggsrfosewjcyoq/Build/Products/Debug/FocusBloxMac.app/Contents/PlugIns/FocusBloxMacTests.xctest/Contents/PlugIns --scan-folder /Users/hem/Library/Developer/Xcode/DerivedData/FocusBlox-awtxlldmubwqcwggsrfosewjcyoq/Build/Products/Debug/FocusBloxMac.app/Contents/PlugIns/FocusBloxMacTests.xctest/Contents/Library/SystemExtensions --scan-folder /Users/hem/Library/Developer/Xcode/DerivedData/FocusBlox-awtxlldmubwqcwggsrfosewjcyoq/Build/Products/Debug/FocusBloxMac.app/Contents/PlugIns/FocusBloxMacTests.xctest/Contents/Extensions --platform macosx --toolchain /Applications/Xcode.app/Contents/Developer/Toolchains/XcodeDefault.xctoolchain --destination /Users/hem/Library/Developer/Xcode/DerivedData/FocusBlox-awtxlldmubwqcwggsrfosewjcyoq/Build/Products/Debug/FocusBloxMac.app/Contents/PlugIns/FocusBloxMacTests.xctest/Contents/Frameworks --strip-bitcode --scan-executable /Applications/Xcode.app/Contents/Developer/Platforms/MacOSX.platform/Developer/usr/lib/libXCTestSwiftSupport.dylib --strip-bitcode-tool /Applications/Xcode.app/Contents/Developer/Toolchains/XcodeDefault.xctoolchain/usr/bin/bitcode_strip --emit-dependency-info /Users/hem/Library/Developer/Xcode/DerivedData/FocusBlox-awtxlldmubwqcwggsrfosewjcyoq/Build/Intermediates.noindex/FocusBlox.build/Debug/FocusBloxMacTests.build/SwiftStdLibToolInputDependencies.dep --filter-for-swift-os

CodeSign /Users/hem/Library/Developer/Xcode/DerivedData/FocusBlox-awtxlldmubwqcwggsrfosewjcyoq/Build/Products/Debug/FocusBloxMac.app/Contents/PlugIns/FocusBloxMacTests.xctest (in target 'FocusBloxMacTests' from project 'FocusBlox')
    cd /Users/hem/Documents/opt/my-daily-sprints
    
    Signing Identity:     "Apple Development: henning.emmrich@gmail.com (986F8V7Y9Z)"
    
    /usr/bin/codesign --force --sign 2C8277A4C1E6A1A1CC4B45484D787F1647143A06 --timestamp\=none --generate-entitlement-der /Users/hem/Library/Developer/Xcode/DerivedData/FocusBlox-awtxlldmubwqcwggsrfosewjcyoq/Build/Products/Debug/FocusBloxMac.app/Contents/PlugIns/FocusBloxMacTests.xctest

CodeSign /Users/hem/Library/Developer/Xcode/DerivedData/FocusBlox-awtxlldmubwqcwggsrfosewjcyoq/Build/Products/Debug/FocusBloxMac.app/Contents/MacOS/FocusBloxMac.debug.dylib (in target 'FocusBloxMac' from project 'FocusBlox')
    cd /Users/hem/Documents/opt/my-daily-sprints
    
    Signing Identity:     "Apple Development: henning.emmrich@gmail.com (986F8V7Y9Z)"
    Provisioning Profile: "Mac Team Provisioning Profile: henemm.FocusBloxMac"
                          (124bf929-07ff-4c81-9b92-fb8f6565329b)
    
    /usr/bin/codesign --force --sign 2C8277A4C1E6A1A1CC4B45484D787F1647143A06 -o runtime --timestamp\=none --generate-entitlement-der /Users/hem/Library/Developer/Xcode/DerivedData/FocusBlox-awtxlldmubwqcwggsrfosewjcyoq/Build/Products/Debug/FocusBloxMac.app/Contents/MacOS/FocusBloxMac.debug.dylib
/Users/hem/Library/Developer/Xcode/DerivedData/FocusBlox-awtxlldmubwqcwggsrfosewjcyoq/Build/Products/Debug/FocusBloxMac.app/Contents/MacOS/FocusBloxMac.debug.dylib: replacing existing signature

CodeSign /Users/hem/Library/Developer/Xcode/DerivedData/FocusBlox-awtxlldmubwqcwggsrfosewjcyoq/Build/Products/Debug/FocusBloxMac.app/Contents/MacOS/__preview.dylib (in target 'FocusBloxMac' from project 'FocusBlox')
    cd /Users/hem/Documents/opt/my-daily-sprints
    
    Signing Identity:     "Apple Development: henning.emmrich@gmail.com (986F8V7Y9Z)"
    Provisioning Profile: "Mac Team Provisioning Profile: henemm.FocusBloxMac"
                          (124bf929-07ff-4c81-9b92-fb8f6565329b)
    
    /usr/bin/codesign --force --sign 2C8277A4C1E6A1A1CC4B45484D787F1647143A06 -o runtime --timestamp\=none --generate-entitlement-der /Users/hem/Library/Developer/Xcode/DerivedData/FocusBlox-awtxlldmubwqcwggsrfosewjcyoq/Build/Products/Debug/FocusBloxMac.app/Contents/MacOS/__preview.dylib
/Users/hem/Library/Developer/Xcode/DerivedData/FocusBlox-awtxlldmubwqcwggsrfosewjcyoq/Build/Products/Debug/FocusBloxMac.app/Contents/MacOS/__preview.dylib: replacing existing signature

CodeSign /Users/hem/Library/Developer/Xcode/DerivedData/FocusBlox-awtxlldmubwqcwggsrfosewjcyoq/Build/Products/Debug/FocusBloxMac.app (in target 'FocusBloxMac' from project 'FocusBlox')
    cd /Users/hem/Documents/opt/my-daily-sprints
    
    Signing Identity:     "Apple Development: henning.emmrich@gmail.com (986F8V7Y9Z)"
    Provisioning Profile: "Mac Team Provisioning Profile: henemm.FocusBloxMac"
                          (124bf929-07ff-4c81-9b92-fb8f6565329b)
    
    /usr/bin/codesign --force --sign 2C8277A4C1E6A1A1CC4B45484D787F1647143A06 -o runtime --entitlements /Users/hem/Library/Developer/Xcode/DerivedData/FocusBlox-awtxlldmubwqcwggsrfosewjcyoq/Build/Intermediates.noindex/FocusBlox.build/Debug/FocusBloxMac.build/FocusBloxMac.app.xcent --timestamp\=none --generate-entitlement-der /Users/hem/Library/Developer/Xcode/DerivedData/FocusBlox-awtxlldmubwqcwggsrfosewjcyoq/Build/Products/Debug/FocusBloxMac.app
/Users/hem/Library/Developer/Xcode/DerivedData/FocusBlox-awtxlldmubwqcwggsrfosewjcyoq/Build/Products/Debug/FocusBloxMac.app: replacing existing signature

Validate /Users/hem/Library/Developer/Xcode/DerivedData/FocusBlox-awtxlldmubwqcwggsrfosewjcyoq/Build/Products/Debug/FocusBloxMac.app (in target 'FocusBloxMac' from project 'FocusBlox')
    cd /Users/hem/Documents/opt/my-daily-sprints
    builtin-validationUtility /Users/hem/Library/Developer/Xcode/DerivedData/FocusBlox-awtxlldmubwqcwggsrfosewjcyoq/Build/Products/Debug/FocusBloxMac.app -no-validate-extension -infoplist-subpath Contents/Info.plist

RegisterWithLaunchServices /Users/hem/Library/Developer/Xcode/DerivedData/FocusBlox-awtxlldmubwqcwggsrfosewjcyoq/Build/Products/Debug/FocusBloxMac.app (in target 'FocusBloxMac' from project 'FocusBlox')
    cd /Users/hem/Documents/opt/my-daily-sprints
    /System/Library/Frameworks/CoreServices.framework/Versions/Current/Frameworks/LaunchServices.framework/Versions/Current/Support/lsregister -f -R -trusted /Users/hem/Library/Developer/Xcode/DerivedData/FocusBlox-awtxlldmubwqcwggsrfosewjcyoq/Build/Products/Debug/FocusBloxMac.app

ProcessInfoPlistFile /Users/hem/Library/Developer/Xcode/DerivedData/FocusBlox-awtxlldmubwqcwggsrfosewjcyoq/Build/Products/Debug/FocusBloxMacUITests-Runner.app/Contents/PlugIns/FocusBloxMacUITests.xctest/Contents/Info.plist /Users/hem/Library/Developer/Xcode/DerivedData/FocusBlox-awtxlldmubwqcwggsrfosewjcyoq/Build/Intermediates.noindex/FocusBlox.build/Debug/FocusBloxMacUITests.build/empty-FocusBloxMacUITests.plist (in target 'FocusBloxMacUITests' from project 'FocusBlox')
    cd /Users/hem/Documents/opt/my-daily-sprints
    builtin-infoPlistUtility /Users/hem/Library/Developer/Xcode/DerivedData/FocusBlox-awtxlldmubwqcwggsrfosewjcyoq/Build/Intermediates.noindex/FocusBlox.build/Debug/FocusBloxMacUITests.build/empty-FocusBloxMacUITests.plist -producttype com.apple.product-type.bundle.ui-testing -expandbuildsettings -platform macosx -additionalcontentfile /Users/hem/Library/Developer/Xcode/DerivedData/FocusBlox-awtxlldmubwqcwggsrfosewjcyoq/Build/Intermediates.noindex/FocusBlox.build/Debug/FocusBloxMacUITests.build/ProductTypeInfoPlistAdditions.plist -o /Users/hem/Library/Developer/Xcode/DerivedData/FocusBlox-awtxlldmubwqcwggsrfosewjcyoq/Build/Products/Debug/FocusBloxMacUITests-Runner.app/Contents/PlugIns/FocusBloxMacUITests.xctest/Contents/Info.plist

/Users/hem/Documents/opt/my-daily-sprints/FocusBlox.xcodeproj: warning: The Copy Bundle Resources build phase contains this target's Info.plist file '/Users/hem/Documents/opt/my-daily-sprints/FocusBloxMac/Info.plist'. (in target 'FocusBloxMac' from project 'FocusBlox')
2026-02-10 09:17:59.328849+0100 FocusBloxMacUITests-Runner[43464:4750679] [Default] Running tests...
Test Suite 'Selected tests' started at 2026-02-10 09:18:02.056.
Test Suite 'FocusBloxMacUITests.xctest' started at 2026-02-10 09:18:02.056.
Test Suite 'UnifiedBlockNavigationUITests' started at 2026-02-10 09:18:02.056.
Test Case '-[FocusBloxMacUITests.UnifiedBlockNavigationUITests testBlockCardVisibleInZuweisenAfterNavigation]' started.
    t =     0.00s Start Test at 2026-02-10 09:18:02.057
    t =     5.86s Set Up
    t =     5.96s     Open henemm.FocusBloxMac
    t =     5.96s         Launch henemm.FocusBloxMac
    t =     5.97s             Terminate henemm.FocusBloxMac:17512
/Users/hem/Documents/opt/my-daily-sprints/FocusBloxMacUITests/UnifiedBlockNavigationUITests.swift:30: error: -[FocusBloxMacUITests.UnifiedBlockNavigationUITests testBlockCardVisibleInZuweisenAfterNavigation] : Failed to terminate henemm.FocusBloxMac:17512: Failed to terminate henemm.FocusBloxMac:0
    t =    67.54s Tear Down
Test Case '-[FocusBloxMacUITests.UnifiedBlockNavigationUITests testBlockCardVisibleInZuweisenAfterNavigation]' failed (72.047 seconds).
Test Case '-[FocusBloxMacUITests.UnifiedBlockNavigationUITests testDateSyncBetweenPlanenAndZuweisen]' started.
    t =     0.00s Start Test at 2026-02-10 09:19:14.105
    t =     0.42s Set Up
    t =     0.42s                 Open henemm.FocusBloxMac
    t =     0.43s                     Launch henemm.FocusBloxMac
    t =     2.68s                         Wait for accessibility to load
    t =     5.94s                         Setting up automation session
    t =     6.07s                         Wait for henemm.FocusBloxMac to idle
    t =     6.17s                 Waiting 5.0s for Window (First Match) to exist
    t =     7.20s                     Checking `Expect predicate `existsNoRetry == 1` for object Window (First Match)`
    t =     7.20s                         Checking existence of `Window (First Match)`
    t =     7.23s             Waiting 3.0s for "mainNavigationPicker" SegmentedControl to exist
    t =     8.26s                 Checking `Expect predicate `existsNoRetry == 1` for object "mainNavigationPicker" SegmentedControl`
    t =     8.26s                     Checking existence of `"mainNavigationPicker" SegmentedControl`
    t =     8.90s                     Capturing element debug description
    t =     9.31s                 Checking `Expect predicate `existsNoRetry == 1` for object "mainNavigationPicker" SegmentedControl`
    t =     9.31s                     Checking existence of `"mainNavigationPicker" SegmentedControl`
    t =     9.45s                     Capturing element debug description
    t =    10.23s                 Checking `Expect predicate `existsNoRetry == 1` for object "mainNavigationPicker" SegmentedControl`
    t =    10.23s                     Checking existence of `"mainNavigationPicker" SegmentedControl`
    t =    10.42s                     Capturing element debug description
    t =    10.42s                 Checking existence of `"mainNavigationPicker" SegmentedControl`
    t =    10.55s             Collecting debug information to assist test failure triage
    t =    10.55s                 Requesting snapshot of accessibility hierarchy for app with pid 43646
    t =    11.84s             Find the Target Application 'henemm.FocusBloxMac'
    t =    13.17s Added attachment named 'UnifiedNav-PlanenDate'
    t =    13.17s             Waiting 3.0s for Button (First Match) to exist
    t =    14.20s                 Checking `Expect predicate `existsNoRetry == 1` for object Button (First Match)`
    t =    14.20s                     Checking existence of `Button (First Match)`
    t =    14.31s                     Capturing element debug description
    t =    15.23s                 Checking `Expect predicate `existsNoRetry == 1` for object Button (First Match)`
    t =    15.24s                     Checking existence of `Button (First Match)`
    t =    15.35s                     Capturing element debug description
    t =    16.17s                 Checking `Expect predicate `existsNoRetry == 1` for object Button (First Match)`
    t =    16.17s                     Checking existence of `Button (First Match)`
    t =    16.29s                     Capturing element debug description
    t =    16.29s                 Checking existence of `Button (First Match)`
    t =    16.41s             Collecting debug information to assist test failure triage
    t =    16.42s                 Requesting snapshot of accessibility hierarchy for app with pid 43646
    t =    16.68s             Checking existence of `StaticText (First Match)`
    t =    16.78s             Waiting 3.0s for "mainNavigationPicker" SegmentedControl to exist
    t =    17.81s                 Checking `Expect predicate `existsNoRetry == 1` for object "mainNavigationPicker" SegmentedControl`
    t =    17.81s                     Checking existence of `"mainNavigationPicker" SegmentedControl`
    t =    18.02s                     Capturing element debug description
    t =    18.84s                 Checking `Expect predicate `existsNoRetry == 1` for object "mainNavigationPicker" SegmentedControl`
    t =    18.84s                     Checking existence of `"mainNavigationPicker" SegmentedControl`
    t =    19.03s                     Capturing element debug description
    t =    19.78s                 Checking `Expect predicate `existsNoRetry == 1` for object "mainNavigationPicker" SegmentedControl`
    t =    19.78s                     Checking existence of `"mainNavigationPicker" SegmentedControl`
    t =    19.94s                     Capturing element debug description
    t =    19.94s                 Checking existence of `"mainNavigationPicker" SegmentedControl`
    t =    20.11s             Collecting debug information to assist test failure triage
    t =    20.11s                 Requesting snapshot of accessibility hierarchy for app with pid 43646
    t =    21.36s             Find the Target Application 'henemm.FocusBloxMac'
    t =    22.20s Added attachment named 'UnifiedNav-ZuweisenDate'
    t =    22.22s             Checking existence of `StaticText (First Match)`
/Users/hem/Documents/opt/my-daily-sprints/FocusBloxMacUITests/UnifiedBlockNavigationUITests.swift:210: error: -[FocusBloxMacUITests.UnifiedBlockNavigationUITests testDateSyncBetweenPlanenAndZuweisen] : XCTAssertTrue failed - TDD RED: Zuweisen tab must show same date as Planen tab ('unknown'). Currently each tab has independent date state.
    t =    22.48s Tear Down
Test Case '-[FocusBloxMacUITests.UnifiedBlockNavigationUITests testDateSyncBetweenPlanenAndZuweisen]' failed (23.781 seconds).
Test Case '-[FocusBloxMacUITests.UnifiedBlockNavigationUITests testNoTasksSheetOnBlockTap]' started.
    t =     0.00s Start Test at 2026-02-10 09:19:37.887
    t =     0.25s Set Up
    t =     0.25s                 Open henemm.FocusBloxMac
    t =     0.25s                     Launch henemm.FocusBloxMac
    t =     0.25s                         Terminate henemm.FocusBloxMac:43646
    t =     2.37s                         Wait for accessibility to load
    t =     3.46s                         Setting up automation session
    t =     3.50s                         Wait for henemm.FocusBloxMac to idle
    t =     3.62s                 Waiting 5.0s for Window (First Match) to exist
    t =     4.62s                     Checking `Expect predicate `existsNoRetry == 1` for object Window (First Match)`
    t =     4.63s                         Checking existence of `Window (First Match)`
    t =     4.64s             Waiting 3.0s for "mainNavigationPicker" SegmentedControl to exist
    t =     5.67s                 Checking `Expect predicate `existsNoRetry == 1` for object "mainNavigationPicker" SegmentedControl`
    t =     5.67s                     Checking existence of `"mainNavigationPicker" SegmentedControl`
    t =     6.10s                     Capturing element debug description
    t =     6.72s                 Checking `Expect predicate `existsNoRetry == 1` for object "mainNavigationPicker" SegmentedControl`
    t =     6.72s                     Checking existence of `"mainNavigationPicker" SegmentedControl`
    t =     6.89s                     Capturing element debug description
    t =     7.64s                 Checking `Expect predicate `existsNoRetry == 1` for object "mainNavigationPicker" SegmentedControl`
    t =     7.64s                     Checking existence of `"mainNavigationPicker" SegmentedControl`
    t =     7.79s                     Capturing element debug description
    t =     7.79s                 Checking existence of `"mainNavigationPicker" SegmentedControl`
    t =     7.92s             Collecting debug information to assist test failure triage
    t =     7.92s                 Requesting snapshot of accessibility hierarchy for app with pid 43781
    t =     8.45s             Waiting 5.0s for Any (First Match) to exist
    t =     9.47s                 Checking `Expect predicate `existsNoRetry == 1` for object Any (First Match)`
    t =     9.48s                     Checking existence of `Any (First Match)`
    t =     9.59s                     Capturing element debug description
    t =    10.52s                 Checking `Expect predicate `existsNoRetry == 1` for object Any (First Match)`
    t =    10.52s                     Checking existence of `Any (First Match)`
    t =    10.58s                     Capturing element debug description
    t =    11.50s                 Checking `Expect predicate `existsNoRetry == 1` for object Any (First Match)`
    t =    11.50s                     Checking existence of `Any (First Match)`
    t =    11.62s                     Capturing element debug description
    t =    12.55s                 Checking `Expect predicate `existsNoRetry == 1` for object Any (First Match)`
    t =    12.55s                     Checking existence of `Any (First Match)`
    t =    12.62s                     Capturing element debug description
    t =    13.45s                 Checking `Expect predicate `existsNoRetry == 1` for object Any (First Match)`
    t =    13.45s                     Checking existence of `Any (First Match)`
    t =    13.51s                     Capturing element debug description
    t =    13.51s                 Checking existence of `Any (First Match)`
    t =    13.56s             Collecting debug information to assist test failure triage
    t =    13.57s                 Requesting snapshot of accessibility hierarchy for app with pid 43781
/Users/hem/Documents/opt/my-daily-sprints/FocusBloxMacUITests/UnifiedBlockNavigationUITests.swift:134: error: -[FocusBloxMacUITests.UnifiedBlockNavigationUITests testNoTasksSheetOnBlockTap] : failed - TDD RED: No FocusBlock found in timeline
    t =    13.76s Tear Down
Test Case '-[FocusBloxMacUITests.UnifiedBlockNavigationUITests testNoTasksSheetOnBlockTap]' failed (15.288 seconds).
Test Case '-[FocusBloxMacUITests.UnifiedBlockNavigationUITests testTapBlockNavigatesToZuweisenTab]' started.
    t =     0.00s Start Test at 2026-02-10 09:19:53.176
    t =     0.28s Set Up
    t =     0.28s                 Open henemm.FocusBloxMac
    t =     0.28s                     Launch henemm.FocusBloxMac
    t =     0.28s                         Terminate henemm.FocusBloxMac:43781
    t =     2.07s                         Wait for accessibility to load
    t =     2.65s                         Setting up automation session
    t =     2.67s                         Wait for henemm.FocusBloxMac to idle
    t =     2.73s                 Waiting 5.0s for Window (First Match) to exist
    t =     3.80s                     Checking `Expect predicate `existsNoRetry == 1` for object Window (First Match)`
    t =     3.80s                         Checking existence of `Window (First Match)`
    t =     3.82s             Waiting 3.0s for "mainNavigationPicker" SegmentedControl to exist
    t =     4.84s                 Checking `Expect predicate `existsNoRetry == 1` for object "mainNavigationPicker" SegmentedControl`
    t =     4.84s                     Checking existence of `"mainNavigationPicker" SegmentedControl`
    t =     5.20s                     Capturing element debug description
    t =     5.82s                 Checking `Expect predicate `existsNoRetry == 1` for object "mainNavigationPicker" SegmentedControl`
    t =     5.82s                     Checking existence of `"mainNavigationPicker" SegmentedControl`
    t =     5.93s                     Capturing element debug description
    t =     6.82s                 Checking `Expect predicate `existsNoRetry == 1` for object "mainNavigationPicker" SegmentedControl`
    t =     6.82s                     Checking existence of `"mainNavigationPicker" SegmentedControl`
    t =     6.97s                     Capturing element debug description
    t =     6.97s                 Checking existence of `"mainNavigationPicker" SegmentedControl`
    t =     7.07s             Collecting debug information to assist test failure triage
    t =     7.07s                 Requesting snapshot of accessibility hierarchy for app with pid 43813
    t =     7.23s             Waiting 5.0s for Any (First Match) to exist
    t =     8.24s                 Checking `Expect predicate `existsNoRetry == 1` for object Any (First Match)`
    t =     8.25s                     Checking existence of `Any (First Match)`
    t =     8.34s                     Capturing element debug description
    t =     9.26s                 Checking `Expect predicate `existsNoRetry == 1` for object Any (First Match)`
    t =     9.26s                     Checking existence of `Any (First Match)`
    t =     9.49s                     Capturing element debug description
    t =    10.30s                 Checking `Expect predicate `existsNoRetry == 1` for object Any (First Match)`
    t =    10.30s                     Checking existence of `Any (First Match)`
    t =    10.37s                     Capturing element debug description
    t =    11.31s                 Checking `Expect predicate `existsNoRetry == 1` for object Any (First Match)`
    t =    11.31s                     Checking existence of `Any (First Match)`
    t =    11.38s                     Capturing element debug description
    t =    12.24s                 Checking `Expect predicate `existsNoRetry == 1` for object Any (First Match)`
    t =    12.24s                     Checking existence of `Any (First Match)`
    t =    12.30s                     Capturing element debug description
    t =    12.31s                 Checking existence of `Any (First Match)`
    t =    12.36s             Collecting debug information to assist test failure triage
    t =    12.36s                 Requesting snapshot of accessibility hierarchy for app with pid 43813
/Users/hem/Documents/opt/my-daily-sprints/FocusBloxMacUITests/UnifiedBlockNavigationUITests.swift:93: error: -[FocusBloxMacUITests.UnifiedBlockNavigationUITests testTapBlockNavigatesToZuweisenTab] : failed - TDD RED: No FocusBlock found in timeline - need mock data with focus blocks
    t =    12.52s Tear Down
Test Case '-[FocusBloxMacUITests.UnifiedBlockNavigationUITests testTapBlockNavigatesToZuweisenTab]' failed (14.043 seconds).
Test Suite 'UnifiedBlockNavigationUITests' failed at 2026-02-10 09:20:07.219.
	 Executed 4 tests, with 4 failures (0 unexpected) in 125.159 (125.163) seconds
Test Suite 'FocusBloxMacUITests.xctest' failed at 2026-02-10 09:20:07.220.
	 Executed 4 tests, with 4 failures (0 unexpected) in 125.159 (125.164) seconds
Test Suite 'Selected tests' failed at 2026-02-10 09:20:07.220.
	 Executed 4 tests, with 4 failures (0 unexpected) in 125.159 (125.165) seconds
2026-02-10 09:20:23.756 xcodebuild[42966:4742784] [MT] IDETestOperationsObserverDebug: 151.939 elapsed -- Testing started completed.
2026-02-10 09:20:23.759 xcodebuild[42966:4742784] [MT] IDETestOperationsObserverDebug: 0.000 sec, +0.000 sec -- start
2026-02-10 09:20:23.759 xcodebuild[42966:4742784] [MT] IDETestOperationsObserverDebug: 151.939 sec, +151.939 sec -- end

Test session results, code coverage, and logs:
	/Users/hem/Library/Developer/Xcode/DerivedData/FocusBlox-awtxlldmubwqcwggsrfosewjcyoq/Logs/Test/Test-FocusBloxMac-2026.02.10_09-17-28-+0100.xcresult

** TEST FAILED **

Testing started
Test suite 'Selected tests' started on 'My Mac - FocusBloxMacUITests-Runner (43464)'
Test suite 'FocusBloxMacUITests.xctest' started on 'My Mac - FocusBloxMacUITests-Runner (43464)'
Test suite 'UnifiedBlockNavigationUITests' started on 'My Mac - FocusBloxMacUITests-Runner (43464)'
Test case 'UnifiedBlockNavigationUITests.testBlockCardVisibleInZuweisenAfterNavigation()' failed on 'My Mac - FocusBloxMacUITests-Runner (43464)' (72.047 seconds)
Test case 'UnifiedBlockNavigationUITests.testDateSyncBetweenPlanenAndZuweisen()' failed on 'My Mac - FocusBloxMacUITests-Runner (43464)' (23.781 seconds)
Test case 'UnifiedBlockNavigationUITests.testNoTasksSheetOnBlockTap()' failed on 'My Mac - FocusBloxMacUITests-Runner (43464)' (15.288 seconds)
Test case 'UnifiedBlockNavigationUITests.testTapBlockNavigatesToZuweisenTab()' failed on 'My Mac - FocusBloxMacUITests-Runner (43464)' (14.043 seconds)
