Command line invocation:
    /Applications/Xcode.app/Contents/Developer/usr/bin/xcodebuild test -project FocusBlox.xcodeproj -scheme FocusBloxMac -destination platform=macOS,arch=arm64 "-only-testing:FocusBloxMacUITests/UnifiedBlockNavigationUITests"

ComputePackagePrebuildTargetDependencyGraph

Prepare packages

CreateBuildRequest

SendProjectDescription

CreateBuildOperation

ComputeTargetDependencyGraph
note: Building targets in dependency order
note: Target dependency graph (3 targets)
    Target 'FocusBloxMacUITests' in project 'FocusBlox'
        ➜ Explicit dependency on target 'FocusBloxMac' in project 'FocusBlox'
    Target 'FocusBloxMacTests' in project 'FocusBlox'
        ➜ Explicit dependency on target 'FocusBloxMac' in project 'FocusBlox'
    Target 'FocusBloxMac' in project 'FocusBlox' (no dependencies)

GatherProvisioningInputs

CreateBuildDescription

ExecuteExternalTool /Applications/Xcode.app/Contents/Developer/Toolchains/XcodeDefault.xctoolchain/usr/bin/clang -v -E -dM -isysroot /Applications/Xcode.app/Contents/Developer/Platforms/MacOSX.platform/Developer/SDKs/MacOSX26.2.sdk -x c -c /dev/null

ExecuteExternalTool /Applications/Xcode.app/Contents/Developer/Toolchains/XcodeDefault.xctoolchain/usr/bin/swiftc --version

ExecuteExternalTool /Applications/Xcode.app/Contents/Developer/usr/bin/actool --version --output-format xml1

ExecuteExternalTool /Applications/Xcode.app/Contents/Developer/Toolchains/XcodeDefault.xctoolchain/usr/bin/ld -version_details

Build description signature: 5ea963bdda1f726d1694008b3dfa4157
Build description path: /Users/hem/Library/Developer/Xcode/DerivedData/FocusBlox-awtxlldmubwqcwggsrfosewjcyoq/Build/Intermediates.noindex/XCBuildData/5ea963bdda1f726d1694008b3dfa4157.xcbuilddata
ClangStatCache /Applications/Xcode.app/Contents/Developer/Toolchains/XcodeDefault.xctoolchain/usr/bin/clang-stat-cache /Applications/Xcode.app/Contents/Developer/Platforms/MacOSX.platform/Developer/SDKs/MacOSX26.2.sdk /Users/hem/Library/Developer/Xcode/DerivedData/SDKStatCaches.noindex/macosx26.2-25C57-00fa09913b459cbbc988d1f6730289ae.sdkstatcache
    cd /Users/hem/Documents/opt/my-daily-sprints/FocusBlox.xcodeproj
    /Applications/Xcode.app/Contents/Developer/Toolchains/XcodeDefault.xctoolchain/usr/bin/clang-stat-cache /Applications/Xcode.app/Contents/Developer/Platforms/MacOSX.platform/Developer/SDKs/MacOSX26.2.sdk -o /Users/hem/Library/Developer/Xcode/DerivedData/SDKStatCaches.noindex/macosx26.2-25C57-00fa09913b459cbbc988d1f6730289ae.sdkstatcache

/Users/hem/Documents/opt/my-daily-sprints/FocusBlox.xcodeproj: warning: The Copy Bundle Resources build phase contains this target's Info.plist file '/Users/hem/Documents/opt/my-daily-sprints/FocusBloxMac/Info.plist'. (in target 'FocusBloxMac' from project 'FocusBlox')
CopySwiftLibs /Users/hem/Library/Developer/Xcode/DerivedData/FocusBlox-awtxlldmubwqcwggsrfosewjcyoq/Build/Products/Debug/FocusBloxMac.app (in target 'FocusBloxMac' from project 'FocusBlox')
    cd /Users/hem/Documents/opt/my-daily-sprints
    builtin-swiftStdLibTool --copy --verbose --sign 2C8277A4C1E6A1A1CC4B45484D787F1647143A06 --scan-executable /Users/hem/Library/Developer/Xcode/DerivedData/FocusBlox-awtxlldmubwqcwggsrfosewjcyoq/Build/Products/Debug/FocusBloxMac.app/Contents/MacOS/FocusBloxMac.debug.dylib --scan-folder /Users/hem/Library/Developer/Xcode/DerivedData/FocusBlox-awtxlldmubwqcwggsrfosewjcyoq/Build/Products/Debug/FocusBloxMac.app/Contents/Frameworks --scan-folder /Users/hem/Library/Developer/Xcode/DerivedData/FocusBlox-awtxlldmubwqcwggsrfosewjcyoq/Build/Products/Debug/FocusBloxMac.app/Contents/PlugIns --scan-folder /Users/hem/Library/Developer/Xcode/DerivedData/FocusBlox-awtxlldmubwqcwggsrfosewjcyoq/Build/Products/Debug/FocusBloxMac.app/Contents/Library/SystemExtensions --scan-folder /Users/hem/Library/Developer/Xcode/DerivedData/FocusBlox-awtxlldmubwqcwggsrfosewjcyoq/Build/Products/Debug/FocusBloxMac.app/Contents/Extensions --platform macosx --toolchain /Applications/Xcode.app/Contents/Developer/Toolchains/XcodeDefault.xctoolchain --destination /Users/hem/Library/Developer/Xcode/DerivedData/FocusBlox-awtxlldmubwqcwggsrfosewjcyoq/Build/Products/Debug/FocusBloxMac.app/Contents/Frameworks --strip-bitcode --strip-bitcode-tool /Applications/Xcode.app/Contents/Developer/Toolchains/XcodeDefault.xctoolchain/usr/bin/bitcode_strip --emit-dependency-info /Users/hem/Library/Developer/Xcode/DerivedData/FocusBlox-awtxlldmubwqcwggsrfosewjcyoq/Build/Intermediates.noindex/FocusBlox.build/Debug/FocusBloxMac.build/SwiftStdLibToolInputDependencies.dep --filter-for-swift-os

ProcessInfoPlistFile /Users/hem/Library/Developer/Xcode/DerivedData/FocusBlox-awtxlldmubwqcwggsrfosewjcyoq/Build/Products/Debug/FocusBloxMac.app/Contents/Info.plist /Users/hem/Documents/opt/my-daily-sprints/FocusBloxMac/Info.plist (in target 'FocusBloxMac' from project 'FocusBlox')
    cd /Users/hem/Documents/opt/my-daily-sprints
    builtin-infoPlistUtility /Users/hem/Documents/opt/my-daily-sprints/FocusBloxMac/Info.plist -producttype com.apple.product-type.application -genpkginfo /Users/hem/Library/Developer/Xcode/DerivedData/FocusBlox-awtxlldmubwqcwggsrfosewjcyoq/Build/Products/Debug/FocusBloxMac.app/Contents/PkgInfo -expandbuildsettings -platform macosx -additionalcontentfile /Users/hem/Library/Developer/Xcode/DerivedData/FocusBlox-awtxlldmubwqcwggsrfosewjcyoq/Build/Intermediates.noindex/FocusBlox.build/Debug/FocusBloxMac.build/assetcatalog_generated_info.plist -o /Users/hem/Library/Developer/Xcode/DerivedData/FocusBlox-awtxlldmubwqcwggsrfosewjcyoq/Build/Products/Debug/FocusBloxMac.app/Contents/Info.plist

SwiftDriver FocusBloxMacUITests normal arm64 com.apple.xcode.tools.swift.compiler (in target 'FocusBloxMacUITests' from project 'FocusBlox')
    cd /Users/hem/Documents/opt/my-daily-sprints
    builtin-SwiftDriver -- /Applications/Xcode.app/Contents/Developer/Toolchains/XcodeDefault.xctoolchain/usr/bin/swiftc -module-name FocusBloxMacUITests -Onone -enforce-exclusivity\=checked @/Users/hem/Library/Developer/Xcode/DerivedData/FocusBlox-awtxlldmubwqcwggsrfosewjcyoq/Build/Intermediates.noindex/FocusBlox.build/Debug/FocusBloxMacUITests.build/Objects-normal/arm64/FocusBloxMacUITests.SwiftFileList -DDEBUG -DDEBUG -module-alias Testing\=_Testing_Unavailable -plugin-path /Applications/Xcode.app/Contents/Developer/Toolchains/XcodeDefault.xctoolchain/usr/lib/swift/host/plugins/testing -enable-bare-slash-regex -enable-upcoming-feature DisableOutwardActorInference -enable-upcoming-feature InferSendableFromCaptures -enable-upcoming-feature GlobalActorIsolatedTypesUsability -enable-upcoming-feature MemberImportVisibility -enable-upcoming-feature InferIsolatedConformances -enable-upcoming-feature NonisolatedNonsendingByDefault -enable-experimental-feature DebugDescriptionMacro -sdk /Applications/Xcode.app/Contents/Developer/Platforms/MacOSX.platform/Developer/SDKs/MacOSX26.2.sdk -target arm64-apple-macos26.1 -g -module-cache-path /Users/hem/Library/Developer/Xcode/DerivedData/ModuleCache.noindex -Xfrontend -serialize-debugging-options -profile-coverage-mapping -profile-generate -enable-testing -index-store-path /Users/hem/Library/Developer/Xcode/DerivedData/FocusBlox-awtxlldmubwqcwggsrfosewjcyoq/Index.noindex/DataStore -Xcc -D_LIBCPP_HARDENING_MODE\=_LIBCPP_HARDENING_MODE_DEBUG -swift-version 5 -I /Users/hem/Library/Developer/Xcode/DerivedData/FocusBlox-awtxlldmubwqcwggsrfosewjcyoq/Build/Products/Debug -Isystem /Applications/Xcode.app/Contents/Developer/Platforms/MacOSX.platform/Developer/usr/lib -F /Users/hem/Library/Developer/Xcode/DerivedData/FocusBlox-awtxlldmubwqcwggsrfosewjcyoq/Build/Products/Debug -F /Applications/Xcode.app/Contents/Developer/Platforms/MacOSX.platform/Developer/Library/Frameworks -c -j10 -enable-batch-mode -incremental -Xcc -ivfsstatcache -Xcc /Users/hem/Library/Developer/Xcode/DerivedData/SDKStatCaches.noindex/macosx26.2-25C57-00fa09913b459cbbc988d1f6730289ae.sdkstatcache -output-file-map /Users/hem/Library/Developer/Xcode/DerivedData/FocusBlox-awtxlldmubwqcwggsrfosewjcyoq/Build/Intermediates.noindex/FocusBlox.build/Debug/FocusBloxMacUITests.build/Objects-normal/arm64/FocusBloxMacUITests-OutputFileMap.json -use-frontend-parseable-output -save-temps -no-color-diagnostics -explicit-module-build -module-cache-path /Users/hem/Library/Developer/Xcode/DerivedData/FocusBlox-awtxlldmubwqcwggsrfosewjcyoq/Build/Intermediates.noindex/SwiftExplicitPrecompiledModules -clang-scanner-module-cache-path /Users/hem/Library/Developer/Xcode/DerivedData/ModuleCache.noindex -sdk-module-cache-path /Users/hem/Library/Developer/Xcode/DerivedData/ModuleCache.noindex -serialize-diagnostics -emit-dependencies -emit-module -emit-module-path /Users/hem/Library/Developer/Xcode/DerivedData/FocusBlox-awtxlldmubwqcwggsrfosewjcyoq/Build/Intermediates.noindex/FocusBlox.build/Debug/FocusBloxMacUITests.build/Objects-normal/arm64/FocusBloxMacUITests.swiftmodule -validate-clang-modules-once -clang-build-session-file /Users/hem/Library/Developer/Xcode/DerivedData/ModuleCache.noindex/Session.modulevalidation -Xcc -I/Users/hem/Library/Developer/Xcode/DerivedData/FocusBlox-awtxlldmubwqcwggsrfosewjcyoq/Build/Intermediates.noindex/FocusBlox.build/Debug/FocusBloxMacUITests.build/swift-overrides.hmap -emit-const-values -Xfrontend -const-gather-protocols-file -Xfrontend /Users/hem/Library/Developer/Xcode/DerivedData/FocusBlox-awtxlldmubwqcwggsrfosewjcyoq/Build/Intermediates.noindex/FocusBlox.build/Debug/FocusBloxMacUITests.build/Objects-normal/arm64/FocusBloxMacUITests_const_extract_protocols.json -Xcc -iquote -Xcc /Users/hem/Library/Developer/Xcode/DerivedData/FocusBlox-awtxlldmubwqcwggsrfosewjcyoq/Build/Intermediates.noindex/FocusBlox.build/Debug/FocusBloxMacUITests.build/FocusBloxMacUITests-generated-files.hmap -Xcc -I/Users/hem/Library/Developer/Xcode/DerivedData/FocusBlox-awtxlldmubwqcwggsrfosewjcyoq/Build/Intermediates.noindex/FocusBlox.build/Debug/FocusBloxMacUITests.build/FocusBloxMacUITests-own-target-headers.hmap -Xcc -I/Users/hem/Library/Developer/Xcode/DerivedData/FocusBlox-awtxlldmubwqcwggsrfosewjcyoq/Build/Intermediates.noindex/FocusBlox.build/Debug/FocusBloxMacUITests.build/FocusBloxMacUITests-all-target-headers.hmap -Xcc -iquote -Xcc /Users/hem/Library/Developer/Xcode/DerivedData/FocusBlox-awtxlldmubwqcwggsrfosewjcyoq/Build/Intermediates.noindex/FocusBlox.build/Debug/FocusBloxMacUITests.build/FocusBloxMacUITests-project-headers.hmap -Xcc -I/Users/hem/Library/Developer/Xcode/DerivedData/FocusBlox-awtxlldmubwqcwggsrfosewjcyoq/Build/Products/Debug/include -Xcc -I/Users/hem/Library/Developer/Xcode/DerivedData/FocusBlox-awtxlldmubwqcwggsrfosewjcyoq/Build/Intermediates.noindex/FocusBlox.build/Debug/FocusBloxMacUITests.build/DerivedSources-normal/arm64 -Xcc -I/Users/hem/Library/Developer/Xcode/DerivedData/FocusBlox-awtxlldmubwqcwggsrfosewjcyoq/Build/Intermediates.noindex/FocusBlox.build/Debug/FocusBloxMacUITests.build/DerivedSources/arm64 -Xcc -I/Users/hem/Library/Developer/Xcode/DerivedData/FocusBlox-awtxlldmubwqcwggsrfosewjcyoq/Build/Intermediates.noindex/FocusBlox.build/Debug/FocusBloxMacUITests.build/DerivedSources -Xcc -DDEBUG\=1 -Xcc -DDEBUG\=1 -emit-objc-header -emit-objc-header-path /Users/hem/Library/Developer/Xcode/DerivedData/FocusBlox-awtxlldmubwqcwggsrfosewjcyoq/Build/Intermediates.noindex/FocusBlox.build/Debug/FocusBloxMacUITests.build/Objects-normal/arm64/FocusBloxMacUITests-Swift.h -working-directory /Users/hem/Documents/opt/my-daily-sprints -experimental-emit-module-separately -disable-cmo

ProcessInfoPlistFile /Users/hem/Library/Developer/Xcode/DerivedData/FocusBlox-awtxlldmubwqcwggsrfosewjcyoq/Build/Products/Debug/FocusBloxMac.app/Contents/PlugIns/FocusBloxMacTests.xctest/Contents/Info.plist /Users/hem/Library/Developer/Xcode/DerivedData/FocusBlox-awtxlldmubwqcwggsrfosewjcyoq/Build/Intermediates.noindex/FocusBlox.build/Debug/FocusBloxMacTests.build/empty-FocusBloxMacTests.plist (in target 'FocusBloxMacTests' from project 'FocusBlox')
    cd /Users/hem/Documents/opt/my-daily-sprints
    builtin-infoPlistUtility /Users/hem/Library/Developer/Xcode/DerivedData/FocusBlox-awtxlldmubwqcwggsrfosewjcyoq/Build/Intermediates.noindex/FocusBlox.build/Debug/FocusBloxMacTests.build/empty-FocusBloxMacTests.plist -producttype com.apple.product-type.bundle.unit-test -expandbuildsettings -platform macosx -o /Users/hem/Library/Developer/Xcode/DerivedData/FocusBlox-awtxlldmubwqcwggsrfosewjcyoq/Build/Products/Debug/FocusBloxMac.app/Contents/PlugIns/FocusBloxMacTests.xctest/Contents/Info.plist

CopySwiftLibs /Users/hem/Library/Developer/Xcode/DerivedData/FocusBlox-awtxlldmubwqcwggsrfosewjcyoq/Build/Products/Debug/FocusBloxMac.app/Contents/PlugIns/FocusBloxMacTests.xctest (in target 'FocusBloxMacTests' from project 'FocusBlox')
    cd /Users/hem/Documents/opt/my-daily-sprints
    builtin-swiftStdLibTool --copy --verbose --sign 2C8277A4C1E6A1A1CC4B45484D787F1647143A06 --scan-executable /Users/hem/Library/Developer/Xcode/DerivedData/FocusBlox-awtxlldmubwqcwggsrfosewjcyoq/Build/Products/Debug/FocusBloxMac.app/Contents/PlugIns/FocusBloxMacTests.xctest/Contents/MacOS/FocusBloxMacTests --scan-folder /Users/hem/Library/Developer/Xcode/DerivedData/FocusBlox-awtxlldmubwqcwggsrfosewjcyoq/Build/Products/Debug/FocusBloxMac.app/Contents/PlugIns/FocusBloxMacTests.xctest/Contents/Frameworks --scan-folder /Users/hem/Library/Developer/Xcode/DerivedData/FocusBlox-awtxlldmubwqcwggsrfosewjcyoq/Build/Products/Debug/FocusBloxMac.app/Contents/PlugIns/FocusBloxMacTests.xctest/Contents/PlugIns --scan-folder /Users/hem/Library/Developer/Xcode/DerivedData/FocusBlox-awtxlldmubwqcwggsrfosewjcyoq/Build/Products/Debug/FocusBloxMac.app/Contents/PlugIns/FocusBloxMacTests.xctest/Contents/Library/SystemExtensions --scan-folder /Users/hem/Library/Developer/Xcode/DerivedData/FocusBlox-awtxlldmubwqcwggsrfosewjcyoq/Build/Products/Debug/FocusBloxMac.app/Contents/PlugIns/FocusBloxMacTests.xctest/Contents/Extensions --platform macosx --toolchain /Applications/Xcode.app/Contents/Developer/Toolchains/XcodeDefault.xctoolchain --destination /Users/hem/Library/Developer/Xcode/DerivedData/FocusBlox-awtxlldmubwqcwggsrfosewjcyoq/Build/Products/Debug/FocusBloxMac.app/Contents/PlugIns/FocusBloxMacTests.xctest/Contents/Frameworks --strip-bitcode --scan-executable /Applications/Xcode.app/Contents/Developer/Platforms/MacOSX.platform/Developer/usr/lib/libXCTestSwiftSupport.dylib --strip-bitcode-tool /Applications/Xcode.app/Contents/Developer/Toolchains/XcodeDefault.xctoolchain/usr/bin/bitcode_strip --emit-dependency-info /Users/hem/Library/Developer/Xcode/DerivedData/FocusBlox-awtxlldmubwqcwggsrfosewjcyoq/Build/Intermediates.noindex/FocusBlox.build/Debug/FocusBloxMacTests.build/SwiftStdLibToolInputDependencies.dep --filter-for-swift-os

SwiftCompile normal arm64 Compiling\ UnifiedBlockNavigationUITests.swift /Users/hem/Documents/opt/my-daily-sprints/FocusBloxMacUITests/UnifiedBlockNavigationUITests.swift (in target 'FocusBloxMacUITests' from project 'FocusBlox')

SwiftCompile normal arm64 /Users/hem/Documents/opt/my-daily-sprints/FocusBloxMacUITests/UnifiedBlockNavigationUITests.swift (in target 'FocusBloxMacUITests' from project 'FocusBlox')
    cd /Users/hem/Documents/opt/my-daily-sprints
    

SwiftEmitModule normal arm64 Emitting\ module\ for\ FocusBloxMacUITests (in target 'FocusBloxMacUITests' from project 'FocusBlox')

EmitSwiftModule normal arm64 (in target 'FocusBloxMacUITests' from project 'FocusBlox')
    cd /Users/hem/Documents/opt/my-daily-sprints
    

SwiftDriverJobDiscovery normal arm64 Compiling UnifiedBlockNavigationUITests.swift (in target 'FocusBloxMacUITests' from project 'FocusBlox')

SwiftDriver\ Compilation FocusBloxMacUITests normal arm64 com.apple.xcode.tools.swift.compiler (in target 'FocusBloxMacUITests' from project 'FocusBlox')
    cd /Users/hem/Documents/opt/my-daily-sprints
    builtin-Swift-Compilation -- /Applications/Xcode.app/Contents/Developer/Toolchains/XcodeDefault.xctoolchain/usr/bin/swiftc -module-name FocusBloxMacUITests -Onone -enforce-exclusivity\=checked @/Users/hem/Library/Developer/Xcode/DerivedData/FocusBlox-awtxlldmubwqcwggsrfosewjcyoq/Build/Intermediates.noindex/FocusBlox.build/Debug/FocusBloxMacUITests.build/Objects-normal/arm64/FocusBloxMacUITests.SwiftFileList -DDEBUG -DDEBUG -module-alias Testing\=_Testing_Unavailable -plugin-path /Applications/Xcode.app/Contents/Developer/Toolchains/XcodeDefault.xctoolchain/usr/lib/swift/host/plugins/testing -enable-bare-slash-regex -enable-upcoming-feature DisableOutwardActorInference -enable-upcoming-feature InferSendableFromCaptures -enable-upcoming-feature GlobalActorIsolatedTypesUsability -enable-upcoming-feature MemberImportVisibility -enable-upcoming-feature InferIsolatedConformances -enable-upcoming-feature NonisolatedNonsendingByDefault -enable-experimental-feature DebugDescriptionMacro -sdk /Applications/Xcode.app/Contents/Developer/Platforms/MacOSX.platform/Developer/SDKs/MacOSX26.2.sdk -target arm64-apple-macos26.1 -g -module-cache-path /Users/hem/Library/Developer/Xcode/DerivedData/ModuleCache.noindex -Xfrontend -serialize-debugging-options -profile-coverage-mapping -profile-generate -enable-testing -index-store-path /Users/hem/Library/Developer/Xcode/DerivedData/FocusBlox-awtxlldmubwqcwggsrfosewjcyoq/Index.noindex/DataStore -Xcc -D_LIBCPP_HARDENING_MODE\=_LIBCPP_HARDENING_MODE_DEBUG -swift-version 5 -I /Users/hem/Library/Developer/Xcode/DerivedData/FocusBlox-awtxlldmubwqcwggsrfosewjcyoq/Build/Products/Debug -Isystem /Applications/Xcode.app/Contents/Developer/Platforms/MacOSX.platform/Developer/usr/lib -F /Users/hem/Library/Developer/Xcode/DerivedData/FocusBlox-awtxlldmubwqcwggsrfosewjcyoq/Build/Products/Debug -F /Applications/Xcode.app/Contents/Developer/Platforms/MacOSX.platform/Developer/Library/Frameworks -c -j10 -enable-batch-mode -incremental -Xcc -ivfsstatcache -Xcc /Users/hem/Library/Developer/Xcode/DerivedData/SDKStatCaches.noindex/macosx26.2-25C57-00fa09913b459cbbc988d1f6730289ae.sdkstatcache -output-file-map /Users/hem/Library/Developer/Xcode/DerivedData/FocusBlox-awtxlldmubwqcwggsrfosewjcyoq/Build/Intermediates.noindex/FocusBlox.build/Debug/FocusBloxMacUITests.build/Objects-normal/arm64/FocusBloxMacUITests-OutputFileMap.json -use-frontend-parseable-output -save-temps -no-color-diagnostics -explicit-module-build -module-cache-path /Users/hem/Library/Developer/Xcode/DerivedData/FocusBlox-awtxlldmubwqcwggsrfosewjcyoq/Build/Intermediates.noindex/SwiftExplicitPrecompiledModules -clang-scanner-module-cache-path /Users/hem/Library/Developer/Xcode/DerivedData/ModuleCache.noindex -sdk-module-cache-path /Users/hem/Library/Developer/Xcode/DerivedData/ModuleCache.noindex -serialize-diagnostics -emit-dependencies -emit-module -emit-module-path /Users/hem/Library/Developer/Xcode/DerivedData/FocusBlox-awtxlldmubwqcwggsrfosewjcyoq/Build/Intermediates.noindex/FocusBlox.build/Debug/FocusBloxMacUITests.build/Objects-normal/arm64/FocusBloxMacUITests.swiftmodule -validate-clang-modules-once -clang-build-session-file /Users/hem/Library/Developer/Xcode/DerivedData/ModuleCache.noindex/Session.modulevalidation -Xcc -I/Users/hem/Library/Developer/Xcode/DerivedData/FocusBlox-awtxlldmubwqcwggsrfosewjcyoq/Build/Intermediates.noindex/FocusBlox.build/Debug/FocusBloxMacUITests.build/swift-overrides.hmap -emit-const-values -Xfrontend -const-gather-protocols-file -Xfrontend /Users/hem/Library/Developer/Xcode/DerivedData/FocusBlox-awtxlldmubwqcwggsrfosewjcyoq/Build/Intermediates.noindex/FocusBlox.build/Debug/FocusBloxMacUITests.build/Objects-normal/arm64/FocusBloxMacUITests_const_extract_protocols.json -Xcc -iquote -Xcc /Users/hem/Library/Developer/Xcode/DerivedData/FocusBlox-awtxlldmubwqcwggsrfosewjcyoq/Build/Intermediates.noindex/FocusBlox.build/Debug/FocusBloxMacUITests.build/FocusBloxMacUITests-generated-files.hmap -Xcc -I/Users/hem/Library/Developer/Xcode/DerivedData/FocusBlox-awtxlldmubwqcwggsrfosewjcyoq/Build/Intermediates.noindex/FocusBlox.build/Debug/FocusBloxMacUITests.build/FocusBloxMacUITests-own-target-headers.hmap -Xcc -I/Users/hem/Library/Developer/Xcode/DerivedData/FocusBlox-awtxlldmubwqcwggsrfosewjcyoq/Build/Intermediates.noindex/FocusBlox.build/Debug/FocusBloxMacUITests.build/FocusBloxMacUITests-all-target-headers.hmap -Xcc -iquote -Xcc /Users/hem/Library/Developer/Xcode/DerivedData/FocusBlox-awtxlldmubwqcwggsrfosewjcyoq/Build/Intermediates.noindex/FocusBlox.build/Debug/FocusBloxMacUITests.build/FocusBloxMacUITests-project-headers.hmap -Xcc -I/Users/hem/Library/Developer/Xcode/DerivedData/FocusBlox-awtxlldmubwqcwggsrfosewjcyoq/Build/Products/Debug/include -Xcc -I/Users/hem/Library/Developer/Xcode/DerivedData/FocusBlox-awtxlldmubwqcwggsrfosewjcyoq/Build/Intermediates.noindex/FocusBlox.build/Debug/FocusBloxMacUITests.build/DerivedSources-normal/arm64 -Xcc -I/Users/hem/Library/Developer/Xcode/DerivedData/FocusBlox-awtxlldmubwqcwggsrfosewjcyoq/Build/Intermediates.noindex/FocusBlox.build/Debug/FocusBloxMacUITests.build/DerivedSources/arm64 -Xcc -I/Users/hem/Library/Developer/Xcode/DerivedData/FocusBlox-awtxlldmubwqcwggsrfosewjcyoq/Build/Intermediates.noindex/FocusBlox.build/Debug/FocusBloxMacUITests.build/DerivedSources -Xcc -DDEBUG\=1 -Xcc -DDEBUG\=1 -emit-objc-header -emit-objc-header-path /Users/hem/Library/Developer/Xcode/DerivedData/FocusBlox-awtxlldmubwqcwggsrfosewjcyoq/Build/Intermediates.noindex/FocusBlox.build/Debug/FocusBloxMacUITests.build/Objects-normal/arm64/FocusBloxMacUITests-Swift.h -working-directory /Users/hem/Documents/opt/my-daily-sprints -experimental-emit-module-separately -disable-cmo

SwiftDriverJobDiscovery normal arm64 Emitting module for FocusBloxMacUITests (in target 'FocusBloxMacUITests' from project 'FocusBlox')

SwiftDriver\ Compilation\ Requirements FocusBloxMacUITests normal arm64 com.apple.xcode.tools.swift.compiler (in target 'FocusBloxMacUITests' from project 'FocusBlox')
    cd /Users/hem/Documents/opt/my-daily-sprints
    builtin-Swift-Compilation-Requirements -- /Applications/Xcode.app/Contents/Developer/Toolchains/XcodeDefault.xctoolchain/usr/bin/swiftc -module-name FocusBloxMacUITests -Onone -enforce-exclusivity\=checked @/Users/hem/Library/Developer/Xcode/DerivedData/FocusBlox-awtxlldmubwqcwggsrfosewjcyoq/Build/Intermediates.noindex/FocusBlox.build/Debug/FocusBloxMacUITests.build/Objects-normal/arm64/FocusBloxMacUITests.SwiftFileList -DDEBUG -DDEBUG -module-alias Testing\=_Testing_Unavailable -plugin-path /Applications/Xcode.app/Contents/Developer/Toolchains/XcodeDefault.xctoolchain/usr/lib/swift/host/plugins/testing -enable-bare-slash-regex -enable-upcoming-feature DisableOutwardActorInference -enable-upcoming-feature InferSendableFromCaptures -enable-upcoming-feature GlobalActorIsolatedTypesUsability -enable-upcoming-feature MemberImportVisibility -enable-upcoming-feature InferIsolatedConformances -enable-upcoming-feature NonisolatedNonsendingByDefault -enable-experimental-feature DebugDescriptionMacro -sdk /Applications/Xcode.app/Contents/Developer/Platforms/MacOSX.platform/Developer/SDKs/MacOSX26.2.sdk -target arm64-apple-macos26.1 -g -module-cache-path /Users/hem/Library/Developer/Xcode/DerivedData/ModuleCache.noindex -Xfrontend -serialize-debugging-options -profile-coverage-mapping -profile-generate -enable-testing -index-store-path /Users/hem/Library/Developer/Xcode/DerivedData/FocusBlox-awtxlldmubwqcwggsrfosewjcyoq/Index.noindex/DataStore -Xcc -D_LIBCPP_HARDENING_MODE\=_LIBCPP_HARDENING_MODE_DEBUG -swift-version 5 -I /Users/hem/Library/Developer/Xcode/DerivedData/FocusBlox-awtxlldmubwqcwggsrfosewjcyoq/Build/Products/Debug -Isystem /Applications/Xcode.app/Contents/Developer/Platforms/MacOSX.platform/Developer/usr/lib -F /Users/hem/Library/Developer/Xcode/DerivedData/FocusBlox-awtxlldmubwqcwggsrfosewjcyoq/Build/Products/Debug -F /Applications/Xcode.app/Contents/Developer/Platforms/MacOSX.platform/Developer/Library/Frameworks -c -j10 -enable-batch-mode -incremental -Xcc -ivfsstatcache -Xcc /Users/hem/Library/Developer/Xcode/DerivedData/SDKStatCaches.noindex/macosx26.2-25C57-00fa09913b459cbbc988d1f6730289ae.sdkstatcache -output-file-map /Users/hem/Library/Developer/Xcode/DerivedData/FocusBlox-awtxlldmubwqcwggsrfosewjcyoq/Build/Intermediates.noindex/FocusBlox.build/Debug/FocusBloxMacUITests.build/Objects-normal/arm64/FocusBloxMacUITests-OutputFileMap.json -use-frontend-parseable-output -save-temps -no-color-diagnostics -explicit-module-build -module-cache-path /Users/hem/Library/Developer/Xcode/DerivedData/FocusBlox-awtxlldmubwqcwggsrfosewjcyoq/Build/Intermediates.noindex/SwiftExplicitPrecompiledModules -clang-scanner-module-cache-path /Users/hem/Library/Developer/Xcode/DerivedData/ModuleCache.noindex -sdk-module-cache-path /Users/hem/Library/Developer/Xcode/DerivedData/ModuleCache.noindex -serialize-diagnostics -emit-dependencies -emit-module -emit-module-path /Users/hem/Library/Developer/Xcode/DerivedData/FocusBlox-awtxlldmubwqcwggsrfosewjcyoq/Build/Intermediates.noindex/FocusBlox.build/Debug/FocusBloxMacUITests.build/Objects-normal/arm64/FocusBloxMacUITests.swiftmodule -validate-clang-modules-once -clang-build-session-file /Users/hem/Library/Developer/Xcode/DerivedData/ModuleCache.noindex/Session.modulevalidation -Xcc -I/Users/hem/Library/Developer/Xcode/DerivedData/FocusBlox-awtxlldmubwqcwggsrfosewjcyoq/Build/Intermediates.noindex/FocusBlox.build/Debug/FocusBloxMacUITests.build/swift-overrides.hmap -emit-const-values -Xfrontend -const-gather-protocols-file -Xfrontend /Users/hem/Library/Developer/Xcode/DerivedData/FocusBlox-awtxlldmubwqcwggsrfosewjcyoq/Build/Intermediates.noindex/FocusBlox.build/Debug/FocusBloxMacUITests.build/Objects-normal/arm64/FocusBloxMacUITests_const_extract_protocols.json -Xcc -iquote -Xcc /Users/hem/Library/Developer/Xcode/DerivedData/FocusBlox-awtxlldmubwqcwggsrfosewjcyoq/Build/Intermediates.noindex/FocusBlox.build/Debug/FocusBloxMacUITests.build/FocusBloxMacUITests-generated-files.hmap -Xcc -I/Users/hem/Library/Developer/Xcode/DerivedData/FocusBlox-awtxlldmubwqcwggsrfosewjcyoq/Build/Intermediates.noindex/FocusBlox.build/Debug/FocusBloxMacUITests.build/FocusBloxMacUITests-own-target-headers.hmap -Xcc -I/Users/hem/Library/Developer/Xcode/DerivedData/FocusBlox-awtxlldmubwqcwggsrfosewjcyoq/Build/Intermediates.noindex/FocusBlox.build/Debug/FocusBloxMacUITests.build/FocusBloxMacUITests-all-target-headers.hmap -Xcc -iquote -Xcc /Users/hem/Library/Developer/Xcode/DerivedData/FocusBlox-awtxlldmubwqcwggsrfosewjcyoq/Build/Intermediates.noindex/FocusBlox.build/Debug/FocusBloxMacUITests.build/FocusBloxMacUITests-project-headers.hmap -Xcc -I/Users/hem/Library/Developer/Xcode/DerivedData/FocusBlox-awtxlldmubwqcwggsrfosewjcyoq/Build/Products/Debug/include -Xcc -I/Users/hem/Library/Developer/Xcode/DerivedData/FocusBlox-awtxlldmubwqcwggsrfosewjcyoq/Build/Intermediates.noindex/FocusBlox.build/Debug/FocusBloxMacUITests.build/DerivedSources-normal/arm64 -Xcc -I/Users/hem/Library/Developer/Xcode/DerivedData/FocusBlox-awtxlldmubwqcwggsrfosewjcyoq/Build/Intermediates.noindex/FocusBlox.build/Debug/FocusBloxMacUITests.build/DerivedSources/arm64 -Xcc -I/Users/hem/Library/Developer/Xcode/DerivedData/FocusBlox-awtxlldmubwqcwggsrfosewjcyoq/Build/Intermediates.noindex/FocusBlox.build/Debug/FocusBloxMacUITests.build/DerivedSources -Xcc -DDEBUG\=1 -Xcc -DDEBUG\=1 -emit-objc-header -emit-objc-header-path /Users/hem/Library/Developer/Xcode/DerivedData/FocusBlox-awtxlldmubwqcwggsrfosewjcyoq/Build/Intermediates.noindex/FocusBlox.build/Debug/FocusBloxMacUITests.build/Objects-normal/arm64/FocusBloxMacUITests-Swift.h -working-directory /Users/hem/Documents/opt/my-daily-sprints -experimental-emit-module-separately -disable-cmo

Copy /Users/hem/Library/Developer/Xcode/DerivedData/FocusBlox-awtxlldmubwqcwggsrfosewjcyoq/Build/Products/Debug/FocusBloxMacUITests.swiftmodule/Project/arm64-apple-macos.swiftsourceinfo /Users/hem/Library/Developer/Xcode/DerivedData/FocusBlox-awtxlldmubwqcwggsrfosewjcyoq/Build/Intermediates.noindex/FocusBlox.build/Debug/FocusBloxMacUITests.build/Objects-normal/arm64/FocusBloxMacUITests.swiftsourceinfo (in target 'FocusBloxMacUITests' from project 'FocusBlox')
    cd /Users/hem/Documents/opt/my-daily-sprints
    builtin-copy -exclude .DS_Store -exclude CVS -exclude .svn -exclude .git -exclude .hg -resolve-src-symlinks -rename /Users/hem/Library/Developer/Xcode/DerivedData/FocusBlox-awtxlldmubwqcwggsrfosewjcyoq/Build/Intermediates.noindex/FocusBlox.build/Debug/FocusBloxMacUITests.build/Objects-normal/arm64/FocusBloxMacUITests.swiftsourceinfo /Users/hem/Library/Developer/Xcode/DerivedData/FocusBlox-awtxlldmubwqcwggsrfosewjcyoq/Build/Products/Debug/FocusBloxMacUITests.swiftmodule/Project/arm64-apple-macos.swiftsourceinfo

Copy /Users/hem/Library/Developer/Xcode/DerivedData/FocusBlox-awtxlldmubwqcwggsrfosewjcyoq/Build/Products/Debug/FocusBloxMacUITests.swiftmodule/arm64-apple-macos.abi.json /Users/hem/Library/Developer/Xcode/DerivedData/FocusBlox-awtxlldmubwqcwggsrfosewjcyoq/Build/Intermediates.noindex/FocusBlox.build/Debug/FocusBloxMacUITests.build/Objects-normal/arm64/FocusBloxMacUITests.abi.json (in target 'FocusBloxMacUITests' from project 'FocusBlox')
    cd /Users/hem/Documents/opt/my-daily-sprints
    builtin-copy -exclude .DS_Store -exclude CVS -exclude .svn -exclude .git -exclude .hg -resolve-src-symlinks -rename /Users/hem/Library/Developer/Xcode/DerivedData/FocusBlox-awtxlldmubwqcwggsrfosewjcyoq/Build/Intermediates.noindex/FocusBlox.build/Debug/FocusBloxMacUITests.build/Objects-normal/arm64/FocusBloxMacUITests.abi.json /Users/hem/Library/Developer/Xcode/DerivedData/FocusBlox-awtxlldmubwqcwggsrfosewjcyoq/Build/Products/Debug/FocusBloxMacUITests.swiftmodule/arm64-apple-macos.abi.json

ExtractAppIntentsMetadata (in target 'FocusBloxMacUITests' from project 'FocusBlox')
    cd /Users/hem/Documents/opt/my-daily-sprints
    /Applications/Xcode.app/Contents/Developer/Toolchains/XcodeDefault.xctoolchain/usr/bin/appintentsmetadataprocessor --toolchain-dir /Applications/Xcode.app/Contents/Developer/Toolchains/XcodeDefault.xctoolchain --module-name FocusBloxMacUITests --sdk-root /Applications/Xcode.app/Contents/Developer/Platforms/MacOSX.platform/Developer/SDKs/MacOSX26.2.sdk --xcode-version 17C52 --platform-family macOS --deployment-target 26.1 --bundle-identifier henemm.FocusBloxMacUITests --output /Users/hem/Library/Developer/Xcode/DerivedData/FocusBlox-awtxlldmubwqcwggsrfosewjcyoq/Build/Products/Debug/FocusBloxMacUITests-Runner.app/Contents/PlugIns/FocusBloxMacUITests.xctest/Contents/Resources --target-triple arm64-apple-macos26.1 --binary-file /Users/hem/Library/Developer/Xcode/DerivedData/FocusBlox-awtxlldmubwqcwggsrfosewjcyoq/Build/Products/Debug/FocusBloxMacUITests-Runner.app/Contents/PlugIns/FocusBloxMacUITests.xctest/Contents/MacOS/FocusBloxMacUITests --dependency-file /Users/hem/Library/Developer/Xcode/DerivedData/FocusBlox-awtxlldmubwqcwggsrfosewjcyoq/Build/Intermediates.noindex/FocusBlox.build/Debug/FocusBloxMacUITests.build/Objects-normal/arm64/FocusBloxMacUITests_dependency_info.dat --stringsdata-file /Users/hem/Library/Developer/Xcode/DerivedData/FocusBlox-awtxlldmubwqcwggsrfosewjcyoq/Build/Intermediates.noindex/FocusBlox.build/Debug/FocusBloxMacUITests.build/Objects-normal/arm64/ExtractedAppShortcutsMetadata.stringsdata --source-file-list /Users/hem/Library/Developer/Xcode/DerivedData/FocusBlox-awtxlldmubwqcwggsrfosewjcyoq/Build/Intermediates.noindex/FocusBlox.build/Debug/FocusBloxMacUITests.build/Objects-normal/arm64/FocusBloxMacUITests.SwiftFileList --metadata-file-list /Users/hem/Library/Developer/Xcode/DerivedData/FocusBlox-awtxlldmubwqcwggsrfosewjcyoq/Build/Intermediates.noindex/FocusBlox.build/Debug/FocusBloxMacUITests.build/FocusBloxMacUITests.DependencyMetadataFileList --static-metadata-file-list /Users/hem/Library/Developer/Xcode/DerivedData/FocusBlox-awtxlldmubwqcwggsrfosewjcyoq/Build/Intermediates.noindex/FocusBlox.build/Debug/FocusBloxMacUITests.build/FocusBloxMacUITests.DependencyStaticMetadataFileList --swift-const-vals-list /Users/hem/Library/Developer/Xcode/DerivedData/FocusBlox-awtxlldmubwqcwggsrfosewjcyoq/Build/Intermediates.noindex/FocusBlox.build/Debug/FocusBloxMacUITests.build/Objects-normal/arm64/FocusBloxMacUITests.SwiftConstValuesFileList --compile-time-extraction --deployment-aware-processing --validate-assistant-intents --no-app-shortcuts-localization
2026-02-10 09:04:51.828 appintentsmetadataprocessor[41107:4712994] Starting appintentsmetadataprocessor export
2026-02-10 09:04:51.831 appintentsmetadataprocessor[41107:4712994] warning: Metadata extraction skipped. No AppIntents.framework dependency found.

ProcessInfoPlistFile /Users/hem/Library/Developer/Xcode/DerivedData/FocusBlox-awtxlldmubwqcwggsrfosewjcyoq/Build/Products/Debug/FocusBloxMacUITests-Runner.app/Contents/PlugIns/FocusBloxMacUITests.xctest/Contents/Info.plist /Users/hem/Library/Developer/Xcode/DerivedData/FocusBlox-awtxlldmubwqcwggsrfosewjcyoq/Build/Intermediates.noindex/FocusBlox.build/Debug/FocusBloxMacUITests.build/empty-FocusBloxMacUITests.plist (in target 'FocusBloxMacUITests' from project 'FocusBlox')
    cd /Users/hem/Documents/opt/my-daily-sprints
    builtin-infoPlistUtility /Users/hem/Library/Developer/Xcode/DerivedData/FocusBlox-awtxlldmubwqcwggsrfosewjcyoq/Build/Intermediates.noindex/FocusBlox.build/Debug/FocusBloxMacUITests.build/empty-FocusBloxMacUITests.plist -producttype com.apple.product-type.bundle.ui-testing -expandbuildsettings -platform macosx -additionalcontentfile /Users/hem/Library/Developer/Xcode/DerivedData/FocusBlox-awtxlldmubwqcwggsrfosewjcyoq/Build/Intermediates.noindex/FocusBlox.build/Debug/FocusBloxMacUITests.build/ProductTypeInfoPlistAdditions.plist -o /Users/hem/Library/Developer/Xcode/DerivedData/FocusBlox-awtxlldmubwqcwggsrfosewjcyoq/Build/Products/Debug/FocusBloxMacUITests-Runner.app/Contents/PlugIns/FocusBloxMacUITests.xctest/Contents/Info.plist

CodeSign /Users/hem/Library/Developer/Xcode/DerivedData/FocusBlox-awtxlldmubwqcwggsrfosewjcyoq/Build/Products/Debug/FocusBloxMacUITests-Runner.app/Contents/PlugIns/FocusBloxMacUITests.xctest (in target 'FocusBloxMacUITests' from project 'FocusBlox')
    cd /Users/hem/Documents/opt/my-daily-sprints
    
    Signing Identity:     "Apple Development: henning.emmrich@gmail.com (986F8V7Y9Z)"
    
    /usr/bin/codesign --force --sign 2C8277A4C1E6A1A1CC4B45484D787F1647143A06 --entitlements /Users/hem/Library/Developer/Xcode/DerivedData/FocusBlox-awtxlldmubwqcwggsrfosewjcyoq/Build/Intermediates.noindex/FocusBlox.build/Debug/FocusBloxMacUITests.build/FocusBloxMacUITests.xctest.xcent --timestamp\=none --generate-entitlement-der /Users/hem/Library/Developer/Xcode/DerivedData/FocusBlox-awtxlldmubwqcwggsrfosewjcyoq/Build/Products/Debug/FocusBloxMacUITests-Runner.app/Contents/PlugIns/FocusBloxMacUITests.xctest
/Users/hem/Library/Developer/Xcode/DerivedData/FocusBlox-awtxlldmubwqcwggsrfosewjcyoq/Build/Products/Debug/FocusBloxMacUITests-Runner.app/Contents/PlugIns/FocusBloxMacUITests.xctest: replacing existing signature

CodeSign /Users/hem/Library/Developer/Xcode/DerivedData/FocusBlox-awtxlldmubwqcwggsrfosewjcyoq/Build/Products/Debug/FocusBloxMacUITests-Runner.app (in target 'FocusBloxMacUITests' from project 'FocusBlox')
    cd /Users/hem/Documents/opt/my-daily-sprints
    
    Signing Identity:     "Apple Development: henning.emmrich@gmail.com (986F8V7Y9Z)"
    
    /usr/bin/codesign --force --sign 2C8277A4C1E6A1A1CC4B45484D787F1647143A06 --entitlements /Users/hem/Library/Developer/Xcode/DerivedData/FocusBlox-awtxlldmubwqcwggsrfosewjcyoq/Build/Intermediates.noindex/FocusBlox.build/Debug/FocusBloxMacUITests.build/FocusBloxMacUITests.xctest.xcent --timestamp\=none --generate-entitlement-der /Users/hem/Library/Developer/Xcode/DerivedData/FocusBlox-awtxlldmubwqcwggsrfosewjcyoq/Build/Products/Debug/FocusBloxMacUITests-Runner.app
/Users/hem/Library/Developer/Xcode/DerivedData/FocusBlox-awtxlldmubwqcwggsrfosewjcyoq/Build/Products/Debug/FocusBloxMacUITests-Runner.app: replacing existing signature

2026-02-10 09:04:53.504566+0100 FocusBloxMacUITests-Runner[41112:4713083] [Default] Running tests...
Test Suite 'Selected tests' started at 2026-02-10 09:04:53.655.
Test Suite 'FocusBloxMacUITests.xctest' started at 2026-02-10 09:04:53.655.
Test Suite 'UnifiedBlockNavigationUITests' started at 2026-02-10 09:04:53.655.
Test Case '-[FocusBloxMacUITests.UnifiedBlockNavigationUITests testBlockCardVisibleInZuweisenAfterNavigation]' started.
    t =     0.00s Start Test at 2026-02-10 09:04:53.655
    t =     0.65s Set Up
    t =     0.66s     Open henemm.FocusBloxMac
    t =     0.66s         Launch henemm.FocusBloxMac
    t =     0.66s             Terminate henemm.FocusBloxMac:17512
/Users/hem/Documents/opt/my-daily-sprints/FocusBloxMacUITests/UnifiedBlockNavigationUITests.swift:30: error: -[FocusBloxMacUITests.UnifiedBlockNavigationUITests testBlockCardVisibleInZuweisenAfterNavigation] : Failed to terminate henemm.FocusBloxMac:17512: Failed to terminate henemm.FocusBloxMac:0
    t =    60.84s Tear Down
Test Case '-[FocusBloxMacUITests.UnifiedBlockNavigationUITests testBlockCardVisibleInZuweisenAfterNavigation]' failed (60.995 seconds).
Test Case '-[FocusBloxMacUITests.UnifiedBlockNavigationUITests testDateSyncBetweenPlanenAndZuweisen]' started.
    t =     0.00s Start Test at 2026-02-10 09:05:54.650
    t =     0.09s Set Up
    t =     0.09s                 Open henemm.FocusBloxMac
    t =     0.09s                     Launch henemm.FocusBloxMac
    t =     1.00s                         Wait for accessibility to load
    t =     1.82s                         Setting up automation session
    t =     1.83s                         Wait for henemm.FocusBloxMac to idle
    t =     1.94s                 Waiting 5.0s for Window (First Match) to exist
    t =     2.98s                     Checking `Expect predicate `existsNoRetry == 1` for object Window (First Match)`
    t =     2.98s                         Checking existence of `Window (First Match)`
    t =     3.00s             Waiting 3.0s for "mainNavigationPicker" SegmentedControl to exist
    t =     4.03s                 Checking `Expect predicate `existsNoRetry == 1` for object "mainNavigationPicker" SegmentedControl`
    t =     4.03s                     Checking existence of `"mainNavigationPicker" SegmentedControl`
    t =     4.30s                     Capturing element debug description
    t =     5.02s                 Checking `Expect predicate `existsNoRetry == 1` for object "mainNavigationPicker" SegmentedControl`
    t =     5.02s                     Checking existence of `"mainNavigationPicker" SegmentedControl`
    t =     5.14s                     Capturing element debug description
    t =     6.00s                 Checking `Expect predicate `existsNoRetry == 1` for object "mainNavigationPicker" SegmentedControl`
    t =     6.00s                     Checking existence of `"mainNavigationPicker" SegmentedControl`
    t =     6.10s                     Capturing element debug description
    t =     6.11s                 Checking existence of `"mainNavigationPicker" SegmentedControl`
    t =     6.19s             Collecting debug information to assist test failure triage
    t =     6.20s                 Requesting snapshot of accessibility hierarchy for app with pid 41178
    t =     7.34s             Find the Target Application 'henemm.FocusBloxMac'
    t =     7.55s Added attachment named 'UnifiedNav-PlanenDate'
    t =     7.55s             Waiting 3.0s for Button (First Match) to exist
    t =     8.57s                 Checking `Expect predicate `existsNoRetry == 1` for object Button (First Match)`
    t =     8.57s                     Checking existence of `Button (First Match)`
    t =     8.67s                     Capturing element debug description
    t =     9.60s                 Checking `Expect predicate `existsNoRetry == 1` for object Button (First Match)`
    t =     9.60s                     Checking existence of `Button (First Match)`
    t =     9.69s                     Capturing element debug description
    t =    10.55s                 Checking `Expect predicate `existsNoRetry == 1` for object Button (First Match)`
    t =    10.55s                     Checking existence of `Button (First Match)`
    t =    10.64s                     Capturing element debug description
    t =    10.64s                 Checking existence of `Button (First Match)`
    t =    10.70s             Collecting debug information to assist test failure triage
    t =    10.70s                 Requesting snapshot of accessibility hierarchy for app with pid 41178
    t =    10.85s             Checking existence of `StaticText (First Match)`
    t =    10.90s             Waiting 3.0s for "mainNavigationPicker" SegmentedControl to exist
    t =    11.92s                 Checking `Expect predicate `existsNoRetry == 1` for object "mainNavigationPicker" SegmentedControl`
    t =    11.92s                     Checking existence of `"mainNavigationPicker" SegmentedControl`
    t =    12.05s                     Capturing element debug description
    t =    12.97s                 Checking `Expect predicate `existsNoRetry == 1` for object "mainNavigationPicker" SegmentedControl`
    t =    12.97s                     Checking existence of `"mainNavigationPicker" SegmentedControl`
    t =    13.10s                     Capturing element debug description
    t =    13.90s                 Checking `Expect predicate `existsNoRetry == 1` for object "mainNavigationPicker" SegmentedControl`
    t =    13.90s                     Checking existence of `"mainNavigationPicker" SegmentedControl`
    t =    14.02s                     Capturing element debug description
    t =    14.02s                 Checking existence of `"mainNavigationPicker" SegmentedControl`
    t =    14.11s             Collecting debug information to assist test failure triage
    t =    14.11s                 Requesting snapshot of accessibility hierarchy for app with pid 41178
    t =    15.27s             Find the Target Application 'henemm.FocusBloxMac'
    t =    15.51s Added attachment named 'UnifiedNav-ZuweisenDate'
    t =    15.52s             Checking existence of `StaticText (First Match)`
/Users/hem/Documents/opt/my-daily-sprints/FocusBloxMacUITests/UnifiedBlockNavigationUITests.swift:210: error: -[FocusBloxMacUITests.UnifiedBlockNavigationUITests testDateSyncBetweenPlanenAndZuweisen] : XCTAssertTrue failed - TDD RED: Zuweisen tab must show same date as Planen tab ('unknown'). Currently each tab has independent date state.
    t =    15.59s Tear Down
Test Case '-[FocusBloxMacUITests.UnifiedBlockNavigationUITests testDateSyncBetweenPlanenAndZuweisen]' failed (15.864 seconds).
Test Case '-[FocusBloxMacUITests.UnifiedBlockNavigationUITests testNoTasksSheetOnBlockTap]' started.
    t =     0.00s Start Test at 2026-02-10 09:06:10.516
    t =     0.12s Set Up
    t =     0.12s                 Open henemm.FocusBloxMac
    t =     0.12s                     Launch henemm.FocusBloxMac
    t =     0.12s                         Terminate henemm.FocusBloxMac:41178
    t =     1.48s                         Wait for accessibility to load
    t =     1.89s                         Setting up automation session
    t =     1.90s                         Wait for henemm.FocusBloxMac to idle
    t =     1.96s                 Waiting 5.0s for Window (First Match) to exist
    t =     2.99s                     Checking `Expect predicate `existsNoRetry == 1` for object Window (First Match)`
    t =     2.99s                         Checking existence of `Window (First Match)`
    t =     3.02s             Waiting 3.0s for "mainNavigationPicker" SegmentedControl to exist
    t =     4.06s                 Checking `Expect predicate `existsNoRetry == 1` for object "mainNavigationPicker" SegmentedControl`
    t =     4.06s                     Checking existence of `"mainNavigationPicker" SegmentedControl`
    t =     4.24s                     Capturing element debug description
    t =     5.07s                 Checking `Expect predicate `existsNoRetry == 1` for object "mainNavigationPicker" SegmentedControl`
    t =     5.07s                     Checking existence of `"mainNavigationPicker" SegmentedControl`
    t =     5.19s                     Capturing element debug description
    t =     6.03s                 Checking `Expect predicate `existsNoRetry == 1` for object "mainNavigationPicker" SegmentedControl`
    t =     6.03s                     Checking existence of `"mainNavigationPicker" SegmentedControl`
    t =     6.14s                     Capturing element debug description
    t =     6.15s                 Checking existence of `"mainNavigationPicker" SegmentedControl`
    t =     6.23s             Collecting debug information to assist test failure triage
    t =     6.23s                 Requesting snapshot of accessibility hierarchy for app with pid 41183
    t =     6.37s             Waiting 5.0s for Any (First Match) to exist
    t =     7.39s                 Checking `Expect predicate `existsNoRetry == 1` for object Any (First Match)`
    t =     7.39s                     Checking existence of `Any (First Match)`
    t =     7.48s                     Capturing element debug description
    t =     8.41s                 Checking `Expect predicate `existsNoRetry == 1` for object Any (First Match)`
    t =     8.41s                     Checking existence of `Any (First Match)`
    t =     8.50s                     Capturing element debug description
    t =     9.42s                 Checking `Expect predicate `existsNoRetry == 1` for object Any (First Match)`
    t =     9.42s                     Checking existence of `Any (First Match)`
    t =     9.50s                     Capturing element debug description
    t =    10.42s                 Checking `Expect predicate `existsNoRetry == 1` for object Any (First Match)`
    t =    10.43s                     Checking existence of `Any (First Match)`
    t =    10.51s                     Capturing element debug description
    t =    11.37s                 Checking `Expect predicate `existsNoRetry == 1` for object Any (First Match)`
    t =    11.37s                     Checking existence of `Any (First Match)`
    t =    11.44s                     Capturing element debug description
    t =    11.44s                 Checking existence of `Any (First Match)`
    t =    11.50s             Collecting debug information to assist test failure triage
    t =    11.50s                 Requesting snapshot of accessibility hierarchy for app with pid 41183
/Users/hem/Documents/opt/my-daily-sprints/FocusBloxMacUITests/UnifiedBlockNavigationUITests.swift:134: error: -[FocusBloxMacUITests.UnifiedBlockNavigationUITests testNoTasksSheetOnBlockTap] : failed - TDD RED: No FocusBlock found in timeline
    t =    11.64s Tear Down
Test Case '-[FocusBloxMacUITests.UnifiedBlockNavigationUITests testNoTasksSheetOnBlockTap]' failed (11.880 seconds).
Test Case '-[FocusBloxMacUITests.UnifiedBlockNavigationUITests testTapBlockNavigatesToZuweisenTab]' started.
    t =     0.00s Start Test at 2026-02-10 09:06:22.397
    t =     0.10s Set Up
    t =     0.11s                 Open henemm.FocusBloxMac
    t =     0.11s                     Launch henemm.FocusBloxMac
    t =     0.11s                         Terminate henemm.FocusBloxMac:41183
    t =     1.45s                         Wait for accessibility to load
    t =     1.88s                         Setting up automation session
    t =     1.90s                         Wait for henemm.FocusBloxMac to idle
    t =     1.95s                 Waiting 5.0s for Window (First Match) to exist
    t =     2.97s                     Checking `Expect predicate `existsNoRetry == 1` for object Window (First Match)`
    t =     2.97s                         Checking existence of `Window (First Match)`
    t =     2.98s             Waiting 3.0s for "mainNavigationPicker" SegmentedControl to exist
    t =     4.01s                 Checking `Expect predicate `existsNoRetry == 1` for object "mainNavigationPicker" SegmentedControl`
    t =     4.01s                     Checking existence of `"mainNavigationPicker" SegmentedControl`
    t =     4.20s                     Capturing element debug description
    t =     5.03s                 Checking `Expect predicate `existsNoRetry == 1` for object "mainNavigationPicker" SegmentedControl`
    t =     5.03s                     Checking existence of `"mainNavigationPicker" SegmentedControl`
    t =     5.14s                     Capturing element debug description
    t =     5.98s                 Checking `Expect predicate `existsNoRetry == 1` for object "mainNavigationPicker" SegmentedControl`
    t =     5.99s                     Checking existence of `"mainNavigationPicker" SegmentedControl`
    t =     6.10s                     Capturing element debug description
    t =     6.10s                 Checking existence of `"mainNavigationPicker" SegmentedControl`
    t =     6.18s             Collecting debug information to assist test failure triage
    t =     6.18s                 Requesting snapshot of accessibility hierarchy for app with pid 41188
    t =     6.32s             Waiting 5.0s for Any (First Match) to exist
    t =     7.34s                 Checking `Expect predicate `existsNoRetry == 1` for object Any (First Match)`
    t =     7.34s                     Checking existence of `Any (First Match)`
    t =     7.42s                     Capturing element debug description
    t =     8.34s                 Checking `Expect predicate `existsNoRetry == 1` for object Any (First Match)`
    t =     8.34s                     Checking existence of `Any (First Match)`
    t =     8.40s                     Capturing element debug description
    t =     9.33s                 Checking `Expect predicate `existsNoRetry == 1` for object Any (First Match)`
    t =     9.33s                     Checking existence of `Any (First Match)`
    t =     9.40s                     Capturing element debug description
    t =    10.33s                 Checking `Expect predicate `existsNoRetry == 1` for object Any (First Match)`
    t =    10.33s                     Checking existence of `Any (First Match)`
    t =    10.41s                     Capturing element debug description
    t =    11.33s                 Checking `Expect predicate `existsNoRetry == 1` for object Any (First Match)`
    t =    11.33s                     Checking existence of `Any (First Match)`
    t =    11.42s                     Capturing element debug description
    t =    11.42s                 Checking existence of `Any (First Match)`
    t =    11.48s             Collecting debug information to assist test failure triage
    t =    11.48s                 Requesting snapshot of accessibility hierarchy for app with pid 41188
/Users/hem/Documents/opt/my-daily-sprints/FocusBloxMacUITests/UnifiedBlockNavigationUITests.swift:93: error: -[FocusBloxMacUITests.UnifiedBlockNavigationUITests testTapBlockNavigatesToZuweisenTab] : failed - TDD RED: No FocusBlock found in timeline - need mock data with focus blocks
    t =    11.63s Tear Down
Test Case '-[FocusBloxMacUITests.UnifiedBlockNavigationUITests testTapBlockNavigatesToZuweisenTab]' failed (11.902 seconds).
Test Suite 'UnifiedBlockNavigationUITests' failed at 2026-02-10 09:06:34.299.
	 Executed 4 tests, with 4 failures (0 unexpected) in 100.642 (100.644) seconds
Test Suite 'FocusBloxMacUITests.xctest' failed at 2026-02-10 09:06:34.300.
	 Executed 4 tests, with 4 failures (0 unexpected) in 100.642 (100.645) seconds
Test Suite 'Selected tests' failed at 2026-02-10 09:06:34.300.
	 Executed 4 tests, with 4 failures (0 unexpected) in 100.642 (100.646) seconds
2026-02-10 09:06:42.687 xcodebuild[40540:4703792] [MT] IDETestOperationsObserverDebug: 110.728 elapsed -- Testing started completed.
2026-02-10 09:06:42.687 xcodebuild[40540:4703792] [MT] IDETestOperationsObserverDebug: 0.000 sec, +0.000 sec -- start
2026-02-10 09:06:42.687 xcodebuild[40540:4703792] [MT] IDETestOperationsObserverDebug: 110.728 sec, +110.728 sec -- end

Test session results, code coverage, and logs:
	/Users/hem/Library/Developer/Xcode/DerivedData/FocusBlox-awtxlldmubwqcwggsrfosewjcyoq/Logs/Test/Test-FocusBloxMac-2026.02.10_09-04-37-+0100.xcresult

** TEST FAILED **

Testing started
Test suite 'Selected tests' started on 'My Mac - FocusBloxMacUITests-Runner (41112)'
Test suite 'FocusBloxMacUITests.xctest' started on 'My Mac - FocusBloxMacUITests-Runner (41112)'
Test suite 'UnifiedBlockNavigationUITests' started on 'My Mac - FocusBloxMacUITests-Runner (41112)'
Test case 'UnifiedBlockNavigationUITests.testBlockCardVisibleInZuweisenAfterNavigation()' failed on 'My Mac - FocusBloxMacUITests-Runner (41112)' (60.995 seconds)
Test case 'UnifiedBlockNavigationUITests.testDateSyncBetweenPlanenAndZuweisen()' failed on 'My Mac - FocusBloxMacUITests-Runner (41112)' (15.864 seconds)
Test case 'UnifiedBlockNavigationUITests.testNoTasksSheetOnBlockTap()' failed on 'My Mac - FocusBloxMacUITests-Runner (41112)' (11.880 seconds)
Test case 'UnifiedBlockNavigationUITests.testTapBlockNavigatesToZuweisenTab()' failed on 'My Mac - FocusBloxMacUITests-Runner (41112)' (11.902 seconds)
