/Applications/Xcode.app/Contents/Developer/Toolchains/XcodeDefault.xctoolchain/usr/bin/swift-frontend -frontend -c /Users/hem/Developer/my-daily-sprints/FocusBloxMacTests/CloudKitSyncTests.swift /Users/hem/Developer/my-daily-sprints/FocusBloxMacTests/FocusBloxMacTests.swift -primary-file /Users/hem/Developer/my-daily-sprints/FocusBloxMacTests/MenuBarFocusBlockTests.swift /Users/hem/Developer/my-daily-sprints/FocusBloxMacTests/TimelineLayoutTests.swift -emit-dependencies-path /Users/hem/Library/Developer/Xcode/DerivedData/FocusBlox-fshkgwtdrowrvdgcqrhjhqvttdao/Build/Intermediates.noindex/FocusBlox.build/Debug/FocusBloxMacTests.build/Objects-normal/arm64/MenuBarFocusBlockTests.d -emit-const-values-path /Users/hem/Library/Developer/Xcode/DerivedData/FocusBlox-fshkgwtdrowrvdgcqrhjhqvttdao/Build/Intermediates.noindex/FocusBlox.build/Debug/FocusBloxMacTests.build/Objects-normal/arm64/MenuBarFocusBlockTests.swiftconstvalues -emit-reference-dependencies-path /Users/hem/Library/Developer/Xcode/DerivedData/FocusBlox-fshkgwtdrowrvdgcqrhjhqvttdao/Build/Intermediates.noindex/FocusBlox.build/Debug/FocusBloxMacTests.build/Objects-normal/arm64/MenuBarFocusBlockTests.swiftdeps -serialize-diagnostics-path /Users/hem/Library/Developer/Xcode/DerivedData/FocusBlox-fshkgwtdrowrvdgcqrhjhqvttdao/Build/Intermediates.noindex/FocusBlox.build/Debug/FocusBloxMacTests.build/Objects-normal/arm64/MenuBarFocusBlockTests.dia -target arm64-apple-macos26.1 -load-resolved-plugin /Applications/Xcode.app/Contents/Developer/Platforms/MacOSX.platform/Developer/usr/lib/swift/host/plugins/libFoundationMacros.dylib\#/Applications/Xcode.app/Contents/Developer/Platforms/MacOSX.platform/Developer/usr/bin/swift-plugin-server\#FoundationMacros -load-resolved-plugin /Applications/Xcode.app/Contents/Developer/Platforms/MacOSX.platform/Developer/usr/lib/swift/host/plugins/libObservationMacros.dylib\#/Applications/Xcode.app/Contents/Developer/Platforms/MacOSX.platform/Developer/usr/bin/swift-plugin-server\#ObservationMacros -load-resolved-plugin /Applications/Xcode.app/Contents/Developer/Platforms/MacOSX.platform/Developer/usr/lib/swift/host/plugins/libPreviewsMacros.dylib\#/Applications/Xcode.app/Contents/Developer/Platforms/MacOSX.platform/Developer/usr/bin/swift-plugin-server\#PreviewsMacros -load-resolved-plugin /Applications/Xcode.app/Contents/Developer/Platforms/MacOSX.platform/Developer/usr/lib/swift/host/plugins/libSwiftDataMacros.dylib\#/Applications/Xcode.app/Contents/Developer/Platforms/MacOSX.platform/Developer/usr/bin/swift-plugin-server\#SwiftDataMacros -load-resolved-plugin /Applications/Xcode.app/Contents/Developer/Platforms/MacOSX.platform/Developer/usr/lib/swift/host/plugins/libSwiftMacros.dylib\#/Applications/Xcode.app/Contents/Developer/Platforms/MacOSX.platform/Developer/usr/bin/swift-plugin-server\#SwiftMacros -load-resolved-plugin /Applications/Xcode.app/Contents/Developer/Platforms/MacOSX.platform/Developer/usr/lib/swift/host/plugins/libSwiftUIMacros.dylib\#/Applications/Xcode.app/Contents/Developer/Platforms/MacOSX.platform/Developer/usr/bin/swift-plugin-server\#SwiftUIMacros -load-resolved-plugin /Applications/Xcode.app/Contents/Developer/Toolchains/XcodeDefault.xctoolchain/usr/lib/swift/host/plugins/testing/libTestingMacros.dylib\#\#TestingMacros -disable-implicit-swift-modules -Xcc -fno-implicit-modules -Xcc -fno-implicit-module-maps -explicit-swift-module-map-file /Users/hem/Library/Developer/Xcode/DerivedData/FocusBlox-fshkgwtdrowrvdgcqrhjhqvttdao/Build/Intermediates.noindex/FocusBlox.build/Debug/FocusBloxMacTests.build/Objects-normal/arm64/FocusBloxMacTests-dependencies-1.json -Xllvm -aarch64-use-tbi -enable-objc-interop -stack-check -sdk /Applications/Xcode.app/Contents/Developer/Platforms/MacOSX.platform/Developer/SDKs/MacOSX26.2.sdk -I /Users/hem/Library/Developer/Xcode/DerivedData/FocusBlox-fshkgwtdrowrvdgcqrhjhqvttdao/Build/Products/Debug -Isystem /Applications/Xcode.app/Contents/Developer/Platforms/MacOSX.platform/Developer/usr/lib -F /Users/hem/Library/Developer/Xcode/DerivedData/FocusBlox-fshkgwtdrowrvdgcqrhjhqvttdao/Build/Products/Debug -F /Applications/Xcode.app/Contents/Developer/Platforms/MacOSX.platform/Developer/Library/Frameworks -no-color-diagnostics -Xcc -fno-color-diagnostics -enable-testing -g -debug-info-format\=dwarf -dwarf-version\=5 -module-cache-path /Users/hem/Library/Developer/Xcode/DerivedData/FocusBlox-fshkgwtdrowrvdgcqrhjhqvttdao/Build/Intermediates.noindex/SwiftExplicitPrecompiledModules -profile-generate -profile-coverage-mapping -swift-version 5 -enforce-exclusivity\=checked -Onone -D DEBUG -D DEBUG -serialize-debugging-options -const-gather-protocols-file /Users/hem/Library/Developer/Xcode/DerivedData/FocusBlox-fshkgwtdrowrvdgcqrhjhqvttdao/Build/Intermediates.noindex/FocusBlox.build/Debug/FocusBloxMacTests.build/Objects-normal/arm64/FocusBloxMacTests_const_extract_protocols.json -enable-upcoming-feature DisableOutwardActorInference -enable-upcoming-feature InferSendableFromCaptures -enable-upcoming-feature GlobalActorIsolatedTypesUsability -enable-upcoming-feature MemberImportVisibility -enable-upcoming-feature InferIsolatedConformances -enable-upcoming-feature NonisolatedNonsendingByDefault -enable-experimental-feature DebugDescriptionMacro -enable-bare-slash-regex -empty-abi-descriptor -validate-clang-modules-once -clang-build-session-file /Users/hem/Library/Developer/Xcode/DerivedData/ModuleCache.noindex/Session.modulevalidation -Xcc -working-directory -Xcc /Users/hem/Developer/my-daily-sprints -enable-anonymous-context-mangled-names -file-compilation-dir /Users/hem/Developer/my-daily-sprints -Xcc -D_LIBCPP_HARDENING_MODE\=_LIBCPP_HARDENING_MODE_DEBUG -Xcc -ivfsstatcache -Xcc /Users/hem/Library/Developer/Xcode/DerivedData/SDKStatCaches.noindex/macosx26.2-25C57-00fa09913b459cbbc988d1f6730289ae.sdkstatcache -Xcc -I/Users/hem/Library/Developer/Xcode/DerivedData/FocusBlox-fshkgwtdrowrvdgcqrhjhqvttdao/Build/Intermediates.noindex/FocusBlox.build/Debug/FocusBloxMacTests.build/swift-overrides.hmap -Xcc -iquote -Xcc /Users/hem/Library/Developer/Xcode/DerivedData/FocusBlox-fshkgwtdrowrvdgcqrhjhqvttdao/Build/Intermediates.noindex/FocusBlox.build/Debug/FocusBloxMacTests.build/FocusBloxMacTests-generated-files.hmap -Xcc -I/Users/hem/Library/Developer/Xcode/DerivedData/FocusBlox-fshkgwtdrowrvdgcqrhjhqvttdao/Build/Intermediates.noindex/FocusBlox.build/Debug/FocusBloxMacTests.build/FocusBloxMacTests-own-target-headers.hmap -Xcc -I/Users/hem/Library/Developer/Xcode/DerivedData/FocusBlox-fshkgwtdrowrvdgcqrhjhqvttdao/Build/Intermediates.noindex/FocusBlox.build/Debug/FocusBloxMacTests.build/FocusBloxMacTests-all-target-headers.hmap -Xcc -iquote -Xcc /Users/hem/Library/Developer/Xcode/DerivedData/FocusBlox-fshkgwtdrowrvdgcqrhjhqvttdao/Build/Intermediates.noindex/FocusBlox.build/Debug/FocusBloxMacTests.build/FocusBloxMacTests-project-headers.hmap -Xcc -I/Users/hem/Library/Developer/Xcode/DerivedData/FocusBlox-fshkgwtdrowrvdgcqrhjhqvttdao/Build/Products/Debug/include -Xcc -I/Users/hem/Library/Developer/Xcode/DerivedData/FocusBlox-fshkgwtdrowrvdgcqrhjhqvttdao/Build/Intermediates.noindex/FocusBlox.build/Debug/FocusBloxMacTests.build/DerivedSources-normal/arm64 -Xcc -I/Users/hem/Library/Developer/Xcode/DerivedData/FocusBlox-fshkgwtdrowrvdgcqrhjhqvttdao/Build/Intermediates.noindex/FocusBlox.build/Debug/FocusBloxMacTests.build/DerivedSources/arm64 -Xcc -I/Users/hem/Library/Developer/Xcode/DerivedData/FocusBlox-fshkgwtdrowrvdgcqrhjhqvttdao/Build/Intermediates.noindex/FocusBlox.build/Debug/FocusBloxMacTests.build/DerivedSources -Xcc -DDEBUG\=1 -Xcc -DDEBUG\=1 -no-auto-bridging-header-chaining -module-name FocusBloxMacTests -frontend-parseable-output -disable-clang-spi -target-sdk-version 26.2 -target-sdk-name macosx26.2 -clang-target arm64-apple-macos26.2 -in-process-plugin-server-path /Applications/Xcode.app/Contents/Developer/Toolchains/XcodeDefault.xctoolchain/usr/lib/swift/host/libSwiftInProcPluginServer.dylib -o /Users/hem/Library/Developer/Xcode/DerivedData/FocusBlox-fshkgwtdrowrvdgcqrhjhqvttdao/Build/Intermediates.noindex/FocusBlox.build/Debug/FocusBloxMacTests.build/Objects-normal/arm64/MenuBarFocusBlockTests.o -index-unit-output-path /FocusBlox.build/Debug/FocusBloxMacTests.build/Objects-normal/arm64/MenuBarFocusBlockTests.o -index-store-path /Users/hem/Library/Developer/Xcode/DerivedData/FocusBlox-fshkgwtdrowrvdgcqrhjhqvttdao/Index.noindex/DataStore -index-system-modules
/Users/hem/Developer/my-daily-sprints/FocusBloxMacTests/MenuBarFocusBlockTests.swift:20:25: error: cannot find 'MenuBarTimerFormatter' in scope
/Users/hem/Developer/my-daily-sprints/FocusBloxMacTests/MenuBarFocusBlockTests.swift:27:25: error: cannot find 'MenuBarTimerFormatter' in scope
/Users/hem/Developer/my-daily-sprints/FocusBloxMacTests/MenuBarFocusBlockTests.swift:34:25: error: cannot find 'MenuBarTimerFormatter' in scope
/Users/hem/Developer/my-daily-sprints/FocusBloxMacTests/MenuBarFocusBlockTests.swift:41:25: error: cannot find 'MenuBarTimerFormatter' in scope
/Users/hem/Developer/my-daily-sprints/FocusBloxMacTests/MenuBarFocusBlockTests.swift:48:25: error: cannot find 'MenuBarTimerFormatter' in scope
Testing failed:
	Cannot find 'MenuBarTimerFormatter' in scope
	Cannot find 'MenuBarTimerFormatter' in scope
	Cannot find 'MenuBarTimerFormatter' in scope
	Cannot find 'MenuBarTimerFormatter' in scope
	Cannot find 'MenuBarTimerFormatter' in scope
	Testing cancelled because the build failed.
** TEST FAILED **
The following build commands failed:
	Testing project FocusBlox with scheme FocusBloxMac
