Command line invocation:
    /Applications/Xcode.app/Contents/Developer/usr/bin/xcodebuild test -project TimeBox.xcodeproj -scheme TimeBox -destination id=D9E26087-132A-44CB-9883-59073DD9CC54 "-only-testing:TimeBoxUITests/QuickCaptureUITests"

2026-01-22 14:31:08.607 xcodebuild[55994:27676392] [MT] IDERunDestination: Supported platforms for the buildables in the current scheme is empty.
ComputePackagePrebuildTargetDependencyGraph

Prepare packages

CreateBuildRequest

SendProjectDescription

CreateBuildOperation

ComputeTargetDependencyGraph
note: Building targets in dependency order
note: Target dependency graph (6 targets)
    Target 'TimeBoxUITests' in project 'TimeBox'
        ➜ Explicit dependency on target 'TimeBox' in project 'TimeBox'
    Target 'TimeBoxTests' in project 'TimeBox'
        ➜ Explicit dependency on target 'TimeBox' in project 'TimeBox'
    Target 'TimeBoxCoreTests' in project 'TimeBox'
        ➜ Explicit dependency on target 'TimeBoxCore' in project 'TimeBox'
        ➜ Explicit dependency on target 'TimeBox' in project 'TimeBox'
    Target 'TimeBox' in project 'TimeBox'
        ➜ Explicit dependency on target 'TimeBoxWidgetsExtension' in project 'TimeBox'
        ➜ Explicit dependency on target 'TimeBoxCore' in project 'TimeBox'
    Target 'TimeBoxWidgetsExtension' in project 'TimeBox'
        ➜ Explicit dependency on target 'TimeBoxCore' in project 'TimeBox'
    Target 'TimeBoxCore' in project 'TimeBox' (no dependencies)

GatherProvisioningInputs

CreateBuildDescription

ExecuteExternalTool /Applications/Xcode.app/Contents/Developer/Toolchains/XcodeDefault.xctoolchain/usr/bin/clang -v -E -dM -arch arm64 -isysroot /Applications/Xcode.app/Contents/Developer/Platforms/iPhoneSimulator.platform/Developer/SDKs/iPhoneSimulator26.2.sdk -x c -c /dev/null

ExecuteExternalTool /Applications/Xcode.app/Contents/Developer/usr/bin/actool --version --output-format xml1

ExecuteExternalTool /Applications/Xcode.app/Contents/Developer/Toolchains/XcodeDefault.xctoolchain/usr/bin/swiftc --version

ExecuteExternalTool /Applications/Xcode.app/Contents/Developer/Toolchains/XcodeDefault.xctoolchain/usr/bin/clang -v -E -dM -isysroot /Applications/Xcode.app/Contents/Developer/Platforms/iPhoneSimulator.platform/Developer/SDKs/iPhoneSimulator26.2.sdk -x c -c /dev/null

ExecuteExternalTool /Applications/Xcode.app/Contents/Developer/Toolchains/XcodeDefault.xctoolchain/usr/bin/ld -version_details

ReadFileContents /Applications/Xcode.app/Contents/Developer/Toolchains/XcodeDefault.xctoolchain/usr/share/docc/features.json

Build description signature: c2dc631954940155e46a804633961dc4
Build description path: /Users/hem/Library/Developer/Xcode/DerivedData/TimeBox-bsjmcdsflgpdivgxidgxnaahhzjo/Build/Intermediates.noindex/XCBuildData/c2dc631954940155e46a804633961dc4.xcbuilddata
ClangStatCache /Applications/Xcode.app/Contents/Developer/Toolchains/XcodeDefault.xctoolchain/usr/bin/clang-stat-cache /Applications/Xcode.app/Contents/Developer/Platforms/iPhoneSimulator.platform/Developer/SDKs/iPhoneSimulator26.2.sdk /Users/hem/Library/Developer/Xcode/DerivedData/SDKStatCaches.noindex/iphonesimulator26.2-23C53-7d00a8b37fbd7999ea79df8ebc024bf0.sdkstatcache
    cd /Users/hem/Documents/opt/my-daily-sprints/TimeBox/TimeBox.xcodeproj
    /Applications/Xcode.app/Contents/Developer/Toolchains/XcodeDefault.xctoolchain/usr/bin/clang-stat-cache /Applications/Xcode.app/Contents/Developer/Platforms/iPhoneSimulator.platform/Developer/SDKs/iPhoneSimulator26.2.sdk -o /Users/hem/Library/Developer/Xcode/DerivedData/SDKStatCaches.noindex/iphonesimulator26.2-23C53-7d00a8b37fbd7999ea79df8ebc024bf0.sdkstatcache

ProcessInfoPlistFile /Users/hem/Library/Developer/Xcode/DerivedData/TimeBox-bsjmcdsflgpdivgxidgxnaahhzjo/Build/Products/Debug-iphonesimulator/TimeBoxCore.framework/Info.plist /Users/hem/Library/Developer/Xcode/DerivedData/TimeBox-bsjmcdsflgpdivgxidgxnaahhzjo/Build/Intermediates.noindex/TimeBox.build/Debug-iphonesimulator/TimeBoxCore.build/empty-TimeBoxCore.plist (in target 'TimeBoxCore' from project 'TimeBox')
    cd /Users/hem/Documents/opt/my-daily-sprints/TimeBox
    builtin-infoPlistUtility /Users/hem/Library/Developer/Xcode/DerivedData/TimeBox-bsjmcdsflgpdivgxidgxnaahhzjo/Build/Intermediates.noindex/TimeBox.build/Debug-iphonesimulator/TimeBoxCore.build/empty-TimeBoxCore.plist -producttype com.apple.product-type.framework -expandbuildsettings -format binary -platform iphonesimulator -o /Users/hem/Library/Developer/Xcode/DerivedData/TimeBox-bsjmcdsflgpdivgxidgxnaahhzjo/Build/Products/Debug-iphonesimulator/TimeBoxCore.framework/Info.plist

WriteAuxiliaryFile /Users/hem/Library/Developer/Xcode/DerivedData/TimeBox-bsjmcdsflgpdivgxidgxnaahhzjo/Build/Intermediates.noindex/TimeBox.build/Debug-iphonesimulator/TimeBoxUITests.build/Objects-normal/arm64/TimeBoxUITests.LinkFileList (in target 'TimeBoxUITests' from project 'TimeBox')
    cd /Users/hem/Documents/opt/my-daily-sprints/TimeBox
    write-file /Users/hem/Library/Developer/Xcode/DerivedData/TimeBox-bsjmcdsflgpdivgxidgxnaahhzjo/Build/Intermediates.noindex/TimeBox.build/Debug-iphonesimulator/TimeBoxUITests.build/Objects-normal/arm64/TimeBoxUITests.LinkFileList

WriteAuxiliaryFile /Users/hem/Library/Developer/Xcode/DerivedData/TimeBox-bsjmcdsflgpdivgxidgxnaahhzjo/Build/Intermediates.noindex/TimeBox.build/Debug-iphonesimulator/TimeBoxUITests.build/Objects-normal/arm64/TimeBoxUITests-OutputFileMap.json (in target 'TimeBoxUITests' from project 'TimeBox')
    cd /Users/hem/Documents/opt/my-daily-sprints/TimeBox
    write-file /Users/hem/Library/Developer/Xcode/DerivedData/TimeBox-bsjmcdsflgpdivgxidgxnaahhzjo/Build/Intermediates.noindex/TimeBox.build/Debug-iphonesimulator/TimeBoxUITests.build/Objects-normal/arm64/TimeBoxUITests-OutputFileMap.json

WriteAuxiliaryFile /Users/hem/Library/Developer/Xcode/DerivedData/TimeBox-bsjmcdsflgpdivgxidgxnaahhzjo/Build/Intermediates.noindex/TimeBox.build/Debug-iphonesimulator/TimeBoxUITests.build/Objects-normal/arm64/TimeBoxUITests.SwiftFileList (in target 'TimeBoxUITests' from project 'TimeBox')
    cd /Users/hem/Documents/opt/my-daily-sprints/TimeBox
    write-file /Users/hem/Library/Developer/Xcode/DerivedData/TimeBox-bsjmcdsflgpdivgxidgxnaahhzjo/Build/Intermediates.noindex/TimeBox.build/Debug-iphonesimulator/TimeBoxUITests.build/Objects-normal/arm64/TimeBoxUITests.SwiftFileList

WriteAuxiliaryFile /Users/hem/Library/Developer/Xcode/DerivedData/TimeBox-bsjmcdsflgpdivgxidgxnaahhzjo/Build/Intermediates.noindex/TimeBox.build/Debug-iphonesimulator/TimeBoxUITests.build/Objects-normal/arm64/TimeBoxUITests.SwiftConstValuesFileList (in target 'TimeBoxUITests' from project 'TimeBox')
    cd /Users/hem/Documents/opt/my-daily-sprints/TimeBox
    write-file /Users/hem/Library/Developer/Xcode/DerivedData/TimeBox-bsjmcdsflgpdivgxidgxnaahhzjo/Build/Intermediates.noindex/TimeBox.build/Debug-iphonesimulator/TimeBoxUITests.build/Objects-normal/arm64/TimeBoxUITests.SwiftConstValuesFileList

SwiftDriver TimeBoxUITests normal arm64 com.apple.xcode.tools.swift.compiler (in target 'TimeBoxUITests' from project 'TimeBox')
    cd /Users/hem/Documents/opt/my-daily-sprints/TimeBox
    builtin-SwiftDriver -- /Applications/Xcode.app/Contents/Developer/Toolchains/XcodeDefault.xctoolchain/usr/bin/swiftc -module-name TimeBoxUITests -Onone -enforce-exclusivity\=checked @/Users/hem/Library/Developer/Xcode/DerivedData/TimeBox-bsjmcdsflgpdivgxidgxnaahhzjo/Build/Intermediates.noindex/TimeBox.build/Debug-iphonesimulator/TimeBoxUITests.build/Objects-normal/arm64/TimeBoxUITests.SwiftFileList -DDEBUG -module-alias Testing\=_Testing_Unavailable -plugin-path /Applications/Xcode.app/Contents/Developer/Toolchains/XcodeDefault.xctoolchain/usr/lib/swift/host/plugins/testing -enable-experimental-feature DebugDescriptionMacro -sdk /Applications/Xcode.app/Contents/Developer/Platforms/iPhoneSimulator.platform/Developer/SDKs/iPhoneSimulator26.2.sdk -target arm64-apple-ios17.0-simulator -g -module-cache-path /Users/hem/Library/Developer/Xcode/DerivedData/ModuleCache.noindex -Xfrontend -serialize-debugging-options -profile-coverage-mapping -profile-generate -enable-testing -index-store-path /Users/hem/Library/Developer/Xcode/DerivedData/TimeBox-bsjmcdsflgpdivgxidgxnaahhzjo/Index.noindex/DataStore -Xcc -D_LIBCPP_HARDENING_MODE\=_LIBCPP_HARDENING_MODE_DEBUG -swift-version 6 -I /Users/hem/Library/Developer/Xcode/DerivedData/TimeBox-bsjmcdsflgpdivgxidgxnaahhzjo/Build/Products/Debug-iphonesimulator -Isystem /Applications/Xcode.app/Contents/Developer/Platforms/iPhoneSimulator.platform/Developer/usr/lib -F /Users/hem/Library/Developer/Xcode/DerivedData/TimeBox-bsjmcdsflgpdivgxidgxnaahhzjo/Build/Products/Debug-iphonesimulator -F /Applications/Xcode.app/Contents/Developer/Platforms/iPhoneSimulator.platform/Developer/Library/Frameworks -F /Applications/Xcode.app/Contents/Developer/Platforms/iPhoneSimulator.platform/Developer/SDKs/iPhoneSimulator26.2.sdk/Developer/Library/Frameworks -c -j10 -enable-batch-mode -incremental -Xcc -ivfsstatcache -Xcc /Users/hem/Library/Developer/Xcode/DerivedData/SDKStatCaches.noindex/iphonesimulator26.2-23C53-7d00a8b37fbd7999ea79df8ebc024bf0.sdkstatcache -output-file-map /Users/hem/Library/Developer/Xcode/DerivedData/TimeBox-bsjmcdsflgpdivgxidgxnaahhzjo/Build/Intermediates.noindex/TimeBox.build/Debug-iphonesimulator/TimeBoxUITests.build/Objects-normal/arm64/TimeBoxUITests-OutputFileMap.json -use-frontend-parseable-output -save-temps -no-color-diagnostics -explicit-module-build -module-cache-path /Users/hem/Library/Developer/Xcode/DerivedData/TimeBox-bsjmcdsflgpdivgxidgxnaahhzjo/Build/Intermediates.noindex/SwiftExplicitPrecompiledModules -clang-scanner-module-cache-path /Users/hem/Library/Developer/Xcode/DerivedData/ModuleCache.noindex -sdk-module-cache-path /Users/hem/Library/Developer/Xcode/DerivedData/ModuleCache.noindex -serialize-diagnostics -emit-dependencies -emit-module -emit-module-path /Users/hem/Library/Developer/Xcode/DerivedData/TimeBox-bsjmcdsflgpdivgxidgxnaahhzjo/Build/Intermediates.noindex/TimeBox.build/Debug-iphonesimulator/TimeBoxUITests.build/Objects-normal/arm64/TimeBoxUITests.swiftmodule -validate-clang-modules-once -clang-build-session-file /Users/hem/Library/Developer/Xcode/DerivedData/ModuleCache.noindex/Session.modulevalidation -Xcc -I/Users/hem/Library/Developer/Xcode/DerivedData/TimeBox-bsjmcdsflgpdivgxidgxnaahhzjo/Build/Intermediates.noindex/TimeBox.build/Debug-iphonesimulator/TimeBoxUITests.build/swift-overrides.hmap -emit-const-values -Xfrontend -const-gather-protocols-file -Xfrontend /Users/hem/Library/Developer/Xcode/DerivedData/TimeBox-bsjmcdsflgpdivgxidgxnaahhzjo/Build/Intermediates.noindex/TimeBox.build/Debug-iphonesimulator/TimeBoxUITests.build/Objects-normal/arm64/TimeBoxUITests_const_extract_protocols.json -Xcc -iquote -Xcc /Users/hem/Library/Developer/Xcode/DerivedData/TimeBox-bsjmcdsflgpdivgxidgxnaahhzjo/Build/Intermediates.noindex/TimeBox.build/Debug-iphonesimulator/TimeBoxUITests.build/TimeBoxUITests-generated-files.hmap -Xcc -I/Users/hem/Library/Developer/Xcode/DerivedData/TimeBox-bsjmcdsflgpdivgxidgxnaahhzjo/Build/Intermediates.noindex/TimeBox.build/Debug-iphonesimulator/TimeBoxUITests.build/TimeBoxUITests-own-target-headers.hmap -Xcc -I/Users/hem/Library/Developer/Xcode/DerivedData/TimeBox-bsjmcdsflgpdivgxidgxnaahhzjo/Build/Intermediates.noindex/TimeBox.build/Debug-iphonesimulator/TimeBoxUITests.build/TimeBoxUITests-all-target-headers.hmap -Xcc -iquote -Xcc /Users/hem/Library/Developer/Xcode/DerivedData/TimeBox-bsjmcdsflgpdivgxidgxnaahhzjo/Build/Intermediates.noindex/TimeBox.build/Debug-iphonesimulator/TimeBoxUITests.build/TimeBoxUITests-project-headers.hmap -Xcc -I/Users/hem/Library/Developer/Xcode/DerivedData/TimeBox-bsjmcdsflgpdivgxidgxnaahhzjo/Build/Products/Debug-iphonesimulator/include -Xcc -I/Users/hem/Library/Developer/Xcode/DerivedData/TimeBox-bsjmcdsflgpdivgxidgxnaahhzjo/Build/Intermediates.noindex/TimeBox.build/Debug-iphonesimulator/TimeBoxUITests.build/DerivedSources-normal/arm64 -Xcc -I/Users/hem/Library/Developer/Xcode/DerivedData/TimeBox-bsjmcdsflgpdivgxidgxnaahhzjo/Build/Intermediates.noindex/TimeBox.build/Debug-iphonesimulator/TimeBoxUITests.build/DerivedSources/arm64 -Xcc -I/Users/hem/Library/Developer/Xcode/DerivedData/TimeBox-bsjmcdsflgpdivgxidgxnaahhzjo/Build/Intermediates.noindex/TimeBox.build/Debug-iphonesimulator/TimeBoxUITests.build/DerivedSources -Xcc -DDEBUG\=1 -emit-objc-header -emit-objc-header-path /Users/hem/Library/Developer/Xcode/DerivedData/TimeBox-bsjmcdsflgpdivgxidgxnaahhzjo/Build/Intermediates.noindex/TimeBox.build/Debug-iphonesimulator/TimeBoxUITests.build/Objects-normal/arm64/TimeBoxUITests-Swift.h -working-directory /Users/hem/Documents/opt/my-daily-sprints/TimeBox -experimental-emit-module-separately -disable-cmo

ProcessInfoPlistFile /Users/hem/Library/Developer/Xcode/DerivedData/TimeBox-bsjmcdsflgpdivgxidgxnaahhzjo/Build/Products/Debug-iphonesimulator/TimeBoxWidgetsExtension.appex/Info.plist /Users/hem/Documents/opt/my-daily-sprints/TimeBox/TimeBoxWidgets/Info.plist (in target 'TimeBoxWidgetsExtension' from project 'TimeBox')
    cd /Users/hem/Documents/opt/my-daily-sprints/TimeBox
    builtin-infoPlistUtility /Users/hem/Documents/opt/my-daily-sprints/TimeBox/TimeBoxWidgets/Info.plist -producttype com.apple.product-type.app-extension -expandbuildsettings -format binary -platform iphonesimulator -additionalcontentfile /Users/hem/Library/Developer/Xcode/DerivedData/TimeBox-bsjmcdsflgpdivgxidgxnaahhzjo/Build/Intermediates.noindex/TimeBox.build/Debug-iphonesimulator/TimeBoxWidgetsExtension.build/assetcatalog_generated_info.plist -o /Users/hem/Library/Developer/Xcode/DerivedData/TimeBox-bsjmcdsflgpdivgxidgxnaahhzjo/Build/Products/Debug-iphonesimulator/TimeBoxWidgetsExtension.appex/Info.plist

Copy /Users/hem/Library/Developer/Xcode/DerivedData/TimeBox-bsjmcdsflgpdivgxidgxnaahhzjo/Build/Products/Debug-iphonesimulator/TimeBoxWidgetsExtension.appex/Frameworks/TimeBoxCore.framework /Users/hem/Library/Developer/Xcode/DerivedData/TimeBox-bsjmcdsflgpdivgxidgxnaahhzjo/Build/Products/Debug-iphonesimulator/TimeBoxCore.framework (in target 'TimeBoxWidgetsExtension' from project 'TimeBox')
    cd /Users/hem/Documents/opt/my-daily-sprints/TimeBox
    builtin-copy -exclude .DS_Store -exclude CVS -exclude .svn -exclude .git -exclude .hg -exclude Headers -exclude PrivateHeaders -exclude Modules -exclude \*.tbd -resolve-src-symlinks -remove-static-executable /Users/hem/Library/Developer/Xcode/DerivedData/TimeBox-bsjmcdsflgpdivgxidgxnaahhzjo/Build/Products/Debug-iphonesimulator/TimeBoxCore.framework /Users/hem/Library/Developer/Xcode/DerivedData/TimeBox-bsjmcdsflgpdivgxidgxnaahhzjo/Build/Products/Debug-iphonesimulator/TimeBoxWidgetsExtension.appex/Frameworks

CodeSign /Users/hem/Library/Developer/Xcode/DerivedData/TimeBox-bsjmcdsflgpdivgxidgxnaahhzjo/Build/Products/Debug-iphonesimulator/TimeBoxWidgetsExtension.appex/Frameworks/TimeBoxCore.framework (in target 'TimeBoxWidgetsExtension' from project 'TimeBox')
    cd /Users/hem/Documents/opt/my-daily-sprints/TimeBox
    
    Signing Identity:     "Sign to Run Locally"
    
    /usr/bin/codesign --force --sign - --timestamp\=none --preserve-metadata\=identifier,entitlements,flags --generate-entitlement-der /Users/hem/Library/Developer/Xcode/DerivedData/TimeBox-bsjmcdsflgpdivgxidgxnaahhzjo/Build/Products/Debug-iphonesimulator/TimeBoxWidgetsExtension.appex/Frameworks/TimeBoxCore.framework
/Users/hem/Library/Developer/Xcode/DerivedData/TimeBox-bsjmcdsflgpdivgxidgxnaahhzjo/Build/Products/Debug-iphonesimulator/TimeBoxWidgetsExtension.appex/Frameworks/TimeBoxCore.framework: replacing existing signature

CodeSign /Users/hem/Library/Developer/Xcode/DerivedData/TimeBox-bsjmcdsflgpdivgxidgxnaahhzjo/Build/Products/Debug-iphonesimulator/TimeBoxWidgetsExtension.appex/TimeBoxWidgetsExtension.debug.dylib (in target 'TimeBoxWidgetsExtension' from project 'TimeBox')
    cd /Users/hem/Documents/opt/my-daily-sprints/TimeBox
    
    Signing Identity:     "Sign to Run Locally"
    
    /usr/bin/codesign --force --sign - --timestamp\=none --generate-entitlement-der /Users/hem/Library/Developer/Xcode/DerivedData/TimeBox-bsjmcdsflgpdivgxidgxnaahhzjo/Build/Products/Debug-iphonesimulator/TimeBoxWidgetsExtension.appex/TimeBoxWidgetsExtension.debug.dylib
/Users/hem/Library/Developer/Xcode/DerivedData/TimeBox-bsjmcdsflgpdivgxidgxnaahhzjo/Build/Products/Debug-iphonesimulator/TimeBoxWidgetsExtension.appex/TimeBoxWidgetsExtension.debug.dylib: replacing existing signature

CodeSign /Users/hem/Library/Developer/Xcode/DerivedData/TimeBox-bsjmcdsflgpdivgxidgxnaahhzjo/Build/Products/Debug-iphonesimulator/TimeBoxWidgetsExtension.appex/__preview.dylib (in target 'TimeBoxWidgetsExtension' from project 'TimeBox')
    cd /Users/hem/Documents/opt/my-daily-sprints/TimeBox
    
    Signing Identity:     "Sign to Run Locally"
    
    /usr/bin/codesign --force --sign - --timestamp\=none --generate-entitlement-der /Users/hem/Library/Developer/Xcode/DerivedData/TimeBox-bsjmcdsflgpdivgxidgxnaahhzjo/Build/Products/Debug-iphonesimulator/TimeBoxWidgetsExtension.appex/__preview.dylib
/Users/hem/Library/Developer/Xcode/DerivedData/TimeBox-bsjmcdsflgpdivgxidgxnaahhzjo/Build/Products/Debug-iphonesimulator/TimeBoxWidgetsExtension.appex/__preview.dylib: replacing existing signature

CodeSign /Users/hem/Library/Developer/Xcode/DerivedData/TimeBox-bsjmcdsflgpdivgxidgxnaahhzjo/Build/Products/Debug-iphonesimulator/TimeBoxWidgetsExtension.appex (in target 'TimeBoxWidgetsExtension' from project 'TimeBox')
    cd /Users/hem/Documents/opt/my-daily-sprints/TimeBox
    
    Signing Identity:     "Sign to Run Locally"
    
    /usr/bin/codesign --force --sign - --timestamp\=none --generate-entitlement-der /Users/hem/Library/Developer/Xcode/DerivedData/TimeBox-bsjmcdsflgpdivgxidgxnaahhzjo/Build/Products/Debug-iphonesimulator/TimeBoxWidgetsExtension.appex
/Users/hem/Library/Developer/Xcode/DerivedData/TimeBox-bsjmcdsflgpdivgxidgxnaahhzjo/Build/Products/Debug-iphonesimulator/TimeBoxWidgetsExtension.appex: replacing existing signature

Copy /Users/hem/Library/Developer/Xcode/DerivedData/TimeBox-bsjmcdsflgpdivgxidgxnaahhzjo/Build/Products/Debug-iphonesimulator/TimeBox.app/PlugIns/TimeBoxWidgetsExtension.appex /Users/hem/Library/Developer/Xcode/DerivedData/TimeBox-bsjmcdsflgpdivgxidgxnaahhzjo/Build/Products/Debug-iphonesimulator/TimeBoxWidgetsExtension.appex (in target 'TimeBox' from project 'TimeBox')
    cd /Users/hem/Documents/opt/my-daily-sprints/TimeBox
    builtin-copy -exclude .DS_Store -exclude CVS -exclude .svn -exclude .git -exclude .hg -exclude Headers -exclude PrivateHeaders -exclude Modules -exclude \*.tbd -resolve-src-symlinks -remove-static-executable /Users/hem/Library/Developer/Xcode/DerivedData/TimeBox-bsjmcdsflgpdivgxidgxnaahhzjo/Build/Products/Debug-iphonesimulator/TimeBoxWidgetsExtension.appex /Users/hem/Library/Developer/Xcode/DerivedData/TimeBox-bsjmcdsflgpdivgxidgxnaahhzjo/Build/Products/Debug-iphonesimulator/TimeBox.app/PlugIns

Copy /Users/hem/Library/Developer/Xcode/DerivedData/TimeBox-bsjmcdsflgpdivgxidgxnaahhzjo/Build/Products/Debug-iphonesimulator/TimeBox.app/Frameworks/TimeBoxCore.framework /Users/hem/Library/Developer/Xcode/DerivedData/TimeBox-bsjmcdsflgpdivgxidgxnaahhzjo/Build/Products/Debug-iphonesimulator/TimeBoxCore.framework (in target 'TimeBox' from project 'TimeBox')
    cd /Users/hem/Documents/opt/my-daily-sprints/TimeBox
    builtin-copy -exclude .DS_Store -exclude CVS -exclude .svn -exclude .git -exclude .hg -exclude Headers -exclude PrivateHeaders -exclude Modules -exclude \*.tbd -resolve-src-symlinks -remove-static-executable /Users/hem/Library/Developer/Xcode/DerivedData/TimeBox-bsjmcdsflgpdivgxidgxnaahhzjo/Build/Products/Debug-iphonesimulator/TimeBoxCore.framework /Users/hem/Library/Developer/Xcode/DerivedData/TimeBox-bsjmcdsflgpdivgxidgxnaahhzjo/Build/Products/Debug-iphonesimulator/TimeBox.app/Frameworks

ProcessInfoPlistFile /Users/hem/Library/Developer/Xcode/DerivedData/TimeBox-bsjmcdsflgpdivgxidgxnaahhzjo/Build/Products/Debug-iphonesimulator/TimeBox.app/Info.plist /Users/hem/Documents/opt/my-daily-sprints/TimeBox/Resources/Info.plist (in target 'TimeBox' from project 'TimeBox')
    cd /Users/hem/Documents/opt/my-daily-sprints/TimeBox
    builtin-infoPlistUtility /Users/hem/Documents/opt/my-daily-sprints/TimeBox/Resources/Info.plist -producttype com.apple.product-type.application -genpkginfo /Users/hem/Library/Developer/Xcode/DerivedData/TimeBox-bsjmcdsflgpdivgxidgxnaahhzjo/Build/Products/Debug-iphonesimulator/TimeBox.app/PkgInfo -expandbuildsettings -format binary -platform iphonesimulator -scanforprivacyfile /Users/hem/Library/Developer/Xcode/DerivedData/TimeBox-bsjmcdsflgpdivgxidgxnaahhzjo/Build/Products/Debug-iphonesimulator/TimeBox.app/Frameworks/TimeBoxCore.framework -scanforprivacyfile /Users/hem/Library/Developer/Xcode/DerivedData/TimeBox-bsjmcdsflgpdivgxidgxnaahhzjo/Build/Products/Debug-iphonesimulator/TimeBox.app/PlugIns/TimeBoxWidgetsExtension.appex -o /Users/hem/Library/Developer/Xcode/DerivedData/TimeBox-bsjmcdsflgpdivgxidgxnaahhzjo/Build/Products/Debug-iphonesimulator/TimeBox.app/Info.plist

CodeSign /Users/hem/Library/Developer/Xcode/DerivedData/TimeBox-bsjmcdsflgpdivgxidgxnaahhzjo/Build/Products/Debug-iphonesimulator/TimeBox.app/Frameworks/TimeBoxCore.framework (in target 'TimeBox' from project 'TimeBox')
    cd /Users/hem/Documents/opt/my-daily-sprints/TimeBox
    
    Signing Identity:     "Sign to Run Locally"
    
    /usr/bin/codesign --force --sign - --timestamp\=none --preserve-metadata\=identifier,entitlements,flags --generate-entitlement-der /Users/hem/Library/Developer/Xcode/DerivedData/TimeBox-bsjmcdsflgpdivgxidgxnaahhzjo/Build/Products/Debug-iphonesimulator/TimeBox.app/Frameworks/TimeBoxCore.framework
/Users/hem/Library/Developer/Xcode/DerivedData/TimeBox-bsjmcdsflgpdivgxidgxnaahhzjo/Build/Products/Debug-iphonesimulator/TimeBox.app/Frameworks/TimeBoxCore.framework: replacing existing signature

CopySwiftLibs /Users/hem/Library/Developer/Xcode/DerivedData/TimeBox-bsjmcdsflgpdivgxidgxnaahhzjo/Build/Products/Debug-iphonesimulator/TimeBox.app (in target 'TimeBox' from project 'TimeBox')
    cd /Users/hem/Documents/opt/my-daily-sprints/TimeBox
    builtin-swiftStdLibTool --copy --verbose --sign - --scan-executable /Users/hem/Library/Developer/Xcode/DerivedData/TimeBox-bsjmcdsflgpdivgxidgxnaahhzjo/Build/Products/Debug-iphonesimulator/TimeBox.app/TimeBox.debug.dylib --scan-folder /Users/hem/Library/Developer/Xcode/DerivedData/TimeBox-bsjmcdsflgpdivgxidgxnaahhzjo/Build/Products/Debug-iphonesimulator/TimeBox.app/Frameworks --scan-folder /Users/hem/Library/Developer/Xcode/DerivedData/TimeBox-bsjmcdsflgpdivgxidgxnaahhzjo/Build/Products/Debug-iphonesimulator/TimeBox.app/PlugIns --scan-folder /Users/hem/Library/Developer/Xcode/DerivedData/TimeBox-bsjmcdsflgpdivgxidgxnaahhzjo/Build/Products/Debug-iphonesimulator/TimeBox.app/SystemExtensions --scan-folder /Users/hem/Library/Developer/Xcode/DerivedData/TimeBox-bsjmcdsflgpdivgxidgxnaahhzjo/Build/Products/Debug-iphonesimulator/TimeBox.app/Extensions --scan-folder /Users/hem/Library/Developer/Xcode/DerivedData/TimeBox-bsjmcdsflgpdivgxidgxnaahhzjo/Build/Products/Debug-iphonesimulator/TimeBoxCore.framework --platform iphonesimulator --toolchain /Applications/Xcode.app/Contents/Developer/Toolchains/XcodeDefault.xctoolchain --destination /Users/hem/Library/Developer/Xcode/DerivedData/TimeBox-bsjmcdsflgpdivgxidgxnaahhzjo/Build/Products/Debug-iphonesimulator/TimeBox.app/Frameworks --strip-bitcode --strip-bitcode-tool /Applications/Xcode.app/Contents/Developer/Toolchains/XcodeDefault.xctoolchain/usr/bin/bitcode_strip --emit-dependency-info /Users/hem/Library/Developer/Xcode/DerivedData/TimeBox-bsjmcdsflgpdivgxidgxnaahhzjo/Build/Intermediates.noindex/TimeBox.build/Debug-iphonesimulator/TimeBox.build/SwiftStdLibToolInputDependencies.dep --filter-for-swift-os

ProcessInfoPlistFile /Users/hem/Library/Developer/Xcode/DerivedData/TimeBox-bsjmcdsflgpdivgxidgxnaahhzjo/Build/Products/Debug-iphonesimulator/TimeBox.app/PlugIns/TimeBoxTests.xctest/Info.plist /Users/hem/Library/Developer/Xcode/DerivedData/TimeBox-bsjmcdsflgpdivgxidgxnaahhzjo/Build/Intermediates.noindex/TimeBox.build/Debug-iphonesimulator/TimeBoxTests.build/empty-TimeBoxTests.plist (in target 'TimeBoxTests' from project 'TimeBox')
    cd /Users/hem/Documents/opt/my-daily-sprints/TimeBox
    builtin-infoPlistUtility /Users/hem/Library/Developer/Xcode/DerivedData/TimeBox-bsjmcdsflgpdivgxidgxnaahhzjo/Build/Intermediates.noindex/TimeBox.build/Debug-iphonesimulator/TimeBoxTests.build/empty-TimeBoxTests.plist -producttype com.apple.product-type.bundle.unit-test -expandbuildsettings -format binary -platform iphonesimulator -o /Users/hem/Library/Developer/Xcode/DerivedData/TimeBox-bsjmcdsflgpdivgxidgxnaahhzjo/Build/Products/Debug-iphonesimulator/TimeBox.app/PlugIns/TimeBoxTests.xctest/Info.plist

ProcessInfoPlistFile /Users/hem/Library/Developer/Xcode/DerivedData/TimeBox-bsjmcdsflgpdivgxidgxnaahhzjo/Build/Products/Debug-iphonesimulator/TimeBox.app/PlugIns/TimeBoxCoreTests.xctest/Info.plist /Users/hem/Library/Developer/Xcode/DerivedData/TimeBox-bsjmcdsflgpdivgxidgxnaahhzjo/Build/Intermediates.noindex/TimeBox.build/Debug-iphonesimulator/TimeBoxCoreTests.build/empty-TimeBoxCoreTests.plist (in target 'TimeBoxCoreTests' from project 'TimeBox')
    cd /Users/hem/Documents/opt/my-daily-sprints/TimeBox
    builtin-infoPlistUtility /Users/hem/Library/Developer/Xcode/DerivedData/TimeBox-bsjmcdsflgpdivgxidgxnaahhzjo/Build/Intermediates.noindex/TimeBox.build/Debug-iphonesimulator/TimeBoxCoreTests.build/empty-TimeBoxCoreTests.plist -producttype com.apple.product-type.bundle.unit-test -expandbuildsettings -format binary -platform iphonesimulator -o /Users/hem/Library/Developer/Xcode/DerivedData/TimeBox-bsjmcdsflgpdivgxidgxnaahhzjo/Build/Products/Debug-iphonesimulator/TimeBox.app/PlugIns/TimeBoxCoreTests.xctest/Info.plist

CopySwiftLibs /Users/hem/Library/Developer/Xcode/DerivedData/TimeBox-bsjmcdsflgpdivgxidgxnaahhzjo/Build/Products/Debug-iphonesimulator/TimeBox.app/PlugIns/TimeBoxCoreTests.xctest (in target 'TimeBoxCoreTests' from project 'TimeBox')
    cd /Users/hem/Documents/opt/my-daily-sprints/TimeBox
    builtin-swiftStdLibTool --copy --verbose --sign - --scan-executable /Users/hem/Library/Developer/Xcode/DerivedData/TimeBox-bsjmcdsflgpdivgxidgxnaahhzjo/Build/Products/Debug-iphonesimulator/TimeBox.app/PlugIns/TimeBoxCoreTests.xctest/TimeBoxCoreTests --scan-folder /Users/hem/Library/Developer/Xcode/DerivedData/TimeBox-bsjmcdsflgpdivgxidgxnaahhzjo/Build/Products/Debug-iphonesimulator/TimeBox.app/PlugIns/TimeBoxCoreTests.xctest/Frameworks --scan-folder /Users/hem/Library/Developer/Xcode/DerivedData/TimeBox-bsjmcdsflgpdivgxidgxnaahhzjo/Build/Products/Debug-iphonesimulator/TimeBox.app/PlugIns/TimeBoxCoreTests.xctest/PlugIns --scan-folder /Users/hem/Library/Developer/Xcode/DerivedData/TimeBox-bsjmcdsflgpdivgxidgxnaahhzjo/Build/Products/Debug-iphonesimulator/TimeBox.app/PlugIns/TimeBoxCoreTests.xctest/SystemExtensions --scan-folder /Users/hem/Library/Developer/Xcode/DerivedData/TimeBox-bsjmcdsflgpdivgxidgxnaahhzjo/Build/Products/Debug-iphonesimulator/TimeBox.app/PlugIns/TimeBoxCoreTests.xctest/Extensions --scan-folder /Users/hem/Library/Developer/Xcode/DerivedData/TimeBox-bsjmcdsflgpdivgxidgxnaahhzjo/Build/Products/Debug-iphonesimulator/TimeBoxCore.framework --platform iphonesimulator --toolchain /Applications/Xcode.app/Contents/Developer/Toolchains/XcodeDefault.xctoolchain --destination /Users/hem/Library/Developer/Xcode/DerivedData/TimeBox-bsjmcdsflgpdivgxidgxnaahhzjo/Build/Products/Debug-iphonesimulator/TimeBox.app/PlugIns/TimeBoxCoreTests.xctest/Frameworks --strip-bitcode --scan-executable /Applications/Xcode.app/Contents/Developer/Platforms/iPhoneSimulator.platform/Developer/usr/lib/libXCTestSwiftSupport.dylib --strip-bitcode-tool /Applications/Xcode.app/Contents/Developer/Toolchains/XcodeDefault.xctoolchain/usr/bin/bitcode_strip --emit-dependency-info /Users/hem/Library/Developer/Xcode/DerivedData/TimeBox-bsjmcdsflgpdivgxidgxnaahhzjo/Build/Intermediates.noindex/TimeBox.build/Debug-iphonesimulator/TimeBoxCoreTests.build/SwiftStdLibToolInputDependencies.dep --filter-for-swift-os

CopySwiftLibs /Users/hem/Library/Developer/Xcode/DerivedData/TimeBox-bsjmcdsflgpdivgxidgxnaahhzjo/Build/Products/Debug-iphonesimulator/TimeBox.app/PlugIns/TimeBoxTests.xctest (in target 'TimeBoxTests' from project 'TimeBox')
    cd /Users/hem/Documents/opt/my-daily-sprints/TimeBox
    builtin-swiftStdLibTool --copy --verbose --sign - --scan-executable /Users/hem/Library/Developer/Xcode/DerivedData/TimeBox-bsjmcdsflgpdivgxidgxnaahhzjo/Build/Products/Debug-iphonesimulator/TimeBox.app/PlugIns/TimeBoxTests.xctest/TimeBoxTests --scan-folder /Users/hem/Library/Developer/Xcode/DerivedData/TimeBox-bsjmcdsflgpdivgxidgxnaahhzjo/Build/Products/Debug-iphonesimulator/TimeBox.app/PlugIns/TimeBoxTests.xctest/Frameworks --scan-folder /Users/hem/Library/Developer/Xcode/DerivedData/TimeBox-bsjmcdsflgpdivgxidgxnaahhzjo/Build/Products/Debug-iphonesimulator/TimeBox.app/PlugIns/TimeBoxTests.xctest/PlugIns --scan-folder /Users/hem/Library/Developer/Xcode/DerivedData/TimeBox-bsjmcdsflgpdivgxidgxnaahhzjo/Build/Products/Debug-iphonesimulator/TimeBox.app/PlugIns/TimeBoxTests.xctest/SystemExtensions --scan-folder /Users/hem/Library/Developer/Xcode/DerivedData/TimeBox-bsjmcdsflgpdivgxidgxnaahhzjo/Build/Products/Debug-iphonesimulator/TimeBox.app/PlugIns/TimeBoxTests.xctest/Extensions --platform iphonesimulator --toolchain /Applications/Xcode.app/Contents/Developer/Toolchains/XcodeDefault.xctoolchain --destination /Users/hem/Library/Developer/Xcode/DerivedData/TimeBox-bsjmcdsflgpdivgxidgxnaahhzjo/Build/Products/Debug-iphonesimulator/TimeBox.app/PlugIns/TimeBoxTests.xctest/Frameworks --strip-bitcode --scan-executable /Applications/Xcode.app/Contents/Developer/Platforms/iPhoneSimulator.platform/Developer/usr/lib/libXCTestSwiftSupport.dylib --strip-bitcode-tool /Applications/Xcode.app/Contents/Developer/Toolchains/XcodeDefault.xctoolchain/usr/bin/bitcode_strip --emit-dependency-info /Users/hem/Library/Developer/Xcode/DerivedData/TimeBox-bsjmcdsflgpdivgxidgxnaahhzjo/Build/Intermediates.noindex/TimeBox.build/Debug-iphonesimulator/TimeBoxTests.build/SwiftStdLibToolInputDependencies.dep --filter-for-swift-os

CodeSign /Users/hem/Library/Developer/Xcode/DerivedData/TimeBox-bsjmcdsflgpdivgxidgxnaahhzjo/Build/Products/Debug-iphonesimulator/TimeBox.app/TimeBox.debug.dylib (in target 'TimeBox' from project 'TimeBox')
    cd /Users/hem/Documents/opt/my-daily-sprints/TimeBox
    
    Signing Identity:     "Sign to Run Locally"
    
    /usr/bin/codesign --force --sign - --timestamp\=none --generate-entitlement-der /Users/hem/Library/Developer/Xcode/DerivedData/TimeBox-bsjmcdsflgpdivgxidgxnaahhzjo/Build/Products/Debug-iphonesimulator/TimeBox.app/TimeBox.debug.dylib
/Users/hem/Library/Developer/Xcode/DerivedData/TimeBox-bsjmcdsflgpdivgxidgxnaahhzjo/Build/Products/Debug-iphonesimulator/TimeBox.app/TimeBox.debug.dylib: replacing existing signature

CodeSign /Users/hem/Library/Developer/Xcode/DerivedData/TimeBox-bsjmcdsflgpdivgxidgxnaahhzjo/Build/Products/Debug-iphonesimulator/TimeBox.app/__preview.dylib (in target 'TimeBox' from project 'TimeBox')
    cd /Users/hem/Documents/opt/my-daily-sprints/TimeBox
    
    Signing Identity:     "Sign to Run Locally"
    
    /usr/bin/codesign --force --sign - --timestamp\=none --generate-entitlement-der /Users/hem/Library/Developer/Xcode/DerivedData/TimeBox-bsjmcdsflgpdivgxidgxnaahhzjo/Build/Products/Debug-iphonesimulator/TimeBox.app/__preview.dylib
/Users/hem/Library/Developer/Xcode/DerivedData/TimeBox-bsjmcdsflgpdivgxidgxnaahhzjo/Build/Products/Debug-iphonesimulator/TimeBox.app/__preview.dylib: replacing existing signature

CodeSign /Users/hem/Library/Developer/Xcode/DerivedData/TimeBox-bsjmcdsflgpdivgxidgxnaahhzjo/Build/Products/Debug-iphonesimulator/TimeBox.app (in target 'TimeBox' from project 'TimeBox')
    cd /Users/hem/Documents/opt/my-daily-sprints/TimeBox
    
    Signing Identity:     "Sign to Run Locally"
    
    /usr/bin/codesign --force --sign - --entitlements /Users/hem/Library/Developer/Xcode/DerivedData/TimeBox-bsjmcdsflgpdivgxidgxnaahhzjo/Build/Intermediates.noindex/TimeBox.build/Debug-iphonesimulator/TimeBox.build/TimeBox.app.xcent --timestamp\=none --generate-entitlement-der /Users/hem/Library/Developer/Xcode/DerivedData/TimeBox-bsjmcdsflgpdivgxidgxnaahhzjo/Build/Products/Debug-iphonesimulator/TimeBox.app
/Users/hem/Library/Developer/Xcode/DerivedData/TimeBox-bsjmcdsflgpdivgxidgxnaahhzjo/Build/Products/Debug-iphonesimulator/TimeBox.app: replacing existing signature

Validate /Users/hem/Library/Developer/Xcode/DerivedData/TimeBox-bsjmcdsflgpdivgxidgxnaahhzjo/Build/Products/Debug-iphonesimulator/TimeBox.app (in target 'TimeBox' from project 'TimeBox')
    cd /Users/hem/Documents/opt/my-daily-sprints/TimeBox
    builtin-validationUtility /Users/hem/Library/Developer/Xcode/DerivedData/TimeBox-bsjmcdsflgpdivgxidgxnaahhzjo/Build/Products/Debug-iphonesimulator/TimeBox.app -shallow-bundle -infoplist-subpath Info.plist

ValidateEmbeddedBinary /Users/hem/Library/Developer/Xcode/DerivedData/TimeBox-bsjmcdsflgpdivgxidgxnaahhzjo/Build/Products/Debug-iphonesimulator/TimeBox.app/PlugIns/TimeBoxWidgetsExtension.appex (in target 'TimeBox' from project 'TimeBox')
    cd /Users/hem/Documents/opt/my-daily-sprints/TimeBox
    /Applications/Xcode.app/Contents/Developer/usr/bin/embeddedBinaryValidationUtility /Users/hem/Library/Developer/Xcode/DerivedData/TimeBox-bsjmcdsflgpdivgxidgxnaahhzjo/Build/Products/Debug-iphonesimulator/TimeBox.app/PlugIns/TimeBoxWidgetsExtension.appex -signing-cert - -info-plist-path /Users/hem/Library/Developer/Xcode/DerivedData/TimeBox-bsjmcdsflgpdivgxidgxnaahhzjo/Build/Products/Debug-iphonesimulator/TimeBox.app/Info.plist

SwiftEmitModule normal arm64 Emitting\ module\ for\ TimeBoxUITests (in target 'TimeBoxUITests' from project 'TimeBox')

EmitSwiftModule normal arm64 (in target 'TimeBoxUITests' from project 'TimeBox')
    cd /Users/hem/Documents/opt/my-daily-sprints/TimeBox
    

SwiftCompile normal arm64 Compiling\ QuickCaptureUITests.swift /Users/hem/Documents/opt/my-daily-sprints/TimeBox/TimeBoxUITests/QuickCaptureUITests.swift (in target 'TimeBoxUITests' from project 'TimeBox')

SwiftCompile normal arm64 /Users/hem/Documents/opt/my-daily-sprints/TimeBox/TimeBoxUITests/QuickCaptureUITests.swift (in target 'TimeBoxUITests' from project 'TimeBox')
    cd /Users/hem/Documents/opt/my-daily-sprints/TimeBox
    
/Users/hem/Documents/opt/my-daily-sprints/TimeBox/TimeBoxUITests/QuickCaptureUITests.swift:11:15: warning: call to main actor-isolated initializer 'init()' in a synchronous nonisolated context
        app = XCUIApplication()
              ^
/Applications/Xcode.app/Contents/Developer/Platforms/iPhoneSimulator.platform/Developer/Library/Frameworks/XCUIAutomation.framework/Headers/XCUIApplication.h:29:1: note: calls to initializer 'init()' from outside of its actor context are implicitly asynchronous
- (instancetype)init NS_DESIGNATED_INITIALIZER;
^
/Users/hem/Documents/opt/my-daily-sprints/TimeBox/TimeBoxUITests/QuickCaptureUITests.swift:12:13: warning: main actor-isolated property 'launchArguments' can not be mutated from a nonisolated context
        app.launchArguments = ["-UITesting"]
            ^
/Applications/Xcode.app/Contents/Developer/Platforms/iPhoneSimulator.platform/Developer/Library/Frameworks/XCUIAutomation.framework/Headers/XCUIApplication.h:93:51: note: mutation of this property is only permitted within the actor
@property (nonatomic, copy) NSArray <NSString *> *launchArguments;
                                                  ^
/Users/hem/Documents/opt/my-daily-sprints/TimeBox/TimeBoxUITests/QuickCaptureUITests.swift:13:13: warning: call to main actor-isolated instance method 'launch()' in a synchronous nonisolated context
        app.launch()
            ^
XCUIAutomation.XCUIApplication.launch:2:22: note: calls to instance method 'launch()' from outside of its actor context are implicitly asynchronous
@MainActor open func launch()}
                     ^
/Users/hem/Documents/opt/my-daily-sprints/TimeBox/TimeBoxUITests/QuickCaptureUITests.swift:31:51: warning: main actor-isolated subscript 'subscript(_:)' can not be referenced from a nonisolated context
        let quickCaptureTitle = app.navigationBars["Quick Capture"]
                                                  ^
XCUIAutomation.XCUIElementQuery.subscript:2:17: note: subscript declared here
@MainActor open subscript(key: String) -> XCUIElement { get }}
                ^
/Users/hem/Documents/opt/my-daily-sprints/TimeBox/TimeBoxUITests/QuickCaptureUITests.swift:26:10: note: add '@MainActor' to make instance method 'testDeepLinkOpensQuickCaptureView()' part of global actor 'MainActor'
    func testDeepLinkOpensQuickCaptureView() throws {
         ^
    @MainActor 
/Users/hem/Documents/opt/my-daily-sprints/TimeBox/TimeBoxUITests/QuickCaptureUITests.swift:31:37: warning: main actor-isolated property 'navigationBars' can not be referenced from a nonisolated context
        let quickCaptureTitle = app.navigationBars["Quick Capture"]
                                    ^
/Applications/Xcode.app/Contents/Developer/Platforms/iPhoneSimulator.platform/Developer/Library/Frameworks/XCUIAutomation.framework/Headers/XCUIElementTypeQueryProvider.h:34:46: note: property declared here
@property (readonly, copy) XCUIElementQuery *navigationBars;
                                             ^
/Users/hem/Documents/opt/my-daily-sprints/TimeBox/TimeBoxUITests/QuickCaptureUITests.swift:26:10: note: add '@MainActor' to make instance method 'testDeepLinkOpensQuickCaptureView()' part of global actor 'MainActor'
    func testDeepLinkOpensQuickCaptureView() throws {
         ^
    @MainActor 
/Users/hem/Documents/opt/my-daily-sprints/TimeBox/TimeBoxUITests/QuickCaptureUITests.swift:34:41: warning: call to main actor-isolated instance method 'waitForExistence(timeout:)' in a synchronous nonisolated context
        XCTAssertTrue(quickCaptureTitle.waitForExistence(timeout: 3),
                                        ^
XCUIAutomation.XCUIElement.waitForExistence:2:22: note: calls to instance method 'waitForExistence(timeout:)' from outside of its actor context are implicitly asynchronous
@MainActor open func waitForExistence(timeout: TimeInterval) -> Bool}
                     ^
/Users/hem/Documents/opt/my-daily-sprints/TimeBox/TimeBoxUITests/QuickCaptureUITests.swift:44:39: warning: main actor-isolated subscript 'subscript(_:)' can not be referenced from a nonisolated context
        let textField = app.textFields["quickCaptureTextField"]
                                      ^
XCUIAutomation.XCUIElementQuery.subscript:2:17: note: subscript declared here
@MainActor open subscript(key: String) -> XCUIElement { get }}
                ^
/Users/hem/Documents/opt/my-daily-sprints/TimeBox/TimeBoxUITests/QuickCaptureUITests.swift:42:10: note: add '@MainActor' to make instance method 'testQuickCaptureHasKeyboardFocus()' part of global actor 'MainActor'
    func testQuickCaptureHasKeyboardFocus() throws {
         ^
    @MainActor 
/Users/hem/Documents/opt/my-daily-sprints/TimeBox/TimeBoxUITests/QuickCaptureUITests.swift:44:29: warning: main actor-isolated property 'textFields' can not be referenced from a nonisolated context
        let textField = app.textFields["quickCaptureTextField"]
                            ^
/Applications/Xcode.app/Contents/Developer/Platforms/iPhoneSimulator.platform/Developer/Library/Frameworks/XCUIAutomation.framework/Headers/XCUIElementTypeQueryProvider.h:63:46: note: property declared here
@property (readonly, copy) XCUIElementQuery *textFields;
                                             ^
/Users/hem/Documents/opt/my-daily-sprints/TimeBox/TimeBoxUITests/QuickCaptureUITests.swift:42:10: note: add '@MainActor' to make instance method 'testQuickCaptureHasKeyboardFocus()' part of global actor 'MainActor'
    func testQuickCaptureHasKeyboardFocus() throws {
         ^
    @MainActor 
/Users/hem/Documents/opt/my-daily-sprints/TimeBox/TimeBoxUITests/QuickCaptureUITests.swift:47:33: warning: call to main actor-isolated instance method 'waitForExistence(timeout:)' in a synchronous nonisolated context
        XCTAssertTrue(textField.waitForExistence(timeout: 3),
                                ^
XCUIAutomation.XCUIElement.waitForExistence:2:22: note: calls to instance method 'waitForExistence(timeout:)' from outside of its actor context are implicitly asynchronous
@MainActor open func waitForExistence(timeout: TimeInterval) -> Bool}
                     ^
/Users/hem/Documents/opt/my-daily-sprints/TimeBox/TimeBoxUITests/QuickCaptureUITests.swift:51:38: warning: main actor-isolated property 'firstMatch' can not be referenced from a nonisolated context
        let keyboard = app.keyboards.firstMatch
                                     ^
/Applications/Xcode.app/Contents/Developer/Platforms/iPhoneSimulator.platform/Developer/Library/Frameworks/XCUIAutomation.framework/Headers/XCUIElementTypeQueryProvider.h:105:35: note: property declared here
@property (readonly) XCUIElement *firstMatch;
                                  ^
/Users/hem/Documents/opt/my-daily-sprints/TimeBox/TimeBoxUITests/QuickCaptureUITests.swift:42:10: note: add '@MainActor' to make instance method 'testQuickCaptureHasKeyboardFocus()' part of global actor 'MainActor'
    func testQuickCaptureHasKeyboardFocus() throws {
         ^
    @MainActor 
/Users/hem/Documents/opt/my-daily-sprints/TimeBox/TimeBoxUITests/QuickCaptureUITests.swift:51:28: warning: main actor-isolated property 'keyboards' can not be referenced from a nonisolated context
        let keyboard = app.keyboards.firstMatch
                           ^
/Applications/Xcode.app/Contents/Developer/Platforms/iPhoneSimulator.platform/Developer/Library/Frameworks/XCUIAutomation.framework/Headers/XCUIElementTypeQueryProvider.h:32:46: note: property declared here
@property (readonly, copy) XCUIElementQuery *keyboards;
                                             ^
/Users/hem/Documents/opt/my-daily-sprints/TimeBox/TimeBoxUITests/QuickCaptureUITests.swift:42:10: note: add '@MainActor' to make instance method 'testQuickCaptureHasKeyboardFocus()' part of global actor 'MainActor'
    func testQuickCaptureHasKeyboardFocus() throws {
         ^
    @MainActor 
/Users/hem/Documents/opt/my-daily-sprints/TimeBox/TimeBoxUITests/QuickCaptureUITests.swift:52:32: warning: call to main actor-isolated instance method 'waitForExistence(timeout:)' in a synchronous nonisolated context
        XCTAssertTrue(keyboard.waitForExistence(timeout: 3),
                               ^
XCUIAutomation.XCUIElement.waitForExistence:2:22: note: calls to instance method 'waitForExistence(timeout:)' from outside of its actor context are implicitly asynchronous
@MainActor open func waitForExistence(timeout: TimeInterval) -> Bool}
                     ^
/Users/hem/Documents/opt/my-daily-sprints/TimeBox/TimeBoxUITests/QuickCaptureUITests.swift:61:37: warning: main actor-isolated subscript 'subscript(_:)' can not be referenced from a nonisolated context
        let saveButton = app.buttons["quickCaptureSaveButton"]
                                    ^
XCUIAutomation.XCUIElementQuery.subscript:2:17: note: subscript declared here
@MainActor open subscript(key: String) -> XCUIElement { get }}
                ^
/Users/hem/Documents/opt/my-daily-sprints/TimeBox/TimeBoxUITests/QuickCaptureUITests.swift:60:10: note: add '@MainActor' to make instance method 'testSaveDisabledWhenEmpty()' part of global actor 'MainActor'
    func testSaveDisabledWhenEmpty() throws {
         ^
    @MainActor 
/Users/hem/Documents/opt/my-daily-sprints/TimeBox/TimeBoxUITests/QuickCaptureUITests.swift:61:30: warning: main actor-isolated property 'buttons' can not be referenced from a nonisolated context
        let saveButton = app.buttons["quickCaptureSaveButton"]
                             ^
/Applications/Xcode.app/Contents/Developer/Platforms/iPhoneSimulator.platform/Developer/Library/Frameworks/XCUIAutomation.framework/Headers/XCUIElementTypeQueryProvider.h:22:46: note: property declared here
@property (readonly, copy) XCUIElementQuery *buttons;
                                             ^
/Users/hem/Documents/opt/my-daily-sprints/TimeBox/TimeBoxUITests/QuickCaptureUITests.swift:60:10: note: add '@MainActor' to make instance method 'testSaveDisabledWhenEmpty()' part of global actor 'MainActor'
    func testSaveDisabledWhenEmpty() throws {
         ^
    @MainActor 
/Users/hem/Documents/opt/my-daily-sprints/TimeBox/TimeBoxUITests/QuickCaptureUITests.swift:64:34: warning: call to main actor-isolated instance method 'waitForExistence(timeout:)' in a synchronous nonisolated context
        XCTAssertTrue(saveButton.waitForExistence(timeout: 3),
                                 ^
XCUIAutomation.XCUIElement.waitForExistence:2:22: note: calls to instance method 'waitForExistence(timeout:)' from outside of its actor context are implicitly asynchronous
@MainActor open func waitForExistence(timeout: TimeInterval) -> Bool}
                     ^
/Users/hem/Documents/opt/my-daily-sprints/TimeBox/TimeBoxUITests/QuickCaptureUITests.swift:66:35: warning: main actor-isolated property 'isEnabled' can not be referenced from a nonisolated autoclosure
        XCTAssertFalse(saveButton.isEnabled,
                                  ^
/Applications/Xcode.app/Contents/Developer/Platforms/iPhoneSimulator.platform/Developer/Library/Frameworks/XCUIAutomation.framework/Headers/XCUIElementAttributes.h:53:47: note: property declared here
@property (readonly, getter = isEnabled) BOOL enabled;
                                              ^
/Users/hem/Documents/opt/my-daily-sprints/TimeBox/TimeBoxUITests/QuickCaptureUITests.swift:75:39: warning: main actor-isolated subscript 'subscript(_:)' can not be referenced from a nonisolated context
        let textField = app.textFields["quickCaptureTextField"]
                                      ^
XCUIAutomation.XCUIElementQuery.subscript:2:17: note: subscript declared here
@MainActor open subscript(key: String) -> XCUIElement { get }}
                ^
/Users/hem/Documents/opt/my-daily-sprints/TimeBox/TimeBoxUITests/QuickCaptureUITests.swift:74:10: note: add '@MainActor' to make instance method 'testSaveCreatesTaskAndDismisses()' part of global actor 'MainActor'
    func testSaveCreatesTaskAndDismisses() throws {
         ^
    @MainActor 
/Users/hem/Documents/opt/my-daily-sprints/TimeBox/TimeBoxUITests/QuickCaptureUITests.swift:75:29: warning: main actor-isolated property 'textFields' can not be referenced from a nonisolated context
        let textField = app.textFields["quickCaptureTextField"]
                            ^
/Applications/Xcode.app/Contents/Developer/Platforms/iPhoneSimulator.platform/Developer/Library/Frameworks/XCUIAutomation.framework/Headers/XCUIElementTypeQueryProvider.h:63:46: note: property declared here
@property (readonly, copy) XCUIElementQuery *textFields;
                                             ^
/Users/hem/Documents/opt/my-daily-sprints/TimeBox/TimeBoxUITests/QuickCaptureUITests.swift:74:10: note: add '@MainActor' to make instance method 'testSaveCreatesTaskAndDismisses()' part of global actor 'MainActor'
    func testSaveCreatesTaskAndDismisses() throws {
         ^
    @MainActor 
/Users/hem/Documents/opt/my-daily-sprints/TimeBox/TimeBoxUITests/QuickCaptureUITests.swift:78:33: warning: call to main actor-isolated instance method 'waitForExistence(timeout:)' in a synchronous nonisolated context
        XCTAssertTrue(textField.waitForExistence(timeout: 3),
                                ^
XCUIAutomation.XCUIElement.waitForExistence:2:22: note: calls to instance method 'waitForExistence(timeout:)' from outside of its actor context are implicitly asynchronous
@MainActor open func waitForExistence(timeout: TimeInterval) -> Bool}
                     ^
/Users/hem/Documents/opt/my-daily-sprints/TimeBox/TimeBoxUITests/QuickCaptureUITests.swift:82:19: warning: call to main actor-isolated instance method 'tap()' in a synchronous nonisolated context
        textField.tap()
                  ^
XCUIAutomation.XCUIElement.tap:2:22: note: calls to instance method 'tap()' from outside of its actor context are implicitly asynchronous
@MainActor open func tap()}
                     ^
/Users/hem/Documents/opt/my-daily-sprints/TimeBox/TimeBoxUITests/QuickCaptureUITests.swift:74:10: note: add '@MainActor' to make instance method 'testSaveCreatesTaskAndDismisses()' part of global actor 'MainActor'
    func testSaveCreatesTaskAndDismisses() throws {
         ^
    @MainActor 
/Users/hem/Documents/opt/my-daily-sprints/TimeBox/TimeBoxUITests/QuickCaptureUITests.swift:83:19: warning: call to main actor-isolated instance method 'typeText' in a synchronous nonisolated context
        textField.typeText("Quick Test Task")
                  ^
XCUIAutomation.XCUIElement.typeText:2:22: note: calls to instance method 'typeText' from outside of its actor context are implicitly asynchronous
@MainActor open func typeText(_ text: String)}
                     ^
/Users/hem/Documents/opt/my-daily-sprints/TimeBox/TimeBoxUITests/QuickCaptureUITests.swift:74:10: note: add '@MainActor' to make instance method 'testSaveCreatesTaskAndDismisses()' part of global actor 'MainActor'
    func testSaveCreatesTaskAndDismisses() throws {
         ^
    @MainActor 
/Users/hem/Documents/opt/my-daily-sprints/TimeBox/TimeBoxUITests/QuickCaptureUITests.swift:86:37: warning: main actor-isolated subscript 'subscript(_:)' can not be referenced from a nonisolated context
        let saveButton = app.buttons["quickCaptureSaveButton"]
                                    ^
XCUIAutomation.XCUIElementQuery.subscript:2:17: note: subscript declared here
@MainActor open subscript(key: String) -> XCUIElement { get }}
                ^
/Users/hem/Documents/opt/my-daily-sprints/TimeBox/TimeBoxUITests/QuickCaptureUITests.swift:74:10: note: add '@MainActor' to make instance method 'testSaveCreatesTaskAndDismisses()' part of global actor 'MainActor'
    func testSaveCreatesTaskAndDismisses() throws {
         ^
    @MainActor 
/Users/hem/Documents/opt/my-daily-sprints/TimeBox/TimeBoxUITests/QuickCaptureUITests.swift:86:30: warning: main actor-isolated property 'buttons' can not be referenced from a nonisolated context
        let saveButton = app.buttons["quickCaptureSaveButton"]
                             ^
/Applications/Xcode.app/Contents/Developer/Platforms/iPhoneSimulator.platform/Developer/Library/Frameworks/XCUIAutomation.framework/Headers/XCUIElementTypeQueryProvider.h:22:46: note: property declared here
@property (readonly, copy) XCUIElementQuery *buttons;
                                             ^
/Users/hem/Documents/opt/my-daily-sprints/TimeBox/TimeBoxUITests/QuickCaptureUITests.swift:74:10: note: add '@MainActor' to make instance method 'testSaveCreatesTaskAndDismisses()' part of global actor 'MainActor'
    func testSaveCreatesTaskAndDismisses() throws {
         ^
    @MainActor 
/Users/hem/Documents/opt/my-daily-sprints/TimeBox/TimeBoxUITests/QuickCaptureUITests.swift:87:34: warning: main actor-isolated property 'isEnabled' can not be referenced from a nonisolated autoclosure
        XCTAssertTrue(saveButton.isEnabled, "Save button should be enabled after entering text")
                                 ^
/Applications/Xcode.app/Contents/Developer/Platforms/iPhoneSimulator.platform/Developer/Library/Frameworks/XCUIAutomation.framework/Headers/XCUIElementAttributes.h:53:47: note: property declared here
@property (readonly, getter = isEnabled) BOOL enabled;
                                              ^
/Users/hem/Documents/opt/my-daily-sprints/TimeBox/TimeBoxUITests/QuickCaptureUITests.swift:88:20: warning: call to main actor-isolated instance method 'tap()' in a synchronous nonisolated context
        saveButton.tap()
                   ^
XCUIAutomation.XCUIElement.tap:2:22: note: calls to instance method 'tap()' from outside of its actor context are implicitly asynchronous
@MainActor open func tap()}
                     ^
/Users/hem/Documents/opt/my-daily-sprints/TimeBox/TimeBoxUITests/QuickCaptureUITests.swift:74:10: note: add '@MainActor' to make instance method 'testSaveCreatesTaskAndDismisses()' part of global actor 'MainActor'
    func testSaveCreatesTaskAndDismisses() throws {
         ^
    @MainActor 
/Users/hem/Documents/opt/my-daily-sprints/TimeBox/TimeBoxUITests/QuickCaptureUITests.swift:91:34: warning: call to main actor-isolated instance method 'waitForExistence(timeout:)' in a synchronous nonisolated context
        XCTAssertFalse(textField.waitForExistence(timeout: 2),
                                 ^
XCUIAutomation.XCUIElement.waitForExistence:2:22: note: calls to instance method 'waitForExistence(timeout:)' from outside of its actor context are implicitly asynchronous
@MainActor open func waitForExistence(timeout: TimeInterval) -> Bool}
                     ^
/Users/hem/Documents/opt/my-daily-sprints/TimeBox/TimeBoxUITests/QuickCaptureUITests.swift:95:44: warning: main actor-isolated subscript 'subscript(_:)' can not be referenced from a nonisolated context
        let backlogNav = app.navigationBars["Backlog"]
                                           ^
XCUIAutomation.XCUIElementQuery.subscript:2:17: note: subscript declared here
@MainActor open subscript(key: String) -> XCUIElement { get }}
                ^
/Users/hem/Documents/opt/my-daily-sprints/TimeBox/TimeBoxUITests/QuickCaptureUITests.swift:74:10: note: add '@MainActor' to make instance method 'testSaveCreatesTaskAndDismisses()' part of global actor 'MainActor'
    func testSaveCreatesTaskAndDismisses() throws {
         ^
    @MainActor 
/Users/hem/Documents/opt/my-daily-sprints/TimeBox/TimeBoxUITests/QuickCaptureUITests.swift:95:30: warning: main actor-isolated property 'navigationBars' can not be referenced from a nonisolated context
        let backlogNav = app.navigationBars["Backlog"]
                             ^
/Applications/Xcode.app/Contents/Developer/Platforms/iPhoneSimulator.platform/Developer/Library/Frameworks/XCUIAutomation.framework/Headers/XCUIElementTypeQueryProvider.h:34:46: note: property declared here
@property (readonly, copy) XCUIElementQuery *navigationBars;
                                             ^
/Users/hem/Documents/opt/my-daily-sprints/TimeBox/TimeBoxUITests/QuickCaptureUITests.swift:74:10: note: add '@MainActor' to make instance method 'testSaveCreatesTaskAndDismisses()' part of global actor 'MainActor'
    func testSaveCreatesTaskAndDismisses() throws {
         ^
    @MainActor 
/Users/hem/Documents/opt/my-daily-sprints/TimeBox/TimeBoxUITests/QuickCaptureUITests.swift:96:34: warning: call to main actor-isolated instance method 'waitForExistence(timeout:)' in a synchronous nonisolated context
        XCTAssertTrue(backlogNav.waitForExistence(timeout: 3),
                                 ^
XCUIAutomation.XCUIElement.waitForExistence:2:22: note: calls to instance method 'waitForExistence(timeout:)' from outside of its actor context are implicitly asynchronous
@MainActor open func waitForExistence(timeout: TimeInterval) -> Bool}
                     ^
/Users/hem/Documents/opt/my-daily-sprints/TimeBox/TimeBoxUITests/QuickCaptureUITests.swift:100:42: warning: main actor-isolated subscript 'subscript(_:)' can not be referenced from a nonisolated context
        let createdTask = app.staticTexts["Quick Test Task"]
                                         ^
XCUIAutomation.XCUIElementQuery.subscript:2:17: note: subscript declared here
@MainActor open subscript(key: String) -> XCUIElement { get }}
                ^
/Users/hem/Documents/opt/my-daily-sprints/TimeBox/TimeBoxUITests/QuickCaptureUITests.swift:74:10: note: add '@MainActor' to make instance method 'testSaveCreatesTaskAndDismisses()' part of global actor 'MainActor'
    func testSaveCreatesTaskAndDismisses() throws {
         ^
    @MainActor 
/Users/hem/Documents/opt/my-daily-sprints/TimeBox/TimeBoxUITests/QuickCaptureUITests.swift:100:31: warning: main actor-isolated property 'staticTexts' can not be referenced from a nonisolated context
        let createdTask = app.staticTexts["Quick Test Task"]
                              ^
/Applications/Xcode.app/Contents/Developer/Platforms/iPhoneSimulator.platform/Developer/Library/Frameworks/XCUIAutomation.framework/Headers/XCUIElementTypeQueryProvider.h:62:46: note: property declared here
@property (readonly, copy) XCUIElementQuery *staticTexts;
                                             ^
/Users/hem/Documents/opt/my-daily-sprints/TimeBox/TimeBoxUITests/QuickCaptureUITests.swift:74:10: note: add '@MainActor' to make instance method 'testSaveCreatesTaskAndDismisses()' part of global actor 'MainActor'
    func testSaveCreatesTaskAndDismisses() throws {
         ^
    @MainActor 
/Users/hem/Documents/opt/my-daily-sprints/TimeBox/TimeBoxUITests/QuickCaptureUITests.swift:101:35: warning: call to main actor-isolated instance method 'waitForExistence(timeout:)' in a synchronous nonisolated context
        XCTAssertTrue(createdTask.waitForExistence(timeout: 5),
                                  ^
XCUIAutomation.XCUIElement.waitForExistence:2:22: note: calls to instance method 'waitForExistence(timeout:)' from outside of its actor context are implicitly asynchronous
@MainActor open func waitForExistence(timeout: TimeInterval) -> Bool}
                     ^
/Users/hem/Documents/opt/my-daily-sprints/TimeBox/TimeBoxUITests/QuickCaptureUITests.swift:110:39: warning: main actor-isolated subscript 'subscript(_:)' can not be referenced from a nonisolated context
        let textField = app.textFields["quickCaptureTextField"]
                                      ^
XCUIAutomation.XCUIElementQuery.subscript:2:17: note: subscript declared here
@MainActor open subscript(key: String) -> XCUIElement { get }}
                ^
/Users/hem/Documents/opt/my-daily-sprints/TimeBox/TimeBoxUITests/QuickCaptureUITests.swift:109:10: note: add '@MainActor' to make instance method 'testCancelDismissesWithoutSaving()' part of global actor 'MainActor'
    func testCancelDismissesWithoutSaving() throws {
         ^
    @MainActor 
/Users/hem/Documents/opt/my-daily-sprints/TimeBox/TimeBoxUITests/QuickCaptureUITests.swift:110:29: warning: main actor-isolated property 'textFields' can not be referenced from a nonisolated context
        let textField = app.textFields["quickCaptureTextField"]
                            ^
/Applications/Xcode.app/Contents/Developer/Platforms/iPhoneSimulator.platform/Developer/Library/Frameworks/XCUIAutomation.framework/Headers/XCUIElementTypeQueryProvider.h:63:46: note: property declared here
@property (readonly, copy) XCUIElementQuery *textFields;
                                             ^
/Users/hem/Documents/opt/my-daily-sprints/TimeBox/TimeBoxUITests/QuickCaptureUITests.swift:109:10: note: add '@MainActor' to make instance method 'testCancelDismissesWithoutSaving()' part of global actor 'MainActor'
    func testCancelDismissesWithoutSaving() throws {
         ^
    @MainActor 
/Users/hem/Documents/opt/my-daily-sprints/TimeBox/TimeBoxUITests/QuickCaptureUITests.swift:113:33: warning: call to main actor-isolated instance method 'waitForExistence(timeout:)' in a synchronous nonisolated context
        XCTAssertTrue(textField.waitForExistence(timeout: 3),
                                ^
XCUIAutomation.XCUIElement.waitForExistence:2:22: note: calls to instance method 'waitForExistence(timeout:)' from outside of its actor context are implicitly asynchronous
@MainActor open func waitForExistence(timeout: TimeInterval) -> Bool}
                     ^
/Users/hem/Documents/opt/my-daily-sprints/TimeBox/TimeBoxUITests/QuickCaptureUITests.swift:117:19: warning: call to main actor-isolated instance method 'tap()' in a synchronous nonisolated context
        textField.tap()
                  ^
XCUIAutomation.XCUIElement.tap:2:22: note: calls to instance method 'tap()' from outside of its actor context are implicitly asynchronous
@MainActor open func tap()}
                     ^
/Users/hem/Documents/opt/my-daily-sprints/TimeBox/TimeBoxUITests/QuickCaptureUITests.swift:109:10: note: add '@MainActor' to make instance method 'testCancelDismissesWithoutSaving()' part of global actor 'MainActor'
    func testCancelDismissesWithoutSaving() throws {
         ^
    @MainActor 
/Users/hem/Documents/opt/my-daily-sprints/TimeBox/TimeBoxUITests/QuickCaptureUITests.swift:118:19: warning: call to main actor-isolated instance method 'typeText' in a synchronous nonisolated context
        textField.typeText("Should Not Be Saved")
                  ^
XCUIAutomation.XCUIElement.typeText:2:22: note: calls to instance method 'typeText' from outside of its actor context are implicitly asynchronous
@MainActor open func typeText(_ text: String)}
                     ^
/Users/hem/Documents/opt/my-daily-sprints/TimeBox/TimeBoxUITests/QuickCaptureUITests.swift:109:10: note: add '@MainActor' to make instance method 'testCancelDismissesWithoutSaving()' part of global actor 'MainActor'
    func testCancelDismissesWithoutSaving() throws {
         ^
    @MainActor 
/Users/hem/Documents/opt/my-daily-sprints/TimeBox/TimeBoxUITests/QuickCaptureUITests.swift:121:39: warning: main actor-isolated subscript 'subscript(_:)' can not be referenced from a nonisolated context
        let cancelButton = app.buttons["quickCaptureCancelButton"]
                                      ^
XCUIAutomation.XCUIElementQuery.subscript:2:17: note: subscript declared here
@MainActor open subscript(key: String) -> XCUIElement { get }}
                ^
/Users/hem/Documents/opt/my-daily-sprints/TimeBox/TimeBoxUITests/QuickCaptureUITests.swift:109:10: note: add '@MainActor' to make instance method 'testCancelDismissesWithoutSaving()' part of global actor 'MainActor'
    func testCancelDismissesWithoutSaving() throws {
         ^
    @MainActor 
/Users/hem/Documents/opt/my-daily-sprints/TimeBox/TimeBoxUITests/QuickCaptureUITests.swift:121:32: warning: main actor-isolated property 'buttons' can not be referenced from a nonisolated context
        let cancelButton = app.buttons["quickCaptureCancelButton"]
                               ^
/Applications/Xcode.app/Contents/Developer/Platforms/iPhoneSimulator.platform/Developer/Library/Frameworks/XCUIAutomation.framework/Headers/XCUIElementTypeQueryProvider.h:22:46: note: property declared here
@property (readonly, copy) XCUIElementQuery *buttons;
                                             ^
/Users/hem/Documents/opt/my-daily-sprints/TimeBox/TimeBoxUITests/QuickCaptureUITests.swift:109:10: note: add '@MainActor' to make instance method 'testCancelDismissesWithoutSaving()' part of global actor 'MainActor'
    func testCancelDismissesWithoutSaving() throws {
         ^
    @MainActor 
/Users/hem/Documents/opt/my-daily-sprints/TimeBox/TimeBoxUITests/QuickCaptureUITests.swift:122:36: warning: main actor-isolated property 'exists' can not be referenced from a nonisolated autoclosure
        XCTAssertTrue(cancelButton.exists, "Cancel button should exist")
                                   ^
/Applications/Xcode.app/Contents/Developer/Platforms/iPhoneSimulator.platform/Developer/Library/Frameworks/XCUIAutomation.framework/Headers/XCUIElement.h:54:27: note: property declared here
@property (readonly) BOOL exists;
                          ^
/Users/hem/Documents/opt/my-daily-sprints/TimeBox/TimeBoxUITests/QuickCaptureUITests.swift:123:22: warning: call to main actor-isolated instance method 'tap()' in a synchronous nonisolated context
        cancelButton.tap()
                     ^
XCUIAutomation.XCUIElement.tap:2:22: note: calls to instance method 'tap()' from outside of its actor context are implicitly asynchronous
@MainActor open func tap()}
                     ^
/Users/hem/Documents/opt/my-daily-sprints/TimeBox/TimeBoxUITests/QuickCaptureUITests.swift:109:10: note: add '@MainActor' to make instance method 'testCancelDismissesWithoutSaving()' part of global actor 'MainActor'
    func testCancelDismissesWithoutSaving() throws {
         ^
    @MainActor 
/Users/hem/Documents/opt/my-daily-sprints/TimeBox/TimeBoxUITests/QuickCaptureUITests.swift:126:34: warning: call to main actor-isolated instance method 'waitForExistence(timeout:)' in a synchronous nonisolated context
        XCTAssertFalse(textField.waitForExistence(timeout: 2),
                                 ^
XCUIAutomation.XCUIElement.waitForExistence:2:22: note: calls to instance method 'waitForExistence(timeout:)' from outside of its actor context are implicitly asynchronous
@MainActor open func waitForExistence(timeout: TimeInterval) -> Bool}
                     ^
/Users/hem/Documents/opt/my-daily-sprints/TimeBox/TimeBoxUITests/QuickCaptureUITests.swift:130:44: warning: main actor-isolated subscript 'subscript(_:)' can not be referenced from a nonisolated context
        let backlogNav = app.navigationBars["Backlog"]
                                           ^
XCUIAutomation.XCUIElementQuery.subscript:2:17: note: subscript declared here
@MainActor open subscript(key: String) -> XCUIElement { get }}
                ^
/Users/hem/Documents/opt/my-daily-sprints/TimeBox/TimeBoxUITests/QuickCaptureUITests.swift:109:10: note: add '@MainActor' to make instance method 'testCancelDismissesWithoutSaving()' part of global actor 'MainActor'
    func testCancelDismissesWithoutSaving() throws {
         ^
    @MainActor 
/Users/hem/Documents/opt/my-daily-sprints/TimeBox/TimeBoxUITests/QuickCaptureUITests.swift:130:30: warning: main actor-isolated property 'navigationBars' can not be referenced from a nonisolated context
        let backlogNav = app.navigationBars["Backlog"]
                             ^
/Applications/Xcode.app/Contents/Developer/Platforms/iPhoneSimulator.platform/Developer/Library/Frameworks/XCUIAutomation.framework/Headers/XCUIElementTypeQueryProvider.h:34:46: note: property declared here
@property (readonly, copy) XCUIElementQuery *navigationBars;
                                             ^
/Users/hem/Documents/opt/my-daily-sprints/TimeBox/TimeBoxUITests/QuickCaptureUITests.swift:109:10: note: add '@MainActor' to make instance method 'testCancelDismissesWithoutSaving()' part of global actor 'MainActor'
    func testCancelDismissesWithoutSaving() throws {
         ^
    @MainActor 
/Users/hem/Documents/opt/my-daily-sprints/TimeBox/TimeBoxUITests/QuickCaptureUITests.swift:131:34: warning: call to main actor-isolated instance method 'waitForExistence(timeout:)' in a synchronous nonisolated context
        XCTAssertTrue(backlogNav.waitForExistence(timeout: 3),
                                 ^
XCUIAutomation.XCUIElement.waitForExistence:2:22: note: calls to instance method 'waitForExistence(timeout:)' from outside of its actor context are implicitly asynchronous
@MainActor open func waitForExistence(timeout: TimeInterval) -> Bool}
                     ^
/Users/hem/Documents/opt/my-daily-sprints/TimeBox/TimeBoxUITests/QuickCaptureUITests.swift:134:45: warning: main actor-isolated subscript 'subscript(_:)' can not be referenced from a nonisolated context
        let notCreatedTask = app.staticTexts["Should Not Be Saved"]
                                            ^
XCUIAutomation.XCUIElementQuery.subscript:2:17: note: subscript declared here
@MainActor open subscript(key: String) -> XCUIElement { get }}
                ^
/Users/hem/Documents/opt/my-daily-sprints/TimeBox/TimeBoxUITests/QuickCaptureUITests.swift:109:10: note: add '@MainActor' to make instance method 'testCancelDismissesWithoutSaving()' part of global actor 'MainActor'
    func testCancelDismissesWithoutSaving() throws {
         ^
    @MainActor 
/Users/hem/Documents/opt/my-daily-sprints/TimeBox/TimeBoxUITests/QuickCaptureUITests.swift:134:34: warning: main actor-isolated property 'staticTexts' can not be referenced from a nonisolated context
        let notCreatedTask = app.staticTexts["Should Not Be Saved"]
                                 ^
/Applications/Xcode.app/Contents/Developer/Platforms/iPhoneSimulator.platform/Developer/Library/Frameworks/XCUIAutomation.framework/Headers/XCUIElementTypeQueryProvider.h:62:46: note: property declared here
@property (readonly, copy) XCUIElementQuery *staticTexts;
                                             ^
/Users/hem/Documents/opt/my-daily-sprints/TimeBox/TimeBoxUITests/QuickCaptureUITests.swift:109:10: note: add '@MainActor' to make instance method 'testCancelDismissesWithoutSaving()' part of global actor 'MainActor'
    func testCancelDismissesWithoutSaving() throws {
         ^
    @MainActor 
/Users/hem/Documents/opt/my-daily-sprints/TimeBox/TimeBoxUITests/QuickCaptureUITests.swift:135:39: warning: main actor-isolated property 'exists' can not be referenced from a nonisolated autoclosure
        XCTAssertFalse(notCreatedTask.exists,
                                      ^
/Applications/Xcode.app/Contents/Developer/Platforms/iPhoneSimulator.platform/Developer/Library/Frameworks/XCUIAutomation.framework/Headers/XCUIElement.h:54:27: note: property declared here
@property (readonly) BOOL exists;
                          ^
/Users/hem/Documents/opt/my-daily-sprints/TimeBox/TimeBoxUITests/QuickCaptureUITests.swift:147:39: warning: main actor-isolated subscript 'subscript(_:)' can not be referenced from a nonisolated context
        let textField = app.textFields["quickCaptureTextField"]
                                      ^
XCUIAutomation.XCUIElementQuery.subscript:2:17: note: subscript declared here
@MainActor open subscript(key: String) -> XCUIElement { get }}
                ^
/Users/hem/Documents/opt/my-daily-sprints/TimeBox/TimeBoxUITests/QuickCaptureUITests.swift:145:10: note: add '@MainActor' to make instance method 'testQuickCaptureMinimalistUI()' part of global actor 'MainActor'
    func testQuickCaptureMinimalistUI() throws {
         ^
    @MainActor 
/Users/hem/Documents/opt/my-daily-sprints/TimeBox/TimeBoxUITests/QuickCaptureUITests.swift:147:29: warning: main actor-isolated property 'textFields' can not be referenced from a nonisolated context
        let textField = app.textFields["quickCaptureTextField"]
                            ^
/Applications/Xcode.app/Contents/Developer/Platforms/iPhoneSimulator.platform/Developer/Library/Frameworks/XCUIAutomation.framework/Headers/XCUIElementTypeQueryProvider.h:63:46: note: property declared here
@property (readonly, copy) XCUIElementQuery *textFields;
                                             ^
/Users/hem/Documents/opt/my-daily-sprints/TimeBox/TimeBoxUITests/QuickCaptureUITests.swift:145:10: note: add '@MainActor' to make instance method 'testQuickCaptureMinimalistUI()' part of global actor 'MainActor'
    func testQuickCaptureMinimalistUI() throws {
         ^
    @MainActor 
/Users/hem/Documents/opt/my-daily-sprints/TimeBox/TimeBoxUITests/QuickCaptureUITests.swift:150:33: warning: call to main actor-isolated instance method 'waitForExistence(timeout:)' in a synchronous nonisolated context
        XCTAssertTrue(textField.waitForExistence(timeout: 3),
                                ^
XCUIAutomation.XCUIElement.waitForExistence:2:22: note: calls to instance method 'waitForExistence(timeout:)' from outside of its actor context are implicitly asynchronous
@MainActor open func waitForExistence(timeout: TimeInterval) -> Bool}
                     ^
/Users/hem/Documents/opt/my-daily-sprints/TimeBox/TimeBoxUITests/QuickCaptureUITests.swift:154:46: warning: main actor-isolated subscript 'subscript(_:)' can not be referenced from a nonisolated context
        let durationSection = app.staticTexts["Dauer"]
                                             ^
XCUIAutomation.XCUIElementQuery.subscript:2:17: note: subscript declared here
@MainActor open subscript(key: String) -> XCUIElement { get }}
                ^
/Users/hem/Documents/opt/my-daily-sprints/TimeBox/TimeBoxUITests/QuickCaptureUITests.swift:145:10: note: add '@MainActor' to make instance method 'testQuickCaptureMinimalistUI()' part of global actor 'MainActor'
    func testQuickCaptureMinimalistUI() throws {
         ^
    @MainActor 
/Users/hem/Documents/opt/my-daily-sprints/TimeBox/TimeBoxUITests/QuickCaptureUITests.swift:154:35: warning: main actor-isolated property 'staticTexts' can not be referenced from a nonisolated context
        let durationSection = app.staticTexts["Dauer"]
                                  ^
/Applications/Xcode.app/Contents/Developer/Platforms/iPhoneSimulator.platform/Developer/Library/Frameworks/XCUIAutomation.framework/Headers/XCUIElementTypeQueryProvider.h:62:46: note: property declared here
@property (readonly, copy) XCUIElementQuery *staticTexts;
                                             ^
/Users/hem/Documents/opt/my-daily-sprints/TimeBox/TimeBoxUITests/QuickCaptureUITests.swift:145:10: note: add '@MainActor' to make instance method 'testQuickCaptureMinimalistUI()' part of global actor 'MainActor'
    func testQuickCaptureMinimalistUI() throws {
         ^
    @MainActor 
/Users/hem/Documents/opt/my-daily-sprints/TimeBox/TimeBoxUITests/QuickCaptureUITests.swift:155:46: warning: main actor-isolated subscript 'subscript(_:)' can not be referenced from a nonisolated context
        let prioritySection = app.staticTexts["Priorität"]
XCUIAutomation.XCUIElementQuery.subscript:2:17: note: subscript declared here
@MainActor open subscript(key: String) -> XCUIElement { get }}
                ^
/Users/hem/Documents/opt/my-daily-sprints/TimeBox/TimeBoxUITests/QuickCaptureUITests.swift:145:10: note: add '@MainActor' to make instance method 'testQuickCaptureMinimalistUI()' part of global actor 'MainActor'
    func testQuickCaptureMinimalistUI() throws {
         ^
    @MainActor 
/Users/hem/Documents/opt/my-daily-sprints/TimeBox/TimeBoxUITests/QuickCaptureUITests.swift:155:35: warning: main actor-isolated property 'staticTexts' can not be referenced from a nonisolated context
        let prioritySection = app.staticTexts["Priorität"]
/Applications/Xcode.app/Contents/Developer/Platforms/iPhoneSimulator.platform/Developer/Library/Frameworks/XCUIAutomation.framework/Headers/XCUIElementTypeQueryProvider.h:62:46: note: property declared here
@property (readonly, copy) XCUIElementQuery *staticTexts;
                                             ^
/Users/hem/Documents/opt/my-daily-sprints/TimeBox/TimeBoxUITests/QuickCaptureUITests.swift:145:10: note: add '@MainActor' to make instance method 'testQuickCaptureMinimalistUI()' part of global actor 'MainActor'
    func testQuickCaptureMinimalistUI() throws {
         ^
    @MainActor 
/Users/hem/Documents/opt/my-daily-sprints/TimeBox/TimeBoxUITests/QuickCaptureUITests.swift:156:45: warning: main actor-isolated subscript 'subscript(_:)' can not be referenced from a nonisolated context
        let urgencySection = app.staticTexts["Dringlichkeit"]
                                            ^
XCUIAutomation.XCUIElementQuery.subscript:2:17: note: subscript declared here
@MainActor open subscript(key: String) -> XCUIElement { get }}
                ^
/Users/hem/Documents/opt/my-daily-sprints/TimeBox/TimeBoxUITests/QuickCaptureUITests.swift:145:10: note: add '@MainActor' to make instance method 'testQuickCaptureMinimalistUI()' part of global actor 'MainActor'
    func testQuickCaptureMinimalistUI() throws {
         ^
    @MainActor 
/Users/hem/Documents/opt/my-daily-sprints/TimeBox/TimeBoxUITests/QuickCaptureUITests.swift:156:34: warning: main actor-isolated property 'staticTexts' can not be referenced from a nonisolated context
        let urgencySection = app.staticTexts["Dringlichkeit"]
                                 ^
/Applications/Xcode.app/Contents/Developer/Platforms/iPhoneSimulator.platform/Developer/Library/Frameworks/XCUIAutomation.framework/Headers/XCUIElementTypeQueryProvider.h:62:46: note: property declared here
@property (readonly, copy) XCUIElementQuery *staticTexts;
                                             ^
/Users/hem/Documents/opt/my-daily-sprints/TimeBox/TimeBoxUITests/QuickCaptureUITests.swift:145:10: note: add '@MainActor' to make instance method 'testQuickCaptureMinimalistUI()' part of global actor 'MainActor'
    func testQuickCaptureMinimalistUI() throws {
         ^
    @MainActor 
/Users/hem/Documents/opt/my-daily-sprints/TimeBox/TimeBoxUITests/QuickCaptureUITests.swift:158:40: warning: main actor-isolated property 'exists' can not be referenced from a nonisolated autoclosure
        XCTAssertFalse(durationSection.exists,
                                       ^
/Applications/Xcode.app/Contents/Developer/Platforms/iPhoneSimulator.platform/Developer/Library/Frameworks/XCUIAutomation.framework/Headers/XCUIElement.h:54:27: note: property declared here
@property (readonly) BOOL exists;
                          ^
/Users/hem/Documents/opt/my-daily-sprints/TimeBox/TimeBoxUITests/QuickCaptureUITests.swift:160:40: warning: main actor-isolated property 'exists' can not be referenced from a nonisolated autoclosure
        XCTAssertFalse(prioritySection.exists,
                                       ^
/Applications/Xcode.app/Contents/Developer/Platforms/iPhoneSimulator.platform/Developer/Library/Frameworks/XCUIAutomation.framework/Headers/XCUIElement.h:54:27: note: property declared here
@property (readonly) BOOL exists;
                          ^
/Users/hem/Documents/opt/my-daily-sprints/TimeBox/TimeBoxUITests/QuickCaptureUITests.swift:162:39: warning: main actor-isolated property 'exists' can not be referenced from a nonisolated autoclosure
        XCTAssertFalse(urgencySection.exists,
                                      ^
/Applications/Xcode.app/Contents/Developer/Platforms/iPhoneSimulator.platform/Developer/Library/Frameworks/XCUIAutomation.framework/Headers/XCUIElement.h:54:27: note: property declared here
@property (readonly) BOOL exists;
                          ^

SwiftDriverJobDiscovery normal arm64 Emitting module for TimeBoxUITests (in target 'TimeBoxUITests' from project 'TimeBox')

SwiftDriver\ Compilation\ Requirements TimeBoxUITests normal arm64 com.apple.xcode.tools.swift.compiler (in target 'TimeBoxUITests' from project 'TimeBox')
    cd /Users/hem/Documents/opt/my-daily-sprints/TimeBox
    builtin-Swift-Compilation-Requirements -- /Applications/Xcode.app/Contents/Developer/Toolchains/XcodeDefault.xctoolchain/usr/bin/swiftc -module-name TimeBoxUITests -Onone -enforce-exclusivity\=checked @/Users/hem/Library/Developer/Xcode/DerivedData/TimeBox-bsjmcdsflgpdivgxidgxnaahhzjo/Build/Intermediates.noindex/TimeBox.build/Debug-iphonesimulator/TimeBoxUITests.build/Objects-normal/arm64/TimeBoxUITests.SwiftFileList -DDEBUG -module-alias Testing\=_Testing_Unavailable -plugin-path /Applications/Xcode.app/Contents/Developer/Toolchains/XcodeDefault.xctoolchain/usr/lib/swift/host/plugins/testing -enable-experimental-feature DebugDescriptionMacro -sdk /Applications/Xcode.app/Contents/Developer/Platforms/iPhoneSimulator.platform/Developer/SDKs/iPhoneSimulator26.2.sdk -target arm64-apple-ios17.0-simulator -g -module-cache-path /Users/hem/Library/Developer/Xcode/DerivedData/ModuleCache.noindex -Xfrontend -serialize-debugging-options -profile-coverage-mapping -profile-generate -enable-testing -index-store-path /Users/hem/Library/Developer/Xcode/DerivedData/TimeBox-bsjmcdsflgpdivgxidgxnaahhzjo/Index.noindex/DataStore -Xcc -D_LIBCPP_HARDENING_MODE\=_LIBCPP_HARDENING_MODE_DEBUG -swift-version 6 -I /Users/hem/Library/Developer/Xcode/DerivedData/TimeBox-bsjmcdsflgpdivgxidgxnaahhzjo/Build/Products/Debug-iphonesimulator -Isystem /Applications/Xcode.app/Contents/Developer/Platforms/iPhoneSimulator.platform/Developer/usr/lib -F /Users/hem/Library/Developer/Xcode/DerivedData/TimeBox-bsjmcdsflgpdivgxidgxnaahhzjo/Build/Products/Debug-iphonesimulator -F /Applications/Xcode.app/Contents/Developer/Platforms/iPhoneSimulator.platform/Developer/Library/Frameworks -F /Applications/Xcode.app/Contents/Developer/Platforms/iPhoneSimulator.platform/Developer/SDKs/iPhoneSimulator26.2.sdk/Developer/Library/Frameworks -c -j10 -enable-batch-mode -incremental -Xcc -ivfsstatcache -Xcc /Users/hem/Library/Developer/Xcode/DerivedData/SDKStatCaches.noindex/iphonesimulator26.2-23C53-7d00a8b37fbd7999ea79df8ebc024bf0.sdkstatcache -output-file-map /Users/hem/Library/Developer/Xcode/DerivedData/TimeBox-bsjmcdsflgpdivgxidgxnaahhzjo/Build/Intermediates.noindex/TimeBox.build/Debug-iphonesimulator/TimeBoxUITests.build/Objects-normal/arm64/TimeBoxUITests-OutputFileMap.json -use-frontend-parseable-output -save-temps -no-color-diagnostics -explicit-module-build -module-cache-path /Users/hem/Library/Developer/Xcode/DerivedData/TimeBox-bsjmcdsflgpdivgxidgxnaahhzjo/Build/Intermediates.noindex/SwiftExplicitPrecompiledModules -clang-scanner-module-cache-path /Users/hem/Library/Developer/Xcode/DerivedData/ModuleCache.noindex -sdk-module-cache-path /Users/hem/Library/Developer/Xcode/DerivedData/ModuleCache.noindex -serialize-diagnostics -emit-dependencies -emit-module -emit-module-path /Users/hem/Library/Developer/Xcode/DerivedData/TimeBox-bsjmcdsflgpdivgxidgxnaahhzjo/Build/Intermediates.noindex/TimeBox.build/Debug-iphonesimulator/TimeBoxUITests.build/Objects-normal/arm64/TimeBoxUITests.swiftmodule -validate-clang-modules-once -clang-build-session-file /Users/hem/Library/Developer/Xcode/DerivedData/ModuleCache.noindex/Session.modulevalidation -Xcc -I/Users/hem/Library/Developer/Xcode/DerivedData/TimeBox-bsjmcdsflgpdivgxidgxnaahhzjo/Build/Intermediates.noindex/TimeBox.build/Debug-iphonesimulator/TimeBoxUITests.build/swift-overrides.hmap -emit-const-values -Xfrontend -const-gather-protocols-file -Xfrontend /Users/hem/Library/Developer/Xcode/DerivedData/TimeBox-bsjmcdsflgpdivgxidgxnaahhzjo/Build/Intermediates.noindex/TimeBox.build/Debug-iphonesimulator/TimeBoxUITests.build/Objects-normal/arm64/TimeBoxUITests_const_extract_protocols.json -Xcc -iquote -Xcc /Users/hem/Library/Developer/Xcode/DerivedData/TimeBox-bsjmcdsflgpdivgxidgxnaahhzjo/Build/Intermediates.noindex/TimeBox.build/Debug-iphonesimulator/TimeBoxUITests.build/TimeBoxUITests-generated-files.hmap -Xcc -I/Users/hem/Library/Developer/Xcode/DerivedData/TimeBox-bsjmcdsflgpdivgxidgxnaahhzjo/Build/Intermediates.noindex/TimeBox.build/Debug-iphonesimulator/TimeBoxUITests.build/TimeBoxUITests-own-target-headers.hmap -Xcc -I/Users/hem/Library/Developer/Xcode/DerivedData/TimeBox-bsjmcdsflgpdivgxidgxnaahhzjo/Build/Intermediates.noindex/TimeBox.build/Debug-iphonesimulator/TimeBoxUITests.build/TimeBoxUITests-all-target-headers.hmap -Xcc -iquote -Xcc /Users/hem/Library/Developer/Xcode/DerivedData/TimeBox-bsjmcdsflgpdivgxidgxnaahhzjo/Build/Intermediates.noindex/TimeBox.build/Debug-iphonesimulator/TimeBoxUITests.build/TimeBoxUITests-project-headers.hmap -Xcc -I/Users/hem/Library/Developer/Xcode/DerivedData/TimeBox-bsjmcdsflgpdivgxidgxnaahhzjo/Build/Products/Debug-iphonesimulator/include -Xcc -I/Users/hem/Library/Developer/Xcode/DerivedData/TimeBox-bsjmcdsflgpdivgxidgxnaahhzjo/Build/Intermediates.noindex/TimeBox.build/Debug-iphonesimulator/TimeBoxUITests.build/DerivedSources-normal/arm64 -Xcc -I/Users/hem/Library/Developer/Xcode/DerivedData/TimeBox-bsjmcdsflgpdivgxidgxnaahhzjo/Build/Intermediates.noindex/TimeBox.build/Debug-iphonesimulator/TimeBoxUITests.build/DerivedSources/arm64 -Xcc -I/Users/hem/Library/Developer/Xcode/DerivedData/TimeBox-bsjmcdsflgpdivgxidgxnaahhzjo/Build/Intermediates.noindex/TimeBox.build/Debug-iphonesimulator/TimeBoxUITests.build/DerivedSources -Xcc -DDEBUG\=1 -emit-objc-header -emit-objc-header-path /Users/hem/Library/Developer/Xcode/DerivedData/TimeBox-bsjmcdsflgpdivgxidgxnaahhzjo/Build/Intermediates.noindex/TimeBox.build/Debug-iphonesimulator/TimeBoxUITests.build/Objects-normal/arm64/TimeBoxUITests-Swift.h -working-directory /Users/hem/Documents/opt/my-daily-sprints/TimeBox -experimental-emit-module-separately -disable-cmo

Copy /Users/hem/Library/Developer/Xcode/DerivedData/TimeBox-bsjmcdsflgpdivgxidgxnaahhzjo/Build/Products/Debug-iphonesimulator/TimeBoxUITests.swiftmodule/arm64-apple-ios-simulator.abi.json /Users/hem/Library/Developer/Xcode/DerivedData/TimeBox-bsjmcdsflgpdivgxidgxnaahhzjo/Build/Intermediates.noindex/TimeBox.build/Debug-iphonesimulator/TimeBoxUITests.build/Objects-normal/arm64/TimeBoxUITests.abi.json (in target 'TimeBoxUITests' from project 'TimeBox')
    cd /Users/hem/Documents/opt/my-daily-sprints/TimeBox
    builtin-copy -exclude .DS_Store -exclude CVS -exclude .svn -exclude .git -exclude .hg -resolve-src-symlinks -rename /Users/hem/Library/Developer/Xcode/DerivedData/TimeBox-bsjmcdsflgpdivgxidgxnaahhzjo/Build/Intermediates.noindex/TimeBox.build/Debug-iphonesimulator/TimeBoxUITests.build/Objects-normal/arm64/TimeBoxUITests.abi.json /Users/hem/Library/Developer/Xcode/DerivedData/TimeBox-bsjmcdsflgpdivgxidgxnaahhzjo/Build/Products/Debug-iphonesimulator/TimeBoxUITests.swiftmodule/arm64-apple-ios-simulator.abi.json

Copy /Users/hem/Library/Developer/Xcode/DerivedData/TimeBox-bsjmcdsflgpdivgxidgxnaahhzjo/Build/Products/Debug-iphonesimulator/TimeBoxUITests.swiftmodule/arm64-apple-ios-simulator.swiftmodule /Users/hem/Library/Developer/Xcode/DerivedData/TimeBox-bsjmcdsflgpdivgxidgxnaahhzjo/Build/Intermediates.noindex/TimeBox.build/Debug-iphonesimulator/TimeBoxUITests.build/Objects-normal/arm64/TimeBoxUITests.swiftmodule (in target 'TimeBoxUITests' from project 'TimeBox')
    cd /Users/hem/Documents/opt/my-daily-sprints/TimeBox
    builtin-copy -exclude .DS_Store -exclude CVS -exclude .svn -exclude .git -exclude .hg -resolve-src-symlinks -rename /Users/hem/Library/Developer/Xcode/DerivedData/TimeBox-bsjmcdsflgpdivgxidgxnaahhzjo/Build/Intermediates.noindex/TimeBox.build/Debug-iphonesimulator/TimeBoxUITests.build/Objects-normal/arm64/TimeBoxUITests.swiftmodule /Users/hem/Library/Developer/Xcode/DerivedData/TimeBox-bsjmcdsflgpdivgxidgxnaahhzjo/Build/Products/Debug-iphonesimulator/TimeBoxUITests.swiftmodule/arm64-apple-ios-simulator.swiftmodule

Copy /Users/hem/Library/Developer/Xcode/DerivedData/TimeBox-bsjmcdsflgpdivgxidgxnaahhzjo/Build/Products/Debug-iphonesimulator/TimeBoxUITests.swiftmodule/Project/arm64-apple-ios-simulator.swiftsourceinfo /Users/hem/Library/Developer/Xcode/DerivedData/TimeBox-bsjmcdsflgpdivgxidgxnaahhzjo/Build/Intermediates.noindex/TimeBox.build/Debug-iphonesimulator/TimeBoxUITests.build/Objects-normal/arm64/TimeBoxUITests.swiftsourceinfo (in target 'TimeBoxUITests' from project 'TimeBox')
    cd /Users/hem/Documents/opt/my-daily-sprints/TimeBox
    builtin-copy -exclude .DS_Store -exclude CVS -exclude .svn -exclude .git -exclude .hg -resolve-src-symlinks -rename /Users/hem/Library/Developer/Xcode/DerivedData/TimeBox-bsjmcdsflgpdivgxidgxnaahhzjo/Build/Intermediates.noindex/TimeBox.build/Debug-iphonesimulator/TimeBoxUITests.build/Objects-normal/arm64/TimeBoxUITests.swiftsourceinfo /Users/hem/Library/Developer/Xcode/DerivedData/TimeBox-bsjmcdsflgpdivgxidgxnaahhzjo/Build/Products/Debug-iphonesimulator/TimeBoxUITests.swiftmodule/Project/arm64-apple-ios-simulator.swiftsourceinfo

Copy /Users/hem/Library/Developer/Xcode/DerivedData/TimeBox-bsjmcdsflgpdivgxidgxnaahhzjo/Build/Products/Debug-iphonesimulator/TimeBoxUITests.swiftmodule/arm64-apple-ios-simulator.swiftdoc /Users/hem/Library/Developer/Xcode/DerivedData/TimeBox-bsjmcdsflgpdivgxidgxnaahhzjo/Build/Intermediates.noindex/TimeBox.build/Debug-iphonesimulator/TimeBoxUITests.build/Objects-normal/arm64/TimeBoxUITests.swiftdoc (in target 'TimeBoxUITests' from project 'TimeBox')
    cd /Users/hem/Documents/opt/my-daily-sprints/TimeBox
    builtin-copy -exclude .DS_Store -exclude CVS -exclude .svn -exclude .git -exclude .hg -resolve-src-symlinks -rename /Users/hem/Library/Developer/Xcode/DerivedData/TimeBox-bsjmcdsflgpdivgxidgxnaahhzjo/Build/Intermediates.noindex/TimeBox.build/Debug-iphonesimulator/TimeBoxUITests.build/Objects-normal/arm64/TimeBoxUITests.swiftdoc /Users/hem/Library/Developer/Xcode/DerivedData/TimeBox-bsjmcdsflgpdivgxidgxnaahhzjo/Build/Products/Debug-iphonesimulator/TimeBoxUITests.swiftmodule/arm64-apple-ios-simulator.swiftdoc

SwiftDriverJobDiscovery normal arm64 Compiling QuickCaptureUITests.swift (in target 'TimeBoxUITests' from project 'TimeBox')

SwiftDriver\ Compilation TimeBoxUITests normal arm64 com.apple.xcode.tools.swift.compiler (in target 'TimeBoxUITests' from project 'TimeBox')
    cd /Users/hem/Documents/opt/my-daily-sprints/TimeBox
    builtin-Swift-Compilation -- /Applications/Xcode.app/Contents/Developer/Toolchains/XcodeDefault.xctoolchain/usr/bin/swiftc -module-name TimeBoxUITests -Onone -enforce-exclusivity\=checked @/Users/hem/Library/Developer/Xcode/DerivedData/TimeBox-bsjmcdsflgpdivgxidgxnaahhzjo/Build/Intermediates.noindex/TimeBox.build/Debug-iphonesimulator/TimeBoxUITests.build/Objects-normal/arm64/TimeBoxUITests.SwiftFileList -DDEBUG -module-alias Testing\=_Testing_Unavailable -plugin-path /Applications/Xcode.app/Contents/Developer/Toolchains/XcodeDefault.xctoolchain/usr/lib/swift/host/plugins/testing -enable-experimental-feature DebugDescriptionMacro -sdk /Applications/Xcode.app/Contents/Developer/Platforms/iPhoneSimulator.platform/Developer/SDKs/iPhoneSimulator26.2.sdk -target arm64-apple-ios17.0-simulator -g -module-cache-path /Users/hem/Library/Developer/Xcode/DerivedData/ModuleCache.noindex -Xfrontend -serialize-debugging-options -profile-coverage-mapping -profile-generate -enable-testing -index-store-path /Users/hem/Library/Developer/Xcode/DerivedData/TimeBox-bsjmcdsflgpdivgxidgxnaahhzjo/Index.noindex/DataStore -Xcc -D_LIBCPP_HARDENING_MODE\=_LIBCPP_HARDENING_MODE_DEBUG -swift-version 6 -I /Users/hem/Library/Developer/Xcode/DerivedData/TimeBox-bsjmcdsflgpdivgxidgxnaahhzjo/Build/Products/Debug-iphonesimulator -Isystem /Applications/Xcode.app/Contents/Developer/Platforms/iPhoneSimulator.platform/Developer/usr/lib -F /Users/hem/Library/Developer/Xcode/DerivedData/TimeBox-bsjmcdsflgpdivgxidgxnaahhzjo/Build/Products/Debug-iphonesimulator -F /Applications/Xcode.app/Contents/Developer/Platforms/iPhoneSimulator.platform/Developer/Library/Frameworks -F /Applications/Xcode.app/Contents/Developer/Platforms/iPhoneSimulator.platform/Developer/SDKs/iPhoneSimulator26.2.sdk/Developer/Library/Frameworks -c -j10 -enable-batch-mode -incremental -Xcc -ivfsstatcache -Xcc /Users/hem/Library/Developer/Xcode/DerivedData/SDKStatCaches.noindex/iphonesimulator26.2-23C53-7d00a8b37fbd7999ea79df8ebc024bf0.sdkstatcache -output-file-map /Users/hem/Library/Developer/Xcode/DerivedData/TimeBox-bsjmcdsflgpdivgxidgxnaahhzjo/Build/Intermediates.noindex/TimeBox.build/Debug-iphonesimulator/TimeBoxUITests.build/Objects-normal/arm64/TimeBoxUITests-OutputFileMap.json -use-frontend-parseable-output -save-temps -no-color-diagnostics -explicit-module-build -module-cache-path /Users/hem/Library/Developer/Xcode/DerivedData/TimeBox-bsjmcdsflgpdivgxidgxnaahhzjo/Build/Intermediates.noindex/SwiftExplicitPrecompiledModules -clang-scanner-module-cache-path /Users/hem/Library/Developer/Xcode/DerivedData/ModuleCache.noindex -sdk-module-cache-path /Users/hem/Library/Developer/Xcode/DerivedData/ModuleCache.noindex -serialize-diagnostics -emit-dependencies -emit-module -emit-module-path /Users/hem/Library/Developer/Xcode/DerivedData/TimeBox-bsjmcdsflgpdivgxidgxnaahhzjo/Build/Intermediates.noindex/TimeBox.build/Debug-iphonesimulator/TimeBoxUITests.build/Objects-normal/arm64/TimeBoxUITests.swiftmodule -validate-clang-modules-once -clang-build-session-file /Users/hem/Library/Developer/Xcode/DerivedData/ModuleCache.noindex/Session.modulevalidation -Xcc -I/Users/hem/Library/Developer/Xcode/DerivedData/TimeBox-bsjmcdsflgpdivgxidgxnaahhzjo/Build/Intermediates.noindex/TimeBox.build/Debug-iphonesimulator/TimeBoxUITests.build/swift-overrides.hmap -emit-const-values -Xfrontend -const-gather-protocols-file -Xfrontend /Users/hem/Library/Developer/Xcode/DerivedData/TimeBox-bsjmcdsflgpdivgxidgxnaahhzjo/Build/Intermediates.noindex/TimeBox.build/Debug-iphonesimulator/TimeBoxUITests.build/Objects-normal/arm64/TimeBoxUITests_const_extract_protocols.json -Xcc -iquote -Xcc /Users/hem/Library/Developer/Xcode/DerivedData/TimeBox-bsjmcdsflgpdivgxidgxnaahhzjo/Build/Intermediates.noindex/TimeBox.build/Debug-iphonesimulator/TimeBoxUITests.build/TimeBoxUITests-generated-files.hmap -Xcc -I/Users/hem/Library/Developer/Xcode/DerivedData/TimeBox-bsjmcdsflgpdivgxidgxnaahhzjo/Build/Intermediates.noindex/TimeBox.build/Debug-iphonesimulator/TimeBoxUITests.build/TimeBoxUITests-own-target-headers.hmap -Xcc -I/Users/hem/Library/Developer/Xcode/DerivedData/TimeBox-bsjmcdsflgpdivgxidgxnaahhzjo/Build/Intermediates.noindex/TimeBox.build/Debug-iphonesimulator/TimeBoxUITests.build/TimeBoxUITests-all-target-headers.hmap -Xcc -iquote -Xcc /Users/hem/Library/Developer/Xcode/DerivedData/TimeBox-bsjmcdsflgpdivgxidgxnaahhzjo/Build/Intermediates.noindex/TimeBox.build/Debug-iphonesimulator/TimeBoxUITests.build/TimeBoxUITests-project-headers.hmap -Xcc -I/Users/hem/Library/Developer/Xcode/DerivedData/TimeBox-bsjmcdsflgpdivgxidgxnaahhzjo/Build/Products/Debug-iphonesimulator/include -Xcc -I/Users/hem/Library/Developer/Xcode/DerivedData/TimeBox-bsjmcdsflgpdivgxidgxnaahhzjo/Build/Intermediates.noindex/TimeBox.build/Debug-iphonesimulator/TimeBoxUITests.build/DerivedSources-normal/arm64 -Xcc -I/Users/hem/Library/Developer/Xcode/DerivedData/TimeBox-bsjmcdsflgpdivgxidgxnaahhzjo/Build/Intermediates.noindex/TimeBox.build/Debug-iphonesimulator/TimeBoxUITests.build/DerivedSources/arm64 -Xcc -I/Users/hem/Library/Developer/Xcode/DerivedData/TimeBox-bsjmcdsflgpdivgxidgxnaahhzjo/Build/Intermediates.noindex/TimeBox.build/Debug-iphonesimulator/TimeBoxUITests.build/DerivedSources -Xcc -DDEBUG\=1 -emit-objc-header -emit-objc-header-path /Users/hem/Library/Developer/Xcode/DerivedData/TimeBox-bsjmcdsflgpdivgxidgxnaahhzjo/Build/Intermediates.noindex/TimeBox.build/Debug-iphonesimulator/TimeBoxUITests.build/Objects-normal/arm64/TimeBoxUITests-Swift.h -working-directory /Users/hem/Documents/opt/my-daily-sprints/TimeBox -experimental-emit-module-separately -disable-cmo

ProcessInfoPlistFile /Users/hem/Library/Developer/Xcode/DerivedData/TimeBox-bsjmcdsflgpdivgxidgxnaahhzjo/Build/Products/Debug-iphonesimulator/TimeBoxUITests-Runner.app/PlugIns/TimeBoxUITests.xctest/Info.plist /Users/hem/Library/Developer/Xcode/DerivedData/TimeBox-bsjmcdsflgpdivgxidgxnaahhzjo/Build/Intermediates.noindex/TimeBox.build/Debug-iphonesimulator/TimeBoxUITests.build/empty-TimeBoxUITests.plist (in target 'TimeBoxUITests' from project 'TimeBox')
    cd /Users/hem/Documents/opt/my-daily-sprints/TimeBox
    builtin-infoPlistUtility /Users/hem/Library/Developer/Xcode/DerivedData/TimeBox-bsjmcdsflgpdivgxidgxnaahhzjo/Build/Intermediates.noindex/TimeBox.build/Debug-iphonesimulator/TimeBoxUITests.build/empty-TimeBoxUITests.plist -producttype com.apple.product-type.bundle.ui-testing -expandbuildsettings -format binary -platform iphonesimulator -additionalcontentfile /Users/hem/Library/Developer/Xcode/DerivedData/TimeBox-bsjmcdsflgpdivgxidgxnaahhzjo/Build/Intermediates.noindex/TimeBox.build/Debug-iphonesimulator/TimeBoxUITests.build/ProductTypeInfoPlistAdditions.plist -o /Users/hem/Library/Developer/Xcode/DerivedData/TimeBox-bsjmcdsflgpdivgxidgxnaahhzjo/Build/Products/Debug-iphonesimulator/TimeBoxUITests-Runner.app/PlugIns/TimeBoxUITests.xctest/Info.plist

Ld /Users/hem/Library/Developer/Xcode/DerivedData/TimeBox-bsjmcdsflgpdivgxidgxnaahhzjo/Build/Products/Debug-iphonesimulator/TimeBoxUITests-Runner.app/PlugIns/TimeBoxUITests.xctest/TimeBoxUITests normal (in target 'TimeBoxUITests' from project 'TimeBox')
    cd /Users/hem/Documents/opt/my-daily-sprints/TimeBox
    /Applications/Xcode.app/Contents/Developer/Toolchains/XcodeDefault.xctoolchain/usr/bin/clang -Xlinker -reproducible -target arm64-apple-ios17.0-simulator -bundle -isysroot /Applications/Xcode.app/Contents/Developer/Platforms/iPhoneSimulator.platform/Developer/SDKs/iPhoneSimulator26.2.sdk -O0 -L/Users/hem/Library/Developer/Xcode/DerivedData/TimeBox-bsjmcdsflgpdivgxidgxnaahhzjo/Build/Intermediates.noindex/EagerLinkingTBDs/Debug-iphonesimulator -L/Users/hem/Library/Developer/Xcode/DerivedData/TimeBox-bsjmcdsflgpdivgxidgxnaahhzjo/Build/Products/Debug-iphonesimulator -L/Applications/Xcode.app/Contents/Developer/Platforms/iPhoneSimulator.platform/Developer/usr/lib -F/Users/hem/Library/Developer/Xcode/DerivedData/TimeBox-bsjmcdsflgpdivgxidgxnaahhzjo/Build/Intermediates.noindex/EagerLinkingTBDs/Debug-iphonesimulator -F/Users/hem/Library/Developer/Xcode/DerivedData/TimeBox-bsjmcdsflgpdivgxidgxnaahhzjo/Build/Products/Debug-iphonesimulator -iframework /Applications/Xcode.app/Contents/Developer/Platforms/iPhoneSimulator.platform/Developer/Library/Frameworks -iframework /Applications/Xcode.app/Contents/Developer/Platforms/iPhoneSimulator.platform/Developer/SDKs/iPhoneSimulator26.2.sdk/Developer/Library/Frameworks -filelist /Users/hem/Library/Developer/Xcode/DerivedData/TimeBox-bsjmcdsflgpdivgxidgxnaahhzjo/Build/Intermediates.noindex/TimeBox.build/Debug-iphonesimulator/TimeBoxUITests.build/Objects-normal/arm64/TimeBoxUITests.LinkFileList -Xlinker -rpath -Xlinker /usr/lib/swift -Xlinker -rpath -Xlinker @loader_path/Frameworks -Xlinker -rpath -Xlinker @executable_path/Frameworks -dead_strip -Xlinker -object_path_lto -Xlinker /Users/hem/Library/Developer/Xcode/DerivedData/TimeBox-bsjmcdsflgpdivgxidgxnaahhzjo/Build/Intermediates.noindex/TimeBox.build/Debug-iphonesimulator/TimeBoxUITests.build/Objects-normal/arm64/TimeBoxUITests_lto.o -rdynamic -Xlinker -no_deduplicate -Xlinker -objc_abi_version -Xlinker 2 -Xlinker -debug_variant -Xlinker -dependency_info -Xlinker /Users/hem/Library/Developer/Xcode/DerivedData/TimeBox-bsjmcdsflgpdivgxidgxnaahhzjo/Build/Intermediates.noindex/TimeBox.build/Debug-iphonesimulator/TimeBoxUITests.build/Objects-normal/arm64/TimeBoxUITests_dependency_info.dat -fobjc-link-runtime -fprofile-instr-generate -L/Applications/Xcode.app/Contents/Developer/Toolchains/XcodeDefault.xctoolchain/usr/lib/swift/iphonesimulator -L/usr/lib/swift -Xlinker -add_ast_path -Xlinker /Users/hem/Library/Developer/Xcode/DerivedData/TimeBox-bsjmcdsflgpdivgxidgxnaahhzjo/Build/Intermediates.noindex/TimeBox.build/Debug-iphonesimulator/TimeBoxUITests.build/Objects-normal/arm64/TimeBoxUITests.swiftmodule @/Users/hem/Library/Developer/Xcode/DerivedData/TimeBox-bsjmcdsflgpdivgxidgxnaahhzjo/Build/Intermediates.noindex/TimeBox.build/Debug-iphonesimulator/TimeBoxUITests.build/Objects-normal/arm64/TimeBoxUITests-linker-args.resp -Xlinker -needed_framework -Xlinker XCTest -framework XCTest -Xlinker -needed-lXCTestSwiftSupport -lXCTestSwiftSupport -Xlinker -sectcreate -Xlinker __TEXT -Xlinker __entitlements -Xlinker /Users/hem/Library/Developer/Xcode/DerivedData/TimeBox-bsjmcdsflgpdivgxidgxnaahhzjo/Build/Intermediates.noindex/TimeBox.build/Debug-iphonesimulator/TimeBoxUITests.build/TimeBoxUITests.xctest-Simulated.xcent -Xlinker -sectcreate -Xlinker __TEXT -Xlinker __ents_der -Xlinker /Users/hem/Library/Developer/Xcode/DerivedData/TimeBox-bsjmcdsflgpdivgxidgxnaahhzjo/Build/Intermediates.noindex/TimeBox.build/Debug-iphonesimulator/TimeBoxUITests.build/TimeBoxUITests.xctest-Simulated.xcent.der -Xlinker -no_adhoc_codesign -o /Users/hem/Library/Developer/Xcode/DerivedData/TimeBox-bsjmcdsflgpdivgxidgxnaahhzjo/Build/Products/Debug-iphonesimulator/TimeBoxUITests-Runner.app/PlugIns/TimeBoxUITests.xctest/TimeBoxUITests

ExtractAppIntentsMetadata (in target 'TimeBoxUITests' from project 'TimeBox')
    cd /Users/hem/Documents/opt/my-daily-sprints/TimeBox
    /Applications/Xcode.app/Contents/Developer/Toolchains/XcodeDefault.xctoolchain/usr/bin/appintentsmetadataprocessor --toolchain-dir /Applications/Xcode.app/Contents/Developer/Toolchains/XcodeDefault.xctoolchain --module-name TimeBoxUITests --sdk-root /Applications/Xcode.app/Contents/Developer/Platforms/iPhoneSimulator.platform/Developer/SDKs/iPhoneSimulator26.2.sdk --xcode-version 17C52 --platform-family iOS --deployment-target 17.0 --bundle-identifier com.henning.timebox.uitests --output /Users/hem/Library/Developer/Xcode/DerivedData/TimeBox-bsjmcdsflgpdivgxidgxnaahhzjo/Build/Products/Debug-iphonesimulator/TimeBoxUITests-Runner.app/PlugIns/TimeBoxUITests.xctest --target-triple arm64-apple-ios17.0-simulator --binary-file /Users/hem/Library/Developer/Xcode/DerivedData/TimeBox-bsjmcdsflgpdivgxidgxnaahhzjo/Build/Products/Debug-iphonesimulator/TimeBoxUITests-Runner.app/PlugIns/TimeBoxUITests.xctest/TimeBoxUITests --dependency-file /Users/hem/Library/Developer/Xcode/DerivedData/TimeBox-bsjmcdsflgpdivgxidgxnaahhzjo/Build/Intermediates.noindex/TimeBox.build/Debug-iphonesimulator/TimeBoxUITests.build/Objects-normal/arm64/TimeBoxUITests_dependency_info.dat --stringsdata-file /Users/hem/Library/Developer/Xcode/DerivedData/TimeBox-bsjmcdsflgpdivgxidgxnaahhzjo/Build/Intermediates.noindex/TimeBox.build/Debug-iphonesimulator/TimeBoxUITests.build/Objects-normal/arm64/ExtractedAppShortcutsMetadata.stringsdata --source-file-list /Users/hem/Library/Developer/Xcode/DerivedData/TimeBox-bsjmcdsflgpdivgxidgxnaahhzjo/Build/Intermediates.noindex/TimeBox.build/Debug-iphonesimulator/TimeBoxUITests.build/Objects-normal/arm64/TimeBoxUITests.SwiftFileList --metadata-file-list /Users/hem/Library/Developer/Xcode/DerivedData/TimeBox-bsjmcdsflgpdivgxidgxnaahhzjo/Build/Intermediates.noindex/TimeBox.build/Debug-iphonesimulator/TimeBoxUITests.build/TimeBoxUITests.DependencyMetadataFileList --static-metadata-file-list /Users/hem/Library/Developer/Xcode/DerivedData/TimeBox-bsjmcdsflgpdivgxidgxnaahhzjo/Build/Intermediates.noindex/TimeBox.build/Debug-iphonesimulator/TimeBoxUITests.build/TimeBoxUITests.DependencyStaticMetadataFileList --swift-const-vals-list /Users/hem/Library/Developer/Xcode/DerivedData/TimeBox-bsjmcdsflgpdivgxidgxnaahhzjo/Build/Intermediates.noindex/TimeBox.build/Debug-iphonesimulator/TimeBoxUITests.build/Objects-normal/arm64/TimeBoxUITests.SwiftConstValuesFileList --compile-time-extraction --deployment-aware-processing --validate-assistant-intents --no-app-shortcuts-localization
2026-01-22 14:31:12.002 appintentsmetadataprocessor[56031:27676703] Starting appintentsmetadataprocessor export
2026-01-22 14:31:12.004 appintentsmetadataprocessor[56031:27676703] warning: Metadata extraction skipped. No AppIntents.framework dependency found.

CopySwiftLibs /Users/hem/Library/Developer/Xcode/DerivedData/TimeBox-bsjmcdsflgpdivgxidgxnaahhzjo/Build/Products/Debug-iphonesimulator/TimeBoxUITests-Runner.app/PlugIns/TimeBoxUITests.xctest (in target 'TimeBoxUITests' from project 'TimeBox')
    cd /Users/hem/Documents/opt/my-daily-sprints/TimeBox
    builtin-swiftStdLibTool --copy --verbose --sign - --scan-executable /Users/hem/Library/Developer/Xcode/DerivedData/TimeBox-bsjmcdsflgpdivgxidgxnaahhzjo/Build/Products/Debug-iphonesimulator/TimeBoxUITests-Runner.app/PlugIns/TimeBoxUITests.xctest/TimeBoxUITests --scan-folder /Users/hem/Library/Developer/Xcode/DerivedData/TimeBox-bsjmcdsflgpdivgxidgxnaahhzjo/Build/Products/Debug-iphonesimulator/TimeBoxUITests-Runner.app/PlugIns/TimeBoxUITests.xctest/Frameworks --scan-folder /Users/hem/Library/Developer/Xcode/DerivedData/TimeBox-bsjmcdsflgpdivgxidgxnaahhzjo/Build/Products/Debug-iphonesimulator/TimeBoxUITests-Runner.app/PlugIns/TimeBoxUITests.xctest/PlugIns --scan-folder /Users/hem/Library/Developer/Xcode/DerivedData/TimeBox-bsjmcdsflgpdivgxidgxnaahhzjo/Build/Products/Debug-iphonesimulator/TimeBoxUITests-Runner.app/PlugIns/TimeBoxUITests.xctest/SystemExtensions --scan-folder /Users/hem/Library/Developer/Xcode/DerivedData/TimeBox-bsjmcdsflgpdivgxidgxnaahhzjo/Build/Products/Debug-iphonesimulator/TimeBoxUITests-Runner.app/PlugIns/TimeBoxUITests.xctest/Extensions --platform iphonesimulator --toolchain /Applications/Xcode.app/Contents/Developer/Toolchains/XcodeDefault.xctoolchain --destination /Users/hem/Library/Developer/Xcode/DerivedData/TimeBox-bsjmcdsflgpdivgxidgxnaahhzjo/Build/Products/Debug-iphonesimulator/TimeBoxUITests-Runner.app/PlugIns/TimeBoxUITests.xctest/Frameworks --strip-bitcode --scan-executable /Applications/Xcode.app/Contents/Developer/Platforms/iPhoneSimulator.platform/Developer/usr/lib/libXCTestSwiftSupport.dylib --strip-bitcode-tool /Applications/Xcode.app/Contents/Developer/Toolchains/XcodeDefault.xctoolchain/usr/bin/bitcode_strip --emit-dependency-info /Users/hem/Library/Developer/Xcode/DerivedData/TimeBox-bsjmcdsflgpdivgxidgxnaahhzjo/Build/Intermediates.noindex/TimeBox.build/Debug-iphonesimulator/TimeBoxUITests.build/SwiftStdLibToolInputDependencies.dep --filter-for-swift-os

CodeSign /Users/hem/Library/Developer/Xcode/DerivedData/TimeBox-bsjmcdsflgpdivgxidgxnaahhzjo/Build/Products/Debug-iphonesimulator/TimeBoxUITests-Runner.app/PlugIns/TimeBoxUITests.xctest (in target 'TimeBoxUITests' from project 'TimeBox')
    cd /Users/hem/Documents/opt/my-daily-sprints/TimeBox
    
    Signing Identity:     "Sign to Run Locally"
    
    /usr/bin/codesign --force --sign - --timestamp\=none --generate-entitlement-der /Users/hem/Library/Developer/Xcode/DerivedData/TimeBox-bsjmcdsflgpdivgxidgxnaahhzjo/Build/Products/Debug-iphonesimulator/TimeBoxUITests-Runner.app/PlugIns/TimeBoxUITests.xctest

CodeSign /Users/hem/Library/Developer/Xcode/DerivedData/TimeBox-bsjmcdsflgpdivgxidgxnaahhzjo/Build/Products/Debug-iphonesimulator/TimeBoxUITests-Runner.app (in target 'TimeBoxUITests' from project 'TimeBox')
    cd /Users/hem/Documents/opt/my-daily-sprints/TimeBox
    
    Signing Identity:     "Sign to Run Locally"
    
    /usr/bin/codesign --force --sign - --timestamp\=none --generate-entitlement-der /Users/hem/Library/Developer/Xcode/DerivedData/TimeBox-bsjmcdsflgpdivgxidgxnaahhzjo/Build/Products/Debug-iphonesimulator/TimeBoxUITests-Runner.app
/Users/hem/Library/Developer/Xcode/DerivedData/TimeBox-bsjmcdsflgpdivgxidgxnaahhzjo/Build/Products/Debug-iphonesimulator/TimeBoxUITests-Runner.app: replacing existing signature

2026-01-22 14:31:14.696035+0100 TimeBoxUITests-Runner[56039:27676957] [Default] Running tests...
2026-01-22 14:31:15.820006+0100 TimeBoxUITests-Runner[56039:27677022] [General] Failed to send CA Event for app launch measurements for ca_event_type: 0 event_name: com.apple.app_launch_measurement.FirstFramePresentationMetric
    t =      nans Interface orientation changed to Portrait
2026-01-22 14:31:16.476979+0100 TimeBoxUITests-Runner[56039:27677028] [General] Failed to send CA Event for app launch measurements for ca_event_type: 1 event_name: com.apple.app_launch_measurement.ExtendedLaunchMetrics
Test Suite 'Selected tests' started at 2026-01-22 14:31:16.519.
Test Suite 'TimeBoxUITests.xctest' started at 2026-01-22 14:31:16.521.
Test Suite 'QuickCaptureUITests' started at 2026-01-22 14:31:16.522.
Test Case '-[TimeBoxUITests.QuickCaptureUITests testCancelDismissesWithoutSaving]' started.
    t =     0.00s Start Test at 2026-01-22 14:31:16.524
    t =     0.30s Set Up
    t =     0.31s     Open com.henning.timebox
    t =     0.31s         Launch com.henning.timebox
    t =     0.31s             Terminate com.henning.timebox:16838
    t =     2.58s             Setting up automation session
    t =     3.56s             Wait for com.henning.timebox to idle
    t =     5.57s Waiting 3.0s for "quickCaptureTextField" TextField to exist
    t =     6.60s     Checking `Expect predicate `existsNoRetry == 1` for object "quickCaptureTextField" TextField`
    t =     6.60s         Checking existence of `"quickCaptureTextField" TextField`
    t =     6.69s         Capturing element debug description
    t =     7.62s     Checking `Expect predicate `existsNoRetry == 1` for object "quickCaptureTextField" TextField`
    t =     7.62s         Checking existence of `"quickCaptureTextField" TextField`
    t =     7.65s         Capturing element debug description
    t =     8.57s     Checking `Expect predicate `existsNoRetry == 1` for object "quickCaptureTextField" TextField`
    t =     8.57s         Checking existence of `"quickCaptureTextField" TextField`
    t =     8.60s         Capturing element debug description
    t =     8.60s     Checking existence of `"quickCaptureTextField" TextField`
    t =     8.63s Collecting debug information to assist test failure triage
    t =     8.63s     Requesting snapshot of accessibility hierarchy for app with pid 56075
/Users/hem/Documents/opt/my-daily-sprints/TimeBox/TimeBoxUITests/QuickCaptureUITests.swift:113: error: -[TimeBoxUITests.QuickCaptureUITests testCancelDismissesWithoutSaving] : XCTAssertTrue failed - Quick capture text field should exist
    t =     9.01s Tear Down
Test Case '-[TimeBoxUITests.QuickCaptureUITests testCancelDismissesWithoutSaving]' failed (9.248 seconds).
Test Case '-[TimeBoxUITests.QuickCaptureUITests testDeepLinkOpensQuickCaptureView]' started.
    t =     0.00s Start Test at 2026-01-22 14:31:25.772
    t =     0.02s Set Up
    t =     0.02s     Open com.henning.timebox
    t =     0.02s         Launch com.henning.timebox
    t =     0.02s             Terminate com.henning.timebox:56075
    t =     1.31s             Setting up automation session
    t =     2.07s             Wait for com.henning.timebox to idle
    t =     3.54s Waiting 3.0s for "Quick Capture" NavigationBar to exist
    t =     4.56s     Checking `Expect predicate `existsNoRetry == 1` for object "Quick Capture" NavigationBar`
    t =     4.56s         Checking existence of `"Quick Capture" NavigationBar`
    t =     4.66s         Capturing element debug description
    t =     5.58s     Checking `Expect predicate `existsNoRetry == 1` for object "Quick Capture" NavigationBar`
    t =     5.58s         Checking existence of `"Quick Capture" NavigationBar`
    t =     5.62s         Capturing element debug description
    t =     6.54s     Checking `Expect predicate `existsNoRetry == 1` for object "Quick Capture" NavigationBar`
    t =     6.54s         Checking existence of `"Quick Capture" NavigationBar`
    t =     6.58s         Capturing element debug description
    t =     6.58s     Checking existence of `"Quick Capture" NavigationBar`
    t =     6.61s Collecting debug information to assist test failure triage
    t =     6.61s     Requesting snapshot of accessibility hierarchy for app with pid 56090
/Users/hem/Documents/opt/my-daily-sprints/TimeBox/TimeBoxUITests/QuickCaptureUITests.swift:34: error: -[TimeBoxUITests.QuickCaptureUITests testDeepLinkOpensQuickCaptureView] : XCTAssertTrue failed - QuickCaptureView should appear when deep link is triggered
    t =     6.66s Tear Down
Test Case '-[TimeBoxUITests.QuickCaptureUITests testDeepLinkOpensQuickCaptureView]' failed (6.894 seconds).
Test Case '-[TimeBoxUITests.QuickCaptureUITests testQuickCaptureHasKeyboardFocus]' started.
    t =     0.00s Start Test at 2026-01-22 14:31:32.667
    t =     0.02s Set Up
    t =     0.02s     Open com.henning.timebox
    t =     0.02s         Launch com.henning.timebox
    t =     0.02s             Terminate com.henning.timebox:56090
    t =     1.28s             Setting up automation session
    t =     2.03s             Wait for com.henning.timebox to idle
    t =     3.52s Waiting 3.0s for "quickCaptureTextField" TextField to exist
    t =     4.55s     Checking `Expect predicate `existsNoRetry == 1` for object "quickCaptureTextField" TextField`
    t =     4.55s         Checking existence of `"quickCaptureTextField" TextField`
    t =     4.64s         Capturing element debug description
    t =     5.57s     Checking `Expect predicate `existsNoRetry == 1` for object "quickCaptureTextField" TextField`
    t =     5.57s         Checking existence of `"quickCaptureTextField" TextField`
    t =     5.61s         Capturing element debug description
    t =     6.52s     Checking `Expect predicate `existsNoRetry == 1` for object "quickCaptureTextField" TextField`
    t =     6.52s         Checking existence of `"quickCaptureTextField" TextField`
    t =     6.56s         Capturing element debug description
    t =     6.56s     Checking existence of `"quickCaptureTextField" TextField`
    t =     6.58s Collecting debug information to assist test failure triage
    t =     6.59s     Requesting snapshot of accessibility hierarchy for app with pid 56104
/Users/hem/Documents/opt/my-daily-sprints/TimeBox/TimeBoxUITests/QuickCaptureUITests.swift:47: error: -[TimeBoxUITests.QuickCaptureUITests testQuickCaptureHasKeyboardFocus] : XCTAssertTrue failed - Quick capture text field should exist
    t =     6.64s Tear Down
Test Case '-[TimeBoxUITests.QuickCaptureUITests testQuickCaptureHasKeyboardFocus]' failed (6.848 seconds).
Test Case '-[TimeBoxUITests.QuickCaptureUITests testQuickCaptureMinimalistUI]' started.
    t =     0.00s Start Test at 2026-01-22 14:31:39.515
    t =     0.03s Set Up
    t =     0.03s     Open com.henning.timebox
    t =     0.03s         Launch com.henning.timebox
    t =     0.03s             Terminate com.henning.timebox:56104
    t =     1.29s             Setting up automation session
    t =     2.03s             Wait for com.henning.timebox to idle
    t =     3.49s Waiting 3.0s for "quickCaptureTextField" TextField to exist
    t =     4.53s     Checking `Expect predicate `existsNoRetry == 1` for object "quickCaptureTextField" TextField`
    t =     4.53s         Checking existence of `"quickCaptureTextField" TextField`
    t =     4.62s         Capturing element debug description
    t =     5.54s     Checking `Expect predicate `existsNoRetry == 1` for object "quickCaptureTextField" TextField`
    t =     5.54s         Checking existence of `"quickCaptureTextField" TextField`
    t =     5.58s         Capturing element debug description
    t =     6.50s     Checking `Expect predicate `existsNoRetry == 1` for object "quickCaptureTextField" TextField`
    t =     6.50s         Checking existence of `"quickCaptureTextField" TextField`
    t =     6.54s         Capturing element debug description
    t =     6.54s     Checking existence of `"quickCaptureTextField" TextField`
    t =     6.56s Collecting debug information to assist test failure triage
    t =     6.56s     Requesting snapshot of accessibility hierarchy for app with pid 56114
/Users/hem/Documents/opt/my-daily-sprints/TimeBox/TimeBoxUITests/QuickCaptureUITests.swift:150: error: -[TimeBoxUITests.QuickCaptureUITests testQuickCaptureMinimalistUI] : XCTAssertTrue failed - Quick capture text field should exist
    t =     6.61s Tear Down
Test Case '-[TimeBoxUITests.QuickCaptureUITests testQuickCaptureMinimalistUI]' failed (6.840 seconds).
Test Case '-[TimeBoxUITests.QuickCaptureUITests testSaveCreatesTaskAndDismisses]' started.
    t =     0.00s Start Test at 2026-01-22 14:31:46.356
    t =     0.02s Set Up
    t =     0.02s     Open com.henning.timebox
    t =     0.02s         Launch com.henning.timebox
    t =     0.02s             Terminate com.henning.timebox:56114
    t =     1.27s             Setting up automation session
    t =     2.00s             Wait for com.henning.timebox to idle
    t =     3.46s Waiting 3.0s for "quickCaptureTextField" TextField to exist
    t =     4.48s     Checking `Expect predicate `existsNoRetry == 1` for object "quickCaptureTextField" TextField`
    t =     4.48s         Checking existence of `"quickCaptureTextField" TextField`
    t =     4.57s         Capturing element debug description
    t =     5.50s     Checking `Expect predicate `existsNoRetry == 1` for object "quickCaptureTextField" TextField`
    t =     5.50s         Checking existence of `"quickCaptureTextField" TextField`
    t =     5.54s         Capturing element debug description
    t =     6.46s     Checking `Expect predicate `existsNoRetry == 1` for object "quickCaptureTextField" TextField`
    t =     6.46s         Checking existence of `"quickCaptureTextField" TextField`
    t =     6.50s         Capturing element debug description
    t =     6.50s     Checking existence of `"quickCaptureTextField" TextField`
    t =     6.53s Collecting debug information to assist test failure triage
    t =     6.53s     Requesting snapshot of accessibility hierarchy for app with pid 56127
/Users/hem/Documents/opt/my-daily-sprints/TimeBox/TimeBoxUITests/QuickCaptureUITests.swift:78: error: -[TimeBoxUITests.QuickCaptureUITests testSaveCreatesTaskAndDismisses] : XCTAssertTrue failed - Quick capture text field should exist
    t =     6.58s Tear Down
Test Case '-[TimeBoxUITests.QuickCaptureUITests testSaveCreatesTaskAndDismisses]' failed (6.798 seconds).
Test Case '-[TimeBoxUITests.QuickCaptureUITests testSaveDisabledWhenEmpty]' started.
    t =     0.00s Start Test at 2026-01-22 14:31:53.154
    t =     0.02s Set Up
    t =     0.02s     Open com.henning.timebox
    t =     0.03s         Launch com.henning.timebox
    t =     0.03s             Terminate com.henning.timebox:56127
    t =     1.29s             Setting up automation session
    t =     1.97s             Wait for com.henning.timebox to idle
    t =     3.45s Waiting 3.0s for "quickCaptureSaveButton" Button to exist
    t =     4.48s     Checking `Expect predicate `existsNoRetry == 1` for object "quickCaptureSaveButton" Button`
    t =     4.48s         Checking existence of `"quickCaptureSaveButton" Button`
    t =     4.57s         Capturing element debug description
    t =     5.49s     Checking `Expect predicate `existsNoRetry == 1` for object "quickCaptureSaveButton" Button`
    t =     5.49s         Checking existence of `"quickCaptureSaveButton" Button`
    t =     5.53s         Capturing element debug description
    t =     6.45s     Checking `Expect predicate `existsNoRetry == 1` for object "quickCaptureSaveButton" Button`
    t =     6.45s         Checking existence of `"quickCaptureSaveButton" Button`
    t =     6.49s         Capturing element debug description
    t =     6.49s     Checking existence of `"quickCaptureSaveButton" Button`
    t =     6.52s Collecting debug information to assist test failure triage
    t =     6.52s     Requesting snapshot of accessibility hierarchy for app with pid 56145
/Users/hem/Documents/opt/my-daily-sprints/TimeBox/TimeBoxUITests/QuickCaptureUITests.swift:64: error: -[TimeBoxUITests.QuickCaptureUITests testSaveDisabledWhenEmpty] : XCTAssertTrue failed - Save button should exist
    t =     6.57s Tear Down
Test Case '-[TimeBoxUITests.QuickCaptureUITests testSaveDisabledWhenEmpty]' failed (6.788 seconds).
Test Suite 'QuickCaptureUITests' failed at 2026-01-22 14:31:59.942.
	 Executed 6 tests, with 6 failures (0 unexpected) in 43.416 (43.420) seconds
Test Suite 'TimeBoxUITests.xctest' failed at 2026-01-22 14:31:59.943.
	 Executed 6 tests, with 6 failures (0 unexpected) in 43.416 (43.421) seconds
Test Suite 'Selected tests' failed at 2026-01-22 14:31:59.944.
	 Executed 6 tests, with 6 failures (0 unexpected) in 43.416 (43.425) seconds
2026-01-22 14:32:17.402 xcodebuild[55994:27676392] [MT] IDETestOperationsObserverDebug: 65.274 elapsed -- Testing started completed.
2026-01-22 14:32:17.402 xcodebuild[55994:27676392] [MT] IDETestOperationsObserverDebug: 0.000 sec, +0.000 sec -- start
2026-01-22 14:32:17.402 xcodebuild[55994:27676392] [MT] IDETestOperationsObserverDebug: 65.274 sec, +65.274 sec -- end

Test session results, code coverage, and logs:
	/Users/hem/Library/Developer/Xcode/DerivedData/TimeBox-bsjmcdsflgpdivgxidgxnaahhzjo/Logs/Test/Test-TimeBox-2026.01.22_14-31-08-+0100.xcresult

** TEST FAILED **

Testing started
