TDD RED Output - CloudKit Sync Monitor
Date: 2026-02-14 15:45

BUILD FAILED

Errors:
- CloudKitSyncMonitorTests.swift:11:23: error: cannot find 'CloudKitSyncMonitor' in scope
- CloudKitSyncMonitorTests.swift:13:45: error: type 'Equatable' has no member 'notStarted'
- CloudKitSyncMonitorTests.swift:14:46: error: type 'Equatable' has no member 'notStarted'
- CloudKitSyncMonitorTests.swift:15:46: error: type 'Equatable' has no member 'notStarted'
- CloudKitSyncMonitorTests.swift:25:23: error: cannot find 'CloudKitSyncMonitor' in scope
- CloudKitSyncMonitorTests.swift:28:38: error: cannot infer contextual base in reference to member 'import'
- CloudKitSyncMonitorTests.swift:41:23: error: cannot find 'CloudKitSyncMonitor' in scope
- CloudKitSyncMonitorTests.swift:45:38: error: cannot infer contextual base in reference to member 'import'

Status: RED - CloudKitSyncMonitor class does not exist yet
