Command line invocation:
    /Applications/Xcode.app/Contents/Developer/usr/bin/xcodebuild test -project TimeBox.xcodeproj -scheme TimeBox -destination id=D9E26087-132A-44CB-9883-59073DD9CC54 "-only-testing:TimeBoxUITests/BacklogViewUITests/testViewModeSwitcherExists"

2026-01-18 09:04:49.853 xcodebuild[16311:21567714] [MT] IDERunDestination: Supported platforms for the buildables in the current scheme is empty.
ComputePackagePrebuildTargetDependencyGraph

Prepare packages

CreateBuildRequest

SendProjectDescription

CreateBuildOperation

ComputeTargetDependencyGraph
note: Building targets in dependency order
note: Target dependency graph (3 targets)
    Target 'TimeBoxUITests' in project 'TimeBox'
        ➜ Explicit dependency on target 'TimeBox' in project 'TimeBox'
    Target 'TimeBoxTests' in project 'TimeBox'
        ➜ Explicit dependency on target 'TimeBox' in project 'TimeBox'
    Target 'TimeBox' in project 'TimeBox' (no dependencies)

GatherProvisioningInputs

CreateBuildDescription

ExecuteExternalTool /Applications/Xcode.app/Contents/Developer/Toolchains/XcodeDefault.xctoolchain/usr/bin/clang -v -E -dM -isysroot /Applications/Xcode.app/Contents/Developer/Platforms/iPhoneSimulator.platform/Developer/SDKs/iPhoneSimulator26.2.sdk -x c -c /dev/null

ExecuteExternalTool /Applications/Xcode.app/Contents/Developer/Toolchains/XcodeDefault.xctoolchain/usr/bin/swiftc --version

ExecuteExternalTool /Applications/Xcode.app/Contents/Developer/Toolchains/XcodeDefault.xctoolchain/usr/bin/ld -version_details

Build description signature: 9fc83f885118c8a21dfe124d229d3a6d
Build description path: /Users/hem/Library/Developer/Xcode/DerivedData/TimeBox-bsjmcdsflgpdivgxidgxnaahhzjo/Build/Intermediates.noindex/XCBuildData/9fc83f885118c8a21dfe124d229d3a6d.xcbuilddata
ClangStatCache /Applications/Xcode.app/Contents/Developer/Toolchains/XcodeDefault.xctoolchain/usr/bin/clang-stat-cache /Applications/Xcode.app/Contents/Developer/Platforms/iPhoneSimulator.platform/Developer/SDKs/iPhoneSimulator26.2.sdk /Users/hem/Library/Developer/Xcode/DerivedData/SDKStatCaches.noindex/iphonesimulator26.2-23C53-7d00a8b37fbd7999ea79df8ebc024bf0.sdkstatcache
    cd /Users/hem/Documents/opt/my-daily-sprints/TimeBox/TimeBox.xcodeproj
    /Applications/Xcode.app/Contents/Developer/Toolchains/XcodeDefault.xctoolchain/usr/bin/clang-stat-cache /Applications/Xcode.app/Contents/Developer/Platforms/iPhoneSimulator.platform/Developer/SDKs/iPhoneSimulator26.2.sdk -o /Users/hem/Library/Developer/Xcode/DerivedData/SDKStatCaches.noindex/iphonesimulator26.2-23C53-7d00a8b37fbd7999ea79df8ebc024bf0.sdkstatcache

MkDir /Users/hem/Library/Developer/Xcode/DerivedData/TimeBox-bsjmcdsflgpdivgxidgxnaahhzjo/Build/Products/Debug-iphonesimulator/TimeBox.app/PlugIns/TimeBoxTests.xctest (in target 'TimeBoxTests' from project 'TimeBox')
    cd /Users/hem/Documents/opt/my-daily-sprints/TimeBox
    /bin/mkdir -p /Users/hem/Library/Developer/Xcode/DerivedData/TimeBox-bsjmcdsflgpdivgxidgxnaahhzjo/Build/Products/Debug-iphonesimulator/TimeBox.app/PlugIns/TimeBoxTests.xctest

MkDir /Users/hem/Library/Developer/Xcode/DerivedData/TimeBox-bsjmcdsflgpdivgxidgxnaahhzjo/Build/Products/Debug-iphonesimulator/TimeBox.app/PlugIns (in target 'TimeBox' from project 'TimeBox')
    cd /Users/hem/Documents/opt/my-daily-sprints/TimeBox
    /bin/mkdir -p /Users/hem/Library/Developer/Xcode/DerivedData/TimeBox-bsjmcdsflgpdivgxidgxnaahhzjo/Build/Products/Debug-iphonesimulator/TimeBox.app/PlugIns

MkDir /Users/hem/Library/Developer/Xcode/DerivedData/TimeBox-bsjmcdsflgpdivgxidgxnaahhzjo/Build/Products/Debug-iphonesimulator/TimeBox.app/Frameworks (in target 'TimeBox' from project 'TimeBox')
    cd /Users/hem/Documents/opt/my-daily-sprints/TimeBox
    /bin/mkdir -p /Users/hem/Library/Developer/Xcode/DerivedData/TimeBox-bsjmcdsflgpdivgxidgxnaahhzjo/Build/Products/Debug-iphonesimulator/TimeBox.app/Frameworks

ProcessProductPackaging /Users/hem/Documents/opt/my-daily-sprints/TimeBox/Resources/TimeBox.entitlements /Users/hem/Library/Developer/Xcode/DerivedData/TimeBox-bsjmcdsflgpdivgxidgxnaahhzjo/Build/Intermediates.noindex/TimeBox.build/Debug-iphonesimulator/TimeBox.build/TimeBox.app-Simulated.xcent (in target 'TimeBox' from project 'TimeBox')
    cd /Users/hem/Documents/opt/my-daily-sprints/TimeBox
    
    Entitlements:
    
    {
    "application-identifier" = "XK87E2B3VR.com.henning.timebox";
}
    
    builtin-productPackagingUtility /Users/hem/Documents/opt/my-daily-sprints/TimeBox/Resources/TimeBox.entitlements -entitlements -format xml -o /Users/hem/Library/Developer/Xcode/DerivedData/TimeBox-bsjmcdsflgpdivgxidgxnaahhzjo/Build/Intermediates.noindex/TimeBox.build/Debug-iphonesimulator/TimeBox.build/TimeBox.app-Simulated.xcent

ProcessProductPackaging /Users/hem/Documents/opt/my-daily-sprints/TimeBox/Resources/TimeBox.entitlements /Users/hem/Library/Developer/Xcode/DerivedData/TimeBox-bsjmcdsflgpdivgxidgxnaahhzjo/Build/Intermediates.noindex/TimeBox.build/Debug-iphonesimulator/TimeBox.build/TimeBox.app.xcent (in target 'TimeBox' from project 'TimeBox')
    cd /Users/hem/Documents/opt/my-daily-sprints/TimeBox
    
    Entitlements:
    
    {
}
    
    builtin-productPackagingUtility /Users/hem/Documents/opt/my-daily-sprints/TimeBox/Resources/TimeBox.entitlements -entitlements -format xml -o /Users/hem/Library/Developer/Xcode/DerivedData/TimeBox-bsjmcdsflgpdivgxidgxnaahhzjo/Build/Intermediates.noindex/TimeBox.build/Debug-iphonesimulator/TimeBox.build/TimeBox.app.xcent

ProcessProductPackagingDER /Users/hem/Library/Developer/Xcode/DerivedData/TimeBox-bsjmcdsflgpdivgxidgxnaahhzjo/Build/Intermediates.noindex/TimeBox.build/Debug-iphonesimulator/TimeBox.build/TimeBox.app-Simulated.xcent /Users/hem/Library/Developer/Xcode/DerivedData/TimeBox-bsjmcdsflgpdivgxidgxnaahhzjo/Build/Intermediates.noindex/TimeBox.build/Debug-iphonesimulator/TimeBox.build/TimeBox.app-Simulated.xcent.der (in target 'TimeBox' from project 'TimeBox')
    cd /Users/hem/Documents/opt/my-daily-sprints/TimeBox
    /usr/bin/derq query -f xml -i /Users/hem/Library/Developer/Xcode/DerivedData/TimeBox-bsjmcdsflgpdivgxidgxnaahhzjo/Build/Intermediates.noindex/TimeBox.build/Debug-iphonesimulator/TimeBox.build/TimeBox.app-Simulated.xcent -o /Users/hem/Library/Developer/Xcode/DerivedData/TimeBox-bsjmcdsflgpdivgxidgxnaahhzjo/Build/Intermediates.noindex/TimeBox.build/Debug-iphonesimulator/TimeBox.build/TimeBox.app-Simulated.xcent.der --raw

ProcessProductPackagingDER /Users/hem/Library/Developer/Xcode/DerivedData/TimeBox-bsjmcdsflgpdivgxidgxnaahhzjo/Build/Intermediates.noindex/TimeBox.build/Debug-iphonesimulator/TimeBox.build/TimeBox.app.xcent /Users/hem/Library/Developer/Xcode/DerivedData/TimeBox-bsjmcdsflgpdivgxidgxnaahhzjo/Build/Intermediates.noindex/TimeBox.build/Debug-iphonesimulator/TimeBox.build/TimeBox.app.xcent.der (in target 'TimeBox' from project 'TimeBox')
    cd /Users/hem/Documents/opt/my-daily-sprints/TimeBox
    /usr/bin/derq query -f xml -i /Users/hem/Library/Developer/Xcode/DerivedData/TimeBox-bsjmcdsflgpdivgxidgxnaahhzjo/Build/Intermediates.noindex/TimeBox.build/Debug-iphonesimulator/TimeBox.build/TimeBox.app.xcent -o /Users/hem/Library/Developer/Xcode/DerivedData/TimeBox-bsjmcdsflgpdivgxidgxnaahhzjo/Build/Intermediates.noindex/TimeBox.build/Debug-iphonesimulator/TimeBox.build/TimeBox.app.xcent.der --raw

ProcessInfoPlistFile /Users/hem/Library/Developer/Xcode/DerivedData/TimeBox-bsjmcdsflgpdivgxidgxnaahhzjo/Build/Products/Debug-iphonesimulator/TimeBox.app/Info.plist /Users/hem/Documents/opt/my-daily-sprints/TimeBox/Resources/Info.plist (in target 'TimeBox' from project 'TimeBox')
    cd /Users/hem/Documents/opt/my-daily-sprints/TimeBox
    builtin-infoPlistUtility /Users/hem/Documents/opt/my-daily-sprints/TimeBox/Resources/Info.plist -producttype com.apple.product-type.application -genpkginfo /Users/hem/Library/Developer/Xcode/DerivedData/TimeBox-bsjmcdsflgpdivgxidgxnaahhzjo/Build/Products/Debug-iphonesimulator/TimeBox.app/PkgInfo -expandbuildsettings -format binary -platform iphonesimulator -o /Users/hem/Library/Developer/Xcode/DerivedData/TimeBox-bsjmcdsflgpdivgxidgxnaahhzjo/Build/Products/Debug-iphonesimulator/TimeBox.app/Info.plist

Ld /Users/hem/Library/Developer/Xcode/DerivedData/TimeBox-bsjmcdsflgpdivgxidgxnaahhzjo/Build/Products/Debug-iphonesimulator/TimeBox.app/__preview.dylib normal (in target 'TimeBox' from project 'TimeBox')
    cd /Users/hem/Documents/opt/my-daily-sprints/TimeBox
    /Applications/Xcode.app/Contents/Developer/Toolchains/XcodeDefault.xctoolchain/usr/bin/clang -Xlinker -reproducible -target arm64-apple-ios17.0-simulator -dynamiclib -isysroot /Applications/Xcode.app/Contents/Developer/Platforms/iPhoneSimulator.platform/Developer/SDKs/iPhoneSimulator26.2.sdk -O0 -L/Users/hem/Library/Developer/Xcode/DerivedData/TimeBox-bsjmcdsflgpdivgxidgxnaahhzjo/Build/Products/Debug-iphonesimulator -F/Users/hem/Library/Developer/Xcode/DerivedData/TimeBox-bsjmcdsflgpdivgxidgxnaahhzjo/Build/Products/Debug-iphonesimulator -install_name @rpath/TimeBox.debug.dylib -dead_strip -rdynamic -Xlinker -no_deduplicate -Xlinker -objc_abi_version -Xlinker 2 -Xlinker -debug_variant -Xlinker -dependency_info -Xlinker /Users/hem/Library/Developer/Xcode/DerivedData/TimeBox-bsjmcdsflgpdivgxidgxnaahhzjo/Build/Intermediates.noindex/TimeBox.build/Debug-iphonesimulator/TimeBox.build/Objects-normal/arm64/TimeBox_dependency_info.dat -Xlinker -sectcreate -Xlinker __TEXT -Xlinker __entitlements -Xlinker /Users/hem/Library/Developer/Xcode/DerivedData/TimeBox-bsjmcdsflgpdivgxidgxnaahhzjo/Build/Intermediates.noindex/TimeBox.build/Debug-iphonesimulator/TimeBox.build/TimeBox.app-Simulated.xcent -Xlinker -sectcreate -Xlinker __TEXT -Xlinker __ents_der -Xlinker /Users/hem/Library/Developer/Xcode/DerivedData/TimeBox-bsjmcdsflgpdivgxidgxnaahhzjo/Build/Intermediates.noindex/TimeBox.build/Debug-iphonesimulator/TimeBox.build/TimeBox.app-Simulated.xcent.der -Xlinker -no_adhoc_codesign -o /Users/hem/Library/Developer/Xcode/DerivedData/TimeBox-bsjmcdsflgpdivgxidgxnaahhzjo/Build/Products/Debug-iphonesimulator/TimeBox.app/__preview.dylib

Copy /Users/hem/Library/Developer/Xcode/DerivedData/TimeBox-bsjmcdsflgpdivgxidgxnaahhzjo/Build/Products/Debug-iphonesimulator/TimeBox.app/Frameworks/libXCTestSwiftSupport.dylib /Applications/Xcode.app/Contents/Developer/Platforms/iPhoneSimulator.platform/Developer/usr/lib/libXCTestSwiftSupport.dylib (in target 'TimeBox' from project 'TimeBox')
    cd /Users/hem/Documents/opt/my-daily-sprints/TimeBox
    builtin-copy -exclude .DS_Store -exclude CVS -exclude .svn -exclude .git -exclude .hg -exclude Headers -exclude PrivateHeaders -exclude Modules -exclude \*.tbd -resolve-src-symlinks /Applications/Xcode.app/Contents/Developer/Platforms/iPhoneSimulator.platform/Developer/usr/lib/libXCTestSwiftSupport.dylib /Users/hem/Library/Developer/Xcode/DerivedData/TimeBox-bsjmcdsflgpdivgxidgxnaahhzjo/Build/Products/Debug-iphonesimulator/TimeBox.app/Frameworks

Copy /Users/hem/Library/Developer/Xcode/DerivedData/TimeBox-bsjmcdsflgpdivgxidgxnaahhzjo/Build/Products/Debug-iphonesimulator/TimeBox.app/Frameworks/libXCTestBundleInject.dylib /Applications/Xcode.app/Contents/Developer/Platforms/iPhoneSimulator.platform/Developer/usr/lib/libXCTestBundleInject.dylib (in target 'TimeBox' from project 'TimeBox')
    cd /Users/hem/Documents/opt/my-daily-sprints/TimeBox
    builtin-copy -exclude .DS_Store -exclude CVS -exclude .svn -exclude .git -exclude .hg -exclude Headers -exclude PrivateHeaders -exclude Modules -exclude \*.tbd -resolve-src-symlinks /Applications/Xcode.app/Contents/Developer/Platforms/iPhoneSimulator.platform/Developer/usr/lib/libXCTestBundleInject.dylib /Users/hem/Library/Developer/Xcode/DerivedData/TimeBox-bsjmcdsflgpdivgxidgxnaahhzjo/Build/Products/Debug-iphonesimulator/TimeBox.app/Frameworks

Copy /Users/hem/Library/Developer/Xcode/DerivedData/TimeBox-bsjmcdsflgpdivgxidgxnaahhzjo/Build/Products/Debug-iphonesimulator/TimeBox.app/Frameworks/XCUnit.framework /Applications/Xcode.app/Contents/Developer/Platforms/iPhoneSimulator.platform/Developer/Library/PrivateFrameworks/XCUnit.framework (in target 'TimeBox' from project 'TimeBox')
    cd /Users/hem/Documents/opt/my-daily-sprints/TimeBox
    builtin-copy -exclude .DS_Store -exclude CVS -exclude .svn -exclude .git -exclude .hg -exclude Headers -exclude PrivateHeaders -exclude Modules -exclude \*.tbd -resolve-src-symlinks /Applications/Xcode.app/Contents/Developer/Platforms/iPhoneSimulator.platform/Developer/Library/PrivateFrameworks/XCUnit.framework /Users/hem/Library/Developer/Xcode/DerivedData/TimeBox-bsjmcdsflgpdivgxidgxnaahhzjo/Build/Products/Debug-iphonesimulator/TimeBox.app/Frameworks

Copy /Users/hem/Library/Developer/Xcode/DerivedData/TimeBox-bsjmcdsflgpdivgxidgxnaahhzjo/Build/Products/Debug-iphonesimulator/TimeBox.app/Frameworks/XCTestSupport.framework /Applications/Xcode.app/Contents/Developer/Platforms/iPhoneSimulator.platform/Developer/Library/PrivateFrameworks/XCTestSupport.framework (in target 'TimeBox' from project 'TimeBox')
    cd /Users/hem/Documents/opt/my-daily-sprints/TimeBox
    builtin-copy -exclude .DS_Store -exclude CVS -exclude .svn -exclude .git -exclude .hg -exclude Headers -exclude PrivateHeaders -exclude Modules -exclude \*.tbd -resolve-src-symlinks /Applications/Xcode.app/Contents/Developer/Platforms/iPhoneSimulator.platform/Developer/Library/PrivateFrameworks/XCTestSupport.framework /Users/hem/Library/Developer/Xcode/DerivedData/TimeBox-bsjmcdsflgpdivgxidgxnaahhzjo/Build/Products/Debug-iphonesimulator/TimeBox.app/Frameworks

Copy /Users/hem/Library/Developer/Xcode/DerivedData/TimeBox-bsjmcdsflgpdivgxidgxnaahhzjo/Build/Products/Debug-iphonesimulator/TimeBox.app/Frameworks/XCUIAutomation.framework /Applications/Xcode.app/Contents/Developer/Platforms/iPhoneSimulator.platform/Developer/Library/Frameworks/XCUIAutomation.framework (in target 'TimeBox' from project 'TimeBox')
    cd /Users/hem/Documents/opt/my-daily-sprints/TimeBox
    builtin-copy -exclude .DS_Store -exclude CVS -exclude .svn -exclude .git -exclude .hg -exclude Headers -exclude PrivateHeaders -exclude Modules -exclude \*.tbd -resolve-src-symlinks /Applications/Xcode.app/Contents/Developer/Platforms/iPhoneSimulator.platform/Developer/Library/Frameworks/XCUIAutomation.framework /Users/hem/Library/Developer/Xcode/DerivedData/TimeBox-bsjmcdsflgpdivgxidgxnaahhzjo/Build/Products/Debug-iphonesimulator/TimeBox.app/Frameworks

Copy /Users/hem/Library/Developer/Xcode/DerivedData/TimeBox-bsjmcdsflgpdivgxidgxnaahhzjo/Build/Products/Debug-iphonesimulator/TimeBox.app/Frameworks/XCTestCore.framework /Applications/Xcode.app/Contents/Developer/Platforms/iPhoneSimulator.platform/Developer/Library/PrivateFrameworks/XCTestCore.framework (in target 'TimeBox' from project 'TimeBox')
    cd /Users/hem/Documents/opt/my-daily-sprints/TimeBox
    builtin-copy -exclude .DS_Store -exclude CVS -exclude .svn -exclude .git -exclude .hg -exclude Headers -exclude PrivateHeaders -exclude Modules -exclude \*.tbd -resolve-src-symlinks /Applications/Xcode.app/Contents/Developer/Platforms/iPhoneSimulator.platform/Developer/Library/PrivateFrameworks/XCTestCore.framework /Users/hem/Library/Developer/Xcode/DerivedData/TimeBox-bsjmcdsflgpdivgxidgxnaahhzjo/Build/Products/Debug-iphonesimulator/TimeBox.app/Frameworks

Copy /Users/hem/Library/Developer/Xcode/DerivedData/TimeBox-bsjmcdsflgpdivgxidgxnaahhzjo/Build/Products/Debug-iphonesimulator/TimeBox.app/Frameworks/XCTest.framework /Applications/Xcode.app/Contents/Developer/Platforms/iPhoneSimulator.platform/Developer/Library/Frameworks/XCTest.framework (in target 'TimeBox' from project 'TimeBox')
    cd /Users/hem/Documents/opt/my-daily-sprints/TimeBox
    builtin-copy -exclude .DS_Store -exclude CVS -exclude .svn -exclude .git -exclude .hg -exclude Headers -exclude PrivateHeaders -exclude Modules -exclude \*.tbd -resolve-src-symlinks /Applications/Xcode.app/Contents/Developer/Platforms/iPhoneSimulator.platform/Developer/Library/Frameworks/XCTest.framework /Users/hem/Library/Developer/Xcode/DerivedData/TimeBox-bsjmcdsflgpdivgxidgxnaahhzjo/Build/Products/Debug-iphonesimulator/TimeBox.app/Frameworks

Copy /Users/hem/Library/Developer/Xcode/DerivedData/TimeBox-bsjmcdsflgpdivgxidgxnaahhzjo/Build/Products/Debug-iphonesimulator/TimeBox.app/Frameworks/XCTAutomationSupport.framework /Applications/Xcode.app/Contents/Developer/Platforms/iPhoneSimulator.platform/Developer/Library/PrivateFrameworks/XCTAutomationSupport.framework (in target 'TimeBox' from project 'TimeBox')
    cd /Users/hem/Documents/opt/my-daily-sprints/TimeBox
    builtin-copy -exclude .DS_Store -exclude CVS -exclude .svn -exclude .git -exclude .hg -exclude Headers -exclude PrivateHeaders -exclude Modules -exclude \*.tbd -resolve-src-symlinks /Applications/Xcode.app/Contents/Developer/Platforms/iPhoneSimulator.platform/Developer/Library/PrivateFrameworks/XCTAutomationSupport.framework /Users/hem/Library/Developer/Xcode/DerivedData/TimeBox-bsjmcdsflgpdivgxidgxnaahhzjo/Build/Products/Debug-iphonesimulator/TimeBox.app/Frameworks

Copy /Users/hem/Library/Developer/Xcode/DerivedData/TimeBox-bsjmcdsflgpdivgxidgxnaahhzjo/Build/Products/Debug-iphonesimulator/TimeBox.app/Frameworks/Testing.framework /Applications/Xcode.app/Contents/Developer/Platforms/iPhoneSimulator.platform/Developer/Library/Frameworks/Testing.framework (in target 'TimeBox' from project 'TimeBox')
    cd /Users/hem/Documents/opt/my-daily-sprints/TimeBox
    builtin-copy -exclude .DS_Store -exclude CVS -exclude .svn -exclude .git -exclude .hg -exclude Headers -exclude PrivateHeaders -exclude Modules -exclude \*.tbd -resolve-src-symlinks /Applications/Xcode.app/Contents/Developer/Platforms/iPhoneSimulator.platform/Developer/Library/Frameworks/Testing.framework /Users/hem/Library/Developer/Xcode/DerivedData/TimeBox-bsjmcdsflgpdivgxidgxnaahhzjo/Build/Products/Debug-iphonesimulator/TimeBox.app/Frameworks

ProcessProductPackaging "" /Users/hem/Library/Developer/Xcode/DerivedData/TimeBox-bsjmcdsflgpdivgxidgxnaahhzjo/Build/Intermediates.noindex/TimeBox.build/Debug-iphonesimulator/TimeBoxUITests.build/TimeBoxUITests.xctest-Simulated.xcent (in target 'TimeBoxUITests' from project 'TimeBox')
    cd /Users/hem/Documents/opt/my-daily-sprints/TimeBox
    
    Entitlements:
    
    {
    "application-identifier" = "XK87E2B3VR.com.henning.timebox.uitests.xctrunner";
    "keychain-access-groups" =     (
        "XK87E2B3VR.com.henning.timebox.uitests.xctrunner"
    );
}
    
    builtin-productPackagingUtility -entitlements -format xml -o /Users/hem/Library/Developer/Xcode/DerivedData/TimeBox-bsjmcdsflgpdivgxidgxnaahhzjo/Build/Intermediates.noindex/TimeBox.build/Debug-iphonesimulator/TimeBoxUITests.build/TimeBoxUITests.xctest-Simulated.xcent

Ld /Users/hem/Library/Developer/Xcode/DerivedData/TimeBox-bsjmcdsflgpdivgxidgxnaahhzjo/Build/Products/Debug-iphonesimulator/TimeBox.app/TimeBox.debug.dylib normal (in target 'TimeBox' from project 'TimeBox')
    cd /Users/hem/Documents/opt/my-daily-sprints/TimeBox
    /Applications/Xcode.app/Contents/Developer/Toolchains/XcodeDefault.xctoolchain/usr/bin/clang -Xlinker -reproducible -target arm64-apple-ios17.0-simulator -dynamiclib -isysroot /Applications/Xcode.app/Contents/Developer/Platforms/iPhoneSimulator.platform/Developer/SDKs/iPhoneSimulator26.2.sdk -O0 -L/Users/hem/Library/Developer/Xcode/DerivedData/TimeBox-bsjmcdsflgpdivgxidgxnaahhzjo/Build/Intermediates.noindex/EagerLinkingTBDs/Debug-iphonesimulator -L/Users/hem/Library/Developer/Xcode/DerivedData/TimeBox-bsjmcdsflgpdivgxidgxnaahhzjo/Build/Products/Debug-iphonesimulator -F/Users/hem/Library/Developer/Xcode/DerivedData/TimeBox-bsjmcdsflgpdivgxidgxnaahhzjo/Build/Intermediates.noindex/EagerLinkingTBDs/Debug-iphonesimulator -F/Users/hem/Library/Developer/Xcode/DerivedData/TimeBox-bsjmcdsflgpdivgxidgxnaahhzjo/Build/Products/Debug-iphonesimulator -filelist /Users/hem/Library/Developer/Xcode/DerivedData/TimeBox-bsjmcdsflgpdivgxidgxnaahhzjo/Build/Intermediates.noindex/TimeBox.build/Debug-iphonesimulator/TimeBox.build/Objects-normal/arm64/TimeBox.LinkFileList -install_name @rpath/TimeBox.debug.dylib -Xlinker -rpath -Xlinker /usr/lib/swift -Xlinker -rpath -Xlinker @executable_path/Frameworks -dead_strip -Xlinker -object_path_lto -Xlinker /Users/hem/Library/Developer/Xcode/DerivedData/TimeBox-bsjmcdsflgpdivgxidgxnaahhzjo/Build/Intermediates.noindex/TimeBox.build/Debug-iphonesimulator/TimeBox.build/Objects-normal/arm64/TimeBox_lto.o -rdynamic -Xlinker -no_deduplicate -Xlinker -objc_abi_version -Xlinker 2 -Xlinker -debug_variant -Xlinker -dependency_info -Xlinker /Users/hem/Library/Developer/Xcode/DerivedData/TimeBox-bsjmcdsflgpdivgxidgxnaahhzjo/Build/Intermediates.noindex/TimeBox.build/Debug-iphonesimulator/TimeBox.build/Objects-normal/arm64/TimeBox_dependency_info.dat -fobjc-link-runtime -fprofile-instr-generate -L/Applications/Xcode.app/Contents/Developer/Toolchains/XcodeDefault.xctoolchain/usr/lib/swift/iphonesimulator -L/usr/lib/swift -Xlinker -add_ast_path -Xlinker /Users/hem/Library/Developer/Xcode/DerivedData/TimeBox-bsjmcdsflgpdivgxidgxnaahhzjo/Build/Intermediates.noindex/TimeBox.build/Debug-iphonesimulator/TimeBox.build/Objects-normal/arm64/TimeBox.swiftmodule @/Users/hem/Library/Developer/Xcode/DerivedData/TimeBox-bsjmcdsflgpdivgxidgxnaahhzjo/Build/Intermediates.noindex/TimeBox.build/Debug-iphonesimulator/TimeBox.build/Objects-normal/arm64/TimeBox-linker-args.resp -Xlinker -alias -Xlinker _main -Xlinker ___debug_main_executable_dylib_entry_point -Xlinker -no_adhoc_codesign -o /Users/hem/Library/Developer/Xcode/DerivedData/TimeBox-bsjmcdsflgpdivgxidgxnaahhzjo/Build/Products/Debug-iphonesimulator/TimeBox.app/TimeBox.debug.dylib

ProcessProductPackagingDER /Users/hem/Library/Developer/Xcode/DerivedData/TimeBox-bsjmcdsflgpdivgxidgxnaahhzjo/Build/Intermediates.noindex/TimeBox.build/Debug-iphonesimulator/TimeBoxUITests.build/TimeBoxUITests.xctest-Simulated.xcent /Users/hem/Library/Developer/Xcode/DerivedData/TimeBox-bsjmcdsflgpdivgxidgxnaahhzjo/Build/Intermediates.noindex/TimeBox.build/Debug-iphonesimulator/TimeBoxUITests.build/TimeBoxUITests.xctest-Simulated.xcent.der (in target 'TimeBoxUITests' from project 'TimeBox')
    cd /Users/hem/Documents/opt/my-daily-sprints/TimeBox
    /usr/bin/derq query -f xml -i /Users/hem/Library/Developer/Xcode/DerivedData/TimeBox-bsjmcdsflgpdivgxidgxnaahhzjo/Build/Intermediates.noindex/TimeBox.build/Debug-iphonesimulator/TimeBoxUITests.build/TimeBoxUITests.xctest-Simulated.xcent -o /Users/hem/Library/Developer/Xcode/DerivedData/TimeBox-bsjmcdsflgpdivgxidgxnaahhzjo/Build/Intermediates.noindex/TimeBox.build/Debug-iphonesimulator/TimeBoxUITests.build/TimeBoxUITests.xctest-Simulated.xcent.der --raw

SwiftDriver TimeBoxUITests normal arm64 com.apple.xcode.tools.swift.compiler (in target 'TimeBoxUITests' from project 'TimeBox')
    cd /Users/hem/Documents/opt/my-daily-sprints/TimeBox
    builtin-SwiftDriver -- /Applications/Xcode.app/Contents/Developer/Toolchains/XcodeDefault.xctoolchain/usr/bin/swiftc -module-name TimeBoxUITests -Onone -enforce-exclusivity\=checked @/Users/hem/Library/Developer/Xcode/DerivedData/TimeBox-bsjmcdsflgpdivgxidgxnaahhzjo/Build/Intermediates.noindex/TimeBox.build/Debug-iphonesimulator/TimeBoxUITests.build/Objects-normal/arm64/TimeBoxUITests.SwiftFileList -DDEBUG -module-alias Testing\=_Testing_Unavailable -plugin-path /Applications/Xcode.app/Contents/Developer/Toolchains/XcodeDefault.xctoolchain/usr/lib/swift/host/plugins/testing -enable-experimental-feature DebugDescriptionMacro -sdk /Applications/Xcode.app/Contents/Developer/Platforms/iPhoneSimulator.platform/Developer/SDKs/iPhoneSimulator26.2.sdk -target arm64-apple-ios17.0-simulator -g -module-cache-path /Users/hem/Library/Developer/Xcode/DerivedData/ModuleCache.noindex -Xfrontend -serialize-debugging-options -profile-coverage-mapping -profile-generate -enable-testing -index-store-path /Users/hem/Library/Developer/Xcode/DerivedData/TimeBox-bsjmcdsflgpdivgxidgxnaahhzjo/Index.noindex/DataStore -Xcc -D_LIBCPP_HARDENING_MODE\=_LIBCPP_HARDENING_MODE_DEBUG -swift-version 6 -I /Users/hem/Library/Developer/Xcode/DerivedData/TimeBox-bsjmcdsflgpdivgxidgxnaahhzjo/Build/Products/Debug-iphonesimulator -Isystem /Applications/Xcode.app/Contents/Developer/Platforms/iPhoneSimulator.platform/Developer/usr/lib -F /Users/hem/Library/Developer/Xcode/DerivedData/TimeBox-bsjmcdsflgpdivgxidgxnaahhzjo/Build/Products/Debug-iphonesimulator -F /Applications/Xcode.app/Contents/Developer/Platforms/iPhoneSimulator.platform/Developer/Library/Frameworks -F /Applications/Xcode.app/Contents/Developer/Platforms/iPhoneSimulator.platform/Developer/SDKs/iPhoneSimulator26.2.sdk/Developer/Library/Frameworks -c -j10 -enable-batch-mode -incremental -Xcc -ivfsstatcache -Xcc /Users/hem/Library/Developer/Xcode/DerivedData/SDKStatCaches.noindex/iphonesimulator26.2-23C53-7d00a8b37fbd7999ea79df8ebc024bf0.sdkstatcache -output-file-map /Users/hem/Library/Developer/Xcode/DerivedData/TimeBox-bsjmcdsflgpdivgxidgxnaahhzjo/Build/Intermediates.noindex/TimeBox.build/Debug-iphonesimulator/TimeBoxUITests.build/Objects-normal/arm64/TimeBoxUITests-OutputFileMap.json -use-frontend-parseable-output -save-temps -no-color-diagnostics -explicit-module-build -module-cache-path /Users/hem/Library/Developer/Xcode/DerivedData/TimeBox-bsjmcdsflgpdivgxidgxnaahhzjo/Build/Intermediates.noindex/SwiftExplicitPrecompiledModules -clang-scanner-module-cache-path /Users/hem/Library/Developer/Xcode/DerivedData/ModuleCache.noindex -sdk-module-cache-path /Users/hem/Library/Developer/Xcode/DerivedData/ModuleCache.noindex -serialize-diagnostics -emit-dependencies -emit-module -emit-module-path /Users/hem/Library/Developer/Xcode/DerivedData/TimeBox-bsjmcdsflgpdivgxidgxnaahhzjo/Build/Intermediates.noindex/TimeBox.build/Debug-iphonesimulator/TimeBoxUITests.build/Objects-normal/arm64/TimeBoxUITests.swiftmodule -validate-clang-modules-once -clang-build-session-file /Users/hem/Library/Developer/Xcode/DerivedData/ModuleCache.noindex/Session.modulevalidation -Xcc -I/Users/hem/Library/Developer/Xcode/DerivedData/TimeBox-bsjmcdsflgpdivgxidgxnaahhzjo/Build/Intermediates.noindex/TimeBox.build/Debug-iphonesimulator/TimeBoxUITests.build/swift-overrides.hmap -emit-const-values -Xfrontend -const-gather-protocols-file -Xfrontend /Users/hem/Library/Developer/Xcode/DerivedData/TimeBox-bsjmcdsflgpdivgxidgxnaahhzjo/Build/Intermediates.noindex/TimeBox.build/Debug-iphonesimulator/TimeBoxUITests.build/Objects-normal/arm64/TimeBoxUITests_const_extract_protocols.json -Xcc -iquote -Xcc /Users/hem/Library/Developer/Xcode/DerivedData/TimeBox-bsjmcdsflgpdivgxidgxnaahhzjo/Build/Intermediates.noindex/TimeBox.build/Debug-iphonesimulator/TimeBoxUITests.build/TimeBoxUITests-generated-files.hmap -Xcc -I/Users/hem/Library/Developer/Xcode/DerivedData/TimeBox-bsjmcdsflgpdivgxidgxnaahhzjo/Build/Intermediates.noindex/TimeBox.build/Debug-iphonesimulator/TimeBoxUITests.build/TimeBoxUITests-own-target-headers.hmap -Xcc -I/Users/hem/Library/Developer/Xcode/DerivedData/TimeBox-bsjmcdsflgpdivgxidgxnaahhzjo/Build/Intermediates.noindex/TimeBox.build/Debug-iphonesimulator/TimeBoxUITests.build/TimeBoxUITests-all-target-headers.hmap -Xcc -iquote -Xcc /Users/hem/Library/Developer/Xcode/DerivedData/TimeBox-bsjmcdsflgpdivgxidgxnaahhzjo/Build/Intermediates.noindex/TimeBox.build/Debug-iphonesimulator/TimeBoxUITests.build/TimeBoxUITests-project-headers.hmap -Xcc -I/Users/hem/Library/Developer/Xcode/DerivedData/TimeBox-bsjmcdsflgpdivgxidgxnaahhzjo/Build/Products/Debug-iphonesimulator/include -Xcc -I/Users/hem/Library/Developer/Xcode/DerivedData/TimeBox-bsjmcdsflgpdivgxidgxnaahhzjo/Build/Intermediates.noindex/TimeBox.build/Debug-iphonesimulator/TimeBoxUITests.build/DerivedSources-normal/arm64 -Xcc -I/Users/hem/Library/Developer/Xcode/DerivedData/TimeBox-bsjmcdsflgpdivgxidgxnaahhzjo/Build/Intermediates.noindex/TimeBox.build/Debug-iphonesimulator/TimeBoxUITests.build/DerivedSources/arm64 -Xcc -I/Users/hem/Library/Developer/Xcode/DerivedData/TimeBox-bsjmcdsflgpdivgxidgxnaahhzjo/Build/Intermediates.noindex/TimeBox.build/Debug-iphonesimulator/TimeBoxUITests.build/DerivedSources -Xcc -DDEBUG\=1 -emit-objc-header -emit-objc-header-path /Users/hem/Library/Developer/Xcode/DerivedData/TimeBox-bsjmcdsflgpdivgxidgxnaahhzjo/Build/Intermediates.noindex/TimeBox.build/Debug-iphonesimulator/TimeBoxUITests.build/Objects-normal/arm64/TimeBoxUITests-Swift.h -working-directory /Users/hem/Documents/opt/my-daily-sprints/TimeBox -experimental-emit-module-separately -disable-cmo

ConstructStubExecutorLinkFileList /Users/hem/Library/Developer/Xcode/DerivedData/TimeBox-bsjmcdsflgpdivgxidgxnaahhzjo/Build/Intermediates.noindex/TimeBox.build/Debug-iphonesimulator/TimeBox.build/TimeBox-ExecutorLinkFileList-normal-arm64.txt (in target 'TimeBox' from project 'TimeBox')
    cd /Users/hem/Documents/opt/my-daily-sprints/TimeBox
    construct-stub-executor-link-file-list /Users/hem/Library/Developer/Xcode/DerivedData/TimeBox-bsjmcdsflgpdivgxidgxnaahhzjo/Build/Products/Debug-iphonesimulator/TimeBox.app/TimeBox.debug.dylib /Applications/Xcode.app/Contents/Developer/Platforms/iPhoneSimulator.platform/Developer/usr/lib/libPreviewsJITStubExecutor_no_swift_entry_point.a /Applications/Xcode.app/Contents/Developer/Platforms/iPhoneSimulator.platform/Developer/usr/lib/libPreviewsJITStubExecutor.a --output /Users/hem/Library/Developer/Xcode/DerivedData/TimeBox-bsjmcdsflgpdivgxidgxnaahhzjo/Build/Intermediates.noindex/TimeBox.build/Debug-iphonesimulator/TimeBox.build/TimeBox-ExecutorLinkFileList-normal-arm64.txt
note: Using stub executor library with Swift entry point. (in target 'TimeBox' from project 'TimeBox')

Ld /Users/hem/Library/Developer/Xcode/DerivedData/TimeBox-bsjmcdsflgpdivgxidgxnaahhzjo/Build/Products/Debug-iphonesimulator/TimeBox.app/TimeBox normal (in target 'TimeBox' from project 'TimeBox')
    cd /Users/hem/Documents/opt/my-daily-sprints/TimeBox
    /Applications/Xcode.app/Contents/Developer/Toolchains/XcodeDefault.xctoolchain/usr/bin/clang -Xlinker -reproducible -target arm64-apple-ios17.0-simulator -isysroot /Applications/Xcode.app/Contents/Developer/Platforms/iPhoneSimulator.platform/Developer/SDKs/iPhoneSimulator26.2.sdk -O0 -L/Users/hem/Library/Developer/Xcode/DerivedData/TimeBox-bsjmcdsflgpdivgxidgxnaahhzjo/Build/Products/Debug-iphonesimulator -F/Users/hem/Library/Developer/Xcode/DerivedData/TimeBox-bsjmcdsflgpdivgxidgxnaahhzjo/Build/Products/Debug-iphonesimulator -Xlinker -rpath -Xlinker @executable_path -Xlinker -rpath -Xlinker @executable_path/Frameworks -rdynamic -Xlinker -no_deduplicate -Xlinker -objc_abi_version -Xlinker 2 -Xlinker -debug_variant -e ___debug_blank_executor_main -Xlinker -sectcreate -Xlinker __TEXT -Xlinker __debug_dylib -Xlinker /Users/hem/Library/Developer/Xcode/DerivedData/TimeBox-bsjmcdsflgpdivgxidgxnaahhzjo/Build/Intermediates.noindex/TimeBox.build/Debug-iphonesimulator/TimeBox.build/TimeBox-DebugDylibPath-normal-arm64.txt -Xlinker -sectcreate -Xlinker __TEXT -Xlinker __debug_instlnm -Xlinker /Users/hem/Library/Developer/Xcode/DerivedData/TimeBox-bsjmcdsflgpdivgxidgxnaahhzjo/Build/Intermediates.noindex/TimeBox.build/Debug-iphonesimulator/TimeBox.build/TimeBox-DebugDylibInstallName-normal-arm64.txt -Xlinker -filelist -Xlinker /Users/hem/Library/Developer/Xcode/DerivedData/TimeBox-bsjmcdsflgpdivgxidgxnaahhzjo/Build/Intermediates.noindex/TimeBox.build/Debug-iphonesimulator/TimeBox.build/TimeBox-ExecutorLinkFileList-normal-arm64.txt -Xlinker -sectcreate -Xlinker __TEXT -Xlinker __entitlements -Xlinker /Users/hem/Library/Developer/Xcode/DerivedData/TimeBox-bsjmcdsflgpdivgxidgxnaahhzjo/Build/Intermediates.noindex/TimeBox.build/Debug-iphonesimulator/TimeBox.build/TimeBox.app-Simulated.xcent -Xlinker -sectcreate -Xlinker __TEXT -Xlinker __ents_der -Xlinker /Users/hem/Library/Developer/Xcode/DerivedData/TimeBox-bsjmcdsflgpdivgxidgxnaahhzjo/Build/Intermediates.noindex/TimeBox.build/Debug-iphonesimulator/TimeBox.build/TimeBox.app-Simulated.xcent.der /Users/hem/Library/Developer/Xcode/DerivedData/TimeBox-bsjmcdsflgpdivgxidgxnaahhzjo/Build/Products/Debug-iphonesimulator/TimeBox.app/TimeBox.debug.dylib -Xlinker -no_adhoc_codesign -o /Users/hem/Library/Developer/Xcode/DerivedData/TimeBox-bsjmcdsflgpdivgxidgxnaahhzjo/Build/Products/Debug-iphonesimulator/TimeBox.app/TimeBox

CopySwiftLibs /Users/hem/Library/Developer/Xcode/DerivedData/TimeBox-bsjmcdsflgpdivgxidgxnaahhzjo/Build/Products/Debug-iphonesimulator/TimeBox.app (in target 'TimeBox' from project 'TimeBox')
    cd /Users/hem/Documents/opt/my-daily-sprints/TimeBox
    builtin-swiftStdLibTool --copy --verbose --sign - --scan-executable /Users/hem/Library/Developer/Xcode/DerivedData/TimeBox-bsjmcdsflgpdivgxidgxnaahhzjo/Build/Products/Debug-iphonesimulator/TimeBox.app/TimeBox.debug.dylib --scan-folder /Users/hem/Library/Developer/Xcode/DerivedData/TimeBox-bsjmcdsflgpdivgxidgxnaahhzjo/Build/Products/Debug-iphonesimulator/TimeBox.app/Frameworks --scan-folder /Users/hem/Library/Developer/Xcode/DerivedData/TimeBox-bsjmcdsflgpdivgxidgxnaahhzjo/Build/Products/Debug-iphonesimulator/TimeBox.app/PlugIns --scan-folder /Users/hem/Library/Developer/Xcode/DerivedData/TimeBox-bsjmcdsflgpdivgxidgxnaahhzjo/Build/Products/Debug-iphonesimulator/TimeBox.app/SystemExtensions --scan-folder /Users/hem/Library/Developer/Xcode/DerivedData/TimeBox-bsjmcdsflgpdivgxidgxnaahhzjo/Build/Products/Debug-iphonesimulator/TimeBox.app/Extensions --platform iphonesimulator --toolchain /Applications/Xcode.app/Contents/Developer/Toolchains/XcodeDefault.xctoolchain --destination /Users/hem/Library/Developer/Xcode/DerivedData/TimeBox-bsjmcdsflgpdivgxidgxnaahhzjo/Build/Products/Debug-iphonesimulator/TimeBox.app/Frameworks --strip-bitcode --strip-bitcode-tool /Applications/Xcode.app/Contents/Developer/Toolchains/XcodeDefault.xctoolchain/usr/bin/bitcode_strip --emit-dependency-info /Users/hem/Library/Developer/Xcode/DerivedData/TimeBox-bsjmcdsflgpdivgxidgxnaahhzjo/Build/Intermediates.noindex/TimeBox.build/Debug-iphonesimulator/TimeBox.build/SwiftStdLibToolInputDependencies.dep --filter-for-swift-os

ExtractAppIntentsMetadata (in target 'TimeBox' from project 'TimeBox')
    cd /Users/hem/Documents/opt/my-daily-sprints/TimeBox
    /Applications/Xcode.app/Contents/Developer/Toolchains/XcodeDefault.xctoolchain/usr/bin/appintentsmetadataprocessor --toolchain-dir /Applications/Xcode.app/Contents/Developer/Toolchains/XcodeDefault.xctoolchain --module-name TimeBox --sdk-root /Applications/Xcode.app/Contents/Developer/Platforms/iPhoneSimulator.platform/Developer/SDKs/iPhoneSimulator26.2.sdk --xcode-version 17C52 --platform-family iOS --deployment-target 17.0 --bundle-identifier com.henning.timebox --output /Users/hem/Library/Developer/Xcode/DerivedData/TimeBox-bsjmcdsflgpdivgxidgxnaahhzjo/Build/Products/Debug-iphonesimulator/TimeBox.app --target-triple arm64-apple-ios17.0-simulator --binary-file /Users/hem/Library/Developer/Xcode/DerivedData/TimeBox-bsjmcdsflgpdivgxidgxnaahhzjo/Build/Products/Debug-iphonesimulator/TimeBox.app/TimeBox --dependency-file /Users/hem/Library/Developer/Xcode/DerivedData/TimeBox-bsjmcdsflgpdivgxidgxnaahhzjo/Build/Intermediates.noindex/TimeBox.build/Debug-iphonesimulator/TimeBox.build/Objects-normal/arm64/TimeBox_dependency_info.dat --stringsdata-file /Users/hem/Library/Developer/Xcode/DerivedData/TimeBox-bsjmcdsflgpdivgxidgxnaahhzjo/Build/Intermediates.noindex/TimeBox.build/Debug-iphonesimulator/TimeBox.build/Objects-normal/arm64/ExtractedAppShortcutsMetadata.stringsdata --source-file-list /Users/hem/Library/Developer/Xcode/DerivedData/TimeBox-bsjmcdsflgpdivgxidgxnaahhzjo/Build/Intermediates.noindex/TimeBox.build/Debug-iphonesimulator/TimeBox.build/Objects-normal/arm64/TimeBox.SwiftFileList --metadata-file-list /Users/hem/Library/Developer/Xcode/DerivedData/TimeBox-bsjmcdsflgpdivgxidgxnaahhzjo/Build/Intermediates.noindex/TimeBox.build/Debug-iphonesimulator/TimeBox.build/TimeBox.DependencyMetadataFileList --static-metadata-file-list /Users/hem/Library/Developer/Xcode/DerivedData/TimeBox-bsjmcdsflgpdivgxidgxnaahhzjo/Build/Intermediates.noindex/TimeBox.build/Debug-iphonesimulator/TimeBox.build/TimeBox.DependencyStaticMetadataFileList --swift-const-vals-list /Users/hem/Library/Developer/Xcode/DerivedData/TimeBox-bsjmcdsflgpdivgxidgxnaahhzjo/Build/Intermediates.noindex/TimeBox.build/Debug-iphonesimulator/TimeBox.build/Objects-normal/arm64/TimeBox.SwiftConstValuesFileList --compile-time-extraction --deployment-aware-processing --validate-assistant-intents --no-app-shortcuts-localization
2026-01-18 09:04:52.920 appintentsmetadataprocessor[16344:21568035] Starting appintentsmetadataprocessor export
2026-01-18 09:04:52.922 appintentsmetadataprocessor[16344:21568035] warning: Metadata extraction skipped. No AppIntents.framework dependency found.

SwiftEmitModule normal arm64 Emitting\ module\ for\ TimeBoxUITests (in target 'TimeBoxUITests' from project 'TimeBox')

EmitSwiftModule normal arm64 (in target 'TimeBoxUITests' from project 'TimeBox')
    cd /Users/hem/Documents/opt/my-daily-sprints/TimeBox
    

SwiftCompile normal arm64 Compiling\ BacklogViewUITests.swift /Users/hem/Documents/opt/my-daily-sprints/TimeBox/TimeBoxUITests/BacklogViewUITests.swift (in target 'TimeBoxUITests' from project 'TimeBox')
SwiftCompile normal arm64 /Users/hem/Documents/opt/my-daily-sprints/TimeBox/TimeBoxUITests/BacklogViewUITests.swift (in target 'TimeBoxUITests' from project 'TimeBox')
    cd /Users/hem/Documents/opt/my-daily-sprints/TimeBox
    
/Users/hem/Documents/opt/my-daily-sprints/TimeBox/TimeBoxUITests/BacklogViewUITests.swift:9:15: warning: call to main actor-isolated initializer 'init()' in a synchronous nonisolated context
        app = XCUIApplication()
              ^
/Applications/Xcode.app/Contents/Developer/Platforms/iPhoneSimulator.platform/Developer/Library/Frameworks/XCUIAutomation.framework/Headers/XCUIApplication.h:29:1: note: calls to initializer 'init()' from outside of its actor context are implicitly asynchronous
- (instancetype)init NS_DESIGNATED_INITIALIZER;
^
/Users/hem/Documents/opt/my-daily-sprints/TimeBox/TimeBoxUITests/BacklogViewUITests.swift:10:13: warning: call to main actor-isolated instance method 'launch()' in a synchronous nonisolated context
        app.launch()
            ^
XCUIAutomation.XCUIApplication.launch:2:22: note: calls to instance method 'launch()' from outside of its actor context are implicitly asynchronous
@MainActor open func launch()}
                     ^
/Users/hem/Documents/opt/my-daily-sprints/TimeBox/TimeBoxUITests/BacklogViewUITests.swift:23:40: warning: main actor-isolated subscript 'subscript(_:)' can not be referenced from a nonisolated context
        let navBar = app.navigationBars["Backlog"]
                                       ^
XCUIAutomation.XCUIElementQuery.subscript:2:17: note: subscript declared here
@MainActor open subscript(key: String) -> XCUIElement { get }}
                ^
/Users/hem/Documents/opt/my-daily-sprints/TimeBox/TimeBoxUITests/BacklogViewUITests.swift:22:10: note: add '@MainActor' to make instance method 'testBacklogNavigationTitleExists()' part of global actor 'MainActor'
    func testBacklogNavigationTitleExists() throws {
         ^
    @MainActor 
/Users/hem/Documents/opt/my-daily-sprints/TimeBox/TimeBoxUITests/BacklogViewUITests.swift:23:26: warning: main actor-isolated property 'navigationBars' can not be referenced from a nonisolated context
        let navBar = app.navigationBars["Backlog"]
                         ^
/Applications/Xcode.app/Contents/Developer/Platforms/iPhoneSimulator.platform/Developer/Library/Frameworks/XCUIAutomation.framework/Headers/XCUIElementTypeQueryProvider.h:34:46: note: property declared here
@property (readonly, copy) XCUIElementQuery *navigationBars;
                                             ^
/Users/hem/Documents/opt/my-daily-sprints/TimeBox/TimeBoxUITests/BacklogViewUITests.swift:22:10: note: add '@MainActor' to make instance method 'testBacklogNavigationTitleExists()' part of global actor 'MainActor'
    func testBacklogNavigationTitleExists() throws {
         ^
    @MainActor 
/Users/hem/Documents/opt/my-daily-sprints/TimeBox/TimeBoxUITests/BacklogViewUITests.swift:24:30: warning: call to main actor-isolated instance method 'waitForExistence(timeout:)' in a synchronous nonisolated context
        XCTAssertTrue(navBar.waitForExistence(timeout: 5), "Backlog navigation bar should exist")
                             ^
XCUIAutomation.XCUIElement.waitForExistence:2:22: note: calls to instance method 'waitForExistence(timeout:)' from outside of its actor context are implicitly asynchronous
@MainActor open func waitForExistence(timeout: TimeInterval) -> Bool}
                     ^
/Users/hem/Documents/opt/my-daily-sprints/TimeBox/TimeBoxUITests/BacklogViewUITests.swift:31:52: warning: main actor-isolated subscript 'subscript(_:)' can not be referenced from a nonisolated context
        let editButton = app.navigationBars.buttons["Edit"]
                                                   ^
XCUIAutomation.XCUIElementQuery.subscript:2:17: note: subscript declared here
@MainActor open subscript(key: String) -> XCUIElement { get }}
                ^
/Users/hem/Documents/opt/my-daily-sprints/TimeBox/TimeBoxUITests/BacklogViewUITests.swift:30:10: note: add '@MainActor' to make instance method 'testEditButtonExists()' part of global actor 'MainActor'
    func testEditButtonExists() throws {
         ^
    @MainActor 
/Users/hem/Documents/opt/my-daily-sprints/TimeBox/TimeBoxUITests/BacklogViewUITests.swift:31:45: warning: main actor-isolated property 'buttons' can not be referenced from a nonisolated context
        let editButton = app.navigationBars.buttons["Edit"]
                                            ^
/Applications/Xcode.app/Contents/Developer/Platforms/iPhoneSimulator.platform/Developer/Library/Frameworks/XCUIAutomation.framework/Headers/XCUIElementTypeQueryProvider.h:22:46: note: property declared here
@property (readonly, copy) XCUIElementQuery *buttons;
                                             ^
/Users/hem/Documents/opt/my-daily-sprints/TimeBox/TimeBoxUITests/BacklogViewUITests.swift:30:10: note: add '@MainActor' to make instance method 'testEditButtonExists()' part of global actor 'MainActor'
    func testEditButtonExists() throws {
         ^
    @MainActor 
/Users/hem/Documents/opt/my-daily-sprints/TimeBox/TimeBoxUITests/BacklogViewUITests.swift:31:30: warning: main actor-isolated property 'navigationBars' can not be referenced from a nonisolated context
        let editButton = app.navigationBars.buttons["Edit"]
                             ^
/Applications/Xcode.app/Contents/Developer/Platforms/iPhoneSimulator.platform/Developer/Library/Frameworks/XCUIAutomation.framework/Headers/XCUIElementTypeQueryProvider.h:34:46: note: property declared here
@property (readonly, copy) XCUIElementQuery *navigationBars;
                                             ^
/Users/hem/Documents/opt/my-daily-sprints/TimeBox/TimeBoxUITests/BacklogViewUITests.swift:30:10: note: add '@MainActor' to make instance method 'testEditButtonExists()' part of global actor 'MainActor'
    func testEditButtonExists() throws {
         ^
    @MainActor 
/Users/hem/Documents/opt/my-daily-sprints/TimeBox/TimeBoxUITests/BacklogViewUITests.swift:32:34: warning: call to main actor-isolated instance method 'waitForExistence(timeout:)' in a synchronous nonisolated context
        XCTAssertTrue(editButton.waitForExistence(timeout: 5), "Edit button should exist in toolbar")
                                 ^
XCUIAutomation.XCUIElement.waitForExistence:2:22: note: calls to instance method 'waitForExistence(timeout:)' from outside of its actor context are implicitly asynchronous
@MainActor open func waitForExistence(timeout: TimeInterval) -> Bool}
                     ^
/Users/hem/Documents/opt/my-daily-sprints/TimeBox/TimeBoxUITests/BacklogViewUITests.swift:42:36: warning: main actor-isolated subscript 'subscript(_:)' can not be referenced from a nonisolated context
        let addButton = app.buttons["addTaskButton"]
                                   ^
XCUIAutomation.XCUIElementQuery.subscript:2:17: note: subscript declared here
@MainActor open subscript(key: String) -> XCUIElement { get }}
                ^
/Users/hem/Documents/opt/my-daily-sprints/TimeBox/TimeBoxUITests/BacklogViewUITests.swift:40:10: note: add '@MainActor' to make instance method 'testCreateTaskViewOpensWithAllFields()' part of global actor 'MainActor'
    func testCreateTaskViewOpensWithAllFields() throws {
         ^
    @MainActor 
/Users/hem/Documents/opt/my-daily-sprints/TimeBox/TimeBoxUITests/BacklogViewUITests.swift:42:29: warning: main actor-isolated property 'buttons' can not be referenced from a nonisolated context
        let addButton = app.buttons["addTaskButton"]
                            ^
/Applications/Xcode.app/Contents/Developer/Platforms/iPhoneSimulator.platform/Developer/Library/Frameworks/XCUIAutomation.framework/Headers/XCUIElementTypeQueryProvider.h:22:46: note: property declared here
@property (readonly, copy) XCUIElementQuery *buttons;
                                             ^
/Users/hem/Documents/opt/my-daily-sprints/TimeBox/TimeBoxUITests/BacklogViewUITests.swift:40:10: note: add '@MainActor' to make instance method 'testCreateTaskViewOpensWithAllFields()' part of global actor 'MainActor'
    func testCreateTaskViewOpensWithAllFields() throws {
         ^
    @MainActor 
/Users/hem/Documents/opt/my-daily-sprints/TimeBox/TimeBoxUITests/BacklogViewUITests.swift:43:33: warning: call to main actor-isolated instance method 'waitForExistence(timeout:)' in a synchronous nonisolated context
        XCTAssertTrue(addButton.waitForExistence(timeout: 5), "Add button should exist")
                                ^
XCUIAutomation.XCUIElement.waitForExistence:2:22: note: calls to instance method 'waitForExistence(timeout:)' from outside of its actor context are implicitly asynchronous
@MainActor open func waitForExistence(timeout: TimeInterval) -> Bool}
                     ^
/Users/hem/Documents/opt/my-daily-sprints/TimeBox/TimeBoxUITests/BacklogViewUITests.swift:44:19: warning: call to main actor-isolated instance method 'tap()' in a synchronous nonisolated context
        addButton.tap()
                  ^
XCUIAutomation.XCUIElement.tap:2:22: note: calls to instance method 'tap()' from outside of its actor context are implicitly asynchronous
@MainActor open func tap()}
                     ^
/Users/hem/Documents/opt/my-daily-sprints/TimeBox/TimeBoxUITests/BacklogViewUITests.swift:40:10: note: add '@MainActor' to make instance method 'testCreateTaskViewOpensWithAllFields()' part of global actor 'MainActor'
    func testCreateTaskViewOpensWithAllFields() throws {
         ^
    @MainActor 
/Users/hem/Documents/opt/my-daily-sprints/TimeBox/TimeBoxUITests/BacklogViewUITests.swift:47:46: warning: main actor-isolated subscript 'subscript(_:)' can not be referenced from a nonisolated context
        let createNavBar = app.navigationBars["Neuer Task"]
                                             ^
XCUIAutomation.XCUIElementQuery.subscript:2:17: note: subscript declared here
@MainActor open subscript(key: String) -> XCUIElement { get }}
                ^
/Users/hem/Documents/opt/my-daily-sprints/TimeBox/TimeBoxUITests/BacklogViewUITests.swift:40:10: note: add '@MainActor' to make instance method 'testCreateTaskViewOpensWithAllFields()' part of global actor 'MainActor'
    func testCreateTaskViewOpensWithAllFields() throws {
         ^
    @MainActor 
/Users/hem/Documents/opt/my-daily-sprints/TimeBox/TimeBoxUITests/BacklogViewUITests.swift:47:32: warning: main actor-isolated property 'navigationBars' can not be referenced from a nonisolated context
        let createNavBar = app.navigationBars["Neuer Task"]
                               ^
/Applications/Xcode.app/Contents/Developer/Platforms/iPhoneSimulator.platform/Developer/Library/Frameworks/XCUIAutomation.framework/Headers/XCUIElementTypeQueryProvider.h:34:46: note: property declared here
@property (readonly, copy) XCUIElementQuery *navigationBars;
                                             ^
/Users/hem/Documents/opt/my-daily-sprints/TimeBox/TimeBoxUITests/BacklogViewUITests.swift:40:10: note: add '@MainActor' to make instance method 'testCreateTaskViewOpensWithAllFields()' part of global actor 'MainActor'
    func testCreateTaskViewOpensWithAllFields() throws {
         ^
    @MainActor 
/Users/hem/Documents/opt/my-daily-sprints/TimeBox/TimeBoxUITests/BacklogViewUITests.swift:48:36: warning: call to main actor-isolated instance method 'waitForExistence(timeout:)' in a synchronous nonisolated context
        XCTAssertTrue(createNavBar.waitForExistence(timeout: 3), "CreateTaskView should open")
                                   ^
XCUIAutomation.XCUIElement.waitForExistence:2:22: note: calls to instance method 'waitForExistence(timeout:)' from outside of its actor context are implicitly asynchronous
@MainActor open func waitForExistence(timeout: TimeInterval) -> Bool}
                     ^
/Users/hem/Documents/opt/my-daily-sprints/TimeBox/TimeBoxUITests/BacklogViewUITests.swift:54:40: warning: main actor-isolated subscript 'subscript(_:)' can not be referenced from a nonisolated context
        let titleField = app.textFields["Task-Titel"]
                                       ^
XCUIAutomation.XCUIElementQuery.subscript:2:17: note: subscript declared here
@MainActor open subscript(key: String) -> XCUIElement { get }}
                ^
/Users/hem/Documents/opt/my-daily-sprints/TimeBox/TimeBoxUITests/BacklogViewUITests.swift:40:10: note: add '@MainActor' to make instance method 'testCreateTaskViewOpensWithAllFields()' part of global actor 'MainActor'
    func testCreateTaskViewOpensWithAllFields() throws {
         ^
    @MainActor 
/Users/hem/Documents/opt/my-daily-sprints/TimeBox/TimeBoxUITests/BacklogViewUITests.swift:54:30: warning: main actor-isolated property 'textFields' can not be referenced from a nonisolated context
        let titleField = app.textFields["Task-Titel"]
                             ^
/Applications/Xcode.app/Contents/Developer/Platforms/iPhoneSimulator.platform/Developer/Library/Frameworks/XCUIAutomation.framework/Headers/XCUIElementTypeQueryProvider.h:63:46: note: property declared here
@property (readonly, copy) XCUIElementQuery *textFields;
                                             ^
/Users/hem/Documents/opt/my-daily-sprints/TimeBox/TimeBoxUITests/BacklogViewUITests.swift:40:10: note: add '@MainActor' to make instance method 'testCreateTaskViewOpensWithAllFields()' part of global actor 'MainActor'
    func testCreateTaskViewOpensWithAllFields() throws {
         ^
    @MainActor 
/Users/hem/Documents/opt/my-daily-sprints/TimeBox/TimeBoxUITests/BacklogViewUITests.swift:55:34: warning: main actor-isolated property 'exists' can not be referenced from a nonisolated autoclosure
        XCTAssertTrue(titleField.exists, "Task title field should exist")
                                 ^
/Applications/Xcode.app/Contents/Developer/Platforms/iPhoneSimulator.platform/Developer/Library/Frameworks/XCUIAutomation.framework/Headers/XCUIElement.h:54:27: note: property declared here
@property (readonly) BOOL exists;
                          ^
/Users/hem/Documents/opt/my-daily-sprints/TimeBox/TimeBoxUITests/BacklogViewUITests.swift:58:113: warning: main actor-isolated property 'exists' can not be referenced from a nonisolated context
        let durationExists = app.staticTexts.matching(NSPredicate(format: "label CONTAINS 'Dauer'")).firstMatch.exists ||
                                                                                                                ^
/Applications/Xcode.app/Contents/Developer/Platforms/iPhoneSimulator.platform/Developer/Library/Frameworks/XCUIAutomation.framework/Headers/XCUIElement.h:54:27: note: property declared here
@property (readonly) BOOL exists;
                          ^
/Users/hem/Documents/opt/my-daily-sprints/TimeBox/TimeBoxUITests/BacklogViewUITests.swift:40:10: note: add '@MainActor' to make instance method 'testCreateTaskViewOpensWithAllFields()' part of global actor 'MainActor'
    func testCreateTaskViewOpensWithAllFields() throws {
         ^
    @MainActor 
/Users/hem/Documents/opt/my-daily-sprints/TimeBox/TimeBoxUITests/BacklogViewUITests.swift:58:102: warning: main actor-isolated property 'firstMatch' can not be referenced from a nonisolated context
        let durationExists = app.staticTexts.matching(NSPredicate(format: "label CONTAINS 'Dauer'")).firstMatch.exists ||
                                                                                                     ^
/Applications/Xcode.app/Contents/Developer/Platforms/iPhoneSimulator.platform/Developer/Library/Frameworks/XCUIAutomation.framework/Headers/XCUIElementTypeQueryProvider.h:105:35: note: property declared here
@property (readonly) XCUIElement *firstMatch;
                                  ^
/Users/hem/Documents/opt/my-daily-sprints/TimeBox/TimeBoxUITests/BacklogViewUITests.swift:40:10: note: add '@MainActor' to make instance method 'testCreateTaskViewOpensWithAllFields()' part of global actor 'MainActor'
    func testCreateTaskViewOpensWithAllFields() throws {
         ^
    @MainActor 
/Users/hem/Documents/opt/my-daily-sprints/TimeBox/TimeBoxUITests/BacklogViewUITests.swift:58:46: warning: call to main actor-isolated instance method 'matching' in a synchronous nonisolated context
        let durationExists = app.staticTexts.matching(NSPredicate(format: "label CONTAINS 'Dauer'")).firstMatch.exists ||
                                             ^
XCUIAutomation.XCUIElementQuery.matching:2:22: note: calls to instance method 'matching' from outside of its actor context are implicitly asynchronous
@MainActor open func matching(_ predicate: NSPredicate) -> XCUIElementQuery}
                     ^
XCUIAutomation.XCUIElementQuery.matching:2:22: note: main actor isolation inferred from conformance to protocol 'XCUIElementTypeQueryProvider'
@MainActor open func matching(_ predicate: NSPredicate) -> XCUIElementQuery}
                     ^
/Users/hem/Documents/opt/my-daily-sprints/TimeBox/TimeBoxUITests/BacklogViewUITests.swift:40:10: note: add '@MainActor' to make instance method 'testCreateTaskViewOpensWithAllFields()' part of global actor 'MainActor'
    func testCreateTaskViewOpensWithAllFields() throws {
         ^
    @MainActor 
/Users/hem/Documents/opt/my-daily-sprints/TimeBox/TimeBoxUITests/BacklogViewUITests.swift:58:34: warning: main actor-isolated property 'staticTexts' can not be referenced from a nonisolated context
        let durationExists = app.staticTexts.matching(NSPredicate(format: "label CONTAINS 'Dauer'")).firstMatch.exists ||
                                 ^
/Applications/Xcode.app/Contents/Developer/Platforms/iPhoneSimulator.platform/Developer/Library/Frameworks/XCUIAutomation.framework/Headers/XCUIElementTypeQueryProvider.h:62:46: note: property declared here
@property (readonly, copy) XCUIElementQuery *staticTexts;
                                             ^
/Users/hem/Documents/opt/my-daily-sprints/TimeBox/TimeBoxUITests/BacklogViewUITests.swift:40:10: note: add '@MainActor' to make instance method 'testCreateTaskViewOpensWithAllFields()' part of global actor 'MainActor'
    func testCreateTaskViewOpensWithAllFields() throws {
         ^
    @MainActor 
/Users/hem/Documents/opt/my-daily-sprints/TimeBox/TimeBoxUITests/BacklogViewUITests.swift:59:119: warning: main actor-isolated property 'exists' can not be referenced from a nonisolated autoclosure
                             app.staticTexts.matching(NSPredicate(format: "label CONTAINS 'Geschätzte'")).firstMatch.exists
/Applications/Xcode.app/Contents/Developer/Platforms/iPhoneSimulator.platform/Developer/Library/Frameworks/XCUIAutomation.framework/Headers/XCUIElement.h:54:27: note: property declared here
@property (readonly) BOOL exists;
                          ^
/Users/hem/Documents/opt/my-daily-sprints/TimeBox/TimeBoxUITests/BacklogViewUITests.swift:59:108: warning: main actor-isolated property 'firstMatch' can not be referenced from a nonisolated autoclosure
                             app.staticTexts.matching(NSPredicate(format: "label CONTAINS 'Geschätzte'")).firstMatch.exists
/Applications/Xcode.app/Contents/Developer/Platforms/iPhoneSimulator.platform/Developer/Library/Frameworks/XCUIAutomation.framework/Headers/XCUIElementTypeQueryProvider.h:105:35: note: property declared here
@property (readonly) XCUIElement *firstMatch;
                                  ^
/Users/hem/Documents/opt/my-daily-sprints/TimeBox/TimeBoxUITests/BacklogViewUITests.swift:59:46: warning: call to main actor-isolated instance method 'matching' in a synchronous nonisolated context
                             app.staticTexts.matching(NSPredicate(format: "label CONTAINS 'Geschätzte'")).firstMatch.exists
XCUIAutomation.XCUIElementQuery.matching:2:22: note: calls to instance method 'matching' from outside of its actor context are implicitly asynchronous
@MainActor open func matching(_ predicate: NSPredicate) -> XCUIElementQuery}
                     ^
XCUIAutomation.XCUIElementQuery.matching:2:22: note: main actor isolation inferred from conformance to protocol 'XCUIElementTypeQueryProvider'
@MainActor open func matching(_ predicate: NSPredicate) -> XCUIElementQuery}
                     ^
/Users/hem/Documents/opt/my-daily-sprints/TimeBox/TimeBoxUITests/BacklogViewUITests.swift:59:34: warning: main actor-isolated property 'staticTexts' can not be referenced from a nonisolated autoclosure
                             app.staticTexts.matching(NSPredicate(format: "label CONTAINS 'Geschätzte'")).firstMatch.exists
/Applications/Xcode.app/Contents/Developer/Platforms/iPhoneSimulator.platform/Developer/Library/Frameworks/XCUIAutomation.framework/Headers/XCUIElementTypeQueryProvider.h:62:46: note: property declared here
@property (readonly, copy) XCUIElementQuery *staticTexts;
                                             ^
/Users/hem/Documents/opt/my-daily-sprints/TimeBox/TimeBoxUITests/BacklogViewUITests.swift:63:118: warning: main actor-isolated property 'exists' can not be referenced from a nonisolated context
        let priorityExists = app.staticTexts.matching(NSPredicate(format: "label CONTAINS 'Priorität'")).firstMatch.exists ||
/Applications/Xcode.app/Contents/Developer/Platforms/iPhoneSimulator.platform/Developer/Library/Frameworks/XCUIAutomation.framework/Headers/XCUIElement.h:54:27: note: property declared here
@property (readonly) BOOL exists;
                          ^
/Users/hem/Documents/opt/my-daily-sprints/TimeBox/TimeBoxUITests/BacklogViewUITests.swift:40:10: note: add '@MainActor' to make instance method 'testCreateTaskViewOpensWithAllFields()' part of global actor 'MainActor'
    func testCreateTaskViewOpensWithAllFields() throws {
         ^
    @MainActor 
/Users/hem/Documents/opt/my-daily-sprints/TimeBox/TimeBoxUITests/BacklogViewUITests.swift:63:107: warning: main actor-isolated property 'firstMatch' can not be referenced from a nonisolated context
        let priorityExists = app.staticTexts.matching(NSPredicate(format: "label CONTAINS 'Priorität'")).firstMatch.exists ||
/Applications/Xcode.app/Contents/Developer/Platforms/iPhoneSimulator.platform/Developer/Library/Frameworks/XCUIAutomation.framework/Headers/XCUIElementTypeQueryProvider.h:105:35: note: property declared here
@property (readonly) XCUIElement *firstMatch;
                                  ^
/Users/hem/Documents/opt/my-daily-sprints/TimeBox/TimeBoxUITests/BacklogViewUITests.swift:40:10: note: add '@MainActor' to make instance method 'testCreateTaskViewOpensWithAllFields()' part of global actor 'MainActor'
    func testCreateTaskViewOpensWithAllFields() throws {
         ^
    @MainActor 
/Users/hem/Documents/opt/my-daily-sprints/TimeBox/TimeBoxUITests/BacklogViewUITests.swift:63:46: warning: call to main actor-isolated instance method 'matching' in a synchronous nonisolated context
        let priorityExists = app.staticTexts.matching(NSPredicate(format: "label CONTAINS 'Priorität'")).firstMatch.exists ||
XCUIAutomation.XCUIElementQuery.matching:2:22: note: calls to instance method 'matching' from outside of its actor context are implicitly asynchronous
@MainActor open func matching(_ predicate: NSPredicate) -> XCUIElementQuery}
                     ^
XCUIAutomation.XCUIElementQuery.matching:2:22: note: main actor isolation inferred from conformance to protocol 'XCUIElementTypeQueryProvider'
@MainActor open func matching(_ predicate: NSPredicate) -> XCUIElementQuery}
                     ^
/Users/hem/Documents/opt/my-daily-sprints/TimeBox/TimeBoxUITests/BacklogViewUITests.swift:40:10: note: add '@MainActor' to make instance method 'testCreateTaskViewOpensWithAllFields()' part of global actor 'MainActor'
    func testCreateTaskViewOpensWithAllFields() throws {
         ^
    @MainActor 
/Users/hem/Documents/opt/my-daily-sprints/TimeBox/TimeBoxUITests/BacklogViewUITests.swift:63:34: warning: main actor-isolated property 'staticTexts' can not be referenced from a nonisolated context
        let priorityExists = app.staticTexts.matching(NSPredicate(format: "label CONTAINS 'Priorität'")).firstMatch.exists ||
/Applications/Xcode.app/Contents/Developer/Platforms/iPhoneSimulator.platform/Developer/Library/Frameworks/XCUIAutomation.framework/Headers/XCUIElementTypeQueryProvider.h:62:46: note: property declared here
@property (readonly, copy) XCUIElementQuery *staticTexts;
                                             ^
/Users/hem/Documents/opt/my-daily-sprints/TimeBox/TimeBoxUITests/BacklogViewUITests.swift:40:10: note: add '@MainActor' to make instance method 'testCreateTaskViewOpensWithAllFields()' part of global actor 'MainActor'
    func testCreateTaskViewOpensWithAllFields() throws {
         ^
    @MainActor 
/Users/hem/Documents/opt/my-daily-sprints/TimeBox/TimeBoxUITests/BacklogViewUITests.swift:64:113: warning: main actor-isolated property 'exists' can not be referenced from a nonisolated autoclosure
                            app.buttons.matching(NSPredicate(format: "label CONTAINS 'Priorität'")).firstMatch.exists
/Applications/Xcode.app/Contents/Developer/Platforms/iPhoneSimulator.platform/Developer/Library/Frameworks/XCUIAutomation.framework/Headers/XCUIElement.h:54:27: note: property declared here
@property (readonly) BOOL exists;
                          ^
/Users/hem/Documents/opt/my-daily-sprints/TimeBox/TimeBoxUITests/BacklogViewUITests.swift:64:102: warning: main actor-isolated property 'firstMatch' can not be referenced from a nonisolated autoclosure
                            app.buttons.matching(NSPredicate(format: "label CONTAINS 'Priorität'")).firstMatch.exists
/Applications/Xcode.app/Contents/Developer/Platforms/iPhoneSimulator.platform/Developer/Library/Frameworks/XCUIAutomation.framework/Headers/XCUIElementTypeQueryProvider.h:105:35: note: property declared here
@property (readonly) XCUIElement *firstMatch;
                                  ^
/Users/hem/Documents/opt/my-daily-sprints/TimeBox/TimeBoxUITests/BacklogViewUITests.swift:64:41: warning: call to main actor-isolated instance method 'matching' in a synchronous nonisolated context
                            app.buttons.matching(NSPredicate(format: "label CONTAINS 'Priorität'")).firstMatch.exists
XCUIAutomation.XCUIElementQuery.matching:2:22: note: calls to instance method 'matching' from outside of its actor context are implicitly asynchronous
@MainActor open func matching(_ predicate: NSPredicate) -> XCUIElementQuery}
                     ^
XCUIAutomation.XCUIElementQuery.matching:2:22: note: main actor isolation inferred from conformance to protocol 'XCUIElementTypeQueryProvider'
@MainActor open func matching(_ predicate: NSPredicate) -> XCUIElementQuery}
                     ^
/Users/hem/Documents/opt/my-daily-sprints/TimeBox/TimeBoxUITests/BacklogViewUITests.swift:64:33: warning: main actor-isolated property 'buttons' can not be referenced from a nonisolated autoclosure
                            app.buttons.matching(NSPredicate(format: "label CONTAINS 'Priorität'")).firstMatch.exists
/Applications/Xcode.app/Contents/Developer/Platforms/iPhoneSimulator.platform/Developer/Library/Frameworks/XCUIAutomation.framework/Headers/XCUIElementTypeQueryProvider.h:22:46: note: property declared here
@property (readonly, copy) XCUIElementQuery *buttons;
                                             ^
/Users/hem/Documents/opt/my-daily-sprints/TimeBox/TimeBoxUITests/BacklogViewUITests.swift:68:120: warning: main actor-isolated property 'exists' can not be referenced from a nonisolated context
        let urgencyExists = app.staticTexts.matching(NSPredicate(format: "label CONTAINS 'Dringlichkeit'")).firstMatch.exists ||
                                                                                                                       ^
/Applications/Xcode.app/Contents/Developer/Platforms/iPhoneSimulator.platform/Developer/Library/Frameworks/XCUIAutomation.framework/Headers/XCUIElement.h:54:27: note: property declared here
@property (readonly) BOOL exists;
                          ^
/Users/hem/Documents/opt/my-daily-sprints/TimeBox/TimeBoxUITests/BacklogViewUITests.swift:40:10: note: add '@MainActor' to make instance method 'testCreateTaskViewOpensWithAllFields()' part of global actor 'MainActor'
    func testCreateTaskViewOpensWithAllFields() throws {
         ^
    @MainActor 
/Users/hem/Documents/opt/my-daily-sprints/TimeBox/TimeBoxUITests/BacklogViewUITests.swift:68:109: warning: main actor-isolated property 'firstMatch' can not be referenced from a nonisolated context
        let urgencyExists = app.staticTexts.matching(NSPredicate(format: "label CONTAINS 'Dringlichkeit'")).firstMatch.exists ||
                                                                                                            ^
/Applications/Xcode.app/Contents/Developer/Platforms/iPhoneSimulator.platform/Developer/Library/Frameworks/XCUIAutomation.framework/Headers/XCUIElementTypeQueryProvider.h:105:35: note: property declared here
@property (readonly) XCUIElement *firstMatch;
                                  ^
/Users/hem/Documents/opt/my-daily-sprints/TimeBox/TimeBoxUITests/BacklogViewUITests.swift:40:10: note: add '@MainActor' to make instance method 'testCreateTaskViewOpensWithAllFields()' part of global actor 'MainActor'
    func testCreateTaskViewOpensWithAllFields() throws {
         ^
    @MainActor 
/Users/hem/Documents/opt/my-daily-sprints/TimeBox/TimeBoxUITests/BacklogViewUITests.swift:68:45: warning: call to main actor-isolated instance method 'matching' in a synchronous nonisolated context
        let urgencyExists = app.staticTexts.matching(NSPredicate(format: "label CONTAINS 'Dringlichkeit'")).firstMatch.exists ||
                                            ^
XCUIAutomation.XCUIElementQuery.matching:2:22: note: calls to instance method 'matching' from outside of its actor context are implicitly asynchronous
@MainActor open func matching(_ predicate: NSPredicate) -> XCUIElementQuery}
                     ^
XCUIAutomation.XCUIElementQuery.matching:2:22: note: main actor isolation inferred from conformance to protocol 'XCUIElementTypeQueryProvider'
@MainActor open func matching(_ predicate: NSPredicate) -> XCUIElementQuery}
                     ^
/Users/hem/Documents/opt/my-daily-sprints/TimeBox/TimeBoxUITests/BacklogViewUITests.swift:40:10: note: add '@MainActor' to make instance method 'testCreateTaskViewOpensWithAllFields()' part of global actor 'MainActor'
    func testCreateTaskViewOpensWithAllFields() throws {
         ^
    @MainActor 
/Users/hem/Documents/opt/my-daily-sprints/TimeBox/TimeBoxUITests/BacklogViewUITests.swift:68:33: warning: main actor-isolated property 'staticTexts' can not be referenced from a nonisolated context
        let urgencyExists = app.staticTexts.matching(NSPredicate(format: "label CONTAINS 'Dringlichkeit'")).firstMatch.exists ||
                                ^
/Applications/Xcode.app/Contents/Developer/Platforms/iPhoneSimulator.platform/Developer/Library/Frameworks/XCUIAutomation.framework/Headers/XCUIElementTypeQueryProvider.h:62:46: note: property declared here
@property (readonly, copy) XCUIElementQuery *staticTexts;
                                             ^
/Users/hem/Documents/opt/my-daily-sprints/TimeBox/TimeBoxUITests/BacklogViewUITests.swift:40:10: note: add '@MainActor' to make instance method 'testCreateTaskViewOpensWithAllFields()' part of global actor 'MainActor'
    func testCreateTaskViewOpensWithAllFields() throws {
         ^
    @MainActor 
/Users/hem/Documents/opt/my-daily-sprints/TimeBox/TimeBoxUITests/BacklogViewUITests.swift:69:61: warning: main actor-isolated property 'exists' can not be referenced from a nonisolated autoclosure
                           app.segmentedControls.firstMatch.exists
                                                            ^
/Applications/Xcode.app/Contents/Developer/Platforms/iPhoneSimulator.platform/Developer/Library/Frameworks/XCUIAutomation.framework/Headers/XCUIElement.h:54:27: note: property declared here
@property (readonly) BOOL exists;
                          ^
/Users/hem/Documents/opt/my-daily-sprints/TimeBox/TimeBoxUITests/BacklogViewUITests.swift:69:50: warning: main actor-isolated property 'firstMatch' can not be referenced from a nonisolated autoclosure
                           app.segmentedControls.firstMatch.exists
                                                 ^
/Applications/Xcode.app/Contents/Developer/Platforms/iPhoneSimulator.platform/Developer/Library/Frameworks/XCUIAutomation.framework/Headers/XCUIElementTypeQueryProvider.h:105:35: note: property declared here
@property (readonly) XCUIElement *firstMatch;
                                  ^
/Users/hem/Documents/opt/my-daily-sprints/TimeBox/TimeBoxUITests/BacklogViewUITests.swift:69:32: warning: main actor-isolated property 'segmentedControls' can not be referenced from a nonisolated autoclosure
                           app.segmentedControls.firstMatch.exists
                               ^
/Applications/Xcode.app/Contents/Developer/Platforms/iPhoneSimulator.platform/Developer/Library/Frameworks/XCUIAutomation.framework/Headers/XCUIElementTypeQueryProvider.h:51:46: note: property declared here
@property (readonly, copy) XCUIElementQuery *segmentedControls;
                                             ^
/Users/hem/Documents/opt/my-daily-sprints/TimeBox/TimeBoxUITests/BacklogViewUITests.swift:73:117: warning: main actor-isolated property 'exists' can not be referenced from a nonisolated context
        let taskTypeExists = app.staticTexts.matching(NSPredicate(format: "label CONTAINS 'Kategorie'")).firstMatch.exists ||
                                                                                                                    ^
/Applications/Xcode.app/Contents/Developer/Platforms/iPhoneSimulator.platform/Developer/Library/Frameworks/XCUIAutomation.framework/Headers/XCUIElement.h:54:27: note: property declared here
@property (readonly) BOOL exists;
                          ^
/Users/hem/Documents/opt/my-daily-sprints/TimeBox/TimeBoxUITests/BacklogViewUITests.swift:40:10: note: add '@MainActor' to make instance method 'testCreateTaskViewOpensWithAllFields()' part of global actor 'MainActor'
    func testCreateTaskViewOpensWithAllFields() throws {
         ^
    @MainActor 
/Users/hem/Documents/opt/my-daily-sprints/TimeBox/TimeBoxUITests/BacklogViewUITests.swift:73:106: warning: main actor-isolated property 'firstMatch' can not be referenced from a nonisolated context
        let taskTypeExists = app.staticTexts.matching(NSPredicate(format: "label CONTAINS 'Kategorie'")).firstMatch.exists ||
                                                                                                         ^
/Applications/Xcode.app/Contents/Developer/Platforms/iPhoneSimulator.platform/Developer/Library/Frameworks/XCUIAutomation.framework/Headers/XCUIElementTypeQueryProvider.h:105:35: note: property declared here
@property (readonly) XCUIElement *firstMatch;
                                  ^
/Users/hem/Documents/opt/my-daily-sprints/TimeBox/TimeBoxUITests/BacklogViewUITests.swift:40:10: note: add '@MainActor' to make instance method 'testCreateTaskViewOpensWithAllFields()' part of global actor 'MainActor'
    func testCreateTaskViewOpensWithAllFields() throws {
         ^
    @MainActor 
/Users/hem/Documents/opt/my-daily-sprints/TimeBox/TimeBoxUITests/BacklogViewUITests.swift:73:46: warning: call to main actor-isolated instance method 'matching' in a synchronous nonisolated context
        let taskTypeExists = app.staticTexts.matching(NSPredicate(format: "label CONTAINS 'Kategorie'")).firstMatch.exists ||
                                             ^
XCUIAutomation.XCUIElementQuery.matching:2:22: note: calls to instance method 'matching' from outside of its actor context are implicitly asynchronous
@MainActor open func matching(_ predicate: NSPredicate) -> XCUIElementQuery}
                     ^
XCUIAutomation.XCUIElementQuery.matching:2:22: note: main actor isolation inferred from conformance to protocol 'XCUIElementTypeQueryProvider'
@MainActor open func matching(_ predicate: NSPredicate) -> XCUIElementQuery}
                     ^
/Users/hem/Documents/opt/my-daily-sprints/TimeBox/TimeBoxUITests/BacklogViewUITests.swift:40:10: note: add '@MainActor' to make instance method 'testCreateTaskViewOpensWithAllFields()' part of global actor 'MainActor'
    func testCreateTaskViewOpensWithAllFields() throws {
         ^
    @MainActor 
/Users/hem/Documents/opt/my-daily-sprints/TimeBox/TimeBoxUITests/BacklogViewUITests.swift:73:34: warning: main actor-isolated property 'staticTexts' can not be referenced from a nonisolated context
        let taskTypeExists = app.staticTexts.matching(NSPredicate(format: "label CONTAINS 'Kategorie'")).firstMatch.exists ||
                                 ^
/Applications/Xcode.app/Contents/Developer/Platforms/iPhoneSimulator.platform/Developer/Library/Frameworks/XCUIAutomation.framework/Headers/XCUIElementTypeQueryProvider.h:62:46: note: property declared here
@property (readonly, copy) XCUIElementQuery *staticTexts;
                                             ^
/Users/hem/Documents/opt/my-daily-sprints/TimeBox/TimeBoxUITests/BacklogViewUITests.swift:40:10: note: add '@MainActor' to make instance method 'testCreateTaskViewOpensWithAllFields()' part of global actor 'MainActor'
    func testCreateTaskViewOpensWithAllFields() throws {
         ^
    @MainActor 
/Users/hem/Documents/opt/my-daily-sprints/TimeBox/TimeBoxUITests/BacklogViewUITests.swift:74:118: warning: main actor-isolated property 'exists' can not be referenced from a nonisolated autoclosure
                            app.staticTexts.matching(NSPredicate(format: "label CONTAINS 'Aufgabentyp'")).firstMatch.exists
                                                                                                                     ^
/Applications/Xcode.app/Contents/Developer/Platforms/iPhoneSimulator.platform/Developer/Library/Frameworks/XCUIAutomation.framework/Headers/XCUIElement.h:54:27: note: property declared here
@property (readonly) BOOL exists;
                          ^
/Users/hem/Documents/opt/my-daily-sprints/TimeBox/TimeBoxUITests/BacklogViewUITests.swift:74:107: warning: main actor-isolated property 'firstMatch' can not be referenced from a nonisolated autoclosure
                            app.staticTexts.matching(NSPredicate(format: "label CONTAINS 'Aufgabentyp'")).firstMatch.exists
                                                                                                          ^
/Applications/Xcode.app/Contents/Developer/Platforms/iPhoneSimulator.platform/Developer/Library/Frameworks/XCUIAutomation.framework/Headers/XCUIElementTypeQueryProvider.h:105:35: note: property declared here
@property (readonly) XCUIElement *firstMatch;
                                  ^
/Users/hem/Documents/opt/my-daily-sprints/TimeBox/TimeBoxUITests/BacklogViewUITests.swift:74:45: warning: call to main actor-isolated instance method 'matching' in a synchronous nonisolated context
                            app.staticTexts.matching(NSPredicate(format: "label CONTAINS 'Aufgabentyp'")).firstMatch.exists
                                            ^
XCUIAutomation.XCUIElementQuery.matching:2:22: note: calls to instance method 'matching' from outside of its actor context are implicitly asynchronous
@MainActor open func matching(_ predicate: NSPredicate) -> XCUIElementQuery}
                     ^
XCUIAutomation.XCUIElementQuery.matching:2:22: note: main actor isolation inferred from conformance to protocol 'XCUIElementTypeQueryProvider'
@MainActor open func matching(_ predicate: NSPredicate) -> XCUIElementQuery}
                     ^
/Users/hem/Documents/opt/my-daily-sprints/TimeBox/TimeBoxUITests/BacklogViewUITests.swift:74:33: warning: main actor-isolated property 'staticTexts' can not be referenced from a nonisolated autoclosure
                            app.staticTexts.matching(NSPredicate(format: "label CONTAINS 'Aufgabentyp'")).firstMatch.exists
                                ^
/Applications/Xcode.app/Contents/Developer/Platforms/iPhoneSimulator.platform/Developer/Library/Frameworks/XCUIAutomation.framework/Headers/XCUIElementTypeQueryProvider.h:62:46: note: property declared here
@property (readonly, copy) XCUIElementQuery *staticTexts;
                                             ^
/Users/hem/Documents/opt/my-daily-sprints/TimeBox/TimeBoxUITests/BacklogViewUITests.swift:78:13: warning: call to main actor-isolated instance method 'swipeUp()' in a synchronous nonisolated context
        app.swipeUp()
            ^
XCUIAutomation.XCUIElement.swipeUp:2:22: note: calls to instance method 'swipeUp()' from outside of its actor context are implicitly asynchronous
@MainActor open func swipeUp()}
                     ^
/Users/hem/Documents/opt/my-daily-sprints/TimeBox/TimeBoxUITests/BacklogViewUITests.swift:40:10: note: add '@MainActor' to make instance method 'testCreateTaskViewOpensWithAllFields()' part of global actor 'MainActor'
    func testCreateTaskViewOpensWithAllFields() throws {
         ^
    @MainActor 
/Users/hem/Documents/opt/my-daily-sprints/TimeBox/TimeBoxUITests/BacklogViewUITests.swift:80:115: warning: main actor-isolated property 'firstMatch' can not be referenced from a nonisolated context
        let categoryField = app.textFields.matching(NSPredicate(format: "placeholderValue CONTAINS 'Kategorie'")).firstMatch
                                                                                                                  ^
/Applications/Xcode.app/Contents/Developer/Platforms/iPhoneSimulator.platform/Developer/Library/Frameworks/XCUIAutomation.framework/Headers/XCUIElementTypeQueryProvider.h:105:35: note: property declared here
@property (readonly) XCUIElement *firstMatch;
                                  ^
/Users/hem/Documents/opt/my-daily-sprints/TimeBox/TimeBoxUITests/BacklogViewUITests.swift:40:10: note: add '@MainActor' to make instance method 'testCreateTaskViewOpensWithAllFields()' part of global actor 'MainActor'
    func testCreateTaskViewOpensWithAllFields() throws {
         ^
    @MainActor 
/Users/hem/Documents/opt/my-daily-sprints/TimeBox/TimeBoxUITests/BacklogViewUITests.swift:80:44: warning: call to main actor-isolated instance method 'matching' in a synchronous nonisolated context
        let categoryField = app.textFields.matching(NSPredicate(format: "placeholderValue CONTAINS 'Kategorie'")).firstMatch
                                           ^
XCUIAutomation.XCUIElementQuery.matching:2:22: note: calls to instance method 'matching' from outside of its actor context are implicitly asynchronous
@MainActor open func matching(_ predicate: NSPredicate) -> XCUIElementQuery}
                     ^
XCUIAutomation.XCUIElementQuery.matching:2:22: note: main actor isolation inferred from conformance to protocol 'XCUIElementTypeQueryProvider'
@MainActor open func matching(_ predicate: NSPredicate) -> XCUIElementQuery}
                     ^
/Users/hem/Documents/opt/my-daily-sprints/TimeBox/TimeBoxUITests/BacklogViewUITests.swift:40:10: note: add '@MainActor' to make instance method 'testCreateTaskViewOpensWithAllFields()' part of global actor 'MainActor'
    func testCreateTaskViewOpensWithAllFields() throws {
         ^
    @MainActor 
/Users/hem/Documents/opt/my-daily-sprints/TimeBox/TimeBoxUITests/BacklogViewUITests.swift:80:33: warning: main actor-isolated property 'textFields' can not be referenced from a nonisolated context
        let categoryField = app.textFields.matching(NSPredicate(format: "placeholderValue CONTAINS 'Kategorie'")).firstMatch
                                ^
/Applications/Xcode.app/Contents/Developer/Platforms/iPhoneSimulator.platform/Developer/Library/Frameworks/XCUIAutomation.framework/Headers/XCUIElementTypeQueryProvider.h:63:46: note: property declared here
@property (readonly, copy) XCUIElementQuery *textFields;
                                             ^
/Users/hem/Documents/opt/my-daily-sprints/TimeBox/TimeBoxUITests/BacklogViewUITests.swift:40:10: note: add '@MainActor' to make instance method 'testCreateTaskViewOpensWithAllFields()' part of global actor 'MainActor'
    func testCreateTaskViewOpensWithAllFields() throws {
         ^
    @MainActor 
/Users/hem/Documents/opt/my-daily-sprints/TimeBox/TimeBoxUITests/BacklogViewUITests.swift:81:37: warning: call to main actor-isolated instance method 'waitForExistence(timeout:)' in a synchronous nonisolated context
        XCTAssertTrue(categoryField.waitForExistence(timeout: 2), "Category field should exist")
                                    ^
XCUIAutomation.XCUIElement.waitForExistence:2:22: note: calls to instance method 'waitForExistence(timeout:)' from outside of its actor context are implicitly asynchronous
@MainActor open func waitForExistence(timeout: TimeInterval) -> Bool}
                     ^
/Users/hem/Documents/opt/my-daily-sprints/TimeBox/TimeBoxUITests/BacklogViewUITests.swift:84:41: warning: main actor-isolated subscript 'subscript(_:)' can not be referenced from a nonisolated context
        let dueDateToggle = app.switches["Fälligkeitsdatum"]
XCUIAutomation.XCUIElementQuery.subscript:2:17: note: subscript declared here
@MainActor open subscript(key: String) -> XCUIElement { get }}
                ^
/Users/hem/Documents/opt/my-daily-sprints/TimeBox/TimeBoxUITests/BacklogViewUITests.swift:40:10: note: add '@MainActor' to make instance method 'testCreateTaskViewOpensWithAllFields()' part of global actor 'MainActor'
    func testCreateTaskViewOpensWithAllFields() throws {
         ^
    @MainActor 
/Users/hem/Documents/opt/my-daily-sprints/TimeBox/TimeBoxUITests/BacklogViewUITests.swift:84:33: warning: main actor-isolated property 'switches' can not be referenced from a nonisolated context
        let dueDateToggle = app.switches["Fälligkeitsdatum"]
/Applications/Xcode.app/Contents/Developer/Platforms/iPhoneSimulator.platform/Developer/Library/Frameworks/XCUIAutomation.framework/Headers/XCUIElementTypeQueryProvider.h:54:46: note: property declared here
@property (readonly, copy) XCUIElementQuery *switches;
                                             ^
/Users/hem/Documents/opt/my-daily-sprints/TimeBox/TimeBoxUITests/BacklogViewUITests.swift:40:10: note: add '@MainActor' to make instance method 'testCreateTaskViewOpensWithAllFields()' part of global actor 'MainActor'
    func testCreateTaskViewOpensWithAllFields() throws {
         ^
    @MainActor 
/Users/hem/Documents/opt/my-daily-sprints/TimeBox/TimeBoxUITests/BacklogViewUITests.swift:85:37: warning: call to main actor-isolated instance method 'waitForExistence(timeout:)' in a synchronous nonisolated context
        XCTAssertTrue(dueDateToggle.waitForExistence(timeout: 2), "Due date toggle should exist")
                                    ^
XCUIAutomation.XCUIElement.waitForExistence:2:22: note: calls to instance method 'waitForExistence(timeout:)' from outside of its actor context are implicitly asynchronous
@MainActor open func waitForExistence(timeout: TimeInterval) -> Bool}
                     ^
/Users/hem/Documents/opt/my-daily-sprints/TimeBox/TimeBoxUITests/BacklogViewUITests.swift:88:13: warning: call to main actor-isolated instance method 'swipeUp()' in a synchronous nonisolated context
        app.swipeUp()
            ^
XCUIAutomation.XCUIElement.swipeUp:2:22: note: calls to instance method 'swipeUp()' from outside of its actor context are implicitly asynchronous
@MainActor open func swipeUp()}
                     ^
/Users/hem/Documents/opt/my-daily-sprints/TimeBox/TimeBoxUITests/BacklogViewUITests.swift:40:10: note: add '@MainActor' to make instance method 'testCreateTaskViewOpensWithAllFields()' part of global actor 'MainActor'
    func testCreateTaskViewOpensWithAllFields() throws {
         ^
    @MainActor 
/Users/hem/Documents/opt/my-daily-sprints/TimeBox/TimeBoxUITests/BacklogViewUITests.swift:90:43: warning: main actor-isolated subscript 'subscript(_:)' can not be referenced from a nonisolated context
        let recurringToggle = app.switches["Wiederkehrende Aufgabe"]
                                          ^
XCUIAutomation.XCUIElementQuery.subscript:2:17: note: subscript declared here
@MainActor open subscript(key: String) -> XCUIElement { get }}
                ^
/Users/hem/Documents/opt/my-daily-sprints/TimeBox/TimeBoxUITests/BacklogViewUITests.swift:40:10: note: add '@MainActor' to make instance method 'testCreateTaskViewOpensWithAllFields()' part of global actor 'MainActor'
    func testCreateTaskViewOpensWithAllFields() throws {
         ^
    @MainActor 
/Users/hem/Documents/opt/my-daily-sprints/TimeBox/TimeBoxUITests/BacklogViewUITests.swift:90:35: warning: main actor-isolated property 'switches' can not be referenced from a nonisolated context
        let recurringToggle = app.switches["Wiederkehrende Aufgabe"]
                                  ^
/Applications/Xcode.app/Contents/Developer/Platforms/iPhoneSimulator.platform/Developer/Library/Frameworks/XCUIAutomation.framework/Headers/XCUIElementTypeQueryProvider.h:54:46: note: property declared here
@property (readonly, copy) XCUIElementQuery *switches;
                                             ^
/Users/hem/Documents/opt/my-daily-sprints/TimeBox/TimeBoxUITests/BacklogViewUITests.swift:40:10: note: add '@MainActor' to make instance method 'testCreateTaskViewOpensWithAllFields()' part of global actor 'MainActor'
    func testCreateTaskViewOpensWithAllFields() throws {
         ^
    @MainActor 
/Users/hem/Documents/opt/my-daily-sprints/TimeBox/TimeBoxUITests/BacklogViewUITests.swift:91:39: warning: call to main actor-isolated instance method 'waitForExistence(timeout:)' in a synchronous nonisolated context
        XCTAssertTrue(recurringToggle.waitForExistence(timeout: 2), "Recurring toggle should exist")
                                      ^
XCUIAutomation.XCUIElement.waitForExistence:2:22: note: calls to instance method 'waitForExistence(timeout:)' from outside of its actor context are implicitly asynchronous
@MainActor open func waitForExistence(timeout: TimeInterval) -> Bool}
                     ^
/Users/hem/Documents/opt/my-daily-sprints/TimeBox/TimeBoxUITests/BacklogViewUITests.swift:94:58: warning: main actor-isolated property 'exists' can not be referenced from a nonisolated context
        let descriptionExists = app.textViews.firstMatch.exists ||
                                                         ^
/Applications/Xcode.app/Contents/Developer/Platforms/iPhoneSimulator.platform/Developer/Library/Frameworks/XCUIAutomation.framework/Headers/XCUIElement.h:54:27: note: property declared here
@property (readonly) BOOL exists;
                          ^
/Users/hem/Documents/opt/my-daily-sprints/TimeBox/TimeBoxUITests/BacklogViewUITests.swift:40:10: note: add '@MainActor' to make instance method 'testCreateTaskViewOpensWithAllFields()' part of global actor 'MainActor'
    func testCreateTaskViewOpensWithAllFields() throws {
         ^
    @MainActor 
/Users/hem/Documents/opt/my-daily-sprints/TimeBox/TimeBoxUITests/BacklogViewUITests.swift:94:47: warning: main actor-isolated property 'firstMatch' can not be referenced from a nonisolated context
        let descriptionExists = app.textViews.firstMatch.exists ||
                                              ^
/Applications/Xcode.app/Contents/Developer/Platforms/iPhoneSimulator.platform/Developer/Library/Frameworks/XCUIAutomation.framework/Headers/XCUIElementTypeQueryProvider.h:105:35: note: property declared here
@property (readonly) XCUIElement *firstMatch;
                                  ^
/Users/hem/Documents/opt/my-daily-sprints/TimeBox/TimeBoxUITests/BacklogViewUITests.swift:40:10: note: add '@MainActor' to make instance method 'testCreateTaskViewOpensWithAllFields()' part of global actor 'MainActor'
    func testCreateTaskViewOpensWithAllFields() throws {
         ^
    @MainActor 
/Users/hem/Documents/opt/my-daily-sprints/TimeBox/TimeBoxUITests/BacklogViewUITests.swift:94:37: warning: main actor-isolated property 'textViews' can not be referenced from a nonisolated context
        let descriptionExists = app.textViews.firstMatch.exists ||
                                    ^
/Applications/Xcode.app/Contents/Developer/Platforms/iPhoneSimulator.platform/Developer/Library/Frameworks/XCUIAutomation.framework/Headers/XCUIElementTypeQueryProvider.h:66:46: note: property declared here
@property (readonly, copy) XCUIElementQuery *textViews;
                                             ^
/Users/hem/Documents/opt/my-daily-sprints/TimeBox/TimeBoxUITests/BacklogViewUITests.swift:40:10: note: add '@MainActor' to make instance method 'testCreateTaskViewOpensWithAllFields()' part of global actor 'MainActor'
    func testCreateTaskViewOpensWithAllFields() throws {
         ^
    @MainActor 
/Users/hem/Documents/opt/my-daily-sprints/TimeBox/TimeBoxUITests/BacklogViewUITests.swift:95:117: warning: main actor-isolated property 'exists' can not be referenced from a nonisolated autoclosure
                               app.staticTexts.matching(NSPredicate(format: "label CONTAINS 'Notizen'")).firstMatch.exists
                                                                                                                    ^
/Applications/Xcode.app/Contents/Developer/Platforms/iPhoneSimulator.platform/Developer/Library/Frameworks/XCUIAutomation.framework/Headers/XCUIElement.h:54:27: note: property declared here
@property (readonly) BOOL exists;
                          ^
/Users/hem/Documents/opt/my-daily-sprints/TimeBox/TimeBoxUITests/BacklogViewUITests.swift:95:106: warning: main actor-isolated property 'firstMatch' can not be referenced from a nonisolated autoclosure
                               app.staticTexts.matching(NSPredicate(format: "label CONTAINS 'Notizen'")).firstMatch.exists
                                                                                                         ^
/Applications/Xcode.app/Contents/Developer/Platforms/iPhoneSimulator.platform/Developer/Library/Frameworks/XCUIAutomation.framework/Headers/XCUIElementTypeQueryProvider.h:105:35: note: property declared here
@property (readonly) XCUIElement *firstMatch;
                                  ^
/Users/hem/Documents/opt/my-daily-sprints/TimeBox/TimeBoxUITests/BacklogViewUITests.swift:95:48: warning: call to main actor-isolated instance method 'matching' in a synchronous nonisolated context
                               app.staticTexts.matching(NSPredicate(format: "label CONTAINS 'Notizen'")).firstMatch.exists
                                               ^
XCUIAutomation.XCUIElementQuery.matching:2:22: note: calls to instance method 'matching' from outside of its actor context are implicitly asynchronous
@MainActor open func matching(_ predicate: NSPredicate) -> XCUIElementQuery}
                     ^
XCUIAutomation.XCUIElementQuery.matching:2:22: note: main actor isolation inferred from conformance to protocol 'XCUIElementTypeQueryProvider'
@MainActor open func matching(_ predicate: NSPredicate) -> XCUIElementQuery}
                     ^
/Users/hem/Documents/opt/my-daily-sprints/TimeBox/TimeBoxUITests/BacklogViewUITests.swift:95:36: warning: main actor-isolated property 'staticTexts' can not be referenced from a nonisolated autoclosure
                               app.staticTexts.matching(NSPredicate(format: "label CONTAINS 'Notizen'")).firstMatch.exists
                                   ^
/Applications/Xcode.app/Contents/Developer/Platforms/iPhoneSimulator.platform/Developer/Library/Frameworks/XCUIAutomation.framework/Headers/XCUIElementTypeQueryProvider.h:62:46: note: property declared here
@property (readonly, copy) XCUIElementQuery *staticTexts;
                                             ^
/Users/hem/Documents/opt/my-daily-sprints/TimeBox/TimeBoxUITests/BacklogViewUITests.swift:99:54: warning: main actor-isolated subscript 'subscript(_:)' can not be referenced from a nonisolated context
        let cancelButton = app.navigationBars.buttons["Abbrechen"]
                                                     ^
XCUIAutomation.XCUIElementQuery.subscript:2:17: note: subscript declared here
@MainActor open subscript(key: String) -> XCUIElement { get }}
                ^
/Users/hem/Documents/opt/my-daily-sprints/TimeBox/TimeBoxUITests/BacklogViewUITests.swift:40:10: note: add '@MainActor' to make instance method 'testCreateTaskViewOpensWithAllFields()' part of global actor 'MainActor'
    func testCreateTaskViewOpensWithAllFields() throws {
         ^
    @MainActor 
/Users/hem/Documents/opt/my-daily-sprints/TimeBox/TimeBoxUITests/BacklogViewUITests.swift:99:47: warning: main actor-isolated property 'buttons' can not be referenced from a nonisolated context
        let cancelButton = app.navigationBars.buttons["Abbrechen"]
                                              ^
/Applications/Xcode.app/Contents/Developer/Platforms/iPhoneSimulator.platform/Developer/Library/Frameworks/XCUIAutomation.framework/Headers/XCUIElementTypeQueryProvider.h:22:46: note: property declared here
@property (readonly, copy) XCUIElementQuery *buttons;
                                             ^
/Users/hem/Documents/opt/my-daily-sprints/TimeBox/TimeBoxUITests/BacklogViewUITests.swift:40:10: note: add '@MainActor' to make instance method 'testCreateTaskViewOpensWithAllFields()' part of global actor 'MainActor'
    func testCreateTaskViewOpensWithAllFields() throws {
         ^
    @MainActor 
/Users/hem/Documents/opt/my-daily-sprints/TimeBox/TimeBoxUITests/BacklogViewUITests.swift:99:32: warning: main actor-isolated property 'navigationBars' can not be referenced from a nonisolated context
        let cancelButton = app.navigationBars.buttons["Abbrechen"]
                               ^
/Applications/Xcode.app/Contents/Developer/Platforms/iPhoneSimulator.platform/Developer/Library/Frameworks/XCUIAutomation.framework/Headers/XCUIElementTypeQueryProvider.h:34:46: note: property declared here
@property (readonly, copy) XCUIElementQuery *navigationBars;
                                             ^
/Users/hem/Documents/opt/my-daily-sprints/TimeBox/TimeBoxUITests/BacklogViewUITests.swift:40:10: note: add '@MainActor' to make instance method 'testCreateTaskViewOpensWithAllFields()' part of global actor 'MainActor'
    func testCreateTaskViewOpensWithAllFields() throws {
         ^
    @MainActor 
/Users/hem/Documents/opt/my-daily-sprints/TimeBox/TimeBoxUITests/BacklogViewUITests.swift:100:52: warning: main actor-isolated subscript 'subscript(_:)' can not be referenced from a nonisolated context
        let saveButton = app.navigationBars.buttons["Speichern"]
                                                   ^
XCUIAutomation.XCUIElementQuery.subscript:2:17: note: subscript declared here
@MainActor open subscript(key: String) -> XCUIElement { get }}
                ^
/Users/hem/Documents/opt/my-daily-sprints/TimeBox/TimeBoxUITests/BacklogViewUITests.swift:40:10: note: add '@MainActor' to make instance method 'testCreateTaskViewOpensWithAllFields()' part of global actor 'MainActor'
    func testCreateTaskViewOpensWithAllFields() throws {
         ^
    @MainActor 
/Users/hem/Documents/opt/my-daily-sprints/TimeBox/TimeBoxUITests/BacklogViewUITests.swift:100:45: warning: main actor-isolated property 'buttons' can not be referenced from a nonisolated context
        let saveButton = app.navigationBars.buttons["Speichern"]
                                            ^
/Applications/Xcode.app/Contents/Developer/Platforms/iPhoneSimulator.platform/Developer/Library/Frameworks/XCUIAutomation.framework/Headers/XCUIElementTypeQueryProvider.h:22:46: note: property declared here
@property (readonly, copy) XCUIElementQuery *buttons;
                                             ^
/Users/hem/Documents/opt/my-daily-sprints/TimeBox/TimeBoxUITests/BacklogViewUITests.swift:40:10: note: add '@MainActor' to make instance method 'testCreateTaskViewOpensWithAllFields()' part of global actor 'MainActor'
    func testCreateTaskViewOpensWithAllFields() throws {
         ^
    @MainActor 
/Users/hem/Documents/opt/my-daily-sprints/TimeBox/TimeBoxUITests/BacklogViewUITests.swift:100:30: warning: main actor-isolated property 'navigationBars' can not be referenced from a nonisolated context
        let saveButton = app.navigationBars.buttons["Speichern"]
                             ^
/Applications/Xcode.app/Contents/Developer/Platforms/iPhoneSimulator.platform/Developer/Library/Frameworks/XCUIAutomation.framework/Headers/XCUIElementTypeQueryProvider.h:34:46: note: property declared here
@property (readonly, copy) XCUIElementQuery *navigationBars;
                                             ^
/Users/hem/Documents/opt/my-daily-sprints/TimeBox/TimeBoxUITests/BacklogViewUITests.swift:40:10: note: add '@MainActor' to make instance method 'testCreateTaskViewOpensWithAllFields()' part of global actor 'MainActor'
    func testCreateTaskViewOpensWithAllFields() throws {
         ^
    @MainActor 
/Users/hem/Documents/opt/my-daily-sprints/TimeBox/TimeBoxUITests/BacklogViewUITests.swift:101:36: warning: main actor-isolated property 'exists' can not be referenced from a nonisolated autoclosure
        XCTAssertTrue(cancelButton.exists, "Cancel button should exist in navigation bar")
                                   ^
/Applications/Xcode.app/Contents/Developer/Platforms/iPhoneSimulator.platform/Developer/Library/Frameworks/XCUIAutomation.framework/Headers/XCUIElement.h:54:27: note: property declared here
@property (readonly) BOOL exists;
                          ^
/Users/hem/Documents/opt/my-daily-sprints/TimeBox/TimeBoxUITests/BacklogViewUITests.swift:102:34: warning: main actor-isolated property 'exists' can not be referenced from a nonisolated autoclosure
        XCTAssertTrue(saveButton.exists, "Save button should exist in navigation bar")
                                 ^
/Applications/Xcode.app/Contents/Developer/Platforms/iPhoneSimulator.platform/Developer/Library/Frameworks/XCUIAutomation.framework/Headers/XCUIElement.h:54:27: note: property declared here
@property (readonly) BOOL exists;
                          ^
/Users/hem/Documents/opt/my-daily-sprints/TimeBox/TimeBoxUITests/BacklogViewUITests.swift:105:30: warning: call to main actor-isolated instance method 'screenshot()' in a synchronous nonisolated context
        let screenshot = app.screenshot()
                             ^
XCUIAutomation.XCUIElement.screenshot:2:22: note: calls to instance method 'screenshot()' from outside of its actor context are implicitly asynchronous
@MainActor open func screenshot() -> XCUIScreenshot}
                     ^
/Users/hem/Documents/opt/my-daily-sprints/TimeBox/TimeBoxUITests/BacklogViewUITests.swift:40:10: note: add '@MainActor' to make instance method 'testCreateTaskViewOpensWithAllFields()' part of global actor 'MainActor'
    func testCreateTaskViewOpensWithAllFields() throws {
         ^
    @MainActor 
/Users/hem/Documents/opt/my-daily-sprints/TimeBox/TimeBoxUITests/BacklogViewUITests.swift:112:22: warning: call to main actor-isolated instance method 'tap()' in a synchronous nonisolated context
        cancelButton.tap()
                     ^
XCUIAutomation.XCUIElement.tap:2:22: note: calls to instance method 'tap()' from outside of its actor context are implicitly asynchronous
@MainActor open func tap()}
                     ^
/Users/hem/Documents/opt/my-daily-sprints/TimeBox/TimeBoxUITests/BacklogViewUITests.swift:40:10: note: add '@MainActor' to make instance method 'testCreateTaskViewOpensWithAllFields()' part of global actor 'MainActor'
    func testCreateTaskViewOpensWithAllFields() throws {
         ^
    @MainActor 
/Users/hem/Documents/opt/my-daily-sprints/TimeBox/TimeBoxUITests/BacklogViewUITests.swift:120:35: warning: main actor-isolated property 'firstMatch' can not be referenced from a nonisolated context
        let firstCell = app.cells.firstMatch
                                  ^
/Applications/Xcode.app/Contents/Developer/Platforms/iPhoneSimulator.platform/Developer/Library/Frameworks/XCUIAutomation.framework/Headers/XCUIElementTypeQueryProvider.h:105:35: note: property declared here
@property (readonly) XCUIElement *firstMatch;
                                  ^
/Users/hem/Documents/opt/my-daily-sprints/TimeBox/TimeBoxUITests/BacklogViewUITests.swift:118:10: note: add '@MainActor' to make instance method 'testTasksAreDisplayedInList()' part of global actor 'MainActor'
    func testTasksAreDisplayedInList() throws {
         ^
    @MainActor 
/Users/hem/Documents/opt/my-daily-sprints/TimeBox/TimeBoxUITests/BacklogViewUITests.swift:120:29: warning: main actor-isolated property 'cells' can not be referenced from a nonisolated context
        let firstCell = app.cells.firstMatch
                            ^
/Applications/Xcode.app/Contents/Developer/Platforms/iPhoneSimulator.platform/Developer/Library/Frameworks/XCUIAutomation.framework/Headers/XCUIElementTypeQueryProvider.h:91:46: note: property declared here
@property (readonly, copy) XCUIElementQuery *cells;
                                             ^
/Users/hem/Documents/opt/my-daily-sprints/TimeBox/TimeBoxUITests/BacklogViewUITests.swift:118:10: note: add '@MainActor' to make instance method 'testTasksAreDisplayedInList()' part of global actor 'MainActor'
    func testTasksAreDisplayedInList() throws {
         ^
    @MainActor 
/Users/hem/Documents/opt/my-daily-sprints/TimeBox/TimeBoxUITests/BacklogViewUITests.swift:123:23: warning: call to main actor-isolated instance method 'waitForExistence(timeout:)' in a synchronous nonisolated context
        if !firstCell.waitForExistence(timeout: 10) {
                      ^
XCUIAutomation.XCUIElement.waitForExistence:2:22: note: calls to instance method 'waitForExistence(timeout:)' from outside of its actor context are implicitly asynchronous
@MainActor open func waitForExistence(timeout: TimeInterval) -> Bool}
                     ^
/Users/hem/Documents/opt/my-daily-sprints/TimeBox/TimeBoxUITests/BacklogViewUITests.swift:118:10: note: add '@MainActor' to make instance method 'testTasksAreDisplayedInList()' part of global actor 'MainActor'
    func testTasksAreDisplayedInList() throws {
         ^
    @MainActor 
/Users/hem/Documents/opt/my-daily-sprints/TimeBox/TimeBoxUITests/BacklogViewUITests.swift:124:45: warning: main actor-isolated subscript 'subscript(_:)' can not be referenced from a nonisolated context
            let emptyState = app.staticTexts["Keine Tasks"]
                                            ^
XCUIAutomation.XCUIElementQuery.subscript:2:17: note: subscript declared here
@MainActor open subscript(key: String) -> XCUIElement { get }}
                ^
/Users/hem/Documents/opt/my-daily-sprints/TimeBox/TimeBoxUITests/BacklogViewUITests.swift:118:10: note: add '@MainActor' to make instance method 'testTasksAreDisplayedInList()' part of global actor 'MainActor'
    func testTasksAreDisplayedInList() throws {
         ^
    @MainActor 
/Users/hem/Documents/opt/my-daily-sprints/TimeBox/TimeBoxUITests/BacklogViewUITests.swift:124:34: warning: main actor-isolated property 'staticTexts' can not be referenced from a nonisolated context
            let emptyState = app.staticTexts["Keine Tasks"]
                                 ^
/Applications/Xcode.app/Contents/Developer/Platforms/iPhoneSimulator.platform/Developer/Library/Frameworks/XCUIAutomation.framework/Headers/XCUIElementTypeQueryProvider.h:62:46: note: property declared here
@property (readonly, copy) XCUIElementQuery *staticTexts;
                                             ^
/Users/hem/Documents/opt/my-daily-sprints/TimeBox/TimeBoxUITests/BacklogViewUITests.swift:118:10: note: add '@MainActor' to make instance method 'testTasksAreDisplayedInList()' part of global actor 'MainActor'
    func testTasksAreDisplayedInList() throws {
         ^
    @MainActor 
/Users/hem/Documents/opt/my-daily-sprints/TimeBox/TimeBoxUITests/BacklogViewUITests.swift:125:38: warning: main actor-isolated property 'exists' can not be referenced from a nonisolated autoclosure
            XCTAssertTrue(emptyState.exists, "Should show empty state or tasks")
                                     ^
/Applications/Xcode.app/Contents/Developer/Platforms/iPhoneSimulator.platform/Developer/Library/Frameworks/XCUIAutomation.framework/Headers/XCUIElement.h:54:27: note: property declared here
@property (readonly) BOOL exists;
                          ^
/Users/hem/Documents/opt/my-daily-sprints/TimeBox/TimeBoxUITests/BacklogViewUITests.swift:130:33: warning: main actor-isolated property 'count' can not be referenced from a nonisolated autoclosure
        XCTAssertTrue(app.cells.count > 0, "Should have at least one task cell")
                                ^
/Applications/Xcode.app/Contents/Developer/Platforms/iPhoneSimulator.platform/Developer/Library/Frameworks/XCUIAutomation.framework/Headers/XCUIElementQuery.h:29:33: note: property declared here
@property (readonly) NSUInteger count;
                                ^
/Users/hem/Documents/opt/my-daily-sprints/TimeBox/TimeBoxUITests/BacklogViewUITests.swift:130:27: warning: main actor-isolated property 'cells' can not be referenced from a nonisolated autoclosure
        XCTAssertTrue(app.cells.count > 0, "Should have at least one task cell")
                          ^
/Applications/Xcode.app/Contents/Developer/Platforms/iPhoneSimulator.platform/Developer/Library/Frameworks/XCUIAutomation.framework/Headers/XCUIElementTypeQueryProvider.h:91:46: note: property declared here
@property (readonly, copy) XCUIElementQuery *cells;
                                             ^
/Users/hem/Documents/opt/my-daily-sprints/TimeBox/TimeBoxUITests/BacklogViewUITests.swift:139:13: warning: result of 'XCTSkip' initializer is unused
            XCTSkip("No tasks available for testing")
            ^      ~~~~~~~~~~~~~~~~~~~~~~~~~~~~~~~~~~
/Users/hem/Documents/opt/my-daily-sprints/TimeBox/TimeBoxUITests/BacklogViewUITests.swift:137:35: warning: main actor-isolated property 'firstMatch' can not be referenced from a nonisolated context
        let firstCell = app.cells.firstMatch
                                  ^
/Applications/Xcode.app/Contents/Developer/Platforms/iPhoneSimulator.platform/Developer/Library/Frameworks/XCUIAutomation.framework/Headers/XCUIElementTypeQueryProvider.h:105:35: note: property declared here
@property (readonly) XCUIElement *firstMatch;
                                  ^
/Users/hem/Documents/opt/my-daily-sprints/TimeBox/TimeBoxUITests/BacklogViewUITests.swift:136:10: note: add '@MainActor' to make instance method 'testTaskRowShowsDurationBadge()' part of global actor 'MainActor'
    func testTaskRowShowsDurationBadge() throws {
         ^
    @MainActor 
/Users/hem/Documents/opt/my-daily-sprints/TimeBox/TimeBoxUITests/BacklogViewUITests.swift:137:29: warning: main actor-isolated property 'cells' can not be referenced from a nonisolated context
        let firstCell = app.cells.firstMatch
                            ^
/Applications/Xcode.app/Contents/Developer/Platforms/iPhoneSimulator.platform/Developer/Library/Frameworks/XCUIAutomation.framework/Headers/XCUIElementTypeQueryProvider.h:91:46: note: property declared here
@property (readonly, copy) XCUIElementQuery *cells;
                                             ^
/Users/hem/Documents/opt/my-daily-sprints/TimeBox/TimeBoxUITests/BacklogViewUITests.swift:136:10: note: add '@MainActor' to make instance method 'testTaskRowShowsDurationBadge()' part of global actor 'MainActor'
    func testTaskRowShowsDurationBadge() throws {
         ^
    @MainActor 
/Users/hem/Documents/opt/my-daily-sprints/TimeBox/TimeBoxUITests/BacklogViewUITests.swift:138:25: warning: call to main actor-isolated instance method 'waitForExistence(timeout:)' in a synchronous nonisolated context
        guard firstCell.waitForExistence(timeout: 10) else {
                        ^
XCUIAutomation.XCUIElement.waitForExistence:2:22: note: calls to instance method 'waitForExistence(timeout:)' from outside of its actor context are implicitly asynchronous
@MainActor open func waitForExistence(timeout: TimeInterval) -> Bool}
                     ^
/Users/hem/Documents/opt/my-daily-sprints/TimeBox/TimeBoxUITests/BacklogViewUITests.swift:136:10: note: add '@MainActor' to make instance method 'testTaskRowShowsDurationBadge()' part of global actor 'MainActor'
    func testTaskRowShowsDurationBadge() throws {
         ^
    @MainActor 
/Users/hem/Documents/opt/my-daily-sprints/TimeBox/TimeBoxUITests/BacklogViewUITests.swift:146:11: warning: main actor-isolated property 'firstMatch' can not be referenced from a nonisolated context
        ).firstMatch
          ^
/Applications/Xcode.app/Contents/Developer/Platforms/iPhoneSimulator.platform/Developer/Library/Frameworks/XCUIAutomation.framework/Headers/XCUIElementTypeQueryProvider.h:105:35: note: property declared here
@property (readonly) XCUIElement *firstMatch;
                                  ^
/Users/hem/Documents/opt/my-daily-sprints/TimeBox/TimeBoxUITests/BacklogViewUITests.swift:136:10: note: add '@MainActor' to make instance method 'testTaskRowShowsDurationBadge()' part of global actor 'MainActor'
    func testTaskRowShowsDurationBadge() throws {
         ^
    @MainActor 
/Users/hem/Documents/opt/my-daily-sprints/TimeBox/TimeBoxUITests/BacklogViewUITests.swift:144:51: warning: call to main actor-isolated instance method 'matching' in a synchronous nonisolated context
        let durationBadge = firstCell.staticTexts.matching(
                                                  ^
XCUIAutomation.XCUIElementQuery.matching:2:22: note: calls to instance method 'matching' from outside of its actor context are implicitly asynchronous
@MainActor open func matching(_ predicate: NSPredicate) -> XCUIElementQuery}
                     ^
XCUIAutomation.XCUIElementQuery.matching:2:22: note: main actor isolation inferred from conformance to protocol 'XCUIElementTypeQueryProvider'
@MainActor open func matching(_ predicate: NSPredicate) -> XCUIElementQuery}
                     ^
/Users/hem/Documents/opt/my-daily-sprints/TimeBox/TimeBoxUITests/BacklogViewUITests.swift:136:10: note: add '@MainActor' to make instance method 'testTaskRowShowsDurationBadge()' part of global actor 'MainActor'
    func testTaskRowShowsDurationBadge() throws {
         ^
    @MainActor 
/Users/hem/Documents/opt/my-daily-sprints/TimeBox/TimeBoxUITests/BacklogViewUITests.swift:144:39: warning: main actor-isolated property 'staticTexts' can not be referenced from a nonisolated context
        let durationBadge = firstCell.staticTexts.matching(
                                      ^
/Applications/Xcode.app/Contents/Developer/Platforms/iPhoneSimulator.platform/Developer/Library/Frameworks/XCUIAutomation.framework/Headers/XCUIElementTypeQueryProvider.h:62:46: note: property declared here
@property (readonly, copy) XCUIElementQuery *staticTexts;
                                             ^
/Users/hem/Documents/opt/my-daily-sprints/TimeBox/TimeBoxUITests/BacklogViewUITests.swift:136:10: note: add '@MainActor' to make instance method 'testTaskRowShowsDurationBadge()' part of global actor 'MainActor'
    func testTaskRowShowsDurationBadge() throws {
         ^
    @MainActor 
/Users/hem/Documents/opt/my-daily-sprints/TimeBox/TimeBoxUITests/BacklogViewUITests.swift:148:37: warning: main actor-isolated property 'exists' can not be referenced from a nonisolated autoclosure
        XCTAssertTrue(durationBadge.exists, "Task row should show duration badge")
                                    ^
/Applications/Xcode.app/Contents/Developer/Platforms/iPhoneSimulator.platform/Developer/Library/Frameworks/XCUIAutomation.framework/Headers/XCUIElement.h:54:27: note: property declared here
@property (readonly) BOOL exists;
                          ^
/Users/hem/Documents/opt/my-daily-sprints/TimeBox/TimeBoxUITests/BacklogViewUITests.swift:159:13: warning: result of 'XCTSkip' initializer is unused
            XCTSkip("No tasks available for testing")
            ^      ~~~~~~~~~~~~~~~~~~~~~~~~~~~~~~~~~~
/Users/hem/Documents/opt/my-daily-sprints/TimeBox/TimeBoxUITests/BacklogViewUITests.swift:157:35: warning: main actor-isolated property 'firstMatch' can not be referenced from a nonisolated context
        let firstCell = app.cells.firstMatch
                                  ^
/Applications/Xcode.app/Contents/Developer/Platforms/iPhoneSimulator.platform/Developer/Library/Frameworks/XCUIAutomation.framework/Headers/XCUIElementTypeQueryProvider.h:105:35: note: property declared here
@property (readonly) XCUIElement *firstMatch;
                                  ^
/Users/hem/Documents/opt/my-daily-sprints/TimeBox/TimeBoxUITests/BacklogViewUITests.swift:156:10: note: add '@MainActor' to make instance method 'testEditModeShowsReorderHandles()' part of global actor 'MainActor'
    func testEditModeShowsReorderHandles() throws {
         ^
    @MainActor 
/Users/hem/Documents/opt/my-daily-sprints/TimeBox/TimeBoxUITests/BacklogViewUITests.swift:157:29: warning: main actor-isolated property 'cells' can not be referenced from a nonisolated context
        let firstCell = app.cells.firstMatch
                            ^
/Applications/Xcode.app/Contents/Developer/Platforms/iPhoneSimulator.platform/Developer/Library/Frameworks/XCUIAutomation.framework/Headers/XCUIElementTypeQueryProvider.h:91:46: note: property declared here
@property (readonly, copy) XCUIElementQuery *cells;
                                             ^
/Users/hem/Documents/opt/my-daily-sprints/TimeBox/TimeBoxUITests/BacklogViewUITests.swift:156:10: note: add '@MainActor' to make instance method 'testEditModeShowsReorderHandles()' part of global actor 'MainActor'
    func testEditModeShowsReorderHandles() throws {
         ^
    @MainActor 
/Users/hem/Documents/opt/my-daily-sprints/TimeBox/TimeBoxUITests/BacklogViewUITests.swift:158:25: warning: call to main actor-isolated instance method 'waitForExistence(timeout:)' in a synchronous nonisolated context
        guard firstCell.waitForExistence(timeout: 10) else {
                        ^
XCUIAutomation.XCUIElement.waitForExistence:2:22: note: calls to instance method 'waitForExistence(timeout:)' from outside of its actor context are implicitly asynchronous
@MainActor open func waitForExistence(timeout: TimeInterval) -> Bool}
                     ^
/Users/hem/Documents/opt/my-daily-sprints/TimeBox/TimeBoxUITests/BacklogViewUITests.swift:156:10: note: add '@MainActor' to make instance method 'testEditModeShowsReorderHandles()' part of global actor 'MainActor'
    func testEditModeShowsReorderHandles() throws {
         ^
    @MainActor 
/Users/hem/Documents/opt/my-daily-sprints/TimeBox/TimeBoxUITests/BacklogViewUITests.swift:164:52: warning: main actor-isolated subscript 'subscript(_:)' can not be referenced from a nonisolated context
        let editButton = app.navigationBars.buttons["Edit"]
                                                   ^
XCUIAutomation.XCUIElementQuery.subscript:2:17: note: subscript declared here
@MainActor open subscript(key: String) -> XCUIElement { get }}
                ^
/Users/hem/Documents/opt/my-daily-sprints/TimeBox/TimeBoxUITests/BacklogViewUITests.swift:156:10: note: add '@MainActor' to make instance method 'testEditModeShowsReorderHandles()' part of global actor 'MainActor'
    func testEditModeShowsReorderHandles() throws {
         ^
    @MainActor 
/Users/hem/Documents/opt/my-daily-sprints/TimeBox/TimeBoxUITests/BacklogViewUITests.swift:164:45: warning: main actor-isolated property 'buttons' can not be referenced from a nonisolated context
        let editButton = app.navigationBars.buttons["Edit"]
                                            ^
/Applications/Xcode.app/Contents/Developer/Platforms/iPhoneSimulator.platform/Developer/Library/Frameworks/XCUIAutomation.framework/Headers/XCUIElementTypeQueryProvider.h:22:46: note: property declared here
@property (readonly, copy) XCUIElementQuery *buttons;
                                             ^
/Users/hem/Documents/opt/my-daily-sprints/TimeBox/TimeBoxUITests/BacklogViewUITests.swift:156:10: note: add '@MainActor' to make instance method 'testEditModeShowsReorderHandles()' part of global actor 'MainActor'
    func testEditModeShowsReorderHandles() throws {
         ^
    @MainActor 
/Users/hem/Documents/opt/my-daily-sprints/TimeBox/TimeBoxUITests/BacklogViewUITests.swift:164:30: warning: main actor-isolated property 'navigationBars' can not be referenced from a nonisolated context
        let editButton = app.navigationBars.buttons["Edit"]
                             ^
/Applications/Xcode.app/Contents/Developer/Platforms/iPhoneSimulator.platform/Developer/Library/Frameworks/XCUIAutomation.framework/Headers/XCUIElementTypeQueryProvider.h:34:46: note: property declared here
@property (readonly, copy) XCUIElementQuery *navigationBars;
                                             ^
/Users/hem/Documents/opt/my-daily-sprints/TimeBox/TimeBoxUITests/BacklogViewUITests.swift:156:10: note: add '@MainActor' to make instance method 'testEditModeShowsReorderHandles()' part of global actor 'MainActor'
    func testEditModeShowsReorderHandles() throws {
         ^
    @MainActor 
/Users/hem/Documents/opt/my-daily-sprints/TimeBox/TimeBoxUITests/BacklogViewUITests.swift:165:20: warning: call to main actor-isolated instance method 'tap()' in a synchronous nonisolated context
        editButton.tap()
                   ^
XCUIAutomation.XCUIElement.tap:2:22: note: calls to instance method 'tap()' from outside of its actor context are implicitly asynchronous
@MainActor open func tap()}
                     ^
/Users/hem/Documents/opt/my-daily-sprints/TimeBox/TimeBoxUITests/BacklogViewUITests.swift:156:10: note: add '@MainActor' to make instance method 'testEditModeShowsReorderHandles()' part of global actor 'MainActor'
    func testEditModeShowsReorderHandles() throws {
         ^
    @MainActor 
/Users/hem/Documents/opt/my-daily-sprints/TimeBox/TimeBoxUITests/BacklogViewUITests.swift:168:52: warning: main actor-isolated subscript 'subscript(_:)' can not be referenced from a nonisolated context
        let doneButton = app.navigationBars.buttons["Done"]
                                                   ^
XCUIAutomation.XCUIElementQuery.subscript:2:17: note: subscript declared here
@MainActor open subscript(key: String) -> XCUIElement { get }}
                ^
/Users/hem/Documents/opt/my-daily-sprints/TimeBox/TimeBoxUITests/BacklogViewUITests.swift:156:10: note: add '@MainActor' to make instance method 'testEditModeShowsReorderHandles()' part of global actor 'MainActor'
    func testEditModeShowsReorderHandles() throws {
         ^
    @MainActor 
/Users/hem/Documents/opt/my-daily-sprints/TimeBox/TimeBoxUITests/BacklogViewUITests.swift:168:45: warning: main actor-isolated property 'buttons' can not be referenced from a nonisolated context
        let doneButton = app.navigationBars.buttons["Done"]
                                            ^
/Applications/Xcode.app/Contents/Developer/Platforms/iPhoneSimulator.platform/Developer/Library/Frameworks/XCUIAutomation.framework/Headers/XCUIElementTypeQueryProvider.h:22:46: note: property declared here
@property (readonly, copy) XCUIElementQuery *buttons;
                                             ^
/Users/hem/Documents/opt/my-daily-sprints/TimeBox/TimeBoxUITests/BacklogViewUITests.swift:156:10: note: add '@MainActor' to make instance method 'testEditModeShowsReorderHandles()' part of global actor 'MainActor'
    func testEditModeShowsReorderHandles() throws {
         ^
    @MainActor 
/Users/hem/Documents/opt/my-daily-sprints/TimeBox/TimeBoxUITests/BacklogViewUITests.swift:168:30: warning: main actor-isolated property 'navigationBars' can not be referenced from a nonisolated context
        let doneButton = app.navigationBars.buttons["Done"]
                             ^
/Applications/Xcode.app/Contents/Developer/Platforms/iPhoneSimulator.platform/Developer/Library/Frameworks/XCUIAutomation.framework/Headers/XCUIElementTypeQueryProvider.h:34:46: note: property declared here
@property (readonly, copy) XCUIElementQuery *navigationBars;
                                             ^
/Users/hem/Documents/opt/my-daily-sprints/TimeBox/TimeBoxUITests/BacklogViewUITests.swift:156:10: note: add '@MainActor' to make instance method 'testEditModeShowsReorderHandles()' part of global actor 'MainActor'
    func testEditModeShowsReorderHandles() throws {
         ^
    @MainActor 
/Users/hem/Documents/opt/my-daily-sprints/TimeBox/TimeBoxUITests/BacklogViewUITests.swift:169:34: warning: call to main actor-isolated instance method 'waitForExistence(timeout:)' in a synchronous nonisolated context
        XCTAssertTrue(doneButton.waitForExistence(timeout: 3), "Done button should appear in edit mode")
                                 ^
XCUIAutomation.XCUIElement.waitForExistence:2:22: note: calls to instance method 'waitForExistence(timeout:)' from outside of its actor context are implicitly asynchronous
@MainActor open func waitForExistence(timeout: TimeInterval) -> Bool}
                     ^
/Users/hem/Documents/opt/my-daily-sprints/TimeBox/TimeBoxUITests/BacklogViewUITests.swift:179:13: warning: result of 'XCTSkip' initializer is unused
            XCTSkip("No tasks available for testing")
            ^      ~~~~~~~~~~~~~~~~~~~~~~~~~~~~~~~~~~
/Users/hem/Documents/opt/my-daily-sprints/TimeBox/TimeBoxUITests/BacklogViewUITests.swift:184:13: warning: result of 'XCTSkip' initializer is unused
            XCTSkip("Need at least 2 tasks for reorder testing")
            ^      ~~~~~~~~~~~~~~~~~~~~~~~~~~~~~~~~~~~~~~~~~~~~~
/Users/hem/Documents/opt/my-daily-sprints/TimeBox/TimeBoxUITests/BacklogViewUITests.swift:190:13: warning: initialization of immutable value 'firstTitleBefore' was never used; consider replacing with assignment to '_' or removing it
        let firstTitleBefore = firstCellBefore.staticTexts.firstMatch.label
        ~~~~^~~~~~~~~~~~~~~~
        _
/Users/hem/Documents/opt/my-daily-sprints/TimeBox/TimeBoxUITests/BacklogViewUITests.swift:209:13: warning: initialization of immutable value 'firstTitleAfter' was never used; consider replacing with assignment to '_' or removing it
        let firstTitleAfter = firstCellAfter.staticTexts.firstMatch.label
        ~~~~^~~~~~~~~~~~~~~
        _
/Users/hem/Documents/opt/my-daily-sprints/TimeBox/TimeBoxUITests/BacklogViewUITests.swift:177:25: warning: main actor-isolated property 'cells' can not be referenced from a nonisolated context
        let cells = app.cells
                        ^
/Applications/Xcode.app/Contents/Developer/Platforms/iPhoneSimulator.platform/Developer/Library/Frameworks/XCUIAutomation.framework/Headers/XCUIElementTypeQueryProvider.h:91:46: note: property declared here
@property (readonly, copy) XCUIElementQuery *cells;
                                             ^
/Users/hem/Documents/opt/my-daily-sprints/TimeBox/TimeBoxUITests/BacklogViewUITests.swift:175:10: note: add '@MainActor' to make instance method 'testReorderTasksInEditMode()' part of global actor 'MainActor'
    func testReorderTasksInEditMode() throws {
         ^
    @MainActor 
/Users/hem/Documents/opt/my-daily-sprints/TimeBox/TimeBoxUITests/BacklogViewUITests.swift:178:32: warning: call to main actor-isolated instance method 'waitForExistence(timeout:)' in a synchronous nonisolated context
        guard cells.firstMatch.waitForExistence(timeout: 10) else {
                               ^
XCUIAutomation.XCUIElement.waitForExistence:2:22: note: calls to instance method 'waitForExistence(timeout:)' from outside of its actor context are implicitly asynchronous
@MainActor open func waitForExistence(timeout: TimeInterval) -> Bool}
                     ^
/Users/hem/Documents/opt/my-daily-sprints/TimeBox/TimeBoxUITests/BacklogViewUITests.swift:175:10: note: add '@MainActor' to make instance method 'testReorderTasksInEditMode()' part of global actor 'MainActor'
    func testReorderTasksInEditMode() throws {
         ^
    @MainActor 
/Users/hem/Documents/opt/my-daily-sprints/TimeBox/TimeBoxUITests/BacklogViewUITests.swift:178:21: warning: main actor-isolated property 'firstMatch' can not be referenced from a nonisolated context
        guard cells.firstMatch.waitForExistence(timeout: 10) else {
                    ^
/Applications/Xcode.app/Contents/Developer/Platforms/iPhoneSimulator.platform/Developer/Library/Frameworks/XCUIAutomation.framework/Headers/XCUIElementTypeQueryProvider.h:105:35: note: property declared here
@property (readonly) XCUIElement *firstMatch;
                                  ^
/Users/hem/Documents/opt/my-daily-sprints/TimeBox/TimeBoxUITests/BacklogViewUITests.swift:175:10: note: add '@MainActor' to make instance method 'testReorderTasksInEditMode()' part of global actor 'MainActor'
    func testReorderTasksInEditMode() throws {
         ^
    @MainActor 
/Users/hem/Documents/opt/my-daily-sprints/TimeBox/TimeBoxUITests/BacklogViewUITests.swift:183:21: warning: main actor-isolated property 'count' can not be referenced from a nonisolated context
        guard cells.count >= 2 else {
                    ^
/Applications/Xcode.app/Contents/Developer/Platforms/iPhoneSimulator.platform/Developer/Library/Frameworks/XCUIAutomation.framework/Headers/XCUIElementQuery.h:29:33: note: property declared here
@property (readonly) NSUInteger count;
                                ^
/Users/hem/Documents/opt/my-daily-sprints/TimeBox/TimeBoxUITests/BacklogViewUITests.swift:175:10: note: add '@MainActor' to make instance method 'testReorderTasksInEditMode()' part of global actor 'MainActor'
    func testReorderTasksInEditMode() throws {
         ^
    @MainActor 
/Users/hem/Documents/opt/my-daily-sprints/TimeBox/TimeBoxUITests/BacklogViewUITests.swift:189:37: warning: call to main actor-isolated instance method 'element(boundBy:)' in a synchronous nonisolated context
        let firstCellBefore = cells.element(boundBy: 0)
                                    ^
XCUIAutomation.XCUIElementQuery.element:2:22: note: calls to instance method 'element(boundBy:)' from outside of its actor context are implicitly asynchronous
@MainActor open func element(boundBy index: Int) -> XCUIElement}
                     ^
XCUIAutomation.XCUIElementQuery.element:2:22: note: main actor isolation inferred from conformance to protocol 'XCUIElementTypeQueryProvider'
@MainActor open func element(boundBy index: Int) -> XCUIElement}
                     ^
/Users/hem/Documents/opt/my-daily-sprints/TimeBox/TimeBoxUITests/BacklogViewUITests.swift:175:10: note: add '@MainActor' to make instance method 'testReorderTasksInEditMode()' part of global actor 'MainActor'
    func testReorderTasksInEditMode() throws {
         ^
    @MainActor 
/Users/hem/Documents/opt/my-daily-sprints/TimeBox/TimeBoxUITests/BacklogViewUITests.swift:190:71: warning: main actor-isolated property 'label' can not be referenced from a nonisolated context
        let firstTitleBefore = firstCellBefore.staticTexts.firstMatch.label
                                                                      ^
/Applications/Xcode.app/Contents/Developer/Platforms/iPhoneSimulator.platform/Developer/Library/Frameworks/XCUIAutomation.framework/Headers/XCUIElementAttributes.h:47:38: note: property declared here
@property (readonly, copy) NSString *label;
                                     ^
/Users/hem/Documents/opt/my-daily-sprints/TimeBox/TimeBoxUITests/BacklogViewUITests.swift:175:10: note: add '@MainActor' to make instance method 'testReorderTasksInEditMode()' part of global actor 'MainActor'
    func testReorderTasksInEditMode() throws {
         ^
    @MainActor 
/Users/hem/Documents/opt/my-daily-sprints/TimeBox/TimeBoxUITests/BacklogViewUITests.swift:190:60: warning: main actor-isolated property 'firstMatch' can not be referenced from a nonisolated context
        let firstTitleBefore = firstCellBefore.staticTexts.firstMatch.label
                                                           ^
/Applications/Xcode.app/Contents/Developer/Platforms/iPhoneSimulator.platform/Developer/Library/Frameworks/XCUIAutomation.framework/Headers/XCUIElementTypeQueryProvider.h:105:35: note: property declared here
@property (readonly) XCUIElement *firstMatch;
                                  ^
/Users/hem/Documents/opt/my-daily-sprints/TimeBox/TimeBoxUITests/BacklogViewUITests.swift:175:10: note: add '@MainActor' to make instance method 'testReorderTasksInEditMode()' part of global actor 'MainActor'
    func testReorderTasksInEditMode() throws {
         ^
    @MainActor 
/Users/hem/Documents/opt/my-daily-sprints/TimeBox/TimeBoxUITests/BacklogViewUITests.swift:190:48: warning: main actor-isolated property 'staticTexts' can not be referenced from a nonisolated context
        let firstTitleBefore = firstCellBefore.staticTexts.firstMatch.label
                                               ^
/Applications/Xcode.app/Contents/Developer/Platforms/iPhoneSimulator.platform/Developer/Library/Frameworks/XCUIAutomation.framework/Headers/XCUIElementTypeQueryProvider.h:62:46: note: property declared here
@property (readonly, copy) XCUIElementQuery *staticTexts;
                                             ^
/Users/hem/Documents/opt/my-daily-sprints/TimeBox/TimeBoxUITests/BacklogViewUITests.swift:175:10: note: add '@MainActor' to make instance method 'testReorderTasksInEditMode()' part of global actor 'MainActor'
    func testReorderTasksInEditMode() throws {
         ^
    @MainActor 
/Users/hem/Documents/opt/my-daily-sprints/TimeBox/TimeBoxUITests/BacklogViewUITests.swift:193:44: warning: call to main actor-isolated instance method 'tap()' in a synchronous nonisolated context
        app.navigationBars.buttons["Edit"].tap()
                                           ^
XCUIAutomation.XCUIElement.tap:2:22: note: calls to instance method 'tap()' from outside of its actor context are implicitly asynchronous
@MainActor open func tap()}
                     ^
/Users/hem/Documents/opt/my-daily-sprints/TimeBox/TimeBoxUITests/BacklogViewUITests.swift:175:10: note: add '@MainActor' to make instance method 'testReorderTasksInEditMode()' part of global actor 'MainActor'
    func testReorderTasksInEditMode() throws {
         ^
    @MainActor 
/Users/hem/Documents/opt/my-daily-sprints/TimeBox/TimeBoxUITests/BacklogViewUITests.swift:193:35: warning: main actor-isolated subscript 'subscript(_:)' can not be referenced from a nonisolated context
        app.navigationBars.buttons["Edit"].tap()
                                  ^
XCUIAutomation.XCUIElementQuery.subscript:2:17: note: subscript declared here
@MainActor open subscript(key: String) -> XCUIElement { get }}
                ^
/Users/hem/Documents/opt/my-daily-sprints/TimeBox/TimeBoxUITests/BacklogViewUITests.swift:175:10: note: add '@MainActor' to make instance method 'testReorderTasksInEditMode()' part of global actor 'MainActor'
    func testReorderTasksInEditMode() throws {
         ^
    @MainActor 
/Users/hem/Documents/opt/my-daily-sprints/TimeBox/TimeBoxUITests/BacklogViewUITests.swift:193:28: warning: main actor-isolated property 'buttons' can not be referenced from a nonisolated context
        app.navigationBars.buttons["Edit"].tap()
                           ^
/Applications/Xcode.app/Contents/Developer/Platforms/iPhoneSimulator.platform/Developer/Library/Frameworks/XCUIAutomation.framework/Headers/XCUIElementTypeQueryProvider.h:22:46: note: property declared here
@property (readonly, copy) XCUIElementQuery *buttons;
                                             ^
/Users/hem/Documents/opt/my-daily-sprints/TimeBox/TimeBoxUITests/BacklogViewUITests.swift:175:10: note: add '@MainActor' to make instance method 'testReorderTasksInEditMode()' part of global actor 'MainActor'
    func testReorderTasksInEditMode() throws {
         ^
    @MainActor 
/Users/hem/Documents/opt/my-daily-sprints/TimeBox/TimeBoxUITests/BacklogViewUITests.swift:193:13: warning: main actor-isolated property 'navigationBars' can not be referenced from a nonisolated context
        app.navigationBars.buttons["Edit"].tap()
            ^
/Applications/Xcode.app/Contents/Developer/Platforms/iPhoneSimulator.platform/Developer/Library/Frameworks/XCUIAutomation.framework/Headers/XCUIElementTypeQueryProvider.h:34:46: note: property declared here
@property (readonly, copy) XCUIElementQuery *navigationBars;
                                             ^
/Users/hem/Documents/opt/my-daily-sprints/TimeBox/TimeBoxUITests/BacklogViewUITests.swift:175:10: note: add '@MainActor' to make instance method 'testReorderTasksInEditMode()' part of global actor 'MainActor'
    func testReorderTasksInEditMode() throws {
         ^
    @MainActor 
/Users/hem/Documents/opt/my-daily-sprints/TimeBox/TimeBoxUITests/BacklogViewUITests.swift:197:31: warning: call to main actor-isolated instance method 'element(boundBy:)' in a synchronous nonisolated context
        let firstCell = cells.element(boundBy: 0)
                              ^
XCUIAutomation.XCUIElementQuery.element:2:22: note: calls to instance method 'element(boundBy:)' from outside of its actor context are implicitly asynchronous
@MainActor open func element(boundBy index: Int) -> XCUIElement}
                     ^
XCUIAutomation.XCUIElementQuery.element:2:22: note: main actor isolation inferred from conformance to protocol 'XCUIElementTypeQueryProvider'
@MainActor open func element(boundBy index: Int) -> XCUIElement}
                     ^
/Users/hem/Documents/opt/my-daily-sprints/TimeBox/TimeBoxUITests/BacklogViewUITests.swift:175:10: note: add '@MainActor' to make instance method 'testReorderTasksInEditMode()' part of global actor 'MainActor'
    func testReorderTasksInEditMode() throws {
         ^
    @MainActor 
/Users/hem/Documents/opt/my-daily-sprints/TimeBox/TimeBoxUITests/BacklogViewUITests.swift:198:32: warning: call to main actor-isolated instance method 'element(boundBy:)' in a synchronous nonisolated context
        let secondCell = cells.element(boundBy: 1)
                               ^
XCUIAutomation.XCUIElementQuery.element:2:22: note: calls to instance method 'element(boundBy:)' from outside of its actor context are implicitly asynchronous
@MainActor open func element(boundBy index: Int) -> XCUIElement}
                     ^
XCUIAutomation.XCUIElementQuery.element:2:22: note: main actor isolation inferred from conformance to protocol 'XCUIElementTypeQueryProvider'
@MainActor open func element(boundBy index: Int) -> XCUIElement}
                     ^
/Users/hem/Documents/opt/my-daily-sprints/TimeBox/TimeBoxUITests/BacklogViewUITests.swift:175:10: note: add '@MainActor' to make instance method 'testReorderTasksInEditMode()' part of global actor 'MainActor'
    func testReorderTasksInEditMode() throws {
         ^
    @MainActor 
/Users/hem/Documents/opt/my-daily-sprints/TimeBox/TimeBoxUITests/BacklogViewUITests.swift:200:19: warning: call to main actor-isolated instance method 'press(forDuration:thenDragTo:)' in a synchronous nonisolated context
        firstCell.press(forDuration: 0.5, thenDragTo: secondCell)
                  ^
XCUIAutomation.XCUIElement.press:2:22: note: calls to instance method 'press(forDuration:thenDragTo:)' from outside of its actor context are implicitly asynchronous
@MainActor open func press(forDuration duration: TimeInterval, thenDragTo otherElement: XCUIElement)}
                     ^
/Users/hem/Documents/opt/my-daily-sprints/TimeBox/TimeBoxUITests/BacklogViewUITests.swift:175:10: note: add '@MainActor' to make instance method 'testReorderTasksInEditMode()' part of global actor 'MainActor'
    func testReorderTasksInEditMode() throws {
         ^
    @MainActor 
/Users/hem/Documents/opt/my-daily-sprints/TimeBox/TimeBoxUITests/BacklogViewUITests.swift:204:44: warning: call to main actor-isolated instance method 'tap()' in a synchronous nonisolated context
        app.navigationBars.buttons["Done"].tap()
                                           ^
XCUIAutomation.XCUIElement.tap:2:22: note: calls to instance method 'tap()' from outside of its actor context are implicitly asynchronous
@MainActor open func tap()}
                     ^
/Users/hem/Documents/opt/my-daily-sprints/TimeBox/TimeBoxUITests/BacklogViewUITests.swift:175:10: note: add '@MainActor' to make instance method 'testReorderTasksInEditMode()' part of global actor 'MainActor'
    func testReorderTasksInEditMode() throws {
         ^
    @MainActor 
/Users/hem/Documents/opt/my-daily-sprints/TimeBox/TimeBoxUITests/BacklogViewUITests.swift:204:35: warning: main actor-isolated subscript 'subscript(_:)' can not be referenced from a nonisolated context
        app.navigationBars.buttons["Done"].tap()
                                  ^
XCUIAutomation.XCUIElementQuery.subscript:2:17: note: subscript declared here
@MainActor open subscript(key: String) -> XCUIElement { get }}
                ^
/Users/hem/Documents/opt/my-daily-sprints/TimeBox/TimeBoxUITests/BacklogViewUITests.swift:175:10: note: add '@MainActor' to make instance method 'testReorderTasksInEditMode()' part of global actor 'MainActor'
    func testReorderTasksInEditMode() throws {
         ^
    @MainActor 
/Users/hem/Documents/opt/my-daily-sprints/TimeBox/TimeBoxUITests/BacklogViewUITests.swift:204:28: warning: main actor-isolated property 'buttons' can not be referenced from a nonisolated context
        app.navigationBars.buttons["Done"].tap()
                           ^
/Applications/Xcode.app/Contents/Developer/Platforms/iPhoneSimulator.platform/Developer/Library/Frameworks/XCUIAutomation.framework/Headers/XCUIElementTypeQueryProvider.h:22:46: note: property declared here
@property (readonly, copy) XCUIElementQuery *buttons;
                                             ^
/Users/hem/Documents/opt/my-daily-sprints/TimeBox/TimeBoxUITests/BacklogViewUITests.swift:175:10: note: add '@MainActor' to make instance method 'testReorderTasksInEditMode()' part of global actor 'MainActor'
    func testReorderTasksInEditMode() throws {
         ^
    @MainActor 
/Users/hem/Documents/opt/my-daily-sprints/TimeBox/TimeBoxUITests/BacklogViewUITests.swift:204:13: warning: main actor-isolated property 'navigationBars' can not be referenced from a nonisolated context
        app.navigationBars.buttons["Done"].tap()
            ^
/Applications/Xcode.app/Contents/Developer/Platforms/iPhoneSimulator.platform/Developer/Library/Frameworks/XCUIAutomation.framework/Headers/XCUIElementTypeQueryProvider.h:34:46: note: property declared here
@property (readonly, copy) XCUIElementQuery *navigationBars;
                                             ^
/Users/hem/Documents/opt/my-daily-sprints/TimeBox/TimeBoxUITests/BacklogViewUITests.swift:175:10: note: add '@MainActor' to make instance method 'testReorderTasksInEditMode()' part of global actor 'MainActor'
    func testReorderTasksInEditMode() throws {
         ^
    @MainActor 
/Users/hem/Documents/opt/my-daily-sprints/TimeBox/TimeBoxUITests/BacklogViewUITests.swift:208:36: warning: call to main actor-isolated instance method 'element(boundBy:)' in a synchronous nonisolated context
        let firstCellAfter = cells.element(boundBy: 0)
                                   ^
XCUIAutomation.XCUIElementQuery.element:2:22: note: calls to instance method 'element(boundBy:)' from outside of its actor context are implicitly asynchronous
@MainActor open func element(boundBy index: Int) -> XCUIElement}
                     ^
XCUIAutomation.XCUIElementQuery.element:2:22: note: main actor isolation inferred from conformance to protocol 'XCUIElementTypeQueryProvider'
@MainActor open func element(boundBy index: Int) -> XCUIElement}
                     ^
/Users/hem/Documents/opt/my-daily-sprints/TimeBox/TimeBoxUITests/BacklogViewUITests.swift:175:10: note: add '@MainActor' to make instance method 'testReorderTasksInEditMode()' part of global actor 'MainActor'
    func testReorderTasksInEditMode() throws {
         ^
    @MainActor 
/Users/hem/Documents/opt/my-daily-sprints/TimeBox/TimeBoxUITests/BacklogViewUITests.swift:209:69: warning: main actor-isolated property 'label' can not be referenced from a nonisolated context
        let firstTitleAfter = firstCellAfter.staticTexts.firstMatch.label
                                                                    ^
/Applications/Xcode.app/Contents/Developer/Platforms/iPhoneSimulator.platform/Developer/Library/Frameworks/XCUIAutomation.framework/Headers/XCUIElementAttributes.h:47:38: note: property declared here
@property (readonly, copy) NSString *label;
                                     ^
/Users/hem/Documents/opt/my-daily-sprints/TimeBox/TimeBoxUITests/BacklogViewUITests.swift:175:10: note: add '@MainActor' to make instance method 'testReorderTasksInEditMode()' part of global actor 'MainActor'
    func testReorderTasksInEditMode() throws {
         ^
    @MainActor 
/Users/hem/Documents/opt/my-daily-sprints/TimeBox/TimeBoxUITests/BacklogViewUITests.swift:209:58: warning: main actor-isolated property 'firstMatch' can not be referenced from a nonisolated context
        let firstTitleAfter = firstCellAfter.staticTexts.firstMatch.label
                                                         ^
/Applications/Xcode.app/Contents/Developer/Platforms/iPhoneSimulator.platform/Developer/Library/Frameworks/XCUIAutomation.framework/Headers/XCUIElementTypeQueryProvider.h:105:35: note: property declared here
@property (readonly) XCUIElement *firstMatch;
                                  ^
/Users/hem/Documents/opt/my-daily-sprints/TimeBox/TimeBoxUITests/BacklogViewUITests.swift:175:10: note: add '@MainActor' to make instance method 'testReorderTasksInEditMode()' part of global actor 'MainActor'
    func testReorderTasksInEditMode() throws {
         ^
    @MainActor 
/Users/hem/Documents/opt/my-daily-sprints/TimeBox/TimeBoxUITests/BacklogViewUITests.swift:209:46: warning: main actor-isolated property 'staticTexts' can not be referenced from a nonisolated context
        let firstTitleAfter = firstCellAfter.staticTexts.firstMatch.label
                                             ^
/Applications/Xcode.app/Contents/Developer/Platforms/iPhoneSimulator.platform/Developer/Library/Frameworks/XCUIAutomation.framework/Headers/XCUIElementTypeQueryProvider.h:62:46: note: property declared here
@property (readonly, copy) XCUIElementQuery *staticTexts;
                                             ^
/Users/hem/Documents/opt/my-daily-sprints/TimeBox/TimeBoxUITests/BacklogViewUITests.swift:175:10: note: add '@MainActor' to make instance method 'testReorderTasksInEditMode()' part of global actor 'MainActor'
    func testReorderTasksInEditMode() throws {
         ^
    @MainActor 
/Users/hem/Documents/opt/my-daily-sprints/TimeBox/TimeBoxUITests/BacklogViewUITests.swift:227:13: warning: result of 'XCTSkip' initializer is unused
            XCTSkip("Tasks exist - cannot test empty state")
            ^      ~~~~~~~~~~~~~~~~~~~~~~~~~~~~~~~~~~~~~~~~~
/Users/hem/Documents/opt/my-daily-sprints/TimeBox/TimeBoxUITests/BacklogViewUITests.swift:224:35: warning: main actor-isolated property 'firstMatch' can not be referenced from a nonisolated context
        let firstCell = app.cells.firstMatch
                                  ^
/Applications/Xcode.app/Contents/Developer/Platforms/iPhoneSimulator.platform/Developer/Library/Frameworks/XCUIAutomation.framework/Headers/XCUIElementTypeQueryProvider.h:105:35: note: property declared here
@property (readonly) XCUIElement *firstMatch;
                                  ^
/Users/hem/Documents/opt/my-daily-sprints/TimeBox/TimeBoxUITests/BacklogViewUITests.swift:221:10: note: add '@MainActor' to make instance method 'testEmptyStateMessage()' part of global actor 'MainActor'
    func testEmptyStateMessage() throws {
         ^
    @MainActor 
/Users/hem/Documents/opt/my-daily-sprints/TimeBox/TimeBoxUITests/BacklogViewUITests.swift:224:29: warning: main actor-isolated property 'cells' can not be referenced from a nonisolated context
        let firstCell = app.cells.firstMatch
                            ^
/Applications/Xcode.app/Contents/Developer/Platforms/iPhoneSimulator.platform/Developer/Library/Frameworks/XCUIAutomation.framework/Headers/XCUIElementTypeQueryProvider.h:91:46: note: property declared here
@property (readonly, copy) XCUIElementQuery *cells;
                                             ^
/Users/hem/Documents/opt/my-daily-sprints/TimeBox/TimeBoxUITests/BacklogViewUITests.swift:221:10: note: add '@MainActor' to make instance method 'testEmptyStateMessage()' part of global actor 'MainActor'
    func testEmptyStateMessage() throws {
         ^
    @MainActor 
/Users/hem/Documents/opt/my-daily-sprints/TimeBox/TimeBoxUITests/BacklogViewUITests.swift:226:22: warning: call to main actor-isolated instance method 'waitForExistence(timeout:)' in a synchronous nonisolated context
        if firstCell.waitForExistence(timeout: 5) {
                     ^
XCUIAutomation.XCUIElement.waitForExistence:2:22: note: calls to instance method 'waitForExistence(timeout:)' from outside of its actor context are implicitly asynchronous
@MainActor open func waitForExistence(timeout: TimeInterval) -> Bool}
                     ^
/Users/hem/Documents/opt/my-daily-sprints/TimeBox/TimeBoxUITests/BacklogViewUITests.swift:221:10: note: add '@MainActor' to make instance method 'testEmptyStateMessage()' part of global actor 'MainActor'
    func testEmptyStateMessage() throws {
         ^
    @MainActor 
/Users/hem/Documents/opt/my-daily-sprints/TimeBox/TimeBoxUITests/BacklogViewUITests.swift:231:41: warning: main actor-isolated subscript 'subscript(_:)' can not be referenced from a nonisolated context
        let emptyTitle = app.staticTexts["Keine Tasks"]
                                        ^
XCUIAutomation.XCUIElementQuery.subscript:2:17: note: subscript declared here
@MainActor open subscript(key: String) -> XCUIElement { get }}
                ^
/Users/hem/Documents/opt/my-daily-sprints/TimeBox/TimeBoxUITests/BacklogViewUITests.swift:221:10: note: add '@MainActor' to make instance method 'testEmptyStateMessage()' part of global actor 'MainActor'
    func testEmptyStateMessage() throws {
         ^
    @MainActor 
/Users/hem/Documents/opt/my-daily-sprints/TimeBox/TimeBoxUITests/BacklogViewUITests.swift:231:30: warning: main actor-isolated property 'staticTexts' can not be referenced from a nonisolated context
        let emptyTitle = app.staticTexts["Keine Tasks"]
                             ^
/Applications/Xcode.app/Contents/Developer/Platforms/iPhoneSimulator.platform/Developer/Library/Frameworks/XCUIAutomation.framework/Headers/XCUIElementTypeQueryProvider.h:62:46: note: property declared here
@property (readonly, copy) XCUIElementQuery *staticTexts;
                                             ^
/Users/hem/Documents/opt/my-daily-sprints/TimeBox/TimeBoxUITests/BacklogViewUITests.swift:221:10: note: add '@MainActor' to make instance method 'testEmptyStateMessage()' part of global actor 'MainActor'
    func testEmptyStateMessage() throws {
         ^
    @MainActor 
/Users/hem/Documents/opt/my-daily-sprints/TimeBox/TimeBoxUITests/BacklogViewUITests.swift:232:47: warning: main actor-isolated subscript 'subscript(_:)' can not be referenced from a nonisolated context
        let emptyDescription = app.staticTexts["Erstelle Erinnerungen in der Apple Reminders App."]
                                              ^
XCUIAutomation.XCUIElementQuery.subscript:2:17: note: subscript declared here
@MainActor open subscript(key: String) -> XCUIElement { get }}
                ^
/Users/hem/Documents/opt/my-daily-sprints/TimeBox/TimeBoxUITests/BacklogViewUITests.swift:221:10: note: add '@MainActor' to make instance method 'testEmptyStateMessage()' part of global actor 'MainActor'
    func testEmptyStateMessage() throws {
         ^
    @MainActor 
/Users/hem/Documents/opt/my-daily-sprints/TimeBox/TimeBoxUITests/BacklogViewUITests.swift:232:36: warning: main actor-isolated property 'staticTexts' can not be referenced from a nonisolated context
        let emptyDescription = app.staticTexts["Erstelle Erinnerungen in der Apple Reminders App."]
                                   ^
/Applications/Xcode.app/Contents/Developer/Platforms/iPhoneSimulator.platform/Developer/Library/Frameworks/XCUIAutomation.framework/Headers/XCUIElementTypeQueryProvider.h:62:46: note: property declared here
@property (readonly, copy) XCUIElementQuery *staticTexts;
                                             ^
/Users/hem/Documents/opt/my-daily-sprints/TimeBox/TimeBoxUITests/BacklogViewUITests.swift:221:10: note: add '@MainActor' to make instance method 'testEmptyStateMessage()' part of global actor 'MainActor'
    func testEmptyStateMessage() throws {
         ^
    @MainActor 
/Users/hem/Documents/opt/my-daily-sprints/TimeBox/TimeBoxUITests/BacklogViewUITests.swift:234:34: warning: main actor-isolated property 'exists' can not be referenced from a nonisolated autoclosure
        XCTAssertTrue(emptyTitle.exists, "Empty state title should exist")
                                 ^
/Applications/Xcode.app/Contents/Developer/Platforms/iPhoneSimulator.platform/Developer/Library/Frameworks/XCUIAutomation.framework/Headers/XCUIElement.h:54:27: note: property declared here
@property (readonly) BOOL exists;
                          ^
/Users/hem/Documents/opt/my-daily-sprints/TimeBox/TimeBoxUITests/BacklogViewUITests.swift:235:40: warning: main actor-isolated property 'exists' can not be referenced from a nonisolated autoclosure
        XCTAssertTrue(emptyDescription.exists, "Empty state description should exist")
                                       ^
/Applications/Xcode.app/Contents/Developer/Platforms/iPhoneSimulator.platform/Developer/Library/Frameworks/XCUIAutomation.framework/Headers/XCUIElement.h:54:27: note: property declared here
@property (readonly) BOOL exists;
                          ^
/Users/hem/Documents/opt/my-daily-sprints/TimeBox/TimeBoxUITests/BacklogViewUITests.swift:245:30: warning: call to main actor-isolated instance method 'screenshot()' in a synchronous nonisolated context
        let screenshot = app.screenshot()
                             ^
XCUIAutomation.XCUIElement.screenshot:2:22: note: calls to instance method 'screenshot()' from outside of its actor context are implicitly asynchronous
@MainActor open func screenshot() -> XCUIScreenshot}
                     ^
/Users/hem/Documents/opt/my-daily-sprints/TimeBox/TimeBoxUITests/BacklogViewUITests.swift:241:10: note: add '@MainActor' to make instance method 'testBacklogViewScreenshot()' part of global actor 'MainActor'
    func testBacklogViewScreenshot() throws {
         ^
    @MainActor 
/Users/hem/Documents/opt/my-daily-sprints/TimeBox/TimeBoxUITests/BacklogViewUITests.swift:256:13: warning: result of 'XCTSkip' initializer is unused
            XCTSkip("No tasks for edit mode screenshot")
            ^      ~~~~~~~~~~~~~~~~~~~~~~~~~~~~~~~~~~~~~
/Users/hem/Documents/opt/my-daily-sprints/TimeBox/TimeBoxUITests/BacklogViewUITests.swift:254:35: warning: main actor-isolated property 'firstMatch' can not be referenced from a nonisolated context
        let firstCell = app.cells.firstMatch
                                  ^
/Applications/Xcode.app/Contents/Developer/Platforms/iPhoneSimulator.platform/Developer/Library/Frameworks/XCUIAutomation.framework/Headers/XCUIElementTypeQueryProvider.h:105:35: note: property declared here
@property (readonly) XCUIElement *firstMatch;
                                  ^
/Users/hem/Documents/opt/my-daily-sprints/TimeBox/TimeBoxUITests/BacklogViewUITests.swift:253:10: note: add '@MainActor' to make instance method 'testBacklogEditModeScreenshot()' part of global actor 'MainActor'
    func testBacklogEditModeScreenshot() throws {
         ^
    @MainActor 
/Users/hem/Documents/opt/my-daily-sprints/TimeBox/TimeBoxUITests/BacklogViewUITests.swift:254:29: warning: main actor-isolated property 'cells' can not be referenced from a nonisolated context
        let firstCell = app.cells.firstMatch
                            ^
/Applications/Xcode.app/Contents/Developer/Platforms/iPhoneSimulator.platform/Developer/Library/Frameworks/XCUIAutomation.framework/Headers/XCUIElementTypeQueryProvider.h:91:46: note: property declared here
@property (readonly, copy) XCUIElementQuery *cells;
                                             ^
/Users/hem/Documents/opt/my-daily-sprints/TimeBox/TimeBoxUITests/BacklogViewUITests.swift:253:10: note: add '@MainActor' to make instance method 'testBacklogEditModeScreenshot()' part of global actor 'MainActor'
    func testBacklogEditModeScreenshot() throws {
         ^
    @MainActor 
/Users/hem/Documents/opt/my-daily-sprints/TimeBox/TimeBoxUITests/BacklogViewUITests.swift:255:25: warning: call to main actor-isolated instance method 'waitForExistence(timeout:)' in a synchronous nonisolated context
        guard firstCell.waitForExistence(timeout: 10) else {
                        ^
XCUIAutomation.XCUIElement.waitForExistence:2:22: note: calls to instance method 'waitForExistence(timeout:)' from outside of its actor context are implicitly asynchronous
@MainActor open func waitForExistence(timeout: TimeInterval) -> Bool}
                     ^
/Users/hem/Documents/opt/my-daily-sprints/TimeBox/TimeBoxUITests/BacklogViewUITests.swift:253:10: note: add '@MainActor' to make instance method 'testBacklogEditModeScreenshot()' part of global actor 'MainActor'
    func testBacklogEditModeScreenshot() throws {
         ^
    @MainActor 
/Users/hem/Documents/opt/my-daily-sprints/TimeBox/TimeBoxUITests/BacklogViewUITests.swift:261:44: warning: call to main actor-isolated instance method 'tap()' in a synchronous nonisolated context
        app.navigationBars.buttons["Edit"].tap()
                                           ^
XCUIAutomation.XCUIElement.tap:2:22: note: calls to instance method 'tap()' from outside of its actor context are implicitly asynchronous
@MainActor open func tap()}
                     ^
/Users/hem/Documents/opt/my-daily-sprints/TimeBox/TimeBoxUITests/BacklogViewUITests.swift:253:10: note: add '@MainActor' to make instance method 'testBacklogEditModeScreenshot()' part of global actor 'MainActor'
    func testBacklogEditModeScreenshot() throws {
         ^
    @MainActor 
/Users/hem/Documents/opt/my-daily-sprints/TimeBox/TimeBoxUITests/BacklogViewUITests.swift:261:35: warning: main actor-isolated subscript 'subscript(_:)' can not be referenced from a nonisolated context
        app.navigationBars.buttons["Edit"].tap()
                                  ^
XCUIAutomation.XCUIElementQuery.subscript:2:17: note: subscript declared here
@MainActor open subscript(key: String) -> XCUIElement { get }}
                ^
/Users/hem/Documents/opt/my-daily-sprints/TimeBox/TimeBoxUITests/BacklogViewUITests.swift:253:10: note: add '@MainActor' to make instance method 'testBacklogEditModeScreenshot()' part of global actor 'MainActor'
    func testBacklogEditModeScreenshot() throws {
         ^
    @MainActor 
/Users/hem/Documents/opt/my-daily-sprints/TimeBox/TimeBoxUITests/BacklogViewUITests.swift:261:28: warning: main actor-isolated property 'buttons' can not be referenced from a nonisolated context
        app.navigationBars.buttons["Edit"].tap()
                           ^
/Applications/Xcode.app/Contents/Developer/Platforms/iPhoneSimulator.platform/Developer/Library/Frameworks/XCUIAutomation.framework/Headers/XCUIElementTypeQueryProvider.h:22:46: note: property declared here
@property (readonly, copy) XCUIElementQuery *buttons;
                                             ^
/Users/hem/Documents/opt/my-daily-sprints/TimeBox/TimeBoxUITests/BacklogViewUITests.swift:253:10: note: add '@MainActor' to make instance method 'testBacklogEditModeScreenshot()' part of global actor 'MainActor'
    func testBacklogEditModeScreenshot() throws {
         ^
    @MainActor 
/Users/hem/Documents/opt/my-daily-sprints/TimeBox/TimeBoxUITests/BacklogViewUITests.swift:261:13: warning: main actor-isolated property 'navigationBars' can not be referenced from a nonisolated context
        app.navigationBars.buttons["Edit"].tap()
            ^
/Applications/Xcode.app/Contents/Developer/Platforms/iPhoneSimulator.platform/Developer/Library/Frameworks/XCUIAutomation.framework/Headers/XCUIElementTypeQueryProvider.h:34:46: note: property declared here
@property (readonly, copy) XCUIElementQuery *navigationBars;
                                             ^
/Users/hem/Documents/opt/my-daily-sprints/TimeBox/TimeBoxUITests/BacklogViewUITests.swift:253:10: note: add '@MainActor' to make instance method 'testBacklogEditModeScreenshot()' part of global actor 'MainActor'
    func testBacklogEditModeScreenshot() throws {
         ^
    @MainActor 
/Users/hem/Documents/opt/my-daily-sprints/TimeBox/TimeBoxUITests/BacklogViewUITests.swift:264:30: warning: call to main actor-isolated instance method 'screenshot()' in a synchronous nonisolated context
        let screenshot = app.screenshot()
                             ^
XCUIAutomation.XCUIElement.screenshot:2:22: note: calls to instance method 'screenshot()' from outside of its actor context are implicitly asynchronous
@MainActor open func screenshot() -> XCUIScreenshot}
                     ^
/Users/hem/Documents/opt/my-daily-sprints/TimeBox/TimeBoxUITests/BacklogViewUITests.swift:253:10: note: add '@MainActor' to make instance method 'testBacklogEditModeScreenshot()' part of global actor 'MainActor'
    func testBacklogEditModeScreenshot() throws {
         ^
    @MainActor 
/Users/hem/Documents/opt/my-daily-sprints/TimeBox/TimeBoxUITests/BacklogViewUITests.swift:278:40: warning: main actor-isolated subscript 'subscript(_:)' can not be referenced from a nonisolated context
        let navBar = app.navigationBars["Backlog"]
                                       ^
XCUIAutomation.XCUIElementQuery.subscript:2:17: note: subscript declared here
@MainActor open subscript(key: String) -> XCUIElement { get }}
                ^
/Users/hem/Documents/opt/my-daily-sprints/TimeBox/TimeBoxUITests/BacklogViewUITests.swift:277:10: note: add '@MainActor' to make instance method 'testViewModeSwitcherExists()' part of global actor 'MainActor'
    func testViewModeSwitcherExists() throws {
         ^
    @MainActor 
/Users/hem/Documents/opt/my-daily-sprints/TimeBox/TimeBoxUITests/BacklogViewUITests.swift:278:26: warning: main actor-isolated property 'navigationBars' can not be referenced from a nonisolated context
        let navBar = app.navigationBars["Backlog"]
                         ^
/Applications/Xcode.app/Contents/Developer/Platforms/iPhoneSimulator.platform/Developer/Library/Frameworks/XCUIAutomation.framework/Headers/XCUIElementTypeQueryProvider.h:34:46: note: property declared here
@property (readonly, copy) XCUIElementQuery *navigationBars;
                                             ^
/Users/hem/Documents/opt/my-daily-sprints/TimeBox/TimeBoxUITests/BacklogViewUITests.swift:277:10: note: add '@MainActor' to make instance method 'testViewModeSwitcherExists()' part of global actor 'MainActor'
    func testViewModeSwitcherExists() throws {
         ^
    @MainActor 
/Users/hem/Documents/opt/my-daily-sprints/TimeBox/TimeBoxUITests/BacklogViewUITests.swift:279:30: warning: call to main actor-isolated instance method 'waitForExistence(timeout:)' in a synchronous nonisolated context
        XCTAssertTrue(navBar.waitForExistence(timeout: 5), "Backlog view should be displayed")
                             ^
XCUIAutomation.XCUIElement.waitForExistence:2:22: note: calls to instance method 'waitForExistence(timeout:)' from outside of its actor context are implicitly asynchronous
@MainActor open func waitForExistence(timeout: TimeInterval) -> Bool}
                     ^
/Users/hem/Documents/opt/my-daily-sprints/TimeBox/TimeBoxUITests/BacklogViewUITests.swift:282:35: warning: main actor-isolated subscript 'subscript(_:)' can not be referenced from a nonisolated context
        let switcher = app.buttons["viewModeSwitcher"]
                                  ^
XCUIAutomation.XCUIElementQuery.subscript:2:17: note: subscript declared here
@MainActor open subscript(key: String) -> XCUIElement { get }}
                ^
/Users/hem/Documents/opt/my-daily-sprints/TimeBox/TimeBoxUITests/BacklogViewUITests.swift:277:10: note: add '@MainActor' to make instance method 'testViewModeSwitcherExists()' part of global actor 'MainActor'
    func testViewModeSwitcherExists() throws {
         ^
    @MainActor 
/Users/hem/Documents/opt/my-daily-sprints/TimeBox/TimeBoxUITests/BacklogViewUITests.swift:282:28: warning: main actor-isolated property 'buttons' can not be referenced from a nonisolated context
        let switcher = app.buttons["viewModeSwitcher"]
                           ^
/Applications/Xcode.app/Contents/Developer/Platforms/iPhoneSimulator.platform/Developer/Library/Frameworks/XCUIAutomation.framework/Headers/XCUIElementTypeQueryProvider.h:22:46: note: property declared here
@property (readonly, copy) XCUIElementQuery *buttons;
                                             ^
/Users/hem/Documents/opt/my-daily-sprints/TimeBox/TimeBoxUITests/BacklogViewUITests.swift:277:10: note: add '@MainActor' to make instance method 'testViewModeSwitcherExists()' part of global actor 'MainActor'
    func testViewModeSwitcherExists() throws {
         ^
    @MainActor 
/Users/hem/Documents/opt/my-daily-sprints/TimeBox/TimeBoxUITests/BacklogViewUITests.swift:283:32: warning: call to main actor-isolated instance method 'waitForExistence(timeout:)' in a synchronous nonisolated context
        XCTAssertTrue(switcher.waitForExistence(timeout: 5), "ViewMode switcher should be visible in toolbar")
                               ^
XCUIAutomation.XCUIElement.waitForExistence:2:22: note: calls to instance method 'waitForExistence(timeout:)' from outside of its actor context are implicitly asynchronous
@MainActor open func waitForExistence(timeout: TimeInterval) -> Bool}
                     ^
/Users/hem/Documents/opt/my-daily-sprints/TimeBox/TimeBoxUITests/BacklogViewUITests.swift:291:35: warning: main actor-isolated subscript 'subscript(_:)' can not be referenced from a nonisolated context
        let switcher = app.buttons["viewModeSwitcher"]
                                  ^
XCUIAutomation.XCUIElementQuery.subscript:2:17: note: subscript declared here
@MainActor open subscript(key: String) -> XCUIElement { get }}
                ^
/Users/hem/Documents/opt/my-daily-sprints/TimeBox/TimeBoxUITests/BacklogViewUITests.swift:290:10: note: add '@MainActor' to make instance method 'testViewModeSwitcherShowsAllOptions()' part of global actor 'MainActor'
    func testViewModeSwitcherShowsAllOptions() throws {
         ^
    @MainActor 
/Users/hem/Documents/opt/my-daily-sprints/TimeBox/TimeBoxUITests/BacklogViewUITests.swift:291:28: warning: main actor-isolated property 'buttons' can not be referenced from a nonisolated context
        let switcher = app.buttons["viewModeSwitcher"]
                           ^
/Applications/Xcode.app/Contents/Developer/Platforms/iPhoneSimulator.platform/Developer/Library/Frameworks/XCUIAutomation.framework/Headers/XCUIElementTypeQueryProvider.h:22:46: note: property declared here
@property (readonly, copy) XCUIElementQuery *buttons;
                                             ^
/Users/hem/Documents/opt/my-daily-sprints/TimeBox/TimeBoxUITests/BacklogViewUITests.swift:290:10: note: add '@MainActor' to make instance method 'testViewModeSwitcherShowsAllOptions()' part of global actor 'MainActor'
    func testViewModeSwitcherShowsAllOptions() throws {
         ^
    @MainActor 
/Users/hem/Documents/opt/my-daily-sprints/TimeBox/TimeBoxUITests/BacklogViewUITests.swift:292:32: warning: call to main actor-isolated instance method 'waitForExistence(timeout:)' in a synchronous nonisolated context
        XCTAssertTrue(switcher.waitForExistence(timeout: 5), "ViewMode switcher should exist")
                               ^
XCUIAutomation.XCUIElement.waitForExistence:2:22: note: calls to instance method 'waitForExistence(timeout:)' from outside of its actor context are implicitly asynchronous
@MainActor open func waitForExistence(timeout: TimeInterval) -> Bool}
                     ^
/Users/hem/Documents/opt/my-daily-sprints/TimeBox/TimeBoxUITests/BacklogViewUITests.swift:293:18: warning: call to main actor-isolated instance method 'tap()' in a synchronous nonisolated context
        switcher.tap()
                 ^
XCUIAutomation.XCUIElement.tap:2:22: note: calls to instance method 'tap()' from outside of its actor context are implicitly asynchronous
@MainActor open func tap()}
                     ^
/Users/hem/Documents/opt/my-daily-sprints/TimeBox/TimeBoxUITests/BacklogViewUITests.swift:290:10: note: add '@MainActor' to make instance method 'testViewModeSwitcherShowsAllOptions()' part of global actor 'MainActor'
    func testViewModeSwitcherShowsAllOptions() throws {
         ^
    @MainActor 
/Users/hem/Documents/opt/my-daily-sprints/TimeBox/TimeBoxUITests/BacklogViewUITests.swift:296:46: warning: call to main actor-isolated instance method 'waitForExistence(timeout:)' in a synchronous nonisolated context
        XCTAssertTrue(app.menuItems["Liste"].waitForExistence(timeout: 2), "List option should exist")
                                             ^
XCUIAutomation.XCUIElement.waitForExistence:2:22: note: calls to instance method 'waitForExistence(timeout:)' from outside of its actor context are implicitly asynchronous
@MainActor open func waitForExistence(timeout: TimeInterval) -> Bool}
                     ^
/Users/hem/Documents/opt/my-daily-sprints/TimeBox/TimeBoxUITests/BacklogViewUITests.swift:296:36: warning: main actor-isolated subscript 'subscript(_:)' can not be referenced from a nonisolated autoclosure
        XCTAssertTrue(app.menuItems["Liste"].waitForExistence(timeout: 2), "List option should exist")
                                   ^
XCUIAutomation.XCUIElementQuery.subscript:2:17: note: subscript declared here
@MainActor open subscript(key: String) -> XCUIElement { get }}
                ^
/Users/hem/Documents/opt/my-daily-sprints/TimeBox/TimeBoxUITests/BacklogViewUITests.swift:296:27: warning: main actor-isolated property 'menuItems' can not be referenced from a nonisolated autoclosure
        XCTAssertTrue(app.menuItems["Liste"].waitForExistence(timeout: 2), "List option should exist")
                          ^
/Applications/Xcode.app/Contents/Developer/Platforms/iPhoneSimulator.platform/Developer/Library/Frameworks/XCUIAutomation.framework/Headers/XCUIElementTypeQueryProvider.h:68:46: note: property declared here
@property (readonly, copy) XCUIElementQuery *menuItems;
                                             ^
/Users/hem/Documents/opt/my-daily-sprints/TimeBox/TimeBoxUITests/BacklogViewUITests.swift:297:47: warning: main actor-isolated property 'exists' can not be referenced from a nonisolated autoclosure
        XCTAssertTrue(app.menuItems["Matrix"].exists, "Matrix option should exist")
                                              ^
/Applications/Xcode.app/Contents/Developer/Platforms/iPhoneSimulator.platform/Developer/Library/Frameworks/XCUIAutomation.framework/Headers/XCUIElement.h:54:27: note: property declared here
@property (readonly) BOOL exists;
                          ^
/Users/hem/Documents/opt/my-daily-sprints/TimeBox/TimeBoxUITests/BacklogViewUITests.swift:297:36: warning: main actor-isolated subscript 'subscript(_:)' can not be referenced from a nonisolated autoclosure
        XCTAssertTrue(app.menuItems["Matrix"].exists, "Matrix option should exist")
                                   ^
XCUIAutomation.XCUIElementQuery.subscript:2:17: note: subscript declared here
@MainActor open subscript(key: String) -> XCUIElement { get }}
                ^
/Users/hem/Documents/opt/my-daily-sprints/TimeBox/TimeBoxUITests/BacklogViewUITests.swift:297:27: warning: main actor-isolated property 'menuItems' can not be referenced from a nonisolated autoclosure
        XCTAssertTrue(app.menuItems["Matrix"].exists, "Matrix option should exist")
                          ^
/Applications/Xcode.app/Contents/Developer/Platforms/iPhoneSimulator.platform/Developer/Library/Frameworks/XCUIAutomation.framework/Headers/XCUIElementTypeQueryProvider.h:68:46: note: property declared here
@property (readonly, copy) XCUIElementQuery *menuItems;
                                             ^
/Users/hem/Documents/opt/my-daily-sprints/TimeBox/TimeBoxUITests/BacklogViewUITests.swift:298:50: warning: main actor-isolated property 'exists' can not be referenced from a nonisolated autoclosure
        XCTAssertTrue(app.menuItems["Kategorie"].exists, "Category option should exist")
                                                 ^
/Applications/Xcode.app/Contents/Developer/Platforms/iPhoneSimulator.platform/Developer/Library/Frameworks/XCUIAutomation.framework/Headers/XCUIElement.h:54:27: note: property declared here
@property (readonly) BOOL exists;
                          ^
/Users/hem/Documents/opt/my-daily-sprints/TimeBox/TimeBoxUITests/BacklogViewUITests.swift:298:36: warning: main actor-isolated subscript 'subscript(_:)' can not be referenced from a nonisolated autoclosure
        XCTAssertTrue(app.menuItems["Kategorie"].exists, "Category option should exist")
                                   ^
XCUIAutomation.XCUIElementQuery.subscript:2:17: note: subscript declared here
@MainActor open subscript(key: String) -> XCUIElement { get }}
                ^
/Users/hem/Documents/opt/my-daily-sprints/TimeBox/TimeBoxUITests/BacklogViewUITests.swift:298:27: warning: main actor-isolated property 'menuItems' can not be referenced from a nonisolated autoclosure
        XCTAssertTrue(app.menuItems["Kategorie"].exists, "Category option should exist")
                          ^
/Applications/Xcode.app/Contents/Developer/Platforms/iPhoneSimulator.platform/Developer/Library/Frameworks/XCUIAutomation.framework/Headers/XCUIElementTypeQueryProvider.h:68:46: note: property declared here
@property (readonly, copy) XCUIElementQuery *menuItems;
                                             ^
/Users/hem/Documents/opt/my-daily-sprints/TimeBox/TimeBoxUITests/BacklogViewUITests.swift:299:46: warning: main actor-isolated property 'exists' can not be referenced from a nonisolated autoclosure
        XCTAssertTrue(app.menuItems["Dauer"].exists, "Duration option should exist")
                                             ^
/Applications/Xcode.app/Contents/Developer/Platforms/iPhoneSimulator.platform/Developer/Library/Frameworks/XCUIAutomation.framework/Headers/XCUIElement.h:54:27: note: property declared here
@property (readonly) BOOL exists;
                          ^
/Users/hem/Documents/opt/my-daily-sprints/TimeBox/TimeBoxUITests/BacklogViewUITests.swift:299:36: warning: main actor-isolated subscript 'subscript(_:)' can not be referenced from a nonisolated autoclosure
        XCTAssertTrue(app.menuItems["Dauer"].exists, "Duration option should exist")
                                   ^
XCUIAutomation.XCUIElementQuery.subscript:2:17: note: subscript declared here
@MainActor open subscript(key: String) -> XCUIElement { get }}
                ^
/Users/hem/Documents/opt/my-daily-sprints/TimeBox/TimeBoxUITests/BacklogViewUITests.swift:299:27: warning: main actor-isolated property 'menuItems' can not be referenced from a nonisolated autoclosure
        XCTAssertTrue(app.menuItems["Dauer"].exists, "Duration option should exist")
                          ^
/Applications/Xcode.app/Contents/Developer/Platforms/iPhoneSimulator.platform/Developer/Library/Frameworks/XCUIAutomation.framework/Headers/XCUIElementTypeQueryProvider.h:68:46: note: property declared here
@property (readonly, copy) XCUIElementQuery *menuItems;
                                             ^
/Users/hem/Documents/opt/my-daily-sprints/TimeBox/TimeBoxUITests/BacklogViewUITests.swift:300:52: warning: main actor-isolated property 'exists' can not be referenced from a nonisolated autoclosure
        XCTAssertTrue(app.menuItems["Fälligkeit"].exists, "Due Date option should exist")
/Applications/Xcode.app/Contents/Developer/Platforms/iPhoneSimulator.platform/Developer/Library/Frameworks/XCUIAutomation.framework/Headers/XCUIElement.h:54:27: note: property declared here
@property (readonly) BOOL exists;
                          ^
/Users/hem/Documents/opt/my-daily-sprints/TimeBox/TimeBoxUITests/BacklogViewUITests.swift:300:36: warning: main actor-isolated subscript 'subscript(_:)' can not be referenced from a nonisolated autoclosure
        XCTAssertTrue(app.menuItems["Fälligkeit"].exists, "Due Date option should exist")
XCUIAutomation.XCUIElementQuery.subscript:2:17: note: subscript declared here
@MainActor open subscript(key: String) -> XCUIElement { get }}
                ^
/Users/hem/Documents/opt/my-daily-sprints/TimeBox/TimeBoxUITests/BacklogViewUITests.swift:300:27: warning: main actor-isolated property 'menuItems' can not be referenced from a nonisolated autoclosure
        XCTAssertTrue(app.menuItems["Fälligkeit"].exists, "Due Date option should exist")
/Applications/Xcode.app/Contents/Developer/Platforms/iPhoneSimulator.platform/Developer/Library/Frameworks/XCUIAutomation.framework/Headers/XCUIElementTypeQueryProvider.h:68:46: note: property declared here
@property (readonly, copy) XCUIElementQuery *menuItems;
                                             ^
/Users/hem/Documents/opt/my-daily-sprints/TimeBox/TimeBoxUITests/BacklogViewUITests.swift:308:35: warning: main actor-isolated subscript 'subscript(_:)' can not be referenced from a nonisolated context
        let switcher = app.buttons["viewModeSwitcher"]
                                  ^
XCUIAutomation.XCUIElementQuery.subscript:2:17: note: subscript declared here
@MainActor open subscript(key: String) -> XCUIElement { get }}
                ^
/Users/hem/Documents/opt/my-daily-sprints/TimeBox/TimeBoxUITests/BacklogViewUITests.swift:307:10: note: add '@MainActor' to make instance method 'testSwitchToEisenhowerMatrixMode()' part of global actor 'MainActor'
    func testSwitchToEisenhowerMatrixMode() throws {
         ^
    @MainActor 
/Users/hem/Documents/opt/my-daily-sprints/TimeBox/TimeBoxUITests/BacklogViewUITests.swift:308:28: warning: main actor-isolated property 'buttons' can not be referenced from a nonisolated context
        let switcher = app.buttons["viewModeSwitcher"]
                           ^
/Applications/Xcode.app/Contents/Developer/Platforms/iPhoneSimulator.platform/Developer/Library/Frameworks/XCUIAutomation.framework/Headers/XCUIElementTypeQueryProvider.h:22:46: note: property declared here
@property (readonly, copy) XCUIElementQuery *buttons;
                                             ^
/Users/hem/Documents/opt/my-daily-sprints/TimeBox/TimeBoxUITests/BacklogViewUITests.swift:307:10: note: add '@MainActor' to make instance method 'testSwitchToEisenhowerMatrixMode()' part of global actor 'MainActor'
    func testSwitchToEisenhowerMatrixMode() throws {
         ^
    @MainActor 
/Users/hem/Documents/opt/my-daily-sprints/TimeBox/TimeBoxUITests/BacklogViewUITests.swift:309:32: warning: call to main actor-isolated instance method 'waitForExistence(timeout:)' in a synchronous nonisolated context
        XCTAssertTrue(switcher.waitForExistence(timeout: 5), "ViewMode switcher should exist")
                               ^
XCUIAutomation.XCUIElement.waitForExistence:2:22: note: calls to instance method 'waitForExistence(timeout:)' from outside of its actor context are implicitly asynchronous
@MainActor open func waitForExistence(timeout: TimeInterval) -> Bool}
                     ^
/Users/hem/Documents/opt/my-daily-sprints/TimeBox/TimeBoxUITests/BacklogViewUITests.swift:310:18: warning: call to main actor-isolated instance method 'tap()' in a synchronous nonisolated context
        switcher.tap()
                 ^
XCUIAutomation.XCUIElement.tap:2:22: note: calls to instance method 'tap()' from outside of its actor context are implicitly asynchronous
@MainActor open func tap()}
                     ^
/Users/hem/Documents/opt/my-daily-sprints/TimeBox/TimeBoxUITests/BacklogViewUITests.swift:307:10: note: add '@MainActor' to make instance method 'testSwitchToEisenhowerMatrixMode()' part of global actor 'MainActor'
    func testSwitchToEisenhowerMatrixMode() throws {
         ^
    @MainActor 
/Users/hem/Documents/opt/my-daily-sprints/TimeBox/TimeBoxUITests/BacklogViewUITests.swift:312:41: warning: main actor-isolated subscript 'subscript(_:)' can not be referenced from a nonisolated context
        let matrixOption = app.menuItems["Matrix"]
                                        ^
XCUIAutomation.XCUIElementQuery.subscript:2:17: note: subscript declared here
@MainActor open subscript(key: String) -> XCUIElement { get }}
                ^
/Users/hem/Documents/opt/my-daily-sprints/TimeBox/TimeBoxUITests/BacklogViewUITests.swift:307:10: note: add '@MainActor' to make instance method 'testSwitchToEisenhowerMatrixMode()' part of global actor 'MainActor'
    func testSwitchToEisenhowerMatrixMode() throws {
         ^
    @MainActor 
/Users/hem/Documents/opt/my-daily-sprints/TimeBox/TimeBoxUITests/BacklogViewUITests.swift:312:32: warning: main actor-isolated property 'menuItems' can not be referenced from a nonisolated context
        let matrixOption = app.menuItems["Matrix"]
                               ^
/Applications/Xcode.app/Contents/Developer/Platforms/iPhoneSimulator.platform/Developer/Library/Frameworks/XCUIAutomation.framework/Headers/XCUIElementTypeQueryProvider.h:68:46: note: property declared here
@property (readonly, copy) XCUIElementQuery *menuItems;
                                             ^
/Users/hem/Documents/opt/my-daily-sprints/TimeBox/TimeBoxUITests/BacklogViewUITests.swift:307:10: note: add '@MainActor' to make instance method 'testSwitchToEisenhowerMatrixMode()' part of global actor 'MainActor'
    func testSwitchToEisenhowerMatrixMode() throws {
         ^
    @MainActor 
/Users/hem/Documents/opt/my-daily-sprints/TimeBox/TimeBoxUITests/BacklogViewUITests.swift:313:36: warning: call to main actor-isolated instance method 'waitForExistence(timeout:)' in a synchronous nonisolated context
        XCTAssertTrue(matrixOption.waitForExistence(timeout: 2), "Matrix option should exist")
                                   ^
XCUIAutomation.XCUIElement.waitForExistence:2:22: note: calls to instance method 'waitForExistence(timeout:)' from outside of its actor context are implicitly asynchronous
@MainActor open func waitForExistence(timeout: TimeInterval) -> Bool}
                     ^
/Users/hem/Documents/opt/my-daily-sprints/TimeBox/TimeBoxUITests/BacklogViewUITests.swift:314:22: warning: call to main actor-isolated instance method 'tap()' in a synchronous nonisolated context
        matrixOption.tap()
                     ^
XCUIAutomation.XCUIElement.tap:2:22: note: calls to instance method 'tap()' from outside of its actor context are implicitly asynchronous
@MainActor open func tap()}
                     ^
/Users/hem/Documents/opt/my-daily-sprints/TimeBox/TimeBoxUITests/BacklogViewUITests.swift:307:10: note: add '@MainActor' to make instance method 'testSwitchToEisenhowerMatrixMode()' part of global actor 'MainActor'
    func testSwitchToEisenhowerMatrixMode() throws {
         ^
    @MainActor 
/Users/hem/Documents/opt/my-daily-sprints/TimeBox/TimeBoxUITests/BacklogViewUITests.swift:319:43: warning: main actor-isolated subscript 'subscript(_:)' can not be referenced from a nonisolated context
        let doFirstTitle = app.staticTexts["Do First"]
                                          ^
XCUIAutomation.XCUIElementQuery.subscript:2:17: note: subscript declared here
@MainActor open subscript(key: String) -> XCUIElement { get }}
                ^
/Users/hem/Documents/opt/my-daily-sprints/TimeBox/TimeBoxUITests/BacklogViewUITests.swift:307:10: note: add '@MainActor' to make instance method 'testSwitchToEisenhowerMatrixMode()' part of global actor 'MainActor'
    func testSwitchToEisenhowerMatrixMode() throws {
         ^
    @MainActor 
/Users/hem/Documents/opt/my-daily-sprints/TimeBox/TimeBoxUITests/BacklogViewUITests.swift:319:32: warning: main actor-isolated property 'staticTexts' can not be referenced from a nonisolated context
        let doFirstTitle = app.staticTexts["Do First"]
                               ^
/Applications/Xcode.app/Contents/Developer/Platforms/iPhoneSimulator.platform/Developer/Library/Frameworks/XCUIAutomation.framework/Headers/XCUIElementTypeQueryProvider.h:62:46: note: property declared here
@property (readonly, copy) XCUIElementQuery *staticTexts;
                                             ^
/Users/hem/Documents/opt/my-daily-sprints/TimeBox/TimeBoxUITests/BacklogViewUITests.swift:307:10: note: add '@MainActor' to make instance method 'testSwitchToEisenhowerMatrixMode()' part of global actor 'MainActor'
    func testSwitchToEisenhowerMatrixMode() throws {
         ^
    @MainActor 
/Users/hem/Documents/opt/my-daily-sprints/TimeBox/TimeBoxUITests/BacklogViewUITests.swift:320:36: warning: call to main actor-isolated instance method 'waitForExistence(timeout:)' in a synchronous nonisolated context
        XCTAssertTrue(doFirstTitle.waitForExistence(timeout: 3), "Matrix view should display Do First quadrant")
                                   ^
XCUIAutomation.XCUIElement.waitForExistence:2:22: note: calls to instance method 'waitForExistence(timeout:)' from outside of its actor context are implicitly asynchronous
@MainActor open func waitForExistence(timeout: TimeInterval) -> Bool}
                     ^
/Users/hem/Documents/opt/my-daily-sprints/TimeBox/TimeBoxUITests/BacklogViewUITests.swift:328:44: warning: main actor-isolated subscript 'subscript(_:)' can not be referenced from a nonisolated context
        let matrixTab = app.tabBars.buttons["Matrix"]
                                           ^
XCUIAutomation.XCUIElementQuery.subscript:2:17: note: subscript declared here
@MainActor open subscript(key: String) -> XCUIElement { get }}
                ^
/Users/hem/Documents/opt/my-daily-sprints/TimeBox/TimeBoxUITests/BacklogViewUITests.swift:327:10: note: add '@MainActor' to make instance method 'testMatrixTabDoesNotExist()' part of global actor 'MainActor'
    func testMatrixTabDoesNotExist() throws {
         ^
    @MainActor 
/Users/hem/Documents/opt/my-daily-sprints/TimeBox/TimeBoxUITests/BacklogViewUITests.swift:328:37: warning: main actor-isolated property 'buttons' can not be referenced from a nonisolated context
        let matrixTab = app.tabBars.buttons["Matrix"]
                                    ^
/Applications/Xcode.app/Contents/Developer/Platforms/iPhoneSimulator.platform/Developer/Library/Frameworks/XCUIAutomation.framework/Headers/XCUIElementTypeQueryProvider.h:22:46: note: property declared here
@property (readonly, copy) XCUIElementQuery *buttons;
                                             ^
/Users/hem/Documents/opt/my-daily-sprints/TimeBox/TimeBoxUITests/BacklogViewUITests.swift:327:10: note: add '@MainActor' to make instance method 'testMatrixTabDoesNotExist()' part of global actor 'MainActor'
    func testMatrixTabDoesNotExist() throws {
         ^
    @MainActor 
/Users/hem/Documents/opt/my-daily-sprints/TimeBox/TimeBoxUITests/BacklogViewUITests.swift:328:29: warning: main actor-isolated property 'tabBars' can not be referenced from a nonisolated context
        let matrixTab = app.tabBars.buttons["Matrix"]
                            ^
/Applications/Xcode.app/Contents/Developer/Platforms/iPhoneSimulator.platform/Developer/Library/Frameworks/XCUIAutomation.framework/Headers/XCUIElementTypeQueryProvider.h:35:46: note: property declared here
@property (readonly, copy) XCUIElementQuery *tabBars;
                                             ^
/Users/hem/Documents/opt/my-daily-sprints/TimeBox/TimeBoxUITests/BacklogViewUITests.swift:327:10: note: add '@MainActor' to make instance method 'testMatrixTabDoesNotExist()' part of global actor 'MainActor'
    func testMatrixTabDoesNotExist() throws {
         ^
    @MainActor 
/Users/hem/Documents/opt/my-daily-sprints/TimeBox/TimeBoxUITests/BacklogViewUITests.swift:329:34: warning: main actor-isolated property 'exists' can not be referenced from a nonisolated autoclosure
        XCTAssertFalse(matrixTab.exists, "Matrix tab should be removed from TabView")
                                 ^
/Applications/Xcode.app/Contents/Developer/Platforms/iPhoneSimulator.platform/Developer/Library/Frameworks/XCUIAutomation.framework/Headers/XCUIElement.h:54:27: note: property declared here
@property (readonly) BOOL exists;
                          ^

ProcessInfoPlistFile /Users/hem/Library/Developer/Xcode/DerivedData/TimeBox-bsjmcdsflgpdivgxidgxnaahhzjo/Build/Products/Debug-iphonesimulator/TimeBox.app/PlugIns/TimeBoxTests.xctest/Info.plist /Users/hem/Library/Developer/Xcode/DerivedData/TimeBox-bsjmcdsflgpdivgxidgxnaahhzjo/Build/Intermediates.noindex/TimeBox.build/Debug-iphonesimulator/TimeBoxTests.build/empty-TimeBoxTests.plist (in target 'TimeBoxTests' from project 'TimeBox')
    cd /Users/hem/Documents/opt/my-daily-sprints/TimeBox
    builtin-infoPlistUtility /Users/hem/Library/Developer/Xcode/DerivedData/TimeBox-bsjmcdsflgpdivgxidgxnaahhzjo/Build/Intermediates.noindex/TimeBox.build/Debug-iphonesimulator/TimeBoxTests.build/empty-TimeBoxTests.plist -producttype com.apple.product-type.bundle.unit-test -expandbuildsettings -format binary -platform iphonesimulator -o /Users/hem/Library/Developer/Xcode/DerivedData/TimeBox-bsjmcdsflgpdivgxidgxnaahhzjo/Build/Products/Debug-iphonesimulator/TimeBox.app/PlugIns/TimeBoxTests.xctest/Info.plist

Ld /Users/hem/Library/Developer/Xcode/DerivedData/TimeBox-bsjmcdsflgpdivgxidgxnaahhzjo/Build/Products/Debug-iphonesimulator/TimeBox.app/PlugIns/TimeBoxTests.xctest/TimeBoxTests normal (in target 'TimeBoxTests' from project 'TimeBox')
    cd /Users/hem/Documents/opt/my-daily-sprints/TimeBox
    /Applications/Xcode.app/Contents/Developer/Toolchains/XcodeDefault.xctoolchain/usr/bin/clang -Xlinker -reproducible -target arm64-apple-ios17.0-simulator -bundle -isysroot /Applications/Xcode.app/Contents/Developer/Platforms/iPhoneSimulator.platform/Developer/SDKs/iPhoneSimulator26.2.sdk -O0 -L/Users/hem/Library/Developer/Xcode/DerivedData/TimeBox-bsjmcdsflgpdivgxidgxnaahhzjo/Build/Intermediates.noindex/EagerLinkingTBDs/Debug-iphonesimulator -L/Users/hem/Library/Developer/Xcode/DerivedData/TimeBox-bsjmcdsflgpdivgxidgxnaahhzjo/Build/Products/Debug-iphonesimulator -L/Applications/Xcode.app/Contents/Developer/Platforms/iPhoneSimulator.platform/Developer/usr/lib -F/Users/hem/Library/Developer/Xcode/DerivedData/TimeBox-bsjmcdsflgpdivgxidgxnaahhzjo/Build/Intermediates.noindex/EagerLinkingTBDs/Debug-iphonesimulator -F/Users/hem/Library/Developer/Xcode/DerivedData/TimeBox-bsjmcdsflgpdivgxidgxnaahhzjo/Build/Products/Debug-iphonesimulator -iframework /Applications/Xcode.app/Contents/Developer/Platforms/iPhoneSimulator.platform/Developer/Library/Frameworks -iframework /Applications/Xcode.app/Contents/Developer/Platforms/iPhoneSimulator.platform/Developer/SDKs/iPhoneSimulator26.2.sdk/Developer/Library/Frameworks -filelist /Users/hem/Library/Developer/Xcode/DerivedData/TimeBox-bsjmcdsflgpdivgxidgxnaahhzjo/Build/Intermediates.noindex/TimeBox.build/Debug-iphonesimulator/TimeBoxTests.build/Objects-normal/arm64/TimeBoxTests.LinkFileList -Xlinker -rpath -Xlinker /usr/lib/swift -Xlinker -rpath -Xlinker @loader_path/Frameworks -Xlinker -rpath -Xlinker @executable_path/Frameworks -dead_strip -bundle_loader /Users/hem/Library/Developer/Xcode/DerivedData/TimeBox-bsjmcdsflgpdivgxidgxnaahhzjo/Build/Products/Debug-iphonesimulator/TimeBox.app/TimeBox -Xlinker -object_path_lto -Xlinker /Users/hem/Library/Developer/Xcode/DerivedData/TimeBox-bsjmcdsflgpdivgxidgxnaahhzjo/Build/Intermediates.noindex/TimeBox.build/Debug-iphonesimulator/TimeBoxTests.build/Objects-normal/arm64/TimeBoxTests_lto.o -rdynamic -Xlinker -no_deduplicate -Xlinker -objc_abi_version -Xlinker 2 -Xlinker -debug_variant -Xlinker -dependency_info -Xlinker /Users/hem/Library/Developer/Xcode/DerivedData/TimeBox-bsjmcdsflgpdivgxidgxnaahhzjo/Build/Intermediates.noindex/TimeBox.build/Debug-iphonesimulator/TimeBoxTests.build/Objects-normal/arm64/TimeBoxTests_dependency_info.dat -fobjc-link-runtime -fprofile-instr-generate -L/Applications/Xcode.app/Contents/Developer/Toolchains/XcodeDefault.xctoolchain/usr/lib/swift/iphonesimulator -L/usr/lib/swift -Xlinker -add_ast_path -Xlinker /Users/hem/Library/Developer/Xcode/DerivedData/TimeBox-bsjmcdsflgpdivgxidgxnaahhzjo/Build/Intermediates.noindex/TimeBox.build/Debug-iphonesimulator/TimeBoxTests.build/Objects-normal/arm64/TimeBoxTests.swiftmodule @/Users/hem/Library/Developer/Xcode/DerivedData/TimeBox-bsjmcdsflgpdivgxidgxnaahhzjo/Build/Intermediates.noindex/TimeBox.build/Debug-iphonesimulator/TimeBoxTests.build/Objects-normal/arm64/TimeBoxTests-linker-args.resp -Xlinker -needed_framework -Xlinker XCTest -framework XCTest -Xlinker -needed-lXCTestSwiftSupport -lXCTestSwiftSupport /Users/hem/Library/Developer/Xcode/DerivedData/TimeBox-bsjmcdsflgpdivgxidgxnaahhzjo/Build/Products/Debug-iphonesimulator/TimeBox.app/TimeBox.debug.dylib -Xlinker -no_adhoc_codesign -o /Users/hem/Library/Developer/Xcode/DerivedData/TimeBox-bsjmcdsflgpdivgxidgxnaahhzjo/Build/Products/Debug-iphonesimulator/TimeBox.app/PlugIns/TimeBoxTests.xctest/TimeBoxTests

CopySwiftLibs /Users/hem/Library/Developer/Xcode/DerivedData/TimeBox-bsjmcdsflgpdivgxidgxnaahhzjo/Build/Products/Debug-iphonesimulator/TimeBox.app/PlugIns/TimeBoxTests.xctest (in target 'TimeBoxTests' from project 'TimeBox')
    cd /Users/hem/Documents/opt/my-daily-sprints/TimeBox
    builtin-swiftStdLibTool --copy --verbose --sign - --scan-executable /Users/hem/Library/Developer/Xcode/DerivedData/TimeBox-bsjmcdsflgpdivgxidgxnaahhzjo/Build/Products/Debug-iphonesimulator/TimeBox.app/PlugIns/TimeBoxTests.xctest/TimeBoxTests --scan-folder /Users/hem/Library/Developer/Xcode/DerivedData/TimeBox-bsjmcdsflgpdivgxidgxnaahhzjo/Build/Products/Debug-iphonesimulator/TimeBox.app/PlugIns/TimeBoxTests.xctest/Frameworks --scan-folder /Users/hem/Library/Developer/Xcode/DerivedData/TimeBox-bsjmcdsflgpdivgxidgxnaahhzjo/Build/Products/Debug-iphonesimulator/TimeBox.app/PlugIns/TimeBoxTests.xctest/PlugIns --scan-folder /Users/hem/Library/Developer/Xcode/DerivedData/TimeBox-bsjmcdsflgpdivgxidgxnaahhzjo/Build/Products/Debug-iphonesimulator/TimeBox.app/PlugIns/TimeBoxTests.xctest/SystemExtensions --scan-folder /Users/hem/Library/Developer/Xcode/DerivedData/TimeBox-bsjmcdsflgpdivgxidgxnaahhzjo/Build/Products/Debug-iphonesimulator/TimeBox.app/PlugIns/TimeBoxTests.xctest/Extensions --platform iphonesimulator --toolchain /Applications/Xcode.app/Contents/Developer/Toolchains/XcodeDefault.xctoolchain --destination /Users/hem/Library/Developer/Xcode/DerivedData/TimeBox-bsjmcdsflgpdivgxidgxnaahhzjo/Build/Products/Debug-iphonesimulator/TimeBox.app/PlugIns/TimeBoxTests.xctest/Frameworks --strip-bitcode --scan-executable /Applications/Xcode.app/Contents/Developer/Platforms/iPhoneSimulator.platform/Developer/usr/lib/libXCTestSwiftSupport.dylib --strip-bitcode-tool /Applications/Xcode.app/Contents/Developer/Toolchains/XcodeDefault.xctoolchain/usr/bin/bitcode_strip --emit-dependency-info /Users/hem/Library/Developer/Xcode/DerivedData/TimeBox-bsjmcdsflgpdivgxidgxnaahhzjo/Build/Intermediates.noindex/TimeBox.build/Debug-iphonesimulator/TimeBoxTests.build/SwiftStdLibToolInputDependencies.dep --filter-for-swift-os

ExtractAppIntentsMetadata (in target 'TimeBoxTests' from project 'TimeBox')
    cd /Users/hem/Documents/opt/my-daily-sprints/TimeBox
    /Applications/Xcode.app/Contents/Developer/Toolchains/XcodeDefault.xctoolchain/usr/bin/appintentsmetadataprocessor --toolchain-dir /Applications/Xcode.app/Contents/Developer/Toolchains/XcodeDefault.xctoolchain --module-name TimeBoxTests --sdk-root /Applications/Xcode.app/Contents/Developer/Platforms/iPhoneSimulator.platform/Developer/SDKs/iPhoneSimulator26.2.sdk --xcode-version 17C52 --platform-family iOS --deployment-target 17.0 --bundle-identifier com.henning.timebox.tests --output /Users/hem/Library/Developer/Xcode/DerivedData/TimeBox-bsjmcdsflgpdivgxidgxnaahhzjo/Build/Products/Debug-iphonesimulator/TimeBox.app/PlugIns/TimeBoxTests.xctest --target-triple arm64-apple-ios17.0-simulator --binary-file /Users/hem/Library/Developer/Xcode/DerivedData/TimeBox-bsjmcdsflgpdivgxidgxnaahhzjo/Build/Products/Debug-iphonesimulator/TimeBox.app/PlugIns/TimeBoxTests.xctest/TimeBoxTests --dependency-file /Users/hem/Library/Developer/Xcode/DerivedData/TimeBox-bsjmcdsflgpdivgxidgxnaahhzjo/Build/Intermediates.noindex/TimeBox.build/Debug-iphonesimulator/TimeBoxTests.build/Objects-normal/arm64/TimeBoxTests_dependency_info.dat --stringsdata-file /Users/hem/Library/Developer/Xcode/DerivedData/TimeBox-bsjmcdsflgpdivgxidgxnaahhzjo/Build/Intermediates.noindex/TimeBox.build/Debug-iphonesimulator/TimeBoxTests.build/Objects-normal/arm64/ExtractedAppShortcutsMetadata.stringsdata --source-file-list /Users/hem/Library/Developer/Xcode/DerivedData/TimeBox-bsjmcdsflgpdivgxidgxnaahhzjo/Build/Intermediates.noindex/TimeBox.build/Debug-iphonesimulator/TimeBoxTests.build/Objects-normal/arm64/TimeBoxTests.SwiftFileList --metadata-file-list /Users/hem/Library/Developer/Xcode/DerivedData/TimeBox-bsjmcdsflgpdivgxidgxnaahhzjo/Build/Intermediates.noindex/TimeBox.build/Debug-iphonesimulator/TimeBoxTests.build/TimeBoxTests.DependencyMetadataFileList --static-metadata-file-list /Users/hem/Library/Developer/Xcode/DerivedData/TimeBox-bsjmcdsflgpdivgxidgxnaahhzjo/Build/Intermediates.noindex/TimeBox.build/Debug-iphonesimulator/TimeBoxTests.build/TimeBoxTests.DependencyStaticMetadataFileList --swift-const-vals-list /Users/hem/Library/Developer/Xcode/DerivedData/TimeBox-bsjmcdsflgpdivgxidgxnaahhzjo/Build/Intermediates.noindex/TimeBox.build/Debug-iphonesimulator/TimeBoxTests.build/Objects-normal/arm64/TimeBoxTests.SwiftConstValuesFileList --compile-time-extraction --deployment-aware-processing --validate-assistant-intents --no-app-shortcuts-localization
2026-01-18 09:04:53.206 appintentsmetadataprocessor[16350:21568059] Starting appintentsmetadataprocessor export
2026-01-18 09:04:53.208 appintentsmetadataprocessor[16350:21568059] warning: Metadata extraction skipped. No AppIntents.framework dependency found.

AppIntentsSSUTraining (in target 'TimeBoxTests' from project 'TimeBox')
    cd /Users/hem/Documents/opt/my-daily-sprints/TimeBox
    /Applications/Xcode.app/Contents/Developer/Toolchains/XcodeDefault.xctoolchain/usr/bin/appintentsnltrainingprocessor --infoplist-path /Users/hem/Library/Developer/Xcode/DerivedData/TimeBox-bsjmcdsflgpdivgxidgxnaahhzjo/Build/Products/Debug-iphonesimulator/TimeBox.app/PlugIns/TimeBoxTests.xctest/Info.plist --temp-dir-path /Users/hem/Library/Developer/Xcode/DerivedData/TimeBox-bsjmcdsflgpdivgxidgxnaahhzjo/Build/Intermediates.noindex/TimeBox.build/Debug-iphonesimulator/TimeBoxTests.build/ssu --bundle-id com.henning.timebox.tests --product-path /Users/hem/Library/Developer/Xcode/DerivedData/TimeBox-bsjmcdsflgpdivgxidgxnaahhzjo/Build/Products/Debug-iphonesimulator/TimeBox.app/PlugIns/TimeBoxTests.xctest --extracted-metadata-path /Users/hem/Library/Developer/Xcode/DerivedData/TimeBox-bsjmcdsflgpdivgxidgxnaahhzjo/Build/Products/Debug-iphonesimulator/TimeBox.app/PlugIns/TimeBoxTests.xctest/Metadata.appintents --metadata-file-list /Users/hem/Library/Developer/Xcode/DerivedData/TimeBox-bsjmcdsflgpdivgxidgxnaahhzjo/Build/Intermediates.noindex/TimeBox.build/Debug-iphonesimulator/TimeBoxTests.build/TimeBoxTests.DependencyMetadataFileList --archive-ssu-assets
2026-01-18 09:04:53.229 appintentsnltrainingprocessor[16351:21568061] Parsing options for appintentsnltrainingprocessor
2026-01-18 09:04:53.230 appintentsnltrainingprocessor[16351:21568061] No AppShortcuts found - Skipping.

CodeSign /Users/hem/Library/Developer/Xcode/DerivedData/TimeBox-bsjmcdsflgpdivgxidgxnaahhzjo/Build/Products/Debug-iphonesimulator/TimeBox.app/PlugIns/TimeBoxTests.xctest (in target 'TimeBoxTests' from project 'TimeBox')
    cd /Users/hem/Documents/opt/my-daily-sprints/TimeBox
    
    Signing Identity:     "Sign to Run Locally"
    
    /usr/bin/codesign --force --sign - --timestamp\=none --generate-entitlement-der /Users/hem/Library/Developer/Xcode/DerivedData/TimeBox-bsjmcdsflgpdivgxidgxnaahhzjo/Build/Products/Debug-iphonesimulator/TimeBox.app/PlugIns/TimeBoxTests.xctest

SwiftDriverJobDiscovery normal arm64 Emitting module for TimeBoxUITests (in target 'TimeBoxUITests' from project 'TimeBox')

SwiftDriver\ Compilation\ Requirements TimeBoxUITests normal arm64 com.apple.xcode.tools.swift.compiler (in target 'TimeBoxUITests' from project 'TimeBox')
    cd /Users/hem/Documents/opt/my-daily-sprints/TimeBox
    builtin-Swift-Compilation-Requirements -- /Applications/Xcode.app/Contents/Developer/Toolchains/XcodeDefault.xctoolchain/usr/bin/swiftc -module-name TimeBoxUITests -Onone -enforce-exclusivity\=checked @/Users/hem/Library/Developer/Xcode/DerivedData/TimeBox-bsjmcdsflgpdivgxidgxnaahhzjo/Build/Intermediates.noindex/TimeBox.build/Debug-iphonesimulator/TimeBoxUITests.build/Objects-normal/arm64/TimeBoxUITests.SwiftFileList -DDEBUG -module-alias Testing\=_Testing_Unavailable -plugin-path /Applications/Xcode.app/Contents/Developer/Toolchains/XcodeDefault.xctoolchain/usr/lib/swift/host/plugins/testing -enable-experimental-feature DebugDescriptionMacro -sdk /Applications/Xcode.app/Contents/Developer/Platforms/iPhoneSimulator.platform/Developer/SDKs/iPhoneSimulator26.2.sdk -target arm64-apple-ios17.0-simulator -g -module-cache-path /Users/hem/Library/Developer/Xcode/DerivedData/ModuleCache.noindex -Xfrontend -serialize-debugging-options -profile-coverage-mapping -profile-generate -enable-testing -index-store-path /Users/hem/Library/Developer/Xcode/DerivedData/TimeBox-bsjmcdsflgpdivgxidgxnaahhzjo/Index.noindex/DataStore -Xcc -D_LIBCPP_HARDENING_MODE\=_LIBCPP_HARDENING_MODE_DEBUG -swift-version 6 -I /Users/hem/Library/Developer/Xcode/DerivedData/TimeBox-bsjmcdsflgpdivgxidgxnaahhzjo/Build/Products/Debug-iphonesimulator -Isystem /Applications/Xcode.app/Contents/Developer/Platforms/iPhoneSimulator.platform/Developer/usr/lib -F /Users/hem/Library/Developer/Xcode/DerivedData/TimeBox-bsjmcdsflgpdivgxidgxnaahhzjo/Build/Products/Debug-iphonesimulator -F /Applications/Xcode.app/Contents/Developer/Platforms/iPhoneSimulator.platform/Developer/Library/Frameworks -F /Applications/Xcode.app/Contents/Developer/Platforms/iPhoneSimulator.platform/Developer/SDKs/iPhoneSimulator26.2.sdk/Developer/Library/Frameworks -c -j10 -enable-batch-mode -incremental -Xcc -ivfsstatcache -Xcc /Users/hem/Library/Developer/Xcode/DerivedData/SDKStatCaches.noindex/iphonesimulator26.2-23C53-7d00a8b37fbd7999ea79df8ebc024bf0.sdkstatcache -output-file-map /Users/hem/Library/Developer/Xcode/DerivedData/TimeBox-bsjmcdsflgpdivgxidgxnaahhzjo/Build/Intermediates.noindex/TimeBox.build/Debug-iphonesimulator/TimeBoxUITests.build/Objects-normal/arm64/TimeBoxUITests-OutputFileMap.json -use-frontend-parseable-output -save-temps -no-color-diagnostics -explicit-module-build -module-cache-path /Users/hem/Library/Developer/Xcode/DerivedData/TimeBox-bsjmcdsflgpdivgxidgxnaahhzjo/Build/Intermediates.noindex/SwiftExplicitPrecompiledModules -clang-scanner-module-cache-path /Users/hem/Library/Developer/Xcode/DerivedData/ModuleCache.noindex -sdk-module-cache-path /Users/hem/Library/Developer/Xcode/DerivedData/ModuleCache.noindex -serialize-diagnostics -emit-dependencies -emit-module -emit-module-path /Users/hem/Library/Developer/Xcode/DerivedData/TimeBox-bsjmcdsflgpdivgxidgxnaahhzjo/Build/Intermediates.noindex/TimeBox.build/Debug-iphonesimulator/TimeBoxUITests.build/Objects-normal/arm64/TimeBoxUITests.swiftmodule -validate-clang-modules-once -clang-build-session-file /Users/hem/Library/Developer/Xcode/DerivedData/ModuleCache.noindex/Session.modulevalidation -Xcc -I/Users/hem/Library/Developer/Xcode/DerivedData/TimeBox-bsjmcdsflgpdivgxidgxnaahhzjo/Build/Intermediates.noindex/TimeBox.build/Debug-iphonesimulator/TimeBoxUITests.build/swift-overrides.hmap -emit-const-values -Xfrontend -const-gather-protocols-file -Xfrontend /Users/hem/Library/Developer/Xcode/DerivedData/TimeBox-bsjmcdsflgpdivgxidgxnaahhzjo/Build/Intermediates.noindex/TimeBox.build/Debug-iphonesimulator/TimeBoxUITests.build/Objects-normal/arm64/TimeBoxUITests_const_extract_protocols.json -Xcc -iquote -Xcc /Users/hem/Library/Developer/Xcode/DerivedData/TimeBox-bsjmcdsflgpdivgxidgxnaahhzjo/Build/Intermediates.noindex/TimeBox.build/Debug-iphonesimulator/TimeBoxUITests.build/TimeBoxUITests-generated-files.hmap -Xcc -I/Users/hem/Library/Developer/Xcode/DerivedData/TimeBox-bsjmcdsflgpdivgxidgxnaahhzjo/Build/Intermediates.noindex/TimeBox.build/Debug-iphonesimulator/TimeBoxUITests.build/TimeBoxUITests-own-target-headers.hmap -Xcc -I/Users/hem/Library/Developer/Xcode/DerivedData/TimeBox-bsjmcdsflgpdivgxidgxnaahhzjo/Build/Intermediates.noindex/TimeBox.build/Debug-iphonesimulator/TimeBoxUITests.build/TimeBoxUITests-all-target-headers.hmap -Xcc -iquote -Xcc /Users/hem/Library/Developer/Xcode/DerivedData/TimeBox-bsjmcdsflgpdivgxidgxnaahhzjo/Build/Intermediates.noindex/TimeBox.build/Debug-iphonesimulator/TimeBoxUITests.build/TimeBoxUITests-project-headers.hmap -Xcc -I/Users/hem/Library/Developer/Xcode/DerivedData/TimeBox-bsjmcdsflgpdivgxidgxnaahhzjo/Build/Products/Debug-iphonesimulator/include -Xcc -I/Users/hem/Library/Developer/Xcode/DerivedData/TimeBox-bsjmcdsflgpdivgxidgxnaahhzjo/Build/Intermediates.noindex/TimeBox.build/Debug-iphonesimulator/TimeBoxUITests.build/DerivedSources-normal/arm64 -Xcc -I/Users/hem/Library/Developer/Xcode/DerivedData/TimeBox-bsjmcdsflgpdivgxidgxnaahhzjo/Build/Intermediates.noindex/TimeBox.build/Debug-iphonesimulator/TimeBoxUITests.build/DerivedSources/arm64 -Xcc -I/Users/hem/Library/Developer/Xcode/DerivedData/TimeBox-bsjmcdsflgpdivgxidgxnaahhzjo/Build/Intermediates.noindex/TimeBox.build/Debug-iphonesimulator/TimeBoxUITests.build/DerivedSources -Xcc -DDEBUG\=1 -emit-objc-header -emit-objc-header-path /Users/hem/Library/Developer/Xcode/DerivedData/TimeBox-bsjmcdsflgpdivgxidgxnaahhzjo/Build/Intermediates.noindex/TimeBox.build/Debug-iphonesimulator/TimeBoxUITests.build/Objects-normal/arm64/TimeBoxUITests-Swift.h -working-directory /Users/hem/Documents/opt/my-daily-sprints/TimeBox -experimental-emit-module-separately -disable-cmo

Copy /Users/hem/Library/Developer/Xcode/DerivedData/TimeBox-bsjmcdsflgpdivgxidgxnaahhzjo/Build/Products/Debug-iphonesimulator/TimeBoxUITests.swiftmodule/arm64-apple-ios-simulator.swiftmodule /Users/hem/Library/Developer/Xcode/DerivedData/TimeBox-bsjmcdsflgpdivgxidgxnaahhzjo/Build/Intermediates.noindex/TimeBox.build/Debug-iphonesimulator/TimeBoxUITests.build/Objects-normal/arm64/TimeBoxUITests.swiftmodule (in target 'TimeBoxUITests' from project 'TimeBox')
    cd /Users/hem/Documents/opt/my-daily-sprints/TimeBox
    builtin-copy -exclude .DS_Store -exclude CVS -exclude .svn -exclude .git -exclude .hg -resolve-src-symlinks -rename /Users/hem/Library/Developer/Xcode/DerivedData/TimeBox-bsjmcdsflgpdivgxidgxnaahhzjo/Build/Intermediates.noindex/TimeBox.build/Debug-iphonesimulator/TimeBoxUITests.build/Objects-normal/arm64/TimeBoxUITests.swiftmodule /Users/hem/Library/Developer/Xcode/DerivedData/TimeBox-bsjmcdsflgpdivgxidgxnaahhzjo/Build/Products/Debug-iphonesimulator/TimeBoxUITests.swiftmodule/arm64-apple-ios-simulator.swiftmodule

Copy /Users/hem/Library/Developer/Xcode/DerivedData/TimeBox-bsjmcdsflgpdivgxidgxnaahhzjo/Build/Products/Debug-iphonesimulator/TimeBoxUITests.swiftmodule/arm64-apple-ios-simulator.swiftdoc /Users/hem/Library/Developer/Xcode/DerivedData/TimeBox-bsjmcdsflgpdivgxidgxnaahhzjo/Build/Intermediates.noindex/TimeBox.build/Debug-iphonesimulator/TimeBoxUITests.build/Objects-normal/arm64/TimeBoxUITests.swiftdoc (in target 'TimeBoxUITests' from project 'TimeBox')
    cd /Users/hem/Documents/opt/my-daily-sprints/TimeBox
    builtin-copy -exclude .DS_Store -exclude CVS -exclude .svn -exclude .git -exclude .hg -resolve-src-symlinks -rename /Users/hem/Library/Developer/Xcode/DerivedData/TimeBox-bsjmcdsflgpdivgxidgxnaahhzjo/Build/Intermediates.noindex/TimeBox.build/Debug-iphonesimulator/TimeBoxUITests.build/Objects-normal/arm64/TimeBoxUITests.swiftdoc /Users/hem/Library/Developer/Xcode/DerivedData/TimeBox-bsjmcdsflgpdivgxidgxnaahhzjo/Build/Products/Debug-iphonesimulator/TimeBoxUITests.swiftmodule/arm64-apple-ios-simulator.swiftdoc

Copy /Users/hem/Library/Developer/Xcode/DerivedData/TimeBox-bsjmcdsflgpdivgxidgxnaahhzjo/Build/Products/Debug-iphonesimulator/TimeBoxUITests.swiftmodule/Project/arm64-apple-ios-simulator.swiftsourceinfo /Users/hem/Library/Developer/Xcode/DerivedData/TimeBox-bsjmcdsflgpdivgxidgxnaahhzjo/Build/Intermediates.noindex/TimeBox.build/Debug-iphonesimulator/TimeBoxUITests.build/Objects-normal/arm64/TimeBoxUITests.swiftsourceinfo (in target 'TimeBoxUITests' from project 'TimeBox')
    cd /Users/hem/Documents/opt/my-daily-sprints/TimeBox
    builtin-copy -exclude .DS_Store -exclude CVS -exclude .svn -exclude .git -exclude .hg -resolve-src-symlinks -rename /Users/hem/Library/Developer/Xcode/DerivedData/TimeBox-bsjmcdsflgpdivgxidgxnaahhzjo/Build/Intermediates.noindex/TimeBox.build/Debug-iphonesimulator/TimeBoxUITests.build/Objects-normal/arm64/TimeBoxUITests.swiftsourceinfo /Users/hem/Library/Developer/Xcode/DerivedData/TimeBox-bsjmcdsflgpdivgxidgxnaahhzjo/Build/Products/Debug-iphonesimulator/TimeBoxUITests.swiftmodule/Project/arm64-apple-ios-simulator.swiftsourceinfo

Copy /Users/hem/Library/Developer/Xcode/DerivedData/TimeBox-bsjmcdsflgpdivgxidgxnaahhzjo/Build/Products/Debug-iphonesimulator/TimeBoxUITests.swiftmodule/arm64-apple-ios-simulator.abi.json /Users/hem/Library/Developer/Xcode/DerivedData/TimeBox-bsjmcdsflgpdivgxidgxnaahhzjo/Build/Intermediates.noindex/TimeBox.build/Debug-iphonesimulator/TimeBoxUITests.build/Objects-normal/arm64/TimeBoxUITests.abi.json (in target 'TimeBoxUITests' from project 'TimeBox')
    cd /Users/hem/Documents/opt/my-daily-sprints/TimeBox
    builtin-copy -exclude .DS_Store -exclude CVS -exclude .svn -exclude .git -exclude .hg -resolve-src-symlinks -rename /Users/hem/Library/Developer/Xcode/DerivedData/TimeBox-bsjmcdsflgpdivgxidgxnaahhzjo/Build/Intermediates.noindex/TimeBox.build/Debug-iphonesimulator/TimeBoxUITests.build/Objects-normal/arm64/TimeBoxUITests.abi.json /Users/hem/Library/Developer/Xcode/DerivedData/TimeBox-bsjmcdsflgpdivgxidgxnaahhzjo/Build/Products/Debug-iphonesimulator/TimeBoxUITests.swiftmodule/arm64-apple-ios-simulator.abi.json

RegisterExecutionPolicyException /Users/hem/Library/Developer/Xcode/DerivedData/TimeBox-bsjmcdsflgpdivgxidgxnaahhzjo/Build/Products/Debug-iphonesimulator/TimeBox.app/PlugIns/TimeBoxTests.xctest (in target 'TimeBoxTests' from project 'TimeBox')
    cd /Users/hem/Documents/opt/my-daily-sprints/TimeBox
    builtin-RegisterExecutionPolicyException /Users/hem/Library/Developer/Xcode/DerivedData/TimeBox-bsjmcdsflgpdivgxidgxnaahhzjo/Build/Products/Debug-iphonesimulator/TimeBox.app/PlugIns/TimeBoxTests.xctest

Touch /Users/hem/Library/Developer/Xcode/DerivedData/TimeBox-bsjmcdsflgpdivgxidgxnaahhzjo/Build/Products/Debug-iphonesimulator/TimeBox.app/PlugIns/TimeBoxTests.xctest (in target 'TimeBoxTests' from project 'TimeBox')
    cd /Users/hem/Documents/opt/my-daily-sprints/TimeBox
    /usr/bin/touch -c /Users/hem/Library/Developer/Xcode/DerivedData/TimeBox-bsjmcdsflgpdivgxidgxnaahhzjo/Build/Products/Debug-iphonesimulator/TimeBox.app/PlugIns/TimeBoxTests.xctest

CodeSign /Users/hem/Library/Developer/Xcode/DerivedData/TimeBox-bsjmcdsflgpdivgxidgxnaahhzjo/Build/Products/Debug-iphonesimulator/TimeBox.app/TimeBox.debug.dylib (in target 'TimeBox' from project 'TimeBox')
    cd /Users/hem/Documents/opt/my-daily-sprints/TimeBox
    
    Signing Identity:     "Sign to Run Locally"
    
    /usr/bin/codesign --force --sign - --timestamp\=none --generate-entitlement-der /Users/hem/Library/Developer/Xcode/DerivedData/TimeBox-bsjmcdsflgpdivgxidgxnaahhzjo/Build/Products/Debug-iphonesimulator/TimeBox.app/TimeBox.debug.dylib

CodeSign /Users/hem/Library/Developer/Xcode/DerivedData/TimeBox-bsjmcdsflgpdivgxidgxnaahhzjo/Build/Products/Debug-iphonesimulator/TimeBox.app/__preview.dylib (in target 'TimeBox' from project 'TimeBox')
    cd /Users/hem/Documents/opt/my-daily-sprints/TimeBox
    
    Signing Identity:     "Sign to Run Locally"
    
    /usr/bin/codesign --force --sign - --timestamp\=none --generate-entitlement-der /Users/hem/Library/Developer/Xcode/DerivedData/TimeBox-bsjmcdsflgpdivgxidgxnaahhzjo/Build/Products/Debug-iphonesimulator/TimeBox.app/__preview.dylib

CodeSign /Users/hem/Library/Developer/Xcode/DerivedData/TimeBox-bsjmcdsflgpdivgxidgxnaahhzjo/Build/Products/Debug-iphonesimulator/TimeBox.app (in target 'TimeBox' from project 'TimeBox')
    cd /Users/hem/Documents/opt/my-daily-sprints/TimeBox
    
    Signing Identity:     "Sign to Run Locally"
    
    /usr/bin/codesign --force --sign - --entitlements /Users/hem/Library/Developer/Xcode/DerivedData/TimeBox-bsjmcdsflgpdivgxidgxnaahhzjo/Build/Intermediates.noindex/TimeBox.build/Debug-iphonesimulator/TimeBox.build/TimeBox.app.xcent --timestamp\=none --generate-entitlement-der /Users/hem/Library/Developer/Xcode/DerivedData/TimeBox-bsjmcdsflgpdivgxidgxnaahhzjo/Build/Products/Debug-iphonesimulator/TimeBox.app

Validate /Users/hem/Library/Developer/Xcode/DerivedData/TimeBox-bsjmcdsflgpdivgxidgxnaahhzjo/Build/Products/Debug-iphonesimulator/TimeBox.app (in target 'TimeBox' from project 'TimeBox')
    cd /Users/hem/Documents/opt/my-daily-sprints/TimeBox
    builtin-validationUtility /Users/hem/Library/Developer/Xcode/DerivedData/TimeBox-bsjmcdsflgpdivgxidgxnaahhzjo/Build/Products/Debug-iphonesimulator/TimeBox.app -shallow-bundle -infoplist-subpath Info.plist

ProcessInfoPlistFile /Users/hem/Library/Developer/Xcode/DerivedData/TimeBox-bsjmcdsflgpdivgxidgxnaahhzjo/Build/Products/Debug-iphonesimulator/TimeBoxUITests-Runner.app/PlugIns/TimeBoxUITests.xctest/Info.plist /Users/hem/Library/Developer/Xcode/DerivedData/TimeBox-bsjmcdsflgpdivgxidgxnaahhzjo/Build/Intermediates.noindex/TimeBox.build/Debug-iphonesimulator/TimeBoxUITests.build/empty-TimeBoxUITests.plist (in target 'TimeBoxUITests' from project 'TimeBox')
    cd /Users/hem/Documents/opt/my-daily-sprints/TimeBox
    builtin-infoPlistUtility /Users/hem/Library/Developer/Xcode/DerivedData/TimeBox-bsjmcdsflgpdivgxidgxnaahhzjo/Build/Intermediates.noindex/TimeBox.build/Debug-iphonesimulator/TimeBoxUITests.build/empty-TimeBoxUITests.plist -producttype com.apple.product-type.bundle.ui-testing -expandbuildsettings -format binary -platform iphonesimulator -additionalcontentfile /Users/hem/Library/Developer/Xcode/DerivedData/TimeBox-bsjmcdsflgpdivgxidgxnaahhzjo/Build/Intermediates.noindex/TimeBox.build/Debug-iphonesimulator/TimeBoxUITests.build/ProductTypeInfoPlistAdditions.plist -o /Users/hem/Library/Developer/Xcode/DerivedData/TimeBox-bsjmcdsflgpdivgxidgxnaahhzjo/Build/Products/Debug-iphonesimulator/TimeBoxUITests-Runner.app/PlugIns/TimeBoxUITests.xctest/Info.plist

SwiftDriverJobDiscovery normal arm64 Compiling BacklogViewUITests.swift (in target 'TimeBoxUITests' from project 'TimeBox')

SwiftDriver\ Compilation TimeBoxUITests normal arm64 com.apple.xcode.tools.swift.compiler (in target 'TimeBoxUITests' from project 'TimeBox')
    cd /Users/hem/Documents/opt/my-daily-sprints/TimeBox
    builtin-Swift-Compilation -- /Applications/Xcode.app/Contents/Developer/Toolchains/XcodeDefault.xctoolchain/usr/bin/swiftc -module-name TimeBoxUITests -Onone -enforce-exclusivity\=checked @/Users/hem/Library/Developer/Xcode/DerivedData/TimeBox-bsjmcdsflgpdivgxidgxnaahhzjo/Build/Intermediates.noindex/TimeBox.build/Debug-iphonesimulator/TimeBoxUITests.build/Objects-normal/arm64/TimeBoxUITests.SwiftFileList -DDEBUG -module-alias Testing\=_Testing_Unavailable -plugin-path /Applications/Xcode.app/Contents/Developer/Toolchains/XcodeDefault.xctoolchain/usr/lib/swift/host/plugins/testing -enable-experimental-feature DebugDescriptionMacro -sdk /Applications/Xcode.app/Contents/Developer/Platforms/iPhoneSimulator.platform/Developer/SDKs/iPhoneSimulator26.2.sdk -target arm64-apple-ios17.0-simulator -g -module-cache-path /Users/hem/Library/Developer/Xcode/DerivedData/ModuleCache.noindex -Xfrontend -serialize-debugging-options -profile-coverage-mapping -profile-generate -enable-testing -index-store-path /Users/hem/Library/Developer/Xcode/DerivedData/TimeBox-bsjmcdsflgpdivgxidgxnaahhzjo/Index.noindex/DataStore -Xcc -D_LIBCPP_HARDENING_MODE\=_LIBCPP_HARDENING_MODE_DEBUG -swift-version 6 -I /Users/hem/Library/Developer/Xcode/DerivedData/TimeBox-bsjmcdsflgpdivgxidgxnaahhzjo/Build/Products/Debug-iphonesimulator -Isystem /Applications/Xcode.app/Contents/Developer/Platforms/iPhoneSimulator.platform/Developer/usr/lib -F /Users/hem/Library/Developer/Xcode/DerivedData/TimeBox-bsjmcdsflgpdivgxidgxnaahhzjo/Build/Products/Debug-iphonesimulator -F /Applications/Xcode.app/Contents/Developer/Platforms/iPhoneSimulator.platform/Developer/Library/Frameworks -F /Applications/Xcode.app/Contents/Developer/Platforms/iPhoneSimulator.platform/Developer/SDKs/iPhoneSimulator26.2.sdk/Developer/Library/Frameworks -c -j10 -enable-batch-mode -incremental -Xcc -ivfsstatcache -Xcc /Users/hem/Library/Developer/Xcode/DerivedData/SDKStatCaches.noindex/iphonesimulator26.2-23C53-7d00a8b37fbd7999ea79df8ebc024bf0.sdkstatcache -output-file-map /Users/hem/Library/Developer/Xcode/DerivedData/TimeBox-bsjmcdsflgpdivgxidgxnaahhzjo/Build/Intermediates.noindex/TimeBox.build/Debug-iphonesimulator/TimeBoxUITests.build/Objects-normal/arm64/TimeBoxUITests-OutputFileMap.json -use-frontend-parseable-output -save-temps -no-color-diagnostics -explicit-module-build -module-cache-path /Users/hem/Library/Developer/Xcode/DerivedData/TimeBox-bsjmcdsflgpdivgxidgxnaahhzjo/Build/Intermediates.noindex/SwiftExplicitPrecompiledModules -clang-scanner-module-cache-path /Users/hem/Library/Developer/Xcode/DerivedData/ModuleCache.noindex -sdk-module-cache-path /Users/hem/Library/Developer/Xcode/DerivedData/ModuleCache.noindex -serialize-diagnostics -emit-dependencies -emit-module -emit-module-path /Users/hem/Library/Developer/Xcode/DerivedData/TimeBox-bsjmcdsflgpdivgxidgxnaahhzjo/Build/Intermediates.noindex/TimeBox.build/Debug-iphonesimulator/TimeBoxUITests.build/Objects-normal/arm64/TimeBoxUITests.swiftmodule -validate-clang-modules-once -clang-build-session-file /Users/hem/Library/Developer/Xcode/DerivedData/ModuleCache.noindex/Session.modulevalidation -Xcc -I/Users/hem/Library/Developer/Xcode/DerivedData/TimeBox-bsjmcdsflgpdivgxidgxnaahhzjo/Build/Intermediates.noindex/TimeBox.build/Debug-iphonesimulator/TimeBoxUITests.build/swift-overrides.hmap -emit-const-values -Xfrontend -const-gather-protocols-file -Xfrontend /Users/hem/Library/Developer/Xcode/DerivedData/TimeBox-bsjmcdsflgpdivgxidgxnaahhzjo/Build/Intermediates.noindex/TimeBox.build/Debug-iphonesimulator/TimeBoxUITests.build/Objects-normal/arm64/TimeBoxUITests_const_extract_protocols.json -Xcc -iquote -Xcc /Users/hem/Library/Developer/Xcode/DerivedData/TimeBox-bsjmcdsflgpdivgxidgxnaahhzjo/Build/Intermediates.noindex/TimeBox.build/Debug-iphonesimulator/TimeBoxUITests.build/TimeBoxUITests-generated-files.hmap -Xcc -I/Users/hem/Library/Developer/Xcode/DerivedData/TimeBox-bsjmcdsflgpdivgxidgxnaahhzjo/Build/Intermediates.noindex/TimeBox.build/Debug-iphonesimulator/TimeBoxUITests.build/TimeBoxUITests-own-target-headers.hmap -Xcc -I/Users/hem/Library/Developer/Xcode/DerivedData/TimeBox-bsjmcdsflgpdivgxidgxnaahhzjo/Build/Intermediates.noindex/TimeBox.build/Debug-iphonesimulator/TimeBoxUITests.build/TimeBoxUITests-all-target-headers.hmap -Xcc -iquote -Xcc /Users/hem/Library/Developer/Xcode/DerivedData/TimeBox-bsjmcdsflgpdivgxidgxnaahhzjo/Build/Intermediates.noindex/TimeBox.build/Debug-iphonesimulator/TimeBoxUITests.build/TimeBoxUITests-project-headers.hmap -Xcc -I/Users/hem/Library/Developer/Xcode/DerivedData/TimeBox-bsjmcdsflgpdivgxidgxnaahhzjo/Build/Products/Debug-iphonesimulator/include -Xcc -I/Users/hem/Library/Developer/Xcode/DerivedData/TimeBox-bsjmcdsflgpdivgxidgxnaahhzjo/Build/Intermediates.noindex/TimeBox.build/Debug-iphonesimulator/TimeBoxUITests.build/DerivedSources-normal/arm64 -Xcc -I/Users/hem/Library/Developer/Xcode/DerivedData/TimeBox-bsjmcdsflgpdivgxidgxnaahhzjo/Build/Intermediates.noindex/TimeBox.build/Debug-iphonesimulator/TimeBoxUITests.build/DerivedSources/arm64 -Xcc -I/Users/hem/Library/Developer/Xcode/DerivedData/TimeBox-bsjmcdsflgpdivgxidgxnaahhzjo/Build/Intermediates.noindex/TimeBox.build/Debug-iphonesimulator/TimeBoxUITests.build/DerivedSources -Xcc -DDEBUG\=1 -emit-objc-header -emit-objc-header-path /Users/hem/Library/Developer/Xcode/DerivedData/TimeBox-bsjmcdsflgpdivgxidgxnaahhzjo/Build/Intermediates.noindex/TimeBox.build/Debug-iphonesimulator/TimeBoxUITests.build/Objects-normal/arm64/TimeBoxUITests-Swift.h -working-directory /Users/hem/Documents/opt/my-daily-sprints/TimeBox -experimental-emit-module-separately -disable-cmo

Ld /Users/hem/Library/Developer/Xcode/DerivedData/TimeBox-bsjmcdsflgpdivgxidgxnaahhzjo/Build/Products/Debug-iphonesimulator/TimeBoxUITests-Runner.app/PlugIns/TimeBoxUITests.xctest/TimeBoxUITests normal (in target 'TimeBoxUITests' from project 'TimeBox')
    cd /Users/hem/Documents/opt/my-daily-sprints/TimeBox
    /Applications/Xcode.app/Contents/Developer/Toolchains/XcodeDefault.xctoolchain/usr/bin/clang -Xlinker -reproducible -target arm64-apple-ios17.0-simulator -bundle -isysroot /Applications/Xcode.app/Contents/Developer/Platforms/iPhoneSimulator.platform/Developer/SDKs/iPhoneSimulator26.2.sdk -O0 -L/Users/hem/Library/Developer/Xcode/DerivedData/TimeBox-bsjmcdsflgpdivgxidgxnaahhzjo/Build/Intermediates.noindex/EagerLinkingTBDs/Debug-iphonesimulator -L/Users/hem/Library/Developer/Xcode/DerivedData/TimeBox-bsjmcdsflgpdivgxidgxnaahhzjo/Build/Products/Debug-iphonesimulator -L/Applications/Xcode.app/Contents/Developer/Platforms/iPhoneSimulator.platform/Developer/usr/lib -F/Users/hem/Library/Developer/Xcode/DerivedData/TimeBox-bsjmcdsflgpdivgxidgxnaahhzjo/Build/Intermediates.noindex/EagerLinkingTBDs/Debug-iphonesimulator -F/Users/hem/Library/Developer/Xcode/DerivedData/TimeBox-bsjmcdsflgpdivgxidgxnaahhzjo/Build/Products/Debug-iphonesimulator -iframework /Applications/Xcode.app/Contents/Developer/Platforms/iPhoneSimulator.platform/Developer/Library/Frameworks -iframework /Applications/Xcode.app/Contents/Developer/Platforms/iPhoneSimulator.platform/Developer/SDKs/iPhoneSimulator26.2.sdk/Developer/Library/Frameworks -filelist /Users/hem/Library/Developer/Xcode/DerivedData/TimeBox-bsjmcdsflgpdivgxidgxnaahhzjo/Build/Intermediates.noindex/TimeBox.build/Debug-iphonesimulator/TimeBoxUITests.build/Objects-normal/arm64/TimeBoxUITests.LinkFileList -Xlinker -rpath -Xlinker /usr/lib/swift -Xlinker -rpath -Xlinker @loader_path/Frameworks -Xlinker -rpath -Xlinker @executable_path/Frameworks -dead_strip -Xlinker -object_path_lto -Xlinker /Users/hem/Library/Developer/Xcode/DerivedData/TimeBox-bsjmcdsflgpdivgxidgxnaahhzjo/Build/Intermediates.noindex/TimeBox.build/Debug-iphonesimulator/TimeBoxUITests.build/Objects-normal/arm64/TimeBoxUITests_lto.o -rdynamic -Xlinker -no_deduplicate -Xlinker -objc_abi_version -Xlinker 2 -Xlinker -debug_variant -Xlinker -dependency_info -Xlinker /Users/hem/Library/Developer/Xcode/DerivedData/TimeBox-bsjmcdsflgpdivgxidgxnaahhzjo/Build/Intermediates.noindex/TimeBox.build/Debug-iphonesimulator/TimeBoxUITests.build/Objects-normal/arm64/TimeBoxUITests_dependency_info.dat -fobjc-link-runtime -fprofile-instr-generate -L/Applications/Xcode.app/Contents/Developer/Toolchains/XcodeDefault.xctoolchain/usr/lib/swift/iphonesimulator -L/usr/lib/swift -Xlinker -add_ast_path -Xlinker /Users/hem/Library/Developer/Xcode/DerivedData/TimeBox-bsjmcdsflgpdivgxidgxnaahhzjo/Build/Intermediates.noindex/TimeBox.build/Debug-iphonesimulator/TimeBoxUITests.build/Objects-normal/arm64/TimeBoxUITests.swiftmodule @/Users/hem/Library/Developer/Xcode/DerivedData/TimeBox-bsjmcdsflgpdivgxidgxnaahhzjo/Build/Intermediates.noindex/TimeBox.build/Debug-iphonesimulator/TimeBoxUITests.build/Objects-normal/arm64/TimeBoxUITests-linker-args.resp -Xlinker -needed_framework -Xlinker XCTest -framework XCTest -Xlinker -needed-lXCTestSwiftSupport -lXCTestSwiftSupport -Xlinker -sectcreate -Xlinker __TEXT -Xlinker __entitlements -Xlinker /Users/hem/Library/Developer/Xcode/DerivedData/TimeBox-bsjmcdsflgpdivgxidgxnaahhzjo/Build/Intermediates.noindex/TimeBox.build/Debug-iphonesimulator/TimeBoxUITests.build/TimeBoxUITests.xctest-Simulated.xcent -Xlinker -sectcreate -Xlinker __TEXT -Xlinker __ents_der -Xlinker /Users/hem/Library/Developer/Xcode/DerivedData/TimeBox-bsjmcdsflgpdivgxidgxnaahhzjo/Build/Intermediates.noindex/TimeBox.build/Debug-iphonesimulator/TimeBoxUITests.build/TimeBoxUITests.xctest-Simulated.xcent.der -Xlinker -no_adhoc_codesign -o /Users/hem/Library/Developer/Xcode/DerivedData/TimeBox-bsjmcdsflgpdivgxidgxnaahhzjo/Build/Products/Debug-iphonesimulator/TimeBoxUITests-Runner.app/PlugIns/TimeBoxUITests.xctest/TimeBoxUITests

ExtractAppIntentsMetadata (in target 'TimeBoxUITests' from project 'TimeBox')
    cd /Users/hem/Documents/opt/my-daily-sprints/TimeBox
    /Applications/Xcode.app/Contents/Developer/Toolchains/XcodeDefault.xctoolchain/usr/bin/appintentsmetadataprocessor --toolchain-dir /Applications/Xcode.app/Contents/Developer/Toolchains/XcodeDefault.xctoolchain --module-name TimeBoxUITests --sdk-root /Applications/Xcode.app/Contents/Developer/Platforms/iPhoneSimulator.platform/Developer/SDKs/iPhoneSimulator26.2.sdk --xcode-version 17C52 --platform-family iOS --deployment-target 17.0 --bundle-identifier com.henning.timebox.uitests --output /Users/hem/Library/Developer/Xcode/DerivedData/TimeBox-bsjmcdsflgpdivgxidgxnaahhzjo/Build/Products/Debug-iphonesimulator/TimeBoxUITests-Runner.app/PlugIns/TimeBoxUITests.xctest --target-triple arm64-apple-ios17.0-simulator --binary-file /Users/hem/Library/Developer/Xcode/DerivedData/TimeBox-bsjmcdsflgpdivgxidgxnaahhzjo/Build/Products/Debug-iphonesimulator/TimeBoxUITests-Runner.app/PlugIns/TimeBoxUITests.xctest/TimeBoxUITests --dependency-file /Users/hem/Library/Developer/Xcode/DerivedData/TimeBox-bsjmcdsflgpdivgxidgxnaahhzjo/Build/Intermediates.noindex/TimeBox.build/Debug-iphonesimulator/TimeBoxUITests.build/Objects-normal/arm64/TimeBoxUITests_dependency_info.dat --stringsdata-file /Users/hem/Library/Developer/Xcode/DerivedData/TimeBox-bsjmcdsflgpdivgxidgxnaahhzjo/Build/Intermediates.noindex/TimeBox.build/Debug-iphonesimulator/TimeBoxUITests.build/Objects-normal/arm64/ExtractedAppShortcutsMetadata.stringsdata --source-file-list /Users/hem/Library/Developer/Xcode/DerivedData/TimeBox-bsjmcdsflgpdivgxidgxnaahhzjo/Build/Intermediates.noindex/TimeBox.build/Debug-iphonesimulator/TimeBoxUITests.build/Objects-normal/arm64/TimeBoxUITests.SwiftFileList --metadata-file-list /Users/hem/Library/Developer/Xcode/DerivedData/TimeBox-bsjmcdsflgpdivgxidgxnaahhzjo/Build/Intermediates.noindex/TimeBox.build/Debug-iphonesimulator/TimeBoxUITests.build/TimeBoxUITests.DependencyMetadataFileList --static-metadata-file-list /Users/hem/Library/Developer/Xcode/DerivedData/TimeBox-bsjmcdsflgpdivgxidgxnaahhzjo/Build/Intermediates.noindex/TimeBox.build/Debug-iphonesimulator/TimeBoxUITests.build/TimeBoxUITests.DependencyStaticMetadataFileList --swift-const-vals-list /Users/hem/Library/Developer/Xcode/DerivedData/TimeBox-bsjmcdsflgpdivgxidgxnaahhzjo/Build/Intermediates.noindex/TimeBox.build/Debug-iphonesimulator/TimeBoxUITests.build/Objects-normal/arm64/TimeBoxUITests.SwiftConstValuesFileList --compile-time-extraction --deployment-aware-processing --validate-assistant-intents --no-app-shortcuts-localization
2026-01-18 09:04:53.672 appintentsmetadataprocessor[16359:21568105] Starting appintentsmetadataprocessor export
2026-01-18 09:04:53.674 appintentsmetadataprocessor[16359:21568105] warning: Metadata extraction skipped. No AppIntents.framework dependency found.

CopySwiftLibs /Users/hem/Library/Developer/Xcode/DerivedData/TimeBox-bsjmcdsflgpdivgxidgxnaahhzjo/Build/Products/Debug-iphonesimulator/TimeBoxUITests-Runner.app/PlugIns/TimeBoxUITests.xctest (in target 'TimeBoxUITests' from project 'TimeBox')
    cd /Users/hem/Documents/opt/my-daily-sprints/TimeBox
    builtin-swiftStdLibTool --copy --verbose --sign - --scan-executable /Users/hem/Library/Developer/Xcode/DerivedData/TimeBox-bsjmcdsflgpdivgxidgxnaahhzjo/Build/Products/Debug-iphonesimulator/TimeBoxUITests-Runner.app/PlugIns/TimeBoxUITests.xctest/TimeBoxUITests --scan-folder /Users/hem/Library/Developer/Xcode/DerivedData/TimeBox-bsjmcdsflgpdivgxidgxnaahhzjo/Build/Products/Debug-iphonesimulator/TimeBoxUITests-Runner.app/PlugIns/TimeBoxUITests.xctest/Frameworks --scan-folder /Users/hem/Library/Developer/Xcode/DerivedData/TimeBox-bsjmcdsflgpdivgxidgxnaahhzjo/Build/Products/Debug-iphonesimulator/TimeBoxUITests-Runner.app/PlugIns/TimeBoxUITests.xctest/PlugIns --scan-folder /Users/hem/Library/Developer/Xcode/DerivedData/TimeBox-bsjmcdsflgpdivgxidgxnaahhzjo/Build/Products/Debug-iphonesimulator/TimeBoxUITests-Runner.app/PlugIns/TimeBoxUITests.xctest/SystemExtensions --scan-folder /Users/hem/Library/Developer/Xcode/DerivedData/TimeBox-bsjmcdsflgpdivgxidgxnaahhzjo/Build/Products/Debug-iphonesimulator/TimeBoxUITests-Runner.app/PlugIns/TimeBoxUITests.xctest/Extensions --platform iphonesimulator --toolchain /Applications/Xcode.app/Contents/Developer/Toolchains/XcodeDefault.xctoolchain --destination /Users/hem/Library/Developer/Xcode/DerivedData/TimeBox-bsjmcdsflgpdivgxidgxnaahhzjo/Build/Products/Debug-iphonesimulator/TimeBoxUITests-Runner.app/PlugIns/TimeBoxUITests.xctest/Frameworks --strip-bitcode --scan-executable /Applications/Xcode.app/Contents/Developer/Platforms/iPhoneSimulator.platform/Developer/usr/lib/libXCTestSwiftSupport.dylib --strip-bitcode-tool /Applications/Xcode.app/Contents/Developer/Toolchains/XcodeDefault.xctoolchain/usr/bin/bitcode_strip --emit-dependency-info /Users/hem/Library/Developer/Xcode/DerivedData/TimeBox-bsjmcdsflgpdivgxidgxnaahhzjo/Build/Intermediates.noindex/TimeBox.build/Debug-iphonesimulator/TimeBoxUITests.build/SwiftStdLibToolInputDependencies.dep --filter-for-swift-os

CodeSign /Users/hem/Library/Developer/Xcode/DerivedData/TimeBox-bsjmcdsflgpdivgxidgxnaahhzjo/Build/Products/Debug-iphonesimulator/TimeBoxUITests-Runner.app/PlugIns/TimeBoxUITests.xctest (in target 'TimeBoxUITests' from project 'TimeBox')
    cd /Users/hem/Documents/opt/my-daily-sprints/TimeBox
    
    Signing Identity:     "Sign to Run Locally"
    
    /usr/bin/codesign --force --sign - --timestamp\=none --generate-entitlement-der /Users/hem/Library/Developer/Xcode/DerivedData/TimeBox-bsjmcdsflgpdivgxidgxnaahhzjo/Build/Products/Debug-iphonesimulator/TimeBoxUITests-Runner.app/PlugIns/TimeBoxUITests.xctest

CodeSign /Users/hem/Library/Developer/Xcode/DerivedData/TimeBox-bsjmcdsflgpdivgxidgxnaahhzjo/Build/Products/Debug-iphonesimulator/TimeBoxUITests-Runner.app (in target 'TimeBoxUITests' from project 'TimeBox')
    cd /Users/hem/Documents/opt/my-daily-sprints/TimeBox
    
    Signing Identity:     "Sign to Run Locally"
    
    /usr/bin/codesign --force --sign - --timestamp\=none --generate-entitlement-der /Users/hem/Library/Developer/Xcode/DerivedData/TimeBox-bsjmcdsflgpdivgxidgxnaahhzjo/Build/Products/Debug-iphonesimulator/TimeBoxUITests-Runner.app
/Users/hem/Library/Developer/Xcode/DerivedData/TimeBox-bsjmcdsflgpdivgxidgxnaahhzjo/Build/Products/Debug-iphonesimulator/TimeBoxUITests-Runner.app: replacing existing signature

2026-01-18 09:05:01.115110+0100 TimeBoxUITests-Runner[16398:21568625] [Default] Running tests...
2026-01-18 09:05:01.173846+0100 TimeBoxUITests-Runner[16398:21568820] [General] Failed to send CA Event for app launch measurements for ca_event_type: 0 event_name: com.apple.app_launch_measurement.FirstFramePresentationMetric
2026-01-18 09:05:01.213819+0100 TimeBoxUITests-Runner[16398:21568821] [General] Failed to send CA Event for app launch measurements for ca_event_type: 1 event_name: com.apple.app_launch_measurement.ExtendedLaunchMetrics
    t =      nans Interface orientation changed to Portrait
Test Suite 'Selected tests' started at 2026-01-18 09:05:04.779.
Test Suite 'TimeBoxUITests.xctest' started at 2026-01-18 09:05:04.779.
Test Suite 'BacklogViewUITests' started at 2026-01-18 09:05:04.780.
Test Case '-[TimeBoxUITests.BacklogViewUITests testViewModeSwitcherExists]' started.
    t =     0.00s Start Test at 2026-01-18 09:05:04.781
    t =     0.26s Set Up
    t =     0.27s     Open com.henning.timebox
    t =     0.27s         Launch com.henning.timebox
    t =     0.27s             Terminate com.henning.timebox:51259
    t =     3.20s             Setting up automation session
    t =     4.06s             Wait for com.henning.timebox to idle
    t =     6.08s Waiting 5.0s for "Backlog" NavigationBar to exist
    t =     7.12s     Checking `Expect predicate `existsNoRetry == 1` for object "Backlog" NavigationBar`
    t =     7.12s         Checking existence of `"Backlog" NavigationBar`
    t =     7.23s Waiting 5.0s for "viewModeSwitcher" Button to exist
    t =     8.26s     Checking `Expect predicate `existsNoRetry == 1` for object "viewModeSwitcher" Button`
    t =     8.26s         Checking existence of `"viewModeSwitcher" Button`
    t =     8.30s         Capturing element debug description
    t =     9.33s     Checking `Expect predicate `existsNoRetry == 1` for object "viewModeSwitcher" Button`
    t =     9.33s         Checking existence of `"viewModeSwitcher" Button`
    t =     9.37s         Capturing element debug description
    t =    10.29s     Checking `Expect predicate `existsNoRetry == 1` for object "viewModeSwitcher" Button`
    t =    10.29s         Checking existence of `"viewModeSwitcher" Button`
    t =    10.33s         Capturing element debug description
    t =    11.29s     Checking `Expect predicate `existsNoRetry == 1` for object "viewModeSwitcher" Button`
    t =    11.29s         Checking existence of `"viewModeSwitcher" Button`
    t =    11.33s         Capturing element debug description
    t =    12.24s     Checking `Expect predicate `existsNoRetry == 1` for object "viewModeSwitcher" Button`
    t =    12.24s         Checking existence of `"viewModeSwitcher" Button`
    t =    12.28s         Capturing element debug description
    t =    12.28s     Checking existence of `"viewModeSwitcher" Button`
    t =    12.31s Collecting debug information to assist test failure triage
    t =    12.31s     Requesting snapshot of accessibility hierarchy for app with pid 16421
/Users/hem/Documents/opt/my-daily-sprints/TimeBox/TimeBoxUITests/BacklogViewUITests.swift:283: error: -[TimeBoxUITests.BacklogViewUITests testViewModeSwitcherExists] : XCTAssertTrue failed - ViewMode switcher should be visible in toolbar
    t =    12.72s Tear Down
Test Case '-[TimeBoxUITests.BacklogViewUITests testViewModeSwitcherExists]' failed (12.968 seconds).
Test Suite 'BacklogViewUITests' failed at 2026-01-18 09:05:17.749.
	 Executed 1 test, with 1 failure (0 unexpected) in 12.968 (12.969) seconds
Test Suite 'TimeBoxUITests.xctest' failed at 2026-01-18 09:05:17.749.
	 Executed 1 test, with 1 failure (0 unexpected) in 12.968 (12.970) seconds
Test Suite 'Selected tests' failed at 2026-01-18 09:05:17.750.
	 Executed 1 test, with 1 failure (0 unexpected) in 12.968 (12.971) seconds
2026-01-18 09:05:35.695 xcodebuild[16311:21567714] [MT] IDETestOperationsObserverDebug: 41.911 elapsed -- Testing started completed.
2026-01-18 09:05:35.695 xcodebuild[16311:21567714] [MT] IDETestOperationsObserverDebug: 0.000 sec, +0.000 sec -- start
2026-01-18 09:05:35.695 xcodebuild[16311:21567714] [MT] IDETestOperationsObserverDebug: 41.911 sec, +41.911 sec -- end

Test session results, code coverage, and logs:
	/Users/hem/Library/Developer/Xcode/DerivedData/TimeBox-bsjmcdsflgpdivgxidgxnaahhzjo/Logs/Test/Test-TimeBox-2026.01.18_09-04-49-+0100.xcresult

** TEST FAILED **

Testing started
