    t =     5.52s         Capturing element debug description
    t =     6.54s     Checking `Expect predicate `existsNoRetry == 1` for object Cell (First Match)`
    t =     6.54s         Checking existence of `Cell (First Match)`
    t =     6.57s         Capturing element debug description
    t =     7.49s     Checking `Expect predicate `existsNoRetry == 1` for object Cell (First Match)`
    t =     7.49s         Checking existence of `Cell (First Match)`
    t =     7.52s         Capturing element debug description
    t =     8.54s     Checking `Expect predicate `existsNoRetry == 1` for object Cell (First Match)`
    t =     8.54s         Checking existence of `Cell (First Match)`
    t =     8.57s         Capturing element debug description
    t =     9.48s     Checking `Expect predicate `existsNoRetry == 1` for object Cell (First Match)`
    t =     9.49s         Checking existence of `Cell (First Match)`
    t =     9.52s         Capturing element debug description
    t =    10.54s     Checking `Expect predicate `existsNoRetry == 1` for object Cell (First Match)`
    t =    10.54s         Checking existence of `Cell (First Match)`
    t =    10.57s         Capturing element debug description
    t =    11.49s     Checking `Expect predicate `existsNoRetry == 1` for object Cell (First Match)`
    t =    11.49s         Checking existence of `Cell (First Match)`
    t =    11.52s         Capturing element debug description
    t =    12.54s     Checking `Expect predicate `existsNoRetry == 1` for object Cell (First Match)`
    t =    12.54s         Checking existence of `Cell (First Match)`
    t =    12.57s         Capturing element debug description
    t =    13.48s     Checking `Expect predicate `existsNoRetry == 1` for object Cell (First Match)`
    t =    13.48s         Checking existence of `Cell (First Match)`
    t =    13.51s         Capturing element debug description
    t =    14.46s     Checking `Expect predicate `existsNoRetry == 1` for object Cell (First Match)`
    t =    14.46s         Checking existence of `Cell (First Match)`
    t =    14.50s         Capturing element debug description
    t =    14.50s     Checking existence of `Cell (First Match)`
    t =    14.51s Collecting debug information to assist test failure triage
    t =    14.51s     Requesting snapshot of accessibility hierarchy for app with pid 13221
/Users/hem/Documents/opt/my-daily-sprints/TimeBox/TimeBoxUITests/DurationEditingUITests.swift:30: error: -[TimeBoxUITests.DurationEditingUITests testTapOnDurationBadgeOpensPicker] : failed - No tasks found in backlog - need at least one reminder
    t =    14.54s Tear Down
Test Case '-[TimeBoxUITests.DurationEditingUITests testTapOnDurationBadgeOpensPicker]' failed (14.757 seconds).
Test Suite 'DurationEditingUITests' failed at 2026-01-13 22:34:11.324.
	 Executed 3 tests, with 3 failures (0 unexpected) in 45.749 (45.752) seconds
Test Suite 'TimeBoxUITests.xctest' failed at 2026-01-13 22:34:11.324.
	 Executed 3 tests, with 3 failures (0 unexpected) in 45.749 (45.752) seconds
Test Suite 'Selected tests' failed at 2026-01-13 22:34:11.325.
	 Executed 3 tests, with 3 failures (0 unexpected) in 45.749 (45.753) seconds
2026-01-13 22:34:36.607 xcodebuild[13057:12786274] [MT] IDETestOperationsObserverDebug: 81.063 elapsed -- Testing started completed.
2026-01-13 22:34:36.607 xcodebuild[13057:12786274] [MT] IDETestOperationsObserverDebug: 0.000 sec, +0.000 sec -- start
2026-01-13 22:34:36.607 xcodebuild[13057:12786274] [MT] IDETestOperationsObserverDebug: 81.064 sec, +81.064 sec -- end

Test session results, code coverage, and logs:
	/Users/hem/Library/Developer/Xcode/DerivedData/TimeBox-bsjmcdsflgpdivgxidgxnaahhzjo/Logs/Test/Test-TimeBox-2026.01.13_22-33-11-+0100.xcresult

** TEST FAILED **

Testing started
