Command line invocation:
    /Applications/Xcode.app/Contents/Developer/usr/bin/xcodebuild test -project FocusBlox.xcodeproj -scheme FocusBlox -destination id=548B4A2F-FDFF-4F9E-8335-1A7A7B98E492 "-only-testing:FocusBloxUITests/BacklogRowRedesignUITests" -parallel-testing-enabled NO CODE_SIGNING_ALLOWED=NO

Build settings from command line:
    CODE_SIGNING_ALLOWED = NO

ComputePackagePrebuildTargetDependencyGraph

Prepare packages

CreateBuildRequest

SendProjectDescription

CreateBuildOperation

ComputeTargetDependencyGraph
note: Building targets in dependency order
note: Target dependency graph (5 targets)
    Target 'FocusBloxUITests' in project 'FocusBlox'
        ➜ Explicit dependency on target 'FocusBlox' in project 'FocusBlox'
    Target 'FocusBloxTests' in project 'FocusBlox'
        ➜ Explicit dependency on target 'FocusBlox' in project 'FocusBlox'
    Target 'FocusBlox' in project 'FocusBlox'
        ➜ Explicit dependency on target 'FocusBloxWidgetsExtension' in project 'FocusBlox'
        ➜ Explicit dependency on target 'FocusBloxCore' in project 'FocusBlox'
    Target 'FocusBloxWidgetsExtension' in project 'FocusBlox'
        ➜ Explicit dependency on target 'FocusBloxCore' in project 'FocusBlox'
    Target 'FocusBloxCore' in project 'FocusBlox' (no dependencies)

GatherProvisioningInputs

CreateBuildDescription

ExecuteExternalTool /Applications/Xcode.app/Contents/Developer/Toolchains/XcodeDefault.xctoolchain/usr/bin/clang -v -E -dM -arch arm64 -isysroot /Applications/Xcode.app/Contents/Developer/Platforms/iPhoneSimulator.platform/Developer/SDKs/iPhoneSimulator26.2.sdk -x c -c /dev/null

ExecuteExternalTool /Applications/Xcode.app/Contents/Developer/usr/bin/actool --version --output-format xml1

ExecuteExternalTool /Applications/Xcode.app/Contents/Developer/Toolchains/XcodeDefault.xctoolchain/usr/bin/clang -v -E -dM -isysroot /Applications/Xcode.app/Contents/Developer/Platforms/iPhoneSimulator.platform/Developer/SDKs/iPhoneSimulator26.2.sdk -x c -c /dev/null

ExecuteExternalTool /Applications/Xcode.app/Contents/Developer/Toolchains/XcodeDefault.xctoolchain/usr/bin/swiftc --version

ExecuteExternalTool /Applications/Xcode.app/Contents/Developer/usr/bin/actool --print-asset-tag-combinations --output-format xml1 /Users/hem/Documents/opt/my-daily-sprints/Resources/Assets.xcassets

ExecuteExternalTool /Applications/Xcode.app/Contents/Developer/Toolchains/XcodeDefault.xctoolchain/usr/bin/ld -version_details

ReadFileContents /Applications/Xcode.app/Contents/Developer/Toolchains/XcodeDefault.xctoolchain/usr/share/docc/features.json

Build description signature: d479a66df36f98e1963ea972efaab2ac
Build description path: /Users/hem/Library/Developer/Xcode/DerivedData/FocusBlox-awtxlldmubwqcwggsrfosewjcyoq/Build/Intermediates.noindex/XCBuildData/d479a66df36f98e1963ea972efaab2ac.xcbuilddata
ClangStatCache /Applications/Xcode.app/Contents/Developer/Toolchains/XcodeDefault.xctoolchain/usr/bin/clang-stat-cache /Applications/Xcode.app/Contents/Developer/Platforms/iPhoneSimulator.platform/Developer/SDKs/iPhoneSimulator26.2.sdk /Users/hem/Library/Developer/Xcode/DerivedData/SDKStatCaches.noindex/iphonesimulator26.2-23C53-7d00a8b37fbd7999ea79df8ebc024bf0.sdkstatcache
    cd /Users/hem/Documents/opt/my-daily-sprints/FocusBlox.xcodeproj
    /Applications/Xcode.app/Contents/Developer/Toolchains/XcodeDefault.xctoolchain/usr/bin/clang-stat-cache /Applications/Xcode.app/Contents/Developer/Platforms/iPhoneSimulator.platform/Developer/SDKs/iPhoneSimulator26.2.sdk -o /Users/hem/Library/Developer/Xcode/DerivedData/SDKStatCaches.noindex/iphonesimulator26.2-23C53-7d00a8b37fbd7999ea79df8ebc024bf0.sdkstatcache

ProcessInfoPlistFile /Users/hem/Library/Developer/Xcode/DerivedData/FocusBlox-awtxlldmubwqcwggsrfosewjcyoq/Build/Products/Debug-iphonesimulator/FocusBloxCore.framework/Info.plist /Users/hem/Library/Developer/Xcode/DerivedData/FocusBlox-awtxlldmubwqcwggsrfosewjcyoq/Build/Intermediates.noindex/FocusBlox.build/Debug-iphonesimulator/FocusBloxCore.build/empty-FocusBloxCore.plist (in target 'FocusBloxCore' from project 'FocusBlox')
    cd /Users/hem/Documents/opt/my-daily-sprints
    builtin-infoPlistUtility /Users/hem/Library/Developer/Xcode/DerivedData/FocusBlox-awtxlldmubwqcwggsrfosewjcyoq/Build/Intermediates.noindex/FocusBlox.build/Debug-iphonesimulator/FocusBloxCore.build/empty-FocusBloxCore.plist -producttype com.apple.product-type.framework -expandbuildsettings -format binary -platform iphonesimulator -o /Users/hem/Library/Developer/Xcode/DerivedData/FocusBlox-awtxlldmubwqcwggsrfosewjcyoq/Build/Products/Debug-iphonesimulator/FocusBloxCore.framework/Info.plist

SwiftDriver FocusBlox normal arm64 com.apple.xcode.tools.swift.compiler (in target 'FocusBlox' from project 'FocusBlox')
    cd /Users/hem/Documents/opt/my-daily-sprints
    builtin-SwiftDriver -- /Applications/Xcode.app/Contents/Developer/Toolchains/XcodeDefault.xctoolchain/usr/bin/swiftc -module-name FocusBlox -Onone -enforce-exclusivity\=checked @/Users/hem/Library/Developer/Xcode/DerivedData/FocusBlox-awtxlldmubwqcwggsrfosewjcyoq/Build/Intermediates.noindex/FocusBlox.build/Debug-iphonesimulator/FocusBlox.build/Objects-normal/arm64/FocusBlox.SwiftFileList -DDEBUG -enable-experimental-feature DebugDescriptionMacro -sdk /Applications/Xcode.app/Contents/Developer/Platforms/iPhoneSimulator.platform/Developer/SDKs/iPhoneSimulator26.2.sdk -target arm64-apple-ios26.2-simulator -g -module-cache-path /Users/hem/Library/Developer/Xcode/DerivedData/ModuleCache.noindex -Xfrontend -serialize-debugging-options -profile-coverage-mapping -profile-generate -enable-testing -index-store-path /Users/hem/Library/Developer/Xcode/DerivedData/FocusBlox-awtxlldmubwqcwggsrfosewjcyoq/Index.noindex/DataStore -Xcc -D_LIBCPP_HARDENING_MODE\=_LIBCPP_HARDENING_MODE_DEBUG -swift-version 6 -I /Users/hem/Library/Developer/Xcode/DerivedData/FocusBlox-awtxlldmubwqcwggsrfosewjcyoq/Build/Products/Debug-iphonesimulator -F /Users/hem/Library/Developer/Xcode/DerivedData/FocusBlox-awtxlldmubwqcwggsrfosewjcyoq/Build/Products/Debug-iphonesimulator -c -j10 -enable-batch-mode -incremental -Xcc -ivfsstatcache -Xcc /Users/hem/Library/Developer/Xcode/DerivedData/SDKStatCaches.noindex/iphonesimulator26.2-23C53-7d00a8b37fbd7999ea79df8ebc024bf0.sdkstatcache -output-file-map /Users/hem/Library/Developer/Xcode/DerivedData/FocusBlox-awtxlldmubwqcwggsrfosewjcyoq/Build/Intermediates.noindex/FocusBlox.build/Debug-iphonesimulator/FocusBlox.build/Objects-normal/arm64/FocusBlox-OutputFileMap.json -use-frontend-parseable-output -save-temps -no-color-diagnostics -explicit-module-build -module-cache-path /Users/hem/Library/Developer/Xcode/DerivedData/FocusBlox-awtxlldmubwqcwggsrfosewjcyoq/Build/Intermediates.noindex/SwiftExplicitPrecompiledModules -clang-scanner-module-cache-path /Users/hem/Library/Developer/Xcode/DerivedData/ModuleCache.noindex -sdk-module-cache-path /Users/hem/Library/Developer/Xcode/DerivedData/ModuleCache.noindex -serialize-diagnostics -emit-dependencies -emit-module -emit-module-path /Users/hem/Library/Developer/Xcode/DerivedData/FocusBlox-awtxlldmubwqcwggsrfosewjcyoq/Build/Intermediates.noindex/FocusBlox.build/Debug-iphonesimulator/FocusBlox.build/Objects-normal/arm64/FocusBlox.swiftmodule -validate-clang-modules-once -clang-build-session-file /Users/hem/Library/Developer/Xcode/DerivedData/ModuleCache.noindex/Session.modulevalidation -Xcc -I/Users/hem/Library/Developer/Xcode/DerivedData/FocusBlox-awtxlldmubwqcwggsrfosewjcyoq/Build/Intermediates.noindex/FocusBlox.build/Debug-iphonesimulator/FocusBlox.build/swift-overrides.hmap -emit-const-values -Xfrontend -const-gather-protocols-file -Xfrontend /Users/hem/Library/Developer/Xcode/DerivedData/FocusBlox-awtxlldmubwqcwggsrfosewjcyoq/Build/Intermediates.noindex/FocusBlox.build/Debug-iphonesimulator/FocusBlox.build/Objects-normal/arm64/FocusBlox_const_extract_protocols.json -Xcc -iquote -Xcc /Users/hem/Library/Developer/Xcode/DerivedData/FocusBlox-awtxlldmubwqcwggsrfosewjcyoq/Build/Intermediates.noindex/FocusBlox.build/Debug-iphonesimulator/FocusBlox.build/FocusBlox-generated-files.hmap -Xcc -I/Users/hem/Library/Developer/Xcode/DerivedData/FocusBlox-awtxlldmubwqcwggsrfosewjcyoq/Build/Intermediates.noindex/FocusBlox.build/Debug-iphonesimulator/FocusBlox.build/FocusBlox-own-target-headers.hmap -Xcc -I/Users/hem/Library/Developer/Xcode/DerivedData/FocusBlox-awtxlldmubwqcwggsrfosewjcyoq/Build/Intermediates.noindex/FocusBlox.build/Debug-iphonesimulator/FocusBlox.build/FocusBlox-all-target-headers.hmap -Xcc -iquote -Xcc /Users/hem/Library/Developer/Xcode/DerivedData/FocusBlox-awtxlldmubwqcwggsrfosewjcyoq/Build/Intermediates.noindex/FocusBlox.build/Debug-iphonesimulator/FocusBlox.build/FocusBlox-project-headers.hmap -Xcc -I/Users/hem/Library/Developer/Xcode/DerivedData/FocusBlox-awtxlldmubwqcwggsrfosewjcyoq/Build/Products/Debug-iphonesimulator/include -Xcc -I/Users/hem/Library/Developer/Xcode/DerivedData/FocusBlox-awtxlldmubwqcwggsrfosewjcyoq/Build/Intermediates.noindex/FocusBlox.build/Debug-iphonesimulator/FocusBlox.build/DerivedSources-normal/arm64 -Xcc -I/Users/hem/Library/Developer/Xcode/DerivedData/FocusBlox-awtxlldmubwqcwggsrfosewjcyoq/Build/Intermediates.noindex/FocusBlox.build/Debug-iphonesimulator/FocusBlox.build/DerivedSources/arm64 -Xcc -I/Users/hem/Library/Developer/Xcode/DerivedData/FocusBlox-awtxlldmubwqcwggsrfosewjcyoq/Build/Intermediates.noindex/FocusBlox.build/Debug-iphonesimulator/FocusBlox.build/DerivedSources -Xcc -DDEBUG\=1 -emit-objc-header -emit-objc-header-path /Users/hem/Library/Developer/Xcode/DerivedData/FocusBlox-awtxlldmubwqcwggsrfosewjcyoq/Build/Intermediates.noindex/FocusBlox.build/Debug-iphonesimulator/FocusBlox.build/Objects-normal/arm64/FocusBlox-Swift.h -working-directory /Users/hem/Documents/opt/my-daily-sprints -experimental-emit-module-separately -disable-cmo

ProcessInfoPlistFile /Users/hem/Library/Developer/Xcode/DerivedData/FocusBlox-awtxlldmubwqcwggsrfosewjcyoq/Build/Products/Debug-iphonesimulator/FocusBloxWidgetsExtension.appex/Info.plist /Users/hem/Documents/opt/my-daily-sprints/FocusBloxWidgets/Info.plist (in target 'FocusBloxWidgetsExtension' from project 'FocusBlox')
    cd /Users/hem/Documents/opt/my-daily-sprints
    builtin-infoPlistUtility /Users/hem/Documents/opt/my-daily-sprints/FocusBloxWidgets/Info.plist -producttype com.apple.product-type.app-extension -expandbuildsettings -format binary -platform iphonesimulator -additionalcontentfile /Users/hem/Library/Developer/Xcode/DerivedData/FocusBlox-awtxlldmubwqcwggsrfosewjcyoq/Build/Intermediates.noindex/FocusBlox.build/Debug-iphonesimulator/FocusBloxWidgetsExtension.build/assetcatalog_generated_info.plist -o /Users/hem/Library/Developer/Xcode/DerivedData/FocusBlox-awtxlldmubwqcwggsrfosewjcyoq/Build/Products/Debug-iphonesimulator/FocusBloxWidgetsExtension.appex/Info.plist

SwiftCompile normal arm64 Compiling\ BacklogRow.swift /Users/hem/Documents/opt/my-daily-sprints/Sources/Views/BacklogRow.swift (in target 'FocusBlox' from project 'FocusBlox')

SwiftCompile normal arm64 /Users/hem/Documents/opt/my-daily-sprints/Sources/Views/BacklogRow.swift (in target 'FocusBlox' from project 'FocusBlox')
    cd /Users/hem/Documents/opt/my-daily-sprints
    

SwiftEmitModule normal arm64 Emitting\ module\ for\ FocusBlox (in target 'FocusBlox' from project 'FocusBlox')

EmitSwiftModule normal arm64 (in target 'FocusBlox' from project 'FocusBlox')
    cd /Users/hem/Documents/opt/my-daily-sprints
    

SwiftDriverJobDiscovery normal arm64 Emitting module for FocusBlox (in target 'FocusBlox' from project 'FocusBlox')

SwiftDriver\ Compilation\ Requirements FocusBlox normal arm64 com.apple.xcode.tools.swift.compiler (in target 'FocusBlox' from project 'FocusBlox')
    cd /Users/hem/Documents/opt/my-daily-sprints
    builtin-Swift-Compilation-Requirements -- /Applications/Xcode.app/Contents/Developer/Toolchains/XcodeDefault.xctoolchain/usr/bin/swiftc -module-name FocusBlox -Onone -enforce-exclusivity\=checked @/Users/hem/Library/Developer/Xcode/DerivedData/FocusBlox-awtxlldmubwqcwggsrfosewjcyoq/Build/Intermediates.noindex/FocusBlox.build/Debug-iphonesimulator/FocusBlox.build/Objects-normal/arm64/FocusBlox.SwiftFileList -DDEBUG -enable-experimental-feature DebugDescriptionMacro -sdk /Applications/Xcode.app/Contents/Developer/Platforms/iPhoneSimulator.platform/Developer/SDKs/iPhoneSimulator26.2.sdk -target arm64-apple-ios26.2-simulator -g -module-cache-path /Users/hem/Library/Developer/Xcode/DerivedData/ModuleCache.noindex -Xfrontend -serialize-debugging-options -profile-coverage-mapping -profile-generate -enable-testing -index-store-path /Users/hem/Library/Developer/Xcode/DerivedData/FocusBlox-awtxlldmubwqcwggsrfosewjcyoq/Index.noindex/DataStore -Xcc -D_LIBCPP_HARDENING_MODE\=_LIBCPP_HARDENING_MODE_DEBUG -swift-version 6 -I /Users/hem/Library/Developer/Xcode/DerivedData/FocusBlox-awtxlldmubwqcwggsrfosewjcyoq/Build/Products/Debug-iphonesimulator -F /Users/hem/Library/Developer/Xcode/DerivedData/FocusBlox-awtxlldmubwqcwggsrfosewjcyoq/Build/Products/Debug-iphonesimulator -c -j10 -enable-batch-mode -incremental -Xcc -ivfsstatcache -Xcc /Users/hem/Library/Developer/Xcode/DerivedData/SDKStatCaches.noindex/iphonesimulator26.2-23C53-7d00a8b37fbd7999ea79df8ebc024bf0.sdkstatcache -output-file-map /Users/hem/Library/Developer/Xcode/DerivedData/FocusBlox-awtxlldmubwqcwggsrfosewjcyoq/Build/Intermediates.noindex/FocusBlox.build/Debug-iphonesimulator/FocusBlox.build/Objects-normal/arm64/FocusBlox-OutputFileMap.json -use-frontend-parseable-output -save-temps -no-color-diagnostics -explicit-module-build -module-cache-path /Users/hem/Library/Developer/Xcode/DerivedData/FocusBlox-awtxlldmubwqcwggsrfosewjcyoq/Build/Intermediates.noindex/SwiftExplicitPrecompiledModules -clang-scanner-module-cache-path /Users/hem/Library/Developer/Xcode/DerivedData/ModuleCache.noindex -sdk-module-cache-path /Users/hem/Library/Developer/Xcode/DerivedData/ModuleCache.noindex -serialize-diagnostics -emit-dependencies -emit-module -emit-module-path /Users/hem/Library/Developer/Xcode/DerivedData/FocusBlox-awtxlldmubwqcwggsrfosewjcyoq/Build/Intermediates.noindex/FocusBlox.build/Debug-iphonesimulator/FocusBlox.build/Objects-normal/arm64/FocusBlox.swiftmodule -validate-clang-modules-once -clang-build-session-file /Users/hem/Library/Developer/Xcode/DerivedData/ModuleCache.noindex/Session.modulevalidation -Xcc -I/Users/hem/Library/Developer/Xcode/DerivedData/FocusBlox-awtxlldmubwqcwggsrfosewjcyoq/Build/Intermediates.noindex/FocusBlox.build/Debug-iphonesimulator/FocusBlox.build/swift-overrides.hmap -emit-const-values -Xfrontend -const-gather-protocols-file -Xfrontend /Users/hem/Library/Developer/Xcode/DerivedData/FocusBlox-awtxlldmubwqcwggsrfosewjcyoq/Build/Intermediates.noindex/FocusBlox.build/Debug-iphonesimulator/FocusBlox.build/Objects-normal/arm64/FocusBlox_const_extract_protocols.json -Xcc -iquote -Xcc /Users/hem/Library/Developer/Xcode/DerivedData/FocusBlox-awtxlldmubwqcwggsrfosewjcyoq/Build/Intermediates.noindex/FocusBlox.build/Debug-iphonesimulator/FocusBlox.build/FocusBlox-generated-files.hmap -Xcc -I/Users/hem/Library/Developer/Xcode/DerivedData/FocusBlox-awtxlldmubwqcwggsrfosewjcyoq/Build/Intermediates.noindex/FocusBlox.build/Debug-iphonesimulator/FocusBlox.build/FocusBlox-own-target-headers.hmap -Xcc -I/Users/hem/Library/Developer/Xcode/DerivedData/FocusBlox-awtxlldmubwqcwggsrfosewjcyoq/Build/Intermediates.noindex/FocusBlox.build/Debug-iphonesimulator/FocusBlox.build/FocusBlox-all-target-headers.hmap -Xcc -iquote -Xcc /Users/hem/Library/Developer/Xcode/DerivedData/FocusBlox-awtxlldmubwqcwggsrfosewjcyoq/Build/Intermediates.noindex/FocusBlox.build/Debug-iphonesimulator/FocusBlox.build/FocusBlox-project-headers.hmap -Xcc -I/Users/hem/Library/Developer/Xcode/DerivedData/FocusBlox-awtxlldmubwqcwggsrfosewjcyoq/Build/Products/Debug-iphonesimulator/include -Xcc -I/Users/hem/Library/Developer/Xcode/DerivedData/FocusBlox-awtxlldmubwqcwggsrfosewjcyoq/Build/Intermediates.noindex/FocusBlox.build/Debug-iphonesimulator/FocusBlox.build/DerivedSources-normal/arm64 -Xcc -I/Users/hem/Library/Developer/Xcode/DerivedData/FocusBlox-awtxlldmubwqcwggsrfosewjcyoq/Build/Intermediates.noindex/FocusBlox.build/Debug-iphonesimulator/FocusBlox.build/DerivedSources/arm64 -Xcc -I/Users/hem/Library/Developer/Xcode/DerivedData/FocusBlox-awtxlldmubwqcwggsrfosewjcyoq/Build/Intermediates.noindex/FocusBlox.build/Debug-iphonesimulator/FocusBlox.build/DerivedSources -Xcc -DDEBUG\=1 -emit-objc-header -emit-objc-header-path /Users/hem/Library/Developer/Xcode/DerivedData/FocusBlox-awtxlldmubwqcwggsrfosewjcyoq/Build/Intermediates.noindex/FocusBlox.build/Debug-iphonesimulator/FocusBlox.build/Objects-normal/arm64/FocusBlox-Swift.h -working-directory /Users/hem/Documents/opt/my-daily-sprints -experimental-emit-module-separately -disable-cmo

Copy /Users/hem/Library/Developer/Xcode/DerivedData/FocusBlox-awtxlldmubwqcwggsrfosewjcyoq/Build/Products/Debug-iphonesimulator/FocusBlox.swiftmodule/arm64-apple-ios-simulator.abi.json /Users/hem/Library/Developer/Xcode/DerivedData/FocusBlox-awtxlldmubwqcwggsrfosewjcyoq/Build/Intermediates.noindex/FocusBlox.build/Debug-iphonesimulator/FocusBlox.build/Objects-normal/arm64/FocusBlox.abi.json (in target 'FocusBlox' from project 'FocusBlox')
    cd /Users/hem/Documents/opt/my-daily-sprints
    builtin-copy -exclude .DS_Store -exclude CVS -exclude .svn -exclude .git -exclude .hg -resolve-src-symlinks -rename /Users/hem/Library/Developer/Xcode/DerivedData/FocusBlox-awtxlldmubwqcwggsrfosewjcyoq/Build/Intermediates.noindex/FocusBlox.build/Debug-iphonesimulator/FocusBlox.build/Objects-normal/arm64/FocusBlox.abi.json /Users/hem/Library/Developer/Xcode/DerivedData/FocusBlox-awtxlldmubwqcwggsrfosewjcyoq/Build/Products/Debug-iphonesimulator/FocusBlox.swiftmodule/arm64-apple-ios-simulator.abi.json

Copy /Users/hem/Library/Developer/Xcode/DerivedData/FocusBlox-awtxlldmubwqcwggsrfosewjcyoq/Build/Products/Debug-iphonesimulator/FocusBlox.swiftmodule/Project/arm64-apple-ios-simulator.swiftsourceinfo /Users/hem/Library/Developer/Xcode/DerivedData/FocusBlox-awtxlldmubwqcwggsrfosewjcyoq/Build/Intermediates.noindex/FocusBlox.build/Debug-iphonesimulator/FocusBlox.build/Objects-normal/arm64/FocusBlox.swiftsourceinfo (in target 'FocusBlox' from project 'FocusBlox')
    cd /Users/hem/Documents/opt/my-daily-sprints
    builtin-copy -exclude .DS_Store -exclude CVS -exclude .svn -exclude .git -exclude .hg -resolve-src-symlinks -rename /Users/hem/Library/Developer/Xcode/DerivedData/FocusBlox-awtxlldmubwqcwggsrfosewjcyoq/Build/Intermediates.noindex/FocusBlox.build/Debug-iphonesimulator/FocusBlox.build/Objects-normal/arm64/FocusBlox.swiftsourceinfo /Users/hem/Library/Developer/Xcode/DerivedData/FocusBlox-awtxlldmubwqcwggsrfosewjcyoq/Build/Products/Debug-iphonesimulator/FocusBlox.swiftmodule/Project/arm64-apple-ios-simulator.swiftsourceinfo

SwiftDriverJobDiscovery normal arm64 Compiling BacklogRow.swift (in target 'FocusBlox' from project 'FocusBlox')

SwiftDriver\ Compilation FocusBlox normal arm64 com.apple.xcode.tools.swift.compiler (in target 'FocusBlox' from project 'FocusBlox')
    cd /Users/hem/Documents/opt/my-daily-sprints
    builtin-Swift-Compilation -- /Applications/Xcode.app/Contents/Developer/Toolchains/XcodeDefault.xctoolchain/usr/bin/swiftc -module-name FocusBlox -Onone -enforce-exclusivity\=checked @/Users/hem/Library/Developer/Xcode/DerivedData/FocusBlox-awtxlldmubwqcwggsrfosewjcyoq/Build/Intermediates.noindex/FocusBlox.build/Debug-iphonesimulator/FocusBlox.build/Objects-normal/arm64/FocusBlox.SwiftFileList -DDEBUG -enable-experimental-feature DebugDescriptionMacro -sdk /Applications/Xcode.app/Contents/Developer/Platforms/iPhoneSimulator.platform/Developer/SDKs/iPhoneSimulator26.2.sdk -target arm64-apple-ios26.2-simulator -g -module-cache-path /Users/hem/Library/Developer/Xcode/DerivedData/ModuleCache.noindex -Xfrontend -serialize-debugging-options -profile-coverage-mapping -profile-generate -enable-testing -index-store-path /Users/hem/Library/Developer/Xcode/DerivedData/FocusBlox-awtxlldmubwqcwggsrfosewjcyoq/Index.noindex/DataStore -Xcc -D_LIBCPP_HARDENING_MODE\=_LIBCPP_HARDENING_MODE_DEBUG -swift-version 6 -I /Users/hem/Library/Developer/Xcode/DerivedData/FocusBlox-awtxlldmubwqcwggsrfosewjcyoq/Build/Products/Debug-iphonesimulator -F /Users/hem/Library/Developer/Xcode/DerivedData/FocusBlox-awtxlldmubwqcwggsrfosewjcyoq/Build/Products/Debug-iphonesimulator -c -j10 -enable-batch-mode -incremental -Xcc -ivfsstatcache -Xcc /Users/hem/Library/Developer/Xcode/DerivedData/SDKStatCaches.noindex/iphonesimulator26.2-23C53-7d00a8b37fbd7999ea79df8ebc024bf0.sdkstatcache -output-file-map /Users/hem/Library/Developer/Xcode/DerivedData/FocusBlox-awtxlldmubwqcwggsrfosewjcyoq/Build/Intermediates.noindex/FocusBlox.build/Debug-iphonesimulator/FocusBlox.build/Objects-normal/arm64/FocusBlox-OutputFileMap.json -use-frontend-parseable-output -save-temps -no-color-diagnostics -explicit-module-build -module-cache-path /Users/hem/Library/Developer/Xcode/DerivedData/FocusBlox-awtxlldmubwqcwggsrfosewjcyoq/Build/Intermediates.noindex/SwiftExplicitPrecompiledModules -clang-scanner-module-cache-path /Users/hem/Library/Developer/Xcode/DerivedData/ModuleCache.noindex -sdk-module-cache-path /Users/hem/Library/Developer/Xcode/DerivedData/ModuleCache.noindex -serialize-diagnostics -emit-dependencies -emit-module -emit-module-path /Users/hem/Library/Developer/Xcode/DerivedData/FocusBlox-awtxlldmubwqcwggsrfosewjcyoq/Build/Intermediates.noindex/FocusBlox.build/Debug-iphonesimulator/FocusBlox.build/Objects-normal/arm64/FocusBlox.swiftmodule -validate-clang-modules-once -clang-build-session-file /Users/hem/Library/Developer/Xcode/DerivedData/ModuleCache.noindex/Session.modulevalidation -Xcc -I/Users/hem/Library/Developer/Xcode/DerivedData/FocusBlox-awtxlldmubwqcwggsrfosewjcyoq/Build/Intermediates.noindex/FocusBlox.build/Debug-iphonesimulator/FocusBlox.build/swift-overrides.hmap -emit-const-values -Xfrontend -const-gather-protocols-file -Xfrontend /Users/hem/Library/Developer/Xcode/DerivedData/FocusBlox-awtxlldmubwqcwggsrfosewjcyoq/Build/Intermediates.noindex/FocusBlox.build/Debug-iphonesimulator/FocusBlox.build/Objects-normal/arm64/FocusBlox_const_extract_protocols.json -Xcc -iquote -Xcc /Users/hem/Library/Developer/Xcode/DerivedData/FocusBlox-awtxlldmubwqcwggsrfosewjcyoq/Build/Intermediates.noindex/FocusBlox.build/Debug-iphonesimulator/FocusBlox.build/FocusBlox-generated-files.hmap -Xcc -I/Users/hem/Library/Developer/Xcode/DerivedData/FocusBlox-awtxlldmubwqcwggsrfosewjcyoq/Build/Intermediates.noindex/FocusBlox.build/Debug-iphonesimulator/FocusBlox.build/FocusBlox-own-target-headers.hmap -Xcc -I/Users/hem/Library/Developer/Xcode/DerivedData/FocusBlox-awtxlldmubwqcwggsrfosewjcyoq/Build/Intermediates.noindex/FocusBlox.build/Debug-iphonesimulator/FocusBlox.build/FocusBlox-all-target-headers.hmap -Xcc -iquote -Xcc /Users/hem/Library/Developer/Xcode/DerivedData/FocusBlox-awtxlldmubwqcwggsrfosewjcyoq/Build/Intermediates.noindex/FocusBlox.build/Debug-iphonesimulator/FocusBlox.build/FocusBlox-project-headers.hmap -Xcc -I/Users/hem/Library/Developer/Xcode/DerivedData/FocusBlox-awtxlldmubwqcwggsrfosewjcyoq/Build/Products/Debug-iphonesimulator/include -Xcc -I/Users/hem/Library/Developer/Xcode/DerivedData/FocusBlox-awtxlldmubwqcwggsrfosewjcyoq/Build/Intermediates.noindex/FocusBlox.build/Debug-iphonesimulator/FocusBlox.build/DerivedSources-normal/arm64 -Xcc -I/Users/hem/Library/Developer/Xcode/DerivedData/FocusBlox-awtxlldmubwqcwggsrfosewjcyoq/Build/Intermediates.noindex/FocusBlox.build/Debug-iphonesimulator/FocusBlox.build/DerivedSources/arm64 -Xcc -I/Users/hem/Library/Developer/Xcode/DerivedData/FocusBlox-awtxlldmubwqcwggsrfosewjcyoq/Build/Intermediates.noindex/FocusBlox.build/Debug-iphonesimulator/FocusBlox.build/DerivedSources -Xcc -DDEBUG\=1 -emit-objc-header -emit-objc-header-path /Users/hem/Library/Developer/Xcode/DerivedData/FocusBlox-awtxlldmubwqcwggsrfosewjcyoq/Build/Intermediates.noindex/FocusBlox.build/Debug-iphonesimulator/FocusBlox.build/Objects-normal/arm64/FocusBlox-Swift.h -working-directory /Users/hem/Documents/opt/my-daily-sprints -experimental-emit-module-separately -disable-cmo

Ld /Users/hem/Library/Developer/Xcode/DerivedData/FocusBlox-awtxlldmubwqcwggsrfosewjcyoq/Build/Products/Debug-iphonesimulator/FocusBlox.app/FocusBlox.debug.dylib normal (in target 'FocusBlox' from project 'FocusBlox')
    cd /Users/hem/Documents/opt/my-daily-sprints
    /Applications/Xcode.app/Contents/Developer/Toolchains/XcodeDefault.xctoolchain/usr/bin/clang -Xlinker -reproducible -target arm64-apple-ios26.2-simulator -dynamiclib -isysroot /Applications/Xcode.app/Contents/Developer/Platforms/iPhoneSimulator.platform/Developer/SDKs/iPhoneSimulator26.2.sdk -O0 -L/Users/hem/Library/Developer/Xcode/DerivedData/FocusBlox-awtxlldmubwqcwggsrfosewjcyoq/Build/Intermediates.noindex/EagerLinkingTBDs/Debug-iphonesimulator -L/Users/hem/Library/Developer/Xcode/DerivedData/FocusBlox-awtxlldmubwqcwggsrfosewjcyoq/Build/Products/Debug-iphonesimulator -F/Users/hem/Library/Developer/Xcode/DerivedData/FocusBlox-awtxlldmubwqcwggsrfosewjcyoq/Build/Intermediates.noindex/EagerLinkingTBDs/Debug-iphonesimulator -F/Users/hem/Library/Developer/Xcode/DerivedData/FocusBlox-awtxlldmubwqcwggsrfosewjcyoq/Build/Products/Debug-iphonesimulator -filelist /Users/hem/Library/Developer/Xcode/DerivedData/FocusBlox-awtxlldmubwqcwggsrfosewjcyoq/Build/Intermediates.noindex/FocusBlox.build/Debug-iphonesimulator/FocusBlox.build/Objects-normal/arm64/FocusBlox.LinkFileList -install_name @rpath/FocusBlox.debug.dylib -Xlinker -rpath -Xlinker @executable_path/Frameworks -dead_strip -Xlinker -object_path_lto -Xlinker /Users/hem/Library/Developer/Xcode/DerivedData/FocusBlox-awtxlldmubwqcwggsrfosewjcyoq/Build/Intermediates.noindex/FocusBlox.build/Debug-iphonesimulator/FocusBlox.build/Objects-normal/arm64/FocusBlox_lto.o -rdynamic -Xlinker -no_deduplicate -Xlinker -objc_abi_version -Xlinker 2 -Xlinker -debug_variant -Xlinker -dependency_info -Xlinker /Users/hem/Library/Developer/Xcode/DerivedData/FocusBlox-awtxlldmubwqcwggsrfosewjcyoq/Build/Intermediates.noindex/FocusBlox.build/Debug-iphonesimulator/FocusBlox.build/Objects-normal/arm64/FocusBlox_dependency_info.dat -fobjc-link-runtime -fprofile-instr-generate -L/Applications/Xcode.app/Contents/Developer/Toolchains/XcodeDefault.xctoolchain/usr/lib/swift/iphonesimulator -L/usr/lib/swift -Xlinker -add_ast_path -Xlinker /Users/hem/Library/Developer/Xcode/DerivedData/FocusBlox-awtxlldmubwqcwggsrfosewjcyoq/Build/Intermediates.noindex/FocusBlox.build/Debug-iphonesimulator/FocusBlox.build/Objects-normal/arm64/FocusBlox.swiftmodule @/Users/hem/Library/Developer/Xcode/DerivedData/FocusBlox-awtxlldmubwqcwggsrfosewjcyoq/Build/Intermediates.noindex/FocusBlox.build/Debug-iphonesimulator/FocusBlox.build/Objects-normal/arm64/FocusBlox-linker-args.resp -Xlinker -alias -Xlinker _main -Xlinker ___debug_main_executable_dylib_entry_point -framework FocusBloxCore -o /Users/hem/Library/Developer/Xcode/DerivedData/FocusBlox-awtxlldmubwqcwggsrfosewjcyoq/Build/Products/Debug-iphonesimulator/FocusBlox.app/FocusBlox.debug.dylib

ConstructStubExecutorLinkFileList /Users/hem/Library/Developer/Xcode/DerivedData/FocusBlox-awtxlldmubwqcwggsrfosewjcyoq/Build/Intermediates.noindex/FocusBlox.build/Debug-iphonesimulator/FocusBlox.build/FocusBlox-ExecutorLinkFileList-normal-arm64.txt (in target 'FocusBlox' from project 'FocusBlox')
    cd /Users/hem/Documents/opt/my-daily-sprints
    construct-stub-executor-link-file-list /Users/hem/Library/Developer/Xcode/DerivedData/FocusBlox-awtxlldmubwqcwggsrfosewjcyoq/Build/Products/Debug-iphonesimulator/FocusBlox.app/FocusBlox.debug.dylib /Applications/Xcode.app/Contents/Developer/Platforms/iPhoneSimulator.platform/Developer/usr/lib/libPreviewsJITStubExecutor_no_swift_entry_point.a /Applications/Xcode.app/Contents/Developer/Platforms/iPhoneSimulator.platform/Developer/usr/lib/libPreviewsJITStubExecutor.a --output /Users/hem/Library/Developer/Xcode/DerivedData/FocusBlox-awtxlldmubwqcwggsrfosewjcyoq/Build/Intermediates.noindex/FocusBlox.build/Debug-iphonesimulator/FocusBlox.build/FocusBlox-ExecutorLinkFileList-normal-arm64.txt
note: Using stub executor library with Swift entry point. (in target 'FocusBlox' from project 'FocusBlox')

Ld /Users/hem/Library/Developer/Xcode/DerivedData/FocusBlox-awtxlldmubwqcwggsrfosewjcyoq/Build/Products/Debug-iphonesimulator/FocusBlox.app/FocusBlox normal (in target 'FocusBlox' from project 'FocusBlox')
    cd /Users/hem/Documents/opt/my-daily-sprints
    /Applications/Xcode.app/Contents/Developer/Toolchains/XcodeDefault.xctoolchain/usr/bin/clang -Xlinker -reproducible -target arm64-apple-ios26.2-simulator -isysroot /Applications/Xcode.app/Contents/Developer/Platforms/iPhoneSimulator.platform/Developer/SDKs/iPhoneSimulator26.2.sdk -O0 -L/Users/hem/Library/Developer/Xcode/DerivedData/FocusBlox-awtxlldmubwqcwggsrfosewjcyoq/Build/Products/Debug-iphonesimulator -F/Users/hem/Library/Developer/Xcode/DerivedData/FocusBlox-awtxlldmubwqcwggsrfosewjcyoq/Build/Products/Debug-iphonesimulator -Xlinker -rpath -Xlinker @executable_path -Xlinker -rpath -Xlinker @executable_path/Frameworks -rdynamic -Xlinker -no_deduplicate -Xlinker -objc_abi_version -Xlinker 2 -Xlinker -debug_variant -e ___debug_blank_executor_main -Xlinker -sectcreate -Xlinker __TEXT -Xlinker __debug_dylib -Xlinker /Users/hem/Library/Developer/Xcode/DerivedData/FocusBlox-awtxlldmubwqcwggsrfosewjcyoq/Build/Intermediates.noindex/FocusBlox.build/Debug-iphonesimulator/FocusBlox.build/FocusBlox-DebugDylibPath-normal-arm64.txt -Xlinker -sectcreate -Xlinker __TEXT -Xlinker __debug_instlnm -Xlinker /Users/hem/Library/Developer/Xcode/DerivedData/FocusBlox-awtxlldmubwqcwggsrfosewjcyoq/Build/Intermediates.noindex/FocusBlox.build/Debug-iphonesimulator/FocusBlox.build/FocusBlox-DebugDylibInstallName-normal-arm64.txt -Xlinker -filelist -Xlinker /Users/hem/Library/Developer/Xcode/DerivedData/FocusBlox-awtxlldmubwqcwggsrfosewjcyoq/Build/Intermediates.noindex/FocusBlox.build/Debug-iphonesimulator/FocusBlox.build/FocusBlox-ExecutorLinkFileList-normal-arm64.txt /Users/hem/Library/Developer/Xcode/DerivedData/FocusBlox-awtxlldmubwqcwggsrfosewjcyoq/Build/Products/Debug-iphonesimulator/FocusBlox.app/FocusBlox.debug.dylib -o /Users/hem/Library/Developer/Xcode/DerivedData/FocusBlox-awtxlldmubwqcwggsrfosewjcyoq/Build/Products/Debug-iphonesimulator/FocusBlox.app/FocusBlox

ProcessInfoPlistFile /Users/hem/Library/Developer/Xcode/DerivedData/FocusBlox-awtxlldmubwqcwggsrfosewjcyoq/Build/Products/Debug-iphonesimulator/FocusBlox.app/Info.plist /Users/hem/Documents/opt/my-daily-sprints/Resources/Info.plist (in target 'FocusBlox' from project 'FocusBlox')
    cd /Users/hem/Documents/opt/my-daily-sprints
    builtin-infoPlistUtility /Users/hem/Documents/opt/my-daily-sprints/Resources/Info.plist -producttype com.apple.product-type.application -genpkginfo /Users/hem/Library/Developer/Xcode/DerivedData/FocusBlox-awtxlldmubwqcwggsrfosewjcyoq/Build/Products/Debug-iphonesimulator/FocusBlox.app/PkgInfo -expandbuildsettings -format binary -platform iphonesimulator -additionalcontentfile /Users/hem/Library/Developer/Xcode/DerivedData/FocusBlox-awtxlldmubwqcwggsrfosewjcyoq/Build/Intermediates.noindex/FocusBlox.build/Debug-iphonesimulator/FocusBlox.build/assetcatalog_generated_info.plist -scanforprivacyfile /Users/hem/Library/Developer/Xcode/DerivedData/FocusBlox-awtxlldmubwqcwggsrfosewjcyoq/Build/Products/Debug-iphonesimulator/FocusBlox.app/Frameworks/FocusBloxCore.framework -scanforprivacyfile /Users/hem/Library/Developer/Xcode/DerivedData/FocusBlox-awtxlldmubwqcwggsrfosewjcyoq/Build/Products/Debug-iphonesimulator/FocusBlox.app/PlugIns/FocusBloxWidgetsExtension.appex -o /Users/hem/Library/Developer/Xcode/DerivedData/FocusBlox-awtxlldmubwqcwggsrfosewjcyoq/Build/Products/Debug-iphonesimulator/FocusBlox.app/Info.plist
warning: 'UIRequiresFullScreen' has been deprecated starting in iOS 26.0 and will be ignored in a future release. See the UIRequiresFullScreen documentation for more details. (in target 'FocusBlox' from project 'FocusBlox')

CopySwiftLibs /Users/hem/Library/Developer/Xcode/DerivedData/FocusBlox-awtxlldmubwqcwggsrfosewjcyoq/Build/Products/Debug-iphonesimulator/FocusBlox.app (in target 'FocusBlox' from project 'FocusBlox')
    cd /Users/hem/Documents/opt/my-daily-sprints
    builtin-swiftStdLibTool --copy --verbose --scan-executable /Users/hem/Library/Developer/Xcode/DerivedData/FocusBlox-awtxlldmubwqcwggsrfosewjcyoq/Build/Products/Debug-iphonesimulator/FocusBlox.app/FocusBlox.debug.dylib --scan-folder /Users/hem/Library/Developer/Xcode/DerivedData/FocusBlox-awtxlldmubwqcwggsrfosewjcyoq/Build/Products/Debug-iphonesimulator/FocusBlox.app/Frameworks --scan-folder /Users/hem/Library/Developer/Xcode/DerivedData/FocusBlox-awtxlldmubwqcwggsrfosewjcyoq/Build/Products/Debug-iphonesimulator/FocusBlox.app/PlugIns --scan-folder /Users/hem/Library/Developer/Xcode/DerivedData/FocusBlox-awtxlldmubwqcwggsrfosewjcyoq/Build/Products/Debug-iphonesimulator/FocusBlox.app/SystemExtensions --scan-folder /Users/hem/Library/Developer/Xcode/DerivedData/FocusBlox-awtxlldmubwqcwggsrfosewjcyoq/Build/Products/Debug-iphonesimulator/FocusBlox.app/Extensions --scan-folder /Users/hem/Library/Developer/Xcode/DerivedData/FocusBlox-awtxlldmubwqcwggsrfosewjcyoq/Build/Products/Debug-iphonesimulator/FocusBloxCore.framework --platform iphonesimulator --toolchain /Applications/Xcode.app/Contents/Developer/Toolchains/XcodeDefault.xctoolchain --destination /Users/hem/Library/Developer/Xcode/DerivedData/FocusBlox-awtxlldmubwqcwggsrfosewjcyoq/Build/Products/Debug-iphonesimulator/FocusBlox.app/Frameworks --strip-bitcode --strip-bitcode-tool /Applications/Xcode.app/Contents/Developer/Toolchains/XcodeDefault.xctoolchain/usr/bin/bitcode_strip --emit-dependency-info /Users/hem/Library/Developer/Xcode/DerivedData/FocusBlox-awtxlldmubwqcwggsrfosewjcyoq/Build/Intermediates.noindex/FocusBlox.build/Debug-iphonesimulator/FocusBlox.build/SwiftStdLibToolInputDependencies.dep --filter-for-swift-os
Ignoring --strip-bitcode because --sign was not passed

ExtractAppIntentsMetadata (in target 'FocusBlox' from project 'FocusBlox')
    cd /Users/hem/Documents/opt/my-daily-sprints
    /Applications/Xcode.app/Contents/Developer/Toolchains/XcodeDefault.xctoolchain/usr/bin/appintentsmetadataprocessor --toolchain-dir /Applications/Xcode.app/Contents/Developer/Toolchains/XcodeDefault.xctoolchain --module-name FocusBlox --sdk-root /Applications/Xcode.app/Contents/Developer/Platforms/iPhoneSimulator.platform/Developer/SDKs/iPhoneSimulator26.2.sdk --xcode-version 17C52 --platform-family iOS --deployment-target 26.2 --bundle-identifier com.henning.timebox --output /Users/hem/Library/Developer/Xcode/DerivedData/FocusBlox-awtxlldmubwqcwggsrfosewjcyoq/Build/Products/Debug-iphonesimulator/FocusBlox.app --target-triple arm64-apple-ios26.2-simulator --binary-file /Users/hem/Library/Developer/Xcode/DerivedData/FocusBlox-awtxlldmubwqcwggsrfosewjcyoq/Build/Products/Debug-iphonesimulator/FocusBlox.app/FocusBlox --dependency-file /Users/hem/Library/Developer/Xcode/DerivedData/FocusBlox-awtxlldmubwqcwggsrfosewjcyoq/Build/Intermediates.noindex/FocusBlox.build/Debug-iphonesimulator/FocusBlox.build/Objects-normal/arm64/FocusBlox_dependency_info.dat --stringsdata-file /Users/hem/Library/Developer/Xcode/DerivedData/FocusBlox-awtxlldmubwqcwggsrfosewjcyoq/Build/Intermediates.noindex/FocusBlox.build/Debug-iphonesimulator/FocusBlox.build/Objects-normal/arm64/ExtractedAppShortcutsMetadata.stringsdata --source-file-list /Users/hem/Library/Developer/Xcode/DerivedData/FocusBlox-awtxlldmubwqcwggsrfosewjcyoq/Build/Intermediates.noindex/FocusBlox.build/Debug-iphonesimulator/FocusBlox.build/Objects-normal/arm64/FocusBlox.SwiftFileList --metadata-file-list /Users/hem/Library/Developer/Xcode/DerivedData/FocusBlox-awtxlldmubwqcwggsrfosewjcyoq/Build/Intermediates.noindex/FocusBlox.build/Debug-iphonesimulator/FocusBlox.build/FocusBlox.DependencyMetadataFileList --static-metadata-file-list /Users/hem/Library/Developer/Xcode/DerivedData/FocusBlox-awtxlldmubwqcwggsrfosewjcyoq/Build/Intermediates.noindex/FocusBlox.build/Debug-iphonesimulator/FocusBlox.build/FocusBlox.DependencyStaticMetadataFileList --swift-const-vals-list /Users/hem/Library/Developer/Xcode/DerivedData/FocusBlox-awtxlldmubwqcwggsrfosewjcyoq/Build/Intermediates.noindex/FocusBlox.build/Debug-iphonesimulator/FocusBlox.build/Objects-normal/arm64/FocusBlox.SwiftConstValuesFileList --compile-time-extraction --deployment-aware-processing --validate-assistant-intents --no-app-shortcuts-localization
2026-01-29 15:50:24.947 appintentsmetadataprocessor[15734:41161707] Starting appintentsmetadataprocessor export
2026-01-29 15:50:25.045 appintentsmetadataprocessor[15734:41161707] Writing Metadata.appintents
2026-01-29 15:50:25.045 appintentsmetadataprocessor[15734:41161707] Metadata root: /Users/hem/Library/Developer/Xcode/DerivedData/FocusBlox-awtxlldmubwqcwggsrfosewjcyoq/Build/Products/Debug-iphonesimulator/FocusBlox.app/Metadata.appintents

Ld /Users/hem/Library/Developer/Xcode/DerivedData/FocusBlox-awtxlldmubwqcwggsrfosewjcyoq/Build/Products/Debug-iphonesimulator/FocusBlox.app/PlugIns/FocusBloxTests.xctest/FocusBloxTests normal (in target 'FocusBloxTests' from project 'FocusBlox')
    cd /Users/hem/Documents/opt/my-daily-sprints
    /Applications/Xcode.app/Contents/Developer/Toolchains/XcodeDefault.xctoolchain/usr/bin/clang -Xlinker -reproducible -target arm64-apple-ios26.2-simulator -bundle -isysroot /Applications/Xcode.app/Contents/Developer/Platforms/iPhoneSimulator.platform/Developer/SDKs/iPhoneSimulator26.2.sdk -O0 -L/Users/hem/Library/Developer/Xcode/DerivedData/FocusBlox-awtxlldmubwqcwggsrfosewjcyoq/Build/Intermediates.noindex/EagerLinkingTBDs/Debug-iphonesimulator -L/Users/hem/Library/Developer/Xcode/DerivedData/FocusBlox-awtxlldmubwqcwggsrfosewjcyoq/Build/Products/Debug-iphonesimulator -L/Applications/Xcode.app/Contents/Developer/Platforms/iPhoneSimulator.platform/Developer/usr/lib -F/Users/hem/Library/Developer/Xcode/DerivedData/FocusBlox-awtxlldmubwqcwggsrfosewjcyoq/Build/Intermediates.noindex/EagerLinkingTBDs/Debug-iphonesimulator -F/Users/hem/Library/Developer/Xcode/DerivedData/FocusBlox-awtxlldmubwqcwggsrfosewjcyoq/Build/Products/Debug-iphonesimulator -iframework /Applications/Xcode.app/Contents/Developer/Platforms/iPhoneSimulator.platform/Developer/Library/Frameworks -iframework /Applications/Xcode.app/Contents/Developer/Platforms/iPhoneSimulator.platform/Developer/SDKs/iPhoneSimulator26.2.sdk/Developer/Library/Frameworks -filelist /Users/hem/Library/Developer/Xcode/DerivedData/FocusBlox-awtxlldmubwqcwggsrfosewjcyoq/Build/Intermediates.noindex/FocusBlox.build/Debug-iphonesimulator/FocusBloxTests.build/Objects-normal/arm64/FocusBloxTests.LinkFileList -Xlinker -rpath -Xlinker @loader_path/Frameworks -Xlinker -rpath -Xlinker @executable_path/Frameworks -dead_strip -bundle_loader /Users/hem/Library/Developer/Xcode/DerivedData/FocusBlox-awtxlldmubwqcwggsrfosewjcyoq/Build/Products/Debug-iphonesimulator/FocusBlox.app/FocusBlox -Xlinker -object_path_lto -Xlinker /Users/hem/Library/Developer/Xcode/DerivedData/FocusBlox-awtxlldmubwqcwggsrfosewjcyoq/Build/Intermediates.noindex/FocusBlox.build/Debug-iphonesimulator/FocusBloxTests.build/Objects-normal/arm64/FocusBloxTests_lto.o -rdynamic -Xlinker -no_deduplicate -Xlinker -objc_abi_version -Xlinker 2 -Xlinker -debug_variant -Xlinker -dependency_info -Xlinker /Users/hem/Library/Developer/Xcode/DerivedData/FocusBlox-awtxlldmubwqcwggsrfosewjcyoq/Build/Intermediates.noindex/FocusBlox.build/Debug-iphonesimulator/FocusBloxTests.build/Objects-normal/arm64/FocusBloxTests_dependency_info.dat -fobjc-link-runtime -fprofile-instr-generate -L/Applications/Xcode.app/Contents/Developer/Toolchains/XcodeDefault.xctoolchain/usr/lib/swift/iphonesimulator -L/usr/lib/swift -Xlinker -add_ast_path -Xlinker /Users/hem/Library/Developer/Xcode/DerivedData/FocusBlox-awtxlldmubwqcwggsrfosewjcyoq/Build/Intermediates.noindex/FocusBlox.build/Debug-iphonesimulator/FocusBloxTests.build/Objects-normal/arm64/FocusBloxTests.swiftmodule @/Users/hem/Library/Developer/Xcode/DerivedData/FocusBlox-awtxlldmubwqcwggsrfosewjcyoq/Build/Intermediates.noindex/FocusBlox.build/Debug-iphonesimulator/FocusBloxTests.build/Objects-normal/arm64/FocusBloxTests-linker-args.resp -Xlinker -needed_framework -Xlinker XCTest -framework XCTest -Xlinker -needed-lXCTestSwiftSupport -lXCTestSwiftSupport /Users/hem/Library/Developer/Xcode/DerivedData/FocusBlox-awtxlldmubwqcwggsrfosewjcyoq/Build/Products/Debug-iphonesimulator/FocusBlox.app/FocusBlox.debug.dylib -o /Users/hem/Library/Developer/Xcode/DerivedData/FocusBlox-awtxlldmubwqcwggsrfosewjcyoq/Build/Products/Debug-iphonesimulator/FocusBlox.app/PlugIns/FocusBloxTests.xctest/FocusBloxTests

ProcessInfoPlistFile /Users/hem/Library/Developer/Xcode/DerivedData/FocusBlox-awtxlldmubwqcwggsrfosewjcyoq/Build/Products/Debug-iphonesimulator/FocusBlox.app/PlugIns/FocusBloxTests.xctest/Info.plist /Users/hem/Library/Developer/Xcode/DerivedData/FocusBlox-awtxlldmubwqcwggsrfosewjcyoq/Build/Intermediates.noindex/FocusBlox.build/Debug-iphonesimulator/FocusBloxTests.build/empty-FocusBloxTests.plist (in target 'FocusBloxTests' from project 'FocusBlox')
    cd /Users/hem/Documents/opt/my-daily-sprints
    builtin-infoPlistUtility /Users/hem/Library/Developer/Xcode/DerivedData/FocusBlox-awtxlldmubwqcwggsrfosewjcyoq/Build/Intermediates.noindex/FocusBlox.build/Debug-iphonesimulator/FocusBloxTests.build/empty-FocusBloxTests.plist -producttype com.apple.product-type.bundle.unit-test -expandbuildsettings -format binary -platform iphonesimulator -o /Users/hem/Library/Developer/Xcode/DerivedData/FocusBlox-awtxlldmubwqcwggsrfosewjcyoq/Build/Products/Debug-iphonesimulator/FocusBlox.app/PlugIns/FocusBloxTests.xctest/Info.plist

CopySwiftLibs /Users/hem/Library/Developer/Xcode/DerivedData/FocusBlox-awtxlldmubwqcwggsrfosewjcyoq/Build/Products/Debug-iphonesimulator/FocusBlox.app/PlugIns/FocusBloxTests.xctest (in target 'FocusBloxTests' from project 'FocusBlox')
    cd /Users/hem/Documents/opt/my-daily-sprints
    builtin-swiftStdLibTool --copy --verbose --scan-executable /Users/hem/Library/Developer/Xcode/DerivedData/FocusBlox-awtxlldmubwqcwggsrfosewjcyoq/Build/Products/Debug-iphonesimulator/FocusBlox.app/PlugIns/FocusBloxTests.xctest/FocusBloxTests --scan-folder /Users/hem/Library/Developer/Xcode/DerivedData/FocusBlox-awtxlldmubwqcwggsrfosewjcyoq/Build/Products/Debug-iphonesimulator/FocusBlox.app/PlugIns/FocusBloxTests.xctest/Frameworks --scan-folder /Users/hem/Library/Developer/Xcode/DerivedData/FocusBlox-awtxlldmubwqcwggsrfosewjcyoq/Build/Products/Debug-iphonesimulator/FocusBlox.app/PlugIns/FocusBloxTests.xctest/PlugIns --scan-folder /Users/hem/Library/Developer/Xcode/DerivedData/FocusBlox-awtxlldmubwqcwggsrfosewjcyoq/Build/Products/Debug-iphonesimulator/FocusBlox.app/PlugIns/FocusBloxTests.xctest/SystemExtensions --scan-folder /Users/hem/Library/Developer/Xcode/DerivedData/FocusBlox-awtxlldmubwqcwggsrfosewjcyoq/Build/Products/Debug-iphonesimulator/FocusBlox.app/PlugIns/FocusBloxTests.xctest/Extensions --platform iphonesimulator --toolchain /Applications/Xcode.app/Contents/Developer/Toolchains/XcodeDefault.xctoolchain --destination /Users/hem/Library/Developer/Xcode/DerivedData/FocusBlox-awtxlldmubwqcwggsrfosewjcyoq/Build/Products/Debug-iphonesimulator/FocusBlox.app/PlugIns/FocusBloxTests.xctest/Frameworks --strip-bitcode --scan-executable /Applications/Xcode.app/Contents/Developer/Platforms/iPhoneSimulator.platform/Developer/usr/lib/libXCTestSwiftSupport.dylib --strip-bitcode-tool /Applications/Xcode.app/Contents/Developer/Toolchains/XcodeDefault.xctoolchain/usr/bin/bitcode_strip --emit-dependency-info /Users/hem/Library/Developer/Xcode/DerivedData/FocusBlox-awtxlldmubwqcwggsrfosewjcyoq/Build/Intermediates.noindex/FocusBlox.build/Debug-iphonesimulator/FocusBloxTests.build/SwiftStdLibToolInputDependencies.dep --filter-for-swift-os
Ignoring --strip-bitcode because --sign was not passed

ExtractAppIntentsMetadata (in target 'FocusBloxTests' from project 'FocusBlox')
    cd /Users/hem/Documents/opt/my-daily-sprints
    /Applications/Xcode.app/Contents/Developer/Toolchains/XcodeDefault.xctoolchain/usr/bin/appintentsmetadataprocessor --toolchain-dir /Applications/Xcode.app/Contents/Developer/Toolchains/XcodeDefault.xctoolchain --module-name FocusBloxTests --sdk-root /Applications/Xcode.app/Contents/Developer/Platforms/iPhoneSimulator.platform/Developer/SDKs/iPhoneSimulator26.2.sdk --xcode-version 17C52 --platform-family iOS --deployment-target 26.2 --bundle-identifier com.henning.timebox.tests --output /Users/hem/Library/Developer/Xcode/DerivedData/FocusBlox-awtxlldmubwqcwggsrfosewjcyoq/Build/Products/Debug-iphonesimulator/FocusBlox.app/PlugIns/FocusBloxTests.xctest --target-triple arm64-apple-ios26.2-simulator --binary-file /Users/hem/Library/Developer/Xcode/DerivedData/FocusBlox-awtxlldmubwqcwggsrfosewjcyoq/Build/Products/Debug-iphonesimulator/FocusBlox.app/PlugIns/FocusBloxTests.xctest/FocusBloxTests --dependency-file /Users/hem/Library/Developer/Xcode/DerivedData/FocusBlox-awtxlldmubwqcwggsrfosewjcyoq/Build/Intermediates.noindex/FocusBlox.build/Debug-iphonesimulator/FocusBloxTests.build/Objects-normal/arm64/FocusBloxTests_dependency_info.dat --stringsdata-file /Users/hem/Library/Developer/Xcode/DerivedData/FocusBlox-awtxlldmubwqcwggsrfosewjcyoq/Build/Intermediates.noindex/FocusBlox.build/Debug-iphonesimulator/FocusBloxTests.build/Objects-normal/arm64/ExtractedAppShortcutsMetadata.stringsdata --source-file-list /Users/hem/Library/Developer/Xcode/DerivedData/FocusBlox-awtxlldmubwqcwggsrfosewjcyoq/Build/Intermediates.noindex/FocusBlox.build/Debug-iphonesimulator/FocusBloxTests.build/Objects-normal/arm64/FocusBloxTests.SwiftFileList --metadata-file-list /Users/hem/Library/Developer/Xcode/DerivedData/FocusBlox-awtxlldmubwqcwggsrfosewjcyoq/Build/Intermediates.noindex/FocusBlox.build/Debug-iphonesimulator/FocusBloxTests.build/FocusBloxTests.DependencyMetadataFileList --static-metadata-file-list /Users/hem/Library/Developer/Xcode/DerivedData/FocusBlox-awtxlldmubwqcwggsrfosewjcyoq/Build/Intermediates.noindex/FocusBlox.build/Debug-iphonesimulator/FocusBloxTests.build/FocusBloxTests.DependencyStaticMetadataFileList --swift-const-vals-list /Users/hem/Library/Developer/Xcode/DerivedData/FocusBlox-awtxlldmubwqcwggsrfosewjcyoq/Build/Intermediates.noindex/FocusBlox.build/Debug-iphonesimulator/FocusBloxTests.build/Objects-normal/arm64/FocusBloxTests.SwiftConstValuesFileList --compile-time-extraction --deployment-aware-processing --validate-assistant-intents --no-app-shortcuts-localization
2026-01-29 15:50:25.258 appintentsmetadataprocessor[15737:41161724] Starting appintentsmetadataprocessor export
2026-01-29 15:50:25.329 appintentsmetadataprocessor[15737:41161724] Extracted no relevant App Intents symbols, skipping writing output

Validate /Users/hem/Library/Developer/Xcode/DerivedData/FocusBlox-awtxlldmubwqcwggsrfosewjcyoq/Build/Products/Debug-iphonesimulator/FocusBlox.app (in target 'FocusBlox' from project 'FocusBlox')
    cd /Users/hem/Documents/opt/my-daily-sprints
    builtin-validationUtility /Users/hem/Library/Developer/Xcode/DerivedData/FocusBlox-awtxlldmubwqcwggsrfosewjcyoq/Build/Products/Debug-iphonesimulator/FocusBlox.app -shallow-bundle -infoplist-subpath Info.plist

ProcessInfoPlistFile /Users/hem/Library/Developer/Xcode/DerivedData/FocusBlox-awtxlldmubwqcwggsrfosewjcyoq/Build/Products/Debug-iphonesimulator/FocusBloxUITests-Runner.app/PlugIns/FocusBloxUITests.xctest/Info.plist /Users/hem/Library/Developer/Xcode/DerivedData/FocusBlox-awtxlldmubwqcwggsrfosewjcyoq/Build/Intermediates.noindex/FocusBlox.build/Debug-iphonesimulator/FocusBloxUITests.build/empty-FocusBloxUITests.plist (in target 'FocusBloxUITests' from project 'FocusBlox')
    cd /Users/hem/Documents/opt/my-daily-sprints
    builtin-infoPlistUtility /Users/hem/Library/Developer/Xcode/DerivedData/FocusBlox-awtxlldmubwqcwggsrfosewjcyoq/Build/Intermediates.noindex/FocusBlox.build/Debug-iphonesimulator/FocusBloxUITests.build/empty-FocusBloxUITests.plist -producttype com.apple.product-type.bundle.ui-testing -expandbuildsettings -format binary -platform iphonesimulator -additionalcontentfile /Users/hem/Library/Developer/Xcode/DerivedData/FocusBlox-awtxlldmubwqcwggsrfosewjcyoq/Build/Intermediates.noindex/FocusBlox.build/Debug-iphonesimulator/FocusBloxUITests.build/ProductTypeInfoPlistAdditions.plist -o /Users/hem/Library/Developer/Xcode/DerivedData/FocusBlox-awtxlldmubwqcwggsrfosewjcyoq/Build/Products/Debug-iphonesimulator/FocusBloxUITests-Runner.app/PlugIns/FocusBloxUITests.xctest/Info.plist

CopySwiftLibs /Users/hem/Library/Developer/Xcode/DerivedData/FocusBlox-awtxlldmubwqcwggsrfosewjcyoq/Build/Products/Debug-iphonesimulator/FocusBloxUITests-Runner.app/PlugIns/FocusBloxUITests.xctest (in target 'FocusBloxUITests' from project 'FocusBlox')
    cd /Users/hem/Documents/opt/my-daily-sprints
    builtin-swiftStdLibTool --copy --verbose --scan-executable /Users/hem/Library/Developer/Xcode/DerivedData/FocusBlox-awtxlldmubwqcwggsrfosewjcyoq/Build/Products/Debug-iphonesimulator/FocusBloxUITests-Runner.app/PlugIns/FocusBloxUITests.xctest/FocusBloxUITests --scan-folder /Users/hem/Library/Developer/Xcode/DerivedData/FocusBlox-awtxlldmubwqcwggsrfosewjcyoq/Build/Products/Debug-iphonesimulator/FocusBloxUITests-Runner.app/PlugIns/FocusBloxUITests.xctest/Frameworks --scan-folder /Users/hem/Library/Developer/Xcode/DerivedData/FocusBlox-awtxlldmubwqcwggsrfosewjcyoq/Build/Products/Debug-iphonesimulator/FocusBloxUITests-Runner.app/PlugIns/FocusBloxUITests.xctest/PlugIns --scan-folder /Users/hem/Library/Developer/Xcode/DerivedData/FocusBlox-awtxlldmubwqcwggsrfosewjcyoq/Build/Products/Debug-iphonesimulator/FocusBloxUITests-Runner.app/PlugIns/FocusBloxUITests.xctest/SystemExtensions --scan-folder /Users/hem/Library/Developer/Xcode/DerivedData/FocusBlox-awtxlldmubwqcwggsrfosewjcyoq/Build/Products/Debug-iphonesimulator/FocusBloxUITests-Runner.app/PlugIns/FocusBloxUITests.xctest/Extensions --platform iphonesimulator --toolchain /Applications/Xcode.app/Contents/Developer/Toolchains/XcodeDefault.xctoolchain --destination /Users/hem/Library/Developer/Xcode/DerivedData/FocusBlox-awtxlldmubwqcwggsrfosewjcyoq/Build/Products/Debug-iphonesimulator/FocusBloxUITests-Runner.app/PlugIns/FocusBloxUITests.xctest/Frameworks --strip-bitcode --scan-executable /Applications/Xcode.app/Contents/Developer/Platforms/iPhoneSimulator.platform/Developer/usr/lib/libXCTestSwiftSupport.dylib --strip-bitcode-tool /Applications/Xcode.app/Contents/Developer/Toolchains/XcodeDefault.xctoolchain/usr/bin/bitcode_strip --emit-dependency-info /Users/hem/Library/Developer/Xcode/DerivedData/FocusBlox-awtxlldmubwqcwggsrfosewjcyoq/Build/Intermediates.noindex/FocusBlox.build/Debug-iphonesimulator/FocusBloxUITests.build/SwiftStdLibToolInputDependencies.dep --filter-for-swift-os
Ignoring --strip-bitcode because --sign was not passed

2026-01-29 15:50:38.579377+0100 FocusBloxUITests-Runner[15928:41163507] [Default] Running tests...
    t =      nans Interface orientation changed to Portrait
Test Suite 'Selected tests' started at 2026-01-29 15:50:43.181.
Test Suite 'FocusBloxUITests.xctest' started at 2026-01-29 15:50:43.181.
Test Suite 'BacklogRowRedesignUITests' started at 2026-01-29 15:50:43.181.
Test Case '-[FocusBloxUITests.BacklogRowRedesignUITests testActionsMenuSimplified]' started.
    t =     0.00s Start Test at 2026-01-29 15:50:43.182
    t =     0.26s Set Up
    t =     0.27s     Open com.henning.timebox
    t =     0.27s         Launch com.henning.timebox
    t =     1.55s             Setting up automation session
    t =     2.20s             Wait for com.henning.timebox to idle
    t =     3.96s Waiting 5.0s for "tab-backlog" Button to exist
    t =     5.03s     Checking `Expect predicate `existsNoRetry == 1` for object "tab-backlog" Button`
    t =     5.03s         Checking existence of `"tab-backlog" Button`
    t =     5.13s Tap "tab-backlog" Button
    t =     5.13s     Wait for com.henning.timebox to idle
    t =     5.13s     Find the "tab-backlog" Button
    t =     5.17s     Check for interrupting elements affecting "tab-backlog" Button
    t =     5.20s     Synthesize event
    t =     5.60s     Wait for com.henning.timebox to idle
    t =     6.61s Waiting 3.0s for "viewModeSwitcher" Button to exist
    t =     7.68s     Checking `Expect predicate `existsNoRetry == 1` for object "viewModeSwitcher" Button`
    t =     7.68s         Checking existence of `"viewModeSwitcher" Button`
    t =     7.72s Tap "viewModeSwitcher" Button
    t =     7.72s     Wait for com.henning.timebox to idle
    t =     7.72s     Find the "viewModeSwitcher" Button
    t =     7.75s     Check for interrupting elements affecting "viewModeSwitcher" Button
    t =     7.78s     Synthesize event
    t =     8.08s     Wait for com.henning.timebox to idle
    t =    10.00s Waiting 3.0s for Button (First Match) to exist
    t =    11.07s     Checking `Expect predicate `existsNoRetry == 1` for object Button (First Match)`
    t =    11.07s         Checking existence of `Button (First Match)`
    t =    11.13s Tap Button (First Match)
    t =    11.13s     Wait for com.henning.timebox to idle
    t =    11.13s     Find the Button (First Match)
    t =    11.16s     Check for interrupting elements affecting "list.bullet" Button
    t =    11.19s     Synthesize event
    t =    11.48s     Wait for com.henning.timebox to idle
    t =    15.09s Waiting 5.0s for Button (First Match) to exist
    t =    16.16s     Checking `Expect predicate `existsNoRetry == 1` for object Button (First Match)`
    t =    16.16s         Checking existence of `Button (First Match)`
    t =    16.22s         Capturing element debug description
    t =    17.18s     Checking `Expect predicate `existsNoRetry == 1` for object Button (First Match)`
    t =    17.18s         Checking existence of `Button (First Match)`
    t =    17.25s         Capturing element debug description
    t =    18.11s     Checking `Expect predicate `existsNoRetry == 1` for object Button (First Match)`
    t =    18.11s         Checking existence of `Button (First Match)`
    t =    18.16s         Capturing element debug description
    t =    19.12s     Checking `Expect predicate `existsNoRetry == 1` for object Button (First Match)`
    t =    19.12s         Checking existence of `Button (First Match)`
    t =    19.18s         Capturing element debug description
    t =    20.10s     Checking `Expect predicate `existsNoRetry == 1` for object Button (First Match)`
    t =    20.10s         Checking existence of `Button (First Match)`
    t =    20.16s         Capturing element debug description
    t =    20.16s     Checking existence of `Button (First Match)`
    t =    20.21s Collecting debug information to assist test failure triage
    t =    20.21s     Requesting snapshot of accessibility hierarchy for app with pid 15982
/Users/hem/Documents/opt/my-daily-sprints/FocusBloxUITests/BacklogRowRedesignUITests.swift:333: error: -[FocusBloxUITests.BacklogRowRedesignUITests testActionsMenuSimplified] : failed - Actions menu not found
    t =    20.54s Tear Down
Test Case '-[FocusBloxUITests.BacklogRowRedesignUITests testActionsMenuSimplified]' failed (20.798 seconds).
Test Case '-[FocusBloxUITests.BacklogRowRedesignUITests testImportanceBadgeInMetadataRow]' started.
    t =     0.00s Start Test at 2026-01-29 15:51:03.981
    t =     0.02s Set Up
    t =     0.02s     Open com.henning.timebox
    t =     0.02s         Launch com.henning.timebox
    t =     0.02s             Terminate com.henning.timebox:15982
    t =     1.26s             Setting up automation session
    t =     1.92s             Wait for com.henning.timebox to idle
    t =     3.39s Waiting 5.0s for "tab-backlog" Button to exist
    t =     4.46s     Checking `Expect predicate `existsNoRetry == 1` for object "tab-backlog" Button`
    t =     4.47s         Checking existence of `"tab-backlog" Button`
    t =     4.56s Tap "tab-backlog" Button
    t =     4.56s     Wait for com.henning.timebox to idle
    t =     4.56s     Find the "tab-backlog" Button
    t =     4.59s     Check for interrupting elements affecting "tab-backlog" Button
    t =     4.62s     Synthesize event
    t =     4.91s     Wait for com.henning.timebox to idle
    t =     5.92s Waiting 3.0s for "viewModeSwitcher" Button to exist
    t =     7.00s     Checking `Expect predicate `existsNoRetry == 1` for object "viewModeSwitcher" Button`
    t =     7.00s         Checking existence of `"viewModeSwitcher" Button`
    t =     7.05s Tap "viewModeSwitcher" Button
    t =     7.05s     Wait for com.henning.timebox to idle
    t =     7.05s     Find the "viewModeSwitcher" Button
    t =     7.09s     Check for interrupting elements affecting "viewModeSwitcher" Button
    t =     7.12s     Synthesize event
    t =     7.41s     Wait for com.henning.timebox to idle
    t =     9.31s Waiting 3.0s for Button (First Match) to exist
    t =    10.36s     Checking `Expect predicate `existsNoRetry == 1` for object Button (First Match)`
    t =    10.37s         Checking existence of `Button (First Match)`
    t =    10.41s Tap Button (First Match)
    t =    10.41s     Wait for com.henning.timebox to idle
    t =    10.41s     Find the Button (First Match)
    t =    10.44s     Check for interrupting elements affecting "list.bullet" Button
    t =    10.47s     Synthesize event
    t =    10.76s     Wait for com.henning.timebox to idle
    t =    14.38s Find the Target Application 'com.henning.timebox'
    t =    14.52s Added attachment named '1_ImportanceBadge_Search'
    t =    14.52s Waiting 5.0s for Image (First Match) to exist
    t =    15.57s     Checking `Expect predicate `existsNoRetry == 1` for object Image (First Match)`
    t =    15.57s         Checking existence of `Image (First Match)`
    t =    15.63s         Capturing element debug description
    t =    16.59s     Checking `Expect predicate `existsNoRetry == 1` for object Image (First Match)`
    t =    16.59s         Checking existence of `Image (First Match)`
    t =    16.65s         Capturing element debug description
    t =    17.60s     Checking `Expect predicate `existsNoRetry == 1` for object Image (First Match)`
    t =    17.60s         Checking existence of `Image (First Match)`
    t =    17.66s         Capturing element debug description
    t =    18.53s     Checking `Expect predicate `existsNoRetry == 1` for object Image (First Match)`
    t =    18.53s         Checking existence of `Image (First Match)`
    t =    18.59s         Capturing element debug description
    t =    19.52s     Checking `Expect predicate `existsNoRetry == 1` for object Image (First Match)`
    t =    19.52s         Checking existence of `Image (First Match)`
    t =    19.59s         Capturing element debug description
    t =    19.59s     Checking existence of `Image (First Match)`
    t =    19.64s Collecting debug information to assist test failure triage
    t =    19.64s     Requesting snapshot of accessibility hierarchy for app with pid 16060
/Users/hem/Documents/opt/my-daily-sprints/FocusBloxUITests/BacklogRowRedesignUITests.swift:69: error: -[FocusBloxUITests.BacklogRowRedesignUITests testImportanceBadgeInMetadataRow] : XCTAssertTrue failed - BacklogRow should have importance badge with identifier 'importanceBadge_*' in metadata row
    t =    19.70s Tear Down
Test Case '-[FocusBloxUITests.BacklogRowRedesignUITests testImportanceBadgeInMetadataRow]' failed (19.949 seconds).
Test Case '-[FocusBloxUITests.BacklogRowRedesignUITests testMetadataOrder]' started.
    t =     0.00s Start Test at 2026-01-29 15:51:23.931
    t =     0.02s Set Up
    t =     0.02s     Open com.henning.timebox
    t =     0.03s         Launch com.henning.timebox
    t =     0.03s             Terminate com.henning.timebox:16060
    t =     1.31s             Setting up automation session
    t =     1.94s             Wait for com.henning.timebox to idle
    t =     3.44s Waiting 5.0s for "tab-backlog" Button to exist
    t =     4.51s     Checking `Expect predicate `existsNoRetry == 1` for object "tab-backlog" Button`
    t =     4.51s         Checking existence of `"tab-backlog" Button`
    t =     4.60s Tap "tab-backlog" Button
    t =     4.60s     Wait for com.henning.timebox to idle
    t =     4.60s     Find the "tab-backlog" Button
    t =     4.63s     Check for interrupting elements affecting "tab-backlog" Button
    t =     4.66s     Synthesize event
    t =     4.96s     Wait for com.henning.timebox to idle
    t =     5.98s Waiting 3.0s for "viewModeSwitcher" Button to exist
    t =     7.04s     Checking `Expect predicate `existsNoRetry == 1` for object "viewModeSwitcher" Button`
    t =     7.04s         Checking existence of `"viewModeSwitcher" Button`
    t =     7.09s Tap "viewModeSwitcher" Button
    t =     7.09s     Wait for com.henning.timebox to idle
    t =     7.09s     Find the "viewModeSwitcher" Button
    t =     7.12s     Check for interrupting elements affecting "viewModeSwitcher" Button
    t =     7.16s     Synthesize event
    t =     7.44s     Wait for com.henning.timebox to idle
    t =     9.36s Waiting 3.0s for Button (First Match) to exist
    t =    10.41s     Checking `Expect predicate `existsNoRetry == 1` for object Button (First Match)`
    t =    10.41s         Checking existence of `Button (First Match)`
    t =    10.45s Tap Button (First Match)
    t =    10.45s     Wait for com.henning.timebox to idle
    t =    10.46s     Find the Button (First Match)
    t =    10.48s     Check for interrupting elements affecting "list.bullet" Button
    t =    10.52s     Synthesize event
    t =    10.81s     Wait for com.henning.timebox to idle
    t =    13.89s Find the Target Application 'com.henning.timebox'
    t =    14.03s Added attachment named '7_MetadataOrder'
    t =    14.03s Waiting 5.0s for Other (First Match) to exist
    t =    15.08s     Checking `Expect predicate `existsNoRetry == 1` for object Other (First Match)`
    t =    15.08s         Checking existence of `Other (First Match)`
    t =    15.15s         Capturing element debug description
    t =    16.11s     Checking `Expect predicate `existsNoRetry == 1` for object Other (First Match)`
    t =    16.11s         Checking existence of `Other (First Match)`
    t =    16.16s         Capturing element debug description
    t =    17.03s     Checking `Expect predicate `existsNoRetry == 1` for object Other (First Match)`
    t =    17.03s         Checking existence of `Other (First Match)`
    t =    17.10s         Capturing element debug description
    t =    18.04s     Checking `Expect predicate `existsNoRetry == 1` for object Other (First Match)`
    t =    18.04s         Checking existence of `Other (First Match)`
    t =    18.11s         Capturing element debug description
    t =    19.04s     Checking `Expect predicate `existsNoRetry == 1` for object Other (First Match)`
    t =    19.04s         Checking existence of `Other (First Match)`
    t =    19.11s         Capturing element debug description
    t =    19.11s     Checking existence of `Other (First Match)`
    t =    19.16s Collecting debug information to assist test failure triage
    t =    19.16s     Requesting snapshot of accessibility hierarchy for app with pid 16100
/Users/hem/Documents/opt/my-daily-sprints/FocusBloxUITests/BacklogRowRedesignUITests.swift:286: error: -[FocusBloxUITests.BacklogRowRedesignUITests testMetadataOrder] : failed - No backlog row found
    t =    19.23s Tear Down
Test Case '-[FocusBloxUITests.BacklogRowRedesignUITests testMetadataOrder]' failed (19.458 seconds).
Test Case '-[FocusBloxUITests.BacklogRowRedesignUITests testNextUpButtonHiddenWhenAlreadyNextUp]' started.
    t =     0.00s Start Test at 2026-01-29 15:51:43.390
    t =     0.02s Set Up
    t =     0.02s     Open com.henning.timebox
    t =     0.02s         Launch com.henning.timebox
    t =     0.02s             Terminate com.henning.timebox:16100
    t =     1.28s             Setting up automation session
    t =     1.94s             Wait for com.henning.timebox to idle
    t =     3.45s Waiting 5.0s for "tab-backlog" Button to exist
    t =     4.52s     Checking `Expect predicate `existsNoRetry == 1` for object "tab-backlog" Button`
    t =     4.52s         Checking existence of `"tab-backlog" Button`
    t =     4.62s Tap "tab-backlog" Button
    t =     4.62s     Wait for com.henning.timebox to idle
    t =     4.62s     Find the "tab-backlog" Button
    t =     4.66s     Check for interrupting elements affecting "tab-backlog" Button
    t =     4.69s     Synthesize event
    t =     4.98s     Wait for com.henning.timebox to idle
    t =     5.99s Waiting 3.0s for "viewModeSwitcher" Button to exist
    t =     7.06s     Checking `Expect predicate `existsNoRetry == 1` for object "viewModeSwitcher" Button`
    t =     7.07s         Checking existence of `"viewModeSwitcher" Button`
    t =     7.12s Tap "viewModeSwitcher" Button
    t =     7.12s     Wait for com.henning.timebox to idle
    t =     7.12s     Find the "viewModeSwitcher" Button
    t =     7.15s     Check for interrupting elements affecting "viewModeSwitcher" Button
    t =     7.18s     Synthesize event
    t =     7.48s     Wait for com.henning.timebox to idle
    t =     9.40s Waiting 3.0s for Button (First Match) to exist
    t =    10.46s     Checking `Expect predicate `existsNoRetry == 1` for object Button (First Match)`
    t =    10.46s         Checking existence of `Button (First Match)`
    t =    10.50s Tap Button (First Match)
    t =    10.50s     Wait for com.henning.timebox to idle
    t =    10.50s     Find the Button (First Match)
    t =    10.53s     Check for interrupting elements affecting "list.bullet" Button
    t =    10.56s     Synthesize event
    t =    10.85s     Wait for com.henning.timebox to idle
    t =    14.44s Waiting 5.0s for Button (First Match) to exist
    t =    15.51s     Checking `Expect predicate `existsNoRetry == 1` for object Button (First Match)`
    t =    15.51s         Checking existence of `Button (First Match)`
    t =    15.57s         Capturing element debug description
    t =    16.51s     Checking `Expect predicate `existsNoRetry == 1` for object Button (First Match)`
    t =    16.51s         Checking existence of `Button (First Match)`
    t =    16.57s         Capturing element debug description
    t =    17.53s     Checking `Expect predicate `existsNoRetry == 1` for object Button (First Match)`
    t =    17.53s         Checking existence of `Button (First Match)`
    t =    17.60s         Capturing element debug description
    t =    18.45s     Checking `Expect predicate `existsNoRetry == 1` for object Button (First Match)`
    t =    18.45s         Checking existence of `Button (First Match)`
    t =    18.52s         Capturing element debug description
    t =    19.45s     Checking `Expect predicate `existsNoRetry == 1` for object Button (First Match)`
    t =    19.45s         Checking existence of `Button (First Match)`
    t =    19.52s         Capturing element debug description
    t =    19.52s     Checking existence of `Button (First Match)`
    t =    19.57s Collecting debug information to assist test failure triage
    t =    19.57s     Requesting snapshot of accessibility hierarchy for app with pid 16135
/Users/hem/Documents/opt/my-daily-sprints/FocusBloxUITests/BacklogRowRedesignUITests.swift:154: error: -[FocusBloxUITests.BacklogRowRedesignUITests testNextUpButtonHiddenWhenAlreadyNextUp] : failed - Next Up button not found - cannot test hidden state
    t =    19.63s Tear Down
Test Case '-[FocusBloxUITests.BacklogRowRedesignUITests testNextUpButtonHiddenWhenAlreadyNextUp]' failed (19.889 seconds).
Test Case '-[FocusBloxUITests.BacklogRowRedesignUITests testNextUpButtonVisible]' started.
    t =     0.00s Start Test at 2026-01-29 15:52:03.281
    t =     0.02s Set Up
    t =     0.02s     Open com.henning.timebox
    t =     0.02s         Launch com.henning.timebox
    t =     0.03s             Terminate com.henning.timebox:16135
    t =     1.31s             Setting up automation session
    t =     1.92s             Wait for com.henning.timebox to idle
    t =     3.29s Waiting 5.0s for "tab-backlog" Button to exist
    t =     4.36s     Checking `Expect predicate `existsNoRetry == 1` for object "tab-backlog" Button`
    t =     4.36s         Checking existence of `"tab-backlog" Button`
    t =     4.46s Tap "tab-backlog" Button
    t =     4.46s     Wait for com.henning.timebox to idle
    t =     4.46s     Find the "tab-backlog" Button
    t =     4.49s     Check for interrupting elements affecting "tab-backlog" Button
    t =     4.52s     Synthesize event
    t =     4.82s     Wait for com.henning.timebox to idle
    t =     5.83s Waiting 3.0s for "viewModeSwitcher" Button to exist
    t =     6.89s     Checking `Expect predicate `existsNoRetry == 1` for object "viewModeSwitcher" Button`
    t =     6.89s         Checking existence of `"viewModeSwitcher" Button`
    t =     6.93s Tap "viewModeSwitcher" Button
    t =     6.93s     Wait for com.henning.timebox to idle
    t =     6.93s     Find the "viewModeSwitcher" Button
    t =     6.96s     Check for interrupting elements affecting "viewModeSwitcher" Button
    t =     6.99s     Synthesize event
    t =     7.28s     Wait for com.henning.timebox to idle
    t =     9.19s Waiting 3.0s for Button (First Match) to exist
    t =    10.25s     Checking `Expect predicate `existsNoRetry == 1` for object Button (First Match)`
    t =    10.25s         Checking existence of `Button (First Match)`
    t =    10.29s Tap Button (First Match)
    t =    10.29s     Wait for com.henning.timebox to idle
    t =    10.29s     Find the Button (First Match)
    t =    10.32s     Check for interrupting elements affecting "list.bullet" Button
    t =    10.35s     Synthesize event
    t =    10.64s     Wait for com.henning.timebox to idle
    t =    13.73s Find the Target Application 'com.henning.timebox'
    t =    13.87s Added attachment named '3_NextUpButton_Search'
    t =    13.87s Waiting 5.0s for Button (First Match) to exist
    t =    14.94s     Checking `Expect predicate `existsNoRetry == 1` for object Button (First Match)`
    t =    14.94s         Checking existence of `Button (First Match)`
    t =    15.01s         Capturing element debug description
    t =    15.96s     Checking `Expect predicate `existsNoRetry == 1` for object Button (First Match)`
    t =    15.96s         Checking existence of `Button (First Match)`
    t =    16.02s         Capturing element debug description
    t =    16.88s     Checking `Expect predicate `existsNoRetry == 1` for object Button (First Match)`
    t =    16.88s         Checking existence of `Button (First Match)`
    t =    16.93s         Capturing element debug description
    t =    17.87s     Checking `Expect predicate `existsNoRetry == 1` for object Button (First Match)`
    t =    17.87s         Checking existence of `Button (First Match)`
    t =    17.94s         Capturing element debug description
    t =    18.88s     Checking `Expect predicate `existsNoRetry == 1` for object Button (First Match)`
    t =    18.88s         Checking existence of `Button (First Match)`
    t =    18.94s         Capturing element debug description
    t =    18.94s     Checking existence of `Button (First Match)`
    t =    19.00s Collecting debug information to assist test failure triage
    t =    19.00s     Requesting snapshot of accessibility hierarchy for app with pid 16185
/Users/hem/Documents/opt/my-daily-sprints/FocusBloxUITests/BacklogRowRedesignUITests.swift:135: error: -[FocusBloxUITests.BacklogRowRedesignUITests testNextUpButtonVisible] : XCTAssertTrue failed - BacklogRow should have standalone Next Up button with identifier 'nextUpButton_*'
    t =    19.06s Tear Down
Test Case '-[FocusBloxUITests.BacklogRowRedesignUITests testNextUpButtonVisible]' failed (19.285 seconds).
Test Case '-[FocusBloxUITests.BacklogRowRedesignUITests testNoTbdBadge]' started.
    t =     0.00s Start Test at 2026-01-29 15:52:22.566
    t =     0.02s Set Up
    t =     0.02s     Open com.henning.timebox
    t =     0.02s         Launch com.henning.timebox
    t =     0.02s             Terminate com.henning.timebox:16185
    t =     1.31s             Setting up automation session
    t =     1.93s             Wait for com.henning.timebox to idle
    t =     3.40s Waiting 5.0s for "tab-backlog" Button to exist
    t =     4.47s     Checking `Expect predicate `existsNoRetry == 1` for object "tab-backlog" Button`
    t =     4.47s         Checking existence of `"tab-backlog" Button`
    t =     4.56s Tap "tab-backlog" Button
    t =     4.56s     Wait for com.henning.timebox to idle
    t =     4.56s     Find the "tab-backlog" Button
    t =     4.60s     Check for interrupting elements affecting "tab-backlog" Button
    t =     4.63s     Synthesize event
    t =     4.92s     Wait for com.henning.timebox to idle
    t =     5.94s Waiting 3.0s for "viewModeSwitcher" Button to exist
    t =     6.99s     Checking `Expect predicate `existsNoRetry == 1` for object "viewModeSwitcher" Button`
    t =     6.99s         Checking existence of `"viewModeSwitcher" Button`
    t =     7.04s Tap "viewModeSwitcher" Button
    t =     7.04s     Wait for com.henning.timebox to idle
    t =     7.04s     Find the "viewModeSwitcher" Button
    t =     7.07s     Check for interrupting elements affecting "viewModeSwitcher" Button
    t =     7.11s     Synthesize event
    t =     7.40s     Wait for com.henning.timebox to idle
    t =     9.30s Waiting 3.0s for Button (First Match) to exist
    t =    10.37s     Checking `Expect predicate `existsNoRetry == 1` for object Button (First Match)`
    t =    10.37s         Checking existence of `Button (First Match)`
    t =    10.42s Tap Button (First Match)
    t =    10.42s     Wait for com.henning.timebox to idle
    t =    10.42s     Find the Button (First Match)
    t =    10.45s     Check for interrupting elements affecting "list.bullet" Button
    t =    10.48s     Synthesize event
    t =    10.77s     Wait for com.henning.timebox to idle
    t =    14.38s Waiting 3.0s for "viewModeSwitcher" Button to exist
    t =    15.45s     Checking `Expect predicate `existsNoRetry == 1` for object "viewModeSwitcher" Button`
    t =    15.45s         Checking existence of `"viewModeSwitcher" Button`
    t =    15.49s Tap "viewModeSwitcher" Button
    t =    15.49s     Wait for com.henning.timebox to idle
    t =    15.50s     Find the "viewModeSwitcher" Button
    t =    15.53s     Check for interrupting elements affecting "viewModeSwitcher" Button
    t =    15.56s     Synthesize event
    t =    15.87s     Wait for com.henning.timebox to idle
    t =    17.75s Waiting 3.0s for Button (First Match) to exist
    t =    18.80s     Checking `Expect predicate `existsNoRetry == 1` for object Button (First Match)`
    t =    18.81s         Checking existence of `Button (First Match)`
    t =    18.84s Tap Button (First Match)
    t =    18.84s     Wait for com.henning.timebox to idle
    t =    18.84s     Find the Button (First Match)
    t =    18.87s     Check for interrupting elements affecting "questionmark.circle" Button
    t =    18.91s     Synthesize event
    t =    19.19s     Wait for com.henning.timebox to idle
    t =    22.96s Find the Target Application 'com.henning.timebox'
    t =    23.07s Added attachment named '5_NoTbdBadge_Search'
    t =    24.08s Checking existence of `StaticText (First Match)`
    t =    24.12s Tear Down
Test Case '-[FocusBloxUITests.BacklogRowRedesignUITests testNoTbdBadge]' passed (24.372 seconds).
Test Case '-[FocusBloxUITests.BacklogRowRedesignUITests testRightColumnTwoButtonsVertical]' started.
    t =     0.00s Start Test at 2026-01-29 15:52:46.938
    t =     0.02s Set Up
    t =     0.02s     Open com.henning.timebox
    t =     0.03s         Launch com.henning.timebox
    t =     0.03s             Terminate com.henning.timebox:16221
    t =     1.30s             Setting up automation session
    t =     1.96s             Wait for com.henning.timebox to idle
    t =     3.35s Waiting 5.0s for "tab-backlog" Button to exist
    t =     4.40s     Checking `Expect predicate `existsNoRetry == 1` for object "tab-backlog" Button`
    t =     4.40s         Checking existence of `"tab-backlog" Button`
    t =     4.45s Tap "tab-backlog" Button
    t =     4.45s     Wait for com.henning.timebox to idle
    t =     4.45s     Find the "tab-backlog" Button
    t =     4.47s     Check for interrupting elements affecting "tab-backlog" Button
    t =     4.49s     Synthesize event
    t =     4.81s     Wait for com.henning.timebox to idle
    t =     5.82s Waiting 3.0s for "viewModeSwitcher" Button to exist
    t =     6.85s     Checking `Expect predicate `existsNoRetry == 1` for object "viewModeSwitcher" Button`
    t =     6.85s         Checking existence of `"viewModeSwitcher" Button`
    t =     6.88s Tap "viewModeSwitcher" Button
    t =     6.89s     Wait for com.henning.timebox to idle
    t =     6.89s     Find the "viewModeSwitcher" Button
    t =     6.91s     Check for interrupting elements affecting "viewModeSwitcher" Button
    t =     6.93s     Synthesize event
    t =     7.22s     Wait for com.henning.timebox to idle
    t =     9.15s Waiting 3.0s for Button (First Match) to exist
    t =    10.20s     Checking `Expect predicate `existsNoRetry == 1` for object Button (First Match)`
    t =    10.20s         Checking existence of `Button (First Match)`
    t =    10.24s Tap Button (First Match)
    t =    10.24s     Wait for com.henning.timebox to idle
    t =    10.24s     Find the Button (First Match)
    t =    10.26s     Check for interrupting elements affecting "list.bullet" Button
    t =    10.29s     Synthesize event
    t =    10.57s     Wait for com.henning.timebox to idle
    t =    13.92s Find the Target Application 'com.henning.timebox'
    t =    14.03s Added attachment named '9_RightColumn_TwoButtons'
    t =    14.04s Waiting 5.0s for Button (First Match) to exist
    t =    15.10s     Checking `Expect predicate `existsNoRetry == 1` for object Button (First Match)`
    t =    15.10s         Checking existence of `Button (First Match)`
    t =    15.17s         Capturing element debug description
    t =    16.13s     Checking `Expect predicate `existsNoRetry == 1` for object Button (First Match)`
    t =    16.13s         Checking existence of `Button (First Match)`
    t =    16.20s         Capturing element debug description
    t =    17.04s     Checking `Expect predicate `existsNoRetry == 1` for object Button (First Match)`
    t =    17.04s         Checking existence of `Button (First Match)`
    t =    17.11s         Capturing element debug description
    t =    18.05s     Checking `Expect predicate `existsNoRetry == 1` for object Button (First Match)`
    t =    18.05s         Checking existence of `Button (First Match)`
    t =    18.12s         Capturing element debug description
    t =    19.04s     Checking `Expect predicate `existsNoRetry == 1` for object Button (First Match)`
    t =    19.05s         Checking existence of `Button (First Match)`
    t =    19.11s         Capturing element debug description
    t =    19.11s     Checking existence of `Button (First Match)`
    t =    19.17s Collecting debug information to assist test failure triage
    t =    19.17s     Requesting snapshot of accessibility hierarchy for app with pid 16296
/Users/hem/Documents/opt/my-daily-sprints/FocusBloxUITests/BacklogRowRedesignUITests.swift:390: error: -[FocusBloxUITests.BacklogRowRedesignUITests testRightColumnTwoButtonsVertical] : XCTAssertTrue failed - Next Up button should exist in right column
    t =    19.23s Tear Down
Test Case '-[FocusBloxUITests.BacklogRowRedesignUITests testRightColumnTwoButtonsVertical]' failed (19.455 seconds).
Test Case '-[FocusBloxUITests.BacklogRowRedesignUITests testTitleExistsForTbdTasks]' started.
    t =     0.00s Start Test at 2026-01-29 15:53:06.393
    t =     0.02s Set Up
    t =     0.02s     Open com.henning.timebox
    t =     0.02s         Launch com.henning.timebox
    t =     0.02s             Terminate com.henning.timebox:16296
    t =     1.31s             Setting up automation session
    t =     1.94s             Wait for com.henning.timebox to idle
    t =     3.41s Waiting 5.0s for "tab-backlog" Button to exist
    t =     4.47s     Checking `Expect predicate `existsNoRetry == 1` for object "tab-backlog" Button`
    t =     4.47s         Checking existence of `"tab-backlog" Button`
    t =     4.56s Tap "tab-backlog" Button
    t =     4.56s     Wait for com.henning.timebox to idle
    t =     4.56s     Find the "tab-backlog" Button
    t =     4.59s     Check for interrupting elements affecting "tab-backlog" Button
    t =     4.62s     Synthesize event
    t =     4.92s     Wait for com.henning.timebox to idle
    t =     5.93s Waiting 3.0s for "viewModeSwitcher" Button to exist
    t =     6.99s     Checking `Expect predicate `existsNoRetry == 1` for object "viewModeSwitcher" Button`
    t =     6.99s         Checking existence of `"viewModeSwitcher" Button`
    t =     7.05s Tap "viewModeSwitcher" Button
    t =     7.05s     Wait for com.henning.timebox to idle
    t =     7.05s     Find the "viewModeSwitcher" Button
    t =     7.08s     Check for interrupting elements affecting "viewModeSwitcher" Button
    t =     7.11s     Synthesize event
    t =     7.41s     Wait for com.henning.timebox to idle
    t =     9.32s Waiting 3.0s for Button (First Match) to exist
    t =    10.39s     Checking `Expect predicate `existsNoRetry == 1` for object Button (First Match)`
    t =    10.39s         Checking existence of `Button (First Match)`
    t =    10.43s Tap Button (First Match)
    t =    10.43s     Wait for com.henning.timebox to idle
    t =    10.43s     Find the Button (First Match)
    t =    10.46s     Check for interrupting elements affecting "list.bullet" Button
    t =    10.49s     Synthesize event
    t =    10.78s     Wait for com.henning.timebox to idle
    t =    14.38s Waiting 3.0s for "viewModeSwitcher" Button to exist
    t =    15.41s     Checking `Expect predicate `existsNoRetry == 1` for object "viewModeSwitcher" Button`
    t =    15.41s         Checking existence of `"viewModeSwitcher" Button`
    t =    15.45s Tap "viewModeSwitcher" Button
    t =    15.45s     Wait for com.henning.timebox to idle
    t =    15.45s     Find the "viewModeSwitcher" Button
    t =    15.48s     Check for interrupting elements affecting "viewModeSwitcher" Button
    t =    15.51s     Synthesize event
    t =    15.80s     Wait for com.henning.timebox to idle
    t =    17.71s Waiting 3.0s for Button (First Match) to exist
    t =    18.76s     Checking `Expect predicate `existsNoRetry == 1` for object Button (First Match)`
    t =    18.76s         Checking existence of `Button (First Match)`
    t =    18.80s Tap Button (First Match)
    t =    18.80s     Wait for com.henning.timebox to idle
    t =    18.81s     Find the Button (First Match)
    t =    18.83s     Check for interrupting elements affecting "questionmark.circle" Button
    t =    18.87s     Synthesize event
    t =    19.15s     Wait for com.henning.timebox to idle
    t =    22.90s Find the Target Application 'com.henning.timebox'
    t =    23.00s Added attachment named '6_ItalicTitle_TBD'
    t =    23.00s Waiting 5.0s for StaticText (First Match) to exist
    t =    24.04s     Checking `Expect predicate `existsNoRetry == 1` for object StaticText (First Match)`
    t =    24.04s         Checking existence of `StaticText (First Match)`
    t =    24.07s         Capturing element debug description
    t =    25.02s     Checking `Expect predicate `existsNoRetry == 1` for object StaticText (First Match)`
    t =    25.02s         Checking existence of `StaticText (First Match)`
    t =    25.04s         Capturing element debug description
    t =    26.00s     Checking `Expect predicate `existsNoRetry == 1` for object StaticText (First Match)`
    t =    26.00s         Checking existence of `StaticText (First Match)`
    t =    26.04s         Capturing element debug description
    t =    27.10s     Checking `Expect predicate `existsNoRetry == 1` for object StaticText (First Match)`
    t =    27.10s         Checking existence of `StaticText (First Match)`
    t =    27.13s         Capturing element debug description
    t =    28.01s     Checking `Expect predicate `existsNoRetry == 1` for object StaticText (First Match)`
    t =    28.01s         Checking existence of `StaticText (First Match)`
    t =    28.05s         Capturing element debug description
    t =    28.05s     Checking existence of `StaticText (First Match)`
    t =    28.07s Collecting debug information to assist test failure triage
    t =    28.07s     Requesting snapshot of accessibility hierarchy for app with pid 16347
    t =    28.10s Tear Down
Test Case '-[FocusBloxUITests.BacklogRowRedesignUITests testTitleExistsForTbdTasks]' passed (28.378 seconds).
Test Case '-[FocusBloxUITests.BacklogRowRedesignUITests testUrgencyBadgeWhenUrgent]' started.
    t =     0.00s Start Test at 2026-01-29 15:53:34.771
    t =     0.02s Set Up
    t =     0.02s     Open com.henning.timebox
    t =     0.02s         Launch com.henning.timebox
    t =     0.02s             Terminate com.henning.timebox:16347
    t =     1.30s             Setting up automation session
    t =     1.94s             Wait for com.henning.timebox to idle
    t =     3.34s Waiting 5.0s for "tab-backlog" Button to exist
    t =     4.37s     Checking `Expect predicate `existsNoRetry == 1` for object "tab-backlog" Button`
    t =     4.37s         Checking existence of `"tab-backlog" Button`
    t =     4.44s Tap "tab-backlog" Button
    t =     4.44s     Wait for com.henning.timebox to idle
    t =     4.44s     Find the "tab-backlog" Button
    t =     4.46s     Check for interrupting elements affecting "tab-backlog" Button
    t =     4.48s     Synthesize event
    t =     4.77s     Wait for com.henning.timebox to idle
    t =     5.78s Waiting 3.0s for "viewModeSwitcher" Button to exist
    t =     6.82s     Checking `Expect predicate `existsNoRetry == 1` for object "viewModeSwitcher" Button`
    t =     6.82s         Checking existence of `"viewModeSwitcher" Button`
    t =     6.84s Tap "viewModeSwitcher" Button
    t =     6.84s     Wait for com.henning.timebox to idle
    t =     6.84s     Find the "viewModeSwitcher" Button
    t =     6.86s     Check for interrupting elements affecting "viewModeSwitcher" Button
    t =     6.88s     Synthesize event
    t =     7.17s     Wait for com.henning.timebox to idle
    t =     9.10s Waiting 3.0s for Button (First Match) to exist
    t =    10.15s     Checking `Expect predicate `existsNoRetry == 1` for object Button (First Match)`
    t =    10.15s         Checking existence of `Button (First Match)`
    t =    10.19s Tap Button (First Match)
    t =    10.19s     Wait for com.henning.timebox to idle
    t =    10.19s     Find the Button (First Match)
    t =    10.21s     Check for interrupting elements affecting "list.bullet" Button
    t =    10.23s     Synthesize event
    t =    10.52s     Wait for com.henning.timebox to idle
    t =    13.83s Find the Target Application 'com.henning.timebox'
    t =    13.97s Added attachment named '2_UrgencyBadge_Search'
    t =    13.97s Waiting 5.0s for Image (First Match) to exist
    t =    15.02s     Checking `Expect predicate `existsNoRetry == 1` for object Image (First Match)`
    t =    15.02s         Checking existence of `Image (First Match)`
    t =    15.09s         Capturing element debug description
    t =    16.06s     Checking `Expect predicate `existsNoRetry == 1` for object Image (First Match)`
    t =    16.06s         Checking existence of `Image (First Match)`
    t =    16.12s         Capturing element debug description
    t =    16.97s     Checking `Expect predicate `existsNoRetry == 1` for object Image (First Match)`
    t =    16.97s         Checking existence of `Image (First Match)`
    t =    17.02s         Capturing element debug description
    t =    18.05s     Checking `Expect predicate `existsNoRetry == 1` for object Image (First Match)`
    t =    18.05s         Checking existence of `Image (First Match)`
    t =    18.12s         Capturing element debug description
    t =    18.97s     Checking `Expect predicate `existsNoRetry == 1` for object Image (First Match)`
    t =    18.97s         Checking existence of `Image (First Match)`
    t =    19.04s         Capturing element debug description
    t =    19.04s     Checking existence of `Image (First Match)`
    t =    19.20s Collecting debug information to assist test failure triage
    t =    19.22s     Requesting snapshot of accessibility hierarchy for app with pid 16400
    t =    19.32s Tear Down
Test Case '-[FocusBloxUITests.BacklogRowRedesignUITests testUrgencyBadgeWhenUrgent]' passed (19.548 seconds).
Test Suite 'BacklogRowRedesignUITests' failed at 2026-01-29 15:53:54.319.
	 Executed 9 tests, with 6 failures (0 unexpected) in 191.131 (191.138) seconds
Test Suite 'FocusBloxUITests.xctest' failed at 2026-01-29 15:53:54.320.
	 Executed 9 tests, with 6 failures (0 unexpected) in 191.131 (191.139) seconds
Test Suite 'Selected tests' failed at 2026-01-29 15:53:54.320.
	 Executed 9 tests, with 6 failures (0 unexpected) in 191.131 (191.139) seconds
2026-01-29 15:54:13.990 xcodebuild[15704:41161472] [MT] IDETestOperationsObserverDebug: 228.636 elapsed -- Testing started completed.
2026-01-29 15:54:13.990 xcodebuild[15704:41161472] [MT] IDETestOperationsObserverDebug: 0.000 sec, +0.000 sec -- start
2026-01-29 15:54:13.990 xcodebuild[15704:41161472] [MT] IDETestOperationsObserverDebug: 228.636 sec, +228.636 sec -- end

Test session results, code coverage, and logs:
	/Users/hem/Library/Developer/Xcode/DerivedData/FocusBlox-awtxlldmubwqcwggsrfosewjcyoq/Logs/Test/Test-FocusBlox-2026.01.29_15-50-20-+0100.xcresult

** TEST FAILED **

Testing started
