============================================
  FocusBlox Resilient Test Runner
============================================

[0;34m[INFO][0m Phase 1: Simulator vorbereiten...
[0;34m[INFO][0m Beende haengende Simulator-Prozesse...
[1;33m[WARN][0m Simulator mit UUID 877731AF-6250-4E23-A07E-80270C69D827 nicht gefunden!
[0;34m[INFO][0m Gefunden: FocusBlox mit UUID 6364A54B-5048-4346-899E-FFB67E630D53
[0;34m[INFO][0m Boote Simulator 6364A54B-5048-4346-899E-FFB67E630D53...
[0;34m[INFO][0m Warte auf Simulator-Bereitschaft...
Monitoring boot status for FocusBlox (6364A54B-5048-4346-899E-FFB67E630D53).
[2026-01-31 05:35:34 +0000] Status=2, isTerminal=NO, Elapsed=00:01.
	Waiting on Data Migration
		Reason:(null)
		Migration Elapsed:00:00 seconds

[2026-01-31 05:35:34 +0000] Status=4, isTerminal=NO, Elapsed=00:01.
	Waiting on System App

[2026-01-31 05:35:35 +0000] Status=4, isTerminal=NO, Elapsed=00:02.
	Waiting on System App

[2026-01-31 05:35:36 +0000] Status=4, isTerminal=NO, Elapsed=00:03.
	Waiting on System App

[2026-01-31 05:35:37 +0000] Status=4, isTerminal=NO, Elapsed=00:04.
	Waiting on System App

[2026-01-31 05:35:38 +0000] Status=4, isTerminal=NO, Elapsed=00:05.
	Waiting on System App

[2026-01-31 05:35:39 +0000] Status=4, isTerminal=NO, Elapsed=00:06.
	Waiting on System App

[2026-01-31 05:35:40 +0000] Status=4, isTerminal=NO, Elapsed=00:07.
	Waiting on System App

[2026-01-31 05:35:41 +0000] Status=4, isTerminal=NO, Elapsed=00:08.
	Waiting on System App

[2026-01-31 05:35:42 +0000] Status=4294967295, isTerminal=YES, Elapsed=00:09.
	Finished

[0;32m[SUCCESS][0m Simulator bereit.
[0;34m[INFO][0m Phase 2: Tests ausfuehren (Versuch 1/2)...
[0;34m[INFO][0m Teste nur: AssignTabBlockEditUITests
Command line invocation:
    /Applications/Xcode.app/Contents/Developer/usr/bin/xcodebuild test -project FocusBlox.xcodeproj -scheme FocusBlox -destination id=6364A54B-5048-4346-899E-FFB67E630D53 "-only-testing:FocusBloxUITests/AssignTabBlockEditUITests" -parallel-testing-enabled NO -disable-concurrent-destination-testing -retry-tests-on-failure -resultBundlePath TestResults_1769837742.xcresult CODE_SIGNING_ALLOWED=NO

Build settings from command line:
    CODE_SIGNING_ALLOWED = NO

Retrying tests on failure. Running tests repeatedly up to 3 times. Pass -test-iterations also to override the default of running up to 3 times.

Writing result bundle at path:
	/Users/hem/Documents/opt/my-daily-sprints/TestResults_1769837742.xcresult

ComputePackagePrebuildTargetDependencyGraph

Prepare packages

CreateBuildRequest

SendProjectDescription

CreateBuildOperation

ComputeTargetDependencyGraph
note: Building targets in dependency order
note: Target dependency graph (5 targets)
    Target 'FocusBloxUITests' in project 'FocusBlox'
        âžœ Explicit dependency on target 'FocusBlox' in project 'FocusBlox'
    Target 'FocusBloxTests' in project 'FocusBlox'
        âžœ Explicit dependency on target 'FocusBlox' in project 'FocusBlox'
    Target 'FocusBlox' in project 'FocusBlox'
        âžœ Explicit dependency on target 'FocusBloxWidgetsExtension' in project 'FocusBlox'
        âžœ Explicit dependency on target 'FocusBloxCore' in project 'FocusBlox'
    Target 'FocusBloxWidgetsExtension' in project 'FocusBlox'
        âžœ Explicit dependency on target 'FocusBloxCore' in project 'FocusBlox'
    Target 'FocusBloxCore' in project 'FocusBlox' (no dependencies)

GatherProvisioningInputs

CreateBuildDescription

ExecuteExternalTool /Applications/Xcode.app/Contents/Developer/Toolchains/XcodeDefault.xctoolchain/usr/bin/clang -v -E -dM -isysroot /Applications/Xcode.app/Contents/Developer/Platforms/iPhoneSimulator.platform/Developer/SDKs/iPhoneSimulator26.2.sdk -x c -c /dev/null

ExecuteExternalTool /Applications/Xcode.app/Contents/Developer/Toolchains/XcodeDefault.xctoolchain/usr/bin/clang -v -E -dM -arch arm64 -isysroot /Applications/Xcode.app/Contents/Developer/Platforms/iPhoneSimulator.platform/Developer/SDKs/iPhoneSimulator26.2.sdk -x c -c /dev/null

ExecuteExternalTool /Applications/Xcode.app/Contents/Developer/usr/bin/actool --version --output-format xml1

ExecuteExternalTool /Applications/Xcode.app/Contents/Developer/Toolchains/XcodeDefault.xctoolchain/usr/bin/swiftc --version

ExecuteExternalTool /Applications/Xcode.app/Contents/Developer/usr/bin/actool --print-asset-tag-combinations --output-format xml1 /Users/hem/Documents/opt/my-daily-sprints/Resources/Assets.xcassets

ExecuteExternalTool /Applications/Xcode.app/Contents/Developer/Toolchains/XcodeDefault.xctoolchain/usr/bin/ld -version_details

ReadFileContents /Applications/Xcode.app/Contents/Developer/Toolchains/XcodeDefault.xctoolchain/usr/share/docc/features.json

Build description signature: 6ee0de5274f58e4e04e56319f15bd1cb
Build description path: /Users/hem/Library/Developer/Xcode/DerivedData/FocusBlox-awtxlldmubwqcwggsrfosewjcyoq/Build/Intermediates.noindex/XCBuildData/6ee0de5274f58e4e04e56319f15bd1cb.xcbuilddata
ClangStatCache /Applications/Xcode.app/Contents/Developer/Toolchains/XcodeDefault.xctoolchain/usr/bin/clang-stat-cache /Applications/Xcode.app/Contents/Developer/Platforms/iPhoneSimulator.platform/Developer/SDKs/iPhoneSimulator26.2.sdk /Users/hem/Library/Developer/Xcode/DerivedData/SDKStatCaches.noindex/iphonesimulator26.2-23C53-7d00a8b37fbd7999ea79df8ebc024bf0.sdkstatcache
    cd /Users/hem/Documents/opt/my-daily-sprints/FocusBlox.xcodeproj
    /Applications/Xcode.app/Contents/Developer/Toolchains/XcodeDefault.xctoolchain/usr/bin/clang-stat-cache /Applications/Xcode.app/Contents/Developer/Platforms/iPhoneSimulator.platform/Developer/SDKs/iPhoneSimulator26.2.sdk -o /Users/hem/Library/Developer/Xcode/DerivedData/SDKStatCaches.noindex/iphonesimulator26.2-23C53-7d00a8b37fbd7999ea79df8ebc024bf0.sdkstatcache

WriteAuxiliaryFile /Users/hem/Library/Developer/Xcode/DerivedData/FocusBlox-awtxlldmubwqcwggsrfosewjcyoq/Build/Intermediates.noindex/FocusBlox.build/Debug-iphonesimulator/FocusBloxUITests.build/Objects-normal/arm64/FocusBloxUITests.SwiftFileList (in target 'FocusBloxUITests' from project 'FocusBlox')
    cd /Users/hem/Documents/opt/my-daily-sprints
    write-file /Users/hem/Library/Developer/Xcode/DerivedData/FocusBlox-awtxlldmubwqcwggsrfosewjcyoq/Build/Intermediates.noindex/FocusBlox.build/Debug-iphonesimulator/FocusBloxUITests.build/Objects-normal/arm64/FocusBloxUITests.SwiftFileList

WriteAuxiliaryFile /Users/hem/Library/Developer/Xcode/DerivedData/FocusBlox-awtxlldmubwqcwggsrfosewjcyoq/Build/Intermediates.noindex/FocusBlox.build/Debug-iphonesimulator/FocusBloxUITests.build/Objects-normal/arm64/FocusBloxUITests-OutputFileMap.json (in target 'FocusBloxUITests' from project 'FocusBlox')
    cd /Users/hem/Documents/opt/my-daily-sprints
    write-file /Users/hem/Library/Developer/Xcode/DerivedData/FocusBlox-awtxlldmubwqcwggsrfosewjcyoq/Build/Intermediates.noindex/FocusBlox.build/Debug-iphonesimulator/FocusBloxUITests.build/Objects-normal/arm64/FocusBloxUITests-OutputFileMap.json

ProcessInfoPlistFile /Users/hem/Library/Developer/Xcode/DerivedData/FocusBlox-awtxlldmubwqcwggsrfosewjcyoq/Build/Products/Debug-iphonesimulator/FocusBloxCore.framework/Info.plist /Users/hem/Library/Developer/Xcode/DerivedData/FocusBlox-awtxlldmubwqcwggsrfosewjcyoq/Build/Intermediates.noindex/FocusBlox.build/Debug-iphonesimulator/FocusBloxCore.build/empty-FocusBloxCore.plist (in target 'FocusBloxCore' from project 'FocusBlox')
    cd /Users/hem/Documents/opt/my-daily-sprints
    builtin-infoPlistUtility /Users/hem/Library/Developer/Xcode/DerivedData/FocusBlox-awtxlldmubwqcwggsrfosewjcyoq/Build/Intermediates.noindex/FocusBlox.build/Debug-iphonesimulator/FocusBloxCore.build/empty-FocusBloxCore.plist -producttype com.apple.product-type.framework -expandbuildsettings -format binary -platform iphonesimulator -o /Users/hem/Library/Developer/Xcode/DerivedData/FocusBlox-awtxlldmubwqcwggsrfosewjcyoq/Build/Products/Debug-iphonesimulator/FocusBloxCore.framework/Info.plist

Ld /Users/hem/Library/Developer/Xcode/DerivedData/FocusBlox-awtxlldmubwqcwggsrfosewjcyoq/Build/Products/Debug-iphonesimulator/FocusBloxCore.framework/FocusBloxCore normal (in target 'FocusBloxCore' from project 'FocusBlox')
    cd /Users/hem/Documents/opt/my-daily-sprints
    /Applications/Xcode.app/Contents/Developer/Toolchains/XcodeDefault.xctoolchain/usr/bin/clang -Xlinker -reproducible -target arm64-apple-ios26.2-simulator -dynamiclib -isysroot /Applications/Xcode.app/Contents/Developer/Platforms/iPhoneSimulator.platform/Developer/SDKs/iPhoneSimulator26.2.sdk -O0 -L/Users/hem/Library/Developer/Xcode/DerivedData/FocusBlox-awtxlldmubwqcwggsrfosewjcyoq/Build/Intermediates.noindex/EagerLinkingTBDs/Debug-iphonesimulator -L/Users/hem/Library/Developer/Xcode/DerivedData/FocusBlox-awtxlldmubwqcwggsrfosewjcyoq/Build/Products/Debug-iphonesimulator -F/Users/hem/Library/Developer/Xcode/DerivedData/FocusBlox-awtxlldmubwqcwggsrfosewjcyoq/Build/Intermediates.noindex/EagerLinkingTBDs/Debug-iphonesimulator -F/Users/hem/Library/Developer/Xcode/DerivedData/FocusBlox-awtxlldmubwqcwggsrfosewjcyoq/Build/Products/Debug-iphonesimulator -filelist /Users/hem/Library/Developer/Xcode/DerivedData/FocusBlox-awtxlldmubwqcwggsrfosewjcyoq/Build/Intermediates.noindex/FocusBlox.build/Debug-iphonesimulator/FocusBloxCore.build/Objects-normal/arm64/FocusBloxCore.LinkFileList -install_name @rpath/FocusBloxCore.framework/FocusBloxCore -Xlinker -rpath -Xlinker @executable_path/Frameworks -Xlinker -rpath -Xlinker @loader_path/Frameworks -dead_strip -Xlinker -object_path_lto -Xlinker /Users/hem/Library/Developer/Xcode/DerivedData/FocusBlox-awtxlldmubwqcwggsrfosewjcyoq/Build/Intermediates.noindex/FocusBlox.build/Debug-iphonesimulator/FocusBloxCore.build/Objects-normal/arm64/FocusBloxCore_lto.o -rdynamic -Xlinker -no_deduplicate -Xlinker -objc_abi_version -Xlinker 2 -Xlinker -debug_variant -Xlinker -dependency_info -Xlinker /Users/hem/Library/Developer/Xcode/DerivedData/FocusBlox-awtxlldmubwqcwggsrfosewjcyoq/Build/Intermediates.noindex/FocusBlox.build/Debug-iphonesimulator/FocusBloxCore.build/Objects-normal/arm64/FocusBloxCore_dependency_info.dat -fprofile-instr-generate -fobjc-link-runtime -L/Applications/Xcode.app/Contents/Developer/Toolchains/XcodeDefault.xctoolchain/usr/lib/swift/iphonesimulator -L/usr/lib/swift -Xlinker -add_ast_path -Xlinker /Users/hem/Library/Developer/Xcode/DerivedData/FocusBlox-awtxlldmubwqcwggsrfosewjcyoq/Build/Intermediates.noindex/FocusBlox.build/Debug-iphonesimulator/FocusBloxCore.build/Objects-normal/arm64/FocusBloxCore.swiftmodule @/Users/hem/Library/Developer/Xcode/DerivedData/FocusBlox-awtxlldmubwqcwggsrfosewjcyoq/Build/Intermediates.noindex/FocusBlox.build/Debug-iphonesimulator/FocusBloxCore.build/Objects-normal/arm64/FocusBloxCore-linker-args.resp -compatibility_version 1 -current_version 1 -o /Users/hem/Library/Developer/Xcode/DerivedData/FocusBlox-awtxlldmubwqcwggsrfosewjcyoq/Build/Products/Debug-iphonesimulator/FocusBloxCore.framework/FocusBloxCore

SwiftDriver FocusBloxUITests normal arm64 com.apple.xcode.tools.swift.compiler (in target 'FocusBloxUITests' from project 'FocusBlox')
    cd /Users/hem/Documents/opt/my-daily-sprints
    builtin-SwiftDriver -- /Applications/Xcode.app/Contents/Developer/Toolchains/XcodeDefault.xctoolchain/usr/bin/swiftc -module-name FocusBloxUITests -Onone -enforce-exclusivity\=checked @/Users/hem/Library/Developer/Xcode/DerivedData/FocusBlox-awtxlldmubwqcwggsrfosewjcyoq/Build/Intermediates.noindex/FocusBlox.build/Debug-iphonesimulator/FocusBloxUITests.build/Objects-normal/arm64/FocusBloxUITests.SwiftFileList -DDEBUG -module-alias Testing\=_Testing_Unavailable -plugin-path /Applications/Xcode.app/Contents/Developer/Toolchains/XcodeDefault.xctoolchain/usr/lib/swift/host/plugins/testing -enable-experimental-feature DebugDescriptionMacro -sdk /Applications/Xcode.app/Contents/Developer/Platforms/iPhoneSimulator.platform/Developer/SDKs/iPhoneSimulator26.2.sdk -target arm64-apple-ios26.2-simulator -g -module-cache-path /Users/hem/Library/Developer/Xcode/DerivedData/ModuleCache.noindex -Xfrontend -serialize-debugging-options -profile-coverage-mapping -profile-generate -enable-testing -index-store-path /Users/hem/Library/Developer/Xcode/DerivedData/FocusBlox-awtxlldmubwqcwggsrfosewjcyoq/Index.noindex/DataStore -Xcc -D_LIBCPP_HARDENING_MODE\=_LIBCPP_HARDENING_MODE_DEBUG -swift-version 6 -I /Users/hem/Library/Developer/Xcode/DerivedData/FocusBlox-awtxlldmubwqcwggsrfosewjcyoq/Build/Products/Debug-iphonesimulator -Isystem /Applications/Xcode.app/Contents/Developer/Platforms/iPhoneSimulator.platform/Developer/usr/lib -F /Users/hem/Library/Developer/Xcode/DerivedData/FocusBlox-awtxlldmubwqcwggsrfosewjcyoq/Build/Products/Debug-iphonesimulator -F /Applications/Xcode.app/Contents/Developer/Platforms/iPhoneSimulator.platform/Developer/Library/Frameworks -F /Applications/Xcode.app/Contents/Developer/Platforms/iPhoneSimulator.platform/Developer/SDKs/iPhoneSimulator26.2.sdk/Developer/Library/Frameworks -c -j10 -enable-batch-mode -incremental -Xcc -ivfsstatcache -Xcc /Users/hem/Library/Developer/Xcode/DerivedData/SDKStatCaches.noindex/iphonesimulator26.2-23C53-7d00a8b37fbd7999ea79df8ebc024bf0.sdkstatcache -output-file-map /Users/hem/Library/Developer/Xcode/DerivedData/FocusBlox-awtxlldmubwqcwggsrfosewjcyoq/Build/Intermediates.noindex/FocusBlox.build/Debug-iphonesimulator/FocusBloxUITests.build/Objects-normal/arm64/FocusBloxUITests-OutputFileMap.json -use-frontend-parseable-output -save-temps -no-color-diagnostics -explicit-module-build -module-cache-path /Users/hem/Library/Developer/Xcode/DerivedData/FocusBlox-awtxlldmubwqcwggsrfosewjcyoq/Build/Intermediates.noindex/SwiftExplicitPrecompiledModules -clang-scanner-module-cache-path /Users/hem/Library/Developer/Xcode/DerivedData/ModuleCache.noindex -sdk-module-cache-path /Users/hem/Library/Developer/Xcode/DerivedData/ModuleCache.noindex -serialize-diagnostics -emit-dependencies -emit-module -emit-module-path /Users/hem/Library/Developer/Xcode/DerivedData/FocusBlox-awtxlldmubwqcwggsrfosewjcyoq/Build/Intermediates.noindex/FocusBlox.build/Debug-iphonesimulator/FocusBloxUITests.build/Objects-normal/arm64/FocusBloxUITests.swiftmodule -validate-clang-modules-once -clang-build-session-file /Users/hem/Library/Developer/Xcode/DerivedData/ModuleCache.noindex/Session.modulevalidation -Xcc -I/Users/hem/Library/Developer/Xcode/DerivedData/FocusBlox-awtxlldmubwqcwggsrfosewjcyoq/Build/Intermediates.noindex/FocusBlox.build/Debug-iphonesimulator/FocusBloxUITests.build/swift-overrides.hmap -emit-const-values -Xfrontend -const-gather-protocols-file -Xfrontend /Users/hem/Library/Developer/Xcode/DerivedData/FocusBlox-awtxlldmubwqcwggsrfosewjcyoq/Build/Intermediates.noindex/FocusBlox.build/Debug-iphonesimulator/FocusBloxUITests.build/Objects-normal/arm64/FocusBloxUITests_const_extract_protocols.json -Xcc -iquote -Xcc /Users/hem/Library/Developer/Xcode/DerivedData/FocusBlox-awtxlldmubwqcwggsrfosewjcyoq/Build/Intermediates.noindex/FocusBlox.build/Debug-iphonesimulator/FocusBloxUITests.build/FocusBloxUITests-generated-files.hmap -Xcc -I/Users/hem/Library/Developer/Xcode/DerivedData/FocusBlox-awtxlldmubwqcwggsrfosewjcyoq/Build/Intermediates.noindex/FocusBlox.build/Debug-iphonesimulator/FocusBloxUITests.build/FocusBloxUITests-own-target-headers.hmap -Xcc -I/Users/hem/Library/Developer/Xcode/DerivedData/FocusBlox-awtxlldmubwqcwggsrfosewjcyoq/Build/Intermediates.noindex/FocusBlox.build/Debug-iphonesimulator/FocusBloxUITests.build/FocusBloxUITests-all-target-headers.hmap -Xcc -iquote -Xcc /Users/hem/Library/Developer/Xcode/DerivedData/FocusBlox-awtxlldmubwqcwggsrfosewjcyoq/Build/Intermediates.noindex/FocusBlox.build/Debug-iphonesimulator/FocusBloxUITests.build/FocusBloxUITests-project-headers.hmap -Xcc -I/Users/hem/Library/Developer/Xcode/DerivedData/FocusBlox-awtxlldmubwqcwggsrfosewjcyoq/Build/Products/Debug-iphonesimulator/include -Xcc -I/Users/hem/Library/Developer/Xcode/DerivedData/FocusBlox-awtxlldmubwqcwggsrfosewjcyoq/Build/Intermediates.noindex/FocusBlox.build/Debug-iphonesimulator/FocusBloxUITests.build/DerivedSources-normal/arm64 -Xcc -I/Users/hem/Library/Developer/Xcode/DerivedData/FocusBlox-awtxlldmubwqcwggsrfosewjcyoq/Build/Intermediates.noindex/FocusBlox.build/Debug-iphonesimulator/FocusBloxUITests.build/DerivedSources/arm64 -Xcc -I/Users/hem/Library/Developer/Xcode/DerivedData/FocusBlox-awtxlldmubwqcwggsrfosewjcyoq/Build/Intermediates.noindex/FocusBlox.build/Debug-iphonesimulator/FocusBloxUITests.build/DerivedSources -Xcc -DDEBUG\=1 -emit-objc-header -emit-objc-header-path /Users/hem/Library/Developer/Xcode/DerivedData/FocusBlox-awtxlldmubwqcwggsrfosewjcyoq/Build/Intermediates.noindex/FocusBlox.build/Debug-iphonesimulator/FocusBloxUITests.build/Objects-normal/arm64/FocusBloxUITests-Swift.h -working-directory /Users/hem/Documents/opt/my-daily-sprints -experimental-emit-module-separately -disable-cmo

LinkAssetCatalog /Users/hem/Documents/opt/my-daily-sprints/FocusBloxWidgets/Assets.xcassets (in target 'FocusBloxWidgetsExtension' from project 'FocusBlox')
    cd /Users/hem/Documents/opt/my-daily-sprints
    builtin-linkAssetCatalog --thinned /Users/hem/Library/Developer/Xcode/DerivedData/FocusBlox-awtxlldmubwqcwggsrfosewjcyoq/Build/Intermediates.noindex/FocusBlox.build/Debug-iphonesimulator/FocusBloxWidgetsExtension.build/assetcatalog_output/thinned --thinned-dependencies /Users/hem/Library/Developer/Xcode/DerivedData/FocusBlox-awtxlldmubwqcwggsrfosewjcyoq/Build/Intermediates.noindex/FocusBlox.build/Debug-iphonesimulator/FocusBloxWidgetsExtension.build/assetcatalog_dependencies_thinned --thinned-info-plist-content /Users/hem/Library/Developer/Xcode/DerivedData/FocusBlox-awtxlldmubwqcwggsrfosewjcyoq/Build/Intermediates.noindex/FocusBlox.build/Debug-iphonesimulator/FocusBloxWidgetsExtension.build/assetcatalog_generated_info.plist_thinned --unthinned /Users/hem/Library/Developer/Xcode/DerivedData/FocusBlox-awtxlldmubwqcwggsrfosewjcyoq/Build/Intermediates.noindex/FocusBlox.build/Debug-iphonesimulator/FocusBloxWidgetsExtension.build/assetcatalog_output/unthinned --unthinned-dependencies /Users/hem/Library/Developer/Xcode/DerivedData/FocusBlox-awtxlldmubwqcwggsrfosewjcyoq/Build/Intermediates.noindex/FocusBlox.build/Debug-iphonesimulator/FocusBloxWidgetsExtension.build/assetcatalog_dependencies_unthinned --unthinned-info-plist-content /Users/hem/Library/Developer/Xcode/DerivedData/FocusBlox-awtxlldmubwqcwggsrfosewjcyoq/Build/Intermediates.noindex/FocusBlox.build/Debug-iphonesimulator/FocusBloxWidgetsExtension.build/assetcatalog_generated_info.plist_unthinned --output /Users/hem/Library/Developer/Xcode/DerivedData/FocusBlox-awtxlldmubwqcwggsrfosewjcyoq/Build/Products/Debug-iphonesimulator/FocusBloxWidgetsExtension.appex --plist-output /Users/hem/Library/Developer/Xcode/DerivedData/FocusBlox-awtxlldmubwqcwggsrfosewjcyoq/Build/Intermediates.noindex/FocusBlox.build/Debug-iphonesimulator/FocusBloxWidgetsExtension.build/assetcatalog_generated_info.plist

ExtractAppIntentsMetadata (in target 'FocusBloxCore' from project 'FocusBlox')
    cd /Users/hem/Documents/opt/my-daily-sprints
    /Applications/Xcode.app/Contents/Developer/Toolchains/XcodeDefault.xctoolchain/usr/bin/appintentsmetadataprocessor --toolchain-dir /Applications/Xcode.app/Contents/Developer/Toolchains/XcodeDefault.xctoolchain --module-name FocusBloxCore --sdk-root /Applications/Xcode.app/Contents/Developer/Platforms/iPhoneSimulator.platform/Developer/SDKs/iPhoneSimulator26.2.sdk --xcode-version 17C52 --platform-family iOS --deployment-target 26.2 --bundle-identifier com.henning.timebox.FocusBloxCore --output /Users/hem/Library/Developer/Xcode/DerivedData/FocusBlox-awtxlldmubwqcwggsrfosewjcyoq/Build/Products/Debug-iphonesimulator/FocusBloxCore.framework --target-triple arm64-apple-ios26.2-simulator --binary-file /Users/hem/Library/Developer/Xcode/DerivedData/FocusBlox-awtxlldmubwqcwggsrfosewjcyoq/Build/Products/Debug-iphonesimulator/FocusBloxCore.framework/FocusBloxCore --dependency-file /Users/hem/Library/Developer/Xcode/DerivedData/FocusBlox-awtxlldmubwqcwggsrfosewjcyoq/Build/Intermediates.noindex/FocusBlox.build/Debug-iphonesimulator/FocusBloxCore.build/Objects-normal/arm64/FocusBloxCore_dependency_info.dat --stringsdata-file /Users/hem/Library/Developer/Xcode/DerivedData/FocusBlox-awtxlldmubwqcwggsrfosewjcyoq/Build/Intermediates.noindex/FocusBlox.build/Debug-iphonesimulator/FocusBloxCore.build/Objects-normal/arm64/ExtractedAppShortcutsMetadata.stringsdata --source-file-list /Users/hem/Library/Developer/Xcode/DerivedData/FocusBlox-awtxlldmubwqcwggsrfosewjcyoq/Build/Intermediates.noindex/FocusBlox.build/Debug-iphonesimulator/FocusBloxCore.build/Objects-normal/arm64/FocusBloxCore.SwiftFileList --metadata-file-list /Users/hem/Library/Developer/Xcode/DerivedData/FocusBlox-awtxlldmubwqcwggsrfosewjcyoq/Build/Intermediates.noindex/FocusBlox.build/Debug-iphonesimulator/FocusBloxCore.build/FocusBloxCore.DependencyMetadataFileList --static-metadata-file-list /Users/hem/Library/Developer/Xcode/DerivedData/FocusBlox-awtxlldmubwqcwggsrfosewjcyoq/Build/Intermediates.noindex/FocusBlox.build/Debug-iphonesimulator/FocusBloxCore.build/FocusBloxCore.DependencyStaticMetadataFileList --swift-const-vals-list /Users/hem/Library/Developer/Xcode/DerivedData/FocusBlox-awtxlldmubwqcwggsrfosewjcyoq/Build/Intermediates.noindex/FocusBlox.build/Debug-iphonesimulator/FocusBloxCore.build/Objects-normal/arm64/FocusBloxCore.SwiftConstValuesFileList --compile-time-extraction --deployment-aware-processing --validate-assistant-intents --no-app-shortcuts-localization
2026-01-31 06:35:48.839 appintentsmetadataprocessor[46196:42767545] Starting appintentsmetadataprocessor export
2026-01-31 06:35:48.841 appintentsmetadataprocessor[46196:42767545] warning: Metadata extraction skipped. No AppIntents.framework dependency found.

GenerateTAPI /Users/hem/Library/Developer/Xcode/DerivedData/FocusBlox-awtxlldmubwqcwggsrfosewjcyoq/Build/Intermediates.noindex/EagerLinkingTBDs/Debug-iphonesimulator/FocusBloxCore.framework/FocusBloxCore.tbd (in target 'FocusBloxCore' from project 'FocusBlox')
    cd /Users/hem/Documents/opt/my-daily-sprints
    /Applications/Xcode.app/Contents/Developer/Toolchains/XcodeDefault.xctoolchain/usr/bin/tapi stubify -isysroot /Applications/Xcode.app/Contents/Developer/Platforms/iPhoneSimulator.platform/Developer/SDKs/iPhoneSimulator26.2.sdk -F/Users/hem/Library/Developer/Xcode/DerivedData/FocusBlox-awtxlldmubwqcwggsrfosewjcyoq/Build/Products/Debug-iphonesimulator -L/Users/hem/Library/Developer/Xcode/DerivedData/FocusBlox-awtxlldmubwqcwggsrfosewjcyoq/Build/Products/Debug-iphonesimulator /Users/hem/Library/Developer/Xcode/DerivedData/FocusBlox-awtxlldmubwqcwggsrfosewjcyoq/Build/Products/Debug-iphonesimulator/FocusBloxCore.framework/FocusBloxCore -o /Users/hem/Library/Developer/Xcode/DerivedData/FocusBlox-awtxlldmubwqcwggsrfosewjcyoq/Build/Intermediates.noindex/EagerLinkingTBDs/Debug-iphonesimulator/FocusBloxCore.framework/FocusBloxCore.tbd

RegisterExecutionPolicyException /Users/hem/Library/Developer/Xcode/DerivedData/FocusBlox-awtxlldmubwqcwggsrfosewjcyoq/Build/Products/Debug-iphonesimulator/FocusBloxCore.framework (in target 'FocusBloxCore' from project 'FocusBlox')
    cd /Users/hem/Documents/opt/my-daily-sprints
    builtin-RegisterExecutionPolicyException /Users/hem/Library/Developer/Xcode/DerivedData/FocusBlox-awtxlldmubwqcwggsrfosewjcyoq/Build/Products/Debug-iphonesimulator/FocusBloxCore.framework

Touch /Users/hem/Library/Developer/Xcode/DerivedData/FocusBlox-awtxlldmubwqcwggsrfosewjcyoq/Build/Products/Debug-iphonesimulator/FocusBloxCore.framework (in target 'FocusBloxCore' from project 'FocusBlox')
    cd /Users/hem/Documents/opt/my-daily-sprints
    /usr/bin/touch -c /Users/hem/Library/Developer/Xcode/DerivedData/FocusBlox-awtxlldmubwqcwggsrfosewjcyoq/Build/Products/Debug-iphonesimulator/FocusBloxCore.framework

Ld /Users/hem/Library/Developer/Xcode/DerivedData/FocusBlox-awtxlldmubwqcwggsrfosewjcyoq/Build/Products/Debug-iphonesimulator/FocusBloxWidgetsExtension.appex/__preview.dylib normal (in target 'FocusBloxWidgetsExtension' from project 'FocusBlox')
    cd /Users/hem/Documents/opt/my-daily-sprints
    /Applications/Xcode.app/Contents/Developer/Toolchains/XcodeDefault.xctoolchain/usr/bin/clang -Xlinker -reproducible -target arm64-apple-ios26.2-simulator -dynamiclib -isysroot /Applications/Xcode.app/Contents/Developer/Platforms/iPhoneSimulator.platform/Developer/SDKs/iPhoneSimulator26.2.sdk -O0 -L/Users/hem/Library/Developer/Xcode/DerivedData/FocusBlox-awtxlldmubwqcwggsrfosewjcyoq/Build/Products/Debug-iphonesimulator -F/Users/hem/Library/Developer/Xcode/DerivedData/FocusBlox-awtxlldmubwqcwggsrfosewjcyoq/Build/Products/Debug-iphonesimulator -install_name @rpath/FocusBloxWidgetsExtension.debug.dylib -dead_strip -rdynamic -Xlinker -no_deduplicate -Xlinker -objc_abi_version -Xlinker 2 -Xlinker -debug_variant -Xlinker -dependency_info -Xlinker /Users/hem/Library/Developer/Xcode/DerivedData/FocusBlox-awtxlldmubwqcwggsrfosewjcyoq/Build/Intermediates.noindex/FocusBlox.build/Debug-iphonesimulator/FocusBloxWidgetsExtension.build/Objects-normal/arm64/FocusBloxWidgetsExtension_dependency_info.dat -o /Users/hem/Library/Developer/Xcode/DerivedData/FocusBlox-awtxlldmubwqcwggsrfosewjcyoq/Build/Products/Debug-iphonesimulator/FocusBloxWidgetsExtension.appex/__preview.dylib

ProcessInfoPlistFile /Users/hem/Library/Developer/Xcode/DerivedData/FocusBlox-awtxlldmubwqcwggsrfosewjcyoq/Build/Products/Debug-iphonesimulator/FocusBloxWidgetsExtension.appex/Info.plist /Users/hem/Documents/opt/my-daily-sprints/FocusBloxWidgets/Info.plist (in target 'FocusBloxWidgetsExtension' from project 'FocusBlox')
    cd /Users/hem/Documents/opt/my-daily-sprints
    builtin-infoPlistUtility /Users/hem/Documents/opt/my-daily-sprints/FocusBloxWidgets/Info.plist -producttype com.apple.product-type.app-extension -expandbuildsettings -format binary -platform iphonesimulator -additionalcontentfile /Users/hem/Library/Developer/Xcode/DerivedData/FocusBlox-awtxlldmubwqcwggsrfosewjcyoq/Build/Intermediates.noindex/FocusBlox.build/Debug-iphonesimulator/FocusBloxWidgetsExtension.build/assetcatalog_generated_info.plist -o /Users/hem/Library/Developer/Xcode/DerivedData/FocusBlox-awtxlldmubwqcwggsrfosewjcyoq/Build/Products/Debug-iphonesimulator/FocusBloxWidgetsExtension.appex/Info.plist

Ld /Users/hem/Library/Developer/Xcode/DerivedData/FocusBlox-awtxlldmubwqcwggsrfosewjcyoq/Build/Products/Debug-iphonesimulator/FocusBloxWidgetsExtension.appex/FocusBloxWidgetsExtension.debug.dylib normal (in target 'FocusBloxWidgetsExtension' from project 'FocusBlox')
    cd /Users/hem/Documents/opt/my-daily-sprints
    /Applications/Xcode.app/Contents/Developer/Toolchains/XcodeDefault.xctoolchain/usr/bin/clang -Xlinker -reproducible -target arm64-apple-ios26.2-simulator -dynamiclib -isysroot /Applications/Xcode.app/Contents/Developer/Platforms/iPhoneSimulator.platform/Developer/SDKs/iPhoneSimulator26.2.sdk -O0 -L/Users/hem/Library/Developer/Xcode/DerivedData/FocusBlox-awtxlldmubwqcwggsrfosewjcyoq/Build/Intermediates.noindex/EagerLinkingTBDs/Debug-iphonesimulator -L/Users/hem/Library/Developer/Xcode/DerivedData/FocusBlox-awtxlldmubwqcwggsrfosewjcyoq/Build/Products/Debug-iphonesimulator -F/Users/hem/Library/Developer/Xcode/DerivedData/FocusBlox-awtxlldmubwqcwggsrfosewjcyoq/Build/Intermediates.noindex/EagerLinkingTBDs/Debug-iphonesimulator -F/Users/hem/Library/Developer/Xcode/DerivedData/FocusBlox-awtxlldmubwqcwggsrfosewjcyoq/Build/Products/Debug-iphonesimulator -filelist /Users/hem/Library/Developer/Xcode/DerivedData/FocusBlox-awtxlldmubwqcwggsrfosewjcyoq/Build/Intermediates.noindex/FocusBlox.build/Debug-iphonesimulator/FocusBloxWidgetsExtension.build/Objects-normal/arm64/FocusBloxWidgetsExtension.LinkFileList -install_name @rpath/FocusBloxWidgetsExtension.debug.dylib -Xlinker -rpath -Xlinker @executable_path/Frameworks -Xlinker -rpath -Xlinker @executable_path/../../Frameworks -dead_strip -Xlinker -object_path_lto -Xlinker /Users/hem/Library/Developer/Xcode/DerivedData/FocusBlox-awtxlldmubwqcwggsrfosewjcyoq/Build/Intermediates.noindex/FocusBlox.build/Debug-iphonesimulator/FocusBloxWidgetsExtension.build/Objects-normal/arm64/FocusBloxWidgetsExtension_lto.o -rdynamic -Xlinker -no_deduplicate -Xlinker -objc_abi_version -Xlinker 2 -Xlinker -debug_variant -Xlinker -dependency_info -Xlinker /Users/hem/Library/Developer/Xcode/DerivedData/FocusBlox-awtxlldmubwqcwggsrfosewjcyoq/Build/Intermediates.noindex/FocusBlox.build/Debug-iphonesimulator/FocusBloxWidgetsExtension.build/Objects-normal/arm64/FocusBloxWidgetsExtension_dependency_info.dat -fapplication-extension -fobjc-link-runtime -fprofile-instr-generate -L/Applications/Xcode.app/Contents/Developer/Toolchains/XcodeDefault.xctoolchain/usr/lib/swift/iphonesimulator -L/usr/lib/swift -Xlinker -add_ast_path -Xlinker /Users/hem/Library/Developer/Xcode/DerivedData/FocusBlox-awtxlldmubwqcwggsrfosewjcyoq/Build/Intermediates.noindex/FocusBlox.build/Debug-iphonesimulator/FocusBloxWidgetsExtension.build/Objects-normal/arm64/FocusBloxWidgetsExtension.swiftmodule @/Users/hem/Library/Developer/Xcode/DerivedData/FocusBlox-awtxlldmubwqcwggsrfosewjcyoq/Build/Intermediates.noindex/FocusBlox.build/Debug-iphonesimulator/FocusBloxWidgetsExtension.build/Objects-normal/arm64/FocusBloxWidgetsExtension-linker-args.resp -Xlinker -alias -Xlinker _NSExtensionMain -Xlinker ___debug_main_executable_dylib_entry_point -framework SwiftUI -framework FocusBloxCore -framework WidgetKit -o /Users/hem/Library/Developer/Xcode/DerivedData/FocusBlox-awtxlldmubwqcwggsrfosewjcyoq/Build/Products/Debug-iphonesimulator/FocusBloxWidgetsExtension.appex/FocusBloxWidgetsExtension.debug.dylib

SwiftCompile normal arm64 Compiling\ AssignTabBlockEditUITests.swift /Users/hem/Documents/opt/my-daily-sprints/FocusBloxUITests/AssignTabBlockEditUITests.swift (in target 'FocusBloxUITests' from project 'FocusBlox')
SwiftCompile normal arm64 /Users/hem/Documents/opt/my-daily-sprints/FocusBloxUITests/AssignTabBlockEditUITests.swift (in target 'FocusBloxUITests' from project 'FocusBlox')
    cd /Users/hem/Documents/opt/my-daily-sprints
    
/Users/hem/Documents/opt/my-daily-sprints/FocusBloxUITests/AssignTabBlockEditUITests.swift:12:15: warning: call to main actor-isolated initializer 'init()' in a synchronous nonisolated context
        app = XCUIApplication()
              ^
/Applications/Xcode.app/Contents/Developer/Platforms/iPhoneSimulator.platform/Developer/Library/Frameworks/XCUIAutomation.framework/Headers/XCUIApplication.h:29:1: note: calls to initializer 'init()' from outside of its actor context are implicitly asynchronous
- (instancetype)init NS_DESIGNATED_INITIALIZER;
^
/Users/hem/Documents/opt/my-daily-sprints/FocusBloxUITests/AssignTabBlockEditUITests.swift:13:13: warning: main actor-isolated property 'launchArguments' can not be mutated from a nonisolated context
        app.launchArguments = ["-UITesting", "-MockData"]
            ^
/Applications/Xcode.app/Contents/Developer/Platforms/iPhoneSimulator.platform/Developer/Library/Frameworks/XCUIAutomation.framework/Headers/XCUIApplication.h:93:51: note: mutation of this property is only permitted within the actor
@property (nonatomic, copy) NSArray <NSString *> *launchArguments;
                                                  ^
/Users/hem/Documents/opt/my-daily-sprints/FocusBloxUITests/AssignTabBlockEditUITests.swift:14:13: warning: call to main actor-isolated instance method 'launch()' in a synchronous nonisolated context
        app.launch()
            ^
XCUIAutomation.XCUIApplication.launch:2:22: note: calls to instance method 'launch()' from outside of its actor context are implicitly asynchronous
@MainActor open func launch()}
                     ^
/Users/hem/Documents/opt/my-daily-sprints/FocusBloxUITests/AssignTabBlockEditUITests.swift:24:36: warning: main actor-isolated subscript 'subscript(_:)' can not be referenced from a nonisolated context
        let assignTab = app.buttons["tab-assign"]
                                   ^
XCUIAutomation.XCUIElementQuery.subscript:2:17: note: subscript declared here
@MainActor open subscript(key: String) -> XCUIElement { get }}
                ^
/Users/hem/Documents/opt/my-daily-sprints/FocusBloxUITests/AssignTabBlockEditUITests.swift:23:18: note: add '@MainActor' to make instance method 'navigateToAssign()' part of global actor 'MainActor'
    private func navigateToAssign() {
                 ^
    @MainActor 
/Users/hem/Documents/opt/my-daily-sprints/FocusBloxUITests/AssignTabBlockEditUITests.swift:24:29: warning: main actor-isolated property 'buttons' can not be referenced from a nonisolated context
        let assignTab = app.buttons["tab-assign"]
                            ^
/Applications/Xcode.app/Contents/Developer/Platforms/iPhoneSimulator.platform/Developer/Library/Frameworks/XCUIAutomation.framework/Headers/XCUIElementTypeQueryProvider.h:22:46: note: property declared here
@property (readonly, copy) XCUIElementQuery *buttons;
                                             ^
/Users/hem/Documents/opt/my-daily-sprints/FocusBloxUITests/AssignTabBlockEditUITests.swift:23:18: note: add '@MainActor' to make instance method 'navigateToAssign()' part of global actor 'MainActor'
    private func navigateToAssign() {
                 ^
    @MainActor 
/Users/hem/Documents/opt/my-daily-sprints/FocusBloxUITests/AssignTabBlockEditUITests.swift:25:33: warning: call to main actor-isolated instance method 'waitForExistence(timeout:)' in a synchronous nonisolated context
        XCTAssertTrue(assignTab.waitForExistence(timeout: 5), "Assign tab should exist")
                                ^
XCUIAutomation.XCUIElement.waitForExistence:2:22: note: calls to instance method 'waitForExistence(timeout:)' from outside of its actor context are implicitly asynchronous
@MainActor open func waitForExistence(timeout: TimeInterval) -> Bool}
                     ^
/Users/hem/Documents/opt/my-daily-sprints/FocusBloxUITests/AssignTabBlockEditUITests.swift:26:19: warning: call to main actor-isolated instance method 'tap()' in a synchronous nonisolated context
        assignTab.tap()
                  ^
XCUIAutomation.XCUIElement.tap:2:22: note: calls to instance method 'tap()' from outside of its actor context are implicitly asynchronous
@MainActor open func tap()}
                     ^
/Users/hem/Documents/opt/my-daily-sprints/FocusBloxUITests/AssignTabBlockEditUITests.swift:23:18: note: add '@MainActor' to make instance method 'navigateToAssign()' part of global actor 'MainActor'
    private func navigateToAssign() {
                 ^
    @MainActor 
/Users/hem/Documents/opt/my-daily-sprints/FocusBloxUITests/AssignTabBlockEditUITests.swift:38:56: warning: call to main actor-isolated instance method 'screenshot()' in a synchronous nonisolated context
        let screenshot = XCTAttachment(screenshot: app.screenshot())
                                                       ^
XCUIAutomation.XCUIElement.screenshot:2:22: note: calls to instance method 'screenshot()' from outside of its actor context are implicitly asynchronous
@MainActor open func screenshot() -> XCUIScreenshot}
                     ^
/Users/hem/Documents/opt/my-daily-sprints/FocusBloxUITests/AssignTabBlockEditUITests.swift:34:10: note: add '@MainActor' to make instance method 'testFocusBlockCardHasIdentifier()' part of global actor 'MainActor'
    func testFocusBlockCardHasIdentifier() throws {
         ^
    @MainActor 
/Users/hem/Documents/opt/my-daily-sprints/FocusBloxUITests/AssignTabBlockEditUITests.swift:46:11: warning: main actor-isolated property 'firstMatch' can not be referenced from a nonisolated context
        ).firstMatch
          ^
/Applications/Xcode.app/Contents/Developer/Platforms/iPhoneSimulator.platform/Developer/Library/Frameworks/XCUIAutomation.framework/Headers/XCUIElementTypeQueryProvider.h:105:35: note: property declared here
@property (readonly) XCUIElement *firstMatch;
                                  ^
/Users/hem/Documents/opt/my-daily-sprints/FocusBloxUITests/AssignTabBlockEditUITests.swift:34:10: note: add '@MainActor' to make instance method 'testFocusBlockCardHasIdentifier()' part of global actor 'MainActor'
    func testFocusBlockCardHasIdentifier() throws {
         ^
    @MainActor 
/Users/hem/Documents/opt/my-daily-sprints/FocusBloxUITests/AssignTabBlockEditUITests.swift:44:62: warning: call to main actor-isolated instance method 'matching' in a synchronous nonisolated context
        let focusBlockCard = app.descendants(matching: .any).matching(
                                                             ^
XCUIAutomation.XCUIElementQuery.matching:2:22: note: calls to instance method 'matching' from outside of its actor context are implicitly asynchronous
@MainActor open func matching(_ predicate: NSPredicate) -> XCUIElementQuery}
                     ^
XCUIAutomation.XCUIElementQuery.matching:2:22: note: main actor isolation inferred from conformance to protocol 'XCUIElementTypeQueryProvider'
@MainActor open func matching(_ predicate: NSPredicate) -> XCUIElementQuery}
                     ^
/Users/hem/Documents/opt/my-daily-sprints/FocusBloxUITests/AssignTabBlockEditUITests.swift:34:10: note: add '@MainActor' to make instance method 'testFocusBlockCardHasIdentifier()' part of global actor 'MainActor'
    func testFocusBlockCardHasIdentifier() throws {
         ^
    @MainActor 
/Users/hem/Documents/opt/my-daily-sprints/FocusBloxUITests/AssignTabBlockEditUITests.swift:44:34: warning: call to main actor-isolated instance method 'descendants(matching:)' in a synchronous nonisolated context
        let focusBlockCard = app.descendants(matching: .any).matching(
                                 ^
XCUIAutomation.XCUIElement.descendants:2:22: note: calls to instance method 'descendants(matching:)' from outside of its actor context are implicitly asynchronous
@MainActor open func descendants(matching type: XCUIElement.ElementType) -> XCUIElementQuery}
                     ^
/Users/hem/Documents/opt/my-daily-sprints/FocusBloxUITests/AssignTabBlockEditUITests.swift:34:10: note: add '@MainActor' to make instance method 'testFocusBlockCardHasIdentifier()' part of global actor 'MainActor'
    func testFocusBlockCardHasIdentifier() throws {
         ^
    @MainActor 
/Users/hem/Documents/opt/my-daily-sprints/FocusBloxUITests/AssignTabBlockEditUITests.swift:49:28: warning: call to main actor-isolated instance method 'waitForExistence(timeout:)' in a synchronous nonisolated context
            focusBlockCard.waitForExistence(timeout: 5),
                           ^
XCUIAutomation.XCUIElement.waitForExistence:2:22: note: calls to instance method 'waitForExistence(timeout:)' from outside of its actor context are implicitly asynchronous
@MainActor open func waitForExistence(timeout: TimeInterval) -> Bool}
                     ^
/Users/hem/Documents/opt/my-daily-sprints/FocusBloxUITests/AssignTabBlockEditUITests.swift:59:62: warning: call to main actor-isolated instance method 'screenshot()' in a synchronous nonisolated context
        let beforeScreenshot = XCTAttachment(screenshot: app.screenshot())
                                                             ^
XCUIAutomation.XCUIElement.screenshot:2:22: note: calls to instance method 'screenshot()' from outside of its actor context are implicitly asynchronous
@MainActor open func screenshot() -> XCUIScreenshot}
                     ^
/Users/hem/Documents/opt/my-daily-sprints/FocusBloxUITests/AssignTabBlockEditUITests.swift:55:10: note: add '@MainActor' to make instance method 'testTapBlockCardOpensEditSheet()' part of global actor 'MainActor'
    func testTapBlockCardOpensEditSheet() throws {
         ^
    @MainActor 
/Users/hem/Documents/opt/my-daily-sprints/FocusBloxUITests/AssignTabBlockEditUITests.swift:67:11: warning: main actor-isolated property 'firstMatch' can not be referenced from a nonisolated context
        ).firstMatch
          ^
/Applications/Xcode.app/Contents/Developer/Platforms/iPhoneSimulator.platform/Developer/Library/Frameworks/XCUIAutomation.framework/Headers/XCUIElementTypeQueryProvider.h:105:35: note: property declared here
@property (readonly) XCUIElement *firstMatch;
                                  ^
/Users/hem/Documents/opt/my-daily-sprints/FocusBloxUITests/AssignTabBlockEditUITests.swift:55:10: note: add '@MainActor' to make instance method 'testTapBlockCardOpensEditSheet()' part of global actor 'MainActor'
    func testTapBlockCardOpensEditSheet() throws {
         ^
    @MainActor 
/Users/hem/Documents/opt/my-daily-sprints/FocusBloxUITests/AssignTabBlockEditUITests.swift:65:62: warning: call to main actor-isolated instance method 'matching' in a synchronous nonisolated context
        let focusBlockCard = app.descendants(matching: .any).matching(
                                                             ^
XCUIAutomation.XCUIElementQuery.matching:2:22: note: calls to instance method 'matching' from outside of its actor context are implicitly asynchronous
@MainActor open func matching(_ predicate: NSPredicate) -> XCUIElementQuery}
                     ^
XCUIAutomation.XCUIElementQuery.matching:2:22: note: main actor isolation inferred from conformance to protocol 'XCUIElementTypeQueryProvider'
@MainActor open func matching(_ predicate: NSPredicate) -> XCUIElementQuery}
                     ^
/Users/hem/Documents/opt/my-daily-sprints/FocusBloxUITests/AssignTabBlockEditUITests.swift:55:10: note: add '@MainActor' to make instance method 'testTapBlockCardOpensEditSheet()' part of global actor 'MainActor'
    func testTapBlockCardOpensEditSheet() throws {
         ^
    @MainActor 
/Users/hem/Documents/opt/my-daily-sprints/FocusBloxUITests/AssignTabBlockEditUITests.swift:65:34: warning: call to main actor-isolated instance method 'descendants(matching:)' in a synchronous nonisolated context
        let focusBlockCard = app.descendants(matching: .any).matching(
                                 ^
XCUIAutomation.XCUIElement.descendants:2:22: note: calls to instance method 'descendants(matching:)' from outside of its actor context are implicitly asynchronous
@MainActor open func descendants(matching type: XCUIElement.ElementType) -> XCUIElementQuery}
                     ^
/Users/hem/Documents/opt/my-daily-sprints/FocusBloxUITests/AssignTabBlockEditUITests.swift:55:10: note: add '@MainActor' to make instance method 'testTapBlockCardOpensEditSheet()' part of global actor 'MainActor'
    func testTapBlockCardOpensEditSheet() throws {
         ^
    @MainActor 
/Users/hem/Documents/opt/my-daily-sprints/FocusBloxUITests/AssignTabBlockEditUITests.swift:70:28: warning: call to main actor-isolated instance method 'waitForExistence(timeout:)' in a synchronous nonisolated context
            focusBlockCard.waitForExistence(timeout: 5),
                           ^
XCUIAutomation.XCUIElement.waitForExistence:2:22: note: calls to instance method 'waitForExistence(timeout:)' from outside of its actor context are implicitly asynchronous
@MainActor open func waitForExistence(timeout: TimeInterval) -> Bool}
                     ^
/Users/hem/Documents/opt/my-daily-sprints/FocusBloxUITests/AssignTabBlockEditUITests.swift:74:24: warning: call to main actor-isolated instance method 'tap()' in a synchronous nonisolated context
        focusBlockCard.tap()
                       ^
XCUIAutomation.XCUIElement.tap:2:22: note: calls to instance method 'tap()' from outside of its actor context are implicitly asynchronous
@MainActor open func tap()}
                     ^
/Users/hem/Documents/opt/my-daily-sprints/FocusBloxUITests/AssignTabBlockEditUITests.swift:55:10: note: add '@MainActor' to make instance method 'testTapBlockCardOpensEditSheet()' part of global actor 'MainActor'
    func testTapBlockCardOpensEditSheet() throws {
         ^
    @MainActor 
/Users/hem/Documents/opt/my-daily-sprints/FocusBloxUITests/AssignTabBlockEditUITests.swift:78:61: warning: call to main actor-isolated instance method 'screenshot()' in a synchronous nonisolated context
        let afterScreenshot = XCTAttachment(screenshot: app.screenshot())
                                                            ^
XCUIAutomation.XCUIElement.screenshot:2:22: note: calls to instance method 'screenshot()' from outside of its actor context are implicitly asynchronous
@MainActor open func screenshot() -> XCUIScreenshot}
                     ^
/Users/hem/Documents/opt/my-daily-sprints/FocusBloxUITests/AssignTabBlockEditUITests.swift:55:10: note: add '@MainActor' to make instance method 'testTapBlockCardOpensEditSheet()' part of global actor 'MainActor'
    func testTapBlockCardOpensEditSheet() throws {
         ^
    @MainActor 
/Users/hem/Documents/opt/my-daily-sprints/FocusBloxUITests/AssignTabBlockEditUITests.swift:84:45: warning: main actor-isolated subscript 'subscript(_:)' can not be referenced from a nonisolated context
        let editSheetTitle = app.staticTexts["Block bearbeiten"]
                                            ^
XCUIAutomation.XCUIElementQuery.subscript:2:17: note: subscript declared here
@MainActor open subscript(key: String) -> XCUIElement { get }}
                ^
/Users/hem/Documents/opt/my-daily-sprints/FocusBloxUITests/AssignTabBlockEditUITests.swift:55:10: note: add '@MainActor' to make instance method 'testTapBlockCardOpensEditSheet()' part of global actor 'MainActor'
    func testTapBlockCardOpensEditSheet() throws {
         ^
    @MainActor 
/Users/hem/Documents/opt/my-daily-sprints/FocusBloxUITests/AssignTabBlockEditUITests.swift:84:34: warning: main actor-isolated property 'staticTexts' can not be referenced from a nonisolated context
        let editSheetTitle = app.staticTexts["Block bearbeiten"]
                                 ^
/Applications/Xcode.app/Contents/Developer/Platforms/iPhoneSimulator.platform/Developer/Library/Frameworks/XCUIAutomation.framework/Headers/XCUIElementTypeQueryProvider.h:62:46: note: property declared here
@property (readonly, copy) XCUIElementQuery *staticTexts;
                                             ^
/Users/hem/Documents/opt/my-daily-sprints/FocusBloxUITests/AssignTabBlockEditUITests.swift:55:10: note: add '@MainActor' to make instance method 'testTapBlockCardOpensEditSheet()' part of global actor 'MainActor'
    func testTapBlockCardOpensEditSheet() throws {
         ^
    @MainActor 
/Users/hem/Documents/opt/my-daily-sprints/FocusBloxUITests/AssignTabBlockEditUITests.swift:85:37: warning: main actor-isolated subscript 'subscript(_:)' can not be referenced from a nonisolated context
        let saveButton = app.buttons["Speichern"]
                                    ^
XCUIAutomation.XCUIElementQuery.subscript:2:17: note: subscript declared here
@MainActor open subscript(key: String) -> XCUIElement { get }}
                ^
/Users/hem/Documents/opt/my-daily-sprints/FocusBloxUITests/AssignTabBlockEditUITests.swift:55:10: note: add '@MainActor' to make instance method 'testTapBlockCardOpensEditSheet()' part of global actor 'MainActor'
    func testTapBlockCardOpensEditSheet() throws {
         ^
    @MainActor 
/Users/hem/Documents/opt/my-daily-sprints/FocusBloxUITests/AssignTabBlockEditUITests.swift:85:30: warning: main actor-isolated property 'buttons' can not be referenced from a nonisolated context
        let saveButton = app.buttons["Speichern"]
                             ^
/Applications/Xcode.app/Contents/Developer/Platforms/iPhoneSimulator.platform/Developer/Library/Frameworks/XCUIAutomation.framework/Headers/XCUIElementTypeQueryProvider.h:22:46: note: property declared here
@property (readonly, copy) XCUIElementQuery *buttons;
                                             ^
/Users/hem/Documents/opt/my-daily-sprints/FocusBloxUITests/AssignTabBlockEditUITests.swift:55:10: note: add '@MainActor' to make instance method 'testTapBlockCardOpensEditSheet()' part of global actor 'MainActor'
    func testTapBlockCardOpensEditSheet() throws {
         ^
    @MainActor 
/Users/hem/Documents/opt/my-daily-sprints/FocusBloxUITests/AssignTabBlockEditUITests.swift:86:39: warning: main actor-isolated subscript 'subscript(_:)' can not be referenced from a nonisolated context
        let deleteButton = app.buttons["Block lÃ¶schen"]
XCUIAutomation.XCUIElementQuery.subscript:2:17: note: subscript declared here
@MainActor open subscript(key: String) -> XCUIElement { get }}
                ^
/Users/hem/Documents/opt/my-daily-sprints/FocusBloxUITests/AssignTabBlockEditUITests.swift:55:10: note: add '@MainActor' to make instance method 'testTapBlockCardOpensEditSheet()' part of global actor 'MainActor'
    func testTapBlockCardOpensEditSheet() throws {
         ^
    @MainActor 
/Users/hem/Documents/opt/my-daily-sprints/FocusBloxUITests/AssignTabBlockEditUITests.swift:86:32: warning: main actor-isolated property 'buttons' can not be referenced from a nonisolated context
        let deleteButton = app.buttons["Block lÃ¶schen"]
/Applications/Xcode.app/Contents/Developer/Platforms/iPhoneSimulator.platform/Developer/Library/Frameworks/XCUIAutomation.framework/Headers/XCUIElementTypeQueryProvider.h:22:46: note: property declared here
@property (readonly, copy) XCUIElementQuery *buttons;
                                             ^
/Users/hem/Documents/opt/my-daily-sprints/FocusBloxUITests/AssignTabBlockEditUITests.swift:55:10: note: add '@MainActor' to make instance method 'testTapBlockCardOpensEditSheet()' part of global actor 'MainActor'
    func testTapBlockCardOpensEditSheet() throws {
         ^
    @MainActor 
/Users/hem/Documents/opt/my-daily-sprints/FocusBloxUITests/AssignTabBlockEditUITests.swift:88:42: warning: call to main actor-isolated instance method 'waitForExistence(timeout:)' in a synchronous nonisolated context
        let sheetOpened = editSheetTitle.waitForExistence(timeout: 3)
                                         ^
XCUIAutomation.XCUIElement.waitForExistence:2:22: note: calls to instance method 'waitForExistence(timeout:)' from outside of its actor context are implicitly asynchronous
@MainActor open func waitForExistence(timeout: TimeInterval) -> Bool}
                     ^
/Users/hem/Documents/opt/my-daily-sprints/FocusBloxUITests/AssignTabBlockEditUITests.swift:55:10: note: add '@MainActor' to make instance method 'testTapBlockCardOpensEditSheet()' part of global actor 'MainActor'
    func testTapBlockCardOpensEditSheet() throws {
         ^
    @MainActor 
/Users/hem/Documents/opt/my-daily-sprints/FocusBloxUITests/AssignTabBlockEditUITests.swift:89:27: warning: main actor-isolated property 'exists' can not be referenced from a nonisolated autoclosure
            || saveButton.exists
                          ^
/Applications/Xcode.app/Contents/Developer/Platforms/iPhoneSimulator.platform/Developer/Library/Frameworks/XCUIAutomation.framework/Headers/XCUIElement.h:54:27: note: property declared here
@property (readonly) BOOL exists;
                          ^
/Users/hem/Documents/opt/my-daily-sprints/FocusBloxUITests/AssignTabBlockEditUITests.swift:90:29: warning: main actor-isolated property 'exists' can not be referenced from a nonisolated autoclosure
            || deleteButton.exists
                            ^
/Applications/Xcode.app/Contents/Developer/Platforms/iPhoneSimulator.platform/Developer/Library/Frameworks/XCUIAutomation.framework/Headers/XCUIElement.h:54:27: note: property declared here
@property (readonly) BOOL exists;
                          ^
/Users/hem/Documents/opt/my-daily-sprints/FocusBloxUITests/AssignTabBlockEditUITests.swift:101:11: warning: main actor-isolated property 'firstMatch' can not be referenced from a nonisolated context
        ).firstMatch
          ^
/Applications/Xcode.app/Contents/Developer/Platforms/iPhoneSimulator.platform/Developer/Library/Frameworks/XCUIAutomation.framework/Headers/XCUIElementTypeQueryProvider.h:105:35: note: property declared here
@property (readonly) XCUIElement *firstMatch;
                                  ^
/Users/hem/Documents/opt/my-daily-sprints/FocusBloxUITests/AssignTabBlockEditUITests.swift:96:10: note: add '@MainActor' to make instance method 'testEditSheetHasSaveButton()' part of global actor 'MainActor'
    func testEditSheetHasSaveButton() throws {
         ^
    @MainActor 
/Users/hem/Documents/opt/my-daily-sprints/FocusBloxUITests/AssignTabBlockEditUITests.swift:99:62: warning: call to main actor-isolated instance method 'matching' in a synchronous nonisolated context
        let focusBlockCard = app.descendants(matching: .any).matching(
                                                             ^
XCUIAutomation.XCUIElementQuery.matching:2:22: note: calls to instance method 'matching' from outside of its actor context are implicitly asynchronous
@MainActor open func matching(_ predicate: NSPredicate) -> XCUIElementQuery}
                     ^
XCUIAutomation.XCUIElementQuery.matching:2:22: note: main actor isolation inferred from conformance to protocol 'XCUIElementTypeQueryProvider'
@MainActor open func matching(_ predicate: NSPredicate) -> XCUIElementQuery}
                     ^
/Users/hem/Documents/opt/my-daily-sprints/FocusBloxUITests/AssignTabBlockEditUITests.swift:96:10: note: add '@MainActor' to make instance method 'testEditSheetHasSaveButton()' part of global actor 'MainActor'
    func testEditSheetHasSaveButton() throws {
         ^
    @MainActor 
/Users/hem/Documents/opt/my-daily-sprints/FocusBloxUITests/AssignTabBlockEditUITests.swift:99:34: warning: call to main actor-isolated instance method 'descendants(matching:)' in a synchronous nonisolated context
        let focusBlockCard = app.descendants(matching: .any).matching(
                                 ^
XCUIAutomation.XCUIElement.descendants:2:22: note: calls to instance method 'descendants(matching:)' from outside of its actor context are implicitly asynchronous
@MainActor open func descendants(matching type: XCUIElement.ElementType) -> XCUIElementQuery}
                     ^
/Users/hem/Documents/opt/my-daily-sprints/FocusBloxUITests/AssignTabBlockEditUITests.swift:96:10: note: add '@MainActor' to make instance method 'testEditSheetHasSaveButton()' part of global actor 'MainActor'
    func testEditSheetHasSaveButton() throws {
         ^
    @MainActor 
/Users/hem/Documents/opt/my-daily-sprints/FocusBloxUITests/AssignTabBlockEditUITests.swift:104:28: warning: call to main actor-isolated instance method 'waitForExistence(timeout:)' in a synchronous nonisolated context
            focusBlockCard.waitForExistence(timeout: 5),
                           ^
XCUIAutomation.XCUIElement.waitForExistence:2:22: note: calls to instance method 'waitForExistence(timeout:)' from outside of its actor context are implicitly asynchronous
@MainActor open func waitForExistence(timeout: TimeInterval) -> Bool}
                     ^
/Users/hem/Documents/opt/my-daily-sprints/FocusBloxUITests/AssignTabBlockEditUITests.swift:108:24: warning: call to main actor-isolated instance method 'tap()' in a synchronous nonisolated context
        focusBlockCard.tap()
                       ^
XCUIAutomation.XCUIElement.tap:2:22: note: calls to instance method 'tap()' from outside of its actor context are implicitly asynchronous
@MainActor open func tap()}
                     ^
/Users/hem/Documents/opt/my-daily-sprints/FocusBloxUITests/AssignTabBlockEditUITests.swift:96:10: note: add '@MainActor' to make instance method 'testEditSheetHasSaveButton()' part of global actor 'MainActor'
    func testEditSheetHasSaveButton() throws {
         ^
    @MainActor 
/Users/hem/Documents/opt/my-daily-sprints/FocusBloxUITests/AssignTabBlockEditUITests.swift:111:37: warning: main actor-isolated subscript 'subscript(_:)' can not be referenced from a nonisolated context
        let saveButton = app.buttons["Speichern"]
                                    ^
XCUIAutomation.XCUIElementQuery.subscript:2:17: note: subscript declared here
@MainActor open subscript(key: String) -> XCUIElement { get }}
                ^
/Users/hem/Documents/opt/my-daily-sprints/FocusBloxUITests/AssignTabBlockEditUITests.swift:96:10: note: add '@MainActor' to make instance method 'testEditSheetHasSaveButton()' part of global actor 'MainActor'
    func testEditSheetHasSaveButton() throws {
         ^
    @MainActor 
/Users/hem/Documents/opt/my-daily-sprints/FocusBloxUITests/AssignTabBlockEditUITests.swift:111:30: warning: main actor-isolated property 'buttons' can not be referenced from a nonisolated context
        let saveButton = app.buttons["Speichern"]
                             ^
/Applications/Xcode.app/Contents/Developer/Platforms/iPhoneSimulator.platform/Developer/Library/Frameworks/XCUIAutomation.framework/Headers/XCUIElementTypeQueryProvider.h:22:46: note: property declared here
@property (readonly, copy) XCUIElementQuery *buttons;
                                             ^
/Users/hem/Documents/opt/my-daily-sprints/FocusBloxUITests/AssignTabBlockEditUITests.swift:96:10: note: add '@MainActor' to make instance method 'testEditSheetHasSaveButton()' part of global actor 'MainActor'
    func testEditSheetHasSaveButton() throws {
         ^
    @MainActor 
/Users/hem/Documents/opt/my-daily-sprints/FocusBloxUITests/AssignTabBlockEditUITests.swift:112:34: warning: call to main actor-isolated instance method 'waitForExistence(timeout:)' in a synchronous nonisolated context
        XCTAssertTrue(saveButton.waitForExistence(timeout: 3), "Edit sheet should have 'Speichern' button")
                                 ^
XCUIAutomation.XCUIElement.waitForExistence:2:22: note: calls to instance method 'waitForExistence(timeout:)' from outside of its actor context are implicitly asynchronous
@MainActor open func waitForExistence(timeout: TimeInterval) -> Bool}
                     ^
/Users/hem/Documents/opt/my-daily-sprints/FocusBloxUITests/AssignTabBlockEditUITests.swift:121:11: warning: main actor-isolated property 'firstMatch' can not be referenced from a nonisolated context
        ).firstMatch
          ^
/Applications/Xcode.app/Contents/Developer/Platforms/iPhoneSimulator.platform/Developer/Library/Frameworks/XCUIAutomation.framework/Headers/XCUIElementTypeQueryProvider.h:105:35: note: property declared here
@property (readonly) XCUIElement *firstMatch;
                                  ^
/Users/hem/Documents/opt/my-daily-sprints/FocusBloxUITests/AssignTabBlockEditUITests.swift:116:10: note: add '@MainActor' to make instance method 'testEditSheetHasDeleteButton()' part of global actor 'MainActor'
    func testEditSheetHasDeleteButton() throws {
         ^
    @MainActor 
/Users/hem/Documents/opt/my-daily-sprints/FocusBloxUITests/AssignTabBlockEditUITests.swift:119:62: warning: call to main actor-isolated instance method 'matching' in a synchronous nonisolated context
        let focusBlockCard = app.descendants(matching: .any).matching(
                                                             ^
XCUIAutomation.XCUIElementQuery.matching:2:22: note: calls to instance method 'matching' from outside of its actor context are implicitly asynchronous
@MainActor open func matching(_ predicate: NSPredicate) -> XCUIElementQuery}
                     ^
XCUIAutomation.XCUIElementQuery.matching:2:22: note: main actor isolation inferred from conformance to protocol 'XCUIElementTypeQueryProvider'
@MainActor open func matching(_ predicate: NSPredicate) -> XCUIElementQuery}
                     ^
/Users/hem/Documents/opt/my-daily-sprints/FocusBloxUITests/AssignTabBlockEditUITests.swift:116:10: note: add '@MainActor' to make instance method 'testEditSheetHasDeleteButton()' part of global actor 'MainActor'
    func testEditSheetHasDeleteButton() throws {
         ^
    @MainActor 
/Users/hem/Documents/opt/my-daily-sprints/FocusBloxUITests/AssignTabBlockEditUITests.swift:119:34: warning: call to main actor-isolated instance method 'descendants(matching:)' in a synchronous nonisolated context
        let focusBlockCard = app.descendants(matching: .any).matching(
                                 ^
XCUIAutomation.XCUIElement.descendants:2:22: note: calls to instance method 'descendants(matching:)' from outside of its actor context are implicitly asynchronous
@MainActor open func descendants(matching type: XCUIElement.ElementType) -> XCUIElementQuery}
                     ^
/Users/hem/Documents/opt/my-daily-sprints/FocusBloxUITests/AssignTabBlockEditUITests.swift:116:10: note: add '@MainActor' to make instance method 'testEditSheetHasDeleteButton()' part of global actor 'MainActor'
    func testEditSheetHasDeleteButton() throws {
         ^
    @MainActor 
/Users/hem/Documents/opt/my-daily-sprints/FocusBloxUITests/AssignTabBlockEditUITests.swift:124:28: warning: call to main actor-isolated instance method 'waitForExistence(timeout:)' in a synchronous nonisolated context
            focusBlockCard.waitForExistence(timeout: 5),
                           ^
XCUIAutomation.XCUIElement.waitForExistence:2:22: note: calls to instance method 'waitForExistence(timeout:)' from outside of its actor context are implicitly asynchronous
@MainActor open func waitForExistence(timeout: TimeInterval) -> Bool}
                     ^
/Users/hem/Documents/opt/my-daily-sprints/FocusBloxUITests/AssignTabBlockEditUITests.swift:128:24: warning: call to main actor-isolated instance method 'tap()' in a synchronous nonisolated context
        focusBlockCard.tap()
                       ^
XCUIAutomation.XCUIElement.tap:2:22: note: calls to instance method 'tap()' from outside of its actor context are implicitly asynchronous
@MainActor open func tap()}
                     ^
/Users/hem/Documents/opt/my-daily-sprints/FocusBloxUITests/AssignTabBlockEditUITests.swift:116:10: note: add '@MainActor' to make instance method 'testEditSheetHasDeleteButton()' part of global actor 'MainActor'
    func testEditSheetHasDeleteButton() throws {
         ^
    @MainActor 
/Users/hem/Documents/opt/my-daily-sprints/FocusBloxUITests/AssignTabBlockEditUITests.swift:131:39: warning: main actor-isolated subscript 'subscript(_:)' can not be referenced from a nonisolated context
        let deleteButton = app.buttons["Block lÃ¶schen"]
XCUIAutomation.XCUIElementQuery.subscript:2:17: note: subscript declared here
@MainActor open subscript(key: String) -> XCUIElement { get }}
                ^
/Users/hem/Documents/opt/my-daily-sprints/FocusBloxUITests/AssignTabBlockEditUITests.swift:116:10: note: add '@MainActor' to make instance method 'testEditSheetHasDeleteButton()' part of global actor 'MainActor'
    func testEditSheetHasDeleteButton() throws {
         ^
    @MainActor 
/Users/hem/Documents/opt/my-daily-sprints/FocusBloxUITests/AssignTabBlockEditUITests.swift:131:32: warning: main actor-isolated property 'buttons' can not be referenced from a nonisolated context
        let deleteButton = app.buttons["Block lÃ¶schen"]
/Applications/Xcode.app/Contents/Developer/Platforms/iPhoneSimulator.platform/Developer/Library/Frameworks/XCUIAutomation.framework/Headers/XCUIElementTypeQueryProvider.h:22:46: note: property declared here
@property (readonly, copy) XCUIElementQuery *buttons;
                                             ^
/Users/hem/Documents/opt/my-daily-sprints/FocusBloxUITests/AssignTabBlockEditUITests.swift:116:10: note: add '@MainActor' to make instance method 'testEditSheetHasDeleteButton()' part of global actor 'MainActor'
    func testEditSheetHasDeleteButton() throws {
         ^
    @MainActor 
/Users/hem/Documents/opt/my-daily-sprints/FocusBloxUITests/AssignTabBlockEditUITests.swift:132:36: warning: call to main actor-isolated instance method 'waitForExistence(timeout:)' in a synchronous nonisolated context
        XCTAssertTrue(deleteButton.waitForExistence(timeout: 3), "Edit sheet should have 'Block lÃ¶schen' button")
XCUIAutomation.XCUIElement.waitForExistence:2:22: note: calls to instance method 'waitForExistence(timeout:)' from outside of its actor context are implicitly asynchronous
@MainActor open func waitForExistence(timeout: TimeInterval) -> Bool}
                     ^

SwiftEmitModule normal arm64 Emitting\ module\ for\ FocusBloxUITests (in target 'FocusBloxUITests' from project 'FocusBlox')

EmitSwiftModule normal arm64 (in target 'FocusBloxUITests' from project 'FocusBlox')
    cd /Users/hem/Documents/opt/my-daily-sprints
    

ConstructStubExecutorLinkFileList /Users/hem/Library/Developer/Xcode/DerivedData/FocusBlox-awtxlldmubwqcwggsrfosewjcyoq/Build/Intermediates.noindex/FocusBlox.build/Debug-iphonesimulator/FocusBloxWidgetsExtension.build/FocusBloxWidgetsExtension-ExecutorLinkFileList-normal-arm64.txt (in target 'FocusBloxWidgetsExtension' from project 'FocusBlox')
    cd /Users/hem/Documents/opt/my-daily-sprints
    construct-stub-executor-link-file-list /Users/hem/Library/Developer/Xcode/DerivedData/FocusBlox-awtxlldmubwqcwggsrfosewjcyoq/Build/Products/Debug-iphonesimulator/FocusBloxWidgetsExtension.appex/FocusBloxWidgetsExtension.debug.dylib /Applications/Xcode.app/Contents/Developer/Platforms/iPhoneSimulator.platform/Developer/usr/lib/libPreviewsJITStubExecutor_no_swift_entry_point.a /Applications/Xcode.app/Contents/Developer/Platforms/iPhoneSimulator.platform/Developer/usr/lib/libPreviewsJITStubExecutor.a --output /Users/hem/Library/Developer/Xcode/DerivedData/FocusBlox-awtxlldmubwqcwggsrfosewjcyoq/Build/Intermediates.noindex/FocusBlox.build/Debug-iphonesimulator/FocusBloxWidgetsExtension.build/FocusBloxWidgetsExtension-ExecutorLinkFileList-normal-arm64.txt
note: Using stub executor library with Swift entry point. (in target 'FocusBloxWidgetsExtension' from project 'FocusBlox')

Ld /Users/hem/Library/Developer/Xcode/DerivedData/FocusBlox-awtxlldmubwqcwggsrfosewjcyoq/Build/Products/Debug-iphonesimulator/FocusBloxWidgetsExtension.appex/FocusBloxWidgetsExtension normal (in target 'FocusBloxWidgetsExtension' from project 'FocusBlox')
    cd /Users/hem/Documents/opt/my-daily-sprints
    /Applications/Xcode.app/Contents/Developer/Toolchains/XcodeDefault.xctoolchain/usr/bin/clang -Xlinker -reproducible -target arm64-apple-ios26.2-simulator -isysroot /Applications/Xcode.app/Contents/Developer/Platforms/iPhoneSimulator.platform/Developer/SDKs/iPhoneSimulator26.2.sdk -O0 -L/Users/hem/Library/Developer/Xcode/DerivedData/FocusBlox-awtxlldmubwqcwggsrfosewjcyoq/Build/Products/Debug-iphonesimulator -F/Users/hem/Library/Developer/Xcode/DerivedData/FocusBlox-awtxlldmubwqcwggsrfosewjcyoq/Build/Products/Debug-iphonesimulator -Xlinker -rpath -Xlinker @executable_path -Xlinker -rpath -Xlinker @executable_path/Frameworks -Xlinker -rpath -Xlinker @executable_path/../../Frameworks -rdynamic -Xlinker -no_deduplicate -Xlinker -objc_abi_version -Xlinker 2 -Xlinker -debug_variant -e ___debug_blank_executor_main -Xlinker -sectcreate -Xlinker __TEXT -Xlinker __debug_dylib -Xlinker /Users/hem/Library/Developer/Xcode/DerivedData/FocusBlox-awtxlldmubwqcwggsrfosewjcyoq/Build/Intermediates.noindex/FocusBlox.build/Debug-iphonesimulator/FocusBloxWidgetsExtension.build/FocusBloxWidgetsExtension-DebugDylibPath-normal-arm64.txt -Xlinker -sectcreate -Xlinker __TEXT -Xlinker __debug_entry -Xlinker /Users/hem/Library/Developer/Xcode/DerivedData/FocusBlox-awtxlldmubwqcwggsrfosewjcyoq/Build/Intermediates.noindex/FocusBlox.build/Debug-iphonesimulator/FocusBloxWidgetsExtension.build/FocusBloxWidgetsExtension-DebugEntryPoint-normal-arm64.txt -Xlinker -sectcreate -Xlinker __TEXT -Xlinker __debug_instlnm -Xlinker /Users/hem/Library/Developer/Xcode/DerivedData/FocusBlox-awtxlldmubwqcwggsrfosewjcyoq/Build/Intermediates.noindex/FocusBlox.build/Debug-iphonesimulator/FocusBloxWidgetsExtension.build/FocusBloxWidgetsExtension-DebugDylibInstallName-normal-arm64.txt -Xlinker -filelist -Xlinker /Users/hem/Library/Developer/Xcode/DerivedData/FocusBlox-awtxlldmubwqcwggsrfosewjcyoq/Build/Intermediates.noindex/FocusBlox.build/Debug-iphonesimulator/FocusBloxWidgetsExtension.build/FocusBloxWidgetsExtension-ExecutorLinkFileList-normal-arm64.txt /Users/hem/Library/Developer/Xcode/DerivedData/FocusBlox-awtxlldmubwqcwggsrfosewjcyoq/Build/Products/Debug-iphonesimulator/FocusBloxWidgetsExtension.appex/FocusBloxWidgetsExtension.debug.dylib -o /Users/hem/Library/Developer/Xcode/DerivedData/FocusBlox-awtxlldmubwqcwggsrfosewjcyoq/Build/Products/Debug-iphonesimulator/FocusBloxWidgetsExtension.appex/FocusBloxWidgetsExtension

Copy /Users/hem/Library/Developer/Xcode/DerivedData/FocusBlox-awtxlldmubwqcwggsrfosewjcyoq/Build/Products/Debug-iphonesimulator/FocusBloxWidgetsExtension.appex/Frameworks/FocusBloxCore.framework /Users/hem/Library/Developer/Xcode/DerivedData/FocusBlox-awtxlldmubwqcwggsrfosewjcyoq/Build/Products/Debug-iphonesimulator/FocusBloxCore.framework (in target 'FocusBloxWidgetsExtension' from project 'FocusBlox')
    cd /Users/hem/Documents/opt/my-daily-sprints
    builtin-copy -exclude .DS_Store -exclude CVS -exclude .svn -exclude .git -exclude .hg -exclude Headers -exclude PrivateHeaders -exclude Modules -exclude \*.tbd -resolve-src-symlinks -remove-static-executable /Users/hem/Library/Developer/Xcode/DerivedData/FocusBlox-awtxlldmubwqcwggsrfosewjcyoq/Build/Products/Debug-iphonesimulator/FocusBloxCore.framework /Users/hem/Library/Developer/Xcode/DerivedData/FocusBlox-awtxlldmubwqcwggsrfosewjcyoq/Build/Products/Debug-iphonesimulator/FocusBloxWidgetsExtension.appex/Frameworks

ExtractAppIntentsMetadata (in target 'FocusBloxWidgetsExtension' from project 'FocusBlox')
    cd /Users/hem/Documents/opt/my-daily-sprints
    /Applications/Xcode.app/Contents/Developer/Toolchains/XcodeDefault.xctoolchain/usr/bin/appintentsmetadataprocessor --toolchain-dir /Applications/Xcode.app/Contents/Developer/Toolchains/XcodeDefault.xctoolchain --module-name FocusBloxWidgetsExtension --sdk-root /Applications/Xcode.app/Contents/Developer/Platforms/iPhoneSimulator.platform/Developer/SDKs/iPhoneSimulator26.2.sdk --xcode-version 17C52 --platform-family iOS --deployment-target 26.2 --bundle-identifier com.henning.timebox.FocusBloxWidgets --output /Users/hem/Library/Developer/Xcode/DerivedData/FocusBlox-awtxlldmubwqcwggsrfosewjcyoq/Build/Products/Debug-iphonesimulator/FocusBloxWidgetsExtension.appex --target-triple arm64-apple-ios26.2-simulator --binary-file /Users/hem/Library/Developer/Xcode/DerivedData/FocusBlox-awtxlldmubwqcwggsrfosewjcyoq/Build/Products/Debug-iphonesimulator/FocusBloxWidgetsExtension.appex/FocusBloxWidgetsExtension --dependency-file /Users/hem/Library/Developer/Xcode/DerivedData/FocusBlox-awtxlldmubwqcwggsrfosewjcyoq/Build/Intermediates.noindex/FocusBlox.build/Debug-iphonesimulator/FocusBloxWidgetsExtension.build/Objects-normal/arm64/FocusBloxWidgetsExtension_dependency_info.dat --stringsdata-file /Users/hem/Library/Developer/Xcode/DerivedData/FocusBlox-awtxlldmubwqcwggsrfosewjcyoq/Build/Intermediates.noindex/FocusBlox.build/Debug-iphonesimulator/FocusBloxWidgetsExtension.build/Objects-normal/arm64/ExtractedAppShortcutsMetadata.stringsdata --source-file-list /Users/hem/Library/Developer/Xcode/DerivedData/FocusBlox-awtxlldmubwqcwggsrfosewjcyoq/Build/Intermediates.noindex/FocusBlox.build/Debug-iphonesimulator/FocusBloxWidgetsExtension.build/Objects-normal/arm64/FocusBloxWidgetsExtension.SwiftFileList --metadata-file-list /Users/hem/Library/Developer/Xcode/DerivedData/FocusBlox-awtxlldmubwqcwggsrfosewjcyoq/Build/Intermediates.noindex/FocusBlox.build/Debug-iphonesimulator/FocusBloxWidgetsExtension.build/FocusBloxWidgetsExtension.DependencyMetadataFileList --static-metadata-file-list /Users/hem/Library/Developer/Xcode/DerivedData/FocusBlox-awtxlldmubwqcwggsrfosewjcyoq/Build/Intermediates.noindex/FocusBlox.build/Debug-iphonesimulator/FocusBloxWidgetsExtension.build/FocusBloxWidgetsExtension.DependencyStaticMetadataFileList --swift-const-vals-list /Users/hem/Library/Developer/Xcode/DerivedData/FocusBlox-awtxlldmubwqcwggsrfosewjcyoq/Build/Intermediates.noindex/FocusBlox.build/Debug-iphonesimulator/FocusBloxWidgetsExtension.build/Objects-normal/arm64/FocusBloxWidgetsExtension.SwiftConstValuesFileList --compile-time-extraction --deployment-aware-processing --validate-assistant-intents --no-app-shortcuts-localization
2026-01-31 06:35:49.261 appintentsmetadataprocessor[46208:42767611] Starting appintentsmetadataprocessor export
2026-01-31 06:35:49.352 appintentsmetadataprocessor[46208:42767611] Writing Metadata.appintents
2026-01-31 06:35:49.352 appintentsmetadataprocessor[46208:42767611] Metadata root: /Users/hem/Library/Developer/Xcode/DerivedData/FocusBlox-awtxlldmubwqcwggsrfosewjcyoq/Build/Products/Debug-iphonesimulator/FocusBloxWidgetsExtension.appex/Metadata.appintents

RegisterExecutionPolicyException /Users/hem/Library/Developer/Xcode/DerivedData/FocusBlox-awtxlldmubwqcwggsrfosewjcyoq/Build/Products/Debug-iphonesimulator/FocusBloxWidgetsExtension.appex (in target 'FocusBloxWidgetsExtension' from project 'FocusBlox')
    cd /Users/hem/Documents/opt/my-daily-sprints
    builtin-RegisterExecutionPolicyException /Users/hem/Library/Developer/Xcode/DerivedData/FocusBlox-awtxlldmubwqcwggsrfosewjcyoq/Build/Products/Debug-iphonesimulator/FocusBloxWidgetsExtension.appex

Touch /Users/hem/Library/Developer/Xcode/DerivedData/FocusBlox-awtxlldmubwqcwggsrfosewjcyoq/Build/Products/Debug-iphonesimulator/FocusBloxWidgetsExtension.appex (in target 'FocusBloxWidgetsExtension' from project 'FocusBlox')
    cd /Users/hem/Documents/opt/my-daily-sprints
    /usr/bin/touch -c /Users/hem/Library/Developer/Xcode/DerivedData/FocusBlox-awtxlldmubwqcwggsrfosewjcyoq/Build/Products/Debug-iphonesimulator/FocusBloxWidgetsExtension.appex

Ld /Users/hem/Library/Developer/Xcode/DerivedData/FocusBlox-awtxlldmubwqcwggsrfosewjcyoq/Build/Products/Debug-iphonesimulator/FocusBlox.app/__preview.dylib normal (in target 'FocusBlox' from project 'FocusBlox')
    cd /Users/hem/Documents/opt/my-daily-sprints
    /Applications/Xcode.app/Contents/Developer/Toolchains/XcodeDefault.xctoolchain/usr/bin/clang -Xlinker -reproducible -target arm64-apple-ios26.2-simulator -dynamiclib -isysroot /Applications/Xcode.app/Contents/Developer/Platforms/iPhoneSimulator.platform/Developer/SDKs/iPhoneSimulator26.2.sdk -O0 -L/Users/hem/Library/Developer/Xcode/DerivedData/FocusBlox-awtxlldmubwqcwggsrfosewjcyoq/Build/Products/Debug-iphonesimulator -F/Users/hem/Library/Developer/Xcode/DerivedData/FocusBlox-awtxlldmubwqcwggsrfosewjcyoq/Build/Products/Debug-iphonesimulator -install_name @rpath/FocusBlox.debug.dylib -dead_strip -rdynamic -Xlinker -no_deduplicate -Xlinker -objc_abi_version -Xlinker 2 -Xlinker -debug_variant -Xlinker -dependency_info -Xlinker /Users/hem/Library/Developer/Xcode/DerivedData/FocusBlox-awtxlldmubwqcwggsrfosewjcyoq/Build/Intermediates.noindex/FocusBlox.build/Debug-iphonesimulator/FocusBlox.build/Objects-normal/arm64/FocusBlox_dependency_info.dat -o /Users/hem/Library/Developer/Xcode/DerivedData/FocusBlox-awtxlldmubwqcwggsrfosewjcyoq/Build/Products/Debug-iphonesimulator/FocusBlox.app/__preview.dylib

Ld /Users/hem/Library/Developer/Xcode/DerivedData/FocusBlox-awtxlldmubwqcwggsrfosewjcyoq/Build/Products/Debug-iphonesimulator/FocusBlox.app/FocusBlox.debug.dylib normal (in target 'FocusBlox' from project 'FocusBlox')
    cd /Users/hem/Documents/opt/my-daily-sprints
    /Applications/Xcode.app/Contents/Developer/Toolchains/XcodeDefault.xctoolchain/usr/bin/clang -Xlinker -reproducible -target arm64-apple-ios26.2-simulator -dynamiclib -isysroot /Applications/Xcode.app/Contents/Developer/Platforms/iPhoneSimulator.platform/Developer/SDKs/iPhoneSimulator26.2.sdk -O0 -L/Users/hem/Library/Developer/Xcode/DerivedData/FocusBlox-awtxlldmubwqcwggsrfosewjcyoq/Build/Intermediates.noindex/EagerLinkingTBDs/Debug-iphonesimulator -L/Users/hem/Library/Developer/Xcode/DerivedData/FocusBlox-awtxlldmubwqcwggsrfosewjcyoq/Build/Products/Debug-iphonesimulator -F/Users/hem/Library/Developer/Xcode/DerivedData/FocusBlox-awtxlldmubwqcwggsrfosewjcyoq/Build/Intermediates.noindex/EagerLinkingTBDs/Debug-iphonesimulator -F/Users/hem/Library/Developer/Xcode/DerivedData/FocusBlox-awtxlldmubwqcwggsrfosewjcyoq/Build/Products/Debug-iphonesimulator -filelist /Users/hem/Library/Developer/Xcode/DerivedData/FocusBlox-awtxlldmubwqcwggsrfosewjcyoq/Build/Intermediates.noindex/FocusBlox.build/Debug-iphonesimulator/FocusBlox.build/Objects-normal/arm64/FocusBlox.LinkFileList -install_name @rpath/FocusBlox.debug.dylib -Xlinker -rpath -Xlinker @executable_path/Frameworks -dead_strip -Xlinker -object_path_lto -Xlinker /Users/hem/Library/Developer/Xcode/DerivedData/FocusBlox-awtxlldmubwqcwggsrfosewjcyoq/Build/Intermediates.noindex/FocusBlox.build/Debug-iphonesimulator/FocusBlox.build/Objects-normal/arm64/FocusBlox_lto.o -rdynamic -Xlinker -no_deduplicate -Xlinker -objc_abi_version -Xlinker 2 -Xlinker -debug_variant -Xlinker -dependency_info -Xlinker /Users/hem/Library/Developer/Xcode/DerivedData/FocusBlox-awtxlldmubwqcwggsrfosewjcyoq/Build/Intermediates.noindex/FocusBlox.build/Debug-iphonesimulator/FocusBlox.build/Objects-normal/arm64/FocusBlox_dependency_info.dat -fobjc-link-runtime -fprofile-instr-generate -L/Applications/Xcode.app/Contents/Developer/Toolchains/XcodeDefault.xctoolchain/usr/lib/swift/iphonesimulator -L/usr/lib/swift -Xlinker -add_ast_path -Xlinker /Users/hem/Library/Developer/Xcode/DerivedData/FocusBlox-awtxlldmubwqcwggsrfosewjcyoq/Build/Intermediates.noindex/FocusBlox.build/Debug-iphonesimulator/FocusBlox.build/Objects-normal/arm64/FocusBlox.swiftmodule @/Users/hem/Library/Developer/Xcode/DerivedData/FocusBlox-awtxlldmubwqcwggsrfosewjcyoq/Build/Intermediates.noindex/FocusBlox.build/Debug-iphonesimulator/FocusBlox.build/Objects-normal/arm64/FocusBlox-linker-args.resp -Xlinker -alias -Xlinker _main -Xlinker ___debug_main_executable_dylib_entry_point -framework FocusBloxCore -o /Users/hem/Library/Developer/Xcode/DerivedData/FocusBlox-awtxlldmubwqcwggsrfosewjcyoq/Build/Products/Debug-iphonesimulator/FocusBlox.app/FocusBlox.debug.dylib

Copy /Users/hem/Library/Developer/Xcode/DerivedData/FocusBlox-awtxlldmubwqcwggsrfosewjcyoq/Build/Products/Debug-iphonesimulator/FocusBlox.app/Frameworks/libXCTestSwiftSupport.dylib /Applications/Xcode.app/Contents/Developer/Platforms/iPhoneSimulator.platform/Developer/usr/lib/libXCTestSwiftSupport.dylib (in target 'FocusBlox' from project 'FocusBlox')
    cd /Users/hem/Documents/opt/my-daily-sprints
    builtin-copy -exclude .DS_Store -exclude CVS -exclude .svn -exclude .git -exclude .hg -exclude Headers -exclude PrivateHeaders -exclude Modules -exclude \*.tbd -resolve-src-symlinks /Applications/Xcode.app/Contents/Developer/Platforms/iPhoneSimulator.platform/Developer/usr/lib/libXCTestSwiftSupport.dylib /Users/hem/Library/Developer/Xcode/DerivedData/FocusBlox-awtxlldmubwqcwggsrfosewjcyoq/Build/Products/Debug-iphonesimulator/FocusBlox.app/Frameworks

Copy /Users/hem/Library/Developer/Xcode/DerivedData/FocusBlox-awtxlldmubwqcwggsrfosewjcyoq/Build/Products/Debug-iphonesimulator/FocusBlox.app/Frameworks/libXCTestBundleInject.dylib /Applications/Xcode.app/Contents/Developer/Platforms/iPhoneSimulator.platform/Developer/usr/lib/libXCTestBundleInject.dylib (in target 'FocusBlox' from project 'FocusBlox')
    cd /Users/hem/Documents/opt/my-daily-sprints
    builtin-copy -exclude .DS_Store -exclude CVS -exclude .svn -exclude .git -exclude .hg -exclude Headers -exclude PrivateHeaders -exclude Modules -exclude \*.tbd -resolve-src-symlinks /Applications/Xcode.app/Contents/Developer/Platforms/iPhoneSimulator.platform/Developer/usr/lib/libXCTestBundleInject.dylib /Users/hem/Library/Developer/Xcode/DerivedData/FocusBlox-awtxlldmubwqcwggsrfosewjcyoq/Build/Products/Debug-iphonesimulator/FocusBlox.app/Frameworks

Copy /Users/hem/Library/Developer/Xcode/DerivedData/FocusBlox-awtxlldmubwqcwggsrfosewjcyoq/Build/Products/Debug-iphonesimulator/FocusBlox.app/Frameworks/XCUnit.framework /Applications/Xcode.app/Contents/Developer/Platforms/iPhoneSimulator.platform/Developer/Library/PrivateFrameworks/XCUnit.framework (in target 'FocusBlox' from project 'FocusBlox')
    cd /Users/hem/Documents/opt/my-daily-sprints
    builtin-copy -exclude .DS_Store -exclude CVS -exclude .svn -exclude .git -exclude .hg -exclude Headers -exclude PrivateHeaders -exclude Modules -exclude \*.tbd -resolve-src-symlinks /Applications/Xcode.app/Contents/Developer/Platforms/iPhoneSimulator.platform/Developer/Library/PrivateFrameworks/XCUnit.framework /Users/hem/Library/Developer/Xcode/DerivedData/FocusBlox-awtxlldmubwqcwggsrfosewjcyoq/Build/Products/Debug-iphonesimulator/FocusBlox.app/Frameworks

Copy /Users/hem/Library/Developer/Xcode/DerivedData/FocusBlox-awtxlldmubwqcwggsrfosewjcyoq/Build/Products/Debug-iphonesimulator/FocusBlox.app/Frameworks/XCUIAutomation.framework /Applications/Xcode.app/Contents/Developer/Platforms/iPhoneSimulator.platform/Developer/Library/Frameworks/XCUIAutomation.framework (in target 'FocusBlox' from project 'FocusBlox')
    cd /Users/hem/Documents/opt/my-daily-sprints
    builtin-copy -exclude .DS_Store -exclude CVS -exclude .svn -exclude .git -exclude .hg -exclude Headers -exclude PrivateHeaders -exclude Modules -exclude \*.tbd -resolve-src-symlinks /Applications/Xcode.app/Contents/Developer/Platforms/iPhoneSimulator.platform/Developer/Library/Frameworks/XCUIAutomation.framework /Users/hem/Library/Developer/Xcode/DerivedData/FocusBlox-awtxlldmubwqcwggsrfosewjcyoq/Build/Products/Debug-iphonesimulator/FocusBlox.app/Frameworks

Copy /Users/hem/Library/Developer/Xcode/DerivedData/FocusBlox-awtxlldmubwqcwggsrfosewjcyoq/Build/Products/Debug-iphonesimulator/FocusBlox.app/Frameworks/XCTestSupport.framework /Applications/Xcode.app/Contents/Developer/Platforms/iPhoneSimulator.platform/Developer/Library/PrivateFrameworks/XCTestSupport.framework (in target 'FocusBlox' from project 'FocusBlox')
    cd /Users/hem/Documents/opt/my-daily-sprints
    builtin-copy -exclude .DS_Store -exclude CVS -exclude .svn -exclude .git -exclude .hg -exclude Headers -exclude PrivateHeaders -exclude Modules -exclude \*.tbd -resolve-src-symlinks /Applications/Xcode.app/Contents/Developer/Platforms/iPhoneSimulator.platform/Developer/Library/PrivateFrameworks/XCTestSupport.framework /Users/hem/Library/Developer/Xcode/DerivedData/FocusBlox-awtxlldmubwqcwggsrfosewjcyoq/Build/Products/Debug-iphonesimulator/FocusBlox.app/Frameworks

Copy /Users/hem/Library/Developer/Xcode/DerivedData/FocusBlox-awtxlldmubwqcwggsrfosewjcyoq/Build/Products/Debug-iphonesimulator/FocusBlox.app/Frameworks/XCTestCore.framework /Applications/Xcode.app/Contents/Developer/Platforms/iPhoneSimulator.platform/Developer/Library/PrivateFrameworks/XCTestCore.framework (in target 'FocusBlox' from project 'FocusBlox')
    cd /Users/hem/Documents/opt/my-daily-sprints
    builtin-copy -exclude .DS_Store -exclude CVS -exclude .svn -exclude .git -exclude .hg -exclude Headers -exclude PrivateHeaders -exclude Modules -exclude \*.tbd -resolve-src-symlinks /Applications/Xcode.app/Contents/Developer/Platforms/iPhoneSimulator.platform/Developer/Library/PrivateFrameworks/XCTestCore.framework /Users/hem/Library/Developer/Xcode/DerivedData/FocusBlox-awtxlldmubwqcwggsrfosewjcyoq/Build/Products/Debug-iphonesimulator/FocusBlox.app/Frameworks

Copy /Users/hem/Library/Developer/Xcode/DerivedData/FocusBlox-awtxlldmubwqcwggsrfosewjcyoq/Build/Products/Debug-iphonesimulator/FocusBlox.app/Frameworks/XCTest.framework /Applications/Xcode.app/Contents/Developer/Platforms/iPhoneSimulator.platform/Developer/Library/Frameworks/XCTest.framework (in target 'FocusBlox' from project 'FocusBlox')
    cd /Users/hem/Documents/opt/my-daily-sprints
    builtin-copy -exclude .DS_Store -exclude CVS -exclude .svn -exclude .git -exclude .hg -exclude Headers -exclude PrivateHeaders -exclude Modules -exclude \*.tbd -resolve-src-symlinks /Applications/Xcode.app/Contents/Developer/Platforms/iPhoneSimulator.platform/Developer/Library/Frameworks/XCTest.framework /Users/hem/Library/Developer/Xcode/DerivedData/FocusBlox-awtxlldmubwqcwggsrfosewjcyoq/Build/Products/Debug-iphonesimulator/FocusBlox.app/Frameworks

Copy /Users/hem/Library/Developer/Xcode/DerivedData/FocusBlox-awtxlldmubwqcwggsrfosewjcyoq/Build/Products/Debug-iphonesimulator/FocusBlox.app/Frameworks/XCTAutomationSupport.framework /Applications/Xcode.app/Contents/Developer/Platforms/iPhoneSimulator.platform/Developer/Library/PrivateFrameworks/XCTAutomationSupport.framework (in target 'FocusBlox' from project 'FocusBlox')
    cd /Users/hem/Documents/opt/my-daily-sprints
    builtin-copy -exclude .DS_Store -exclude CVS -exclude .svn -exclude .git -exclude .hg -exclude Headers -exclude PrivateHeaders -exclude Modules -exclude \*.tbd -resolve-src-symlinks /Applications/Xcode.app/Contents/Developer/Platforms/iPhoneSimulator.platform/Developer/Library/PrivateFrameworks/XCTAutomationSupport.framework /Users/hem/Library/Developer/Xcode/DerivedData/FocusBlox-awtxlldmubwqcwggsrfosewjcyoq/Build/Products/Debug-iphonesimulator/FocusBlox.app/Frameworks

Copy /Users/hem/Library/Developer/Xcode/DerivedData/FocusBlox-awtxlldmubwqcwggsrfosewjcyoq/Build/Products/Debug-iphonesimulator/FocusBlox.app/Frameworks/Testing.framework /Applications/Xcode.app/Contents/Developer/Platforms/iPhoneSimulator.platform/Developer/Library/Frameworks/Testing.framework (in target 'FocusBlox' from project 'FocusBlox')
    cd /Users/hem/Documents/opt/my-daily-sprints
    builtin-copy -exclude .DS_Store -exclude CVS -exclude .svn -exclude .git -exclude .hg -exclude Headers -exclude PrivateHeaders -exclude Modules -exclude \*.tbd -resolve-src-symlinks /Applications/Xcode.app/Contents/Developer/Platforms/iPhoneSimulator.platform/Developer/Library/Frameworks/Testing.framework /Users/hem/Library/Developer/Xcode/DerivedData/FocusBlox-awtxlldmubwqcwggsrfosewjcyoq/Build/Products/Debug-iphonesimulator/FocusBlox.app/Frameworks

SwiftDriverJobDiscovery normal arm64 Emitting module for FocusBloxUITests (in target 'FocusBloxUITests' from project 'FocusBlox')

SwiftDriver\ Compilation\ Requirements FocusBloxUITests normal arm64 com.apple.xcode.tools.swift.compiler (in target 'FocusBloxUITests' from project 'FocusBlox')
    cd /Users/hem/Documents/opt/my-daily-sprints
    builtin-Swift-Compilation-Requirements -- /Applications/Xcode.app/Contents/Developer/Toolchains/XcodeDefault.xctoolchain/usr/bin/swiftc -module-name FocusBloxUITests -Onone -enforce-exclusivity\=checked @/Users/hem/Library/Developer/Xcode/DerivedData/FocusBlox-awtxlldmubwqcwggsrfosewjcyoq/Build/Intermediates.noindex/FocusBlox.build/Debug-iphonesimulator/FocusBloxUITests.build/Objects-normal/arm64/FocusBloxUITests.SwiftFileList -DDEBUG -module-alias Testing\=_Testing_Unavailable -plugin-path /Applications/Xcode.app/Contents/Developer/Toolchains/XcodeDefault.xctoolchain/usr/lib/swift/host/plugins/testing -enable-experimental-feature DebugDescriptionMacro -sdk /Applications/Xcode.app/Contents/Developer/Platforms/iPhoneSimulator.platform/Developer/SDKs/iPhoneSimulator26.2.sdk -target arm64-apple-ios26.2-simulator -g -module-cache-path /Users/hem/Library/Developer/Xcode/DerivedData/ModuleCache.noindex -Xfrontend -serialize-debugging-options -profile-coverage-mapping -profile-generate -enable-testing -index-store-path /Users/hem/Library/Developer/Xcode/DerivedData/FocusBlox-awtxlldmubwqcwggsrfosewjcyoq/Index.noindex/DataStore -Xcc -D_LIBCPP_HARDENING_MODE\=_LIBCPP_HARDENING_MODE_DEBUG -swift-version 6 -I /Users/hem/Library/Developer/Xcode/DerivedData/FocusBlox-awtxlldmubwqcwggsrfosewjcyoq/Build/Products/Debug-iphonesimulator -Isystem /Applications/Xcode.app/Contents/Developer/Platforms/iPhoneSimulator.platform/Developer/usr/lib -F /Users/hem/Library/Developer/Xcode/DerivedData/FocusBlox-awtxlldmubwqcwggsrfosewjcyoq/Build/Products/Debug-iphonesimulator -F /Applications/Xcode.app/Contents/Developer/Platforms/iPhoneSimulator.platform/Developer/Library/Frameworks -F /Applications/Xcode.app/Contents/Developer/Platforms/iPhoneSimulator.platform/Developer/SDKs/iPhoneSimulator26.2.sdk/Developer/Library/Frameworks -c -j10 -enable-batch-mode -incremental -Xcc -ivfsstatcache -Xcc /Users/hem/Library/Developer/Xcode/DerivedData/SDKStatCaches.noindex/iphonesimulator26.2-23C53-7d00a8b37fbd7999ea79df8ebc024bf0.sdkstatcache -output-file-map /Users/hem/Library/Developer/Xcode/DerivedData/FocusBlox-awtxlldmubwqcwggsrfosewjcyoq/Build/Intermediates.noindex/FocusBlox.build/Debug-iphonesimulator/FocusBloxUITests.build/Objects-normal/arm64/FocusBloxUITests-OutputFileMap.json -use-frontend-parseable-output -save-temps -no-color-diagnostics -explicit-module-build -module-cache-path /Users/hem/Library/Developer/Xcode/DerivedData/FocusBlox-awtxlldmubwqcwggsrfosewjcyoq/Build/Intermediates.noindex/SwiftExplicitPrecompiledModules -clang-scanner-module-cache-path /Users/hem/Library/Developer/Xcode/DerivedData/ModuleCache.noindex -sdk-module-cache-path /Users/hem/Library/Developer/Xcode/DerivedData/ModuleCache.noindex -serialize-diagnostics -emit-dependencies -emit-module -emit-module-path /Users/hem/Library/Developer/Xcode/DerivedData/FocusBlox-awtxlldmubwqcwggsrfosewjcyoq/Build/Intermediates.noindex/FocusBlox.build/Debug-iphonesimulator/FocusBloxUITests.build/Objects-normal/arm64/FocusBloxUITests.swiftmodule -validate-clang-modules-once -clang-build-session-file /Users/hem/Library/Developer/Xcode/DerivedData/ModuleCache.noindex/Session.modulevalidation -Xcc -I/Users/hem/Library/Developer/Xcode/DerivedData/FocusBlox-awtxlldmubwqcwggsrfosewjcyoq/Build/Intermediates.noindex/FocusBlox.build/Debug-iphonesimulator/FocusBloxUITests.build/swift-overrides.hmap -emit-const-values -Xfrontend -const-gather-protocols-file -Xfrontend /Users/hem/Library/Developer/Xcode/DerivedData/FocusBlox-awtxlldmubwqcwggsrfosewjcyoq/Build/Intermediates.noindex/FocusBlox.build/Debug-iphonesimulator/FocusBloxUITests.build/Objects-normal/arm64/FocusBloxUITests_const_extract_protocols.json -Xcc -iquote -Xcc /Users/hem/Library/Developer/Xcode/DerivedData/FocusBlox-awtxlldmubwqcwggsrfosewjcyoq/Build/Intermediates.noindex/FocusBlox.build/Debug-iphonesimulator/FocusBloxUITests.build/FocusBloxUITests-generated-files.hmap -Xcc -I/Users/hem/Library/Developer/Xcode/DerivedData/FocusBlox-awtxlldmubwqcwggsrfosewjcyoq/Build/Intermediates.noindex/FocusBlox.build/Debug-iphonesimulator/FocusBloxUITests.build/FocusBloxUITests-own-target-headers.hmap -Xcc -I/Users/hem/Library/Developer/Xcode/DerivedData/FocusBlox-awtxlldmubwqcwggsrfosewjcyoq/Build/Intermediates.noindex/FocusBlox.build/Debug-iphonesimulator/FocusBloxUITests.build/FocusBloxUITests-all-target-headers.hmap -Xcc -iquote -Xcc /Users/hem/Library/Developer/Xcode/DerivedData/FocusBlox-awtxlldmubwqcwggsrfosewjcyoq/Build/Intermediates.noindex/FocusBlox.build/Debug-iphonesimulator/FocusBloxUITests.build/FocusBloxUITests-project-headers.hmap -Xcc -I/Users/hem/Library/Developer/Xcode/DerivedData/FocusBlox-awtxlldmubwqcwggsrfosewjcyoq/Build/Products/Debug-iphonesimulator/include -Xcc -I/Users/hem/Library/Developer/Xcode/DerivedData/FocusBlox-awtxlldmubwqcwggsrfosewjcyoq/Build/Intermediates.noindex/FocusBlox.build/Debug-iphonesimulator/FocusBloxUITests.build/DerivedSources-normal/arm64 -Xcc -I/Users/hem/Library/Developer/Xcode/DerivedData/FocusBlox-awtxlldmubwqcwggsrfosewjcyoq/Build/Intermediates.noindex/FocusBlox.build/Debug-iphonesimulator/FocusBloxUITests.build/DerivedSources/arm64 -Xcc -I/Users/hem/Library/Developer/Xcode/DerivedData/FocusBlox-awtxlldmubwqcwggsrfosewjcyoq/Build/Intermediates.noindex/FocusBlox.build/Debug-iphonesimulator/FocusBloxUITests.build/DerivedSources -Xcc -DDEBUG\=1 -emit-objc-header -emit-objc-header-path /Users/hem/Library/Developer/Xcode/DerivedData/FocusBlox-awtxlldmubwqcwggsrfosewjcyoq/Build/Intermediates.noindex/FocusBlox.build/Debug-iphonesimulator/FocusBloxUITests.build/Objects-normal/arm64/FocusBloxUITests-Swift.h -working-directory /Users/hem/Documents/opt/my-daily-sprints -experimental-emit-module-separately -disable-cmo

Copy /Users/hem/Library/Developer/Xcode/DerivedData/FocusBlox-awtxlldmubwqcwggsrfosewjcyoq/Build/Products/Debug-iphonesimulator/FocusBloxUITests.swiftmodule/arm64-apple-ios-simulator.swiftdoc /Users/hem/Library/Developer/Xcode/DerivedData/FocusBlox-awtxlldmubwqcwggsrfosewjcyoq/Build/Intermediates.noindex/FocusBlox.build/Debug-iphonesimulator/FocusBloxUITests.build/Objects-normal/arm64/FocusBloxUITests.swiftdoc (in target 'FocusBloxUITests' from project 'FocusBlox')
    cd /Users/hem/Documents/opt/my-daily-sprints
    builtin-copy -exclude .DS_Store -exclude CVS -exclude .svn -exclude .git -exclude .hg -resolve-src-symlinks -rename /Users/hem/Library/Developer/Xcode/DerivedData/FocusBlox-awtxlldmubwqcwggsrfosewjcyoq/Build/Intermediates.noindex/FocusBlox.build/Debug-iphonesimulator/FocusBloxUITests.build/Objects-normal/arm64/FocusBloxUITests.swiftdoc /Users/hem/Library/Developer/Xcode/DerivedData/FocusBlox-awtxlldmubwqcwggsrfosewjcyoq/Build/Products/Debug-iphonesimulator/FocusBloxUITests.swiftmodule/arm64-apple-ios-simulator.swiftdoc

Copy /Users/hem/Library/Developer/Xcode/DerivedData/FocusBlox-awtxlldmubwqcwggsrfosewjcyoq/Build/Products/Debug-iphonesimulator/FocusBloxUITests.swiftmodule/arm64-apple-ios-simulator.abi.json /Users/hem/Library/Developer/Xcode/DerivedData/FocusBlox-awtxlldmubwqcwggsrfosewjcyoq/Build/Intermediates.noindex/FocusBlox.build/Debug-iphonesimulator/FocusBloxUITests.build/Objects-normal/arm64/FocusBloxUITests.abi.json (in target 'FocusBloxUITests' from project 'FocusBlox')
    cd /Users/hem/Documents/opt/my-daily-sprints
    builtin-copy -exclude .DS_Store -exclude CVS -exclude .svn -exclude .git -exclude .hg -resolve-src-symlinks -rename /Users/hem/Library/Developer/Xcode/DerivedData/FocusBlox-awtxlldmubwqcwggsrfosewjcyoq/Build/Intermediates.noindex/FocusBlox.build/Debug-iphonesimulator/FocusBloxUITests.build/Objects-normal/arm64/FocusBloxUITests.abi.json /Users/hem/Library/Developer/Xcode/DerivedData/FocusBlox-awtxlldmubwqcwggsrfosewjcyoq/Build/Products/Debug-iphonesimulator/FocusBloxUITests.swiftmodule/arm64-apple-ios-simulator.abi.json

Copy /Users/hem/Library/Developer/Xcode/DerivedData/FocusBlox-awtxlldmubwqcwggsrfosewjcyoq/Build/Products/Debug-iphonesimulator/FocusBloxUITests.swiftmodule/Project/arm64-apple-ios-simulator.swiftsourceinfo /Users/hem/Library/Developer/Xcode/DerivedData/FocusBlox-awtxlldmubwqcwggsrfosewjcyoq/Build/Intermediates.noindex/FocusBlox.build/Debug-iphonesimulator/FocusBloxUITests.build/Objects-normal/arm64/FocusBloxUITests.swiftsourceinfo (in target 'FocusBloxUITests' from project 'FocusBlox')
    cd /Users/hem/Documents/opt/my-daily-sprints
    builtin-copy -exclude .DS_Store -exclude CVS -exclude .svn -exclude .git -exclude .hg -resolve-src-symlinks -rename /Users/hem/Library/Developer/Xcode/DerivedData/FocusBlox-awtxlldmubwqcwggsrfosewjcyoq/Build/Intermediates.noindex/FocusBlox.build/Debug-iphonesimulator/FocusBloxUITests.build/Objects-normal/arm64/FocusBloxUITests.swiftsourceinfo /Users/hem/Library/Developer/Xcode/DerivedData/FocusBlox-awtxlldmubwqcwggsrfosewjcyoq/Build/Products/Debug-iphonesimulator/FocusBloxUITests.swiftmodule/Project/arm64-apple-ios-simulator.swiftsourceinfo

Copy /Users/hem/Library/Developer/Xcode/DerivedData/FocusBlox-awtxlldmubwqcwggsrfosewjcyoq/Build/Products/Debug-iphonesimulator/FocusBloxUITests.swiftmodule/arm64-apple-ios-simulator.swiftmodule /Users/hem/Library/Developer/Xcode/DerivedData/FocusBlox-awtxlldmubwqcwggsrfosewjcyoq/Build/Intermediates.noindex/FocusBlox.build/Debug-iphonesimulator/FocusBloxUITests.build/Objects-normal/arm64/FocusBloxUITests.swiftmodule (in target 'FocusBloxUITests' from project 'FocusBlox')
    cd /Users/hem/Documents/opt/my-daily-sprints
    builtin-copy -exclude .DS_Store -exclude CVS -exclude .svn -exclude .git -exclude .hg -resolve-src-symlinks -rename /Users/hem/Library/Developer/Xcode/DerivedData/FocusBlox-awtxlldmubwqcwggsrfosewjcyoq/Build/Intermediates.noindex/FocusBlox.build/Debug-iphonesimulator/FocusBloxUITests.build/Objects-normal/arm64/FocusBloxUITests.swiftmodule /Users/hem/Library/Developer/Xcode/DerivedData/FocusBlox-awtxlldmubwqcwggsrfosewjcyoq/Build/Products/Debug-iphonesimulator/FocusBloxUITests.swiftmodule/arm64-apple-ios-simulator.swiftmodule

ConstructStubExecutorLinkFileList /Users/hem/Library/Developer/Xcode/DerivedData/FocusBlox-awtxlldmubwqcwggsrfosewjcyoq/Build/Intermediates.noindex/FocusBlox.build/Debug-iphonesimulator/FocusBlox.build/FocusBlox-ExecutorLinkFileList-normal-arm64.txt (in target 'FocusBlox' from project 'FocusBlox')
    cd /Users/hem/Documents/opt/my-daily-sprints
    construct-stub-executor-link-file-list /Users/hem/Library/Developer/Xcode/DerivedData/FocusBlox-awtxlldmubwqcwggsrfosewjcyoq/Build/Products/Debug-iphonesimulator/FocusBlox.app/FocusBlox.debug.dylib /Applications/Xcode.app/Contents/Developer/Platforms/iPhoneSimulator.platform/Developer/usr/lib/libPreviewsJITStubExecutor_no_swift_entry_point.a /Applications/Xcode.app/Contents/Developer/Platforms/iPhoneSimulator.platform/Developer/usr/lib/libPreviewsJITStubExecutor.a --output /Users/hem/Library/Developer/Xcode/DerivedData/FocusBlox-awtxlldmubwqcwggsrfosewjcyoq/Build/Intermediates.noindex/FocusBlox.build/Debug-iphonesimulator/FocusBlox.build/FocusBlox-ExecutorLinkFileList-normal-arm64.txt
note: Using stub executor library with Swift entry point. (in target 'FocusBlox' from project 'FocusBlox')

Ld /Users/hem/Library/Developer/Xcode/DerivedData/FocusBlox-awtxlldmubwqcwggsrfosewjcyoq/Build/Products/Debug-iphonesimulator/FocusBlox.app/FocusBlox normal (in target 'FocusBlox' from project 'FocusBlox')
    cd /Users/hem/Documents/opt/my-daily-sprints
    /Applications/Xcode.app/Contents/Developer/Toolchains/XcodeDefault.xctoolchain/usr/bin/clang -Xlinker -reproducible -target arm64-apple-ios26.2-simulator -isysroot /Applications/Xcode.app/Contents/Developer/Platforms/iPhoneSimulator.platform/Developer/SDKs/iPhoneSimulator26.2.sdk -O0 -L/Users/hem/Library/Developer/Xcode/DerivedData/FocusBlox-awtxlldmubwqcwggsrfosewjcyoq/Build/Products/Debug-iphonesimulator -F/Users/hem/Library/Developer/Xcode/DerivedData/FocusBlox-awtxlldmubwqcwggsrfosewjcyoq/Build/Products/Debug-iphonesimulator -Xlinker -rpath -Xlinker @executable_path -Xlinker -rpath -Xlinker @executable_path/Frameworks -rdynamic -Xlinker -no_deduplicate -Xlinker -objc_abi_version -Xlinker 2 -Xlinker -debug_variant -e ___debug_blank_executor_main -Xlinker -sectcreate -Xlinker __TEXT -Xlinker __debug_dylib -Xlinker /Users/hem/Library/Developer/Xcode/DerivedData/FocusBlox-awtxlldmubwqcwggsrfosewjcyoq/Build/Intermediates.noindex/FocusBlox.build/Debug-iphonesimulator/FocusBlox.build/FocusBlox-DebugDylibPath-normal-arm64.txt -Xlinker -sectcreate -Xlinker __TEXT -Xlinker __debug_instlnm -Xlinker /Users/hem/Library/Developer/Xcode/DerivedData/FocusBlox-awtxlldmubwqcwggsrfosewjcyoq/Build/Intermediates.noindex/FocusBlox.build/Debug-iphonesimulator/FocusBlox.build/FocusBlox-DebugDylibInstallName-normal-arm64.txt -Xlinker -filelist -Xlinker /Users/hem/Library/Developer/Xcode/DerivedData/FocusBlox-awtxlldmubwqcwggsrfosewjcyoq/Build/Intermediates.noindex/FocusBlox.build/Debug-iphonesimulator/FocusBlox.build/FocusBlox-ExecutorLinkFileList-normal-arm64.txt /Users/hem/Library/Developer/Xcode/DerivedData/FocusBlox-awtxlldmubwqcwggsrfosewjcyoq/Build/Products/Debug-iphonesimulator/FocusBlox.app/FocusBlox.debug.dylib -o /Users/hem/Library/Developer/Xcode/DerivedData/FocusBlox-awtxlldmubwqcwggsrfosewjcyoq/Build/Products/Debug-iphonesimulator/FocusBlox.app/FocusBlox

Copy /Users/hem/Library/Developer/Xcode/DerivedData/FocusBlox-awtxlldmubwqcwggsrfosewjcyoq/Build/Products/Debug-iphonesimulator/FocusBlox.app/PlugIns/FocusBloxWidgetsExtension.appex /Users/hem/Library/Developer/Xcode/DerivedData/FocusBlox-awtxlldmubwqcwggsrfosewjcyoq/Build/Products/Debug-iphonesimulator/FocusBloxWidgetsExtension.appex (in target 'FocusBlox' from project 'FocusBlox')
    cd /Users/hem/Documents/opt/my-daily-sprints
    builtin-copy -exclude .DS_Store -exclude CVS -exclude .svn -exclude .git -exclude .hg -exclude Headers -exclude PrivateHeaders -exclude Modules -exclude \*.tbd -resolve-src-symlinks -remove-static-executable /Users/hem/Library/Developer/Xcode/DerivedData/FocusBlox-awtxlldmubwqcwggsrfosewjcyoq/Build/Products/Debug-iphonesimulator/FocusBloxWidgetsExtension.appex /Users/hem/Library/Developer/Xcode/DerivedData/FocusBlox-awtxlldmubwqcwggsrfosewjcyoq/Build/Products/Debug-iphonesimulator/FocusBlox.app/PlugIns

Copy /Users/hem/Library/Developer/Xcode/DerivedData/FocusBlox-awtxlldmubwqcwggsrfosewjcyoq/Build/Products/Debug-iphonesimulator/FocusBlox.app/Frameworks/FocusBloxCore.framework /Users/hem/Library/Developer/Xcode/DerivedData/FocusBlox-awtxlldmubwqcwggsrfosewjcyoq/Build/Products/Debug-iphonesimulator/FocusBloxCore.framework (in target 'FocusBlox' from project 'FocusBlox')
    cd /Users/hem/Documents/opt/my-daily-sprints
    builtin-copy -exclude .DS_Store -exclude CVS -exclude .svn -exclude .git -exclude .hg -exclude Headers -exclude PrivateHeaders -exclude Modules -exclude \*.tbd -resolve-src-symlinks -remove-static-executable /Users/hem/Library/Developer/Xcode/DerivedData/FocusBlox-awtxlldmubwqcwggsrfosewjcyoq/Build/Products/Debug-iphonesimulator/FocusBloxCore.framework /Users/hem/Library/Developer/Xcode/DerivedData/FocusBlox-awtxlldmubwqcwggsrfosewjcyoq/Build/Products/Debug-iphonesimulator/FocusBlox.app/Frameworks

ProcessInfoPlistFile /Users/hem/Library/Developer/Xcode/DerivedData/FocusBlox-awtxlldmubwqcwggsrfosewjcyoq/Build/Products/Debug-iphonesimulator/FocusBlox.app/Info.plist /Users/hem/Documents/opt/my-daily-sprints/Resources/Info.plist (in target 'FocusBlox' from project 'FocusBlox')
    cd /Users/hem/Documents/opt/my-daily-sprints
    builtin-infoPlistUtility /Users/hem/Documents/opt/my-daily-sprints/Resources/Info.plist -producttype com.apple.product-type.application -genpkginfo /Users/hem/Library/Developer/Xcode/DerivedData/FocusBlox-awtxlldmubwqcwggsrfosewjcyoq/Build/Products/Debug-iphonesimulator/FocusBlox.app/PkgInfo -expandbuildsettings -format binary -platform iphonesimulator -additionalcontentfile /Users/hem/Library/Developer/Xcode/DerivedData/FocusBlox-awtxlldmubwqcwggsrfosewjcyoq/Build/Intermediates.noindex/FocusBlox.build/Debug-iphonesimulator/FocusBlox.build/assetcatalog_generated_info.plist -scanforprivacyfile /Users/hem/Library/Developer/Xcode/DerivedData/FocusBlox-awtxlldmubwqcwggsrfosewjcyoq/Build/Products/Debug-iphonesimulator/FocusBlox.app/Frameworks/FocusBloxCore.framework -scanforprivacyfile /Users/hem/Library/Developer/Xcode/DerivedData/FocusBlox-awtxlldmubwqcwggsrfosewjcyoq/Build/Products/Debug-iphonesimulator/FocusBlox.app/PlugIns/FocusBloxWidgetsExtension.appex -o /Users/hem/Library/Developer/Xcode/DerivedData/FocusBlox-awtxlldmubwqcwggsrfosewjcyoq/Build/Products/Debug-iphonesimulator/FocusBlox.app/Info.plist
warning: 'UIRequiresFullScreen' has been deprecated starting in iOS 26.0 and will be ignored in a future release. See the UIRequiresFullScreen documentation for more details. (in target 'FocusBlox' from project 'FocusBlox')

CopySwiftLibs /Users/hem/Library/Developer/Xcode/DerivedData/FocusBlox-awtxlldmubwqcwggsrfosewjcyoq/Build/Products/Debug-iphonesimulator/FocusBlox.app (in target 'FocusBlox' from project 'FocusBlox')
    cd /Users/hem/Documents/opt/my-daily-sprints
    builtin-swiftStdLibTool --copy --verbose --scan-executable /Users/hem/Library/Developer/Xcode/DerivedData/FocusBlox-awtxlldmubwqcwggsrfosewjcyoq/Build/Products/Debug-iphonesimulator/FocusBlox.app/FocusBlox.debug.dylib --scan-folder /Users/hem/Library/Developer/Xcode/DerivedData/FocusBlox-awtxlldmubwqcwggsrfosewjcyoq/Build/Products/Debug-iphonesimulator/FocusBlox.app/Frameworks --scan-folder /Users/hem/Library/Developer/Xcode/DerivedData/FocusBlox-awtxlldmubwqcwggsrfosewjcyoq/Build/Products/Debug-iphonesimulator/FocusBlox.app/PlugIns --scan-folder /Users/hem/Library/Developer/Xcode/DerivedData/FocusBlox-awtxlldmubwqcwggsrfosewjcyoq/Build/Products/Debug-iphonesimulator/FocusBlox.app/SystemExtensions --scan-folder /Users/hem/Library/Developer/Xcode/DerivedData/FocusBlox-awtxlldmubwqcwggsrfosewjcyoq/Build/Products/Debug-iphonesimulator/FocusBlox.app/Extensions --scan-folder /Users/hem/Library/Developer/Xcode/DerivedData/FocusBlox-awtxlldmubwqcwggsrfosewjcyoq/Build/Products/Debug-iphonesimulator/FocusBloxCore.framework --platform iphonesimulator --toolchain /Applications/Xcode.app/Contents/Developer/Toolchains/XcodeDefault.xctoolchain --destination /Users/hem/Library/Developer/Xcode/DerivedData/FocusBlox-awtxlldmubwqcwggsrfosewjcyoq/Build/Products/Debug-iphonesimulator/FocusBlox.app/Frameworks --strip-bitcode --strip-bitcode-tool /Applications/Xcode.app/Contents/Developer/Toolchains/XcodeDefault.xctoolchain/usr/bin/bitcode_strip --emit-dependency-info /Users/hem/Library/Developer/Xcode/DerivedData/FocusBlox-awtxlldmubwqcwggsrfosewjcyoq/Build/Intermediates.noindex/FocusBlox.build/Debug-iphonesimulator/FocusBlox.build/SwiftStdLibToolInputDependencies.dep --filter-for-swift-os
Ignoring --strip-bitcode because --sign was not passed

ExtractAppIntentsMetadata (in target 'FocusBlox' from project 'FocusBlox')
    cd /Users/hem/Documents/opt/my-daily-sprints
    /Applications/Xcode.app/Contents/Developer/Toolchains/XcodeDefault.xctoolchain/usr/bin/appintentsmetadataprocessor --toolchain-dir /Applications/Xcode.app/Contents/Developer/Toolchains/XcodeDefault.xctoolchain --module-name FocusBlox --sdk-root /Applications/Xcode.app/Contents/Developer/Platforms/iPhoneSimulator.platform/Developer/SDKs/iPhoneSimulator26.2.sdk --xcode-version 17C52 --platform-family iOS --deployment-target 26.2 --bundle-identifier com.henning.timebox --output /Users/hem/Library/Developer/Xcode/DerivedData/FocusBlox-awtxlldmubwqcwggsrfosewjcyoq/Build/Products/Debug-iphonesimulator/FocusBlox.app --target-triple arm64-apple-ios26.2-simulator --binary-file /Users/hem/Library/Developer/Xcode/DerivedData/FocusBlox-awtxlldmubwqcwggsrfosewjcyoq/Build/Products/Debug-iphonesimulator/FocusBlox.app/FocusBlox --dependency-file /Users/hem/Library/Developer/Xcode/DerivedData/FocusBlox-awtxlldmubwqcwggsrfosewjcyoq/Build/Intermediates.noindex/FocusBlox.build/Debug-iphonesimulator/FocusBlox.build/Objects-normal/arm64/FocusBlox_dependency_info.dat --stringsdata-file /Users/hem/Library/Developer/Xcode/DerivedData/FocusBlox-awtxlldmubwqcwggsrfosewjcyoq/Build/Intermediates.noindex/FocusBlox.build/Debug-iphonesimulator/FocusBlox.build/Objects-normal/arm64/ExtractedAppShortcutsMetadata.stringsdata --source-file-list /Users/hem/Library/Developer/Xcode/DerivedData/FocusBlox-awtxlldmubwqcwggsrfosewjcyoq/Build/Intermediates.noindex/FocusBlox.build/Debug-iphonesimulator/FocusBlox.build/Objects-normal/arm64/FocusBlox.SwiftFileList --metadata-file-list /Users/hem/Library/Developer/Xcode/DerivedData/FocusBlox-awtxlldmubwqcwggsrfosewjcyoq/Build/Intermediates.noindex/FocusBlox.build/Debug-iphonesimulator/FocusBlox.build/FocusBlox.DependencyMetadataFileList --static-metadata-file-list /Users/hem/Library/Developer/Xcode/DerivedData/FocusBlox-awtxlldmubwqcwggsrfosewjcyoq/Build/Intermediates.noindex/FocusBlox.build/Debug-iphonesimulator/FocusBlox.build/FocusBlox.DependencyStaticMetadataFileList --swift-const-vals-list /Users/hem/Library/Developer/Xcode/DerivedData/FocusBlox-awtxlldmubwqcwggsrfosewjcyoq/Build/Intermediates.noindex/FocusBlox.build/Debug-iphonesimulator/FocusBlox.build/Objects-normal/arm64/FocusBlox.SwiftConstValuesFileList --compile-time-extraction --deployment-aware-processing --validate-assistant-intents --no-app-shortcuts-localization
2026-01-31 06:35:49.718 appintentsmetadataprocessor[46217:42767668] Starting appintentsmetadataprocessor export
2026-01-31 06:35:49.833 appintentsmetadataprocessor[46217:42767668] Writing Metadata.appintents
2026-01-31 06:35:49.833 appintentsmetadataprocessor[46217:42767668] Metadata root: /Users/hem/Library/Developer/Xcode/DerivedData/FocusBlox-awtxlldmubwqcwggsrfosewjcyoq/Build/Products/Debug-iphonesimulator/FocusBlox.app/Metadata.appintents

ValidateEmbeddedBinary /Users/hem/Library/Developer/Xcode/DerivedData/FocusBlox-awtxlldmubwqcwggsrfosewjcyoq/Build/Products/Debug-iphonesimulator/FocusBlox.app/PlugIns/FocusBloxWidgetsExtension.appex (in target 'FocusBlox' from project 'FocusBlox')
    cd /Users/hem/Documents/opt/my-daily-sprints
    /Applications/Xcode.app/Contents/Developer/usr/bin/embeddedBinaryValidationUtility /Users/hem/Library/Developer/Xcode/DerivedData/FocusBlox-awtxlldmubwqcwggsrfosewjcyoq/Build/Products/Debug-iphonesimulator/FocusBlox.app/PlugIns/FocusBloxWidgetsExtension.appex -info-plist-path /Users/hem/Library/Developer/Xcode/DerivedData/FocusBlox-awtxlldmubwqcwggsrfosewjcyoq/Build/Products/Debug-iphonesimulator/FocusBlox.app/Info.plist

SwiftDriverJobDiscovery normal arm64 Compiling AssignTabBlockEditUITests.swift (in target 'FocusBloxUITests' from project 'FocusBlox')

SwiftDriver\ Compilation FocusBloxUITests normal arm64 com.apple.xcode.tools.swift.compiler (in target 'FocusBloxUITests' from project 'FocusBlox')
    cd /Users/hem/Documents/opt/my-daily-sprints
    builtin-Swift-Compilation -- /Applications/Xcode.app/Contents/Developer/Toolchains/XcodeDefault.xctoolchain/usr/bin/swiftc -module-name FocusBloxUITests -Onone -enforce-exclusivity\=checked @/Users/hem/Library/Developer/Xcode/DerivedData/FocusBlox-awtxlldmubwqcwggsrfosewjcyoq/Build/Intermediates.noindex/FocusBlox.build/Debug-iphonesimulator/FocusBloxUITests.build/Objects-normal/arm64/FocusBloxUITests.SwiftFileList -DDEBUG -module-alias Testing\=_Testing_Unavailable -plugin-path /Applications/Xcode.app/Contents/Developer/Toolchains/XcodeDefault.xctoolchain/usr/lib/swift/host/plugins/testing -enable-experimental-feature DebugDescriptionMacro -sdk /Applications/Xcode.app/Contents/Developer/Platforms/iPhoneSimulator.platform/Developer/SDKs/iPhoneSimulator26.2.sdk -target arm64-apple-ios26.2-simulator -g -module-cache-path /Users/hem/Library/Developer/Xcode/DerivedData/ModuleCache.noindex -Xfrontend -serialize-debugging-options -profile-coverage-mapping -profile-generate -enable-testing -index-store-path /Users/hem/Library/Developer/Xcode/DerivedData/FocusBlox-awtxlldmubwqcwggsrfosewjcyoq/Index.noindex/DataStore -Xcc -D_LIBCPP_HARDENING_MODE\=_LIBCPP_HARDENING_MODE_DEBUG -swift-version 6 -I /Users/hem/Library/Developer/Xcode/DerivedData/FocusBlox-awtxlldmubwqcwggsrfosewjcyoq/Build/Products/Debug-iphonesimulator -Isystem /Applications/Xcode.app/Contents/Developer/Platforms/iPhoneSimulator.platform/Developer/usr/lib -F /Users/hem/Library/Developer/Xcode/DerivedData/FocusBlox-awtxlldmubwqcwggsrfosewjcyoq/Build/Products/Debug-iphonesimulator -F /Applications/Xcode.app/Contents/Developer/Platforms/iPhoneSimulator.platform/Developer/Library/Frameworks -F /Applications/Xcode.app/Contents/Developer/Platforms/iPhoneSimulator.platform/Developer/SDKs/iPhoneSimulator26.2.sdk/Developer/Library/Frameworks -c -j10 -enable-batch-mode -incremental -Xcc -ivfsstatcache -Xcc /Users/hem/Library/Developer/Xcode/DerivedData/SDKStatCaches.noindex/iphonesimulator26.2-23C53-7d00a8b37fbd7999ea79df8ebc024bf0.sdkstatcache -output-file-map /Users/hem/Library/Developer/Xcode/DerivedData/FocusBlox-awtxlldmubwqcwggsrfosewjcyoq/Build/Intermediates.noindex/FocusBlox.build/Debug-iphonesimulator/FocusBloxUITests.build/Objects-normal/arm64/FocusBloxUITests-OutputFileMap.json -use-frontend-parseable-output -save-temps -no-color-diagnostics -explicit-module-build -module-cache-path /Users/hem/Library/Developer/Xcode/DerivedData/FocusBlox-awtxlldmubwqcwggsrfosewjcyoq/Build/Intermediates.noindex/SwiftExplicitPrecompiledModules -clang-scanner-module-cache-path /Users/hem/Library/Developer/Xcode/DerivedData/ModuleCache.noindex -sdk-module-cache-path /Users/hem/Library/Developer/Xcode/DerivedData/ModuleCache.noindex -serialize-diagnostics -emit-dependencies -emit-module -emit-module-path /Users/hem/Library/Developer/Xcode/DerivedData/FocusBlox-awtxlldmubwqcwggsrfosewjcyoq/Build/Intermediates.noindex/FocusBlox.build/Debug-iphonesimulator/FocusBloxUITests.build/Objects-normal/arm64/FocusBloxUITests.swiftmodule -validate-clang-modules-once -clang-build-session-file /Users/hem/Library/Developer/Xcode/DerivedData/ModuleCache.noindex/Session.modulevalidation -Xcc -I/Users/hem/Library/Developer/Xcode/DerivedData/FocusBlox-awtxlldmubwqcwggsrfosewjcyoq/Build/Intermediates.noindex/FocusBlox.build/Debug-iphonesimulator/FocusBloxUITests.build/swift-overrides.hmap -emit-const-values -Xfrontend -const-gather-protocols-file -Xfrontend /Users/hem/Library/Developer/Xcode/DerivedData/FocusBlox-awtxlldmubwqcwggsrfosewjcyoq/Build/Intermediates.noindex/FocusBlox.build/Debug-iphonesimulator/FocusBloxUITests.build/Objects-normal/arm64/FocusBloxUITests_const_extract_protocols.json -Xcc -iquote -Xcc /Users/hem/Library/Developer/Xcode/DerivedData/FocusBlox-awtxlldmubwqcwggsrfosewjcyoq/Build/Intermediates.noindex/FocusBlox.build/Debug-iphonesimulator/FocusBloxUITests.build/FocusBloxUITests-generated-files.hmap -Xcc -I/Users/hem/Library/Developer/Xcode/DerivedData/FocusBlox-awtxlldmubwqcwggsrfosewjcyoq/Build/Intermediates.noindex/FocusBlox.build/Debug-iphonesimulator/FocusBloxUITests.build/FocusBloxUITests-own-target-headers.hmap -Xcc -I/Users/hem/Library/Developer/Xcode/DerivedData/FocusBlox-awtxlldmubwqcwggsrfosewjcyoq/Build/Intermediates.noindex/FocusBlox.build/Debug-iphonesimulator/FocusBloxUITests.build/FocusBloxUITests-all-target-headers.hmap -Xcc -iquote -Xcc /Users/hem/Library/Developer/Xcode/DerivedData/FocusBlox-awtxlldmubwqcwggsrfosewjcyoq/Build/Intermediates.noindex/FocusBlox.build/Debug-iphonesimulator/FocusBloxUITests.build/FocusBloxUITests-project-headers.hmap -Xcc -I/Users/hem/Library/Developer/Xcode/DerivedData/FocusBlox-awtxlldmubwqcwggsrfosewjcyoq/Build/Products/Debug-iphonesimulator/include -Xcc -I/Users/hem/Library/Developer/Xcode/DerivedData/FocusBlox-awtxlldmubwqcwggsrfosewjcyoq/Build/Intermediates.noindex/FocusBlox.build/Debug-iphonesimulator/FocusBloxUITests.build/DerivedSources-normal/arm64 -Xcc -I/Users/hem/Library/Developer/Xcode/DerivedData/FocusBlox-awtxlldmubwqcwggsrfosewjcyoq/Build/Intermediates.noindex/FocusBlox.build/Debug-iphonesimulator/FocusBloxUITests.build/DerivedSources/arm64 -Xcc -I/Users/hem/Library/Developer/Xcode/DerivedData/FocusBlox-awtxlldmubwqcwggsrfosewjcyoq/Build/Intermediates.noindex/FocusBlox.build/Debug-iphonesimulator/FocusBloxUITests.build/DerivedSources -Xcc -DDEBUG\=1 -emit-objc-header -emit-objc-header-path /Users/hem/Library/Developer/Xcode/DerivedData/FocusBlox-awtxlldmubwqcwggsrfosewjcyoq/Build/Intermediates.noindex/FocusBlox.build/Debug-iphonesimulator/FocusBloxUITests.build/Objects-normal/arm64/FocusBloxUITests-Swift.h -working-directory /Users/hem/Documents/opt/my-daily-sprints -experimental-emit-module-separately -disable-cmo

ProcessInfoPlistFile /Users/hem/Library/Developer/Xcode/DerivedData/FocusBlox-awtxlldmubwqcwggsrfosewjcyoq/Build/Products/Debug-iphonesimulator/FocusBlox.app/PlugIns/FocusBloxTests.xctest/Info.plist /Users/hem/Library/Developer/Xcode/DerivedData/FocusBlox-awtxlldmubwqcwggsrfosewjcyoq/Build/Intermediates.noindex/FocusBlox.build/Debug-iphonesimulator/FocusBloxTests.build/empty-FocusBloxTests.plist (in target 'FocusBloxTests' from project 'FocusBlox')
    cd /Users/hem/Documents/opt/my-daily-sprints
    builtin-infoPlistUtility /Users/hem/Library/Developer/Xcode/DerivedData/FocusBlox-awtxlldmubwqcwggsrfosewjcyoq/Build/Intermediates.noindex/FocusBlox.build/Debug-iphonesimulator/FocusBloxTests.build/empty-FocusBloxTests.plist -producttype com.apple.product-type.bundle.unit-test -expandbuildsettings -format binary -platform iphonesimulator -o /Users/hem/Library/Developer/Xcode/DerivedData/FocusBlox-awtxlldmubwqcwggsrfosewjcyoq/Build/Products/Debug-iphonesimulator/FocusBlox.app/PlugIns/FocusBloxTests.xctest/Info.plist

Ld /Users/hem/Library/Developer/Xcode/DerivedData/FocusBlox-awtxlldmubwqcwggsrfosewjcyoq/Build/Products/Debug-iphonesimulator/FocusBlox.app/PlugIns/FocusBloxTests.xctest/FocusBloxTests normal (in target 'FocusBloxTests' from project 'FocusBlox')
    cd /Users/hem/Documents/opt/my-daily-sprints
    /Applications/Xcode.app/Contents/Developer/Toolchains/XcodeDefault.xctoolchain/usr/bin/clang -Xlinker -reproducible -target arm64-apple-ios26.2-simulator -bundle -isysroot /Applications/Xcode.app/Contents/Developer/Platforms/iPhoneSimulator.platform/Developer/SDKs/iPhoneSimulator26.2.sdk -O0 -L/Users/hem/Library/Developer/Xcode/DerivedData/FocusBlox-awtxlldmubwqcwggsrfosewjcyoq/Build/Intermediates.noindex/EagerLinkingTBDs/Debug-iphonesimulator -L/Users/hem/Library/Developer/Xcode/DerivedData/FocusBlox-awtxlldmubwqcwggsrfosewjcyoq/Build/Products/Debug-iphonesimulator -L/Applications/Xcode.app/Contents/Developer/Platforms/iPhoneSimulator.platform/Developer/usr/lib -F/Users/hem/Library/Developer/Xcode/DerivedData/FocusBlox-awtxlldmubwqcwggsrfosewjcyoq/Build/Intermediates.noindex/EagerLinkingTBDs/Debug-iphonesimulator -F/Users/hem/Library/Developer/Xcode/DerivedData/FocusBlox-awtxlldmubwqcwggsrfosewjcyoq/Build/Products/Debug-iphonesimulator -iframework /Applications/Xcode.app/Contents/Developer/Platforms/iPhoneSimulator.platform/Developer/Library/Frameworks -iframework /Applications/Xcode.app/Contents/Developer/Platforms/iPhoneSimulator.platform/Developer/SDKs/iPhoneSimulator26.2.sdk/Developer/Library/Frameworks -filelist /Users/hem/Library/Developer/Xcode/DerivedData/FocusBlox-awtxlldmubwqcwggsrfosewjcyoq/Build/Intermediates.noindex/FocusBlox.build/Debug-iphonesimulator/FocusBloxTests.build/Objects-normal/arm64/FocusBloxTests.LinkFileList -Xlinker -rpath -Xlinker @loader_path/Frameworks -Xlinker -rpath -Xlinker @executable_path/Frameworks -dead_strip -bundle_loader /Users/hem/Library/Developer/Xcode/DerivedData/FocusBlox-awtxlldmubwqcwggsrfosewjcyoq/Build/Products/Debug-iphonesimulator/FocusBlox.app/FocusBlox -Xlinker -object_path_lto -Xlinker /Users/hem/Library/Developer/Xcode/DerivedData/FocusBlox-awtxlldmubwqcwggsrfosewjcyoq/Build/Intermediates.noindex/FocusBlox.build/Debug-iphonesimulator/FocusBloxTests.build/Objects-normal/arm64/FocusBloxTests_lto.o -rdynamic -Xlinker -no_deduplicate -Xlinker -objc_abi_version -Xlinker 2 -Xlinker -debug_variant -Xlinker -dependency_info -Xlinker /Users/hem/Library/Developer/Xcode/DerivedData/FocusBlox-awtxlldmubwqcwggsrfosewjcyoq/Build/Intermediates.noindex/FocusBlox.build/Debug-iphonesimulator/FocusBloxTests.build/Objects-normal/arm64/FocusBloxTests_dependency_info.dat -fobjc-link-runtime -fprofile-instr-generate -L/Applications/Xcode.app/Contents/Developer/Toolchains/XcodeDefault.xctoolchain/usr/lib/swift/iphonesimulator -L/usr/lib/swift -Xlinker -add_ast_path -Xlinker /Users/hem/Library/Developer/Xcode/DerivedData/FocusBlox-awtxlldmubwqcwggsrfosewjcyoq/Build/Intermediates.noindex/FocusBlox.build/Debug-iphonesimulator/FocusBloxTests.build/Objects-normal/arm64/FocusBloxTests.swiftmodule @/Users/hem/Library/Developer/Xcode/DerivedData/FocusBlox-awtxlldmubwqcwggsrfosewjcyoq/Build/Intermediates.noindex/FocusBlox.build/Debug-iphonesimulator/FocusBloxTests.build/Objects-normal/arm64/FocusBloxTests-linker-args.resp -Xlinker -needed_framework -Xlinker XCTest -framework XCTest -Xlinker -needed-lXCTestSwiftSupport -lXCTestSwiftSupport /Users/hem/Library/Developer/Xcode/DerivedData/FocusBlox-awtxlldmubwqcwggsrfosewjcyoq/Build/Products/Debug-iphonesimulator/FocusBlox.app/FocusBlox.debug.dylib -o /Users/hem/Library/Developer/Xcode/DerivedData/FocusBlox-awtxlldmubwqcwggsrfosewjcyoq/Build/Products/Debug-iphonesimulator/FocusBlox.app/PlugIns/FocusBloxTests.xctest/FocusBloxTests

CopySwiftLibs /Users/hem/Library/Developer/Xcode/DerivedData/FocusBlox-awtxlldmubwqcwggsrfosewjcyoq/Build/Products/Debug-iphonesimulator/FocusBlox.app/PlugIns/FocusBloxTests.xctest (in target 'FocusBloxTests' from project 'FocusBlox')
    cd /Users/hem/Documents/opt/my-daily-sprints
    builtin-swiftStdLibTool --copy --verbose --scan-executable /Users/hem/Library/Developer/Xcode/DerivedData/FocusBlox-awtxlldmubwqcwggsrfosewjcyoq/Build/Products/Debug-iphonesimulator/FocusBlox.app/PlugIns/FocusBloxTests.xctest/FocusBloxTests --scan-folder /Users/hem/Library/Developer/Xcode/DerivedData/FocusBlox-awtxlldmubwqcwggsrfosewjcyoq/Build/Products/Debug-iphonesimulator/FocusBlox.app/PlugIns/FocusBloxTests.xctest/Frameworks --scan-folder /Users/hem/Library/Developer/Xcode/DerivedData/FocusBlox-awtxlldmubwqcwggsrfosewjcyoq/Build/Products/Debug-iphonesimulator/FocusBlox.app/PlugIns/FocusBloxTests.xctest/PlugIns --scan-folder /Users/hem/Library/Developer/Xcode/DerivedData/FocusBlox-awtxlldmubwqcwggsrfosewjcyoq/Build/Products/Debug-iphonesimulator/FocusBlox.app/PlugIns/FocusBloxTests.xctest/SystemExtensions --scan-folder /Users/hem/Library/Developer/Xcode/DerivedData/FocusBlox-awtxlldmubwqcwggsrfosewjcyoq/Build/Products/Debug-iphonesimulator/FocusBlox.app/PlugIns/FocusBloxTests.xctest/Extensions --platform iphonesimulator --toolchain /Applications/Xcode.app/Contents/Developer/Toolchains/XcodeDefault.xctoolchain --destination /Users/hem/Library/Developer/Xcode/DerivedData/FocusBlox-awtxlldmubwqcwggsrfosewjcyoq/Build/Products/Debug-iphonesimulator/FocusBlox.app/PlugIns/FocusBloxTests.xctest/Frameworks --strip-bitcode --scan-executable /Applications/Xcode.app/Contents/Developer/Platforms/iPhoneSimulator.platform/Developer/usr/lib/libXCTestSwiftSupport.dylib --strip-bitcode-tool /Applications/Xcode.app/Contents/Developer/Toolchains/XcodeDefault.xctoolchain/usr/bin/bitcode_strip --emit-dependency-info /Users/hem/Library/Developer/Xcode/DerivedData/FocusBlox-awtxlldmubwqcwggsrfosewjcyoq/Build/Intermediates.noindex/FocusBlox.build/Debug-iphonesimulator/FocusBloxTests.build/SwiftStdLibToolInputDependencies.dep --filter-for-swift-os
Ignoring --strip-bitcode because --sign was not passed

ExtractAppIntentsMetadata (in target 'FocusBloxTests' from project 'FocusBlox')
    cd /Users/hem/Documents/opt/my-daily-sprints
    /Applications/Xcode.app/Contents/Developer/Toolchains/XcodeDefault.xctoolchain/usr/bin/appintentsmetadataprocessor --toolchain-dir /Applications/Xcode.app/Contents/Developer/Toolchains/XcodeDefault.xctoolchain --module-name FocusBloxTests --sdk-root /Applications/Xcode.app/Contents/Developer/Platforms/iPhoneSimulator.platform/Developer/SDKs/iPhoneSimulator26.2.sdk --xcode-version 17C52 --platform-family iOS --deployment-target 26.2 --bundle-identifier com.henning.timebox.tests --output /Users/hem/Library/Developer/Xcode/DerivedData/FocusBlox-awtxlldmubwqcwggsrfosewjcyoq/Build/Products/Debug-iphonesimulator/FocusBlox.app/PlugIns/FocusBloxTests.xctest --target-triple arm64-apple-ios26.2-simulator --binary-file /Users/hem/Library/Developer/Xcode/DerivedData/FocusBlox-awtxlldmubwqcwggsrfosewjcyoq/Build/Products/Debug-iphonesimulator/FocusBlox.app/PlugIns/FocusBloxTests.xctest/FocusBloxTests --dependency-file /Users/hem/Library/Developer/Xcode/DerivedData/FocusBlox-awtxlldmubwqcwggsrfosewjcyoq/Build/Intermediates.noindex/FocusBlox.build/Debug-iphonesimulator/FocusBloxTests.build/Objects-normal/arm64/FocusBloxTests_dependency_info.dat --stringsdata-file /Users/hem/Library/Developer/Xcode/DerivedData/FocusBlox-awtxlldmubwqcwggsrfosewjcyoq/Build/Intermediates.noindex/FocusBlox.build/Debug-iphonesimulator/FocusBloxTests.build/Objects-normal/arm64/ExtractedAppShortcutsMetadata.stringsdata --source-file-list /Users/hem/Library/Developer/Xcode/DerivedData/FocusBlox-awtxlldmubwqcwggsrfosewjcyoq/Build/Intermediates.noindex/FocusBlox.build/Debug-iphonesimulator/FocusBloxTests.build/Objects-normal/arm64/FocusBloxTests.SwiftFileList --metadata-file-list /Users/hem/Library/Developer/Xcode/DerivedData/FocusBlox-awtxlldmubwqcwggsrfosewjcyoq/Build/Intermediates.noindex/FocusBlox.build/Debug-iphonesimulator/FocusBloxTests.build/FocusBloxTests.DependencyMetadataFileList --static-metadata-file-list /Users/hem/Library/Developer/Xcode/DerivedData/FocusBlox-awtxlldmubwqcwggsrfosewjcyoq/Build/Intermediates.noindex/FocusBlox.build/Debug-iphonesimulator/FocusBloxTests.build/FocusBloxTests.DependencyStaticMetadataFileList --swift-const-vals-list /Users/hem/Library/Developer/Xcode/DerivedData/FocusBlox-awtxlldmubwqcwggsrfosewjcyoq/Build/Intermediates.noindex/FocusBlox.build/Debug-iphonesimulator/FocusBloxTests.build/Objects-normal/arm64/FocusBloxTests.SwiftConstValuesFileList --compile-time-extraction --deployment-aware-processing --validate-assistant-intents --no-app-shortcuts-localization
2026-01-31 06:35:50.101 appintentsmetadataprocessor[46223:42767709] Starting appintentsmetadataprocessor export
2026-01-31 06:35:50.180 appintentsmetadataprocessor[46223:42767709] Extracted no relevant App Intents symbols, skipping writing output

RegisterExecutionPolicyException /Users/hem/Library/Developer/Xcode/DerivedData/FocusBlox-awtxlldmubwqcwggsrfosewjcyoq/Build/Products/Debug-iphonesimulator/FocusBlox.app/PlugIns/FocusBloxTests.xctest (in target 'FocusBloxTests' from project 'FocusBlox')
    cd /Users/hem/Documents/opt/my-daily-sprints
    builtin-RegisterExecutionPolicyException /Users/hem/Library/Developer/Xcode/DerivedData/FocusBlox-awtxlldmubwqcwggsrfosewjcyoq/Build/Products/Debug-iphonesimulator/FocusBlox.app/PlugIns/FocusBloxTests.xctest

Touch /Users/hem/Library/Developer/Xcode/DerivedData/FocusBlox-awtxlldmubwqcwggsrfosewjcyoq/Build/Products/Debug-iphonesimulator/FocusBlox.app/PlugIns/FocusBloxTests.xctest (in target 'FocusBloxTests' from project 'FocusBlox')
    cd /Users/hem/Documents/opt/my-daily-sprints
    /usr/bin/touch -c /Users/hem/Library/Developer/Xcode/DerivedData/FocusBlox-awtxlldmubwqcwggsrfosewjcyoq/Build/Products/Debug-iphonesimulator/FocusBlox.app/PlugIns/FocusBloxTests.xctest

Validate /Users/hem/Library/Developer/Xcode/DerivedData/FocusBlox-awtxlldmubwqcwggsrfosewjcyoq/Build/Products/Debug-iphonesimulator/FocusBlox.app (in target 'FocusBlox' from project 'FocusBlox')
    cd /Users/hem/Documents/opt/my-daily-sprints
    builtin-validationUtility /Users/hem/Library/Developer/Xcode/DerivedData/FocusBlox-awtxlldmubwqcwggsrfosewjcyoq/Build/Products/Debug-iphonesimulator/FocusBlox.app -shallow-bundle -infoplist-subpath Info.plist

Ld /Users/hem/Library/Developer/Xcode/DerivedData/FocusBlox-awtxlldmubwqcwggsrfosewjcyoq/Build/Products/Debug-iphonesimulator/FocusBloxUITests-Runner.app/PlugIns/FocusBloxUITests.xctest/FocusBloxUITests normal (in target 'FocusBloxUITests' from project 'FocusBlox')
    cd /Users/hem/Documents/opt/my-daily-sprints
    /Applications/Xcode.app/Contents/Developer/Toolchains/XcodeDefault.xctoolchain/usr/bin/clang -Xlinker -reproducible -target arm64-apple-ios26.2-simulator -bundle -isysroot /Applications/Xcode.app/Contents/Developer/Platforms/iPhoneSimulator.platform/Developer/SDKs/iPhoneSimulator26.2.sdk -O0 -L/Users/hem/Library/Developer/Xcode/DerivedData/FocusBlox-awtxlldmubwqcwggsrfosewjcyoq/Build/Intermediates.noindex/EagerLinkingTBDs/Debug-iphonesimulator -L/Users/hem/Library/Developer/Xcode/DerivedData/FocusBlox-awtxlldmubwqcwggsrfosewjcyoq/Build/Products/Debug-iphonesimulator -L/Applications/Xcode.app/Contents/Developer/Platforms/iPhoneSimulator.platform/Developer/usr/lib -F/Users/hem/Library/Developer/Xcode/DerivedData/FocusBlox-awtxlldmubwqcwggsrfosewjcyoq/Build/Intermediates.noindex/EagerLinkingTBDs/Debug-iphonesimulator -F/Users/hem/Library/Developer/Xcode/DerivedData/FocusBlox-awtxlldmubwqcwggsrfosewjcyoq/Build/Products/Debug-iphonesimulator -iframework /Applications/Xcode.app/Contents/Developer/Platforms/iPhoneSimulator.platform/Developer/Library/Frameworks -iframework /Applications/Xcode.app/Contents/Developer/Platforms/iPhoneSimulator.platform/Developer/SDKs/iPhoneSimulator26.2.sdk/Developer/Library/Frameworks -filelist /Users/hem/Library/Developer/Xcode/DerivedData/FocusBlox-awtxlldmubwqcwggsrfosewjcyoq/Build/Intermediates.noindex/FocusBlox.build/Debug-iphonesimulator/FocusBloxUITests.build/Objects-normal/arm64/FocusBloxUITests.LinkFileList -Xlinker -rpath -Xlinker @loader_path/Frameworks -Xlinker -rpath -Xlinker @executable_path/Frameworks -dead_strip -Xlinker -object_path_lto -Xlinker /Users/hem/Library/Developer/Xcode/DerivedData/FocusBlox-awtxlldmubwqcwggsrfosewjcyoq/Build/Intermediates.noindex/FocusBlox.build/Debug-iphonesimulator/FocusBloxUITests.build/Objects-normal/arm64/FocusBloxUITests_lto.o -rdynamic -Xlinker -no_deduplicate -Xlinker -objc_abi_version -Xlinker 2 -Xlinker -debug_variant -Xlinker -dependency_info -Xlinker /Users/hem/Library/Developer/Xcode/DerivedData/FocusBlox-awtxlldmubwqcwggsrfosewjcyoq/Build/Intermediates.noindex/FocusBlox.build/Debug-iphonesimulator/FocusBloxUITests.build/Objects-normal/arm64/FocusBloxUITests_dependency_info.dat -fobjc-link-runtime -fprofile-instr-generate -L/Applications/Xcode.app/Contents/Developer/Toolchains/XcodeDefault.xctoolchain/usr/lib/swift/iphonesimulator -L/usr/lib/swift -Xlinker -add_ast_path -Xlinker /Users/hem/Library/Developer/Xcode/DerivedData/FocusBlox-awtxlldmubwqcwggsrfosewjcyoq/Build/Intermediates.noindex/FocusBlox.build/Debug-iphonesimulator/FocusBloxUITests.build/Objects-normal/arm64/FocusBloxUITests.swiftmodule @/Users/hem/Library/Developer/Xcode/DerivedData/FocusBlox-awtxlldmubwqcwggsrfosewjcyoq/Build/Intermediates.noindex/FocusBlox.build/Debug-iphonesimulator/FocusBloxUITests.build/Objects-normal/arm64/FocusBloxUITests-linker-args.resp -Xlinker -needed_framework -Xlinker XCTest -framework XCTest -Xlinker -needed-lXCTestSwiftSupport -lXCTestSwiftSupport -o /Users/hem/Library/Developer/Xcode/DerivedData/FocusBlox-awtxlldmubwqcwggsrfosewjcyoq/Build/Products/Debug-iphonesimulator/FocusBloxUITests-Runner.app/PlugIns/FocusBloxUITests.xctest/FocusBloxUITests

ProcessInfoPlistFile /Users/hem/Library/Developer/Xcode/DerivedData/FocusBlox-awtxlldmubwqcwggsrfosewjcyoq/Build/Products/Debug-iphonesimulator/FocusBloxUITests-Runner.app/PlugIns/FocusBloxUITests.xctest/Info.plist /Users/hem/Library/Developer/Xcode/DerivedData/FocusBlox-awtxlldmubwqcwggsrfosewjcyoq/Build/Intermediates.noindex/FocusBlox.build/Debug-iphonesimulator/FocusBloxUITests.build/empty-FocusBloxUITests.plist (in target 'FocusBloxUITests' from project 'FocusBlox')
    cd /Users/hem/Documents/opt/my-daily-sprints
    builtin-infoPlistUtility /Users/hem/Library/Developer/Xcode/DerivedData/FocusBlox-awtxlldmubwqcwggsrfosewjcyoq/Build/Intermediates.noindex/FocusBlox.build/Debug-iphonesimulator/FocusBloxUITests.build/empty-FocusBloxUITests.plist -producttype com.apple.product-type.bundle.ui-testing -expandbuildsettings -format binary -platform iphonesimulator -additionalcontentfile /Users/hem/Library/Developer/Xcode/DerivedData/FocusBlox-awtxlldmubwqcwggsrfosewjcyoq/Build/Intermediates.noindex/FocusBlox.build/Debug-iphonesimulator/FocusBloxUITests.build/ProductTypeInfoPlistAdditions.plist -o /Users/hem/Library/Developer/Xcode/DerivedData/FocusBlox-awtxlldmubwqcwggsrfosewjcyoq/Build/Products/Debug-iphonesimulator/FocusBloxUITests-Runner.app/PlugIns/FocusBloxUITests.xctest/Info.plist

CopySwiftLibs /Users/hem/Library/Developer/Xcode/DerivedData/FocusBlox-awtxlldmubwqcwggsrfosewjcyoq/Build/Products/Debug-iphonesimulator/FocusBloxUITests-Runner.app/PlugIns/FocusBloxUITests.xctest (in target 'FocusBloxUITests' from project 'FocusBlox')
    cd /Users/hem/Documents/opt/my-daily-sprints
    builtin-swiftStdLibTool --copy --verbose --scan-executable /Users/hem/Library/Developer/Xcode/DerivedData/FocusBlox-awtxlldmubwqcwggsrfosewjcyoq/Build/Products/Debug-iphonesimulator/FocusBloxUITests-Runner.app/PlugIns/FocusBloxUITests.xctest/FocusBloxUITests --scan-folder /Users/hem/Library/Developer/Xcode/DerivedData/FocusBlox-awtxlldmubwqcwggsrfosewjcyoq/Build/Products/Debug-iphonesimulator/FocusBloxUITests-Runner.app/PlugIns/FocusBloxUITests.xctest/Frameworks --scan-folder /Users/hem/Library/Developer/Xcode/DerivedData/FocusBlox-awtxlldmubwqcwggsrfosewjcyoq/Build/Products/Debug-iphonesimulator/FocusBloxUITests-Runner.app/PlugIns/FocusBloxUITests.xctest/PlugIns --scan-folder /Users/hem/Library/Developer/Xcode/DerivedData/FocusBlox-awtxlldmubwqcwggsrfosewjcyoq/Build/Products/Debug-iphonesimulator/FocusBloxUITests-Runner.app/PlugIns/FocusBloxUITests.xctest/SystemExtensions --scan-folder /Users/hem/Library/Developer/Xcode/DerivedData/FocusBlox-awtxlldmubwqcwggsrfosewjcyoq/Build/Products/Debug-iphonesimulator/FocusBloxUITests-Runner.app/PlugIns/FocusBloxUITests.xctest/Extensions --platform iphonesimulator --toolchain /Applications/Xcode.app/Contents/Developer/Toolchains/XcodeDefault.xctoolchain --destination /Users/hem/Library/Developer/Xcode/DerivedData/FocusBlox-awtxlldmubwqcwggsrfosewjcyoq/Build/Products/Debug-iphonesimulator/FocusBloxUITests-Runner.app/PlugIns/FocusBloxUITests.xctest/Frameworks --strip-bitcode --scan-executable /Applications/Xcode.app/Contents/Developer/Platforms/iPhoneSimulator.platform/Developer/usr/lib/libXCTestSwiftSupport.dylib --strip-bitcode-tool /Applications/Xcode.app/Contents/Developer/Toolchains/XcodeDefault.xctoolchain/usr/bin/bitcode_strip --emit-dependency-info /Users/hem/Library/Developer/Xcode/DerivedData/FocusBlox-awtxlldmubwqcwggsrfosewjcyoq/Build/Intermediates.noindex/FocusBlox.build/Debug-iphonesimulator/FocusBloxUITests.build/SwiftStdLibToolInputDependencies.dep --filter-for-swift-os
Ignoring --strip-bitcode because --sign was not passed

ExtractAppIntentsMetadata (in target 'FocusBloxUITests' from project 'FocusBlox')
    cd /Users/hem/Documents/opt/my-daily-sprints
    /Applications/Xcode.app/Contents/Developer/Toolchains/XcodeDefault.xctoolchain/usr/bin/appintentsmetadataprocessor --toolchain-dir /Applications/Xcode.app/Contents/Developer/Toolchains/XcodeDefault.xctoolchain --module-name FocusBloxUITests --sdk-root /Applications/Xcode.app/Contents/Developer/Platforms/iPhoneSimulator.platform/Developer/SDKs/iPhoneSimulator26.2.sdk --xcode-version 17C52 --platform-family iOS --deployment-target 26.2 --bundle-identifier com.henning.timebox.uitests --output /Users/hem/Library/Developer/Xcode/DerivedData/FocusBlox-awtxlldmubwqcwggsrfosewjcyoq/Build/Products/Debug-iphonesimulator/FocusBloxUITests-Runner.app/PlugIns/FocusBloxUITests.xctest --target-triple arm64-apple-ios26.2-simulator --binary-file /Users/hem/Library/Developer/Xcode/DerivedData/FocusBlox-awtxlldmubwqcwggsrfosewjcyoq/Build/Products/Debug-iphonesimulator/FocusBloxUITests-Runner.app/PlugIns/FocusBloxUITests.xctest/FocusBloxUITests --dependency-file /Users/hem/Library/Developer/Xcode/DerivedData/FocusBlox-awtxlldmubwqcwggsrfosewjcyoq/Build/Intermediates.noindex/FocusBlox.build/Debug-iphonesimulator/FocusBloxUITests.build/Objects-normal/arm64/FocusBloxUITests_dependency_info.dat --stringsdata-file /Users/hem/Library/Developer/Xcode/DerivedData/FocusBlox-awtxlldmubwqcwggsrfosewjcyoq/Build/Intermediates.noindex/FocusBlox.build/Debug-iphonesimulator/FocusBloxUITests.build/Objects-normal/arm64/ExtractedAppShortcutsMetadata.stringsdata --source-file-list /Users/hem/Library/Developer/Xcode/DerivedData/FocusBlox-awtxlldmubwqcwggsrfosewjcyoq/Build/Intermediates.noindex/FocusBlox.build/Debug-iphonesimulator/FocusBloxUITests.build/Objects-normal/arm64/FocusBloxUITests.SwiftFileList --metadata-file-list /Users/hem/Library/Developer/Xcode/DerivedData/FocusBlox-awtxlldmubwqcwggsrfosewjcyoq/Build/Intermediates.noindex/FocusBlox.build/Debug-iphonesimulator/FocusBloxUITests.build/FocusBloxUITests.DependencyMetadataFileList --static-metadata-file-list /Users/hem/Library/Developer/Xcode/DerivedData/FocusBlox-awtxlldmubwqcwggsrfosewjcyoq/Build/Intermediates.noindex/FocusBlox.build/Debug-iphonesimulator/FocusBloxUITests.build/FocusBloxUITests.DependencyStaticMetadataFileList --swift-const-vals-list /Users/hem/Library/Developer/Xcode/DerivedData/FocusBlox-awtxlldmubwqcwggsrfosewjcyoq/Build/Intermediates.noindex/FocusBlox.build/Debug-iphonesimulator/FocusBloxUITests.build/Objects-normal/arm64/FocusBloxUITests.SwiftConstValuesFileList --compile-time-extraction --deployment-aware-processing --validate-assistant-intents --no-app-shortcuts-localization
2026-01-31 06:35:50.602 appintentsmetadataprocessor[46229:42767763] Starting appintentsmetadataprocessor export
2026-01-31 06:35:50.603 appintentsmetadataprocessor[46229:42767763] warning: Metadata extraction skipped. No AppIntents.framework dependency found.

CopyAndPreserveArchs /Users/hem/Library/Developer/Xcode/DerivedData/FocusBlox-awtxlldmubwqcwggsrfosewjcyoq/Build/Products/Debug-iphonesimulator/FocusBloxUITests-Runner.app/FocusBloxUITests-Runner (in target 'FocusBloxUITests' from project 'FocusBlox')
    cd /Users/hem/Documents/opt/my-daily-sprints
    /Applications/Xcode.app/Contents/Developer/Toolchains/XcodeDefault.xctoolchain/usr/bin/lipo /Applications/Xcode.app/Contents/Developer/Platforms/iPhoneSimulator.platform/Developer/Library/Xcode/Agents/XCTRunner.app/XCTRunner -output /Users/hem/Library/Developer/Xcode/DerivedData/FocusBlox-awtxlldmubwqcwggsrfosewjcyoq/Build/Products/Debug-iphonesimulator/FocusBloxUITests-Runner.app/FocusBloxUITests-Runner -extract arm64

MkDir /Users/hem/Library/Developer/Xcode/DerivedData/FocusBlox-awtxlldmubwqcwggsrfosewjcyoq/Build/Products/Debug-iphonesimulator/FocusBloxUITests-Runner.app (in target 'FocusBloxUITests' from project 'FocusBlox')
    cd /Users/hem/Documents/opt/my-daily-sprints
    /bin/mkdir -p /Users/hem/Library/Developer/Xcode/DerivedData/FocusBlox-awtxlldmubwqcwggsrfosewjcyoq/Build/Products/Debug-iphonesimulator/FocusBloxUITests-Runner.app

RegisterExecutionPolicyException /Users/hem/Library/Developer/Xcode/DerivedData/FocusBlox-awtxlldmubwqcwggsrfosewjcyoq/Build/Products/Debug-iphonesimulator/FocusBloxUITests-Runner.app/PlugIns/FocusBloxUITests.xctest (in target 'FocusBloxUITests' from project 'FocusBlox')
    cd /Users/hem/Documents/opt/my-daily-sprints
    builtin-RegisterExecutionPolicyException /Users/hem/Library/Developer/Xcode/DerivedData/FocusBlox-awtxlldmubwqcwggsrfosewjcyoq/Build/Products/Debug-iphonesimulator/FocusBloxUITests-Runner.app/PlugIns/FocusBloxUITests.xctest

Touch /Users/hem/Library/Developer/Xcode/DerivedData/FocusBlox-awtxlldmubwqcwggsrfosewjcyoq/Build/Products/Debug-iphonesimulator/FocusBloxUITests-Runner.app/PlugIns/FocusBloxUITests.xctest (in target 'FocusBloxUITests' from project 'FocusBlox')
    cd /Users/hem/Documents/opt/my-daily-sprints
    /usr/bin/touch -c /Users/hem/Library/Developer/Xcode/DerivedData/FocusBlox-awtxlldmubwqcwggsrfosewjcyoq/Build/Products/Debug-iphonesimulator/FocusBloxUITests-Runner.app/PlugIns/FocusBloxUITests.xctest

2026-01-31 06:35:58.198322+0100 FocusBloxUITests-Runner[46269:42768477] [Default] Running tests...
2026-01-31 06:35:58.254509+0100 FocusBloxUITests-Runner[46269:42768618] [General] Failed to send CA Event for app launch measurements for ca_event_type: 0 event_name: com.apple.app_launch_measurement.FirstFramePresentationMetric
2026-01-31 06:35:58.296827+0100 FocusBloxUITests-Runner[46269:42768615] [General] Failed to send CA Event for app launch measurements for ca_event_type: 1 event_name: com.apple.app_launch_measurement.ExtendedLaunchMetrics
    t =      nans Interface orientation changed to Portrait
Test Suite 'Selected tests' started at 2026-01-31 06:36:01.065.
Test Suite 'FocusBloxUITests.xctest' started at 2026-01-31 06:36:01.066.
Test Suite 'AssignTabBlockEditUITests' started at 2026-01-31 06:36:01.066.
Test Case '-[FocusBloxUITests.AssignTabBlockEditUITests testEditSheetHasDeleteButton]' started (Iteration 1 of 3).
    t =     0.00s Start Test at 2026-01-31 06:36:01.067
    t =     0.28s Set Up
    t =     0.29s     Open com.henning.timebox
    t =     0.29s         Launch com.henning.timebox
    t =     2.62s             Setting up automation session
    t =     3.50s             Wait for com.henning.timebox to idle
    t =     5.50s Waiting 5.0s for "tab-assign" Button to exist
    t =     6.52s     Checking `Expect predicate `existsNoRetry == 1` for object "tab-assign" Button`
    t =     6.52s         Checking existence of `"tab-assign" Button`
    t =     6.65s Tap "tab-assign" Button
    t =     6.65s     Wait for com.henning.timebox to idle
    t =     6.65s     Find the "tab-assign" Button
    t =     6.71s     Check for interrupting elements affecting "tab-assign" Button
    t =     6.76s     Synthesize event
    t =     7.17s     Wait for com.henning.timebox to idle
    t =     9.23s Waiting 5.0s for Any (First Match) to exist
    t =    10.27s     Checking `Expect predicate `existsNoRetry == 1` for object Any (First Match)`
    t =    10.27s         Checking existence of `Any (First Match)`
    t =    10.33s         Capturing element debug description
    t =    11.25s     Checking `Expect predicate `existsNoRetry == 1` for object Any (First Match)`
    t =    11.26s         Checking existence of `Any (First Match)`
    t =    11.30s         Capturing element debug description
    t =    12.32s     Checking `Expect predicate `existsNoRetry == 1` for object Any (First Match)`
    t =    12.32s         Checking existence of `Any (First Match)`
    t =    12.36s         Capturing element debug description
    t =    13.28s     Checking `Expect predicate `existsNoRetry == 1` for object Any (First Match)`
    t =    13.29s         Checking existence of `Any (First Match)`
    t =    13.34s         Capturing element debug description
    t =    14.23s     Checking `Expect predicate `existsNoRetry == 1` for object Any (First Match)`
    t =    14.24s         Checking existence of `Any (First Match)`
    t =    14.28s         Capturing element debug description
    t =    14.28s     Checking existence of `Any (First Match)`
    t =    14.31s Collecting debug information to assist test failure triage
    t =    14.31s     Requesting snapshot of accessibility hierarchy for app with pid 46311
/Users/hem/Documents/opt/my-daily-sprints/FocusBloxUITests/AssignTabBlockEditUITests.swift:123: error: -[FocusBloxUITests.AssignTabBlockEditUITests testEditSheetHasDeleteButton] : XCTAssertTrue failed - TDD RED: Cannot test delete button - block card identifier not found
    t =    14.78s Tear Down
Test Case '-[FocusBloxUITests.AssignTabBlockEditUITests testEditSheetHasDeleteButton]' failed (15.035 seconds).
Test Case '-[FocusBloxUITests.AssignTabBlockEditUITests testEditSheetHasDeleteButton]' started (Iteration 2 of 3).
    t =     0.00s Start Test at 2026-01-31 06:36:16.102
    t =     0.03s Set Up
    t =     0.03s     Open com.henning.timebox
    t =     0.03s         Launch com.henning.timebox
    t =     0.03s             Terminate com.henning.timebox:46311
    t =     1.34s             Setting up automation session
    t =     2.34s             Wait for com.henning.timebox to idle
    t =     4.03s Waiting 5.0s for "tab-assign" Button to exist
    t =     5.07s     Checking `Expect predicate `existsNoRetry == 1` for object "tab-assign" Button`
    t =     5.07s         Checking existence of `"tab-assign" Button`
    t =     5.17s Tap "tab-assign" Button
    t =     5.17s     Wait for com.henning.timebox to idle
    t =     5.17s     Find the "tab-assign" Button
    t =     5.21s     Check for interrupting elements affecting "tab-assign" Button
    t =     5.26s     Synthesize event
    t =     5.55s     Wait for com.henning.timebox to idle
    t =     7.57s Waiting 5.0s for Any (First Match) to exist
    t =     8.61s     Checking `Expect predicate `existsNoRetry == 1` for object Any (First Match)`
    t =     8.61s         Checking existence of `Any (First Match)`
    t =     8.66s         Capturing element debug description
    t =     9.58s     Checking `Expect predicate `existsNoRetry == 1` for object Any (First Match)`
    t =     9.58s         Checking existence of `Any (First Match)`
    t =     9.63s         Capturing element debug description
    t =    10.66s     Checking `Expect predicate `existsNoRetry == 1` for object Any (First Match)`
    t =    10.66s         Checking existence of `Any (First Match)`
    t =    10.70s         Capturing element debug description
    t =    11.63s     Checking `Expect predicate `existsNoRetry == 1` for object Any (First Match)`
    t =    11.63s         Checking existence of `Any (First Match)`
    t =    11.66s         Capturing element debug description
    t =    12.58s     Checking `Expect predicate `existsNoRetry == 1` for object Any (First Match)`
    t =    12.58s         Checking existence of `Any (First Match)`
    t =    12.64s         Capturing element debug description
    t =    12.64s     Checking existence of `Any (First Match)`
    t =    12.67s Collecting debug information to assist test failure triage
    t =    12.67s     Requesting snapshot of accessibility hierarchy for app with pid 46371
/Users/hem/Documents/opt/my-daily-sprints/FocusBloxUITests/AssignTabBlockEditUITests.swift:123: error: -[FocusBloxUITests.AssignTabBlockEditUITests testEditSheetHasDeleteButton] : XCTAssertTrue failed - TDD RED: Cannot test delete button - block card identifier not found
    t =    12.71s Tear Down
Test Case '-[FocusBloxUITests.AssignTabBlockEditUITests testEditSheetHasDeleteButton]' failed (12.929 seconds).
Test Case '-[FocusBloxUITests.AssignTabBlockEditUITests testEditSheetHasDeleteButton]' started (Iteration 3 of 3).
    t =     0.00s Start Test at 2026-01-31 06:36:29.033
    t =     0.02s Set Up
    t =     0.02s     Open com.henning.timebox
    t =     0.03s         Launch com.henning.timebox
    t =     0.03s             Terminate com.henning.timebox:46371
    t =     1.29s             Setting up automation session
    t =     1.97s             Wait for com.henning.timebox to idle
    t =     3.46s Waiting 5.0s for "tab-assign" Button to exist
    t =     4.49s     Checking `Expect predicate `existsNoRetry == 1` for object "tab-assign" Button`
    t =     4.49s         Checking existence of `"tab-assign" Button`
    t =     4.60s Tap "tab-assign" Button
    t =     4.60s     Wait for com.henning.timebox to idle
    t =     4.60s     Find the "tab-assign" Button
    t =     4.64s     Check for interrupting elements affecting "tab-assign" Button
    t =     4.67s     Synthesize event
    t =     4.96s     Wait for com.henning.timebox to idle
    t =     6.96s Waiting 5.0s for Any (First Match) to exist
    t =     7.99s     Checking `Expect predicate `existsNoRetry == 1` for object Any (First Match)`
    t =     7.99s         Checking existence of `Any (First Match)`
    t =     8.03s         Capturing element debug description
    t =     9.05s     Checking `Expect predicate `existsNoRetry == 1` for object Any (First Match)`
    t =     9.05s         Checking existence of `Any (First Match)`
    t =     9.08s         Capturing element debug description
    t =    10.00s     Checking `Expect predicate `existsNoRetry == 1` for object Any (First Match)`
    t =    10.00s         Checking existence of `Any (First Match)`
    t =    10.05s         Capturing element debug description
    t =    10.97s     Checking `Expect predicate `existsNoRetry == 1` for object Any (First Match)`
    t =    10.97s         Checking existence of `Any (First Match)`
    t =    11.00s         Capturing element debug description
    t =    11.97s     Checking `Expect predicate `existsNoRetry == 1` for object Any (First Match)`
    t =    11.97s         Checking existence of `Any (First Match)`
    t =    12.01s         Capturing element debug description
    t =    12.01s     Checking existence of `Any (First Match)`
    t =    12.04s Collecting debug information to assist test failure triage
    t =    12.04s     Requesting snapshot of accessibility hierarchy for app with pid 46408
/Users/hem/Documents/opt/my-daily-sprints/FocusBloxUITests/AssignTabBlockEditUITests.swift:123: error: -[FocusBloxUITests.AssignTabBlockEditUITests testEditSheetHasDeleteButton] : XCTAssertTrue failed - TDD RED: Cannot test delete button - block card identifier not found
    t =    12.08s Tear Down
Test Case '-[FocusBloxUITests.AssignTabBlockEditUITests testEditSheetHasDeleteButton]' failed (12.315 seconds).
Test Case '-[FocusBloxUITests.AssignTabBlockEditUITests testEditSheetHasSaveButton]' started (Iteration 1 of 3).
    t =     0.00s Start Test at 2026-01-31 06:36:41.348
    t =     0.02s Set Up
    t =     0.02s     Open com.henning.timebox
    t =     0.02s         Launch com.henning.timebox
    t =     0.02s             Terminate com.henning.timebox:46408
    t =     1.28s             Setting up automation session
    t =     1.97s             Wait for com.henning.timebox to idle
    t =     3.44s Waiting 5.0s for "tab-assign" Button to exist
    t =     4.47s     Checking `Expect predicate `existsNoRetry == 1` for object "tab-assign" Button`
    t =     4.47s         Checking existence of `"tab-assign" Button`
    t =     4.58s Tap "tab-assign" Button
    t =     4.58s     Wait for com.henning.timebox to idle
    t =     4.58s     Find the "tab-assign" Button
    t =     4.62s     Check for interrupting elements affecting "tab-assign" Button
    t =     4.65s     Synthesize event
    t =     4.94s     Wait for com.henning.timebox to idle
    t =     6.94s Waiting 5.0s for Any (First Match) to exist
    t =     7.96s     Checking `Expect predicate `existsNoRetry == 1` for object Any (First Match)`
    t =     7.96s         Checking existence of `Any (First Match)`
    t =     8.00s         Capturing element debug description
    t =     9.03s     Checking `Expect predicate `existsNoRetry == 1` for object Any (First Match)`
    t =     9.03s         Checking existence of `Any (First Match)`
    t =     9.07s         Capturing element debug description
    t =    10.00s     Checking `Expect predicate `existsNoRetry == 1` for object Any (First Match)`
    t =    10.00s         Checking existence of `Any (First Match)`
    t =    10.04s         Capturing element debug description
    t =    10.95s     Checking `Expect predicate `existsNoRetry == 1` for object Any (First Match)`
    t =    10.95s         Checking existence of `Any (First Match)`
    t =    10.99s         Capturing element debug description
    t =    11.95s     Checking `Expect predicate `existsNoRetry == 1` for object Any (First Match)`
    t =    11.95s         Checking existence of `Any (First Match)`
    t =    11.99s         Capturing element debug description
    t =    11.99s     Checking existence of `Any (First Match)`
    t =    12.02s Collecting debug information to assist test failure triage
    t =    12.02s     Requesting snapshot of accessibility hierarchy for app with pid 46486
/Users/hem/Documents/opt/my-daily-sprints/FocusBloxUITests/AssignTabBlockEditUITests.swift:103: error: -[FocusBloxUITests.AssignTabBlockEditUITests testEditSheetHasSaveButton] : XCTAssertTrue failed - TDD RED: Cannot test save button - block card identifier not found
    t =    12.06s Tear Down
Test Case '-[FocusBloxUITests.AssignTabBlockEditUITests testEditSheetHasSaveButton]' failed (12.294 seconds).
Test Case '-[FocusBloxUITests.AssignTabBlockEditUITests testEditSheetHasSaveButton]' started (Iteration 2 of 3).
    t =     0.00s Start Test at 2026-01-31 06:36:53.643
    t =     0.02s Set Up
    t =     0.02s     Open com.henning.timebox
    t =     0.02s         Launch com.henning.timebox
    t =     0.03s             Terminate com.henning.timebox:46486
    t =     1.28s             Setting up automation session
    t =     1.97s             Wait for com.henning.timebox to idle
    t =     3.42s Waiting 5.0s for "tab-assign" Button to exist
    t =     4.45s     Checking `Expect predicate `existsNoRetry == 1` for object "tab-assign" Button`
    t =     4.45s         Checking existence of `"tab-assign" Button`
    t =     4.55s Tap "tab-assign" Button
    t =     4.55s     Wait for com.henning.timebox to idle
    t =     4.55s     Find the "tab-assign" Button
    t =     4.60s     Check for interrupting elements affecting "tab-assign" Button
    t =     4.63s     Synthesize event
    t =     4.93s     Wait for com.henning.timebox to idle
    t =     6.93s Waiting 5.0s for Any (First Match) to exist
    t =     7.96s     Checking `Expect predicate `existsNoRetry == 1` for object Any (First Match)`
    t =     7.96s         Checking existence of `Any (First Match)`
    t =     8.00s         Capturing element debug description
    t =     9.01s     Checking `Expect predicate `existsNoRetry == 1` for object Any (First Match)`
    t =     9.02s         Checking existence of `Any (First Match)`
    t =     9.06s         Capturing element debug description
    t =     9.97s     Checking `Expect predicate `existsNoRetry == 1` for object Any (First Match)`
    t =     9.97s         Checking existence of `Any (First Match)`
    t =    10.01s         Capturing element debug description
    t =    11.03s     Checking `Expect predicate `existsNoRetry == 1` for object Any (First Match)`
    t =    11.03s         Checking existence of `Any (First Match)`
    t =    11.07s         Capturing element debug description
    t =    11.94s     Checking `Expect predicate `existsNoRetry == 1` for object Any (First Match)`
    t =    11.94s         Checking existence of `Any (First Match)`
    t =    11.98s         Capturing element debug description
    t =    11.98s     Checking existence of `Any (First Match)`
    t =    12.01s Collecting debug information to assist test failure triage
    t =    12.01s     Requesting snapshot of accessibility hierarchy for app with pid 46506
/Users/hem/Documents/opt/my-daily-sprints/FocusBloxUITests/AssignTabBlockEditUITests.swift:103: error: -[FocusBloxUITests.AssignTabBlockEditUITests testEditSheetHasSaveButton] : XCTAssertTrue failed - TDD RED: Cannot test save button - block card identifier not found
    t =    12.05s Tear Down
Test Case '-[FocusBloxUITests.AssignTabBlockEditUITests testEditSheetHasSaveButton]' failed (12.281 seconds).
Test Case '-[FocusBloxUITests.AssignTabBlockEditUITests testEditSheetHasSaveButton]' started (Iteration 3 of 3).
    t =     0.00s Start Test at 2026-01-31 06:37:05.924
    t =     0.02s Set Up
    t =     0.02s     Open com.henning.timebox
    t =     0.02s         Launch com.henning.timebox
    t =     0.02s             Terminate com.henning.timebox:46506
    t =     1.39s             Setting up automation session
    t =     2.09s             Wait for com.henning.timebox to idle
    t =     3.57s Waiting 5.0s for "tab-assign" Button to exist
    t =     4.59s     Checking `Expect predicate `existsNoRetry == 1` for object "tab-assign" Button`
    t =     4.59s         Checking existence of `"tab-assign" Button`
    t =     4.68s Tap "tab-assign" Button
    t =     4.68s     Wait for com.henning.timebox to idle
    t =     4.69s     Find the "tab-assign" Button
    t =     4.72s     Check for interrupting elements affecting "tab-assign" Button
    t =     4.76s     Synthesize event
    t =     5.05s     Wait for com.henning.timebox to idle
    t =     7.06s Waiting 5.0s for Any (First Match) to exist
    t =     8.08s     Checking `Expect predicate `existsNoRetry == 1` for object Any (First Match)`
    t =     8.08s         Checking existence of `Any (First Match)`
    t =     8.13s         Capturing element debug description
    t =     9.15s     Checking `Expect predicate `existsNoRetry == 1` for object Any (First Match)`
    t =     9.15s         Checking existence of `Any (First Match)`
    t =     9.19s         Capturing element debug description
    t =    10.12s     Checking `Expect predicate `existsNoRetry == 1` for object Any (First Match)`
    t =    10.12s         Checking existence of `Any (First Match)`
    t =    10.16s         Capturing element debug description
    t =    11.08s     Checking `Expect predicate `existsNoRetry == 1` for object Any (First Match)`
    t =    11.08s         Checking existence of `Any (First Match)`
    t =    11.12s         Capturing element debug description
    t =    12.06s     Checking `Expect predicate `existsNoRetry == 1` for object Any (First Match)`
    t =    12.06s         Checking existence of `Any (First Match)`
    t =    12.09s         Capturing element debug description
    t =    12.09s     Checking existence of `Any (First Match)`
    t =    12.12s Collecting debug information to assist test failure triage
    t =    12.12s     Requesting snapshot of accessibility hierarchy for app with pid 46543
/Users/hem/Documents/opt/my-daily-sprints/FocusBloxUITests/AssignTabBlockEditUITests.swift:103: error: -[FocusBloxUITests.AssignTabBlockEditUITests testEditSheetHasSaveButton] : XCTAssertTrue failed - TDD RED: Cannot test save button - block card identifier not found
    t =    12.16s Tear Down
Test Case '-[FocusBloxUITests.AssignTabBlockEditUITests testEditSheetHasSaveButton]' failed (12.390 seconds).
Test Case '-[FocusBloxUITests.AssignTabBlockEditUITests testFocusBlockCardHasIdentifier]' started (Iteration 1 of 3).
    t =     0.00s Start Test at 2026-01-31 06:37:18.315
    t =     0.02s Set Up
    t =     0.02s     Open com.henning.timebox
    t =     0.02s         Launch com.henning.timebox
    t =     0.02s             Terminate com.henning.timebox:46543
    t =     1.28s             Setting up automation session
    t =     1.98s             Wait for com.henning.timebox to idle
    t =     3.45s Waiting 5.0s for "tab-assign" Button to exist
    t =     4.48s     Checking `Expect predicate `existsNoRetry == 1` for object "tab-assign" Button`
    t =     4.48s         Checking existence of `"tab-assign" Button`
    t =     4.59s Tap "tab-assign" Button
    t =     4.59s     Wait for com.henning.timebox to idle
    t =     4.59s     Find the "tab-assign" Button
    t =     4.63s     Check for interrupting elements affecting "tab-assign" Button
    t =     4.66s     Synthesize event
    t =     4.95s     Wait for com.henning.timebox to idle
    t =     6.96s Find the Target Application 'com.henning.timebox'
    t =     7.10s Added attachment named 'AssignTab-Initial'
    t =     7.10s Waiting 5.0s for Any (First Match) to exist
    t =     8.12s     Checking `Expect predicate `existsNoRetry == 1` for object Any (First Match)`
    t =     8.13s         Checking existence of `Any (First Match)`
    t =     8.17s         Capturing element debug description
    t =     9.19s     Checking `Expect predicate `existsNoRetry == 1` for object Any (First Match)`
    t =     9.19s         Checking existence of `Any (First Match)`
    t =     9.23s         Capturing element debug description
    t =    10.15s     Checking `Expect predicate `existsNoRetry == 1` for object Any (First Match)`
    t =    10.15s         Checking existence of `Any (First Match)`
    t =    10.19s         Capturing element debug description
    t =    11.11s     Checking `Expect predicate `existsNoRetry == 1` for object Any (First Match)`
    t =    11.11s         Checking existence of `Any (First Match)`
    t =    11.15s         Capturing element debug description
    t =    12.11s     Checking `Expect predicate `existsNoRetry == 1` for object Any (First Match)`
    t =    12.11s         Checking existence of `Any (First Match)`
    t =    12.15s         Capturing element debug description
    t =    12.15s     Checking existence of `Any (First Match)`
    t =    12.18s Collecting debug information to assist test failure triage
    t =    12.18s     Requesting snapshot of accessibility hierarchy for app with pid 46567
/Users/hem/Documents/opt/my-daily-sprints/FocusBloxUITests/AssignTabBlockEditUITests.swift:48: error: -[FocusBloxUITests.AssignTabBlockEditUITests testFocusBlockCardHasIdentifier] : XCTAssertTrue failed - TDD RED: FocusBlockCard MUST have identifier starting with 'focusBlockCard_'
    t =    12.22s Tear Down
Test Case '-[FocusBloxUITests.AssignTabBlockEditUITests testFocusBlockCardHasIdentifier]' failed (12.465 seconds).
Test Case '-[FocusBloxUITests.AssignTabBlockEditUITests testFocusBlockCardHasIdentifier]' started (Iteration 2 of 3).
    t =     0.00s Start Test at 2026-01-31 06:37:30.780
    t =     0.02s Set Up
    t =     0.02s     Open com.henning.timebox
    t =     0.02s         Launch com.henning.timebox
    t =     0.02s             Terminate com.henning.timebox:46567
    t =     1.28s             Setting up automation session
    t =     1.97s             Wait for com.henning.timebox to idle
    t =     3.43s Waiting 5.0s for "tab-assign" Button to exist
    t =     4.46s     Checking `Expect predicate `existsNoRetry == 1` for object "tab-assign" Button`
    t =     4.46s         Checking existence of `"tab-assign" Button`
    t =     4.56s Tap "tab-assign" Button
    t =     4.56s     Wait for com.henning.timebox to idle
    t =     4.56s     Find the "tab-assign" Button
    t =     4.60s     Check for interrupting elements affecting "tab-assign" Button
    t =     4.63s     Synthesize event
    t =     4.92s     Wait for com.henning.timebox to idle
    t =     6.93s Find the Target Application 'com.henning.timebox'
    t =     7.05s Added attachment named 'AssignTab-Initial'
    t =     7.05s Waiting 5.0s for Any (First Match) to exist
    t =     8.07s     Checking `Expect predicate `existsNoRetry == 1` for object Any (First Match)`
    t =     8.07s         Checking existence of `Any (First Match)`
    t =     8.11s         Capturing element debug description
    t =     9.13s     Checking `Expect predicate `existsNoRetry == 1` for object Any (First Match)`
    t =     9.13s         Checking existence of `Any (First Match)`
    t =     9.17s         Capturing element debug description
    t =    10.10s     Checking `Expect predicate `existsNoRetry == 1` for object Any (First Match)`
    t =    10.10s         Checking existence of `Any (First Match)`
    t =    10.14s         Capturing element debug description
    t =    11.06s     Checking `Expect predicate `existsNoRetry == 1` for object Any (First Match)`
    t =    11.06s         Checking existence of `Any (First Match)`
    t =    11.10s         Capturing element debug description
    t =    12.05s     Checking `Expect predicate `existsNoRetry == 1` for object Any (First Match)`
    t =    12.05s         Checking existence of `Any (First Match)`
    t =    12.09s         Capturing element debug description
    t =    12.09s     Checking existence of `Any (First Match)`
    t =    12.12s Collecting debug information to assist test failure triage
    t =    12.12s     Requesting snapshot of accessibility hierarchy for app with pid 46595
/Users/hem/Documents/opt/my-daily-sprints/FocusBloxUITests/AssignTabBlockEditUITests.swift:48: error: -[FocusBloxUITests.AssignTabBlockEditUITests testFocusBlockCardHasIdentifier] : XCTAssertTrue failed - TDD RED: FocusBlockCard MUST have identifier starting with 'focusBlockCard_'
    t =    12.16s Tear Down
Test Case '-[FocusBloxUITests.AssignTabBlockEditUITests testFocusBlockCardHasIdentifier]' failed (12.389 seconds).
Test Case '-[FocusBloxUITests.AssignTabBlockEditUITests testFocusBlockCardHasIdentifier]' started (Iteration 3 of 3).
    t =     0.00s Start Test at 2026-01-31 06:37:43.170
    t =     0.02s Set Up
    t =     0.02s     Open com.henning.timebox
    t =     0.02s         Launch com.henning.timebox
    t =     0.02s             Terminate com.henning.timebox:46595
    t =     1.28s             Setting up automation session
    t =     1.95s             Wait for com.henning.timebox to idle
    t =     3.44s Waiting 5.0s for "tab-assign" Button to exist
    t =     4.46s     Checking `Expect predicate `existsNoRetry == 1` for object "tab-assign" Button`
    t =     4.46s         Checking existence of `"tab-assign" Button`
    t =     4.56s Tap "tab-assign" Button
    t =     4.56s     Wait for com.henning.timebox to idle
    t =     4.57s     Find the "tab-assign" Button
    t =     4.60s     Check for interrupting elements affecting "tab-assign" Button
    t =     4.64s     Synthesize event
    t =     4.93s     Wait for com.henning.timebox to idle
    t =     6.93s Find the Target Application 'com.henning.timebox'
    t =     7.05s Added attachment named 'AssignTab-Initial'
    t =     7.05s Waiting 5.0s for Any (First Match) to exist
    t =     8.09s     Checking `Expect predicate `existsNoRetry == 1` for object Any (First Match)`
    t =     8.09s         Checking existence of `Any (First Match)`
    t =     8.13s         Capturing element debug description
    t =     9.06s     Checking `Expect predicate `existsNoRetry == 1` for object Any (First Match)`
    t =     9.07s         Checking existence of `Any (First Match)`
    t =     9.11s         Capturing element debug description
    t =    10.13s     Checking `Expect predicate `existsNoRetry == 1` for object Any (First Match)`
    t =    10.13s         Checking existence of `Any (First Match)`
    t =    10.18s         Capturing element debug description
    t =    11.09s     Checking `Expect predicate `existsNoRetry == 1` for object Any (First Match)`
    t =    11.09s         Checking existence of `Any (First Match)`
    t =    11.14s         Capturing element debug description
    t =    12.06s     Checking `Expect predicate `existsNoRetry == 1` for object Any (First Match)`
    t =    12.06s         Checking existence of `Any (First Match)`
    t =    12.10s         Capturing element debug description
    t =    12.10s     Checking existence of `Any (First Match)`
    t =    12.13s Collecting debug information to assist test failure triage
    t =    12.13s     Requesting snapshot of accessibility hierarchy for app with pid 46666
/Users/hem/Documents/opt/my-daily-sprints/FocusBloxUITests/AssignTabBlockEditUITests.swift:48: error: -[FocusBloxUITests.AssignTabBlockEditUITests testFocusBlockCardHasIdentifier] : XCTAssertTrue failed - TDD RED: FocusBlockCard MUST have identifier starting with 'focusBlockCard_'
    t =    12.16s Tear Down
Test Case '-[FocusBloxUITests.AssignTabBlockEditUITests testFocusBlockCardHasIdentifier]' failed (12.388 seconds).
Test Case '-[FocusBloxUITests.AssignTabBlockEditUITests testTapBlockCardOpensEditSheet]' started (Iteration 1 of 3).
    t =     0.00s Start Test at 2026-01-31 06:37:55.558
    t =     0.02s Set Up
    t =     0.02s     Open com.henning.timebox
    t =     0.02s         Launch com.henning.timebox
    t =     0.02s             Terminate com.henning.timebox:46666
    t =     1.28s             Setting up automation session
    t =     1.95s             Wait for com.henning.timebox to idle
    t =     3.44s Waiting 5.0s for "tab-assign" Button to exist
    t =     4.47s     Checking `Expect predicate `existsNoRetry == 1` for object "tab-assign" Button`
    t =     4.47s         Checking existence of `"tab-assign" Button`
    t =     4.58s Tap "tab-assign" Button
    t =     4.58s     Wait for com.henning.timebox to idle
    t =     4.58s     Find the "tab-assign" Button
    t =     4.62s     Check for interrupting elements affecting "tab-assign" Button
    t =     4.66s     Synthesize event
    t =     4.94s     Wait for com.henning.timebox to idle
    t =     6.95s Find the Target Application 'com.henning.timebox'
    t =     7.06s Added attachment named 'AssignTab-BeforeTap'
    t =     7.06s Waiting 5.0s for Any (First Match) to exist
    t =     8.09s     Checking `Expect predicate `existsNoRetry == 1` for object Any (First Match)`
    t =     8.09s         Checking existence of `Any (First Match)`
    t =     8.13s         Capturing element debug description
    t =     9.16s     Checking `Expect predicate `existsNoRetry == 1` for object Any (First Match)`
    t =     9.16s         Checking existence of `Any (First Match)`
    t =     9.20s         Capturing element debug description
    t =    10.12s     Checking `Expect predicate `existsNoRetry == 1` for object Any (First Match)`
    t =    10.12s         Checking existence of `Any (First Match)`
    t =    10.16s         Capturing element debug description
    t =    11.08s     Checking `Expect predicate `existsNoRetry == 1` for object Any (First Match)`
    t =    11.08s         Checking existence of `Any (First Match)`
    t =    11.12s         Capturing element debug description
    t =    12.07s     Checking `Expect predicate `existsNoRetry == 1` for object Any (First Match)`
    t =    12.07s         Checking existence of `Any (First Match)`
    t =    12.11s         Capturing element debug description
    t =    12.11s     Checking existence of `Any (First Match)`
    t =    12.14s Collecting debug information to assist test failure triage
    t =    12.14s     Requesting snapshot of accessibility hierarchy for app with pid 46698
/Users/hem/Documents/opt/my-daily-sprints/FocusBloxUITests/AssignTabBlockEditUITests.swift:69: error: -[FocusBloxUITests.AssignTabBlockEditUITests testTapBlockCardOpensEditSheet] : XCTAssertTrue failed - TDD RED: Cannot tap block card - identifier 'focusBlockCard_' not found
    t =    12.18s Tear Down
Test Case '-[FocusBloxUITests.AssignTabBlockEditUITests testTapBlockCardOpensEditSheet]' failed (12.400 seconds).
Test Case '-[FocusBloxUITests.AssignTabBlockEditUITests testTapBlockCardOpensEditSheet]' started (Iteration 2 of 3).
    t =     0.00s Start Test at 2026-01-31 06:38:07.959
    t =     0.02s Set Up
    t =     0.02s     Open com.henning.timebox
    t =     0.02s         Launch com.henning.timebox
    t =     0.02s             Terminate com.henning.timebox:46698
    t =     1.28s             Setting up automation session
    t =     1.97s             Wait for com.henning.timebox to idle
    t =     3.46s Waiting 5.0s for "tab-assign" Button to exist
    t =     4.48s     Checking `Expect predicate `existsNoRetry == 1` for object "tab-assign" Button`
    t =     4.49s         Checking existence of `"tab-assign" Button`
    t =     4.59s Tap "tab-assign" Button
    t =     4.59s     Wait for com.henning.timebox to idle
    t =     4.59s     Find the "tab-assign" Button
    t =     4.63s     Check for interrupting elements affecting "tab-assign" Button
    t =     4.67s     Synthesize event
    t =     4.95s     Wait for com.henning.timebox to idle
    t =     6.97s Find the Target Application 'com.henning.timebox'
    t =     7.09s Added attachment named 'AssignTab-BeforeTap'
    t =     7.09s Waiting 5.0s for Any (First Match) to exist
    t =     8.15s     Checking `Expect predicate `existsNoRetry == 1` for object Any (First Match)`
    t =     8.15s         Checking existence of `Any (First Match)`
    t =     8.20s         Capturing element debug description
    t =     9.15s     Checking `Expect predicate `existsNoRetry == 1` for object Any (First Match)`
    t =     9.15s         Checking existence of `Any (First Match)`
    t =     9.20s         Capturing element debug description
    t =    10.14s     Checking `Expect predicate `existsNoRetry == 1` for object Any (First Match)`
    t =    10.15s         Checking existence of `Any (First Match)`
    t =    10.20s         Capturing element debug description
    t =    11.15s     Checking `Expect predicate `existsNoRetry == 1` for object Any (First Match)`
    t =    11.15s         Checking existence of `Any (First Match)`
    t =    11.19s         Capturing element debug description
    t =    12.10s     Checking `Expect predicate `existsNoRetry == 1` for object Any (First Match)`
    t =    12.10s         Checking existence of `Any (First Match)`
    t =    12.14s         Capturing element debug description
    t =    12.14s     Checking existence of `Any (First Match)`
    t =    12.17s Collecting debug information to assist test failure triage
    t =    12.17s     Requesting snapshot of accessibility hierarchy for app with pid 46737
/Users/hem/Documents/opt/my-daily-sprints/FocusBloxUITests/AssignTabBlockEditUITests.swift:69: error: -[FocusBloxUITests.AssignTabBlockEditUITests testTapBlockCardOpensEditSheet] : XCTAssertTrue failed - TDD RED: Cannot tap block card - identifier 'focusBlockCard_' not found
    t =    12.21s Tear Down
Test Case '-[FocusBloxUITests.AssignTabBlockEditUITests testTapBlockCardOpensEditSheet]' failed (12.430 seconds).
Test Case '-[FocusBloxUITests.AssignTabBlockEditUITests testTapBlockCardOpensEditSheet]' started (Iteration 3 of 3).
    t =     0.00s Start Test at 2026-01-31 06:38:20.390
    t =     0.02s Set Up
    t =     0.03s     Open com.henning.timebox
    t =     0.03s         Launch com.henning.timebox
    t =     0.03s             Terminate com.henning.timebox:46737
    t =     1.34s             Setting up automation session
    t =     2.13s             Wait for com.henning.timebox to idle
    t =     3.79s Waiting 5.0s for "tab-assign" Button to exist
    t =     4.86s     Checking `Expect predicate `existsNoRetry == 1` for object "tab-assign" Button`
    t =     4.87s         Checking existence of `"tab-assign" Button`
    t =     5.04s Tap "tab-assign" Button
    t =     5.04s     Wait for com.henning.timebox to idle
    t =     5.04s     Find the "tab-assign" Button
    t =     5.09s     Check for interrupting elements affecting "tab-assign" Button
    t =     5.17s     Synthesize event
    t =     5.47s     Wait for com.henning.timebox to idle
    t =     7.48s Find the Target Application 'com.henning.timebox'
    t =     7.66s Added attachment named 'AssignTab-BeforeTap'
    t =     7.66s Waiting 5.0s for Any (First Match) to exist
    t =     8.69s     Checking `Expect predicate `existsNoRetry == 1` for object Any (First Match)`
    t =     8.69s         Checking existence of `Any (First Match)`
    t =     8.72s         Capturing element debug description
    t =     9.67s     Checking `Expect predicate `existsNoRetry == 1` for object Any (First Match)`
    t =     9.67s         Checking existence of `Any (First Match)`
    t =     9.70s         Capturing element debug description
    t =    10.74s     Checking `Expect predicate `existsNoRetry == 1` for object Any (First Match)`
    t =    10.74s         Checking existence of `Any (First Match)`
    t =    10.78s         Capturing element debug description
    t =    11.72s     Checking `Expect predicate `existsNoRetry == 1` for object Any (First Match)`
    t =    11.72s         Checking existence of `Any (First Match)`
    t =    11.77s         Capturing element debug description
    t =    12.66s     Checking `Expect predicate `existsNoRetry == 1` for object Any (First Match)`
    t =    12.66s         Checking existence of `Any (First Match)`
    t =    12.70s         Capturing element debug description
    t =    12.70s     Checking existence of `Any (First Match)`
    t =    12.73s Collecting debug information to assist test failure triage
    t =    12.73s     Requesting snapshot of accessibility hierarchy for app with pid 46768
/Users/hem/Documents/opt/my-daily-sprints/FocusBloxUITests/AssignTabBlockEditUITests.swift:69: error: -[FocusBloxUITests.AssignTabBlockEditUITests testTapBlockCardOpensEditSheet] : XCTAssertTrue failed - TDD RED: Cannot tap block card - identifier 'focusBlockCard_' not found
    t =    12.77s Tear Down
Test Case '-[FocusBloxUITests.AssignTabBlockEditUITests testTapBlockCardOpensEditSheet]' failed (12.998 seconds).
Test Suite 'AssignTabBlockEditUITests' failed at 2026-01-31 06:38:33.390.
	 Executed 12 tests, with 12 failures (0 unexpected) in 152.315 (152.323) seconds
Test Suite 'FocusBloxUITests.xctest' failed at 2026-01-31 06:38:33.390.
	 Executed 12 tests, with 12 failures (0 unexpected) in 152.315 (152.324) seconds
Test Suite 'Selected tests' failed at 2026-01-31 06:38:33.391.
	 Executed 12 tests, with 12 failures (0 unexpected) in 152.315 (152.326) seconds
2026-01-31 06:38:51.890 xcodebuild[46129:42766836] [MT] IDETestOperationsObserverDebug: 181.259 elapsed -- Testing started completed.
2026-01-31 06:38:51.890 xcodebuild[46129:42766836] [MT] IDETestOperationsObserverDebug: 0.000 sec, +0.000 sec -- start
2026-01-31 06:38:51.890 xcodebuild[46129:42766836] [MT] IDETestOperationsObserverDebug: 181.259 sec, +181.259 sec -- end

Test session results, code coverage, and logs:
	/Users/hem/Documents/opt/my-daily-sprints/TestResults_1769837742.xcresult

** TEST FAILED **

Testing started
[0;31m[ERROR][0m Exit Code 65: Test-Failure

[0;34m[INFO][0m Fehlgeschlagene Tests:
/Users/hem/Documents/opt/my-daily-sprints/FocusBloxUITests/AssignTabBlockEditUITests.swift:123: error: -[FocusBloxUITests.AssignTabBlockEditUITests testEditSheetHasDeleteButton] : XCTAssertTrue failed - TDD RED: Cannot test delete button - block card identifier not found
Test Case '-[FocusBloxUITests.AssignTabBlockEditUITests testEditSheetHasDeleteButton]' failed (15.035 seconds).
/Users/hem/Documents/opt/my-daily-sprints/FocusBloxUITests/AssignTabBlockEditUITests.swift:123: error: -[FocusBloxUITests.AssignTabBlockEditUITests testEditSheetHasDeleteButton] : XCTAssertTrue failed - TDD RED: Cannot test delete button - block card identifier not found
Test Case '-[FocusBloxUITests.AssignTabBlockEditUITests testEditSheetHasDeleteButton]' failed (12.929 seconds).
/Users/hem/Documents/opt/my-daily-sprints/FocusBloxUITests/AssignTabBlockEditUITests.swift:123: error: -[FocusBloxUITests.AssignTabBlockEditUITests testEditSheetHasDeleteButton] : XCTAssertTrue failed - TDD RED: Cannot test delete button - block card identifier not found
Test Case '-[FocusBloxUITests.AssignTabBlockEditUITests testEditSheetHasDeleteButton]' failed (12.315 seconds).
/Users/hem/Documents/opt/my-daily-sprints/FocusBloxUITests/AssignTabBlockEditUITests.swift:103: error: -[FocusBloxUITests.AssignTabBlockEditUITests testEditSheetHasSaveButton] : XCTAssertTrue failed - TDD RED: Cannot test save button - block card identifier not found
Test Case '-[FocusBloxUITests.AssignTabBlockEditUITests testEditSheetHasSaveButton]' failed (12.294 seconds).
/Users/hem/Documents/opt/my-daily-sprints/FocusBloxUITests/AssignTabBlockEditUITests.swift:103: error: -[FocusBloxUITests.AssignTabBlockEditUITests testEditSheetHasSaveButton] : XCTAssertTrue failed - TDD RED: Cannot test save button - block card identifier not found
Test Case '-[FocusBloxUITests.AssignTabBlockEditUITests testEditSheetHasSaveButton]' failed (12.281 seconds).
/Users/hem/Documents/opt/my-daily-sprints/FocusBloxUITests/AssignTabBlockEditUITests.swift:103: error: -[FocusBloxUITests.AssignTabBlockEditUITests testEditSheetHasSaveButton] : XCTAssertTrue failed - TDD RED: Cannot test save button - block card identifier not found
Test Case '-[FocusBloxUITests.AssignTabBlockEditUITests testEditSheetHasSaveButton]' failed (12.390 seconds).
/Users/hem/Documents/opt/my-daily-sprints/FocusBloxUITests/AssignTabBlockEditUITests.swift:48: error: -[FocusBloxUITests.AssignTabBlockEditUITests testFocusBlockCardHasIdentifier] : XCTAssertTrue failed - TDD RED: FocusBlockCard MUST have identifier starting with 'focusBlockCard_'
Test Case '-[FocusBloxUITests.AssignTabBlockEditUITests testFocusBlockCardHasIdentifier]' failed (12.465 seconds).
/Users/hem/Documents/opt/my-daily-sprints/FocusBloxUITests/AssignTabBlockEditUITests.swift:48: error: -[FocusBloxUITests.AssignTabBlockEditUITests testFocusBlockCardHasIdentifier] : XCTAssertTrue failed - TDD RED: FocusBlockCard MUST have identifier starting with 'focusBlockCard_'
Test Case '-[FocusBloxUITests.AssignTabBlockEditUITests testFocusBlockCardHasIdentifier]' failed (12.389 seconds).
/Users/hem/Documents/opt/my-daily-sprints/FocusBloxUITests/AssignTabBlockEditUITests.swift:48: error: -[FocusBloxUITests.AssignTabBlockEditUITests testFocusBlockCardHasIdentifier] : XCTAssertTrue failed - TDD RED: FocusBlockCard MUST have identifier starting with 'focusBlockCard_'
Test Case '-[FocusBloxUITests.AssignTabBlockEditUITests testFocusBlockCardHasIdentifier]' failed (12.388 seconds).
/Users/hem/Documents/opt/my-daily-sprints/FocusBloxUITests/AssignTabBlockEditUITests.swift:69: error: -[FocusBloxUITests.AssignTabBlockEditUITests testTapBlockCardOpensEditSheet] : XCTAssertTrue failed - TDD RED: Cannot tap block card - identifier 'focusBlockCard_' not found
Test Case '-[FocusBloxUITests.AssignTabBlockEditUITests testTapBlockCardOpensEditSheet]' failed (12.400 seconds).
[1;33m[WARN][0m Retry in 3 Sekunden...
[0;34m[INFO][0m Phase 2: Tests ausfuehren (Versuch 2/2)...
[0;34m[INFO][0m Teste nur: AssignTabBlockEditUITests
Command line invocation:
    /Applications/Xcode.app/Contents/Developer/usr/bin/xcodebuild test -project FocusBlox.xcodeproj -scheme FocusBlox -destination id=6364A54B-5048-4346-899E-FFB67E630D53 "-only-testing:FocusBloxUITests/AssignTabBlockEditUITests" -parallel-testing-enabled NO -disable-concurrent-destination-testing -retry-tests-on-failure -resultBundlePath TestResults_1769837936.xcresult CODE_SIGNING_ALLOWED=NO

Build settings from command line:
    CODE_SIGNING_ALLOWED = NO

Retrying tests on failure. Running tests repeatedly up to 3 times. Pass -test-iterations also to override the default of running up to 3 times.

Writing result bundle at path:
	/Users/hem/Documents/opt/my-daily-sprints/TestResults_1769837936.xcresult

ComputePackagePrebuildTargetDependencyGraph

Prepare packages

CreateBuildRequest

SendProjectDescription

CreateBuildOperation

ComputeTargetDependencyGraph
note: Building targets in dependency order
note: Target dependency graph (5 targets)
    Target 'FocusBloxUITests' in project 'FocusBlox'
        âžœ Explicit dependency on target 'FocusBlox' in project 'FocusBlox'
    Target 'FocusBloxTests' in project 'FocusBlox'
        âžœ Explicit dependency on target 'FocusBlox' in project 'FocusBlox'
    Target 'FocusBlox' in project 'FocusBlox'
        âžœ Explicit dependency on target 'FocusBloxWidgetsExtension' in project 'FocusBlox'
        âžœ Explicit dependency on target 'FocusBloxCore' in project 'FocusBlox'
    Target 'FocusBloxWidgetsExtension' in project 'FocusBlox'
        âžœ Explicit dependency on target 'FocusBloxCore' in project 'FocusBlox'
    Target 'FocusBloxCore' in project 'FocusBlox' (no dependencies)

GatherProvisioningInputs

CreateBuildDescription

ExecuteExternalTool /Applications/Xcode.app/Contents/Developer/Toolchains/XcodeDefault.xctoolchain/usr/bin/clang -v -E -dM -isysroot /Applications/Xcode.app/Contents/Developer/Platforms/iPhoneSimulator.platform/Developer/SDKs/iPhoneSimulator26.2.sdk -x c -c /dev/null

ExecuteExternalTool /Applications/Xcode.app/Contents/Developer/Toolchains/XcodeDefault.xctoolchain/usr/bin/clang -v -E -dM -arch arm64 -isysroot /Applications/Xcode.app/Contents/Developer/Platforms/iPhoneSimulator.platform/Developer/SDKs/iPhoneSimulator26.2.sdk -x c -c /dev/null

ExecuteExternalTool /Applications/Xcode.app/Contents/Developer/usr/bin/actool --version --output-format xml1

ExecuteExternalTool /Applications/Xcode.app/Contents/Developer/Toolchains/XcodeDefault.xctoolchain/usr/bin/swiftc --version

ExecuteExternalTool /Applications/Xcode.app/Contents/Developer/usr/bin/actool --print-asset-tag-combinations --output-format xml1 /Users/hem/Documents/opt/my-daily-sprints/Resources/Assets.xcassets

ExecuteExternalTool /Applications/Xcode.app/Contents/Developer/Toolchains/XcodeDefault.xctoolchain/usr/bin/ld -version_details

ReadFileContents /Applications/Xcode.app/Contents/Developer/Toolchains/XcodeDefault.xctoolchain/usr/share/docc/features.json

Build description signature: dd50c200c85b5b7fba7615eca6a0a06f
Build description path: /Users/hem/Library/Developer/Xcode/DerivedData/FocusBlox-awtxlldmubwqcwggsrfosewjcyoq/Build/Intermediates.noindex/XCBuildData/dd50c200c85b5b7fba7615eca6a0a06f.xcbuilddata
ClangStatCache /Applications/Xcode.app/Contents/Developer/Toolchains/XcodeDefault.xctoolchain/usr/bin/clang-stat-cache /Applications/Xcode.app/Contents/Developer/Platforms/iPhoneSimulator.platform/Developer/SDKs/iPhoneSimulator26.2.sdk /Users/hem/Library/Developer/Xcode/DerivedData/SDKStatCaches.noindex/iphonesimulator26.2-23C53-7d00a8b37fbd7999ea79df8ebc024bf0.sdkstatcache
    cd /Users/hem/Documents/opt/my-daily-sprints/FocusBlox.xcodeproj
    /Applications/Xcode.app/Contents/Developer/Toolchains/XcodeDefault.xctoolchain/usr/bin/clang-stat-cache /Applications/Xcode.app/Contents/Developer/Platforms/iPhoneSimulator.platform/Developer/SDKs/iPhoneSimulator26.2.sdk -o /Users/hem/Library/Developer/Xcode/DerivedData/SDKStatCaches.noindex/iphonesimulator26.2-23C53-7d00a8b37fbd7999ea79df8ebc024bf0.sdkstatcache

ProcessInfoPlistFile /Users/hem/Library/Developer/Xcode/DerivedData/FocusBlox-awtxlldmubwqcwggsrfosewjcyoq/Build/Products/Debug-iphonesimulator/FocusBloxCore.framework/Info.plist /Users/hem/Library/Developer/Xcode/DerivedData/FocusBlox-awtxlldmubwqcwggsrfosewjcyoq/Build/Intermediates.noindex/FocusBlox.build/Debug-iphonesimulator/FocusBloxCore.build/empty-FocusBloxCore.plist (in target 'FocusBloxCore' from project 'FocusBlox')
    cd /Users/hem/Documents/opt/my-daily-sprints
    builtin-infoPlistUtility /Users/hem/Library/Developer/Xcode/DerivedData/FocusBlox-awtxlldmubwqcwggsrfosewjcyoq/Build/Intermediates.noindex/FocusBlox.build/Debug-iphonesimulator/FocusBloxCore.build/empty-FocusBloxCore.plist -producttype com.apple.product-type.framework -expandbuildsettings -format binary -platform iphonesimulator -o /Users/hem/Library/Developer/Xcode/DerivedData/FocusBlox-awtxlldmubwqcwggsrfosewjcyoq/Build/Products/Debug-iphonesimulator/FocusBloxCore.framework/Info.plist

ProcessInfoPlistFile /Users/hem/Library/Developer/Xcode/DerivedData/FocusBlox-awtxlldmubwqcwggsrfosewjcyoq/Build/Products/Debug-iphonesimulator/FocusBloxWidgetsExtension.appex/Info.plist /Users/hem/Documents/opt/my-daily-sprints/FocusBloxWidgets/Info.plist (in target 'FocusBloxWidgetsExtension' from project 'FocusBlox')
    cd /Users/hem/Documents/opt/my-daily-sprints
    builtin-infoPlistUtility /Users/hem/Documents/opt/my-daily-sprints/FocusBloxWidgets/Info.plist -producttype com.apple.product-type.app-extension -expandbuildsettings -format binary -platform iphonesimulator -additionalcontentfile /Users/hem/Library/Developer/Xcode/DerivedData/FocusBlox-awtxlldmubwqcwggsrfosewjcyoq/Build/Intermediates.noindex/FocusBlox.build/Debug-iphonesimulator/FocusBloxWidgetsExtension.build/assetcatalog_generated_info.plist -o /Users/hem/Library/Developer/Xcode/DerivedData/FocusBlox-awtxlldmubwqcwggsrfosewjcyoq/Build/Products/Debug-iphonesimulator/FocusBloxWidgetsExtension.appex/Info.plist

Copy /Users/hem/Library/Developer/Xcode/DerivedData/FocusBlox-awtxlldmubwqcwggsrfosewjcyoq/Build/Products/Debug-iphonesimulator/FocusBlox.app/PlugIns/FocusBloxWidgetsExtension.appex /Users/hem/Library/Developer/Xcode/DerivedData/FocusBlox-awtxlldmubwqcwggsrfosewjcyoq/Build/Products/Debug-iphonesimulator/FocusBloxWidgetsExtension.appex (in target 'FocusBlox' from project 'FocusBlox')
    cd /Users/hem/Documents/opt/my-daily-sprints
    builtin-copy -exclude .DS_Store -exclude CVS -exclude .svn -exclude .git -exclude .hg -exclude Headers -exclude PrivateHeaders -exclude Modules -exclude \*.tbd -resolve-src-symlinks -remove-static-executable /Users/hem/Library/Developer/Xcode/DerivedData/FocusBlox-awtxlldmubwqcwggsrfosewjcyoq/Build/Products/Debug-iphonesimulator/FocusBloxWidgetsExtension.appex /Users/hem/Library/Developer/Xcode/DerivedData/FocusBlox-awtxlldmubwqcwggsrfosewjcyoq/Build/Products/Debug-iphonesimulator/FocusBlox.app/PlugIns

CopySwiftLibs /Users/hem/Library/Developer/Xcode/DerivedData/FocusBlox-awtxlldmubwqcwggsrfosewjcyoq/Build/Products/Debug-iphonesimulator/FocusBlox.app (in target 'FocusBlox' from project 'FocusBlox')
    cd /Users/hem/Documents/opt/my-daily-sprints
    builtin-swiftStdLibTool --copy --verbose --scan-executable /Users/hem/Library/Developer/Xcode/DerivedData/FocusBlox-awtxlldmubwqcwggsrfosewjcyoq/Build/Products/Debug-iphonesimulator/FocusBlox.app/FocusBlox.debug.dylib --scan-folder /Users/hem/Library/Developer/Xcode/DerivedData/FocusBlox-awtxlldmubwqcwggsrfosewjcyoq/Build/Products/Debug-iphonesimulator/FocusBlox.app/Frameworks --scan-folder /Users/hem/Library/Developer/Xcode/DerivedData/FocusBlox-awtxlldmubwqcwggsrfosewjcyoq/Build/Products/Debug-iphonesimulator/FocusBlox.app/PlugIns --scan-folder /Users/hem/Library/Developer/Xcode/DerivedData/FocusBlox-awtxlldmubwqcwggsrfosewjcyoq/Build/Products/Debug-iphonesimulator/FocusBlox.app/SystemExtensions --scan-folder /Users/hem/Library/Developer/Xcode/DerivedData/FocusBlox-awtxlldmubwqcwggsrfosewjcyoq/Build/Products/Debug-iphonesimulator/FocusBlox.app/Extensions --scan-folder /Users/hem/Library/Developer/Xcode/DerivedData/FocusBlox-awtxlldmubwqcwggsrfosewjcyoq/Build/Products/Debug-iphonesimulator/FocusBloxCore.framework --platform iphonesimulator --toolchain /Applications/Xcode.app/Contents/Developer/Toolchains/XcodeDefault.xctoolchain --destination /Users/hem/Library/Developer/Xcode/DerivedData/FocusBlox-awtxlldmubwqcwggsrfosewjcyoq/Build/Products/Debug-iphonesimulator/FocusBlox.app/Frameworks --strip-bitcode --strip-bitcode-tool /Applications/Xcode.app/Contents/Developer/Toolchains/XcodeDefault.xctoolchain/usr/bin/bitcode_strip --emit-dependency-info /Users/hem/Library/Developer/Xcode/DerivedData/FocusBlox-awtxlldmubwqcwggsrfosewjcyoq/Build/Intermediates.noindex/FocusBlox.build/Debug-iphonesimulator/FocusBlox.build/SwiftStdLibToolInputDependencies.dep --filter-for-swift-os
Ignoring --strip-bitcode because --sign was not passed

ProcessInfoPlistFile /Users/hem/Library/Developer/Xcode/DerivedData/FocusBlox-awtxlldmubwqcwggsrfosewjcyoq/Build/Products/Debug-iphonesimulator/FocusBlox.app/Info.plist /Users/hem/Documents/opt/my-daily-sprints/Resources/Info.plist (in target 'FocusBlox' from project 'FocusBlox')
    cd /Users/hem/Documents/opt/my-daily-sprints
    builtin-infoPlistUtility /Users/hem/Documents/opt/my-daily-sprints/Resources/Info.plist -producttype com.apple.product-type.application -genpkginfo /Users/hem/Library/Developer/Xcode/DerivedData/FocusBlox-awtxlldmubwqcwggsrfosewjcyoq/Build/Products/Debug-iphonesimulator/FocusBlox.app/PkgInfo -expandbuildsettings -format binary -platform iphonesimulator -additionalcontentfile /Users/hem/Library/Developer/Xcode/DerivedData/FocusBlox-awtxlldmubwqcwggsrfosewjcyoq/Build/Intermediates.noindex/FocusBlox.build/Debug-iphonesimulator/FocusBlox.build/assetcatalog_generated_info.plist -scanforprivacyfile /Users/hem/Library/Developer/Xcode/DerivedData/FocusBlox-awtxlldmubwqcwggsrfosewjcyoq/Build/Products/Debug-iphonesimulator/FocusBlox.app/Frameworks/FocusBloxCore.framework -scanforprivacyfile /Users/hem/Library/Developer/Xcode/DerivedData/FocusBlox-awtxlldmubwqcwggsrfosewjcyoq/Build/Products/Debug-iphonesimulator/FocusBlox.app/PlugIns/FocusBloxWidgetsExtension.appex -o /Users/hem/Library/Developer/Xcode/DerivedData/FocusBlox-awtxlldmubwqcwggsrfosewjcyoq/Build/Products/Debug-iphonesimulator/FocusBlox.app/Info.plist
warning: 'UIRequiresFullScreen' has been deprecated starting in iOS 26.0 and will be ignored in a future release. See the UIRequiresFullScreen documentation for more details. (in target 'FocusBlox' from project 'FocusBlox')

ProcessInfoPlistFile /Users/hem/Library/Developer/Xcode/DerivedData/FocusBlox-awtxlldmubwqcwggsrfosewjcyoq/Build/Products/Debug-iphonesimulator/FocusBlox.app/PlugIns/FocusBloxTests.xctest/Info.plist /Users/hem/Library/Developer/Xcode/DerivedData/FocusBlox-awtxlldmubwqcwggsrfosewjcyoq/Build/Intermediates.noindex/FocusBlox.build/Debug-iphonesimulator/FocusBloxTests.build/empty-FocusBloxTests.plist (in target 'FocusBloxTests' from project 'FocusBlox')
    cd /Users/hem/Documents/opt/my-daily-sprints
    builtin-infoPlistUtility /Users/hem/Library/Developer/Xcode/DerivedData/FocusBlox-awtxlldmubwqcwggsrfosewjcyoq/Build/Intermediates.noindex/FocusBlox.build/Debug-iphonesimulator/FocusBloxTests.build/empty-FocusBloxTests.plist -producttype com.apple.product-type.bundle.unit-test -expandbuildsettings -format binary -platform iphonesimulator -o /Users/hem/Library/Developer/Xcode/DerivedData/FocusBlox-awtxlldmubwqcwggsrfosewjcyoq/Build/Products/Debug-iphonesimulator/FocusBlox.app/PlugIns/FocusBloxTests.xctest/Info.plist

CopySwiftLibs /Users/hem/Library/Developer/Xcode/DerivedData/FocusBlox-awtxlldmubwqcwggsrfosewjcyoq/Build/Products/Debug-iphonesimulator/FocusBlox.app/PlugIns/FocusBloxTests.xctest (in target 'FocusBloxTests' from project 'FocusBlox')
    cd /Users/hem/Documents/opt/my-daily-sprints
    builtin-swiftStdLibTool --copy --verbose --scan-executable /Users/hem/Library/Developer/Xcode/DerivedData/FocusBlox-awtxlldmubwqcwggsrfosewjcyoq/Build/Products/Debug-iphonesimulator/FocusBlox.app/PlugIns/FocusBloxTests.xctest/FocusBloxTests --scan-folder /Users/hem/Library/Developer/Xcode/DerivedData/FocusBlox-awtxlldmubwqcwggsrfosewjcyoq/Build/Products/Debug-iphonesimulator/FocusBlox.app/PlugIns/FocusBloxTests.xctest/Frameworks --scan-folder /Users/hem/Library/Developer/Xcode/DerivedData/FocusBlox-awtxlldmubwqcwggsrfosewjcyoq/Build/Products/Debug-iphonesimulator/FocusBlox.app/PlugIns/FocusBloxTests.xctest/PlugIns --scan-folder /Users/hem/Library/Developer/Xcode/DerivedData/FocusBlox-awtxlldmubwqcwggsrfosewjcyoq/Build/Products/Debug-iphonesimulator/FocusBlox.app/PlugIns/FocusBloxTests.xctest/SystemExtensions --scan-folder /Users/hem/Library/Developer/Xcode/DerivedData/FocusBlox-awtxlldmubwqcwggsrfosewjcyoq/Build/Products/Debug-iphonesimulator/FocusBlox.app/PlugIns/FocusBloxTests.xctest/Extensions --platform iphonesimulator --toolchain /Applications/Xcode.app/Contents/Developer/Toolchains/XcodeDefault.xctoolchain --destination /Users/hem/Library/Developer/Xcode/DerivedData/FocusBlox-awtxlldmubwqcwggsrfosewjcyoq/Build/Products/Debug-iphonesimulator/FocusBlox.app/PlugIns/FocusBloxTests.xctest/Frameworks --strip-bitcode --scan-executable /Applications/Xcode.app/Contents/Developer/Platforms/iPhoneSimulator.platform/Developer/usr/lib/libXCTestSwiftSupport.dylib --strip-bitcode-tool /Applications/Xcode.app/Contents/Developer/Toolchains/XcodeDefault.xctoolchain/usr/bin/bitcode_strip --emit-dependency-info /Users/hem/Library/Developer/Xcode/DerivedData/FocusBlox-awtxlldmubwqcwggsrfosewjcyoq/Build/Intermediates.noindex/FocusBlox.build/Debug-iphonesimulator/FocusBloxTests.build/SwiftStdLibToolInputDependencies.dep --filter-for-swift-os
Ignoring --strip-bitcode because --sign was not passed

ValidateEmbeddedBinary /Users/hem/Library/Developer/Xcode/DerivedData/FocusBlox-awtxlldmubwqcwggsrfosewjcyoq/Build/Products/Debug-iphonesimulator/FocusBlox.app/PlugIns/FocusBloxWidgetsExtension.appex (in target 'FocusBlox' from project 'FocusBlox')
    cd /Users/hem/Documents/opt/my-daily-sprints
    /Applications/Xcode.app/Contents/Developer/usr/bin/embeddedBinaryValidationUtility /Users/hem/Library/Developer/Xcode/DerivedData/FocusBlox-awtxlldmubwqcwggsrfosewjcyoq/Build/Products/Debug-iphonesimulator/FocusBlox.app/PlugIns/FocusBloxWidgetsExtension.appex -info-plist-path /Users/hem/Library/Developer/Xcode/DerivedData/FocusBlox-awtxlldmubwqcwggsrfosewjcyoq/Build/Products/Debug-iphonesimulator/FocusBlox.app/Info.plist

ProcessInfoPlistFile /Users/hem/Library/Developer/Xcode/DerivedData/FocusBlox-awtxlldmubwqcwggsrfosewjcyoq/Build/Products/Debug-iphonesimulator/FocusBloxUITests-Runner.app/PlugIns/FocusBloxUITests.xctest/Info.plist /Users/hem/Library/Developer/Xcode/DerivedData/FocusBlox-awtxlldmubwqcwggsrfosewjcyoq/Build/Intermediates.noindex/FocusBlox.build/Debug-iphonesimulator/FocusBloxUITests.build/empty-FocusBloxUITests.plist (in target 'FocusBloxUITests' from project 'FocusBlox')
    cd /Users/hem/Documents/opt/my-daily-sprints
    builtin-infoPlistUtility /Users/hem/Library/Developer/Xcode/DerivedData/FocusBlox-awtxlldmubwqcwggsrfosewjcyoq/Build/Intermediates.noindex/FocusBlox.build/Debug-iphonesimulator/FocusBloxUITests.build/empty-FocusBloxUITests.plist -producttype com.apple.product-type.bundle.ui-testing -expandbuildsettings -format binary -platform iphonesimulator -additionalcontentfile /Users/hem/Library/Developer/Xcode/DerivedData/FocusBlox-awtxlldmubwqcwggsrfosewjcyoq/Build/Intermediates.noindex/FocusBlox.build/Debug-iphonesimulator/FocusBloxUITests.build/ProductTypeInfoPlistAdditions.plist -o /Users/hem/Library/Developer/Xcode/DerivedData/FocusBlox-awtxlldmubwqcwggsrfosewjcyoq/Build/Products/Debug-iphonesimulator/FocusBloxUITests-Runner.app/PlugIns/FocusBloxUITests.xctest/Info.plist

2026-01-31 06:39:04.225899+0100 FocusBloxUITests-Runner[46970:42780034] [Default] Running tests...
    t =      nans Interface orientation changed to Portrait
Test Suite 'Selected tests' started at 2026-01-31 06:39:06.019.
Test Suite 'FocusBloxUITests.xctest' started at 2026-01-31 06:39:06.020.
Test Suite 'AssignTabBlockEditUITests' started at 2026-01-31 06:39:06.020.
Test Case '-[FocusBloxUITests.AssignTabBlockEditUITests testEditSheetHasDeleteButton]' started (Iteration 1 of 3).
    t =     0.00s Start Test at 2026-01-31 06:39:06.021
    t =     0.05s Set Up
    t =     0.05s     Open com.henning.timebox
    t =     0.05s         Launch com.henning.timebox
    t =     0.67s             Setting up automation session
    t =     1.66s             Wait for com.henning.timebox to idle
    t =     3.54s Waiting 5.0s for "tab-assign" Button to exist
    t =     4.60s     Checking `Expect predicate `existsNoRetry == 1` for object "tab-assign" Button`
    t =     4.61s         Checking existence of `"tab-assign" Button`
    t =     4.73s Tap "tab-assign" Button
    t =     4.73s     Wait for com.henning.timebox to idle
    t =     4.73s     Find the "tab-assign" Button
    t =     4.78s     Check for interrupting elements affecting "tab-assign" Button
    t =     4.82s     Synthesize event
    t =     5.11s     Wait for com.henning.timebox to idle
    t =     7.14s Waiting 5.0s for Any (First Match) to exist
    t =     8.20s     Checking `Expect predicate `existsNoRetry == 1` for object Any (First Match)`
    t =     8.21s         Checking existence of `Any (First Match)`
    t =     8.25s         Capturing element debug description
    t =     9.19s     Checking `Expect predicate `existsNoRetry == 1` for object Any (First Match)`
    t =     9.19s         Checking existence of `Any (First Match)`
    t =     9.23s         Capturing element debug description
    t =    10.17s     Checking `Expect predicate `existsNoRetry == 1` for object Any (First Match)`
    t =    10.17s         Checking existence of `Any (First Match)`
    t =    10.21s         Capturing element debug description
    t =    11.17s     Checking `Expect predicate `existsNoRetry == 1` for object Any (First Match)`
    t =    11.17s         Checking existence of `Any (First Match)`
    t =    11.21s         Capturing element debug description
    t =    12.14s     Checking `Expect predicate `existsNoRetry == 1` for object Any (First Match)`
    t =    12.14s         Checking existence of `Any (First Match)`
    t =    12.18s         Capturing element debug description
    t =    12.18s     Checking existence of `Any (First Match)`
    t =    12.21s Collecting debug information to assist test failure triage
    t =    12.21s     Requesting snapshot of accessibility hierarchy for app with pid 46981
/Users/hem/Documents/opt/my-daily-sprints/FocusBloxUITests/AssignTabBlockEditUITests.swift:123: error: -[FocusBloxUITests.AssignTabBlockEditUITests testEditSheetHasDeleteButton] : XCTAssertTrue failed - TDD RED: Cannot test delete button - block card identifier not found
    t =    12.37s Tear Down
Test Case '-[FocusBloxUITests.AssignTabBlockEditUITests testEditSheetHasDeleteButton]' failed (12.605 seconds).
Test Case '-[FocusBloxUITests.AssignTabBlockEditUITests testEditSheetHasDeleteButton]' started (Iteration 2 of 3).
    t =     0.00s Start Test at 2026-01-31 06:39:18.626
    t =     0.02s Set Up
    t =     0.02s     Open com.henning.timebox
    t =     0.02s         Launch com.henning.timebox
    t =     0.02s             Terminate com.henning.timebox:46981
    t =     1.33s             Setting up automation session
    t =     2.02s             Wait for com.henning.timebox to idle
    t =     3.46s Waiting 5.0s for "tab-assign" Button to exist
    t =     4.51s     Checking `Expect predicate `existsNoRetry == 1` for object "tab-assign" Button`
    t =     4.51s         Checking existence of `"tab-assign" Button`
    t =     4.61s Tap "tab-assign" Button
    t =     4.61s     Wait for com.henning.timebox to idle
    t =     4.61s     Find the "tab-assign" Button
    t =     4.65s     Check for interrupting elements affecting "tab-assign" Button
    t =     4.68s     Synthesize event
    t =     4.97s     Wait for com.henning.timebox to idle
    t =     6.97s Waiting 5.0s for Any (First Match) to exist
    t =     8.05s     Checking `Expect predicate `existsNoRetry == 1` for object Any (First Match)`
    t =     8.05s         Checking existence of `Any (First Match)`
    t =     8.10s         Capturing element debug description
    t =     9.05s     Checking `Expect predicate `existsNoRetry == 1` for object Any (First Match)`
    t =     9.05s         Checking existence of `Any (First Match)`
    t =     9.11s         Capturing element debug description
    t =    10.06s     Checking `Expect predicate `existsNoRetry == 1` for object Any (First Match)`
    t =    10.07s         Checking existence of `Any (First Match)`
    t =    10.11s         Capturing element debug description
    t =    11.07s     Checking `Expect predicate `existsNoRetry == 1` for object Any (First Match)`
    t =    11.07s         Checking existence of `Any (First Match)`
    t =    11.11s         Capturing element debug description
    t =    11.98s     Checking `Expect predicate `existsNoRetry == 1` for object Any (First Match)`
    t =    11.98s         Checking existence of `Any (First Match)`
    t =    12.02s         Capturing element debug description
    t =    12.02s     Checking existence of `Any (First Match)`
    t =    12.05s Collecting debug information to assist test failure triage
    t =    12.05s     Requesting snapshot of accessibility hierarchy for app with pid 47011
/Users/hem/Documents/opt/my-daily-sprints/FocusBloxUITests/AssignTabBlockEditUITests.swift:123: error: -[FocusBloxUITests.AssignTabBlockEditUITests testEditSheetHasDeleteButton] : XCTAssertTrue failed - TDD RED: Cannot test delete button - block card identifier not found
    t =    12.09s Tear Down
Test Case '-[FocusBloxUITests.AssignTabBlockEditUITests testEditSheetHasDeleteButton]' failed (12.310 seconds).
Test Case '-[FocusBloxUITests.AssignTabBlockEditUITests testEditSheetHasDeleteButton]' started (Iteration 3 of 3).
    t =     0.00s Start Test at 2026-01-31 06:39:30.937
    t =     0.02s Set Up
    t =     0.02s     Open com.henning.timebox
    t =     0.02s         Launch com.henning.timebox
    t =     0.02s             Terminate com.henning.timebox:47011
    t =     1.26s             Setting up automation session
    t =     1.94s             Wait for com.henning.timebox to idle
    t =     3.39s Waiting 5.0s for "tab-assign" Button to exist
    t =     4.45s     Checking `Expect predicate `existsNoRetry == 1` for object "tab-assign" Button`
    t =     4.45s         Checking existence of `"tab-assign" Button`
    t =     4.56s Tap "tab-assign" Button
    t =     4.56s     Wait for com.henning.timebox to idle
    t =     4.56s     Find the "tab-assign" Button
    t =     4.60s     Check for interrupting elements affecting "tab-assign" Button
    t =     4.63s     Synthesize event
    t =     4.92s     Wait for com.henning.timebox to idle
    t =     6.94s Waiting 5.0s for Any (First Match) to exist
    t =     7.98s     Checking `Expect predicate `existsNoRetry == 1` for object Any (First Match)`
    t =     7.98s         Checking existence of `Any (First Match)`
    t =     8.02s         Capturing element debug description
    t =     8.95s     Checking `Expect predicate `existsNoRetry == 1` for object Any (First Match)`
    t =     8.95s         Checking existence of `Any (First Match)`
    t =     9.00s         Capturing element debug description
    t =     9.94s     Checking `Expect predicate `existsNoRetry == 1` for object Any (First Match)`
    t =     9.94s         Checking existence of `Any (First Match)`
    t =     9.98s         Capturing element debug description
    t =    11.02s     Checking `Expect predicate `existsNoRetry == 1` for object Any (First Match)`
    t =    11.02s         Checking existence of `Any (First Match)`
    t =    11.07s         Capturing element debug description
    t =    11.94s     Checking `Expect predicate `existsNoRetry == 1` for object Any (First Match)`
    t =    11.94s         Checking existence of `Any (First Match)`
    t =    11.98s         Capturing element debug description
    t =    11.98s     Checking existence of `Any (First Match)`
    t =    12.01s Collecting debug information to assist test failure triage
    t =    12.01s     Requesting snapshot of accessibility hierarchy for app with pid 47042
/Users/hem/Documents/opt/my-daily-sprints/FocusBloxUITests/AssignTabBlockEditUITests.swift:123: error: -[FocusBloxUITests.AssignTabBlockEditUITests testEditSheetHasDeleteButton] : XCTAssertTrue failed - TDD RED: Cannot test delete button - block card identifier not found
    t =    12.05s Tear Down
Test Case '-[FocusBloxUITests.AssignTabBlockEditUITests testEditSheetHasDeleteButton]' failed (12.298 seconds).
Test Case '-[FocusBloxUITests.AssignTabBlockEditUITests testEditSheetHasSaveButton]' started (Iteration 1 of 3).
    t =     0.00s Start Test at 2026-01-31 06:39:43.235
    t =     0.02s Set Up
    t =     0.02s     Open com.henning.timebox
    t =     0.02s         Launch com.henning.timebox
    t =     0.02s             Terminate com.henning.timebox:47042
    t =     1.30s             Setting up automation session
    t =     1.96s             Wait for com.henning.timebox to idle
    t =     3.42s Waiting 5.0s for "tab-assign" Button to exist
    t =     4.48s     Checking `Expect predicate `existsNoRetry == 1` for object "tab-assign" Button`
    t =     4.48s         Checking existence of `"tab-assign" Button`
    t =     4.59s Tap "tab-assign" Button
    t =     4.59s     Wait for com.henning.timebox to idle
    t =     4.59s     Find the "tab-assign" Button
    t =     4.63s     Check for interrupting elements affecting "tab-assign" Button
    t =     4.66s     Synthesize event
    t =     4.95s     Wait for com.henning.timebox to idle
    t =     6.97s Waiting 5.0s for Any (First Match) to exist
    t =     8.02s     Checking `Expect predicate `existsNoRetry == 1` for object Any (First Match)`
    t =     8.02s         Checking existence of `Any (First Match)`
    t =     8.06s         Capturing element debug description
    t =     9.02s     Checking `Expect predicate `existsNoRetry == 1` for object Any (First Match)`
    t =     9.02s         Checking existence of `Any (First Match)`
    t =     9.05s         Capturing element debug description
    t =    10.00s     Checking `Expect predicate `existsNoRetry == 1` for object Any (First Match)`
    t =    10.00s         Checking existence of `Any (First Match)`
    t =    10.04s         Capturing element debug description
    t =    10.98s     Checking `Expect predicate `existsNoRetry == 1` for object Any (First Match)`
    t =    10.98s         Checking existence of `Any (First Match)`
    t =    11.02s         Capturing element debug description
    t =    11.98s     Checking `Expect predicate `existsNoRetry == 1` for object Any (First Match)`
    t =    11.98s         Checking existence of `Any (First Match)`
    t =    12.01s         Capturing element debug description
    t =    12.01s     Checking existence of `Any (First Match)`
    t =    12.04s Collecting debug information to assist test failure triage
    t =    12.04s     Requesting snapshot of accessibility hierarchy for app with pid 47113
/Users/hem/Documents/opt/my-daily-sprints/FocusBloxUITests/AssignTabBlockEditUITests.swift:103: error: -[FocusBloxUITests.AssignTabBlockEditUITests testEditSheetHasSaveButton] : XCTAssertTrue failed - TDD RED: Cannot test save button - block card identifier not found
    t =    12.08s Tear Down
Test Case '-[FocusBloxUITests.AssignTabBlockEditUITests testEditSheetHasSaveButton]' failed (12.288 seconds).
Test Case '-[FocusBloxUITests.AssignTabBlockEditUITests testEditSheetHasSaveButton]' started (Iteration 2 of 3).
    t =     0.00s Start Test at 2026-01-31 06:39:55.524
    t =     0.02s Set Up
    t =     0.02s     Open com.henning.timebox
    t =     0.02s         Launch com.henning.timebox
    t =     0.02s             Terminate com.henning.timebox:47113
    t =     1.33s             Setting up automation session
    t =     1.99s             Wait for com.henning.timebox to idle
    t =     3.45s Waiting 5.0s for "tab-assign" Button to exist
    t =     4.50s     Checking `Expect predicate `existsNoRetry == 1` for object "tab-assign" Button`
    t =     4.50s         Checking existence of `"tab-assign" Button`
    t =     4.61s Tap "tab-assign" Button
    t =     4.61s     Wait for com.henning.timebox to idle
    t =     4.62s     Find the "tab-assign" Button
    t =     4.66s     Check for interrupting elements affecting "tab-assign" Button
    t =     4.69s     Synthesize event
    t =     4.98s     Wait for com.henning.timebox to idle
    t =     7.00s Waiting 5.0s for Any (First Match) to exist
    t =     8.05s     Checking `Expect predicate `existsNoRetry == 1` for object Any (First Match)`
    t =     8.05s         Checking existence of `Any (First Match)`
    t =     8.10s         Capturing element debug description
    t =     9.05s     Checking `Expect predicate `existsNoRetry == 1` for object Any (First Match)`
    t =     9.05s         Checking existence of `Any (First Match)`
    t =     9.09s         Capturing element debug description
    t =    10.03s     Checking `Expect predicate `existsNoRetry == 1` for object Any (First Match)`
    t =    10.03s         Checking existence of `Any (First Match)`
    t =    10.07s         Capturing element debug description
    t =    11.01s     Checking `Expect predicate `existsNoRetry == 1` for object Any (First Match)`
    t =    11.02s         Checking existence of `Any (First Match)`
    t =    11.06s         Capturing element debug description
    t =    12.00s     Checking `Expect predicate `existsNoRetry == 1` for object Any (First Match)`
    t =    12.00s         Checking existence of `Any (First Match)`
    t =    12.05s         Capturing element debug description
    t =    12.05s     Checking existence of `Any (First Match)`
    t =    12.07s Collecting debug information to assist test failure triage
    t =    12.07s     Requesting snapshot of accessibility hierarchy for app with pid 47136
/Users/hem/Documents/opt/my-daily-sprints/FocusBloxUITests/AssignTabBlockEditUITests.swift:103: error: -[FocusBloxUITests.AssignTabBlockEditUITests testEditSheetHasSaveButton] : XCTAssertTrue failed - TDD RED: Cannot test save button - block card identifier not found
    t =    12.11s Tear Down
Test Case '-[FocusBloxUITests.AssignTabBlockEditUITests testEditSheetHasSaveButton]' failed (12.337 seconds).
Test Case '-[FocusBloxUITests.AssignTabBlockEditUITests testEditSheetHasSaveButton]' started (Iteration 3 of 3).
    t =     0.00s Start Test at 2026-01-31 06:40:07.862
    t =     0.02s Set Up
    t =     0.03s     Open com.henning.timebox
    t =     0.03s         Launch com.henning.timebox
    t =     0.03s             Terminate com.henning.timebox:47136
    t =     1.31s             Setting up automation session
    t =     2.01s             Wait for com.henning.timebox to idle
    t =     3.56s Waiting 5.0s for "tab-assign" Button to exist
    t =     4.62s     Checking `Expect predicate `existsNoRetry == 1` for object "tab-assign" Button`
    t =     4.62s         Checking existence of `"tab-assign" Button`
    t =     4.72s Tap "tab-assign" Button
    t =     4.72s     Wait for com.henning.timebox to idle
    t =     4.73s     Find the "tab-assign" Button
    t =     4.77s     Check for interrupting elements affecting "tab-assign" Button
    t =     4.80s     Synthesize event
    t =     5.09s     Wait for com.henning.timebox to idle
    t =     7.09s Waiting 5.0s for Any (First Match) to exist
    t =     8.13s     Checking `Expect predicate `existsNoRetry == 1` for object Any (First Match)`
    t =     8.13s         Checking existence of `Any (First Match)`
    t =     8.18s         Capturing element debug description
    t =     9.10s     Checking `Expect predicate `existsNoRetry == 1` for object Any (First Match)`
    t =     9.10s         Checking existence of `Any (First Match)`
    t =     9.14s         Capturing element debug description
    t =    10.09s     Checking `Expect predicate `existsNoRetry == 1` for object Any (First Match)`
    t =    10.09s         Checking existence of `Any (First Match)`
    t =    10.13s         Capturing element debug description
    t =    11.18s     Checking `Expect predicate `existsNoRetry == 1` for object Any (First Match)`
    t =    11.18s         Checking existence of `Any (First Match)`
    t =    11.22s         Capturing element debug description
    t =    12.10s     Checking `Expect predicate `existsNoRetry == 1` for object Any (First Match)`
    t =    12.10s         Checking existence of `Any (First Match)`
    t =    12.14s         Capturing element debug description
    t =    12.14s     Checking existence of `Any (First Match)`
    t =    12.17s Collecting debug information to assist test failure triage
    t =    12.17s     Requesting snapshot of accessibility hierarchy for app with pid 47166
/Users/hem/Documents/opt/my-daily-sprints/FocusBloxUITests/AssignTabBlockEditUITests.swift:103: error: -[FocusBloxUITests.AssignTabBlockEditUITests testEditSheetHasSaveButton] : XCTAssertTrue failed - TDD RED: Cannot test save button - block card identifier not found
    t =    12.21s Tear Down
Test Case '-[FocusBloxUITests.AssignTabBlockEditUITests testEditSheetHasSaveButton]' failed (12.431 seconds).
Test Case '-[FocusBloxUITests.AssignTabBlockEditUITests testFocusBlockCardHasIdentifier]' started (Iteration 1 of 3).
    t =     0.00s Start Test at 2026-01-31 06:40:20.294
    t =     0.02s Set Up
    t =     0.03s     Open com.henning.timebox
    t =     0.03s         Launch com.henning.timebox
    t =     0.03s             Terminate com.henning.timebox:47166
    t =     1.30s             Setting up automation session
    t =     1.97s             Wait for com.henning.timebox to idle
    t =     3.32s Waiting 5.0s for "tab-assign" Button to exist
    t =     4.38s     Checking `Expect predicate `existsNoRetry == 1` for object "tab-assign" Button`
    t =     4.38s         Checking existence of `"tab-assign" Button`
    t =     4.48s Tap "tab-assign" Button
    t =     4.48s     Wait for com.henning.timebox to idle
    t =     4.48s     Find the "tab-assign" Button
    t =     4.52s     Check for interrupting elements affecting "tab-assign" Button
    t =     4.56s     Synthesize event
    t =     4.85s     Wait for com.henning.timebox to idle
    t =     6.86s Find the Target Application 'com.henning.timebox'
    t =     6.97s Added attachment named 'AssignTab-Initial'
    t =     6.97s Waiting 5.0s for Any (First Match) to exist
    t =     8.03s     Checking `Expect predicate `existsNoRetry == 1` for object Any (First Match)`
    t =     8.03s         Checking existence of `Any (First Match)`
    t =     8.07s         Capturing element debug description
    t =     9.01s     Checking `Expect predicate `existsNoRetry == 1` for object Any (First Match)`
    t =     9.01s         Checking existence of `Any (First Match)`
    t =     9.06s         Capturing element debug description
    t =    10.01s     Checking `Expect predicate `existsNoRetry == 1` for object Any (First Match)`
    t =    10.01s         Checking existence of `Any (First Match)`
    t =    10.05s         Capturing element debug description
    t =    10.99s     Checking `Expect predicate `existsNoRetry == 1` for object Any (First Match)`
    t =    10.99s         Checking existence of `Any (First Match)`
    t =    11.02s         Capturing element debug description
    t =    11.97s     Checking `Expect predicate `existsNoRetry == 1` for object Any (First Match)`
    t =    11.98s         Checking existence of `Any (First Match)`
    t =    12.00s         Capturing element debug description
    t =    12.00s     Checking existence of `Any (First Match)`
    t =    12.03s Collecting debug information to assist test failure triage
    t =    12.03s     Requesting snapshot of accessibility hierarchy for app with pid 47193
/Users/hem/Documents/opt/my-daily-sprints/FocusBloxUITests/AssignTabBlockEditUITests.swift:48: error: -[FocusBloxUITests.AssignTabBlockEditUITests testFocusBlockCardHasIdentifier] : XCTAssertTrue failed - TDD RED: FocusBlockCard MUST have identifier starting with 'focusBlockCard_'
    t =    12.07s Tear Down
Test Case '-[FocusBloxUITests.AssignTabBlockEditUITests testFocusBlockCardHasIdentifier]' failed (12.288 seconds).
Test Case '-[FocusBloxUITests.AssignTabBlockEditUITests testFocusBlockCardHasIdentifier]' started (Iteration 2 of 3).
    t =     0.00s Start Test at 2026-01-31 06:40:32.582
    t =     0.02s Set Up
    t =     0.02s     Open com.henning.timebox
    t =     0.02s         Launch com.henning.timebox
    t =     0.02s             Terminate com.henning.timebox:47193
    t =     1.31s             Setting up automation session
    t =     2.02s             Wait for com.henning.timebox to idle
    t =     3.47s Waiting 5.0s for "tab-assign" Button to exist
    t =     4.52s     Checking `Expect predicate `existsNoRetry == 1` for object "tab-assign" Button`
    t =     4.52s         Checking existence of `"tab-assign" Button`
    t =     4.63s Tap "tab-assign" Button
    t =     4.63s     Wait for com.henning.timebox to idle
    t =     4.63s     Find the "tab-assign" Button
    t =     4.67s     Check for interrupting elements affecting "tab-assign" Button
    t =     4.71s     Synthesize event
    t =     5.00s     Wait for com.henning.timebox to idle
    t =     7.00s Find the Target Application 'com.henning.timebox'
    t =     7.14s Added attachment named 'AssignTab-Initial'
    t =     7.14s Waiting 5.0s for Any (First Match) to exist
    t =     8.20s     Checking `Expect predicate `existsNoRetry == 1` for object Any (First Match)`
    t =     8.20s         Checking existence of `Any (First Match)`
    t =     8.24s         Capturing element debug description
    t =     9.20s     Checking `Expect predicate `existsNoRetry == 1` for object Any (First Match)`
    t =     9.21s         Checking existence of `Any (First Match)`
    t =     9.25s         Capturing element debug description
    t =    10.19s     Checking `Expect predicate `existsNoRetry == 1` for object Any (First Match)`
    t =    10.19s         Checking existence of `Any (First Match)`
    t =    10.23s         Capturing element debug description
    t =    11.17s     Checking `Expect predicate `existsNoRetry == 1` for object Any (First Match)`
    t =    11.17s         Checking existence of `Any (First Match)`
    t =    11.21s         Capturing element debug description
    t =    12.14s     Checking `Expect predicate `existsNoRetry == 1` for object Any (First Match)`
    t =    12.14s         Checking existence of `Any (First Match)`
    t =    12.19s         Capturing element debug description
    t =    12.19s     Checking existence of `Any (First Match)`
    t =    12.22s Collecting debug information to assist test failure triage
    t =    12.22s     Requesting snapshot of accessibility hierarchy for app with pid 47226
/Users/hem/Documents/opt/my-daily-sprints/FocusBloxUITests/AssignTabBlockEditUITests.swift:48: error: -[FocusBloxUITests.AssignTabBlockEditUITests testFocusBlockCardHasIdentifier] : XCTAssertTrue failed - TDD RED: FocusBlockCard MUST have identifier starting with 'focusBlockCard_'
    t =    12.26s Tear Down
Test Case '-[FocusBloxUITests.AssignTabBlockEditUITests testFocusBlockCardHasIdentifier]' failed (12.466 seconds).
Test Case '-[FocusBloxUITests.AssignTabBlockEditUITests testFocusBlockCardHasIdentifier]' started (Iteration 3 of 3).
    t =     0.00s Start Test at 2026-01-31 06:40:45.049
    t =     0.02s Set Up
    t =     0.02s     Open com.henning.timebox
    t =     0.02s         Launch com.henning.timebox
    t =     0.02s             Terminate com.henning.timebox:47226
    t =     1.31s             Setting up automation session
    t =     1.96s             Wait for com.henning.timebox to idle
    t =     3.43s Waiting 5.0s for "tab-assign" Button to exist
    t =     4.47s     Checking `Expect predicate `existsNoRetry == 1` for object "tab-assign" Button`
    t =     4.47s         Checking existence of `"tab-assign" Button`
    t =     4.57s Tap "tab-assign" Button
    t =     4.57s     Wait for com.henning.timebox to idle
    t =     4.57s     Find the "tab-assign" Button
    t =     4.61s     Check for interrupting elements affecting "tab-assign" Button
    t =     4.64s     Synthesize event
    t =     4.93s     Wait for com.henning.timebox to idle
    t =     6.94s Find the Target Application 'com.henning.timebox'
    t =     7.07s Added attachment named 'AssignTab-Initial'
    t =     7.07s Waiting 5.0s for Any (First Match) to exist
    t =     8.12s     Checking `Expect predicate `existsNoRetry == 1` for object Any (First Match)`
    t =     8.12s         Checking existence of `Any (First Match)`
    t =     8.16s         Capturing element debug description
    t =     9.11s     Checking `Expect predicate `existsNoRetry == 1` for object Any (First Match)`
    t =     9.11s         Checking existence of `Any (First Match)`
    t =     9.15s         Capturing element debug description
    t =    10.09s     Checking `Expect predicate `existsNoRetry == 1` for object Any (First Match)`
    t =    10.09s         Checking existence of `Any (First Match)`
    t =    10.13s         Capturing element debug description
    t =    11.09s     Checking `Expect predicate `existsNoRetry == 1` for object Any (First Match)`
    t =    11.09s         Checking existence of `Any (First Match)`
    t =    11.13s         Capturing element debug description
    t =    12.07s     Checking `Expect predicate `existsNoRetry == 1` for object Any (First Match)`
    t =    12.07s         Checking existence of `Any (First Match)`
    t =    12.12s         Capturing element debug description
    t =    12.12s     Checking existence of `Any (First Match)`
    t =    12.14s Collecting debug information to assist test failure triage
    t =    12.14s     Requesting snapshot of accessibility hierarchy for app with pid 47289
/Users/hem/Documents/opt/my-daily-sprints/FocusBloxUITests/AssignTabBlockEditUITests.swift:48: error: -[FocusBloxUITests.AssignTabBlockEditUITests testFocusBlockCardHasIdentifier] : XCTAssertTrue failed - TDD RED: FocusBlockCard MUST have identifier starting with 'focusBlockCard_'
    t =    12.18s Tear Down
Test Case '-[FocusBloxUITests.AssignTabBlockEditUITests testFocusBlockCardHasIdentifier]' failed (12.404 seconds).
Test Case '-[FocusBloxUITests.AssignTabBlockEditUITests testTapBlockCardOpensEditSheet]' started (Iteration 1 of 3).
    t =     0.00s Start Test at 2026-01-31 06:40:57.454
    t =     0.02s Set Up
    t =     0.02s     Open com.henning.timebox
    t =     0.02s         Launch com.henning.timebox
    t =     0.02s             Terminate com.henning.timebox:47289
    t =     1.33s             Setting up automation session
    t =     2.01s             Wait for com.henning.timebox to idle
    t =     3.48s Waiting 5.0s for "tab-assign" Button to exist
    t =     4.53s     Checking `Expect predicate `existsNoRetry == 1` for object "tab-assign" Button`
    t =     4.53s         Checking existence of `"tab-assign" Button`
    t =     4.63s Tap "tab-assign" Button
    t =     4.63s     Wait for com.henning.timebox to idle
    t =     4.63s     Find the "tab-assign" Button
    t =     4.67s     Check for interrupting elements affecting "tab-assign" Button
    t =     4.70s     Synthesize event
    t =     4.99s     Wait for com.henning.timebox to idle
    t =     7.00s Find the Target Application 'com.henning.timebox'
    t =     7.13s Added attachment named 'AssignTab-BeforeTap'
    t =     7.13s Waiting 5.0s for Any (First Match) to exist
    t =     8.18s     Checking `Expect predicate `existsNoRetry == 1` for object Any (First Match)`
    t =     8.18s         Checking existence of `Any (First Match)`
    t =     8.22s         Capturing element debug description
    t =     9.16s     Checking `Expect predicate `existsNoRetry == 1` for object Any (First Match)`
    t =     9.17s         Checking existence of `Any (First Match)`
    t =     9.21s         Capturing element debug description
    t =    10.15s     Checking `Expect predicate `existsNoRetry == 1` for object Any (First Match)`
    t =    10.15s         Checking existence of `Any (First Match)`
    t =    10.19s         Capturing element debug description
    t =    11.13s     Checking `Expect predicate `existsNoRetry == 1` for object Any (First Match)`
    t =    11.13s         Checking existence of `Any (First Match)`
    t =    11.18s         Capturing element debug description
    t =    12.13s     Checking `Expect predicate `existsNoRetry == 1` for object Any (First Match)`
    t =    12.13s         Checking existence of `Any (First Match)`
    t =    12.18s         Capturing element debug description
    t =    12.18s     Checking existence of `Any (First Match)`
    t =    12.21s Collecting debug information to assist test failure triage
    t =    12.21s     Requesting snapshot of accessibility hierarchy for app with pid 47297
/Users/hem/Documents/opt/my-daily-sprints/FocusBloxUITests/AssignTabBlockEditUITests.swift:69: error: -[FocusBloxUITests.AssignTabBlockEditUITests testTapBlockCardOpensEditSheet] : XCTAssertTrue failed - TDD RED: Cannot tap block card - identifier 'focusBlockCard_' not found
    t =    12.24s Tear Down
Test Case '-[FocusBloxUITests.AssignTabBlockEditUITests testTapBlockCardOpensEditSheet]' failed (12.454 seconds).
Test Case '-[FocusBloxUITests.AssignTabBlockEditUITests testTapBlockCardOpensEditSheet]' started (Iteration 2 of 3).
    t =     0.00s Start Test at 2026-01-31 06:41:09.909
    t =     0.02s Set Up
    t =     0.02s     Open com.henning.timebox
    t =     0.02s         Launch com.henning.timebox
    t =     0.02s             Terminate com.henning.timebox:47297
    t =     1.32s             Setting up automation session
    t =     1.99s             Wait for com.henning.timebox to idle
    t =     3.44s Waiting 5.0s for "tab-assign" Button to exist
    t =     4.51s     Checking `Expect predicate `existsNoRetry == 1` for object "tab-assign" Button`
    t =     4.51s         Checking existence of `"tab-assign" Button`
    t =     4.61s Tap "tab-assign" Button
    t =     4.61s     Wait for com.henning.timebox to idle
    t =     4.61s     Find the "tab-assign" Button
    t =     4.65s     Check for interrupting elements affecting "tab-assign" Button
    t =     4.68s     Synthesize event
    t =     4.97s     Wait for com.henning.timebox to idle
    t =     6.98s Find the Target Application 'com.henning.timebox'
    t =     7.11s Added attachment named 'AssignTab-BeforeTap'
    t =     7.11s Waiting 5.0s for Any (First Match) to exist
    t =     8.17s     Checking `Expect predicate `existsNoRetry == 1` for object Any (First Match)`
    t =     8.17s         Checking existence of `Any (First Match)`
    t =     8.22s         Capturing element debug description
    t =     9.16s     Checking `Expect predicate `existsNoRetry == 1` for object Any (First Match)`
    t =     9.16s         Checking existence of `Any (First Match)`
    t =     9.20s         Capturing element debug description
    t =    10.14s     Checking `Expect predicate `existsNoRetry == 1` for object Any (First Match)`
    t =    10.14s         Checking existence of `Any (First Match)`
    t =    10.19s         Capturing element debug description
    t =    11.13s     Checking `Expect predicate `existsNoRetry == 1` for object Any (First Match)`
    t =    11.13s         Checking existence of `Any (First Match)`
    t =    11.17s         Capturing element debug description
    t =    12.12s     Checking `Expect predicate `existsNoRetry == 1` for object Any (First Match)`
    t =    12.12s         Checking existence of `Any (First Match)`
    t =    12.15s         Capturing element debug description
    t =    12.15s     Checking existence of `Any (First Match)`
    t =    12.18s Collecting debug information to assist test failure triage
    t =    12.18s     Requesting snapshot of accessibility hierarchy for app with pid 47320
/Users/hem/Documents/opt/my-daily-sprints/FocusBloxUITests/AssignTabBlockEditUITests.swift:69: error: -[FocusBloxUITests.AssignTabBlockEditUITests testTapBlockCardOpensEditSheet] : XCTAssertTrue failed - TDD RED: Cannot tap block card - identifier 'focusBlockCard_' not found
    t =    12.21s Tear Down
Test Case '-[FocusBloxUITests.AssignTabBlockEditUITests testTapBlockCardOpensEditSheet]' failed (12.425 seconds).
Test Case '-[FocusBloxUITests.AssignTabBlockEditUITests testTapBlockCardOpensEditSheet]' started (Iteration 3 of 3).
    t =     0.00s Start Test at 2026-01-31 06:41:22.335
    t =     0.02s Set Up
    t =     0.02s     Open com.henning.timebox
    t =     0.02s         Launch com.henning.timebox
    t =     0.02s             Terminate com.henning.timebox:47320
    t =     1.30s             Setting up automation session
    t =     1.98s             Wait for com.henning.timebox to idle
    t =     3.44s Waiting 5.0s for "tab-assign" Button to exist
    t =     4.48s     Checking `Expect predicate `existsNoRetry == 1` for object "tab-assign" Button`
    t =     4.48s         Checking existence of `"tab-assign" Button`
    t =     4.59s Tap "tab-assign" Button
    t =     4.59s     Wait for com.henning.timebox to idle
    t =     4.59s     Find the "tab-assign" Button
    t =     4.64s     Check for interrupting elements affecting "tab-assign" Button
    t =     4.67s     Synthesize event
    t =     4.95s     Wait for com.henning.timebox to idle
    t =     6.96s Find the Target Application 'com.henning.timebox'
    t =     7.10s Added attachment named 'AssignTab-BeforeTap'
    t =     7.10s Waiting 5.0s for Any (First Match) to exist
    t =     8.14s     Checking `Expect predicate `existsNoRetry == 1` for object Any (First Match)`
    t =     8.15s         Checking existence of `Any (First Match)`
    t =     8.18s         Capturing element debug description
    t =     9.14s     Checking `Expect predicate `existsNoRetry == 1` for object Any (First Match)`
    t =     9.14s         Checking existence of `Any (First Match)`
    t =     9.17s         Capturing element debug description
    t =    10.10s     Checking `Expect predicate `existsNoRetry == 1` for object Any (First Match)`
    t =    10.10s         Checking existence of `Any (First Match)`
    t =    10.14s         Capturing element debug description
    t =    11.19s     Checking `Expect predicate `existsNoRetry == 1` for object Any (First Match)`
    t =    11.19s         Checking existence of `Any (First Match)`
    t =    11.23s         Capturing element debug description
    t =    12.11s     Checking `Expect predicate `existsNoRetry == 1` for object Any (First Match)`
    t =    12.11s         Checking existence of `Any (First Match)`
    t =    12.15s         Capturing element debug description
    t =    12.15s     Checking existence of `Any (First Match)`
    t =    12.18s Collecting debug information to assist test failure triage
    t =    12.18s     Requesting snapshot of accessibility hierarchy for app with pid 47336
/Users/hem/Documents/opt/my-daily-sprints/FocusBloxUITests/AssignTabBlockEditUITests.swift:69: error: -[FocusBloxUITests.AssignTabBlockEditUITests testTapBlockCardOpensEditSheet] : XCTAssertTrue failed - TDD RED: Cannot tap block card - identifier 'focusBlockCard_' not found
    t =    12.21s Tear Down
Test Case '-[FocusBloxUITests.AssignTabBlockEditUITests testTapBlockCardOpensEditSheet]' failed (12.446 seconds).
Test Suite 'AssignTabBlockEditUITests' failed at 2026-01-31 06:41:34.781.
	 Executed 12 tests, with 12 failures (0 unexpected) in 148.753 (148.761) seconds
Test Suite 'FocusBloxUITests.xctest' failed at 2026-01-31 06:41:34.781.
	 Executed 12 tests, with 12 failures (0 unexpected) in 148.753 (148.761) seconds
Test Suite 'Selected tests' failed at 2026-01-31 06:41:34.782.
	 Executed 12 tests, with 12 failures (0 unexpected) in 148.753 (148.763) seconds
2026-01-31 06:41:52.540 xcodebuild[46929:42779510] [MT] IDETestOperationsObserverDebug: 170.510 elapsed -- Testing started completed.
2026-01-31 06:41:52.540 xcodebuild[46929:42779510] [MT] IDETestOperationsObserverDebug: 0.000 sec, +0.000 sec -- start
2026-01-31 06:41:52.540 xcodebuild[46929:42779510] [MT] IDETestOperationsObserverDebug: 170.510 sec, +170.510 sec -- end

Test session results, code coverage, and logs:
	/Users/hem/Documents/opt/my-daily-sprints/TestResults_1769837936.xcresult

** TEST FAILED **

Testing started
[0;31m[ERROR][0m Exit Code 65: Test-Failure

[0;34m[INFO][0m Fehlgeschlagene Tests:
/Users/hem/Documents/opt/my-daily-sprints/FocusBloxUITests/AssignTabBlockEditUITests.swift:123: error: -[FocusBloxUITests.AssignTabBlockEditUITests testEditSheetHasDeleteButton] : XCTAssertTrue failed - TDD RED: Cannot test delete button - block card identifier not found
Test Case '-[FocusBloxUITests.AssignTabBlockEditUITests testEditSheetHasDeleteButton]' failed (12.605 seconds).
/Users/hem/Documents/opt/my-daily-sprints/FocusBloxUITests/AssignTabBlockEditUITests.swift:123: error: -[FocusBloxUITests.AssignTabBlockEditUITests testEditSheetHasDeleteButton] : XCTAssertTrue failed - TDD RED: Cannot test delete button - block card identifier not found
Test Case '-[FocusBloxUITests.AssignTabBlockEditUITests testEditSheetHasDeleteButton]' failed (12.310 seconds).
/Users/hem/Documents/opt/my-daily-sprints/FocusBloxUITests/AssignTabBlockEditUITests.swift:123: error: -[FocusBloxUITests.AssignTabBlockEditUITests testEditSheetHasDeleteButton] : XCTAssertTrue failed - TDD RED: Cannot test delete button - block card identifier not found
Test Case '-[FocusBloxUITests.AssignTabBlockEditUITests testEditSheetHasDeleteButton]' failed (12.298 seconds).
/Users/hem/Documents/opt/my-daily-sprints/FocusBloxUITests/AssignTabBlockEditUITests.swift:103: error: -[FocusBloxUITests.AssignTabBlockEditUITests testEditSheetHasSaveButton] : XCTAssertTrue failed - TDD RED: Cannot test save button - block card identifier not found
Test Case '-[FocusBloxUITests.AssignTabBlockEditUITests testEditSheetHasSaveButton]' failed (12.288 seconds).
/Users/hem/Documents/opt/my-daily-sprints/FocusBloxUITests/AssignTabBlockEditUITests.swift:103: error: -[FocusBloxUITests.AssignTabBlockEditUITests testEditSheetHasSaveButton] : XCTAssertTrue failed - TDD RED: Cannot test save button - block card identifier not found
Test Case '-[FocusBloxUITests.AssignTabBlockEditUITests testEditSheetHasSaveButton]' failed (12.337 seconds).
/Users/hem/Documents/opt/my-daily-sprints/FocusBloxUITests/AssignTabBlockEditUITests.swift:103: error: -[FocusBloxUITests.AssignTabBlockEditUITests testEditSheetHasSaveButton] : XCTAssertTrue failed - TDD RED: Cannot test save button - block card identifier not found
Test Case '-[FocusBloxUITests.AssignTabBlockEditUITests testEditSheetHasSaveButton]' failed (12.431 seconds).
/Users/hem/Documents/opt/my-daily-sprints/FocusBloxUITests/AssignTabBlockEditUITests.swift:48: error: -[FocusBloxUITests.AssignTabBlockEditUITests testFocusBlockCardHasIdentifier] : XCTAssertTrue failed - TDD RED: FocusBlockCard MUST have identifier starting with 'focusBlockCard_'
Test Case '-[FocusBloxUITests.AssignTabBlockEditUITests testFocusBlockCardHasIdentifier]' failed (12.288 seconds).
/Users/hem/Documents/opt/my-daily-sprints/FocusBloxUITests/AssignTabBlockEditUITests.swift:48: error: -[FocusBloxUITests.AssignTabBlockEditUITests testFocusBlockCardHasIdentifier] : XCTAssertTrue failed - TDD RED: FocusBlockCard MUST have identifier starting with 'focusBlockCard_'
Test Case '-[FocusBloxUITests.AssignTabBlockEditUITests testFocusBlockCardHasIdentifier]' failed (12.466 seconds).
/Users/hem/Documents/opt/my-daily-sprints/FocusBloxUITests/AssignTabBlockEditUITests.swift:48: error: -[FocusBloxUITests.AssignTabBlockEditUITests testFocusBlockCardHasIdentifier] : XCTAssertTrue failed - TDD RED: FocusBlockCard MUST have identifier starting with 'focusBlockCard_'
Test Case '-[FocusBloxUITests.AssignTabBlockEditUITests testFocusBlockCardHasIdentifier]' failed (12.404 seconds).
/Users/hem/Documents/opt/my-daily-sprints/FocusBloxUITests/AssignTabBlockEditUITests.swift:69: error: -[FocusBloxUITests.AssignTabBlockEditUITests testTapBlockCardOpensEditSheet] : XCTAssertTrue failed - TDD RED: Cannot tap block card - identifier 'focusBlockCard_' not found
Test Case '-[FocusBloxUITests.AssignTabBlockEditUITests testTapBlockCardOpensEditSheet]' failed (12.454 seconds).

============================================
[0;31m[ERROR][0m TESTS FEHLGESCHLAGEN

Naechste Schritte:
1. /inspect-ui ausfuehren fuer Accessibility Tree
2. Fehlerursache analysieren
3. Gezielt fixen (NICHT spekulativ!)
============================================
