Command line invocation:
    /Applications/Xcode.app/Contents/Developer/usr/bin/xcodebuild test -project FocusBlox.xcodeproj -scheme FocusBlox -destination "platform=iOS Simulator,id=548B4A2F-FDFF-4F9E-8335-1A7A7B98E492" "-only-testing:FocusBloxUITests/TaskFormTbdUITests" -parallel-testing-enabled NO

ComputePackagePrebuildTargetDependencyGraph

Prepare packages

CreateBuildRequest

SendProjectDescription

CreateBuildOperation

ComputeTargetDependencyGraph
note: Building targets in dependency order
note: Target dependency graph (5 targets)
    Target 'FocusBloxUITests' in project 'FocusBlox'
        ➜ Explicit dependency on target 'FocusBlox' in project 'FocusBlox'
    Target 'FocusBloxTests' in project 'FocusBlox'
        ➜ Explicit dependency on target 'FocusBlox' in project 'FocusBlox'
    Target 'FocusBlox' in project 'FocusBlox'
        ➜ Explicit dependency on target 'FocusBloxWidgetsExtension' in project 'FocusBlox'
        ➜ Explicit dependency on target 'FocusBloxCore' in project 'FocusBlox'
    Target 'FocusBloxWidgetsExtension' in project 'FocusBlox'
        ➜ Explicit dependency on target 'FocusBloxCore' in project 'FocusBlox'
    Target 'FocusBloxCore' in project 'FocusBlox' (no dependencies)

GatherProvisioningInputs

CreateBuildDescription

ExecuteExternalTool /Applications/Xcode.app/Contents/Developer/Toolchains/XcodeDefault.xctoolchain/usr/bin/clang -v -E -dM -arch arm64 -isysroot /Applications/Xcode.app/Contents/Developer/Platforms/iPhoneSimulator.platform/Developer/SDKs/iPhoneSimulator26.2.sdk -x c -c /dev/null

ExecuteExternalTool /Applications/Xcode.app/Contents/Developer/usr/bin/actool --version --output-format xml1

ExecuteExternalTool /Applications/Xcode.app/Contents/Developer/Toolchains/XcodeDefault.xctoolchain/usr/bin/clang -v -E -dM -isysroot /Applications/Xcode.app/Contents/Developer/Platforms/iPhoneSimulator.platform/Developer/SDKs/iPhoneSimulator26.2.sdk -x c -c /dev/null

ExecuteExternalTool /Applications/Xcode.app/Contents/Developer/Toolchains/XcodeDefault.xctoolchain/usr/bin/swiftc --version

ExecuteExternalTool /Applications/Xcode.app/Contents/Developer/usr/bin/actool --print-asset-tag-combinations --output-format xml1 /Users/hem/Documents/opt/my-daily-sprints/Resources/Assets.xcassets

ExecuteExternalTool /Applications/Xcode.app/Contents/Developer/Toolchains/XcodeDefault.xctoolchain/usr/bin/ld -version_details

ReadFileContents /Applications/Xcode.app/Contents/Developer/Toolchains/XcodeDefault.xctoolchain/usr/share/docc/features.json

Build description signature: bdfe24e283da1a1728fd52ce7d429bc4
Build description path: /Users/hem/Library/Developer/Xcode/DerivedData/FocusBlox-awtxlldmubwqcwggsrfosewjcyoq/Build/Intermediates.noindex/XCBuildData/bdfe24e283da1a1728fd52ce7d429bc4.xcbuilddata
ClangStatCache /Applications/Xcode.app/Contents/Developer/Toolchains/XcodeDefault.xctoolchain/usr/bin/clang-stat-cache /Applications/Xcode.app/Contents/Developer/Platforms/iPhoneSimulator.platform/Developer/SDKs/iPhoneSimulator26.2.sdk /Users/hem/Library/Developer/Xcode/DerivedData/SDKStatCaches.noindex/iphonesimulator26.2-23C53-7d00a8b37fbd7999ea79df8ebc024bf0.sdkstatcache
    cd /Users/hem/Documents/opt/my-daily-sprints/FocusBlox.xcodeproj
    /Applications/Xcode.app/Contents/Developer/Toolchains/XcodeDefault.xctoolchain/usr/bin/clang-stat-cache /Applications/Xcode.app/Contents/Developer/Platforms/iPhoneSimulator.platform/Developer/SDKs/iPhoneSimulator26.2.sdk -o /Users/hem/Library/Developer/Xcode/DerivedData/SDKStatCaches.noindex/iphonesimulator26.2-23C53-7d00a8b37fbd7999ea79df8ebc024bf0.sdkstatcache

ProcessInfoPlistFile /Users/hem/Library/Developer/Xcode/DerivedData/FocusBlox-awtxlldmubwqcwggsrfosewjcyoq/Build/Products/Debug-iphonesimulator/FocusBloxCore.framework/Info.plist /Users/hem/Library/Developer/Xcode/DerivedData/FocusBlox-awtxlldmubwqcwggsrfosewjcyoq/Build/Intermediates.noindex/FocusBlox.build/Debug-iphonesimulator/FocusBloxCore.build/empty-FocusBloxCore.plist (in target 'FocusBloxCore' from project 'FocusBlox')
    cd /Users/hem/Documents/opt/my-daily-sprints
    builtin-infoPlistUtility /Users/hem/Library/Developer/Xcode/DerivedData/FocusBlox-awtxlldmubwqcwggsrfosewjcyoq/Build/Intermediates.noindex/FocusBlox.build/Debug-iphonesimulator/FocusBloxCore.build/empty-FocusBloxCore.plist -producttype com.apple.product-type.framework -expandbuildsettings -format binary -platform iphonesimulator -o /Users/hem/Library/Developer/Xcode/DerivedData/FocusBlox-awtxlldmubwqcwggsrfosewjcyoq/Build/Products/Debug-iphonesimulator/FocusBloxCore.framework/Info.plist

WriteAuxiliaryFile /Users/hem/Library/Developer/Xcode/DerivedData/FocusBlox-awtxlldmubwqcwggsrfosewjcyoq/Build/Intermediates.noindex/FocusBlox.build/Debug-iphonesimulator/FocusBloxUITests.build/Objects-normal/arm64/FocusBloxUITests.SwiftFileList (in target 'FocusBloxUITests' from project 'FocusBlox')
    cd /Users/hem/Documents/opt/my-daily-sprints
    write-file /Users/hem/Library/Developer/Xcode/DerivedData/FocusBlox-awtxlldmubwqcwggsrfosewjcyoq/Build/Intermediates.noindex/FocusBlox.build/Debug-iphonesimulator/FocusBloxUITests.build/Objects-normal/arm64/FocusBloxUITests.SwiftFileList

WriteAuxiliaryFile /Users/hem/Library/Developer/Xcode/DerivedData/FocusBlox-awtxlldmubwqcwggsrfosewjcyoq/Build/Intermediates.noindex/FocusBlox.build/Debug-iphonesimulator/FocusBloxUITests.build/Objects-normal/arm64/FocusBloxUITests-OutputFileMap.json (in target 'FocusBloxUITests' from project 'FocusBlox')
    cd /Users/hem/Documents/opt/my-daily-sprints
    write-file /Users/hem/Library/Developer/Xcode/DerivedData/FocusBlox-awtxlldmubwqcwggsrfosewjcyoq/Build/Intermediates.noindex/FocusBlox.build/Debug-iphonesimulator/FocusBloxUITests.build/Objects-normal/arm64/FocusBloxUITests-OutputFileMap.json

SwiftDriver FocusBloxUITests normal arm64 com.apple.xcode.tools.swift.compiler (in target 'FocusBloxUITests' from project 'FocusBlox')
    cd /Users/hem/Documents/opt/my-daily-sprints
    builtin-SwiftDriver -- /Applications/Xcode.app/Contents/Developer/Toolchains/XcodeDefault.xctoolchain/usr/bin/swiftc -module-name FocusBloxUITests -Onone -enforce-exclusivity\=checked @/Users/hem/Library/Developer/Xcode/DerivedData/FocusBlox-awtxlldmubwqcwggsrfosewjcyoq/Build/Intermediates.noindex/FocusBlox.build/Debug-iphonesimulator/FocusBloxUITests.build/Objects-normal/arm64/FocusBloxUITests.SwiftFileList -DDEBUG -module-alias Testing\=_Testing_Unavailable -plugin-path /Applications/Xcode.app/Contents/Developer/Toolchains/XcodeDefault.xctoolchain/usr/lib/swift/host/plugins/testing -enable-experimental-feature DebugDescriptionMacro -sdk /Applications/Xcode.app/Contents/Developer/Platforms/iPhoneSimulator.platform/Developer/SDKs/iPhoneSimulator26.2.sdk -target arm64-apple-ios26.2-simulator -g -module-cache-path /Users/hem/Library/Developer/Xcode/DerivedData/ModuleCache.noindex -Xfrontend -serialize-debugging-options -profile-coverage-mapping -profile-generate -enable-testing -index-store-path /Users/hem/Library/Developer/Xcode/DerivedData/FocusBlox-awtxlldmubwqcwggsrfosewjcyoq/Index.noindex/DataStore -Xcc -D_LIBCPP_HARDENING_MODE\=_LIBCPP_HARDENING_MODE_DEBUG -swift-version 6 -I /Users/hem/Library/Developer/Xcode/DerivedData/FocusBlox-awtxlldmubwqcwggsrfosewjcyoq/Build/Products/Debug-iphonesimulator -Isystem /Applications/Xcode.app/Contents/Developer/Platforms/iPhoneSimulator.platform/Developer/usr/lib -F /Users/hem/Library/Developer/Xcode/DerivedData/FocusBlox-awtxlldmubwqcwggsrfosewjcyoq/Build/Products/Debug-iphonesimulator -F /Applications/Xcode.app/Contents/Developer/Platforms/iPhoneSimulator.platform/Developer/Library/Frameworks -F /Applications/Xcode.app/Contents/Developer/Platforms/iPhoneSimulator.platform/Developer/SDKs/iPhoneSimulator26.2.sdk/Developer/Library/Frameworks -c -j10 -enable-batch-mode -incremental -Xcc -ivfsstatcache -Xcc /Users/hem/Library/Developer/Xcode/DerivedData/SDKStatCaches.noindex/iphonesimulator26.2-23C53-7d00a8b37fbd7999ea79df8ebc024bf0.sdkstatcache -output-file-map /Users/hem/Library/Developer/Xcode/DerivedData/FocusBlox-awtxlldmubwqcwggsrfosewjcyoq/Build/Intermediates.noindex/FocusBlox.build/Debug-iphonesimulator/FocusBloxUITests.build/Objects-normal/arm64/FocusBloxUITests-OutputFileMap.json -use-frontend-parseable-output -save-temps -no-color-diagnostics -explicit-module-build -module-cache-path /Users/hem/Library/Developer/Xcode/DerivedData/FocusBlox-awtxlldmubwqcwggsrfosewjcyoq/Build/Intermediates.noindex/SwiftExplicitPrecompiledModules -clang-scanner-module-cache-path /Users/hem/Library/Developer/Xcode/DerivedData/ModuleCache.noindex -sdk-module-cache-path /Users/hem/Library/Developer/Xcode/DerivedData/ModuleCache.noindex -serialize-diagnostics -emit-dependencies -emit-module -emit-module-path /Users/hem/Library/Developer/Xcode/DerivedData/FocusBlox-awtxlldmubwqcwggsrfosewjcyoq/Build/Intermediates.noindex/FocusBlox.build/Debug-iphonesimulator/FocusBloxUITests.build/Objects-normal/arm64/FocusBloxUITests.swiftmodule -validate-clang-modules-once -clang-build-session-file /Users/hem/Library/Developer/Xcode/DerivedData/ModuleCache.noindex/Session.modulevalidation -Xcc -I/Users/hem/Library/Developer/Xcode/DerivedData/FocusBlox-awtxlldmubwqcwggsrfosewjcyoq/Build/Intermediates.noindex/FocusBlox.build/Debug-iphonesimulator/FocusBloxUITests.build/swift-overrides.hmap -emit-const-values -Xfrontend -const-gather-protocols-file -Xfrontend /Users/hem/Library/Developer/Xcode/DerivedData/FocusBlox-awtxlldmubwqcwggsrfosewjcyoq/Build/Intermediates.noindex/FocusBlox.build/Debug-iphonesimulator/FocusBloxUITests.build/Objects-normal/arm64/FocusBloxUITests_const_extract_protocols.json -Xcc -iquote -Xcc /Users/hem/Library/Developer/Xcode/DerivedData/FocusBlox-awtxlldmubwqcwggsrfosewjcyoq/Build/Intermediates.noindex/FocusBlox.build/Debug-iphonesimulator/FocusBloxUITests.build/FocusBloxUITests-generated-files.hmap -Xcc -I/Users/hem/Library/Developer/Xcode/DerivedData/FocusBlox-awtxlldmubwqcwggsrfosewjcyoq/Build/Intermediates.noindex/FocusBlox.build/Debug-iphonesimulator/FocusBloxUITests.build/FocusBloxUITests-own-target-headers.hmap -Xcc -I/Users/hem/Library/Developer/Xcode/DerivedData/FocusBlox-awtxlldmubwqcwggsrfosewjcyoq/Build/Intermediates.noindex/FocusBlox.build/Debug-iphonesimulator/FocusBloxUITests.build/FocusBloxUITests-all-target-headers.hmap -Xcc -iquote -Xcc /Users/hem/Library/Developer/Xcode/DerivedData/FocusBlox-awtxlldmubwqcwggsrfosewjcyoq/Build/Intermediates.noindex/FocusBlox.build/Debug-iphonesimulator/FocusBloxUITests.build/FocusBloxUITests-project-headers.hmap -Xcc -I/Users/hem/Library/Developer/Xcode/DerivedData/FocusBlox-awtxlldmubwqcwggsrfosewjcyoq/Build/Products/Debug-iphonesimulator/include -Xcc -I/Users/hem/Library/Developer/Xcode/DerivedData/FocusBlox-awtxlldmubwqcwggsrfosewjcyoq/Build/Intermediates.noindex/FocusBlox.build/Debug-iphonesimulator/FocusBloxUITests.build/DerivedSources-normal/arm64 -Xcc -I/Users/hem/Library/Developer/Xcode/DerivedData/FocusBlox-awtxlldmubwqcwggsrfosewjcyoq/Build/Intermediates.noindex/FocusBlox.build/Debug-iphonesimulator/FocusBloxUITests.build/DerivedSources/arm64 -Xcc -I/Users/hem/Library/Developer/Xcode/DerivedData/FocusBlox-awtxlldmubwqcwggsrfosewjcyoq/Build/Intermediates.noindex/FocusBlox.build/Debug-iphonesimulator/FocusBloxUITests.build/DerivedSources -Xcc -DDEBUG\=1 -emit-objc-header -emit-objc-header-path /Users/hem/Library/Developer/Xcode/DerivedData/FocusBlox-awtxlldmubwqcwggsrfosewjcyoq/Build/Intermediates.noindex/FocusBlox.build/Debug-iphonesimulator/FocusBloxUITests.build/Objects-normal/arm64/FocusBloxUITests-Swift.h -working-directory /Users/hem/Documents/opt/my-daily-sprints -experimental-emit-module-separately -disable-cmo

ProcessInfoPlistFile /Users/hem/Library/Developer/Xcode/DerivedData/FocusBlox-awtxlldmubwqcwggsrfosewjcyoq/Build/Products/Debug-iphonesimulator/FocusBloxWidgetsExtension.appex/Info.plist /Users/hem/Documents/opt/my-daily-sprints/FocusBloxWidgets/Info.plist (in target 'FocusBloxWidgetsExtension' from project 'FocusBlox')
    cd /Users/hem/Documents/opt/my-daily-sprints
    builtin-infoPlistUtility /Users/hem/Documents/opt/my-daily-sprints/FocusBloxWidgets/Info.plist -producttype com.apple.product-type.app-extension -expandbuildsettings -format binary -platform iphonesimulator -additionalcontentfile /Users/hem/Library/Developer/Xcode/DerivedData/FocusBlox-awtxlldmubwqcwggsrfosewjcyoq/Build/Intermediates.noindex/FocusBlox.build/Debug-iphonesimulator/FocusBloxWidgetsExtension.build/assetcatalog_generated_info.plist -o /Users/hem/Library/Developer/Xcode/DerivedData/FocusBlox-awtxlldmubwqcwggsrfosewjcyoq/Build/Products/Debug-iphonesimulator/FocusBloxWidgetsExtension.appex/Info.plist

CopySwiftLibs /Users/hem/Library/Developer/Xcode/DerivedData/FocusBlox-awtxlldmubwqcwggsrfosewjcyoq/Build/Products/Debug-iphonesimulator/FocusBlox.app (in target 'FocusBlox' from project 'FocusBlox')
    cd /Users/hem/Documents/opt/my-daily-sprints
    builtin-swiftStdLibTool --copy --verbose --sign - --scan-executable /Users/hem/Library/Developer/Xcode/DerivedData/FocusBlox-awtxlldmubwqcwggsrfosewjcyoq/Build/Products/Debug-iphonesimulator/FocusBlox.app/FocusBlox.debug.dylib --scan-folder /Users/hem/Library/Developer/Xcode/DerivedData/FocusBlox-awtxlldmubwqcwggsrfosewjcyoq/Build/Products/Debug-iphonesimulator/FocusBlox.app/Frameworks --scan-folder /Users/hem/Library/Developer/Xcode/DerivedData/FocusBlox-awtxlldmubwqcwggsrfosewjcyoq/Build/Products/Debug-iphonesimulator/FocusBlox.app/PlugIns --scan-folder /Users/hem/Library/Developer/Xcode/DerivedData/FocusBlox-awtxlldmubwqcwggsrfosewjcyoq/Build/Products/Debug-iphonesimulator/FocusBlox.app/SystemExtensions --scan-folder /Users/hem/Library/Developer/Xcode/DerivedData/FocusBlox-awtxlldmubwqcwggsrfosewjcyoq/Build/Products/Debug-iphonesimulator/FocusBlox.app/Extensions --scan-folder /Users/hem/Library/Developer/Xcode/DerivedData/FocusBlox-awtxlldmubwqcwggsrfosewjcyoq/Build/Products/Debug-iphonesimulator/FocusBloxCore.framework --platform iphonesimulator --toolchain /Applications/Xcode.app/Contents/Developer/Toolchains/XcodeDefault.xctoolchain --destination /Users/hem/Library/Developer/Xcode/DerivedData/FocusBlox-awtxlldmubwqcwggsrfosewjcyoq/Build/Products/Debug-iphonesimulator/FocusBlox.app/Frameworks --strip-bitcode --strip-bitcode-tool /Applications/Xcode.app/Contents/Developer/Toolchains/XcodeDefault.xctoolchain/usr/bin/bitcode_strip --emit-dependency-info /Users/hem/Library/Developer/Xcode/DerivedData/FocusBlox-awtxlldmubwqcwggsrfosewjcyoq/Build/Intermediates.noindex/FocusBlox.build/Debug-iphonesimulator/FocusBlox.build/SwiftStdLibToolInputDependencies.dep --filter-for-swift-os

ProcessInfoPlistFile /Users/hem/Library/Developer/Xcode/DerivedData/FocusBlox-awtxlldmubwqcwggsrfosewjcyoq/Build/Products/Debug-iphonesimulator/FocusBlox.app/Info.plist /Users/hem/Documents/opt/my-daily-sprints/Resources/Info.plist (in target 'FocusBlox' from project 'FocusBlox')
    cd /Users/hem/Documents/opt/my-daily-sprints
    builtin-infoPlistUtility /Users/hem/Documents/opt/my-daily-sprints/Resources/Info.plist -producttype com.apple.product-type.application -genpkginfo /Users/hem/Library/Developer/Xcode/DerivedData/FocusBlox-awtxlldmubwqcwggsrfosewjcyoq/Build/Products/Debug-iphonesimulator/FocusBlox.app/PkgInfo -expandbuildsettings -format binary -platform iphonesimulator -additionalcontentfile /Users/hem/Library/Developer/Xcode/DerivedData/FocusBlox-awtxlldmubwqcwggsrfosewjcyoq/Build/Intermediates.noindex/FocusBlox.build/Debug-iphonesimulator/FocusBlox.build/assetcatalog_generated_info.plist -scanforprivacyfile /Users/hem/Library/Developer/Xcode/DerivedData/FocusBlox-awtxlldmubwqcwggsrfosewjcyoq/Build/Products/Debug-iphonesimulator/FocusBlox.app/Frameworks/FocusBloxCore.framework -scanforprivacyfile /Users/hem/Library/Developer/Xcode/DerivedData/FocusBlox-awtxlldmubwqcwggsrfosewjcyoq/Build/Products/Debug-iphonesimulator/FocusBlox.app/PlugIns/FocusBloxWidgetsExtension.appex -o /Users/hem/Library/Developer/Xcode/DerivedData/FocusBlox-awtxlldmubwqcwggsrfosewjcyoq/Build/Products/Debug-iphonesimulator/FocusBlox.app/Info.plist
warning: 'UIRequiresFullScreen' has been deprecated starting in iOS 26.0 and will be ignored in a future release. See the UIRequiresFullScreen documentation for more details. (in target 'FocusBlox' from project 'FocusBlox')

ProcessInfoPlistFile /Users/hem/Library/Developer/Xcode/DerivedData/FocusBlox-awtxlldmubwqcwggsrfosewjcyoq/Build/Products/Debug-iphonesimulator/FocusBlox.app/PlugIns/FocusBloxTests.xctest/Info.plist /Users/hem/Library/Developer/Xcode/DerivedData/FocusBlox-awtxlldmubwqcwggsrfosewjcyoq/Build/Intermediates.noindex/FocusBlox.build/Debug-iphonesimulator/FocusBloxTests.build/empty-FocusBloxTests.plist (in target 'FocusBloxTests' from project 'FocusBlox')
    cd /Users/hem/Documents/opt/my-daily-sprints
    builtin-infoPlistUtility /Users/hem/Library/Developer/Xcode/DerivedData/FocusBlox-awtxlldmubwqcwggsrfosewjcyoq/Build/Intermediates.noindex/FocusBlox.build/Debug-iphonesimulator/FocusBloxTests.build/empty-FocusBloxTests.plist -producttype com.apple.product-type.bundle.unit-test -expandbuildsettings -format binary -platform iphonesimulator -o /Users/hem/Library/Developer/Xcode/DerivedData/FocusBlox-awtxlldmubwqcwggsrfosewjcyoq/Build/Products/Debug-iphonesimulator/FocusBlox.app/PlugIns/FocusBloxTests.xctest/Info.plist

CopySwiftLibs /Users/hem/Library/Developer/Xcode/DerivedData/FocusBlox-awtxlldmubwqcwggsrfosewjcyoq/Build/Products/Debug-iphonesimulator/FocusBlox.app/PlugIns/FocusBloxTests.xctest (in target 'FocusBloxTests' from project 'FocusBlox')
    cd /Users/hem/Documents/opt/my-daily-sprints
    builtin-swiftStdLibTool --copy --verbose --sign - --scan-executable /Users/hem/Library/Developer/Xcode/DerivedData/FocusBlox-awtxlldmubwqcwggsrfosewjcyoq/Build/Products/Debug-iphonesimulator/FocusBlox.app/PlugIns/FocusBloxTests.xctest/FocusBloxTests --scan-folder /Users/hem/Library/Developer/Xcode/DerivedData/FocusBlox-awtxlldmubwqcwggsrfosewjcyoq/Build/Products/Debug-iphonesimulator/FocusBlox.app/PlugIns/FocusBloxTests.xctest/Frameworks --scan-folder /Users/hem/Library/Developer/Xcode/DerivedData/FocusBlox-awtxlldmubwqcwggsrfosewjcyoq/Build/Products/Debug-iphonesimulator/FocusBlox.app/PlugIns/FocusBloxTests.xctest/PlugIns --scan-folder /Users/hem/Library/Developer/Xcode/DerivedData/FocusBlox-awtxlldmubwqcwggsrfosewjcyoq/Build/Products/Debug-iphonesimulator/FocusBlox.app/PlugIns/FocusBloxTests.xctest/SystemExtensions --scan-folder /Users/hem/Library/Developer/Xcode/DerivedData/FocusBlox-awtxlldmubwqcwggsrfosewjcyoq/Build/Products/Debug-iphonesimulator/FocusBlox.app/PlugIns/FocusBloxTests.xctest/Extensions --platform iphonesimulator --toolchain /Applications/Xcode.app/Contents/Developer/Toolchains/XcodeDefault.xctoolchain --destination /Users/hem/Library/Developer/Xcode/DerivedData/FocusBlox-awtxlldmubwqcwggsrfosewjcyoq/Build/Products/Debug-iphonesimulator/FocusBlox.app/PlugIns/FocusBloxTests.xctest/Frameworks --strip-bitcode --scan-executable /Applications/Xcode.app/Contents/Developer/Platforms/iPhoneSimulator.platform/Developer/usr/lib/libXCTestSwiftSupport.dylib --strip-bitcode-tool /Applications/Xcode.app/Contents/Developer/Toolchains/XcodeDefault.xctoolchain/usr/bin/bitcode_strip --emit-dependency-info /Users/hem/Library/Developer/Xcode/DerivedData/FocusBlox-awtxlldmubwqcwggsrfosewjcyoq/Build/Intermediates.noindex/FocusBlox.build/Debug-iphonesimulator/FocusBloxTests.build/SwiftStdLibToolInputDependencies.dep --filter-for-swift-os

ProcessInfoPlistFile /Users/hem/Library/Developer/Xcode/DerivedData/FocusBlox-awtxlldmubwqcwggsrfosewjcyoq/Build/Products/Debug-iphonesimulator/FocusBloxUITests-Runner.app/PlugIns/FocusBloxUITests.xctest/Info.plist /Users/hem/Library/Developer/Xcode/DerivedData/FocusBlox-awtxlldmubwqcwggsrfosewjcyoq/Build/Intermediates.noindex/FocusBlox.build/Debug-iphonesimulator/FocusBloxUITests.build/empty-FocusBloxUITests.plist (in target 'FocusBloxUITests' from project 'FocusBlox')
    cd /Users/hem/Documents/opt/my-daily-sprints
    builtin-infoPlistUtility /Users/hem/Library/Developer/Xcode/DerivedData/FocusBlox-awtxlldmubwqcwggsrfosewjcyoq/Build/Intermediates.noindex/FocusBlox.build/Debug-iphonesimulator/FocusBloxUITests.build/empty-FocusBloxUITests.plist -producttype com.apple.product-type.bundle.ui-testing -expandbuildsettings -format binary -platform iphonesimulator -additionalcontentfile /Users/hem/Library/Developer/Xcode/DerivedData/FocusBlox-awtxlldmubwqcwggsrfosewjcyoq/Build/Intermediates.noindex/FocusBlox.build/Debug-iphonesimulator/FocusBloxUITests.build/ProductTypeInfoPlistAdditions.plist -o /Users/hem/Library/Developer/Xcode/DerivedData/FocusBlox-awtxlldmubwqcwggsrfosewjcyoq/Build/Products/Debug-iphonesimulator/FocusBloxUITests-Runner.app/PlugIns/FocusBloxUITests.xctest/Info.plist

SwiftEmitModule normal arm64 Emitting\ module\ for\ FocusBloxUITests (in target 'FocusBloxUITests' from project 'FocusBlox')

EmitSwiftModule normal arm64 (in target 'FocusBloxUITests' from project 'FocusBlox')
    cd /Users/hem/Documents/opt/my-daily-sprints
    

SwiftCompile normal arm64 Compiling\ TaskFormTbdUITests.swift /Users/hem/Documents/opt/my-daily-sprints/FocusBloxUITests/TaskFormTbdUITests.swift (in target 'FocusBloxUITests' from project 'FocusBlox')
SwiftCompile normal arm64 /Users/hem/Documents/opt/my-daily-sprints/FocusBloxUITests/TaskFormTbdUITests.swift (in target 'FocusBloxUITests' from project 'FocusBlox')
    cd /Users/hem/Documents/opt/my-daily-sprints
    
/Users/hem/Documents/opt/my-daily-sprints/FocusBloxUITests/TaskFormTbdUITests.swift:16:15: warning: call to main actor-isolated initializer 'init()' in a synchronous nonisolated context
        app = XCUIApplication()
              ^
/Applications/Xcode.app/Contents/Developer/Platforms/iPhoneSimulator.platform/Developer/Library/Frameworks/XCUIAutomation.framework/Headers/XCUIApplication.h:29:1: note: calls to initializer 'init()' from outside of its actor context are implicitly asynchronous
- (instancetype)init NS_DESIGNATED_INITIALIZER;
^
/Users/hem/Documents/opt/my-daily-sprints/FocusBloxUITests/TaskFormTbdUITests.swift:17:13: warning: main actor-isolated property 'launchArguments' can not be mutated from a nonisolated context
        app.launchArguments = ["-UITesting"]
            ^
/Applications/Xcode.app/Contents/Developer/Platforms/iPhoneSimulator.platform/Developer/Library/Frameworks/XCUIAutomation.framework/Headers/XCUIApplication.h:93:51: note: mutation of this property is only permitted within the actor
@property (nonatomic, copy) NSArray <NSString *> *launchArguments;
                                                  ^
/Users/hem/Documents/opt/my-daily-sprints/FocusBloxUITests/TaskFormTbdUITests.swift:18:13: warning: call to main actor-isolated instance method 'launch()' in a synchronous nonisolated context
        app.launch()
            ^
XCUIAutomation.XCUIApplication.launch:2:22: note: calls to instance method 'launch()' from outside of its actor context are implicitly asynchronous
@MainActor open func launch()}
                     ^
/Users/hem/Documents/opt/my-daily-sprints/FocusBloxUITests/TaskFormTbdUITests.swift:28:37: warning: main actor-isolated subscript 'subscript(_:)' can not be referenced from a nonisolated context
        let backlogTab = app.buttons["tab-backlog"]
                                    ^
XCUIAutomation.XCUIElementQuery.subscript:2:17: note: subscript declared here
@MainActor open subscript(key: String) -> XCUIElement { get }}
                ^
/Users/hem/Documents/opt/my-daily-sprints/FocusBloxUITests/TaskFormTbdUITests.swift:27:18: note: add '@MainActor' to make instance method 'navigateToBacklog()' part of global actor 'MainActor'
    private func navigateToBacklog() {
                 ^
    @MainActor 
/Users/hem/Documents/opt/my-daily-sprints/FocusBloxUITests/TaskFormTbdUITests.swift:28:30: warning: main actor-isolated property 'buttons' can not be referenced from a nonisolated context
        let backlogTab = app.buttons["tab-backlog"]
                             ^
/Applications/Xcode.app/Contents/Developer/Platforms/iPhoneSimulator.platform/Developer/Library/Frameworks/XCUIAutomation.framework/Headers/XCUIElementTypeQueryProvider.h:22:46: note: property declared here
@property (readonly, copy) XCUIElementQuery *buttons;
                                             ^
/Users/hem/Documents/opt/my-daily-sprints/FocusBloxUITests/TaskFormTbdUITests.swift:27:18: note: add '@MainActor' to make instance method 'navigateToBacklog()' part of global actor 'MainActor'
    private func navigateToBacklog() {
                 ^
    @MainActor 
/Users/hem/Documents/opt/my-daily-sprints/FocusBloxUITests/TaskFormTbdUITests.swift:29:34: warning: call to main actor-isolated instance method 'waitForExistence(timeout:)' in a synchronous nonisolated context
        XCTAssertTrue(backlogTab.waitForExistence(timeout: 5), "Backlog tab should exist")
                                 ^
XCUIAutomation.XCUIElement.waitForExistence:2:22: note: calls to instance method 'waitForExistence(timeout:)' from outside of its actor context are implicitly asynchronous
@MainActor open func waitForExistence(timeout: TimeInterval) -> Bool}
                     ^
/Users/hem/Documents/opt/my-daily-sprints/FocusBloxUITests/TaskFormTbdUITests.swift:30:20: warning: call to main actor-isolated instance method 'tap()' in a synchronous nonisolated context
        backlogTab.tap()
                   ^
XCUIAutomation.XCUIElement.tap:2:22: note: calls to instance method 'tap()' from outside of its actor context are implicitly asynchronous
@MainActor open func tap()}
                     ^
/Users/hem/Documents/opt/my-daily-sprints/FocusBloxUITests/TaskFormTbdUITests.swift:27:18: note: add '@MainActor' to make instance method 'navigateToBacklog()' part of global actor 'MainActor'
    private func navigateToBacklog() {
                 ^
    @MainActor 
/Users/hem/Documents/opt/my-daily-sprints/FocusBloxUITests/TaskFormTbdUITests.swift:36:36: warning: main actor-isolated subscript 'subscript(_:)' can not be referenced from a nonisolated context
        let addButton = app.buttons["addTaskButton"]
                                   ^
XCUIAutomation.XCUIElementQuery.subscript:2:17: note: subscript declared here
@MainActor open subscript(key: String) -> XCUIElement { get }}
                ^
/Users/hem/Documents/opt/my-daily-sprints/FocusBloxUITests/TaskFormTbdUITests.swift:34:18: note: add '@MainActor' to make instance method 'openCreateTaskSheet()' part of global actor 'MainActor'
    private func openCreateTaskSheet() {
                 ^
    @MainActor 
/Users/hem/Documents/opt/my-daily-sprints/FocusBloxUITests/TaskFormTbdUITests.swift:36:29: warning: main actor-isolated property 'buttons' can not be referenced from a nonisolated context
        let addButton = app.buttons["addTaskButton"]
                            ^
/Applications/Xcode.app/Contents/Developer/Platforms/iPhoneSimulator.platform/Developer/Library/Frameworks/XCUIAutomation.framework/Headers/XCUIElementTypeQueryProvider.h:22:46: note: property declared here
@property (readonly, copy) XCUIElementQuery *buttons;
                                             ^
/Users/hem/Documents/opt/my-daily-sprints/FocusBloxUITests/TaskFormTbdUITests.swift:34:18: note: add '@MainActor' to make instance method 'openCreateTaskSheet()' part of global actor 'MainActor'
    private func openCreateTaskSheet() {
                 ^
    @MainActor 
/Users/hem/Documents/opt/my-daily-sprints/FocusBloxUITests/TaskFormTbdUITests.swift:37:22: warning: call to main actor-isolated instance method 'waitForExistence(timeout:)' in a synchronous nonisolated context
        if addButton.waitForExistence(timeout: 3) {
                     ^
XCUIAutomation.XCUIElement.waitForExistence:2:22: note: calls to instance method 'waitForExistence(timeout:)' from outside of its actor context are implicitly asynchronous
@MainActor open func waitForExistence(timeout: TimeInterval) -> Bool}
                     ^
/Users/hem/Documents/opt/my-daily-sprints/FocusBloxUITests/TaskFormTbdUITests.swift:34:18: note: add '@MainActor' to make instance method 'openCreateTaskSheet()' part of global actor 'MainActor'
    private func openCreateTaskSheet() {
                 ^
    @MainActor 
/Users/hem/Documents/opt/my-daily-sprints/FocusBloxUITests/TaskFormTbdUITests.swift:38:23: warning: call to main actor-isolated instance method 'tap()' in a synchronous nonisolated context
            addButton.tap()
                      ^
XCUIAutomation.XCUIElement.tap:2:22: note: calls to instance method 'tap()' from outside of its actor context are implicitly asynchronous
@MainActor open func tap()}
                     ^
/Users/hem/Documents/opt/my-daily-sprints/FocusBloxUITests/TaskFormTbdUITests.swift:34:18: note: add '@MainActor' to make instance method 'openCreateTaskSheet()' part of global actor 'MainActor'
    private func openCreateTaskSheet() {
                 ^
    @MainActor 
/Users/hem/Documents/opt/my-daily-sprints/FocusBloxUITests/TaskFormTbdUITests.swift:43:15: warning: main actor-isolated property 'firstMatch' can not be referenced from a nonisolated context
            ).firstMatch
              ^
/Applications/Xcode.app/Contents/Developer/Platforms/iPhoneSimulator.platform/Developer/Library/Frameworks/XCUIAutomation.framework/Headers/XCUIElementTypeQueryProvider.h:105:35: note: property declared here
@property (readonly) XCUIElement *firstMatch;
                                  ^
/Users/hem/Documents/opt/my-daily-sprints/FocusBloxUITests/TaskFormTbdUITests.swift:34:18: note: add '@MainActor' to make instance method 'openCreateTaskSheet()' part of global actor 'MainActor'
    private func openCreateTaskSheet() {
                 ^
    @MainActor 
/Users/hem/Documents/opt/my-daily-sprints/FocusBloxUITests/TaskFormTbdUITests.swift:41:59: warning: call to main actor-isolated instance method 'matching' in a synchronous nonisolated context
            let navAddButton = app.navigationBars.buttons.matching(
                                                          ^
XCUIAutomation.XCUIElementQuery.matching:2:22: note: calls to instance method 'matching' from outside of its actor context are implicitly asynchronous
@MainActor open func matching(_ predicate: NSPredicate) -> XCUIElementQuery}
                     ^
XCUIAutomation.XCUIElementQuery.matching:2:22: note: main actor isolation inferred from conformance to protocol 'XCUIElementTypeQueryProvider'
@MainActor open func matching(_ predicate: NSPredicate) -> XCUIElementQuery}
                     ^
/Users/hem/Documents/opt/my-daily-sprints/FocusBloxUITests/TaskFormTbdUITests.swift:34:18: note: add '@MainActor' to make instance method 'openCreateTaskSheet()' part of global actor 'MainActor'
    private func openCreateTaskSheet() {
                 ^
    @MainActor 
/Users/hem/Documents/opt/my-daily-sprints/FocusBloxUITests/TaskFormTbdUITests.swift:41:51: warning: main actor-isolated property 'buttons' can not be referenced from a nonisolated context
            let navAddButton = app.navigationBars.buttons.matching(
                                                  ^
/Applications/Xcode.app/Contents/Developer/Platforms/iPhoneSimulator.platform/Developer/Library/Frameworks/XCUIAutomation.framework/Headers/XCUIElementTypeQueryProvider.h:22:46: note: property declared here
@property (readonly, copy) XCUIElementQuery *buttons;
                                             ^
/Users/hem/Documents/opt/my-daily-sprints/FocusBloxUITests/TaskFormTbdUITests.swift:34:18: note: add '@MainActor' to make instance method 'openCreateTaskSheet()' part of global actor 'MainActor'
    private func openCreateTaskSheet() {
                 ^
    @MainActor 
/Users/hem/Documents/opt/my-daily-sprints/FocusBloxUITests/TaskFormTbdUITests.swift:41:36: warning: main actor-isolated property 'navigationBars' can not be referenced from a nonisolated context
            let navAddButton = app.navigationBars.buttons.matching(
                                   ^
/Applications/Xcode.app/Contents/Developer/Platforms/iPhoneSimulator.platform/Developer/Library/Frameworks/XCUIAutomation.framework/Headers/XCUIElementTypeQueryProvider.h:34:46: note: property declared here
@property (readonly, copy) XCUIElementQuery *navigationBars;
                                             ^
/Users/hem/Documents/opt/my-daily-sprints/FocusBloxUITests/TaskFormTbdUITests.swift:34:18: note: add '@MainActor' to make instance method 'openCreateTaskSheet()' part of global actor 'MainActor'
    private func openCreateTaskSheet() {
                 ^
    @MainActor 
/Users/hem/Documents/opt/my-daily-sprints/FocusBloxUITests/TaskFormTbdUITests.swift:44:29: warning: call to main actor-isolated instance method 'waitForExistence(timeout:)' in a synchronous nonisolated context
            if navAddButton.waitForExistence(timeout: 3) {
                            ^
XCUIAutomation.XCUIElement.waitForExistence:2:22: note: calls to instance method 'waitForExistence(timeout:)' from outside of its actor context are implicitly asynchronous
@MainActor open func waitForExistence(timeout: TimeInterval) -> Bool}
                     ^
/Users/hem/Documents/opt/my-daily-sprints/FocusBloxUITests/TaskFormTbdUITests.swift:34:18: note: add '@MainActor' to make instance method 'openCreateTaskSheet()' part of global actor 'MainActor'
    private func openCreateTaskSheet() {
                 ^
    @MainActor 
/Users/hem/Documents/opt/my-daily-sprints/FocusBloxUITests/TaskFormTbdUITests.swift:45:30: warning: call to main actor-isolated instance method 'tap()' in a synchronous nonisolated context
                navAddButton.tap()
                             ^
XCUIAutomation.XCUIElement.tap:2:22: note: calls to instance method 'tap()' from outside of its actor context are implicitly asynchronous
@MainActor open func tap()}
                     ^
/Users/hem/Documents/opt/my-daily-sprints/FocusBloxUITests/TaskFormTbdUITests.swift:34:18: note: add '@MainActor' to make instance method 'openCreateTaskSheet()' part of global actor 'MainActor'
    private func openCreateTaskSheet() {
                 ^
    @MainActor 
/Users/hem/Documents/opt/my-daily-sprints/FocusBloxUITests/TaskFormTbdUITests.swift:80:13: warning: initialization of immutable value 'lowButton' was never used; consider replacing with assignment to '_' or removing it
        let lowButton = app.buttons.matching(
        ~~~~^~~~~~~~~
        _
/Users/hem/Documents/opt/my-daily-sprints/FocusBloxUITests/TaskFormTbdUITests.swift:83:13: warning: initialization of immutable value 'mediumButton' was never used; consider replacing with assignment to '_' or removing it
        let mediumButton = app.buttons.matching(
        ~~~~^~~~~~~~~~~~
        _
/Users/hem/Documents/opt/my-daily-sprints/FocusBloxUITests/TaskFormTbdUITests.swift:86:13: warning: initialization of immutable value 'highButton' was never used; consider replacing with assignment to '_' or removing it
        let highButton = app.buttons.matching(
        ~~~~^~~~~~~~~~
        _
/Users/hem/Documents/opt/my-daily-sprints/FocusBloxUITests/TaskFormTbdUITests.swift:60:56: warning: call to main actor-isolated instance method 'screenshot()' in a synchronous nonisolated context
        let screenshot = XCTAttachment(screenshot: app.screenshot())
                                                       ^
XCUIAutomation.XCUIElement.screenshot:2:22: note: calls to instance method 'screenshot()' from outside of its actor context are implicitly asynchronous
@MainActor open func screenshot() -> XCUIScreenshot}
                     ^
/Users/hem/Documents/opt/my-daily-sprints/FocusBloxUITests/TaskFormTbdUITests.swift:55:10: note: add '@MainActor' to make instance method 'testNewTaskImportanceNotPreSelected()' part of global actor 'MainActor'
    func testNewTaskImportanceNotPreSelected() throws {
         ^
    @MainActor 
/Users/hem/Documents/opt/my-daily-sprints/FocusBloxUITests/TaskFormTbdUITests.swift:66:48: warning: main actor-isolated subscript 'subscript(_:)' can not be referenced from a nonisolated context
        let importanceSection = app.staticTexts["Wichtigkeit"]
                                               ^
XCUIAutomation.XCUIElementQuery.subscript:2:17: note: subscript declared here
@MainActor open subscript(key: String) -> XCUIElement { get }}
                ^
/Users/hem/Documents/opt/my-daily-sprints/FocusBloxUITests/TaskFormTbdUITests.swift:55:10: note: add '@MainActor' to make instance method 'testNewTaskImportanceNotPreSelected()' part of global actor 'MainActor'
    func testNewTaskImportanceNotPreSelected() throws {
         ^
    @MainActor 
/Users/hem/Documents/opt/my-daily-sprints/FocusBloxUITests/TaskFormTbdUITests.swift:66:37: warning: main actor-isolated property 'staticTexts' can not be referenced from a nonisolated context
        let importanceSection = app.staticTexts["Wichtigkeit"]
                                    ^
/Applications/Xcode.app/Contents/Developer/Platforms/iPhoneSimulator.platform/Developer/Library/Frameworks/XCUIAutomation.framework/Headers/XCUIElementTypeQueryProvider.h:62:46: note: property declared here
@property (readonly, copy) XCUIElementQuery *staticTexts;
                                             ^
/Users/hem/Documents/opt/my-daily-sprints/FocusBloxUITests/TaskFormTbdUITests.swift:55:10: note: add '@MainActor' to make instance method 'testNewTaskImportanceNotPreSelected()' part of global actor 'MainActor'
    func testNewTaskImportanceNotPreSelected() throws {
         ^
    @MainActor 
/Users/hem/Documents/opt/my-daily-sprints/FocusBloxUITests/TaskFormTbdUITests.swift:67:33: warning: call to main actor-isolated instance method 'waitForExistence(timeout:)' in a synchronous nonisolated context
        guard importanceSection.waitForExistence(timeout: 3) else {
                                ^
XCUIAutomation.XCUIElement.waitForExistence:2:22: note: calls to instance method 'waitForExistence(timeout:)' from outside of its actor context are implicitly asynchronous
@MainActor open func waitForExistence(timeout: TimeInterval) -> Bool}
                     ^
/Users/hem/Documents/opt/my-daily-sprints/FocusBloxUITests/TaskFormTbdUITests.swift:55:10: note: add '@MainActor' to make instance method 'testNewTaskImportanceNotPreSelected()' part of global actor 'MainActor'
    func testNewTaskImportanceNotPreSelected() throws {
         ^
    @MainActor 
/Users/hem/Documents/opt/my-daily-sprints/FocusBloxUITests/TaskFormTbdUITests.swift:76:39: warning: main actor-isolated subscript 'subscript(_:)' can not be referenced from a nonisolated context
        let tbdIndicator = app.buttons["importanceNotSet"]
                                      ^
XCUIAutomation.XCUIElementQuery.subscript:2:17: note: subscript declared here
@MainActor open subscript(key: String) -> XCUIElement { get }}
                ^
/Users/hem/Documents/opt/my-daily-sprints/FocusBloxUITests/TaskFormTbdUITests.swift:55:10: note: add '@MainActor' to make instance method 'testNewTaskImportanceNotPreSelected()' part of global actor 'MainActor'
    func testNewTaskImportanceNotPreSelected() throws {
         ^
    @MainActor 
/Users/hem/Documents/opt/my-daily-sprints/FocusBloxUITests/TaskFormTbdUITests.swift:76:32: warning: main actor-isolated property 'buttons' can not be referenced from a nonisolated context
        let tbdIndicator = app.buttons["importanceNotSet"]
                               ^
/Applications/Xcode.app/Contents/Developer/Platforms/iPhoneSimulator.platform/Developer/Library/Frameworks/XCUIAutomation.framework/Headers/XCUIElementTypeQueryProvider.h:22:46: note: property declared here
@property (readonly, copy) XCUIElementQuery *buttons;
                                             ^
/Users/hem/Documents/opt/my-daily-sprints/FocusBloxUITests/TaskFormTbdUITests.swift:55:10: note: add '@MainActor' to make instance method 'testNewTaskImportanceNotPreSelected()' part of global actor 'MainActor'
    func testNewTaskImportanceNotPreSelected() throws {
         ^
    @MainActor 
/Users/hem/Documents/opt/my-daily-sprints/FocusBloxUITests/TaskFormTbdUITests.swift:77:42: warning: main actor-isolated subscript 'subscript(_:)' can not be referenced from a nonisolated context
        let noSelectionState = app.images["questionmark"]
                                         ^
XCUIAutomation.XCUIElementQuery.subscript:2:17: note: subscript declared here
@MainActor open subscript(key: String) -> XCUIElement { get }}
                ^
/Users/hem/Documents/opt/my-daily-sprints/FocusBloxUITests/TaskFormTbdUITests.swift:55:10: note: add '@MainActor' to make instance method 'testNewTaskImportanceNotPreSelected()' part of global actor 'MainActor'
    func testNewTaskImportanceNotPreSelected() throws {
         ^
    @MainActor 
/Users/hem/Documents/opt/my-daily-sprints/FocusBloxUITests/TaskFormTbdUITests.swift:77:36: warning: main actor-isolated property 'images' can not be referenced from a nonisolated context
        let noSelectionState = app.images["questionmark"]
                                   ^
/Applications/Xcode.app/Contents/Developer/Platforms/iPhoneSimulator.platform/Developer/Library/Frameworks/XCUIAutomation.framework/Headers/XCUIElementTypeQueryProvider.h:57:46: note: property declared here
@property (readonly, copy) XCUIElementQuery *images;
                                             ^
/Users/hem/Documents/opt/my-daily-sprints/FocusBloxUITests/TaskFormTbdUITests.swift:55:10: note: add '@MainActor' to make instance method 'testNewTaskImportanceNotPreSelected()' part of global actor 'MainActor'
    func testNewTaskImportanceNotPreSelected() throws {
         ^
    @MainActor 
/Users/hem/Documents/opt/my-daily-sprints/FocusBloxUITests/TaskFormTbdUITests.swift:82:11: warning: main actor-isolated property 'firstMatch' can not be referenced from a nonisolated context
        ).firstMatch
          ^
/Applications/Xcode.app/Contents/Developer/Platforms/iPhoneSimulator.platform/Developer/Library/Frameworks/XCUIAutomation.framework/Headers/XCUIElementTypeQueryProvider.h:105:35: note: property declared here
@property (readonly) XCUIElement *firstMatch;
                                  ^
/Users/hem/Documents/opt/my-daily-sprints/FocusBloxUITests/TaskFormTbdUITests.swift:55:10: note: add '@MainActor' to make instance method 'testNewTaskImportanceNotPreSelected()' part of global actor 'MainActor'
    func testNewTaskImportanceNotPreSelected() throws {
         ^
    @MainActor 
/Users/hem/Documents/opt/my-daily-sprints/FocusBloxUITests/TaskFormTbdUITests.swift:80:37: warning: call to main actor-isolated instance method 'matching' in a synchronous nonisolated context
        let lowButton = app.buttons.matching(
                                    ^
XCUIAutomation.XCUIElementQuery.matching:2:22: note: calls to instance method 'matching' from outside of its actor context are implicitly asynchronous
@MainActor open func matching(_ predicate: NSPredicate) -> XCUIElementQuery}
                     ^
XCUIAutomation.XCUIElementQuery.matching:2:22: note: main actor isolation inferred from conformance to protocol 'XCUIElementTypeQueryProvider'
@MainActor open func matching(_ predicate: NSPredicate) -> XCUIElementQuery}
                     ^
/Users/hem/Documents/opt/my-daily-sprints/FocusBloxUITests/TaskFormTbdUITests.swift:55:10: note: add '@MainActor' to make instance method 'testNewTaskImportanceNotPreSelected()' part of global actor 'MainActor'
    func testNewTaskImportanceNotPreSelected() throws {
         ^
    @MainActor 
/Users/hem/Documents/opt/my-daily-sprints/FocusBloxUITests/TaskFormTbdUITests.swift:80:29: warning: main actor-isolated property 'buttons' can not be referenced from a nonisolated context
        let lowButton = app.buttons.matching(
                            ^
/Applications/Xcode.app/Contents/Developer/Platforms/iPhoneSimulator.platform/Developer/Library/Frameworks/XCUIAutomation.framework/Headers/XCUIElementTypeQueryProvider.h:22:46: note: property declared here
@property (readonly, copy) XCUIElementQuery *buttons;
                                             ^
/Users/hem/Documents/opt/my-daily-sprints/FocusBloxUITests/TaskFormTbdUITests.swift:55:10: note: add '@MainActor' to make instance method 'testNewTaskImportanceNotPreSelected()' part of global actor 'MainActor'
    func testNewTaskImportanceNotPreSelected() throws {
         ^
    @MainActor 
/Users/hem/Documents/opt/my-daily-sprints/FocusBloxUITests/TaskFormTbdUITests.swift:85:11: warning: main actor-isolated property 'firstMatch' can not be referenced from a nonisolated context
        ).firstMatch
          ^
/Applications/Xcode.app/Contents/Developer/Platforms/iPhoneSimulator.platform/Developer/Library/Frameworks/XCUIAutomation.framework/Headers/XCUIElementTypeQueryProvider.h:105:35: note: property declared here
@property (readonly) XCUIElement *firstMatch;
                                  ^
/Users/hem/Documents/opt/my-daily-sprints/FocusBloxUITests/TaskFormTbdUITests.swift:55:10: note: add '@MainActor' to make instance method 'testNewTaskImportanceNotPreSelected()' part of global actor 'MainActor'
    func testNewTaskImportanceNotPreSelected() throws {
         ^
    @MainActor 
/Users/hem/Documents/opt/my-daily-sprints/FocusBloxUITests/TaskFormTbdUITests.swift:83:40: warning: call to main actor-isolated instance method 'matching' in a synchronous nonisolated context
        let mediumButton = app.buttons.matching(
                                       ^
XCUIAutomation.XCUIElementQuery.matching:2:22: note: calls to instance method 'matching' from outside of its actor context are implicitly asynchronous
@MainActor open func matching(_ predicate: NSPredicate) -> XCUIElementQuery}
                     ^
XCUIAutomation.XCUIElementQuery.matching:2:22: note: main actor isolation inferred from conformance to protocol 'XCUIElementTypeQueryProvider'
@MainActor open func matching(_ predicate: NSPredicate) -> XCUIElementQuery}
                     ^
/Users/hem/Documents/opt/my-daily-sprints/FocusBloxUITests/TaskFormTbdUITests.swift:55:10: note: add '@MainActor' to make instance method 'testNewTaskImportanceNotPreSelected()' part of global actor 'MainActor'
    func testNewTaskImportanceNotPreSelected() throws {
         ^
    @MainActor 
/Users/hem/Documents/opt/my-daily-sprints/FocusBloxUITests/TaskFormTbdUITests.swift:83:32: warning: main actor-isolated property 'buttons' can not be referenced from a nonisolated context
        let mediumButton = app.buttons.matching(
                               ^
/Applications/Xcode.app/Contents/Developer/Platforms/iPhoneSimulator.platform/Developer/Library/Frameworks/XCUIAutomation.framework/Headers/XCUIElementTypeQueryProvider.h:22:46: note: property declared here
@property (readonly, copy) XCUIElementQuery *buttons;
                                             ^
/Users/hem/Documents/opt/my-daily-sprints/FocusBloxUITests/TaskFormTbdUITests.swift:55:10: note: add '@MainActor' to make instance method 'testNewTaskImportanceNotPreSelected()' part of global actor 'MainActor'
    func testNewTaskImportanceNotPreSelected() throws {
         ^
    @MainActor 
/Users/hem/Documents/opt/my-daily-sprints/FocusBloxUITests/TaskFormTbdUITests.swift:88:11: warning: main actor-isolated property 'firstMatch' can not be referenced from a nonisolated context
        ).firstMatch
          ^
/Applications/Xcode.app/Contents/Developer/Platforms/iPhoneSimulator.platform/Developer/Library/Frameworks/XCUIAutomation.framework/Headers/XCUIElementTypeQueryProvider.h:105:35: note: property declared here
@property (readonly) XCUIElement *firstMatch;
                                  ^
/Users/hem/Documents/opt/my-daily-sprints/FocusBloxUITests/TaskFormTbdUITests.swift:55:10: note: add '@MainActor' to make instance method 'testNewTaskImportanceNotPreSelected()' part of global actor 'MainActor'
    func testNewTaskImportanceNotPreSelected() throws {
         ^
    @MainActor 
/Users/hem/Documents/opt/my-daily-sprints/FocusBloxUITests/TaskFormTbdUITests.swift:86:38: warning: call to main actor-isolated instance method 'matching' in a synchronous nonisolated context
        let highButton = app.buttons.matching(
                                     ^
XCUIAutomation.XCUIElementQuery.matching:2:22: note: calls to instance method 'matching' from outside of its actor context are implicitly asynchronous
@MainActor open func matching(_ predicate: NSPredicate) -> XCUIElementQuery}
                     ^
XCUIAutomation.XCUIElementQuery.matching:2:22: note: main actor isolation inferred from conformance to protocol 'XCUIElementTypeQueryProvider'
@MainActor open func matching(_ predicate: NSPredicate) -> XCUIElementQuery}
                     ^
/Users/hem/Documents/opt/my-daily-sprints/FocusBloxUITests/TaskFormTbdUITests.swift:55:10: note: add '@MainActor' to make instance method 'testNewTaskImportanceNotPreSelected()' part of global actor 'MainActor'
    func testNewTaskImportanceNotPreSelected() throws {
         ^
    @MainActor 
/Users/hem/Documents/opt/my-daily-sprints/FocusBloxUITests/TaskFormTbdUITests.swift:86:30: warning: main actor-isolated property 'buttons' can not be referenced from a nonisolated context
        let highButton = app.buttons.matching(
                             ^
/Applications/Xcode.app/Contents/Developer/Platforms/iPhoneSimulator.platform/Developer/Library/Frameworks/XCUIAutomation.framework/Headers/XCUIElementTypeQueryProvider.h:22:46: note: property declared here
@property (readonly, copy) XCUIElementQuery *buttons;
                                             ^
/Users/hem/Documents/opt/my-daily-sprints/FocusBloxUITests/TaskFormTbdUITests.swift:55:10: note: add '@MainActor' to make instance method 'testNewTaskImportanceNotPreSelected()' part of global actor 'MainActor'
    func testNewTaskImportanceNotPreSelected() throws {
         ^
    @MainActor 
/Users/hem/Documents/opt/my-daily-sprints/FocusBloxUITests/TaskFormTbdUITests.swift:92:41: warning: main actor-isolated property 'exists' can not be referenced from a nonisolated context
        let hasTbdOption = tbdIndicator.exists || noSelectionState.exists ||
                                        ^
/Applications/Xcode.app/Contents/Developer/Platforms/iPhoneSimulator.platform/Developer/Library/Frameworks/XCUIAutomation.framework/Headers/XCUIElement.h:54:27: note: property declared here
@property (readonly) BOOL exists;
                          ^
/Users/hem/Documents/opt/my-daily-sprints/FocusBloxUITests/TaskFormTbdUITests.swift:55:10: note: add '@MainActor' to make instance method 'testNewTaskImportanceNotPreSelected()' part of global actor 'MainActor'
    func testNewTaskImportanceNotPreSelected() throws {
         ^
    @MainActor 
/Users/hem/Documents/opt/my-daily-sprints/FocusBloxUITests/TaskFormTbdUITests.swift:92:68: warning: main actor-isolated property 'exists' can not be referenced from a nonisolated autoclosure
        let hasTbdOption = tbdIndicator.exists || noSelectionState.exists ||
                                                                   ^
/Applications/Xcode.app/Contents/Developer/Platforms/iPhoneSimulator.platform/Developer/Library/Frameworks/XCUIAutomation.framework/Headers/XCUIElement.h:54:27: note: property declared here
@property (readonly) BOOL exists;
                          ^
/Users/hem/Documents/opt/my-daily-sprints/FocusBloxUITests/TaskFormTbdUITests.swift:93:43: warning: main actor-isolated property 'exists' can not be referenced from a nonisolated autoclosure
            app.buttons["importanceNone"].exists ||
                                          ^
/Applications/Xcode.app/Contents/Developer/Platforms/iPhoneSimulator.platform/Developer/Library/Frameworks/XCUIAutomation.framework/Headers/XCUIElement.h:54:27: note: property declared here
@property (readonly) BOOL exists;
                          ^
/Users/hem/Documents/opt/my-daily-sprints/FocusBloxUITests/TaskFormTbdUITests.swift:93:24: warning: main actor-isolated subscript 'subscript(_:)' can not be referenced from a nonisolated autoclosure
            app.buttons["importanceNone"].exists ||
                       ^
XCUIAutomation.XCUIElementQuery.subscript:2:17: note: subscript declared here
@MainActor open subscript(key: String) -> XCUIElement { get }}
                ^
/Users/hem/Documents/opt/my-daily-sprints/FocusBloxUITests/TaskFormTbdUITests.swift:93:17: warning: main actor-isolated property 'buttons' can not be referenced from a nonisolated autoclosure
            app.buttons["importanceNone"].exists ||
                ^
/Applications/Xcode.app/Contents/Developer/Platforms/iPhoneSimulator.platform/Developer/Library/Frameworks/XCUIAutomation.framework/Headers/XCUIElementTypeQueryProvider.h:22:46: note: property declared here
@property (readonly, copy) XCUIElementQuery *buttons;
                                             ^
/Users/hem/Documents/opt/my-daily-sprints/FocusBloxUITests/TaskFormTbdUITests.swift:94:46: warning: main actor-isolated property 'exists' can not be referenced from a nonisolated autoclosure
            app.staticTexts["Nicht gesetzt"].exists
                                             ^
/Applications/Xcode.app/Contents/Developer/Platforms/iPhoneSimulator.platform/Developer/Library/Frameworks/XCUIAutomation.framework/Headers/XCUIElement.h:54:27: note: property declared here
@property (readonly) BOOL exists;
                          ^
/Users/hem/Documents/opt/my-daily-sprints/FocusBloxUITests/TaskFormTbdUITests.swift:94:28: warning: main actor-isolated subscript 'subscript(_:)' can not be referenced from a nonisolated autoclosure
            app.staticTexts["Nicht gesetzt"].exists
                           ^
XCUIAutomation.XCUIElementQuery.subscript:2:17: note: subscript declared here
@MainActor open subscript(key: String) -> XCUIElement { get }}
                ^
/Users/hem/Documents/opt/my-daily-sprints/FocusBloxUITests/TaskFormTbdUITests.swift:94:17: warning: main actor-isolated property 'staticTexts' can not be referenced from a nonisolated autoclosure
            app.staticTexts["Nicht gesetzt"].exists
                ^
/Applications/Xcode.app/Contents/Developer/Platforms/iPhoneSimulator.platform/Developer/Library/Frameworks/XCUIAutomation.framework/Headers/XCUIElementTypeQueryProvider.h:62:46: note: property declared here
@property (readonly, copy) XCUIElementQuery *staticTexts;
                                             ^
/Users/hem/Documents/opt/my-daily-sprints/FocusBloxUITests/TaskFormTbdUITests.swift:110:45: warning: main actor-isolated subscript 'subscript(_:)' can not be referenced from a nonisolated context
        let urgencySection = app.staticTexts["Dringlichkeit"]
                                            ^
XCUIAutomation.XCUIElementQuery.subscript:2:17: note: subscript declared here
@MainActor open subscript(key: String) -> XCUIElement { get }}
                ^
/Users/hem/Documents/opt/my-daily-sprints/FocusBloxUITests/TaskFormTbdUITests.swift:105:10: note: add '@MainActor' to make instance method 'testNewTaskUrgencyNotPreSelected()' part of global actor 'MainActor'
    func testNewTaskUrgencyNotPreSelected() throws {
         ^
    @MainActor 
/Users/hem/Documents/opt/my-daily-sprints/FocusBloxUITests/TaskFormTbdUITests.swift:110:34: warning: main actor-isolated property 'staticTexts' can not be referenced from a nonisolated context
        let urgencySection = app.staticTexts["Dringlichkeit"]
                                 ^
/Applications/Xcode.app/Contents/Developer/Platforms/iPhoneSimulator.platform/Developer/Library/Frameworks/XCUIAutomation.framework/Headers/XCUIElementTypeQueryProvider.h:62:46: note: property declared here
@property (readonly, copy) XCUIElementQuery *staticTexts;
                                             ^
/Users/hem/Documents/opt/my-daily-sprints/FocusBloxUITests/TaskFormTbdUITests.swift:105:10: note: add '@MainActor' to make instance method 'testNewTaskUrgencyNotPreSelected()' part of global actor 'MainActor'
    func testNewTaskUrgencyNotPreSelected() throws {
         ^
    @MainActor 
/Users/hem/Documents/opt/my-daily-sprints/FocusBloxUITests/TaskFormTbdUITests.swift:111:30: warning: call to main actor-isolated instance method 'waitForExistence(timeout:)' in a synchronous nonisolated context
        guard urgencySection.waitForExistence(timeout: 3) else {
                             ^
XCUIAutomation.XCUIElement.waitForExistence:2:22: note: calls to instance method 'waitForExistence(timeout:)' from outside of its actor context are implicitly asynchronous
@MainActor open func waitForExistence(timeout: TimeInterval) -> Bool}
                     ^
/Users/hem/Documents/opt/my-daily-sprints/FocusBloxUITests/TaskFormTbdUITests.swift:105:10: note: add '@MainActor' to make instance method 'testNewTaskUrgencyNotPreSelected()' part of global actor 'MainActor'
    func testNewTaskUrgencyNotPreSelected() throws {
         ^
    @MainActor 
/Users/hem/Documents/opt/my-daily-sprints/FocusBloxUITests/TaskFormTbdUITests.swift:118:11: warning: main actor-isolated property 'firstMatch' can not be referenced from a nonisolated context
        ).firstMatch
          ^
/Applications/Xcode.app/Contents/Developer/Platforms/iPhoneSimulator.platform/Developer/Library/Frameworks/XCUIAutomation.framework/Headers/XCUIElementTypeQueryProvider.h:105:35: note: property declared here
@property (readonly) XCUIElement *firstMatch;
                                  ^
/Users/hem/Documents/opt/my-daily-sprints/FocusBloxUITests/TaskFormTbdUITests.swift:105:10: note: add '@MainActor' to make instance method 'testNewTaskUrgencyNotPreSelected()' part of global actor 'MainActor'
    func testNewTaskUrgencyNotPreSelected() throws {
         ^
    @MainActor 
/Users/hem/Documents/opt/my-daily-sprints/FocusBloxUITests/TaskFormTbdUITests.swift:116:37: warning: call to main actor-isolated instance method 'matching' in a synchronous nonisolated context
        let tbdOption = app.buttons.matching(
                                    ^
XCUIAutomation.XCUIElementQuery.matching:2:22: note: calls to instance method 'matching' from outside of its actor context are implicitly asynchronous
@MainActor open func matching(_ predicate: NSPredicate) -> XCUIElementQuery}
                     ^
XCUIAutomation.XCUIElementQuery.matching:2:22: note: main actor isolation inferred from conformance to protocol 'XCUIElementTypeQueryProvider'
@MainActor open func matching(_ predicate: NSPredicate) -> XCUIElementQuery}
                     ^
/Users/hem/Documents/opt/my-daily-sprints/FocusBloxUITests/TaskFormTbdUITests.swift:105:10: note: add '@MainActor' to make instance method 'testNewTaskUrgencyNotPreSelected()' part of global actor 'MainActor'
    func testNewTaskUrgencyNotPreSelected() throws {
         ^
    @MainActor 
/Users/hem/Documents/opt/my-daily-sprints/FocusBloxUITests/TaskFormTbdUITests.swift:116:29: warning: main actor-isolated property 'buttons' can not be referenced from a nonisolated context
        let tbdOption = app.buttons.matching(
                            ^
/Applications/Xcode.app/Contents/Developer/Platforms/iPhoneSimulator.platform/Developer/Library/Frameworks/XCUIAutomation.framework/Headers/XCUIElementTypeQueryProvider.h:22:46: note: property declared here
@property (readonly, copy) XCUIElementQuery *buttons;
                                             ^
/Users/hem/Documents/opt/my-daily-sprints/FocusBloxUITests/TaskFormTbdUITests.swift:105:10: note: add '@MainActor' to make instance method 'testNewTaskUrgencyNotPreSelected()' part of global actor 'MainActor'
    func testNewTaskUrgencyNotPreSelected() throws {
         ^
    @MainActor 
/Users/hem/Documents/opt/my-daily-sprints/FocusBloxUITests/TaskFormTbdUITests.swift:121:23: warning: main actor-isolated property 'exists' can not be referenced from a nonisolated autoclosure
            tbdOption.exists,
                      ^
/Applications/Xcode.app/Contents/Developer/Platforms/iPhoneSimulator.platform/Developer/Library/Frameworks/XCUIAutomation.framework/Headers/XCUIElement.h:54:27: note: property declared here
@property (readonly) BOOL exists;
                          ^
/Users/hem/Documents/opt/my-daily-sprints/FocusBloxUITests/TaskFormTbdUITests.swift:136:56: warning: call to main actor-isolated instance method 'screenshot()' in a synchronous nonisolated context
        let screenshot = XCTAttachment(screenshot: app.screenshot())
                                                       ^
XCUIAutomation.XCUIElement.screenshot:2:22: note: calls to instance method 'screenshot()' from outside of its actor context are implicitly asynchronous
@MainActor open func screenshot() -> XCUIScreenshot}
                     ^
/Users/hem/Documents/opt/my-daily-sprints/FocusBloxUITests/TaskFormTbdUITests.swift:131:10: note: add '@MainActor' to make instance method 'testImportanceUsesSFSymbols()' part of global actor 'MainActor'
    func testImportanceUsesSFSymbols() throws {
         ^
    @MainActor 
/Users/hem/Documents/opt/my-daily-sprints/FocusBloxUITests/TaskFormTbdUITests.swift:142:40: warning: call to main actor-isolated instance method 'matching' in a synchronous nonisolated context
        let emojiButtons = app.buttons.matching(
                                       ^
XCUIAutomation.XCUIElementQuery.matching:2:22: note: calls to instance method 'matching' from outside of its actor context are implicitly asynchronous
@MainActor open func matching(_ predicate: NSPredicate) -> XCUIElementQuery}
                     ^
XCUIAutomation.XCUIElementQuery.matching:2:22: note: main actor isolation inferred from conformance to protocol 'XCUIElementTypeQueryProvider'
@MainActor open func matching(_ predicate: NSPredicate) -> XCUIElementQuery}
                     ^
/Users/hem/Documents/opt/my-daily-sprints/FocusBloxUITests/TaskFormTbdUITests.swift:131:10: note: add '@MainActor' to make instance method 'testImportanceUsesSFSymbols()' part of global actor 'MainActor'
    func testImportanceUsesSFSymbols() throws {
         ^
    @MainActor 
/Users/hem/Documents/opt/my-daily-sprints/FocusBloxUITests/TaskFormTbdUITests.swift:142:32: warning: main actor-isolated property 'buttons' can not be referenced from a nonisolated context
        let emojiButtons = app.buttons.matching(
                               ^
/Applications/Xcode.app/Contents/Developer/Platforms/iPhoneSimulator.platform/Developer/Library/Frameworks/XCUIAutomation.framework/Headers/XCUIElementTypeQueryProvider.h:22:46: note: property declared here
@property (readonly, copy) XCUIElementQuery *buttons;
                                             ^
/Users/hem/Documents/opt/my-daily-sprints/FocusBloxUITests/TaskFormTbdUITests.swift:131:10: note: add '@MainActor' to make instance method 'testImportanceUsesSFSymbols()' part of global actor 'MainActor'
    func testImportanceUsesSFSymbols() throws {
         ^
    @MainActor 
/Users/hem/Documents/opt/my-daily-sprints/FocusBloxUITests/TaskFormTbdUITests.swift:147:26: warning: main actor-isolated property 'count' can not be referenced from a nonisolated autoclosure
            emojiButtons.count, 0,
                         ^
/Applications/Xcode.app/Contents/Developer/Platforms/iPhoneSimulator.platform/Developer/Library/Frameworks/XCUIAutomation.framework/Headers/XCUIElementQuery.h:29:33: note: property declared here
@property (readonly) NSUInteger count;
                                ^
/Users/hem/Documents/opt/my-daily-sprints/FocusBloxUITests/TaskFormTbdUITests.swift:161:41: warning: call to main actor-isolated instance method 'matching' in a synchronous nonisolated context
        let sfSymbolImages = app.images.matching(
                                        ^
XCUIAutomation.XCUIElementQuery.matching:2:22: note: calls to instance method 'matching' from outside of its actor context are implicitly asynchronous
@MainActor open func matching(_ predicate: NSPredicate) -> XCUIElementQuery}
                     ^
XCUIAutomation.XCUIElementQuery.matching:2:22: note: main actor isolation inferred from conformance to protocol 'XCUIElementTypeQueryProvider'
@MainActor open func matching(_ predicate: NSPredicate) -> XCUIElementQuery}
                     ^
/Users/hem/Documents/opt/my-daily-sprints/FocusBloxUITests/TaskFormTbdUITests.swift:155:10: note: add '@MainActor' to make instance method 'testImportanceShowsSFSymbolImages()' part of global actor 'MainActor'
    func testImportanceShowsSFSymbolImages() throws {
         ^
    @MainActor 
/Users/hem/Documents/opt/my-daily-sprints/FocusBloxUITests/TaskFormTbdUITests.swift:161:34: warning: main actor-isolated property 'images' can not be referenced from a nonisolated context
        let sfSymbolImages = app.images.matching(
                                 ^
/Applications/Xcode.app/Contents/Developer/Platforms/iPhoneSimulator.platform/Developer/Library/Frameworks/XCUIAutomation.framework/Headers/XCUIElementTypeQueryProvider.h:57:46: note: property declared here
@property (readonly, copy) XCUIElementQuery *images;
                                             ^
/Users/hem/Documents/opt/my-daily-sprints/FocusBloxUITests/TaskFormTbdUITests.swift:155:10: note: add '@MainActor' to make instance method 'testImportanceShowsSFSymbolImages()' part of global actor 'MainActor'
    func testImportanceShowsSFSymbolImages() throws {
         ^
    @MainActor 
/Users/hem/Documents/opt/my-daily-sprints/FocusBloxUITests/TaskFormTbdUITests.swift:166:43: warning: call to main actor-isolated instance method 'matching' in a synchronous nonisolated context
        let sfSymbolButtons = app.buttons.matching(
                                          ^
XCUIAutomation.XCUIElementQuery.matching:2:22: note: calls to instance method 'matching' from outside of its actor context are implicitly asynchronous
@MainActor open func matching(_ predicate: NSPredicate) -> XCUIElementQuery}
                     ^
XCUIAutomation.XCUIElementQuery.matching:2:22: note: main actor isolation inferred from conformance to protocol 'XCUIElementTypeQueryProvider'
@MainActor open func matching(_ predicate: NSPredicate) -> XCUIElementQuery}
                     ^
/Users/hem/Documents/opt/my-daily-sprints/FocusBloxUITests/TaskFormTbdUITests.swift:155:10: note: add '@MainActor' to make instance method 'testImportanceShowsSFSymbolImages()' part of global actor 'MainActor'
    func testImportanceShowsSFSymbolImages() throws {
         ^
    @MainActor 
/Users/hem/Documents/opt/my-daily-sprints/FocusBloxUITests/TaskFormTbdUITests.swift:166:35: warning: main actor-isolated property 'buttons' can not be referenced from a nonisolated context
        let sfSymbolButtons = app.buttons.matching(
                                  ^
/Applications/Xcode.app/Contents/Developer/Platforms/iPhoneSimulator.platform/Developer/Library/Frameworks/XCUIAutomation.framework/Headers/XCUIElementTypeQueryProvider.h:22:46: note: property declared here
@property (readonly, copy) XCUIElementQuery *buttons;
                                             ^
/Users/hem/Documents/opt/my-daily-sprints/FocusBloxUITests/TaskFormTbdUITests.swift:155:10: note: add '@MainActor' to make instance method 'testImportanceShowsSFSymbolImages()' part of global actor 'MainActor'
    func testImportanceShowsSFSymbolImages() throws {
         ^
    @MainActor 
/Users/hem/Documents/opt/my-daily-sprints/FocusBloxUITests/TaskFormTbdUITests.swift:170:43: warning: main actor-isolated property 'count' can not be referenced from a nonisolated context
        let hasSFSymbols = sfSymbolImages.count > 0 || sfSymbolButtons.count > 0
                                          ^
/Applications/Xcode.app/Contents/Developer/Platforms/iPhoneSimulator.platform/Developer/Library/Frameworks/XCUIAutomation.framework/Headers/XCUIElementQuery.h:29:33: note: property declared here
@property (readonly) NSUInteger count;
                                ^
/Users/hem/Documents/opt/my-daily-sprints/FocusBloxUITests/TaskFormTbdUITests.swift:155:10: note: add '@MainActor' to make instance method 'testImportanceShowsSFSymbolImages()' part of global actor 'MainActor'
    func testImportanceShowsSFSymbolImages() throws {
         ^
    @MainActor 
/Users/hem/Documents/opt/my-daily-sprints/FocusBloxUITests/TaskFormTbdUITests.swift:170:72: warning: main actor-isolated property 'count' can not be referenced from a nonisolated autoclosure
        let hasSFSymbols = sfSymbolImages.count > 0 || sfSymbolButtons.count > 0
                                                                       ^
/Applications/Xcode.app/Contents/Developer/Platforms/iPhoneSimulator.platform/Developer/Library/Frameworks/XCUIAutomation.framework/Headers/XCUIElementQuery.h:29:33: note: property declared here
@property (readonly) NSUInteger count;
                                ^

SwiftDriverJobDiscovery normal arm64 Emitting module for FocusBloxUITests (in target 'FocusBloxUITests' from project 'FocusBlox')

SwiftDriver\ Compilation\ Requirements FocusBloxUITests normal arm64 com.apple.xcode.tools.swift.compiler (in target 'FocusBloxUITests' from project 'FocusBlox')
    cd /Users/hem/Documents/opt/my-daily-sprints
    builtin-Swift-Compilation-Requirements -- /Applications/Xcode.app/Contents/Developer/Toolchains/XcodeDefault.xctoolchain/usr/bin/swiftc -module-name FocusBloxUITests -Onone -enforce-exclusivity\=checked @/Users/hem/Library/Developer/Xcode/DerivedData/FocusBlox-awtxlldmubwqcwggsrfosewjcyoq/Build/Intermediates.noindex/FocusBlox.build/Debug-iphonesimulator/FocusBloxUITests.build/Objects-normal/arm64/FocusBloxUITests.SwiftFileList -DDEBUG -module-alias Testing\=_Testing_Unavailable -plugin-path /Applications/Xcode.app/Contents/Developer/Toolchains/XcodeDefault.xctoolchain/usr/lib/swift/host/plugins/testing -enable-experimental-feature DebugDescriptionMacro -sdk /Applications/Xcode.app/Contents/Developer/Platforms/iPhoneSimulator.platform/Developer/SDKs/iPhoneSimulator26.2.sdk -target arm64-apple-ios26.2-simulator -g -module-cache-path /Users/hem/Library/Developer/Xcode/DerivedData/ModuleCache.noindex -Xfrontend -serialize-debugging-options -profile-coverage-mapping -profile-generate -enable-testing -index-store-path /Users/hem/Library/Developer/Xcode/DerivedData/FocusBlox-awtxlldmubwqcwggsrfosewjcyoq/Index.noindex/DataStore -Xcc -D_LIBCPP_HARDENING_MODE\=_LIBCPP_HARDENING_MODE_DEBUG -swift-version 6 -I /Users/hem/Library/Developer/Xcode/DerivedData/FocusBlox-awtxlldmubwqcwggsrfosewjcyoq/Build/Products/Debug-iphonesimulator -Isystem /Applications/Xcode.app/Contents/Developer/Platforms/iPhoneSimulator.platform/Developer/usr/lib -F /Users/hem/Library/Developer/Xcode/DerivedData/FocusBlox-awtxlldmubwqcwggsrfosewjcyoq/Build/Products/Debug-iphonesimulator -F /Applications/Xcode.app/Contents/Developer/Platforms/iPhoneSimulator.platform/Developer/Library/Frameworks -F /Applications/Xcode.app/Contents/Developer/Platforms/iPhoneSimulator.platform/Developer/SDKs/iPhoneSimulator26.2.sdk/Developer/Library/Frameworks -c -j10 -enable-batch-mode -incremental -Xcc -ivfsstatcache -Xcc /Users/hem/Library/Developer/Xcode/DerivedData/SDKStatCaches.noindex/iphonesimulator26.2-23C53-7d00a8b37fbd7999ea79df8ebc024bf0.sdkstatcache -output-file-map /Users/hem/Library/Developer/Xcode/DerivedData/FocusBlox-awtxlldmubwqcwggsrfosewjcyoq/Build/Intermediates.noindex/FocusBlox.build/Debug-iphonesimulator/FocusBloxUITests.build/Objects-normal/arm64/FocusBloxUITests-OutputFileMap.json -use-frontend-parseable-output -save-temps -no-color-diagnostics -explicit-module-build -module-cache-path /Users/hem/Library/Developer/Xcode/DerivedData/FocusBlox-awtxlldmubwqcwggsrfosewjcyoq/Build/Intermediates.noindex/SwiftExplicitPrecompiledModules -clang-scanner-module-cache-path /Users/hem/Library/Developer/Xcode/DerivedData/ModuleCache.noindex -sdk-module-cache-path /Users/hem/Library/Developer/Xcode/DerivedData/ModuleCache.noindex -serialize-diagnostics -emit-dependencies -emit-module -emit-module-path /Users/hem/Library/Developer/Xcode/DerivedData/FocusBlox-awtxlldmubwqcwggsrfosewjcyoq/Build/Intermediates.noindex/FocusBlox.build/Debug-iphonesimulator/FocusBloxUITests.build/Objects-normal/arm64/FocusBloxUITests.swiftmodule -validate-clang-modules-once -clang-build-session-file /Users/hem/Library/Developer/Xcode/DerivedData/ModuleCache.noindex/Session.modulevalidation -Xcc -I/Users/hem/Library/Developer/Xcode/DerivedData/FocusBlox-awtxlldmubwqcwggsrfosewjcyoq/Build/Intermediates.noindex/FocusBlox.build/Debug-iphonesimulator/FocusBloxUITests.build/swift-overrides.hmap -emit-const-values -Xfrontend -const-gather-protocols-file -Xfrontend /Users/hem/Library/Developer/Xcode/DerivedData/FocusBlox-awtxlldmubwqcwggsrfosewjcyoq/Build/Intermediates.noindex/FocusBlox.build/Debug-iphonesimulator/FocusBloxUITests.build/Objects-normal/arm64/FocusBloxUITests_const_extract_protocols.json -Xcc -iquote -Xcc /Users/hem/Library/Developer/Xcode/DerivedData/FocusBlox-awtxlldmubwqcwggsrfosewjcyoq/Build/Intermediates.noindex/FocusBlox.build/Debug-iphonesimulator/FocusBloxUITests.build/FocusBloxUITests-generated-files.hmap -Xcc -I/Users/hem/Library/Developer/Xcode/DerivedData/FocusBlox-awtxlldmubwqcwggsrfosewjcyoq/Build/Intermediates.noindex/FocusBlox.build/Debug-iphonesimulator/FocusBloxUITests.build/FocusBloxUITests-own-target-headers.hmap -Xcc -I/Users/hem/Library/Developer/Xcode/DerivedData/FocusBlox-awtxlldmubwqcwggsrfosewjcyoq/Build/Intermediates.noindex/FocusBlox.build/Debug-iphonesimulator/FocusBloxUITests.build/FocusBloxUITests-all-target-headers.hmap -Xcc -iquote -Xcc /Users/hem/Library/Developer/Xcode/DerivedData/FocusBlox-awtxlldmubwqcwggsrfosewjcyoq/Build/Intermediates.noindex/FocusBlox.build/Debug-iphonesimulator/FocusBloxUITests.build/FocusBloxUITests-project-headers.hmap -Xcc -I/Users/hem/Library/Developer/Xcode/DerivedData/FocusBlox-awtxlldmubwqcwggsrfosewjcyoq/Build/Products/Debug-iphonesimulator/include -Xcc -I/Users/hem/Library/Developer/Xcode/DerivedData/FocusBlox-awtxlldmubwqcwggsrfosewjcyoq/Build/Intermediates.noindex/FocusBlox.build/Debug-iphonesimulator/FocusBloxUITests.build/DerivedSources-normal/arm64 -Xcc -I/Users/hem/Library/Developer/Xcode/DerivedData/FocusBlox-awtxlldmubwqcwggsrfosewjcyoq/Build/Intermediates.noindex/FocusBlox.build/Debug-iphonesimulator/FocusBloxUITests.build/DerivedSources/arm64 -Xcc -I/Users/hem/Library/Developer/Xcode/DerivedData/FocusBlox-awtxlldmubwqcwggsrfosewjcyoq/Build/Intermediates.noindex/FocusBlox.build/Debug-iphonesimulator/FocusBloxUITests.build/DerivedSources -Xcc -DDEBUG\=1 -emit-objc-header -emit-objc-header-path /Users/hem/Library/Developer/Xcode/DerivedData/FocusBlox-awtxlldmubwqcwggsrfosewjcyoq/Build/Intermediates.noindex/FocusBlox.build/Debug-iphonesimulator/FocusBloxUITests.build/Objects-normal/arm64/FocusBloxUITests-Swift.h -working-directory /Users/hem/Documents/opt/my-daily-sprints -experimental-emit-module-separately -disable-cmo

Copy /Users/hem/Library/Developer/Xcode/DerivedData/FocusBlox-awtxlldmubwqcwggsrfosewjcyoq/Build/Products/Debug-iphonesimulator/FocusBloxUITests.swiftmodule/arm64-apple-ios-simulator.swiftdoc /Users/hem/Library/Developer/Xcode/DerivedData/FocusBlox-awtxlldmubwqcwggsrfosewjcyoq/Build/Intermediates.noindex/FocusBlox.build/Debug-iphonesimulator/FocusBloxUITests.build/Objects-normal/arm64/FocusBloxUITests.swiftdoc (in target 'FocusBloxUITests' from project 'FocusBlox')
    cd /Users/hem/Documents/opt/my-daily-sprints
    builtin-copy -exclude .DS_Store -exclude CVS -exclude .svn -exclude .git -exclude .hg -resolve-src-symlinks -rename /Users/hem/Library/Developer/Xcode/DerivedData/FocusBlox-awtxlldmubwqcwggsrfosewjcyoq/Build/Intermediates.noindex/FocusBlox.build/Debug-iphonesimulator/FocusBloxUITests.build/Objects-normal/arm64/FocusBloxUITests.swiftdoc /Users/hem/Library/Developer/Xcode/DerivedData/FocusBlox-awtxlldmubwqcwggsrfosewjcyoq/Build/Products/Debug-iphonesimulator/FocusBloxUITests.swiftmodule/arm64-apple-ios-simulator.swiftdoc

Copy /Users/hem/Library/Developer/Xcode/DerivedData/FocusBlox-awtxlldmubwqcwggsrfosewjcyoq/Build/Products/Debug-iphonesimulator/FocusBloxUITests.swiftmodule/arm64-apple-ios-simulator.swiftmodule /Users/hem/Library/Developer/Xcode/DerivedData/FocusBlox-awtxlldmubwqcwggsrfosewjcyoq/Build/Intermediates.noindex/FocusBlox.build/Debug-iphonesimulator/FocusBloxUITests.build/Objects-normal/arm64/FocusBloxUITests.swiftmodule (in target 'FocusBloxUITests' from project 'FocusBlox')
    cd /Users/hem/Documents/opt/my-daily-sprints
    builtin-copy -exclude .DS_Store -exclude CVS -exclude .svn -exclude .git -exclude .hg -resolve-src-symlinks -rename /Users/hem/Library/Developer/Xcode/DerivedData/FocusBlox-awtxlldmubwqcwggsrfosewjcyoq/Build/Intermediates.noindex/FocusBlox.build/Debug-iphonesimulator/FocusBloxUITests.build/Objects-normal/arm64/FocusBloxUITests.swiftmodule /Users/hem/Library/Developer/Xcode/DerivedData/FocusBlox-awtxlldmubwqcwggsrfosewjcyoq/Build/Products/Debug-iphonesimulator/FocusBloxUITests.swiftmodule/arm64-apple-ios-simulator.swiftmodule

Copy /Users/hem/Library/Developer/Xcode/DerivedData/FocusBlox-awtxlldmubwqcwggsrfosewjcyoq/Build/Products/Debug-iphonesimulator/FocusBloxUITests.swiftmodule/Project/arm64-apple-ios-simulator.swiftsourceinfo /Users/hem/Library/Developer/Xcode/DerivedData/FocusBlox-awtxlldmubwqcwggsrfosewjcyoq/Build/Intermediates.noindex/FocusBlox.build/Debug-iphonesimulator/FocusBloxUITests.build/Objects-normal/arm64/FocusBloxUITests.swiftsourceinfo (in target 'FocusBloxUITests' from project 'FocusBlox')
    cd /Users/hem/Documents/opt/my-daily-sprints
    builtin-copy -exclude .DS_Store -exclude CVS -exclude .svn -exclude .git -exclude .hg -resolve-src-symlinks -rename /Users/hem/Library/Developer/Xcode/DerivedData/FocusBlox-awtxlldmubwqcwggsrfosewjcyoq/Build/Intermediates.noindex/FocusBlox.build/Debug-iphonesimulator/FocusBloxUITests.build/Objects-normal/arm64/FocusBloxUITests.swiftsourceinfo /Users/hem/Library/Developer/Xcode/DerivedData/FocusBlox-awtxlldmubwqcwggsrfosewjcyoq/Build/Products/Debug-iphonesimulator/FocusBloxUITests.swiftmodule/Project/arm64-apple-ios-simulator.swiftsourceinfo

Copy /Users/hem/Library/Developer/Xcode/DerivedData/FocusBlox-awtxlldmubwqcwggsrfosewjcyoq/Build/Products/Debug-iphonesimulator/FocusBloxUITests.swiftmodule/arm64-apple-ios-simulator.abi.json /Users/hem/Library/Developer/Xcode/DerivedData/FocusBlox-awtxlldmubwqcwggsrfosewjcyoq/Build/Intermediates.noindex/FocusBlox.build/Debug-iphonesimulator/FocusBloxUITests.build/Objects-normal/arm64/FocusBloxUITests.abi.json (in target 'FocusBloxUITests' from project 'FocusBlox')
    cd /Users/hem/Documents/opt/my-daily-sprints
    builtin-copy -exclude .DS_Store -exclude CVS -exclude .svn -exclude .git -exclude .hg -resolve-src-symlinks -rename /Users/hem/Library/Developer/Xcode/DerivedData/FocusBlox-awtxlldmubwqcwggsrfosewjcyoq/Build/Intermediates.noindex/FocusBlox.build/Debug-iphonesimulator/FocusBloxUITests.build/Objects-normal/arm64/FocusBloxUITests.abi.json /Users/hem/Library/Developer/Xcode/DerivedData/FocusBlox-awtxlldmubwqcwggsrfosewjcyoq/Build/Products/Debug-iphonesimulator/FocusBloxUITests.swiftmodule/arm64-apple-ios-simulator.abi.json

SwiftDriverJobDiscovery normal arm64 Compiling TaskFormTbdUITests.swift (in target 'FocusBloxUITests' from project 'FocusBlox')

SwiftDriver\ Compilation FocusBloxUITests normal arm64 com.apple.xcode.tools.swift.compiler (in target 'FocusBloxUITests' from project 'FocusBlox')
    cd /Users/hem/Documents/opt/my-daily-sprints
    builtin-Swift-Compilation -- /Applications/Xcode.app/Contents/Developer/Toolchains/XcodeDefault.xctoolchain/usr/bin/swiftc -module-name FocusBloxUITests -Onone -enforce-exclusivity\=checked @/Users/hem/Library/Developer/Xcode/DerivedData/FocusBlox-awtxlldmubwqcwggsrfosewjcyoq/Build/Intermediates.noindex/FocusBlox.build/Debug-iphonesimulator/FocusBloxUITests.build/Objects-normal/arm64/FocusBloxUITests.SwiftFileList -DDEBUG -module-alias Testing\=_Testing_Unavailable -plugin-path /Applications/Xcode.app/Contents/Developer/Toolchains/XcodeDefault.xctoolchain/usr/lib/swift/host/plugins/testing -enable-experimental-feature DebugDescriptionMacro -sdk /Applications/Xcode.app/Contents/Developer/Platforms/iPhoneSimulator.platform/Developer/SDKs/iPhoneSimulator26.2.sdk -target arm64-apple-ios26.2-simulator -g -module-cache-path /Users/hem/Library/Developer/Xcode/DerivedData/ModuleCache.noindex -Xfrontend -serialize-debugging-options -profile-coverage-mapping -profile-generate -enable-testing -index-store-path /Users/hem/Library/Developer/Xcode/DerivedData/FocusBlox-awtxlldmubwqcwggsrfosewjcyoq/Index.noindex/DataStore -Xcc -D_LIBCPP_HARDENING_MODE\=_LIBCPP_HARDENING_MODE_DEBUG -swift-version 6 -I /Users/hem/Library/Developer/Xcode/DerivedData/FocusBlox-awtxlldmubwqcwggsrfosewjcyoq/Build/Products/Debug-iphonesimulator -Isystem /Applications/Xcode.app/Contents/Developer/Platforms/iPhoneSimulator.platform/Developer/usr/lib -F /Users/hem/Library/Developer/Xcode/DerivedData/FocusBlox-awtxlldmubwqcwggsrfosewjcyoq/Build/Products/Debug-iphonesimulator -F /Applications/Xcode.app/Contents/Developer/Platforms/iPhoneSimulator.platform/Developer/Library/Frameworks -F /Applications/Xcode.app/Contents/Developer/Platforms/iPhoneSimulator.platform/Developer/SDKs/iPhoneSimulator26.2.sdk/Developer/Library/Frameworks -c -j10 -enable-batch-mode -incremental -Xcc -ivfsstatcache -Xcc /Users/hem/Library/Developer/Xcode/DerivedData/SDKStatCaches.noindex/iphonesimulator26.2-23C53-7d00a8b37fbd7999ea79df8ebc024bf0.sdkstatcache -output-file-map /Users/hem/Library/Developer/Xcode/DerivedData/FocusBlox-awtxlldmubwqcwggsrfosewjcyoq/Build/Intermediates.noindex/FocusBlox.build/Debug-iphonesimulator/FocusBloxUITests.build/Objects-normal/arm64/FocusBloxUITests-OutputFileMap.json -use-frontend-parseable-output -save-temps -no-color-diagnostics -explicit-module-build -module-cache-path /Users/hem/Library/Developer/Xcode/DerivedData/FocusBlox-awtxlldmubwqcwggsrfosewjcyoq/Build/Intermediates.noindex/SwiftExplicitPrecompiledModules -clang-scanner-module-cache-path /Users/hem/Library/Developer/Xcode/DerivedData/ModuleCache.noindex -sdk-module-cache-path /Users/hem/Library/Developer/Xcode/DerivedData/ModuleCache.noindex -serialize-diagnostics -emit-dependencies -emit-module -emit-module-path /Users/hem/Library/Developer/Xcode/DerivedData/FocusBlox-awtxlldmubwqcwggsrfosewjcyoq/Build/Intermediates.noindex/FocusBlox.build/Debug-iphonesimulator/FocusBloxUITests.build/Objects-normal/arm64/FocusBloxUITests.swiftmodule -validate-clang-modules-once -clang-build-session-file /Users/hem/Library/Developer/Xcode/DerivedData/ModuleCache.noindex/Session.modulevalidation -Xcc -I/Users/hem/Library/Developer/Xcode/DerivedData/FocusBlox-awtxlldmubwqcwggsrfosewjcyoq/Build/Intermediates.noindex/FocusBlox.build/Debug-iphonesimulator/FocusBloxUITests.build/swift-overrides.hmap -emit-const-values -Xfrontend -const-gather-protocols-file -Xfrontend /Users/hem/Library/Developer/Xcode/DerivedData/FocusBlox-awtxlldmubwqcwggsrfosewjcyoq/Build/Intermediates.noindex/FocusBlox.build/Debug-iphonesimulator/FocusBloxUITests.build/Objects-normal/arm64/FocusBloxUITests_const_extract_protocols.json -Xcc -iquote -Xcc /Users/hem/Library/Developer/Xcode/DerivedData/FocusBlox-awtxlldmubwqcwggsrfosewjcyoq/Build/Intermediates.noindex/FocusBlox.build/Debug-iphonesimulator/FocusBloxUITests.build/FocusBloxUITests-generated-files.hmap -Xcc -I/Users/hem/Library/Developer/Xcode/DerivedData/FocusBlox-awtxlldmubwqcwggsrfosewjcyoq/Build/Intermediates.noindex/FocusBlox.build/Debug-iphonesimulator/FocusBloxUITests.build/FocusBloxUITests-own-target-headers.hmap -Xcc -I/Users/hem/Library/Developer/Xcode/DerivedData/FocusBlox-awtxlldmubwqcwggsrfosewjcyoq/Build/Intermediates.noindex/FocusBlox.build/Debug-iphonesimulator/FocusBloxUITests.build/FocusBloxUITests-all-target-headers.hmap -Xcc -iquote -Xcc /Users/hem/Library/Developer/Xcode/DerivedData/FocusBlox-awtxlldmubwqcwggsrfosewjcyoq/Build/Intermediates.noindex/FocusBlox.build/Debug-iphonesimulator/FocusBloxUITests.build/FocusBloxUITests-project-headers.hmap -Xcc -I/Users/hem/Library/Developer/Xcode/DerivedData/FocusBlox-awtxlldmubwqcwggsrfosewjcyoq/Build/Products/Debug-iphonesimulator/include -Xcc -I/Users/hem/Library/Developer/Xcode/DerivedData/FocusBlox-awtxlldmubwqcwggsrfosewjcyoq/Build/Intermediates.noindex/FocusBlox.build/Debug-iphonesimulator/FocusBloxUITests.build/DerivedSources-normal/arm64 -Xcc -I/Users/hem/Library/Developer/Xcode/DerivedData/FocusBlox-awtxlldmubwqcwggsrfosewjcyoq/Build/Intermediates.noindex/FocusBlox.build/Debug-iphonesimulator/FocusBloxUITests.build/DerivedSources/arm64 -Xcc -I/Users/hem/Library/Developer/Xcode/DerivedData/FocusBlox-awtxlldmubwqcwggsrfosewjcyoq/Build/Intermediates.noindex/FocusBlox.build/Debug-iphonesimulator/FocusBloxUITests.build/DerivedSources -Xcc -DDEBUG\=1 -emit-objc-header -emit-objc-header-path /Users/hem/Library/Developer/Xcode/DerivedData/FocusBlox-awtxlldmubwqcwggsrfosewjcyoq/Build/Intermediates.noindex/FocusBlox.build/Debug-iphonesimulator/FocusBloxUITests.build/Objects-normal/arm64/FocusBloxUITests-Swift.h -working-directory /Users/hem/Documents/opt/my-daily-sprints -experimental-emit-module-separately -disable-cmo

Ld /Users/hem/Library/Developer/Xcode/DerivedData/FocusBlox-awtxlldmubwqcwggsrfosewjcyoq/Build/Products/Debug-iphonesimulator/FocusBloxUITests-Runner.app/PlugIns/FocusBloxUITests.xctest/FocusBloxUITests normal (in target 'FocusBloxUITests' from project 'FocusBlox')
    cd /Users/hem/Documents/opt/my-daily-sprints
    /Applications/Xcode.app/Contents/Developer/Toolchains/XcodeDefault.xctoolchain/usr/bin/clang -Xlinker -reproducible -target arm64-apple-ios26.2-simulator -bundle -isysroot /Applications/Xcode.app/Contents/Developer/Platforms/iPhoneSimulator.platform/Developer/SDKs/iPhoneSimulator26.2.sdk -O0 -L/Users/hem/Library/Developer/Xcode/DerivedData/FocusBlox-awtxlldmubwqcwggsrfosewjcyoq/Build/Intermediates.noindex/EagerLinkingTBDs/Debug-iphonesimulator -L/Users/hem/Library/Developer/Xcode/DerivedData/FocusBlox-awtxlldmubwqcwggsrfosewjcyoq/Build/Products/Debug-iphonesimulator -L/Applications/Xcode.app/Contents/Developer/Platforms/iPhoneSimulator.platform/Developer/usr/lib -F/Users/hem/Library/Developer/Xcode/DerivedData/FocusBlox-awtxlldmubwqcwggsrfosewjcyoq/Build/Intermediates.noindex/EagerLinkingTBDs/Debug-iphonesimulator -F/Users/hem/Library/Developer/Xcode/DerivedData/FocusBlox-awtxlldmubwqcwggsrfosewjcyoq/Build/Products/Debug-iphonesimulator -iframework /Applications/Xcode.app/Contents/Developer/Platforms/iPhoneSimulator.platform/Developer/Library/Frameworks -iframework /Applications/Xcode.app/Contents/Developer/Platforms/iPhoneSimulator.platform/Developer/SDKs/iPhoneSimulator26.2.sdk/Developer/Library/Frameworks -filelist /Users/hem/Library/Developer/Xcode/DerivedData/FocusBlox-awtxlldmubwqcwggsrfosewjcyoq/Build/Intermediates.noindex/FocusBlox.build/Debug-iphonesimulator/FocusBloxUITests.build/Objects-normal/arm64/FocusBloxUITests.LinkFileList -Xlinker -rpath -Xlinker @loader_path/Frameworks -Xlinker -rpath -Xlinker @executable_path/Frameworks -dead_strip -Xlinker -object_path_lto -Xlinker /Users/hem/Library/Developer/Xcode/DerivedData/FocusBlox-awtxlldmubwqcwggsrfosewjcyoq/Build/Intermediates.noindex/FocusBlox.build/Debug-iphonesimulator/FocusBloxUITests.build/Objects-normal/arm64/FocusBloxUITests_lto.o -rdynamic -Xlinker -no_deduplicate -Xlinker -objc_abi_version -Xlinker 2 -Xlinker -debug_variant -Xlinker -dependency_info -Xlinker /Users/hem/Library/Developer/Xcode/DerivedData/FocusBlox-awtxlldmubwqcwggsrfosewjcyoq/Build/Intermediates.noindex/FocusBlox.build/Debug-iphonesimulator/FocusBloxUITests.build/Objects-normal/arm64/FocusBloxUITests_dependency_info.dat -fobjc-link-runtime -fprofile-instr-generate -L/Applications/Xcode.app/Contents/Developer/Toolchains/XcodeDefault.xctoolchain/usr/lib/swift/iphonesimulator -L/usr/lib/swift -Xlinker -add_ast_path -Xlinker /Users/hem/Library/Developer/Xcode/DerivedData/FocusBlox-awtxlldmubwqcwggsrfosewjcyoq/Build/Intermediates.noindex/FocusBlox.build/Debug-iphonesimulator/FocusBloxUITests.build/Objects-normal/arm64/FocusBloxUITests.swiftmodule @/Users/hem/Library/Developer/Xcode/DerivedData/FocusBlox-awtxlldmubwqcwggsrfosewjcyoq/Build/Intermediates.noindex/FocusBlox.build/Debug-iphonesimulator/FocusBloxUITests.build/Objects-normal/arm64/FocusBloxUITests-linker-args.resp -Xlinker -needed_framework -Xlinker XCTest -framework XCTest -Xlinker -needed-lXCTestSwiftSupport -lXCTestSwiftSupport -Xlinker -sectcreate -Xlinker __TEXT -Xlinker __entitlements -Xlinker /Users/hem/Library/Developer/Xcode/DerivedData/FocusBlox-awtxlldmubwqcwggsrfosewjcyoq/Build/Intermediates.noindex/FocusBlox.build/Debug-iphonesimulator/FocusBloxUITests.build/FocusBloxUITests.xctest-Simulated.xcent -Xlinker -sectcreate -Xlinker __TEXT -Xlinker __ents_der -Xlinker /Users/hem/Library/Developer/Xcode/DerivedData/FocusBlox-awtxlldmubwqcwggsrfosewjcyoq/Build/Intermediates.noindex/FocusBlox.build/Debug-iphonesimulator/FocusBloxUITests.build/FocusBloxUITests.xctest-Simulated.xcent.der -Xlinker -no_adhoc_codesign -o /Users/hem/Library/Developer/Xcode/DerivedData/FocusBlox-awtxlldmubwqcwggsrfosewjcyoq/Build/Products/Debug-iphonesimulator/FocusBloxUITests-Runner.app/PlugIns/FocusBloxUITests.xctest/FocusBloxUITests

ExtractAppIntentsMetadata (in target 'FocusBloxUITests' from project 'FocusBlox')
    cd /Users/hem/Documents/opt/my-daily-sprints
    /Applications/Xcode.app/Contents/Developer/Toolchains/XcodeDefault.xctoolchain/usr/bin/appintentsmetadataprocessor --toolchain-dir /Applications/Xcode.app/Contents/Developer/Toolchains/XcodeDefault.xctoolchain --module-name FocusBloxUITests --sdk-root /Applications/Xcode.app/Contents/Developer/Platforms/iPhoneSimulator.platform/Developer/SDKs/iPhoneSimulator26.2.sdk --xcode-version 17C52 --platform-family iOS --deployment-target 26.2 --bundle-identifier com.henning.timebox.uitests --output /Users/hem/Library/Developer/Xcode/DerivedData/FocusBlox-awtxlldmubwqcwggsrfosewjcyoq/Build/Products/Debug-iphonesimulator/FocusBloxUITests-Runner.app/PlugIns/FocusBloxUITests.xctest --target-triple arm64-apple-ios26.2-simulator --binary-file /Users/hem/Library/Developer/Xcode/DerivedData/FocusBlox-awtxlldmubwqcwggsrfosewjcyoq/Build/Products/Debug-iphonesimulator/FocusBloxUITests-Runner.app/PlugIns/FocusBloxUITests.xctest/FocusBloxUITests --dependency-file /Users/hem/Library/Developer/Xcode/DerivedData/FocusBlox-awtxlldmubwqcwggsrfosewjcyoq/Build/Intermediates.noindex/FocusBlox.build/Debug-iphonesimulator/FocusBloxUITests.build/Objects-normal/arm64/FocusBloxUITests_dependency_info.dat --stringsdata-file /Users/hem/Library/Developer/Xcode/DerivedData/FocusBlox-awtxlldmubwqcwggsrfosewjcyoq/Build/Intermediates.noindex/FocusBlox.build/Debug-iphonesimulator/FocusBloxUITests.build/Objects-normal/arm64/ExtractedAppShortcutsMetadata.stringsdata --source-file-list /Users/hem/Library/Developer/Xcode/DerivedData/FocusBlox-awtxlldmubwqcwggsrfosewjcyoq/Build/Intermediates.noindex/FocusBlox.build/Debug-iphonesimulator/FocusBloxUITests.build/Objects-normal/arm64/FocusBloxUITests.SwiftFileList --metadata-file-list /Users/hem/Library/Developer/Xcode/DerivedData/FocusBlox-awtxlldmubwqcwggsrfosewjcyoq/Build/Intermediates.noindex/FocusBlox.build/Debug-iphonesimulator/FocusBloxUITests.build/FocusBloxUITests.DependencyMetadataFileList --static-metadata-file-list /Users/hem/Library/Developer/Xcode/DerivedData/FocusBlox-awtxlldmubwqcwggsrfosewjcyoq/Build/Intermediates.noindex/FocusBlox.build/Debug-iphonesimulator/FocusBloxUITests.build/FocusBloxUITests.DependencyStaticMetadataFileList --swift-const-vals-list /Users/hem/Library/Developer/Xcode/DerivedData/FocusBlox-awtxlldmubwqcwggsrfosewjcyoq/Build/Intermediates.noindex/FocusBlox.build/Debug-iphonesimulator/FocusBloxUITests.build/Objects-normal/arm64/FocusBloxUITests.SwiftConstValuesFileList --compile-time-extraction --deployment-aware-processing --validate-assistant-intents --no-app-shortcuts-localization
2026-01-30 07:41:53.526 appintentsmetadataprocessor[12374:42351561] Starting appintentsmetadataprocessor export
2026-01-30 07:41:53.527 appintentsmetadataprocessor[12374:42351561] warning: Metadata extraction skipped. No AppIntents.framework dependency found.

CopySwiftLibs /Users/hem/Library/Developer/Xcode/DerivedData/FocusBlox-awtxlldmubwqcwggsrfosewjcyoq/Build/Products/Debug-iphonesimulator/FocusBloxUITests-Runner.app/PlugIns/FocusBloxUITests.xctest (in target 'FocusBloxUITests' from project 'FocusBlox')
    cd /Users/hem/Documents/opt/my-daily-sprints
    builtin-swiftStdLibTool --copy --verbose --sign - --scan-executable /Users/hem/Library/Developer/Xcode/DerivedData/FocusBlox-awtxlldmubwqcwggsrfosewjcyoq/Build/Products/Debug-iphonesimulator/FocusBloxUITests-Runner.app/PlugIns/FocusBloxUITests.xctest/FocusBloxUITests --scan-folder /Users/hem/Library/Developer/Xcode/DerivedData/FocusBlox-awtxlldmubwqcwggsrfosewjcyoq/Build/Products/Debug-iphonesimulator/FocusBloxUITests-Runner.app/PlugIns/FocusBloxUITests.xctest/Frameworks --scan-folder /Users/hem/Library/Developer/Xcode/DerivedData/FocusBlox-awtxlldmubwqcwggsrfosewjcyoq/Build/Products/Debug-iphonesimulator/FocusBloxUITests-Runner.app/PlugIns/FocusBloxUITests.xctest/PlugIns --scan-folder /Users/hem/Library/Developer/Xcode/DerivedData/FocusBlox-awtxlldmubwqcwggsrfosewjcyoq/Build/Products/Debug-iphonesimulator/FocusBloxUITests-Runner.app/PlugIns/FocusBloxUITests.xctest/SystemExtensions --scan-folder /Users/hem/Library/Developer/Xcode/DerivedData/FocusBlox-awtxlldmubwqcwggsrfosewjcyoq/Build/Products/Debug-iphonesimulator/FocusBloxUITests-Runner.app/PlugIns/FocusBloxUITests.xctest/Extensions --platform iphonesimulator --toolchain /Applications/Xcode.app/Contents/Developer/Toolchains/XcodeDefault.xctoolchain --destination /Users/hem/Library/Developer/Xcode/DerivedData/FocusBlox-awtxlldmubwqcwggsrfosewjcyoq/Build/Products/Debug-iphonesimulator/FocusBloxUITests-Runner.app/PlugIns/FocusBloxUITests.xctest/Frameworks --strip-bitcode --scan-executable /Applications/Xcode.app/Contents/Developer/Platforms/iPhoneSimulator.platform/Developer/usr/lib/libXCTestSwiftSupport.dylib --strip-bitcode-tool /Applications/Xcode.app/Contents/Developer/Toolchains/XcodeDefault.xctoolchain/usr/bin/bitcode_strip --emit-dependency-info /Users/hem/Library/Developer/Xcode/DerivedData/FocusBlox-awtxlldmubwqcwggsrfosewjcyoq/Build/Intermediates.noindex/FocusBlox.build/Debug-iphonesimulator/FocusBloxUITests.build/SwiftStdLibToolInputDependencies.dep --filter-for-swift-os

CodeSign /Users/hem/Library/Developer/Xcode/DerivedData/FocusBlox-awtxlldmubwqcwggsrfosewjcyoq/Build/Products/Debug-iphonesimulator/FocusBloxUITests-Runner.app/PlugIns/FocusBloxUITests.xctest (in target 'FocusBloxUITests' from project 'FocusBlox')
    cd /Users/hem/Documents/opt/my-daily-sprints
    
    Signing Identity:     "Sign to Run Locally"
    
    /usr/bin/codesign --force --sign - --timestamp\=none --generate-entitlement-der /Users/hem/Library/Developer/Xcode/DerivedData/FocusBlox-awtxlldmubwqcwggsrfosewjcyoq/Build/Products/Debug-iphonesimulator/FocusBloxUITests-Runner.app/PlugIns/FocusBloxUITests.xctest

CodeSign /Users/hem/Library/Developer/Xcode/DerivedData/FocusBlox-awtxlldmubwqcwggsrfosewjcyoq/Build/Products/Debug-iphonesimulator/FocusBloxUITests-Runner.app (in target 'FocusBloxUITests' from project 'FocusBlox')
    cd /Users/hem/Documents/opt/my-daily-sprints
    
    Signing Identity:     "Sign to Run Locally"
    
    /usr/bin/codesign --force --sign - --timestamp\=none --generate-entitlement-der /Users/hem/Library/Developer/Xcode/DerivedData/FocusBlox-awtxlldmubwqcwggsrfosewjcyoq/Build/Products/Debug-iphonesimulator/FocusBloxUITests-Runner.app
/Users/hem/Library/Developer/Xcode/DerivedData/FocusBlox-awtxlldmubwqcwggsrfosewjcyoq/Build/Products/Debug-iphonesimulator/FocusBloxUITests-Runner.app: replacing existing signature

2026-01-30 07:42:11.505434+0100 FocusBloxUITests-Runner[12615:42354157] [Default] Running tests...
2026-01-30 07:42:11.532623+0100 FocusBloxUITests-Runner[12615:42354352] [General] Failed to send CA Event for app launch measurements for ca_event_type: 0 event_name: com.apple.app_launch_measurement.FirstFramePresentationMetric
2026-01-30 07:42:11.572032+0100 FocusBloxUITests-Runner[12615:42354349] [General] Failed to send CA Event for app launch measurements for ca_event_type: 1 event_name: com.apple.app_launch_measurement.ExtendedLaunchMetrics
    t =      nans Interface orientation changed to Portrait
Test Suite 'Selected tests' started at 2026-01-30 07:42:14.386.
Test Suite 'FocusBloxUITests.xctest' started at 2026-01-30 07:42:14.386.
Test Suite 'TaskFormTbdUITests' started at 2026-01-30 07:42:14.386.
Test Case '-[FocusBloxUITests.TaskFormTbdUITests testImportanceShowsSFSymbolImages]' started.
    t =     0.00s Start Test at 2026-01-30 07:42:14.387
    t =     0.31s Set Up
    t =     0.32s     Open com.henning.timebox
    t =     0.32s         Launch com.henning.timebox
    t =     0.32s             Terminate com.henning.timebox:12513
    t =     3.30s             Setting up automation session
    t =     4.12s             Wait for com.henning.timebox to idle
    t =     5.95s Waiting 5.0s for "tab-backlog" Button to exist
    t =     6.97s     Checking `Expect predicate `existsNoRetry == 1` for object "tab-backlog" Button`
    t =     6.97s         Checking existence of `"tab-backlog" Button`
    t =     7.03s Tap "tab-backlog" Button
    t =     7.03s     Wait for com.henning.timebox to idle
    t =     7.03s     Find the "tab-backlog" Button
    t =     7.06s     Check for interrupting elements affecting "tab-backlog" Button
    t =     7.10s     Synthesize event
    t =     7.50s     Wait for com.henning.timebox to idle
    t =     8.51s Waiting 3.0s for "addTaskButton" Button to exist
    t =     9.54s     Checking `Expect predicate `existsNoRetry == 1` for object "addTaskButton" Button`
    t =     9.54s         Checking existence of `"addTaskButton" Button`
    t =     9.58s Tap "addTaskButton" Button
    t =     9.58s     Wait for com.henning.timebox to idle
    t =     9.58s     Find the "addTaskButton" Button
    t =     9.60s     Check for interrupting elements affecting "addTaskButton" Button
    t =     9.62s     Synthesize event
    t =     9.92s     Wait for com.henning.timebox to idle
    t =    11.88s Get number of matches for: Elements matching predicate 'identifier CONTAINS "exclamationmark" OR label CONTAINS "exclamationmark"'
    t =    11.96s Get number of matches for: Elements matching predicate 'identifier BEGINSWITH "importance_" AND identifier CONTAINS "exclamationmark"'
/Users/hem/Documents/opt/my-daily-sprints/FocusBloxUITests/TaskFormTbdUITests.swift:172: error: -[FocusBloxUITests.TaskFormTbdUITests testImportanceShowsSFSymbolImages] : XCTAssertTrue failed - Bug 16: Importance section should display SF Symbol images (exclamationmark, exclamationmark.2, exclamationmark.3)
    t =    12.34s Tear Down
Test Case '-[FocusBloxUITests.TaskFormTbdUITests testImportanceShowsSFSymbolImages]' failed (12.619 seconds).
Test Case '-[FocusBloxUITests.TaskFormTbdUITests testImportanceUsesSFSymbols]' started.
    t =     0.00s Start Test at 2026-01-30 07:42:27.006
    t =     0.04s Set Up
    t =     0.04s     Open com.henning.timebox
    t =     0.04s         Launch com.henning.timebox
    t =     0.04s             Terminate com.henning.timebox:12675
    t =     1.30s             Setting up automation session
    t =     2.10s             Wait for com.henning.timebox to idle
    t =     3.59s Waiting 5.0s for "tab-backlog" Button to exist
    t =     4.62s     Checking `Expect predicate `existsNoRetry == 1` for object "tab-backlog" Button`
    t =     4.62s         Checking existence of `"tab-backlog" Button`
    t =     4.70s Tap "tab-backlog" Button
    t =     4.70s     Wait for com.henning.timebox to idle
    t =     4.70s     Find the "tab-backlog" Button
    t =     4.73s     Check for interrupting elements affecting "tab-backlog" Button
    t =     4.77s     Synthesize event
    t =     5.06s     Wait for com.henning.timebox to idle
    t =     6.07s Waiting 3.0s for "addTaskButton" Button to exist
    t =     7.10s     Checking `Expect predicate `existsNoRetry == 1` for object "addTaskButton" Button`
    t =     7.10s         Checking existence of `"addTaskButton" Button`
    t =     7.14s Tap "addTaskButton" Button
    t =     7.14s     Wait for com.henning.timebox to idle
    t =     7.14s     Find the "addTaskButton" Button
    t =     7.17s     Check for interrupting elements affecting "addTaskButton" Button
    t =     7.19s     Synthesize event
    t =     7.48s     Wait for com.henning.timebox to idle
    t =     9.46s Find the Target Application 'com.henning.timebox'
    t =     9.62s Added attachment named 'Bug16-ImportanceButtons'
    t =     9.62s Get number of matches for: Elements matching predicate 'label CONTAINS "🟦" OR label CONTAINS "🟨" OR label CONTAINS "🔴"'
/Users/hem/Documents/opt/my-daily-sprints/FocusBloxUITests/TaskFormTbdUITests.swift:146: error: -[FocusBloxUITests.TaskFormTbdUITests testImportanceUsesSFSymbols] : XCTAssertEqual failed: ("3") is not equal to ("0") - Bug 16: Importance buttons should NOT contain emoji (🟦, 🟨, 🔴). Should use SF Symbols (exclamationmark) instead.
    t =     9.68s Tear Down
Test Case '-[FocusBloxUITests.TaskFormTbdUITests testImportanceUsesSFSymbols]' failed (9.900 seconds).
Test Case '-[FocusBloxUITests.TaskFormTbdUITests testNewTaskImportanceNotPreSelected]' started.
    t =     0.00s Start Test at 2026-01-30 07:42:36.907
    t =     0.02s Set Up
    t =     0.02s     Open com.henning.timebox
    t =     0.02s         Launch com.henning.timebox
    t =     0.02s             Terminate com.henning.timebox:12714
    t =     1.28s             Setting up automation session
    t =     2.03s             Wait for com.henning.timebox to idle
    t =     3.47s Waiting 5.0s for "tab-backlog" Button to exist
    t =     4.51s     Checking `Expect predicate `existsNoRetry == 1` for object "tab-backlog" Button`
    t =     4.51s         Checking existence of `"tab-backlog" Button`
    t =     4.59s Tap "tab-backlog" Button
    t =     4.59s     Wait for com.henning.timebox to idle
    t =     4.59s     Find the "tab-backlog" Button
    t =     4.61s     Check for interrupting elements affecting "tab-backlog" Button
    t =     4.64s     Synthesize event
    t =     4.93s     Wait for com.henning.timebox to idle
    t =     5.94s Waiting 3.0s for "addTaskButton" Button to exist
    t =     6.97s     Checking `Expect predicate `existsNoRetry == 1` for object "addTaskButton" Button`
    t =     6.97s         Checking existence of `"addTaskButton" Button`
    t =     7.00s Tap "addTaskButton" Button
    t =     7.00s     Wait for com.henning.timebox to idle
    t =     7.00s     Find the "addTaskButton" Button
    t =     7.02s     Check for interrupting elements affecting "addTaskButton" Button
    t =     7.05s     Synthesize event
    t =     7.34s     Wait for com.henning.timebox to idle
    t =     9.31s Find the Target Application 'com.henning.timebox'
    t =     9.44s Added attachment named 'Bug15-TaskForm-InitialState'
    t =     9.44s Waiting 3.0s for "Wichtigkeit" StaticText to exist
    t =    10.48s     Checking `Expect predicate `existsNoRetry == 1` for object "Wichtigkeit" StaticText`
    t =    10.48s         Checking existence of `"Wichtigkeit" StaticText`
    t =    10.55s Checking existence of `"importanceNotSet" Button`
    t =    10.59s Checking existence of `"questionmark" Image`
    t =    10.63s Checking existence of `"importanceNone" Button`
    t =    10.67s Checking existence of `"Nicht gesetzt" StaticText`
/Users/hem/Documents/opt/my-daily-sprints/FocusBloxUITests/TaskFormTbdUITests.swift:96: error: -[FocusBloxUITests.TaskFormTbdUITests testNewTaskImportanceNotPreSelected] : XCTAssertTrue failed - Bug 15: New task form should have 'not set' option for importance. Currently defaults to Medium instead of TBD.
    t =    10.72s Tear Down
Test Case '-[FocusBloxUITests.TaskFormTbdUITests testNewTaskImportanceNotPreSelected]' failed (10.949 seconds).
Test Case '-[FocusBloxUITests.TaskFormTbdUITests testNewTaskUrgencyNotPreSelected]' started.
    t =     0.00s Start Test at 2026-01-30 07:42:47.856
    t =     0.02s Set Up
    t =     0.02s     Open com.henning.timebox
    t =     0.02s         Launch com.henning.timebox
    t =     0.02s             Terminate com.henning.timebox:12762
    t =     1.28s             Setting up automation session
    t =     2.00s             Wait for com.henning.timebox to idle
    t =     3.41s Waiting 5.0s for "tab-backlog" Button to exist
    t =     4.43s     Checking `Expect predicate `existsNoRetry == 1` for object "tab-backlog" Button`
    t =     4.43s         Checking existence of `"tab-backlog" Button`
    t =     4.51s Tap "tab-backlog" Button
    t =     4.51s     Wait for com.henning.timebox to idle
    t =     4.51s     Find the "tab-backlog" Button
    t =     4.53s     Check for interrupting elements affecting "tab-backlog" Button
    t =     4.56s     Synthesize event
    t =     4.85s     Wait for com.henning.timebox to idle
    t =     5.85s Waiting 3.0s for "addTaskButton" Button to exist
    t =     6.88s     Checking `Expect predicate `existsNoRetry == 1` for object "addTaskButton" Button`
    t =     6.88s         Checking existence of `"addTaskButton" Button`
    t =     6.91s Tap "addTaskButton" Button
    t =     6.91s     Wait for com.henning.timebox to idle
    t =     6.91s     Find the "addTaskButton" Button
    t =     6.94s     Check for interrupting elements affecting "addTaskButton" Button
    t =     6.96s     Synthesize event
    t =     7.25s     Wait for com.henning.timebox to idle
    t =     9.10s Waiting 3.0s for "Dringlichkeit" StaticText to exist
    t =    10.13s     Checking `Expect predicate `existsNoRetry == 1` for object "Dringlichkeit" StaticText`
    t =    10.13s         Checking existence of `"Dringlichkeit" StaticText`
    t =    10.21s Checking existence of `Button (First Match)`
    t =    10.27s Tear Down
Test Case '-[FocusBloxUITests.TaskFormTbdUITests testNewTaskUrgencyNotPreSelected]' passed (10.491 seconds).
Test Suite 'TaskFormTbdUITests' failed at 2026-01-30 07:42:58.347.
	 Executed 4 tests, with 3 failures (0 unexpected) in 43.960 (43.961) seconds
Test Suite 'FocusBloxUITests.xctest' failed at 2026-01-30 07:42:58.348.
	 Executed 4 tests, with 3 failures (0 unexpected) in 43.960 (43.962) seconds
Test Suite 'Selected tests' failed at 2026-01-30 07:42:58.348.
	 Executed 4 tests, with 3 failures (0 unexpected) in 43.960 (43.963) seconds
2026-01-30 07:43:16.244 xcodebuild[12346:42351356] [MT] IDETestOperationsObserverDebug: 82.604 elapsed -- Testing started completed.
2026-01-30 07:43:16.244 xcodebuild[12346:42351356] [MT] IDETestOperationsObserverDebug: 0.000 sec, +0.000 sec -- start
2026-01-30 07:43:16.244 xcodebuild[12346:42351356] [MT] IDETestOperationsObserverDebug: 82.604 sec, +82.604 sec -- end

Test session results, code coverage, and logs:
	/Users/hem/Library/Developer/Xcode/DerivedData/FocusBlox-awtxlldmubwqcwggsrfosewjcyoq/Logs/Test/Test-FocusBlox-2026.01.30_07-41-51-+0100.xcresult

** TEST FAILED **

Testing started
