Command line invocation:
    /Applications/Xcode.app/Contents/Developer/usr/bin/xcodebuild test -project FocusBlox.xcodeproj -scheme FocusBlox -destination id=6364A54B-5048-4346-899E-FFB67E630D53 "-only-testing:FocusBloxUITests/DurationChipScrollUITests" -parallel-testing-enabled NO

ComputePackagePrebuildTargetDependencyGraph

Prepare packages

CreateBuildRequest

SendProjectDescription

CreateBuildOperation

ComputeTargetDependencyGraph
note: Building targets in dependency order
note: Target dependency graph (7 targets)
    Target 'FocusBloxCoreTests' in project 'FocusBlox'
        ➜ Explicit dependency on target 'FocusBloxCore' in project 'FocusBlox'
        ➜ Explicit dependency on target 'FocusBlox' in project 'FocusBlox'
    Target 'FocusBloxUITests' in project 'FocusBlox'
        ➜ Explicit dependency on target 'FocusBlox' in project 'FocusBlox'
    Target 'FocusBloxTests' in project 'FocusBlox'
        ➜ Explicit dependency on target 'FocusBlox' in project 'FocusBlox'
    Target 'FocusBlox' in project 'FocusBlox'
        ➜ Explicit dependency on target 'FocusBloxWidgetsExtension' in project 'FocusBlox'
        ➜ Explicit dependency on target 'FocusBloxCore' in project 'FocusBlox'
        ➜ Explicit dependency on target 'FocusBloxWatch Watch App' in project 'FocusBlox'
    Target 'FocusBloxWatch Watch App' in project 'FocusBlox' (no dependencies)
    Target 'FocusBloxWidgetsExtension' in project 'FocusBlox'
        ➜ Explicit dependency on target 'FocusBloxCore' in project 'FocusBlox'
    Target 'FocusBloxCore' in project 'FocusBlox' (no dependencies)

GatherProvisioningInputs

CreateBuildDescription

ExecuteExternalTool /Applications/Xcode.app/Contents/Developer/Toolchains/XcodeDefault.xctoolchain/usr/bin/clang -v -E -dM -arch arm64 -isysroot /Applications/Xcode.app/Contents/Developer/Platforms/iPhoneSimulator.platform/Developer/SDKs/iPhoneSimulator26.2.sdk -x c -c /dev/null

ExecuteExternalTool /Applications/Xcode.app/Contents/Developer/usr/bin/actool --version --output-format xml1

ExecuteExternalTool /Applications/Xcode.app/Contents/Developer/usr/bin/actool --print-asset-tag-combinations --output-format xml1 /Users/hem/Documents/opt/my-daily-sprints/FocusBloxWatch Watch App/Assets.xcassets

ExecuteExternalTool /Applications/Xcode.app/Contents/Developer/Toolchains/XcodeDefault.xctoolchain/usr/bin/clang -v -E -dM -isysroot /Applications/Xcode.app/Contents/Developer/Platforms/iPhoneSimulator.platform/Developer/SDKs/iPhoneSimulator26.2.sdk -x c -c /dev/null

ExecuteExternalTool /Applications/Xcode.app/Contents/Developer/usr/bin/actool --print-asset-tag-combinations --output-format xml1 /Users/hem/Documents/opt/my-daily-sprints/Resources/Assets.xcassets

ExecuteExternalTool /Applications/Xcode.app/Contents/Developer/Toolchains/XcodeDefault.xctoolchain/usr/bin/swiftc --version

ExecuteExternalTool /Applications/Xcode.app/Contents/Developer/Toolchains/XcodeDefault.xctoolchain/usr/bin/clang -v -E -dM -isysroot /Applications/Xcode.app/Contents/Developer/Platforms/WatchSimulator.platform/Developer/SDKs/WatchSimulator26.2.sdk -x c -c /dev/null

ExecuteExternalTool /Applications/Xcode.app/Contents/Developer/Toolchains/XcodeDefault.xctoolchain/usr/bin/ld -version_details

ReadFileContents /Applications/Xcode.app/Contents/Developer/Toolchains/XcodeDefault.xctoolchain/usr/share/docc/features.json

Build description signature: 4ea4c8b6b47b458c1975ff6821dfe2be
Build description path: /Users/hem/Library/Developer/Xcode/DerivedData/FocusBlox-awtxlldmubwqcwggsrfosewjcyoq/Build/Intermediates.noindex/XCBuildData/4ea4c8b6b47b458c1975ff6821dfe2be.xcbuilddata
ClangStatCache /Applications/Xcode.app/Contents/Developer/Toolchains/XcodeDefault.xctoolchain/usr/bin/clang-stat-cache /Applications/Xcode.app/Contents/Developer/Platforms/iPhoneSimulator.platform/Developer/SDKs/iPhoneSimulator26.2.sdk /Users/hem/Library/Developer/Xcode/DerivedData/SDKStatCaches.noindex/iphonesimulator26.2-23C53-7d00a8b37fbd7999ea79df8ebc024bf0.sdkstatcache
    cd /Users/hem/Documents/opt/my-daily-sprints/FocusBlox.xcodeproj
    /Applications/Xcode.app/Contents/Developer/Toolchains/XcodeDefault.xctoolchain/usr/bin/clang-stat-cache /Applications/Xcode.app/Contents/Developer/Platforms/iPhoneSimulator.platform/Developer/SDKs/iPhoneSimulator26.2.sdk -o /Users/hem/Library/Developer/Xcode/DerivedData/SDKStatCaches.noindex/iphonesimulator26.2-23C53-7d00a8b37fbd7999ea79df8ebc024bf0.sdkstatcache

ProcessInfoPlistFile /Users/hem/Library/Developer/Xcode/DerivedData/FocusBlox-awtxlldmubwqcwggsrfosewjcyoq/Build/Products/Debug-iphonesimulator/FocusBloxCore.framework/Info.plist /Users/hem/Library/Developer/Xcode/DerivedData/FocusBlox-awtxlldmubwqcwggsrfosewjcyoq/Build/Intermediates.noindex/FocusBlox.build/Debug-iphonesimulator/FocusBloxCore.build/empty-FocusBloxCore.plist (in target 'FocusBloxCore' from project 'FocusBlox')
    cd /Users/hem/Documents/opt/my-daily-sprints
    builtin-infoPlistUtility /Users/hem/Library/Developer/Xcode/DerivedData/FocusBlox-awtxlldmubwqcwggsrfosewjcyoq/Build/Intermediates.noindex/FocusBlox.build/Debug-iphonesimulator/FocusBloxCore.build/empty-FocusBloxCore.plist -producttype com.apple.product-type.framework -expandbuildsettings -format binary -platform iphonesimulator -o /Users/hem/Library/Developer/Xcode/DerivedData/FocusBlox-awtxlldmubwqcwggsrfosewjcyoq/Build/Products/Debug-iphonesimulator/FocusBloxCore.framework/Info.plist

ClangStatCache /Applications/Xcode.app/Contents/Developer/Toolchains/XcodeDefault.xctoolchain/usr/bin/clang-stat-cache /Applications/Xcode.app/Contents/Developer/Platforms/WatchSimulator.platform/Developer/SDKs/WatchSimulator26.2.sdk /Users/hem/Library/Developer/Xcode/DerivedData/SDKStatCaches.noindex/watchsimulator26.2-23S303-963ebdd26732d23a23bcca82c2045e26.sdkstatcache
    cd /Users/hem/Documents/opt/my-daily-sprints/FocusBlox.xcodeproj
    /Applications/Xcode.app/Contents/Developer/Toolchains/XcodeDefault.xctoolchain/usr/bin/clang-stat-cache /Applications/Xcode.app/Contents/Developer/Platforms/WatchSimulator.platform/Developer/SDKs/WatchSimulator26.2.sdk -o /Users/hem/Library/Developer/Xcode/DerivedData/SDKStatCaches.noindex/watchsimulator26.2-23S303-963ebdd26732d23a23bcca82c2045e26.sdkstatcache

ProcessInfoPlistFile /Users/hem/Library/Developer/Xcode/DerivedData/FocusBlox-awtxlldmubwqcwggsrfosewjcyoq/Build/Products/Debug-watchsimulator/FocusBloxWatch\ Watch\ App.app/Info.plist /Users/hem/Library/Developer/Xcode/DerivedData/FocusBlox-awtxlldmubwqcwggsrfosewjcyoq/Build/Intermediates.noindex/FocusBlox.build/Debug-watchsimulator/FocusBloxWatch\ Watch\ App.build/empty-FocusBloxWatch\ Watch\ App.plist (in target 'FocusBloxWatch Watch App' from project 'FocusBlox')
    cd /Users/hem/Documents/opt/my-daily-sprints
    builtin-infoPlistUtility /Users/hem/Library/Developer/Xcode/DerivedData/FocusBlox-awtxlldmubwqcwggsrfosewjcyoq/Build/Intermediates.noindex/FocusBlox.build/Debug-watchsimulator/FocusBloxWatch\ Watch\ App.build/empty-FocusBloxWatch\ Watch\ App.plist -producttype com.apple.product-type.application -genpkginfo /Users/hem/Library/Developer/Xcode/DerivedData/FocusBlox-awtxlldmubwqcwggsrfosewjcyoq/Build/Products/Debug-watchsimulator/FocusBloxWatch\ Watch\ App.app/PkgInfo -expandbuildsettings -format binary -platform watchsimulator -additionalcontentfile /Users/hem/Library/Developer/Xcode/DerivedData/FocusBlox-awtxlldmubwqcwggsrfosewjcyoq/Build/Intermediates.noindex/FocusBlox.build/Debug-watchsimulator/FocusBloxWatch\ Watch\ App.build/assetcatalog_generated_info.plist -o /Users/hem/Library/Developer/Xcode/DerivedData/FocusBlox-awtxlldmubwqcwggsrfosewjcyoq/Build/Products/Debug-watchsimulator/FocusBloxWatch\ Watch\ App.app/Info.plist

CopySwiftLibs /Users/hem/Library/Developer/Xcode/DerivedData/FocusBlox-awtxlldmubwqcwggsrfosewjcyoq/Build/Products/Debug-watchsimulator/FocusBloxWatch\ Watch\ App.app (in target 'FocusBloxWatch Watch App' from project 'FocusBlox')
    cd /Users/hem/Documents/opt/my-daily-sprints
    builtin-swiftStdLibTool --copy --verbose --sign - --scan-executable /Users/hem/Library/Developer/Xcode/DerivedData/FocusBlox-awtxlldmubwqcwggsrfosewjcyoq/Build/Products/Debug-watchsimulator/FocusBloxWatch\ Watch\ App.app/FocusBloxWatch\ Watch\ App.debug.dylib --scan-folder /Users/hem/Library/Developer/Xcode/DerivedData/FocusBlox-awtxlldmubwqcwggsrfosewjcyoq/Build/Products/Debug-watchsimulator/FocusBloxWatch\ Watch\ App.app/Frameworks --scan-folder /Users/hem/Library/Developer/Xcode/DerivedData/FocusBlox-awtxlldmubwqcwggsrfosewjcyoq/Build/Products/Debug-watchsimulator/FocusBloxWatch\ Watch\ App.app/PlugIns --scan-folder /Users/hem/Library/Developer/Xcode/DerivedData/FocusBlox-awtxlldmubwqcwggsrfosewjcyoq/Build/Products/Debug-watchsimulator/FocusBloxWatch\ Watch\ App.app/SystemExtensions --scan-folder /Users/hem/Library/Developer/Xcode/DerivedData/FocusBlox-awtxlldmubwqcwggsrfosewjcyoq/Build/Products/Debug-watchsimulator/FocusBloxWatch\ Watch\ App.app/Extensions --platform watchsimulator --toolchain /Applications/Xcode.app/Contents/Developer/Toolchains/XcodeDefault.xctoolchain --destination /Users/hem/Library/Developer/Xcode/DerivedData/FocusBlox-awtxlldmubwqcwggsrfosewjcyoq/Build/Products/Debug-watchsimulator/FocusBloxWatch\ Watch\ App.app/Frameworks --strip-bitcode --strip-bitcode-tool /Applications/Xcode.app/Contents/Developer/Toolchains/XcodeDefault.xctoolchain/usr/bin/bitcode_strip --emit-dependency-info /Users/hem/Library/Developer/Xcode/DerivedData/FocusBlox-awtxlldmubwqcwggsrfosewjcyoq/Build/Intermediates.noindex/FocusBlox.build/Debug-watchsimulator/FocusBloxWatch\ Watch\ App.build/SwiftStdLibToolInputDependencies.dep --filter-for-swift-os

ProcessInfoPlistFile /Users/hem/Library/Developer/Xcode/DerivedData/FocusBlox-awtxlldmubwqcwggsrfosewjcyoq/Build/Products/Debug-iphonesimulator/FocusBloxWidgetsExtension.appex/Info.plist /Users/hem/Documents/opt/my-daily-sprints/FocusBloxWidgets/Info.plist (in target 'FocusBloxWidgetsExtension' from project 'FocusBlox')
    cd /Users/hem/Documents/opt/my-daily-sprints
    builtin-infoPlistUtility /Users/hem/Documents/opt/my-daily-sprints/FocusBloxWidgets/Info.plist -producttype com.apple.product-type.app-extension -expandbuildsettings -format binary -platform iphonesimulator -additionalcontentfile /Users/hem/Library/Developer/Xcode/DerivedData/FocusBlox-awtxlldmubwqcwggsrfosewjcyoq/Build/Intermediates.noindex/FocusBlox.build/Debug-iphonesimulator/FocusBloxWidgetsExtension.build/assetcatalog_generated_info.plist -o /Users/hem/Library/Developer/Xcode/DerivedData/FocusBlox-awtxlldmubwqcwggsrfosewjcyoq/Build/Products/Debug-iphonesimulator/FocusBloxWidgetsExtension.appex/Info.plist

CopySwiftLibs /Users/hem/Library/Developer/Xcode/DerivedData/FocusBlox-awtxlldmubwqcwggsrfosewjcyoq/Build/Products/Debug-iphonesimulator/FocusBlox.app (in target 'FocusBlox' from project 'FocusBlox')
    cd /Users/hem/Documents/opt/my-daily-sprints
    builtin-swiftStdLibTool --copy --verbose --sign - --scan-executable /Users/hem/Library/Developer/Xcode/DerivedData/FocusBlox-awtxlldmubwqcwggsrfosewjcyoq/Build/Products/Debug-iphonesimulator/FocusBlox.app/FocusBlox.debug.dylib --scan-folder /Users/hem/Library/Developer/Xcode/DerivedData/FocusBlox-awtxlldmubwqcwggsrfosewjcyoq/Build/Products/Debug-iphonesimulator/FocusBlox.app/Frameworks --scan-folder /Users/hem/Library/Developer/Xcode/DerivedData/FocusBlox-awtxlldmubwqcwggsrfosewjcyoq/Build/Products/Debug-iphonesimulator/FocusBlox.app/PlugIns --scan-folder /Users/hem/Library/Developer/Xcode/DerivedData/FocusBlox-awtxlldmubwqcwggsrfosewjcyoq/Build/Products/Debug-iphonesimulator/FocusBlox.app/SystemExtensions --scan-folder /Users/hem/Library/Developer/Xcode/DerivedData/FocusBlox-awtxlldmubwqcwggsrfosewjcyoq/Build/Products/Debug-iphonesimulator/FocusBlox.app/Extensions --scan-folder /Users/hem/Library/Developer/Xcode/DerivedData/FocusBlox-awtxlldmubwqcwggsrfosewjcyoq/Build/Products/Debug-iphonesimulator/FocusBloxCore.framework --platform iphonesimulator --toolchain /Applications/Xcode.app/Contents/Developer/Toolchains/XcodeDefault.xctoolchain --destination /Users/hem/Library/Developer/Xcode/DerivedData/FocusBlox-awtxlldmubwqcwggsrfosewjcyoq/Build/Products/Debug-iphonesimulator/FocusBlox.app/Frameworks --strip-bitcode --strip-bitcode-tool /Applications/Xcode.app/Contents/Developer/Toolchains/XcodeDefault.xctoolchain/usr/bin/bitcode_strip --emit-dependency-info /Users/hem/Library/Developer/Xcode/DerivedData/FocusBlox-awtxlldmubwqcwggsrfosewjcyoq/Build/Intermediates.noindex/FocusBlox.build/Debug-iphonesimulator/FocusBlox.build/SwiftStdLibToolInputDependencies.dep --filter-for-swift-os

ProcessInfoPlistFile /Users/hem/Library/Developer/Xcode/DerivedData/FocusBlox-awtxlldmubwqcwggsrfosewjcyoq/Build/Products/Debug-iphonesimulator/FocusBlox.app/Info.plist /Users/hem/Documents/opt/my-daily-sprints/Resources/Info.plist (in target 'FocusBlox' from project 'FocusBlox')
    cd /Users/hem/Documents/opt/my-daily-sprints
    builtin-infoPlistUtility /Users/hem/Documents/opt/my-daily-sprints/Resources/Info.plist -producttype com.apple.product-type.application -genpkginfo /Users/hem/Library/Developer/Xcode/DerivedData/FocusBlox-awtxlldmubwqcwggsrfosewjcyoq/Build/Products/Debug-iphonesimulator/FocusBlox.app/PkgInfo -expandbuildsettings -format binary -platform iphonesimulator -additionalcontentfile /Users/hem/Library/Developer/Xcode/DerivedData/FocusBlox-awtxlldmubwqcwggsrfosewjcyoq/Build/Intermediates.noindex/FocusBlox.build/Debug-iphonesimulator/FocusBlox.build/assetcatalog_generated_info.plist -scanforprivacyfile /Users/hem/Library/Developer/Xcode/DerivedData/FocusBlox-awtxlldmubwqcwggsrfosewjcyoq/Build/Products/Debug-iphonesimulator/FocusBlox.app/Frameworks/FocusBloxCore.framework -scanforprivacyfile /Users/hem/Library/Developer/Xcode/DerivedData/FocusBlox-awtxlldmubwqcwggsrfosewjcyoq/Build/Products/Debug-iphonesimulator/FocusBlox.app/PlugIns/FocusBloxWidgetsExtension.appex -scanforprivacyfile /Users/hem/Library/Developer/Xcode/DerivedData/FocusBlox-awtxlldmubwqcwggsrfosewjcyoq/Build/Products/Debug-iphonesimulator/FocusBlox.app/Watch/FocusBloxWatch\ Watch\ App.app -o /Users/hem/Library/Developer/Xcode/DerivedData/FocusBlox-awtxlldmubwqcwggsrfosewjcyoq/Build/Products/Debug-iphonesimulator/FocusBlox.app/Info.plist
warning: 'UIRequiresFullScreen' has been deprecated starting in iOS 26.0 and will be ignored in a future release. See the UIRequiresFullScreen documentation for more details. (in target 'FocusBlox' from project 'FocusBlox')

ProcessInfoPlistFile /Users/hem/Library/Developer/Xcode/DerivedData/FocusBlox-awtxlldmubwqcwggsrfosewjcyoq/Build/Products/Debug-iphonesimulator/FocusBlox.app/PlugIns/FocusBloxCoreTests.xctest/Info.plist /Users/hem/Library/Developer/Xcode/DerivedData/FocusBlox-awtxlldmubwqcwggsrfosewjcyoq/Build/Intermediates.noindex/FocusBlox.build/Debug-iphonesimulator/FocusBloxCoreTests.build/empty-FocusBloxCoreTests.plist (in target 'FocusBloxCoreTests' from project 'FocusBlox')
    cd /Users/hem/Documents/opt/my-daily-sprints
    builtin-infoPlistUtility /Users/hem/Library/Developer/Xcode/DerivedData/FocusBlox-awtxlldmubwqcwggsrfosewjcyoq/Build/Intermediates.noindex/FocusBlox.build/Debug-iphonesimulator/FocusBloxCoreTests.build/empty-FocusBloxCoreTests.plist -producttype com.apple.product-type.bundle.unit-test -expandbuildsettings -format binary -platform iphonesimulator -o /Users/hem/Library/Developer/Xcode/DerivedData/FocusBlox-awtxlldmubwqcwggsrfosewjcyoq/Build/Products/Debug-iphonesimulator/FocusBlox.app/PlugIns/FocusBloxCoreTests.xctest/Info.plist

CopySwiftLibs /Users/hem/Library/Developer/Xcode/DerivedData/FocusBlox-awtxlldmubwqcwggsrfosewjcyoq/Build/Products/Debug-iphonesimulator/FocusBlox.app/PlugIns/FocusBloxCoreTests.xctest (in target 'FocusBloxCoreTests' from project 'FocusBlox')
    cd /Users/hem/Documents/opt/my-daily-sprints
    builtin-swiftStdLibTool --copy --verbose --sign - --scan-executable /Users/hem/Library/Developer/Xcode/DerivedData/FocusBlox-awtxlldmubwqcwggsrfosewjcyoq/Build/Products/Debug-iphonesimulator/FocusBlox.app/PlugIns/FocusBloxCoreTests.xctest/FocusBloxCoreTests --scan-folder /Users/hem/Library/Developer/Xcode/DerivedData/FocusBlox-awtxlldmubwqcwggsrfosewjcyoq/Build/Products/Debug-iphonesimulator/FocusBlox.app/PlugIns/FocusBloxCoreTests.xctest/Frameworks --scan-folder /Users/hem/Library/Developer/Xcode/DerivedData/FocusBlox-awtxlldmubwqcwggsrfosewjcyoq/Build/Products/Debug-iphonesimulator/FocusBlox.app/PlugIns/FocusBloxCoreTests.xctest/PlugIns --scan-folder /Users/hem/Library/Developer/Xcode/DerivedData/FocusBlox-awtxlldmubwqcwggsrfosewjcyoq/Build/Products/Debug-iphonesimulator/FocusBlox.app/PlugIns/FocusBloxCoreTests.xctest/SystemExtensions --scan-folder /Users/hem/Library/Developer/Xcode/DerivedData/FocusBlox-awtxlldmubwqcwggsrfosewjcyoq/Build/Products/Debug-iphonesimulator/FocusBlox.app/PlugIns/FocusBloxCoreTests.xctest/Extensions --scan-folder /Users/hem/Library/Developer/Xcode/DerivedData/FocusBlox-awtxlldmubwqcwggsrfosewjcyoq/Build/Products/Debug-iphonesimulator/FocusBloxCore.framework --platform iphonesimulator --toolchain /Applications/Xcode.app/Contents/Developer/Toolchains/XcodeDefault.xctoolchain --destination /Users/hem/Library/Developer/Xcode/DerivedData/FocusBlox-awtxlldmubwqcwggsrfosewjcyoq/Build/Products/Debug-iphonesimulator/FocusBlox.app/PlugIns/FocusBloxCoreTests.xctest/Frameworks --strip-bitcode --scan-executable /Applications/Xcode.app/Contents/Developer/Platforms/iPhoneSimulator.platform/Developer/usr/lib/libXCTestSwiftSupport.dylib --strip-bitcode-tool /Applications/Xcode.app/Contents/Developer/Toolchains/XcodeDefault.xctoolchain/usr/bin/bitcode_strip --emit-dependency-info /Users/hem/Library/Developer/Xcode/DerivedData/FocusBlox-awtxlldmubwqcwggsrfosewjcyoq/Build/Intermediates.noindex/FocusBlox.build/Debug-iphonesimulator/FocusBloxCoreTests.build/SwiftStdLibToolInputDependencies.dep --filter-for-swift-os

ProcessInfoPlistFile /Users/hem/Library/Developer/Xcode/DerivedData/FocusBlox-awtxlldmubwqcwggsrfosewjcyoq/Build/Products/Debug-iphonesimulator/FocusBlox.app/PlugIns/FocusBloxTests.xctest/Info.plist /Users/hem/Library/Developer/Xcode/DerivedData/FocusBlox-awtxlldmubwqcwggsrfosewjcyoq/Build/Intermediates.noindex/FocusBlox.build/Debug-iphonesimulator/FocusBloxTests.build/empty-FocusBloxTests.plist (in target 'FocusBloxTests' from project 'FocusBlox')
    cd /Users/hem/Documents/opt/my-daily-sprints
    builtin-infoPlistUtility /Users/hem/Library/Developer/Xcode/DerivedData/FocusBlox-awtxlldmubwqcwggsrfosewjcyoq/Build/Intermediates.noindex/FocusBlox.build/Debug-iphonesimulator/FocusBloxTests.build/empty-FocusBloxTests.plist -producttype com.apple.product-type.bundle.unit-test -expandbuildsettings -format binary -platform iphonesimulator -o /Users/hem/Library/Developer/Xcode/DerivedData/FocusBlox-awtxlldmubwqcwggsrfosewjcyoq/Build/Products/Debug-iphonesimulator/FocusBlox.app/PlugIns/FocusBloxTests.xctest/Info.plist

CopySwiftLibs /Users/hem/Library/Developer/Xcode/DerivedData/FocusBlox-awtxlldmubwqcwggsrfosewjcyoq/Build/Products/Debug-iphonesimulator/FocusBlox.app/PlugIns/FocusBloxTests.xctest (in target 'FocusBloxTests' from project 'FocusBlox')
    cd /Users/hem/Documents/opt/my-daily-sprints
    builtin-swiftStdLibTool --copy --verbose --sign - --scan-executable /Users/hem/Library/Developer/Xcode/DerivedData/FocusBlox-awtxlldmubwqcwggsrfosewjcyoq/Build/Products/Debug-iphonesimulator/FocusBlox.app/PlugIns/FocusBloxTests.xctest/FocusBloxTests --scan-folder /Users/hem/Library/Developer/Xcode/DerivedData/FocusBlox-awtxlldmubwqcwggsrfosewjcyoq/Build/Products/Debug-iphonesimulator/FocusBlox.app/PlugIns/FocusBloxTests.xctest/Frameworks --scan-folder /Users/hem/Library/Developer/Xcode/DerivedData/FocusBlox-awtxlldmubwqcwggsrfosewjcyoq/Build/Products/Debug-iphonesimulator/FocusBlox.app/PlugIns/FocusBloxTests.xctest/PlugIns --scan-folder /Users/hem/Library/Developer/Xcode/DerivedData/FocusBlox-awtxlldmubwqcwggsrfosewjcyoq/Build/Products/Debug-iphonesimulator/FocusBlox.app/PlugIns/FocusBloxTests.xctest/SystemExtensions --scan-folder /Users/hem/Library/Developer/Xcode/DerivedData/FocusBlox-awtxlldmubwqcwggsrfosewjcyoq/Build/Products/Debug-iphonesimulator/FocusBlox.app/PlugIns/FocusBloxTests.xctest/Extensions --platform iphonesimulator --toolchain /Applications/Xcode.app/Contents/Developer/Toolchains/XcodeDefault.xctoolchain --destination /Users/hem/Library/Developer/Xcode/DerivedData/FocusBlox-awtxlldmubwqcwggsrfosewjcyoq/Build/Products/Debug-iphonesimulator/FocusBlox.app/PlugIns/FocusBloxTests.xctest/Frameworks --strip-bitcode --scan-executable /Applications/Xcode.app/Contents/Developer/Platforms/iPhoneSimulator.platform/Developer/usr/lib/libXCTestSwiftSupport.dylib --strip-bitcode-tool /Applications/Xcode.app/Contents/Developer/Toolchains/XcodeDefault.xctoolchain/usr/bin/bitcode_strip --emit-dependency-info /Users/hem/Library/Developer/Xcode/DerivedData/FocusBlox-awtxlldmubwqcwggsrfosewjcyoq/Build/Intermediates.noindex/FocusBlox.build/Debug-iphonesimulator/FocusBloxTests.build/SwiftStdLibToolInputDependencies.dep --filter-for-swift-os

ProcessInfoPlistFile /Users/hem/Library/Developer/Xcode/DerivedData/FocusBlox-awtxlldmubwqcwggsrfosewjcyoq/Build/Products/Debug-iphonesimulator/FocusBloxUITests-Runner.app/PlugIns/FocusBloxUITests.xctest/Info.plist /Users/hem/Library/Developer/Xcode/DerivedData/FocusBlox-awtxlldmubwqcwggsrfosewjcyoq/Build/Intermediates.noindex/FocusBlox.build/Debug-iphonesimulator/FocusBloxUITests.build/empty-FocusBloxUITests.plist (in target 'FocusBloxUITests' from project 'FocusBlox')
    cd /Users/hem/Documents/opt/my-daily-sprints
    builtin-infoPlistUtility /Users/hem/Library/Developer/Xcode/DerivedData/FocusBlox-awtxlldmubwqcwggsrfosewjcyoq/Build/Intermediates.noindex/FocusBlox.build/Debug-iphonesimulator/FocusBloxUITests.build/empty-FocusBloxUITests.plist -producttype com.apple.product-type.bundle.ui-testing -expandbuildsettings -format binary -platform iphonesimulator -additionalcontentfile /Users/hem/Library/Developer/Xcode/DerivedData/FocusBlox-awtxlldmubwqcwggsrfosewjcyoq/Build/Intermediates.noindex/FocusBlox.build/Debug-iphonesimulator/FocusBloxUITests.build/ProductTypeInfoPlistAdditions.plist -o /Users/hem/Library/Developer/Xcode/DerivedData/FocusBlox-awtxlldmubwqcwggsrfosewjcyoq/Build/Products/Debug-iphonesimulator/FocusBloxUITests-Runner.app/PlugIns/FocusBloxUITests.xctest/Info.plist

SwiftDriver FocusBloxUITests normal arm64 com.apple.xcode.tools.swift.compiler (in target 'FocusBloxUITests' from project 'FocusBlox')
    cd /Users/hem/Documents/opt/my-daily-sprints
    builtin-SwiftDriver -- /Applications/Xcode.app/Contents/Developer/Toolchains/XcodeDefault.xctoolchain/usr/bin/swiftc -module-name FocusBloxUITests -Onone -enforce-exclusivity\=checked @/Users/hem/Library/Developer/Xcode/DerivedData/FocusBlox-awtxlldmubwqcwggsrfosewjcyoq/Build/Intermediates.noindex/FocusBlox.build/Debug-iphonesimulator/FocusBloxUITests.build/Objects-normal/arm64/FocusBloxUITests.SwiftFileList -DDEBUG -module-alias Testing\=_Testing_Unavailable -plugin-path /Applications/Xcode.app/Contents/Developer/Toolchains/XcodeDefault.xctoolchain/usr/lib/swift/host/plugins/testing -enable-experimental-feature DebugDescriptionMacro -sdk /Applications/Xcode.app/Contents/Developer/Platforms/iPhoneSimulator.platform/Developer/SDKs/iPhoneSimulator26.2.sdk -target arm64-apple-ios26.2-simulator -g -module-cache-path /Users/hem/Library/Developer/Xcode/DerivedData/ModuleCache.noindex -Xfrontend -serialize-debugging-options -profile-coverage-mapping -profile-generate -enable-testing -index-store-path /Users/hem/Library/Developer/Xcode/DerivedData/FocusBlox-awtxlldmubwqcwggsrfosewjcyoq/Index.noindex/DataStore -Xcc -D_LIBCPP_HARDENING_MODE\=_LIBCPP_HARDENING_MODE_DEBUG -swift-version 6 -I /Users/hem/Library/Developer/Xcode/DerivedData/FocusBlox-awtxlldmubwqcwggsrfosewjcyoq/Build/Products/Debug-iphonesimulator -Isystem /Applications/Xcode.app/Contents/Developer/Platforms/iPhoneSimulator.platform/Developer/usr/lib -F /Users/hem/Library/Developer/Xcode/DerivedData/FocusBlox-awtxlldmubwqcwggsrfosewjcyoq/Build/Products/Debug-iphonesimulator -F /Applications/Xcode.app/Contents/Developer/Platforms/iPhoneSimulator.platform/Developer/Library/Frameworks -F /Applications/Xcode.app/Contents/Developer/Platforms/iPhoneSimulator.platform/Developer/SDKs/iPhoneSimulator26.2.sdk/Developer/Library/Frameworks -c -j10 -enable-batch-mode -incremental -Xcc -ivfsstatcache -Xcc /Users/hem/Library/Developer/Xcode/DerivedData/SDKStatCaches.noindex/iphonesimulator26.2-23C53-7d00a8b37fbd7999ea79df8ebc024bf0.sdkstatcache -output-file-map /Users/hem/Library/Developer/Xcode/DerivedData/FocusBlox-awtxlldmubwqcwggsrfosewjcyoq/Build/Intermediates.noindex/FocusBlox.build/Debug-iphonesimulator/FocusBloxUITests.build/Objects-normal/arm64/FocusBloxUITests-OutputFileMap.json -use-frontend-parseable-output -save-temps -no-color-diagnostics -explicit-module-build -module-cache-path /Users/hem/Library/Developer/Xcode/DerivedData/FocusBlox-awtxlldmubwqcwggsrfosewjcyoq/Build/Intermediates.noindex/SwiftExplicitPrecompiledModules -clang-scanner-module-cache-path /Users/hem/Library/Developer/Xcode/DerivedData/ModuleCache.noindex -sdk-module-cache-path /Users/hem/Library/Developer/Xcode/DerivedData/ModuleCache.noindex -serialize-diagnostics -emit-dependencies -emit-module -emit-module-path /Users/hem/Library/Developer/Xcode/DerivedData/FocusBlox-awtxlldmubwqcwggsrfosewjcyoq/Build/Intermediates.noindex/FocusBlox.build/Debug-iphonesimulator/FocusBloxUITests.build/Objects-normal/arm64/FocusBloxUITests.swiftmodule -validate-clang-modules-once -clang-build-session-file /Users/hem/Library/Developer/Xcode/DerivedData/ModuleCache.noindex/Session.modulevalidation -Xcc -I/Users/hem/Library/Developer/Xcode/DerivedData/FocusBlox-awtxlldmubwqcwggsrfosewjcyoq/Build/Intermediates.noindex/FocusBlox.build/Debug-iphonesimulator/FocusBloxUITests.build/swift-overrides.hmap -emit-const-values -Xfrontend -const-gather-protocols-file -Xfrontend /Users/hem/Library/Developer/Xcode/DerivedData/FocusBlox-awtxlldmubwqcwggsrfosewjcyoq/Build/Intermediates.noindex/FocusBlox.build/Debug-iphonesimulator/FocusBloxUITests.build/Objects-normal/arm64/FocusBloxUITests_const_extract_protocols.json -Xcc -iquote -Xcc /Users/hem/Library/Developer/Xcode/DerivedData/FocusBlox-awtxlldmubwqcwggsrfosewjcyoq/Build/Intermediates.noindex/FocusBlox.build/Debug-iphonesimulator/FocusBloxUITests.build/FocusBloxUITests-generated-files.hmap -Xcc -I/Users/hem/Library/Developer/Xcode/DerivedData/FocusBlox-awtxlldmubwqcwggsrfosewjcyoq/Build/Intermediates.noindex/FocusBlox.build/Debug-iphonesimulator/FocusBloxUITests.build/FocusBloxUITests-own-target-headers.hmap -Xcc -I/Users/hem/Library/Developer/Xcode/DerivedData/FocusBlox-awtxlldmubwqcwggsrfosewjcyoq/Build/Intermediates.noindex/FocusBlox.build/Debug-iphonesimulator/FocusBloxUITests.build/FocusBloxUITests-all-target-headers.hmap -Xcc -iquote -Xcc /Users/hem/Library/Developer/Xcode/DerivedData/FocusBlox-awtxlldmubwqcwggsrfosewjcyoq/Build/Intermediates.noindex/FocusBlox.build/Debug-iphonesimulator/FocusBloxUITests.build/FocusBloxUITests-project-headers.hmap -Xcc -I/Users/hem/Library/Developer/Xcode/DerivedData/FocusBlox-awtxlldmubwqcwggsrfosewjcyoq/Build/Products/Debug-iphonesimulator/include -Xcc -I/Users/hem/Library/Developer/Xcode/DerivedData/FocusBlox-awtxlldmubwqcwggsrfosewjcyoq/Build/Intermediates.noindex/FocusBlox.build/Debug-iphonesimulator/FocusBloxUITests.build/DerivedSources-normal/arm64 -Xcc -I/Users/hem/Library/Developer/Xcode/DerivedData/FocusBlox-awtxlldmubwqcwggsrfosewjcyoq/Build/Intermediates.noindex/FocusBlox.build/Debug-iphonesimulator/FocusBloxUITests.build/DerivedSources/arm64 -Xcc -I/Users/hem/Library/Developer/Xcode/DerivedData/FocusBlox-awtxlldmubwqcwggsrfosewjcyoq/Build/Intermediates.noindex/FocusBlox.build/Debug-iphonesimulator/FocusBloxUITests.build/DerivedSources -Xcc -DDEBUG\=1 -emit-objc-header -emit-objc-header-path /Users/hem/Library/Developer/Xcode/DerivedData/FocusBlox-awtxlldmubwqcwggsrfosewjcyoq/Build/Intermediates.noindex/FocusBlox.build/Debug-iphonesimulator/FocusBloxUITests.build/Objects-normal/arm64/FocusBloxUITests-Swift.h -working-directory /Users/hem/Documents/opt/my-daily-sprints -experimental-emit-module-separately -disable-cmo

SwiftEmitModule normal arm64 Emitting\ module\ for\ FocusBloxUITests (in target 'FocusBloxUITests' from project 'FocusBlox')

EmitSwiftModule normal arm64 (in target 'FocusBloxUITests' from project 'FocusBlox')
    cd /Users/hem/Documents/opt/my-daily-sprints
    

SwiftCompile normal arm64 Compiling\ DurationChipScrollUITests.swift /Users/hem/Documents/opt/my-daily-sprints/FocusBloxUITests/DurationChipScrollUITests.swift (in target 'FocusBloxUITests' from project 'FocusBlox')
SwiftCompile normal arm64 /Users/hem/Documents/opt/my-daily-sprints/FocusBloxUITests/DurationChipScrollUITests.swift (in target 'FocusBloxUITests' from project 'FocusBlox')
    cd /Users/hem/Documents/opt/my-daily-sprints
    
/Users/hem/Documents/opt/my-daily-sprints/FocusBloxUITests/DurationChipScrollUITests.swift:16:9: warning: main actor-isolated property 'app' can not be mutated from a nonisolated context
        app = XCUIApplication()
        ^
/Users/hem/Documents/opt/my-daily-sprints/FocusBloxUITests/DurationChipScrollUITests.swift:12:9: note: mutation of this property is only permitted within the actor
    var app: XCUIApplication!
        ^
/Users/hem/Documents/opt/my-daily-sprints/FocusBloxUITests/DurationChipScrollUITests.swift:16:15: warning: call to main actor-isolated initializer 'init()' in a synchronous nonisolated context
        app = XCUIApplication()
              ^
/Applications/Xcode.app/Contents/Developer/Platforms/iPhoneSimulator.platform/Developer/Library/Frameworks/XCUIAutomation.framework/Headers/XCUIApplication.h:29:1: note: calls to initializer 'init()' from outside of its actor context are implicitly asynchronous
- (instancetype)init NS_DESIGNATED_INITIALIZER;
^
/Users/hem/Documents/opt/my-daily-sprints/FocusBloxUITests/DurationChipScrollUITests.swift:17:13: warning: main actor-isolated property 'launchArguments' can not be mutated from a nonisolated context
        app.launchArguments = ["-UITesting"]
            ^
/Applications/Xcode.app/Contents/Developer/Platforms/iPhoneSimulator.platform/Developer/Library/Frameworks/XCUIAutomation.framework/Headers/XCUIApplication.h:93:51: note: mutation of this property is only permitted within the actor
@property (nonatomic, copy) NSArray <NSString *> *launchArguments;
                                                  ^
/Users/hem/Documents/opt/my-daily-sprints/FocusBloxUITests/DurationChipScrollUITests.swift:17:9: warning: main actor-isolated property 'app' can not be referenced from a nonisolated context
        app.launchArguments = ["-UITesting"]
        ^
/Users/hem/Documents/opt/my-daily-sprints/FocusBloxUITests/DurationChipScrollUITests.swift:12:9: note: property declared here
    var app: XCUIApplication!
        ^
/Users/hem/Documents/opt/my-daily-sprints/FocusBloxUITests/DurationChipScrollUITests.swift:18:13: warning: call to main actor-isolated instance method 'launch()' in a synchronous nonisolated context
        app.launch()
            ^
XCUIAutomation.XCUIApplication.launch:2:22: note: calls to instance method 'launch()' from outside of its actor context are implicitly asynchronous
@MainActor open func launch()}
                     ^
/Users/hem/Documents/opt/my-daily-sprints/FocusBloxUITests/DurationChipScrollUITests.swift:18:9: warning: main actor-isolated property 'app' can not be referenced from a nonisolated context
        app.launch()
        ^
/Users/hem/Documents/opt/my-daily-sprints/FocusBloxUITests/DurationChipScrollUITests.swift:12:9: note: property declared here
    var app: XCUIApplication!
        ^
/Users/hem/Documents/opt/my-daily-sprints/FocusBloxUITests/DurationChipScrollUITests.swift:21:37: warning: main actor-isolated subscript 'subscript(_:)' can not be referenced from a nonisolated context
        let backlogTab = app.buttons["backlogTab"]
                                    ^
XCUIAutomation.XCUIElementQuery.subscript:2:17: note: subscript declared here
@MainActor open subscript(key: String) -> XCUIElement { get }}
                ^
/Users/hem/Documents/opt/my-daily-sprints/FocusBloxUITests/DurationChipScrollUITests.swift:21:30: warning: main actor-isolated property 'buttons' can not be referenced from a nonisolated context
        let backlogTab = app.buttons["backlogTab"]
                             ^
/Applications/Xcode.app/Contents/Developer/Platforms/iPhoneSimulator.platform/Developer/Library/Frameworks/XCUIAutomation.framework/Headers/XCUIElementTypeQueryProvider.h:22:46: note: property declared here
@property (readonly, copy) XCUIElementQuery *buttons;
                                             ^
/Users/hem/Documents/opt/my-daily-sprints/FocusBloxUITests/DurationChipScrollUITests.swift:21:26: warning: main actor-isolated property 'app' can not be referenced from a nonisolated context
        let backlogTab = app.buttons["backlogTab"]
                         ^
/Users/hem/Documents/opt/my-daily-sprints/FocusBloxUITests/DurationChipScrollUITests.swift:12:9: note: property declared here
    var app: XCUIApplication!
        ^
/Users/hem/Documents/opt/my-daily-sprints/FocusBloxUITests/DurationChipScrollUITests.swift:22:23: warning: call to main actor-isolated instance method 'waitForExistence(timeout:)' in a synchronous nonisolated context
        if backlogTab.waitForExistence(timeout: 5) {
                      ^
XCUIAutomation.XCUIElement.waitForExistence:2:22: note: calls to instance method 'waitForExistence(timeout:)' from outside of its actor context are implicitly asynchronous
@MainActor open func waitForExistence(timeout: TimeInterval) -> Bool}
                     ^
/Users/hem/Documents/opt/my-daily-sprints/FocusBloxUITests/DurationChipScrollUITests.swift:23:24: warning: call to main actor-isolated instance method 'tap()' in a synchronous nonisolated context
            backlogTab.tap()
                       ^
XCUIAutomation.XCUIElement.tap:2:22: note: calls to instance method 'tap()' from outside of its actor context are implicitly asynchronous
@MainActor open func tap()}
                     ^
/Users/hem/Documents/opt/my-daily-sprints/FocusBloxUITests/DurationChipScrollUITests.swift:28:9: warning: main actor-isolated property 'app' can not be mutated from a nonisolated context
        app = nil
        ^
/Users/hem/Documents/opt/my-daily-sprints/FocusBloxUITests/DurationChipScrollUITests.swift:12:9: note: mutation of this property is only permitted within the actor
    var app: XCUIApplication!
        ^

SwiftDriverJobDiscovery normal arm64 Compiling DurationChipScrollUITests.swift (in target 'FocusBloxUITests' from project 'FocusBlox')

SwiftDriver\ Compilation FocusBloxUITests normal arm64 com.apple.xcode.tools.swift.compiler (in target 'FocusBloxUITests' from project 'FocusBlox')
    cd /Users/hem/Documents/opt/my-daily-sprints
    builtin-Swift-Compilation -- /Applications/Xcode.app/Contents/Developer/Toolchains/XcodeDefault.xctoolchain/usr/bin/swiftc -module-name FocusBloxUITests -Onone -enforce-exclusivity\=checked @/Users/hem/Library/Developer/Xcode/DerivedData/FocusBlox-awtxlldmubwqcwggsrfosewjcyoq/Build/Intermediates.noindex/FocusBlox.build/Debug-iphonesimulator/FocusBloxUITests.build/Objects-normal/arm64/FocusBloxUITests.SwiftFileList -DDEBUG -module-alias Testing\=_Testing_Unavailable -plugin-path /Applications/Xcode.app/Contents/Developer/Toolchains/XcodeDefault.xctoolchain/usr/lib/swift/host/plugins/testing -enable-experimental-feature DebugDescriptionMacro -sdk /Applications/Xcode.app/Contents/Developer/Platforms/iPhoneSimulator.platform/Developer/SDKs/iPhoneSimulator26.2.sdk -target arm64-apple-ios26.2-simulator -g -module-cache-path /Users/hem/Library/Developer/Xcode/DerivedData/ModuleCache.noindex -Xfrontend -serialize-debugging-options -profile-coverage-mapping -profile-generate -enable-testing -index-store-path /Users/hem/Library/Developer/Xcode/DerivedData/FocusBlox-awtxlldmubwqcwggsrfosewjcyoq/Index.noindex/DataStore -Xcc -D_LIBCPP_HARDENING_MODE\=_LIBCPP_HARDENING_MODE_DEBUG -swift-version 6 -I /Users/hem/Library/Developer/Xcode/DerivedData/FocusBlox-awtxlldmubwqcwggsrfosewjcyoq/Build/Products/Debug-iphonesimulator -Isystem /Applications/Xcode.app/Contents/Developer/Platforms/iPhoneSimulator.platform/Developer/usr/lib -F /Users/hem/Library/Developer/Xcode/DerivedData/FocusBlox-awtxlldmubwqcwggsrfosewjcyoq/Build/Products/Debug-iphonesimulator -F /Applications/Xcode.app/Contents/Developer/Platforms/iPhoneSimulator.platform/Developer/Library/Frameworks -F /Applications/Xcode.app/Contents/Developer/Platforms/iPhoneSimulator.platform/Developer/SDKs/iPhoneSimulator26.2.sdk/Developer/Library/Frameworks -c -j10 -enable-batch-mode -incremental -Xcc -ivfsstatcache -Xcc /Users/hem/Library/Developer/Xcode/DerivedData/SDKStatCaches.noindex/iphonesimulator26.2-23C53-7d00a8b37fbd7999ea79df8ebc024bf0.sdkstatcache -output-file-map /Users/hem/Library/Developer/Xcode/DerivedData/FocusBlox-awtxlldmubwqcwggsrfosewjcyoq/Build/Intermediates.noindex/FocusBlox.build/Debug-iphonesimulator/FocusBloxUITests.build/Objects-normal/arm64/FocusBloxUITests-OutputFileMap.json -use-frontend-parseable-output -save-temps -no-color-diagnostics -explicit-module-build -module-cache-path /Users/hem/Library/Developer/Xcode/DerivedData/FocusBlox-awtxlldmubwqcwggsrfosewjcyoq/Build/Intermediates.noindex/SwiftExplicitPrecompiledModules -clang-scanner-module-cache-path /Users/hem/Library/Developer/Xcode/DerivedData/ModuleCache.noindex -sdk-module-cache-path /Users/hem/Library/Developer/Xcode/DerivedData/ModuleCache.noindex -serialize-diagnostics -emit-dependencies -emit-module -emit-module-path /Users/hem/Library/Developer/Xcode/DerivedData/FocusBlox-awtxlldmubwqcwggsrfosewjcyoq/Build/Intermediates.noindex/FocusBlox.build/Debug-iphonesimulator/FocusBloxUITests.build/Objects-normal/arm64/FocusBloxUITests.swiftmodule -validate-clang-modules-once -clang-build-session-file /Users/hem/Library/Developer/Xcode/DerivedData/ModuleCache.noindex/Session.modulevalidation -Xcc -I/Users/hem/Library/Developer/Xcode/DerivedData/FocusBlox-awtxlldmubwqcwggsrfosewjcyoq/Build/Intermediates.noindex/FocusBlox.build/Debug-iphonesimulator/FocusBloxUITests.build/swift-overrides.hmap -emit-const-values -Xfrontend -const-gather-protocols-file -Xfrontend /Users/hem/Library/Developer/Xcode/DerivedData/FocusBlox-awtxlldmubwqcwggsrfosewjcyoq/Build/Intermediates.noindex/FocusBlox.build/Debug-iphonesimulator/FocusBloxUITests.build/Objects-normal/arm64/FocusBloxUITests_const_extract_protocols.json -Xcc -iquote -Xcc /Users/hem/Library/Developer/Xcode/DerivedData/FocusBlox-awtxlldmubwqcwggsrfosewjcyoq/Build/Intermediates.noindex/FocusBlox.build/Debug-iphonesimulator/FocusBloxUITests.build/FocusBloxUITests-generated-files.hmap -Xcc -I/Users/hem/Library/Developer/Xcode/DerivedData/FocusBlox-awtxlldmubwqcwggsrfosewjcyoq/Build/Intermediates.noindex/FocusBlox.build/Debug-iphonesimulator/FocusBloxUITests.build/FocusBloxUITests-own-target-headers.hmap -Xcc -I/Users/hem/Library/Developer/Xcode/DerivedData/FocusBlox-awtxlldmubwqcwggsrfosewjcyoq/Build/Intermediates.noindex/FocusBlox.build/Debug-iphonesimulator/FocusBloxUITests.build/FocusBloxUITests-all-target-headers.hmap -Xcc -iquote -Xcc /Users/hem/Library/Developer/Xcode/DerivedData/FocusBlox-awtxlldmubwqcwggsrfosewjcyoq/Build/Intermediates.noindex/FocusBlox.build/Debug-iphonesimulator/FocusBloxUITests.build/FocusBloxUITests-project-headers.hmap -Xcc -I/Users/hem/Library/Developer/Xcode/DerivedData/FocusBlox-awtxlldmubwqcwggsrfosewjcyoq/Build/Products/Debug-iphonesimulator/include -Xcc -I/Users/hem/Library/Developer/Xcode/DerivedData/FocusBlox-awtxlldmubwqcwggsrfosewjcyoq/Build/Intermediates.noindex/FocusBlox.build/Debug-iphonesimulator/FocusBloxUITests.build/DerivedSources-normal/arm64 -Xcc -I/Users/hem/Library/Developer/Xcode/DerivedData/FocusBlox-awtxlldmubwqcwggsrfosewjcyoq/Build/Intermediates.noindex/FocusBlox.build/Debug-iphonesimulator/FocusBloxUITests.build/DerivedSources/arm64 -Xcc -I/Users/hem/Library/Developer/Xcode/DerivedData/FocusBlox-awtxlldmubwqcwggsrfosewjcyoq/Build/Intermediates.noindex/FocusBlox.build/Debug-iphonesimulator/FocusBloxUITests.build/DerivedSources -Xcc -DDEBUG\=1 -emit-objc-header -emit-objc-header-path /Users/hem/Library/Developer/Xcode/DerivedData/FocusBlox-awtxlldmubwqcwggsrfosewjcyoq/Build/Intermediates.noindex/FocusBlox.build/Debug-iphonesimulator/FocusBloxUITests.build/Objects-normal/arm64/FocusBloxUITests-Swift.h -working-directory /Users/hem/Documents/opt/my-daily-sprints -experimental-emit-module-separately -disable-cmo

SwiftDriverJobDiscovery normal arm64 Emitting module for FocusBloxUITests (in target 'FocusBloxUITests' from project 'FocusBlox')

SwiftDriver\ Compilation\ Requirements FocusBloxUITests normal arm64 com.apple.xcode.tools.swift.compiler (in target 'FocusBloxUITests' from project 'FocusBlox')
    cd /Users/hem/Documents/opt/my-daily-sprints
    builtin-Swift-Compilation-Requirements -- /Applications/Xcode.app/Contents/Developer/Toolchains/XcodeDefault.xctoolchain/usr/bin/swiftc -module-name FocusBloxUITests -Onone -enforce-exclusivity\=checked @/Users/hem/Library/Developer/Xcode/DerivedData/FocusBlox-awtxlldmubwqcwggsrfosewjcyoq/Build/Intermediates.noindex/FocusBlox.build/Debug-iphonesimulator/FocusBloxUITests.build/Objects-normal/arm64/FocusBloxUITests.SwiftFileList -DDEBUG -module-alias Testing\=_Testing_Unavailable -plugin-path /Applications/Xcode.app/Contents/Developer/Toolchains/XcodeDefault.xctoolchain/usr/lib/swift/host/plugins/testing -enable-experimental-feature DebugDescriptionMacro -sdk /Applications/Xcode.app/Contents/Developer/Platforms/iPhoneSimulator.platform/Developer/SDKs/iPhoneSimulator26.2.sdk -target arm64-apple-ios26.2-simulator -g -module-cache-path /Users/hem/Library/Developer/Xcode/DerivedData/ModuleCache.noindex -Xfrontend -serialize-debugging-options -profile-coverage-mapping -profile-generate -enable-testing -index-store-path /Users/hem/Library/Developer/Xcode/DerivedData/FocusBlox-awtxlldmubwqcwggsrfosewjcyoq/Index.noindex/DataStore -Xcc -D_LIBCPP_HARDENING_MODE\=_LIBCPP_HARDENING_MODE_DEBUG -swift-version 6 -I /Users/hem/Library/Developer/Xcode/DerivedData/FocusBlox-awtxlldmubwqcwggsrfosewjcyoq/Build/Products/Debug-iphonesimulator -Isystem /Applications/Xcode.app/Contents/Developer/Platforms/iPhoneSimulator.platform/Developer/usr/lib -F /Users/hem/Library/Developer/Xcode/DerivedData/FocusBlox-awtxlldmubwqcwggsrfosewjcyoq/Build/Products/Debug-iphonesimulator -F /Applications/Xcode.app/Contents/Developer/Platforms/iPhoneSimulator.platform/Developer/Library/Frameworks -F /Applications/Xcode.app/Contents/Developer/Platforms/iPhoneSimulator.platform/Developer/SDKs/iPhoneSimulator26.2.sdk/Developer/Library/Frameworks -c -j10 -enable-batch-mode -incremental -Xcc -ivfsstatcache -Xcc /Users/hem/Library/Developer/Xcode/DerivedData/SDKStatCaches.noindex/iphonesimulator26.2-23C53-7d00a8b37fbd7999ea79df8ebc024bf0.sdkstatcache -output-file-map /Users/hem/Library/Developer/Xcode/DerivedData/FocusBlox-awtxlldmubwqcwggsrfosewjcyoq/Build/Intermediates.noindex/FocusBlox.build/Debug-iphonesimulator/FocusBloxUITests.build/Objects-normal/arm64/FocusBloxUITests-OutputFileMap.json -use-frontend-parseable-output -save-temps -no-color-diagnostics -explicit-module-build -module-cache-path /Users/hem/Library/Developer/Xcode/DerivedData/FocusBlox-awtxlldmubwqcwggsrfosewjcyoq/Build/Intermediates.noindex/SwiftExplicitPrecompiledModules -clang-scanner-module-cache-path /Users/hem/Library/Developer/Xcode/DerivedData/ModuleCache.noindex -sdk-module-cache-path /Users/hem/Library/Developer/Xcode/DerivedData/ModuleCache.noindex -serialize-diagnostics -emit-dependencies -emit-module -emit-module-path /Users/hem/Library/Developer/Xcode/DerivedData/FocusBlox-awtxlldmubwqcwggsrfosewjcyoq/Build/Intermediates.noindex/FocusBlox.build/Debug-iphonesimulator/FocusBloxUITests.build/Objects-normal/arm64/FocusBloxUITests.swiftmodule -validate-clang-modules-once -clang-build-session-file /Users/hem/Library/Developer/Xcode/DerivedData/ModuleCache.noindex/Session.modulevalidation -Xcc -I/Users/hem/Library/Developer/Xcode/DerivedData/FocusBlox-awtxlldmubwqcwggsrfosewjcyoq/Build/Intermediates.noindex/FocusBlox.build/Debug-iphonesimulator/FocusBloxUITests.build/swift-overrides.hmap -emit-const-values -Xfrontend -const-gather-protocols-file -Xfrontend /Users/hem/Library/Developer/Xcode/DerivedData/FocusBlox-awtxlldmubwqcwggsrfosewjcyoq/Build/Intermediates.noindex/FocusBlox.build/Debug-iphonesimulator/FocusBloxUITests.build/Objects-normal/arm64/FocusBloxUITests_const_extract_protocols.json -Xcc -iquote -Xcc /Users/hem/Library/Developer/Xcode/DerivedData/FocusBlox-awtxlldmubwqcwggsrfosewjcyoq/Build/Intermediates.noindex/FocusBlox.build/Debug-iphonesimulator/FocusBloxUITests.build/FocusBloxUITests-generated-files.hmap -Xcc -I/Users/hem/Library/Developer/Xcode/DerivedData/FocusBlox-awtxlldmubwqcwggsrfosewjcyoq/Build/Intermediates.noindex/FocusBlox.build/Debug-iphonesimulator/FocusBloxUITests.build/FocusBloxUITests-own-target-headers.hmap -Xcc -I/Users/hem/Library/Developer/Xcode/DerivedData/FocusBlox-awtxlldmubwqcwggsrfosewjcyoq/Build/Intermediates.noindex/FocusBlox.build/Debug-iphonesimulator/FocusBloxUITests.build/FocusBloxUITests-all-target-headers.hmap -Xcc -iquote -Xcc /Users/hem/Library/Developer/Xcode/DerivedData/FocusBlox-awtxlldmubwqcwggsrfosewjcyoq/Build/Intermediates.noindex/FocusBlox.build/Debug-iphonesimulator/FocusBloxUITests.build/FocusBloxUITests-project-headers.hmap -Xcc -I/Users/hem/Library/Developer/Xcode/DerivedData/FocusBlox-awtxlldmubwqcwggsrfosewjcyoq/Build/Products/Debug-iphonesimulator/include -Xcc -I/Users/hem/Library/Developer/Xcode/DerivedData/FocusBlox-awtxlldmubwqcwggsrfosewjcyoq/Build/Intermediates.noindex/FocusBlox.build/Debug-iphonesimulator/FocusBloxUITests.build/DerivedSources-normal/arm64 -Xcc -I/Users/hem/Library/Developer/Xcode/DerivedData/FocusBlox-awtxlldmubwqcwggsrfosewjcyoq/Build/Intermediates.noindex/FocusBlox.build/Debug-iphonesimulator/FocusBloxUITests.build/DerivedSources/arm64 -Xcc -I/Users/hem/Library/Developer/Xcode/DerivedData/FocusBlox-awtxlldmubwqcwggsrfosewjcyoq/Build/Intermediates.noindex/FocusBlox.build/Debug-iphonesimulator/FocusBloxUITests.build/DerivedSources -Xcc -DDEBUG\=1 -emit-objc-header -emit-objc-header-path /Users/hem/Library/Developer/Xcode/DerivedData/FocusBlox-awtxlldmubwqcwggsrfosewjcyoq/Build/Intermediates.noindex/FocusBlox.build/Debug-iphonesimulator/FocusBloxUITests.build/Objects-normal/arm64/FocusBloxUITests-Swift.h -working-directory /Users/hem/Documents/opt/my-daily-sprints -experimental-emit-module-separately -disable-cmo

Copy /Users/hem/Library/Developer/Xcode/DerivedData/FocusBlox-awtxlldmubwqcwggsrfosewjcyoq/Build/Products/Debug-iphonesimulator/FocusBloxUITests.swiftmodule/arm64-apple-ios-simulator.swiftmodule /Users/hem/Library/Developer/Xcode/DerivedData/FocusBlox-awtxlldmubwqcwggsrfosewjcyoq/Build/Intermediates.noindex/FocusBlox.build/Debug-iphonesimulator/FocusBloxUITests.build/Objects-normal/arm64/FocusBloxUITests.swiftmodule (in target 'FocusBloxUITests' from project 'FocusBlox')
    cd /Users/hem/Documents/opt/my-daily-sprints
    builtin-copy -exclude .DS_Store -exclude CVS -exclude .svn -exclude .git -exclude .hg -resolve-src-symlinks -rename /Users/hem/Library/Developer/Xcode/DerivedData/FocusBlox-awtxlldmubwqcwggsrfosewjcyoq/Build/Intermediates.noindex/FocusBlox.build/Debug-iphonesimulator/FocusBloxUITests.build/Objects-normal/arm64/FocusBloxUITests.swiftmodule /Users/hem/Library/Developer/Xcode/DerivedData/FocusBlox-awtxlldmubwqcwggsrfosewjcyoq/Build/Products/Debug-iphonesimulator/FocusBloxUITests.swiftmodule/arm64-apple-ios-simulator.swiftmodule

Ld /Users/hem/Library/Developer/Xcode/DerivedData/FocusBlox-awtxlldmubwqcwggsrfosewjcyoq/Build/Products/Debug-iphonesimulator/FocusBloxUITests-Runner.app/PlugIns/FocusBloxUITests.xctest/FocusBloxUITests normal (in target 'FocusBloxUITests' from project 'FocusBlox')
    cd /Users/hem/Documents/opt/my-daily-sprints
    /Applications/Xcode.app/Contents/Developer/Toolchains/XcodeDefault.xctoolchain/usr/bin/clang -Xlinker -reproducible -target arm64-apple-ios26.2-simulator -bundle -isysroot /Applications/Xcode.app/Contents/Developer/Platforms/iPhoneSimulator.platform/Developer/SDKs/iPhoneSimulator26.2.sdk -O0 -L/Users/hem/Library/Developer/Xcode/DerivedData/FocusBlox-awtxlldmubwqcwggsrfosewjcyoq/Build/Intermediates.noindex/EagerLinkingTBDs/Debug-iphonesimulator -L/Users/hem/Library/Developer/Xcode/DerivedData/FocusBlox-awtxlldmubwqcwggsrfosewjcyoq/Build/Products/Debug-iphonesimulator -L/Applications/Xcode.app/Contents/Developer/Platforms/iPhoneSimulator.platform/Developer/usr/lib -F/Users/hem/Library/Developer/Xcode/DerivedData/FocusBlox-awtxlldmubwqcwggsrfosewjcyoq/Build/Intermediates.noindex/EagerLinkingTBDs/Debug-iphonesimulator -F/Users/hem/Library/Developer/Xcode/DerivedData/FocusBlox-awtxlldmubwqcwggsrfosewjcyoq/Build/Products/Debug-iphonesimulator -iframework /Applications/Xcode.app/Contents/Developer/Platforms/iPhoneSimulator.platform/Developer/Library/Frameworks -iframework /Applications/Xcode.app/Contents/Developer/Platforms/iPhoneSimulator.platform/Developer/SDKs/iPhoneSimulator26.2.sdk/Developer/Library/Frameworks -filelist /Users/hem/Library/Developer/Xcode/DerivedData/FocusBlox-awtxlldmubwqcwggsrfosewjcyoq/Build/Intermediates.noindex/FocusBlox.build/Debug-iphonesimulator/FocusBloxUITests.build/Objects-normal/arm64/FocusBloxUITests.LinkFileList -Xlinker -rpath -Xlinker @loader_path/Frameworks -Xlinker -rpath -Xlinker @executable_path/Frameworks -dead_strip -Xlinker -object_path_lto -Xlinker /Users/hem/Library/Developer/Xcode/DerivedData/FocusBlox-awtxlldmubwqcwggsrfosewjcyoq/Build/Intermediates.noindex/FocusBlox.build/Debug-iphonesimulator/FocusBloxUITests.build/Objects-normal/arm64/FocusBloxUITests_lto.o -rdynamic -Xlinker -no_deduplicate -Xlinker -objc_abi_version -Xlinker 2 -Xlinker -debug_variant -Xlinker -dependency_info -Xlinker /Users/hem/Library/Developer/Xcode/DerivedData/FocusBlox-awtxlldmubwqcwggsrfosewjcyoq/Build/Intermediates.noindex/FocusBlox.build/Debug-iphonesimulator/FocusBloxUITests.build/Objects-normal/arm64/FocusBloxUITests_dependency_info.dat -fobjc-link-runtime -fprofile-instr-generate -L/Applications/Xcode.app/Contents/Developer/Toolchains/XcodeDefault.xctoolchain/usr/lib/swift/iphonesimulator -L/usr/lib/swift -Xlinker -add_ast_path -Xlinker /Users/hem/Library/Developer/Xcode/DerivedData/FocusBlox-awtxlldmubwqcwggsrfosewjcyoq/Build/Intermediates.noindex/FocusBlox.build/Debug-iphonesimulator/FocusBloxUITests.build/Objects-normal/arm64/FocusBloxUITests.swiftmodule @/Users/hem/Library/Developer/Xcode/DerivedData/FocusBlox-awtxlldmubwqcwggsrfosewjcyoq/Build/Intermediates.noindex/FocusBlox.build/Debug-iphonesimulator/FocusBloxUITests.build/Objects-normal/arm64/FocusBloxUITests-linker-args.resp -Xlinker -needed_framework -Xlinker XCTest -framework XCTest -Xlinker -needed-lXCTestSwiftSupport -lXCTestSwiftSupport -Xlinker -sectcreate -Xlinker __TEXT -Xlinker __entitlements -Xlinker /Users/hem/Library/Developer/Xcode/DerivedData/FocusBlox-awtxlldmubwqcwggsrfosewjcyoq/Build/Intermediates.noindex/FocusBlox.build/Debug-iphonesimulator/FocusBloxUITests.build/FocusBloxUITests.xctest-Simulated.xcent -Xlinker -sectcreate -Xlinker __TEXT -Xlinker __ents_der -Xlinker /Users/hem/Library/Developer/Xcode/DerivedData/FocusBlox-awtxlldmubwqcwggsrfosewjcyoq/Build/Intermediates.noindex/FocusBlox.build/Debug-iphonesimulator/FocusBloxUITests.build/FocusBloxUITests.xctest-Simulated.xcent.der -Xlinker -no_adhoc_codesign -o /Users/hem/Library/Developer/Xcode/DerivedData/FocusBlox-awtxlldmubwqcwggsrfosewjcyoq/Build/Products/Debug-iphonesimulator/FocusBloxUITests-Runner.app/PlugIns/FocusBloxUITests.xctest/FocusBloxUITests

Copy /Users/hem/Library/Developer/Xcode/DerivedData/FocusBlox-awtxlldmubwqcwggsrfosewjcyoq/Build/Products/Debug-iphonesimulator/FocusBloxUITests.swiftmodule/arm64-apple-ios-simulator.abi.json /Users/hem/Library/Developer/Xcode/DerivedData/FocusBlox-awtxlldmubwqcwggsrfosewjcyoq/Build/Intermediates.noindex/FocusBlox.build/Debug-iphonesimulator/FocusBloxUITests.build/Objects-normal/arm64/FocusBloxUITests.abi.json (in target 'FocusBloxUITests' from project 'FocusBlox')
    cd /Users/hem/Documents/opt/my-daily-sprints
    builtin-copy -exclude .DS_Store -exclude CVS -exclude .svn -exclude .git -exclude .hg -resolve-src-symlinks -rename /Users/hem/Library/Developer/Xcode/DerivedData/FocusBlox-awtxlldmubwqcwggsrfosewjcyoq/Build/Intermediates.noindex/FocusBlox.build/Debug-iphonesimulator/FocusBloxUITests.build/Objects-normal/arm64/FocusBloxUITests.abi.json /Users/hem/Library/Developer/Xcode/DerivedData/FocusBlox-awtxlldmubwqcwggsrfosewjcyoq/Build/Products/Debug-iphonesimulator/FocusBloxUITests.swiftmodule/arm64-apple-ios-simulator.abi.json

Copy /Users/hem/Library/Developer/Xcode/DerivedData/FocusBlox-awtxlldmubwqcwggsrfosewjcyoq/Build/Products/Debug-iphonesimulator/FocusBloxUITests.swiftmodule/Project/arm64-apple-ios-simulator.swiftsourceinfo /Users/hem/Library/Developer/Xcode/DerivedData/FocusBlox-awtxlldmubwqcwggsrfosewjcyoq/Build/Intermediates.noindex/FocusBlox.build/Debug-iphonesimulator/FocusBloxUITests.build/Objects-normal/arm64/FocusBloxUITests.swiftsourceinfo (in target 'FocusBloxUITests' from project 'FocusBlox')
    cd /Users/hem/Documents/opt/my-daily-sprints
    builtin-copy -exclude .DS_Store -exclude CVS -exclude .svn -exclude .git -exclude .hg -resolve-src-symlinks -rename /Users/hem/Library/Developer/Xcode/DerivedData/FocusBlox-awtxlldmubwqcwggsrfosewjcyoq/Build/Intermediates.noindex/FocusBlox.build/Debug-iphonesimulator/FocusBloxUITests.build/Objects-normal/arm64/FocusBloxUITests.swiftsourceinfo /Users/hem/Library/Developer/Xcode/DerivedData/FocusBlox-awtxlldmubwqcwggsrfosewjcyoq/Build/Products/Debug-iphonesimulator/FocusBloxUITests.swiftmodule/Project/arm64-apple-ios-simulator.swiftsourceinfo

CopySwiftLibs /Users/hem/Library/Developer/Xcode/DerivedData/FocusBlox-awtxlldmubwqcwggsrfosewjcyoq/Build/Products/Debug-iphonesimulator/FocusBloxUITests-Runner.app/PlugIns/FocusBloxUITests.xctest (in target 'FocusBloxUITests' from project 'FocusBlox')
    cd /Users/hem/Documents/opt/my-daily-sprints
    builtin-swiftStdLibTool --copy --verbose --sign - --scan-executable /Users/hem/Library/Developer/Xcode/DerivedData/FocusBlox-awtxlldmubwqcwggsrfosewjcyoq/Build/Products/Debug-iphonesimulator/FocusBloxUITests-Runner.app/PlugIns/FocusBloxUITests.xctest/FocusBloxUITests --scan-folder /Users/hem/Library/Developer/Xcode/DerivedData/FocusBlox-awtxlldmubwqcwggsrfosewjcyoq/Build/Products/Debug-iphonesimulator/FocusBloxUITests-Runner.app/PlugIns/FocusBloxUITests.xctest/Frameworks --scan-folder /Users/hem/Library/Developer/Xcode/DerivedData/FocusBlox-awtxlldmubwqcwggsrfosewjcyoq/Build/Products/Debug-iphonesimulator/FocusBloxUITests-Runner.app/PlugIns/FocusBloxUITests.xctest/PlugIns --scan-folder /Users/hem/Library/Developer/Xcode/DerivedData/FocusBlox-awtxlldmubwqcwggsrfosewjcyoq/Build/Products/Debug-iphonesimulator/FocusBloxUITests-Runner.app/PlugIns/FocusBloxUITests.xctest/SystemExtensions --scan-folder /Users/hem/Library/Developer/Xcode/DerivedData/FocusBlox-awtxlldmubwqcwggsrfosewjcyoq/Build/Products/Debug-iphonesimulator/FocusBloxUITests-Runner.app/PlugIns/FocusBloxUITests.xctest/Extensions --platform iphonesimulator --toolchain /Applications/Xcode.app/Contents/Developer/Toolchains/XcodeDefault.xctoolchain --destination /Users/hem/Library/Developer/Xcode/DerivedData/FocusBlox-awtxlldmubwqcwggsrfosewjcyoq/Build/Products/Debug-iphonesimulator/FocusBloxUITests-Runner.app/PlugIns/FocusBloxUITests.xctest/Frameworks --strip-bitcode --scan-executable /Applications/Xcode.app/Contents/Developer/Platforms/iPhoneSimulator.platform/Developer/usr/lib/libXCTestSwiftSupport.dylib --strip-bitcode-tool /Applications/Xcode.app/Contents/Developer/Toolchains/XcodeDefault.xctoolchain/usr/bin/bitcode_strip --emit-dependency-info /Users/hem/Library/Developer/Xcode/DerivedData/FocusBlox-awtxlldmubwqcwggsrfosewjcyoq/Build/Intermediates.noindex/FocusBlox.build/Debug-iphonesimulator/FocusBloxUITests.build/SwiftStdLibToolInputDependencies.dep --filter-for-swift-os

ExtractAppIntentsMetadata (in target 'FocusBloxUITests' from project 'FocusBlox')
    cd /Users/hem/Documents/opt/my-daily-sprints
    /Applications/Xcode.app/Contents/Developer/Toolchains/XcodeDefault.xctoolchain/usr/bin/appintentsmetadataprocessor --toolchain-dir /Applications/Xcode.app/Contents/Developer/Toolchains/XcodeDefault.xctoolchain --module-name FocusBloxUITests --sdk-root /Applications/Xcode.app/Contents/Developer/Platforms/iPhoneSimulator.platform/Developer/SDKs/iPhoneSimulator26.2.sdk --xcode-version 17C52 --platform-family iOS --deployment-target 26.2 --bundle-identifier com.henning.timebox.uitests --output /Users/hem/Library/Developer/Xcode/DerivedData/FocusBlox-awtxlldmubwqcwggsrfosewjcyoq/Build/Products/Debug-iphonesimulator/FocusBloxUITests-Runner.app/PlugIns/FocusBloxUITests.xctest --target-triple arm64-apple-ios26.2-simulator --binary-file /Users/hem/Library/Developer/Xcode/DerivedData/FocusBlox-awtxlldmubwqcwggsrfosewjcyoq/Build/Products/Debug-iphonesimulator/FocusBloxUITests-Runner.app/PlugIns/FocusBloxUITests.xctest/FocusBloxUITests --dependency-file /Users/hem/Library/Developer/Xcode/DerivedData/FocusBlox-awtxlldmubwqcwggsrfosewjcyoq/Build/Intermediates.noindex/FocusBlox.build/Debug-iphonesimulator/FocusBloxUITests.build/Objects-normal/arm64/FocusBloxUITests_dependency_info.dat --stringsdata-file /Users/hem/Library/Developer/Xcode/DerivedData/FocusBlox-awtxlldmubwqcwggsrfosewjcyoq/Build/Intermediates.noindex/FocusBlox.build/Debug-iphonesimulator/FocusBloxUITests.build/Objects-normal/arm64/ExtractedAppShortcutsMetadata.stringsdata --source-file-list /Users/hem/Library/Developer/Xcode/DerivedData/FocusBlox-awtxlldmubwqcwggsrfosewjcyoq/Build/Intermediates.noindex/FocusBlox.build/Debug-iphonesimulator/FocusBloxUITests.build/Objects-normal/arm64/FocusBloxUITests.SwiftFileList --metadata-file-list /Users/hem/Library/Developer/Xcode/DerivedData/FocusBlox-awtxlldmubwqcwggsrfosewjcyoq/Build/Intermediates.noindex/FocusBlox.build/Debug-iphonesimulator/FocusBloxUITests.build/FocusBloxUITests.DependencyMetadataFileList --static-metadata-file-list /Users/hem/Library/Developer/Xcode/DerivedData/FocusBlox-awtxlldmubwqcwggsrfosewjcyoq/Build/Intermediates.noindex/FocusBlox.build/Debug-iphonesimulator/FocusBloxUITests.build/FocusBloxUITests.DependencyStaticMetadataFileList --swift-const-vals-list /Users/hem/Library/Developer/Xcode/DerivedData/FocusBlox-awtxlldmubwqcwggsrfosewjcyoq/Build/Intermediates.noindex/FocusBlox.build/Debug-iphonesimulator/FocusBloxUITests.build/Objects-normal/arm64/FocusBloxUITests.SwiftConstValuesFileList --compile-time-extraction --deployment-aware-processing --validate-assistant-intents --no-app-shortcuts-localization
2026-02-01 20:31:56.137 appintentsmetadataprocessor[69943:46877582] Starting appintentsmetadataprocessor export
2026-02-01 20:31:56.138 appintentsmetadataprocessor[69943:46877582] warning: Metadata extraction skipped. No AppIntents.framework dependency found.

CodeSign /Users/hem/Library/Developer/Xcode/DerivedData/FocusBlox-awtxlldmubwqcwggsrfosewjcyoq/Build/Products/Debug-iphonesimulator/FocusBloxUITests-Runner.app/PlugIns/FocusBloxUITests.xctest (in target 'FocusBloxUITests' from project 'FocusBlox')
    cd /Users/hem/Documents/opt/my-daily-sprints
    
    Signing Identity:     "Sign to Run Locally"
    
    /usr/bin/codesign --force --sign - --timestamp\=none --generate-entitlement-der /Users/hem/Library/Developer/Xcode/DerivedData/FocusBlox-awtxlldmubwqcwggsrfosewjcyoq/Build/Products/Debug-iphonesimulator/FocusBloxUITests-Runner.app/PlugIns/FocusBloxUITests.xctest

CodeSign /Users/hem/Library/Developer/Xcode/DerivedData/FocusBlox-awtxlldmubwqcwggsrfosewjcyoq/Build/Products/Debug-iphonesimulator/FocusBloxUITests-Runner.app (in target 'FocusBloxUITests' from project 'FocusBlox')
    cd /Users/hem/Documents/opt/my-daily-sprints
    
    Signing Identity:     "Sign to Run Locally"
    
    /usr/bin/codesign --force --sign - --timestamp\=none --generate-entitlement-der /Users/hem/Library/Developer/Xcode/DerivedData/FocusBlox-awtxlldmubwqcwggsrfosewjcyoq/Build/Products/Debug-iphonesimulator/FocusBloxUITests-Runner.app
/Users/hem/Library/Developer/Xcode/DerivedData/FocusBlox-awtxlldmubwqcwggsrfosewjcyoq/Build/Products/Debug-iphonesimulator/FocusBloxUITests-Runner.app: replacing existing signature

2026-02-01 20:31:59.618639+0100 FocusBloxUITests-Runner[69954:46877855] [Default] Running tests...
2026-02-01 20:32:00.611053+0100 FocusBloxUITests-Runner[69954:46877915] [General] Failed to send CA Event for app launch measurements for ca_event_type: 0 event_name: com.apple.app_launch_measurement.FirstFramePresentationMetric
    t =      nans Interface orientation changed to Portrait
2026-02-01 20:32:01.331401+0100 FocusBloxUITests-Runner[69954:46877915] [General] Failed to send CA Event for app launch measurements for ca_event_type: 1 event_name: com.apple.app_launch_measurement.ExtendedLaunchMetrics
Test Suite 'Selected tests' started at 2026-02-01 20:32:01.385.
Test Suite 'FocusBloxUITests.xctest' started at 2026-02-01 20:32:01.385.
Test Suite 'DurationChipScrollUITests' started at 2026-02-01 20:32:01.385.
Test Case '-[FocusBloxUITests.DurationChipScrollUITests testDurationChipOpensPicker]' started.
    t =     0.00s Start Test at 2026-02-01 20:32:01.386
    t =     0.06s Set Up
    t =     0.06s     Open com.henning.timebox
    t =     0.06s         Launch com.henning.timebox
    t =     0.97s             Setting up automation session
    t =     1.81s             Wait for com.henning.timebox to idle
    t =     3.68s     Waiting 5.0s for "backlogTab" Button to exist
    t =     4.75s         Checking `Expect predicate `existsNoRetry == 1` for object "backlogTab" Button`
    t =     4.75s             Checking existence of `"backlogTab" Button`
    t =     4.88s             Capturing element debug description
    t =     5.73s         Checking `Expect predicate `existsNoRetry == 1` for object "backlogTab" Button`
    t =     5.73s             Checking existence of `"backlogTab" Button`
    t =     5.79s             Capturing element debug description
    t =     6.76s         Checking `Expect predicate `existsNoRetry == 1` for object "backlogTab" Button`
    t =     6.76s             Checking existence of `"backlogTab" Button`
    t =     6.81s             Capturing element debug description
    t =     7.77s         Checking `Expect predicate `existsNoRetry == 1` for object "backlogTab" Button`
    t =     7.78s             Checking existence of `"backlogTab" Button`
    t =     7.81s             Capturing element debug description
    t =     8.68s         Checking `Expect predicate `existsNoRetry == 1` for object "backlogTab" Button`
    t =     8.68s             Checking existence of `"backlogTab" Button`
    t =     8.72s             Capturing element debug description
    t =     8.72s         Checking existence of `"backlogTab" Button`
    t =     8.76s     Collecting debug information to assist test failure triage
    t =     8.76s         Requesting snapshot of accessibility hierarchy for app with pid 69972
    t =     8.83s Waiting 5.0s for Button (First Match) to exist
    t =     9.90s     Checking `Expect predicate `existsNoRetry == 1` for object Button (First Match)`
    t =     9.90s         Checking existence of `Button (First Match)`
    t =     9.96s Tap Button (First Match)
    t =     9.96s     Wait for com.henning.timebox to idle
    t =     9.96s     Find the Button (First Match)
    t =    10.00s     Check for interrupting elements affecting "durationBadge_BB4F0925-1F3F-40D0-8DC7-CC9C0A5133F4" Button
    t =    10.06s     Synthesize event
    t =    10.36s     Wait for com.henning.timebox to idle
    t =    10.75s Waiting 3.0s for Sheet (First Match) to exist
    t =    11.82s     Checking `Expect predicate `existsNoRetry == 1` for object Sheet (First Match)`
    t =    11.82s         Checking existence of `Sheet (First Match)`
    t =    11.89s         Capturing element debug description
    t =    12.76s     Checking `Expect predicate `existsNoRetry == 1` for object Sheet (First Match)`
    t =    12.76s         Checking existence of `Sheet (First Match)`
    t =    12.85s         Capturing element debug description
    t =    13.76s     Checking `Expect predicate `existsNoRetry == 1` for object Sheet (First Match)`
    t =    13.76s         Checking existence of `Sheet (First Match)`
    t =    13.83s         Capturing element debug description
    t =    13.83s     Checking existence of `Sheet (First Match)`
    t =    13.89s Collecting debug information to assist test failure triage
    t =    13.89s     Requesting snapshot of accessibility hierarchy for app with pid 69972
/Users/hem/Documents/opt/my-daily-sprints/FocusBloxUITests/DurationChipScrollUITests.swift:83: error: -[FocusBloxUITests.DurationChipScrollUITests testDurationChipOpensPicker] : XCTAssertTrue failed - Duration picker sheet should appear after tapping duration badge
    t =    14.15s Tear Down
Test Case '-[FocusBloxUITests.DurationChipScrollUITests testDurationChipOpensPicker]' failed (14.394 seconds).
Test Case '-[FocusBloxUITests.DurationChipScrollUITests testDurationChipTapDoesNotScrollList]' started.
    t =     0.00s Start Test at 2026-02-01 20:32:15.780
    t =     0.02s Set Up
    t =     0.02s     Open com.henning.timebox
    t =     0.02s         Launch com.henning.timebox
    t =     0.02s             Terminate com.henning.timebox:69972
    t =     1.27s             Setting up automation session
    t =     1.97s             Wait for com.henning.timebox to idle
    t =     3.50s     Waiting 5.0s for "backlogTab" Button to exist
    t =     4.58s         Checking `Expect predicate `existsNoRetry == 1` for object "backlogTab" Button`
    t =     4.58s             Checking existence of `"backlogTab" Button`
    t =     4.68s             Capturing element debug description
    t =     5.53s         Checking `Expect predicate `existsNoRetry == 1` for object "backlogTab" Button`
    t =     5.53s             Checking existence of `"backlogTab" Button`
    t =     5.58s             Capturing element debug description
    t =     6.55s         Checking `Expect predicate `existsNoRetry == 1` for object "backlogTab" Button`
    t =     6.55s             Checking existence of `"backlogTab" Button`
    t =     6.60s             Capturing element debug description
    t =     7.56s         Checking `Expect predicate `existsNoRetry == 1` for object "backlogTab" Button`
    t =     7.56s             Checking existence of `"backlogTab" Button`
    t =     7.62s             Capturing element debug description
    t =     8.51s         Checking `Expect predicate `existsNoRetry == 1` for object "backlogTab" Button`
    t =     8.51s             Checking existence of `"backlogTab" Button`
    t =     8.56s             Capturing element debug description
    t =     8.56s         Checking existence of `"backlogTab" Button`
    t =     8.60s     Collecting debug information to assist test failure triage
    t =     8.60s         Requesting snapshot of accessibility hierarchy for app with pid 70016
    t =     8.67s Waiting 5.0s for Button (First Match) to exist
    t =     9.74s     Checking `Expect predicate `existsNoRetry == 1` for object Button (First Match)`
    t =     9.74s         Checking existence of `Button (First Match)`
    t =     9.79s Find the Button (First Match)
    t =     9.84s Tap "durationBadge_BDD89FDB-45D1-45F6-B73C-32BA7E50CF68" Button
    t =     9.84s     Wait for com.henning.timebox to idle
    t =     9.84s     Find the "durationBadge_BDD89FDB-45D1-45F6-B73C-32BA7E50CF68" Button
    t =     9.88s     Check for interrupting elements affecting "durationBadge_BDD89FDB-45D1-45F6-B73C-32BA7E50CF68" Button
    t =     9.92s     Synthesize event
    t =    10.22s     Wait for com.henning.timebox to idle
    t =    10.90s Find the "durationBadge_BDD89FDB-45D1-45F6-B73C-32BA7E50CF68" Button
    t =    10.97s Waiting 3.0s for Sheet (First Match) to exist
    t =    12.03s     Checking `Expect predicate `existsNoRetry == 1` for object Sheet (First Match)`
    t =    12.03s         Checking existence of `Sheet (First Match)`
    t =    12.10s         Capturing element debug description
    t =    13.06s     Checking `Expect predicate `existsNoRetry == 1` for object Sheet (First Match)`
    t =    13.06s         Checking existence of `Sheet (First Match)`
    t =    13.13s         Capturing element debug description
    t =    13.97s     Checking `Expect predicate `existsNoRetry == 1` for object Sheet (First Match)`
    t =    13.97s         Checking existence of `Sheet (First Match)`
    t =    14.04s         Capturing element debug description
    t =    14.04s     Checking existence of `Sheet (First Match)`
    t =    14.10s Collecting debug information to assist test failure triage
    t =    14.10s     Requesting snapshot of accessibility hierarchy for app with pid 70016
/Users/hem/Documents/opt/my-daily-sprints/FocusBloxUITests/DurationChipScrollUITests.swift:65: error: -[FocusBloxUITests.DurationChipScrollUITests testDurationChipTapDoesNotScrollList] : XCTAssertTrue failed - Duration picker sheet should appear
    t =    14.18s Tear Down
Test Case '-[FocusBloxUITests.DurationChipScrollUITests testDurationChipTapDoesNotScrollList]' failed (14.416 seconds).
Test Case '-[FocusBloxUITests.DurationChipScrollUITests testImportanceChipDoesNotScrollList]' started.
    t =     0.00s Start Test at 2026-02-01 20:32:30.196
    t =     0.02s Set Up
    t =     0.02s     Open com.henning.timebox
    t =     0.02s         Launch com.henning.timebox
    t =     0.02s             Terminate com.henning.timebox:70016
    t =     1.32s             Setting up automation session
    t =     2.01s             Wait for com.henning.timebox to idle
    t =     3.54s     Waiting 5.0s for "backlogTab" Button to exist
    t =     4.61s         Checking `Expect predicate `existsNoRetry == 1` for object "backlogTab" Button`
    t =     4.62s             Checking existence of `"backlogTab" Button`
    t =     4.72s             Capturing element debug description
    t =     5.58s         Checking `Expect predicate `existsNoRetry == 1` for object "backlogTab" Button`
    t =     5.58s             Checking existence of `"backlogTab" Button`
    t =     5.63s             Capturing element debug description
    t =     6.59s         Checking `Expect predicate `existsNoRetry == 1` for object "backlogTab" Button`
    t =     6.59s             Checking existence of `"backlogTab" Button`
    t =     6.64s             Capturing element debug description
    t =     7.61s         Checking `Expect predicate `existsNoRetry == 1` for object "backlogTab" Button`
    t =     7.61s             Checking existence of `"backlogTab" Button`
    t =     7.66s             Capturing element debug description
    t =     8.55s         Checking `Expect predicate `existsNoRetry == 1` for object "backlogTab" Button`
    t =     8.55s             Checking existence of `"backlogTab" Button`
    t =     8.60s             Capturing element debug description
    t =     8.60s         Checking existence of `"backlogTab" Button`
    t =     8.64s     Collecting debug information to assist test failure triage
    t =     8.64s         Requesting snapshot of accessibility hierarchy for app with pid 70121
    t =     8.70s Waiting 5.0s for Button (First Match) to exist
    t =     9.76s     Checking `Expect predicate `existsNoRetry == 1` for object Button (First Match)`
    t =     9.76s         Checking existence of `Button (First Match)`
    t =     9.81s Find the Button (First Match)
    t =     9.86s Tap "importanceBadge_18ADC8F8-F197-49A4-8A18-314EE7FD2941" Button
    t =     9.86s     Wait for com.henning.timebox to idle
    t =     9.86s     Find the "importanceBadge_18ADC8F8-F197-49A4-8A18-314EE7FD2941" Button
    t =     9.90s     Check for interrupting elements affecting "importanceBadge_18ADC8F8-F197-49A4-8A18-314EE7FD2941" Button
    t =     9.94s     Synthesize event
    t =    10.24s     Wait for com.henning.timebox to idle
    t =    10.54s Find the "importanceBadge_18ADC8F8-F197-49A4-8A18-314EE7FD2941" Button
    t =    10.60s Tear Down
Test Case '-[FocusBloxUITests.DurationChipScrollUITests testImportanceChipDoesNotScrollList]' passed (10.840 seconds).
Test Suite 'DurationChipScrollUITests' failed at 2026-02-01 20:32:41.036.
	 Executed 3 tests, with 2 failures (0 unexpected) in 39.649 (39.651) seconds
Test Suite 'FocusBloxUITests.xctest' failed at 2026-02-01 20:32:41.037.
	 Executed 3 tests, with 2 failures (0 unexpected) in 39.649 (39.652) seconds
Test Suite 'Selected tests' failed at 2026-02-01 20:32:41.037.
	 Executed 3 tests, with 2 failures (0 unexpected) in 39.649 (39.653) seconds
2026-02-01 20:32:59.967 xcodebuild[69906:46877243] [MT] IDETestOperationsObserverDebug: 63.540 elapsed -- Testing started completed.
2026-02-01 20:32:59.967 xcodebuild[69906:46877243] [MT] IDETestOperationsObserverDebug: 0.000 sec, +0.000 sec -- start
2026-02-01 20:32:59.967 xcodebuild[69906:46877243] [MT] IDETestOperationsObserverDebug: 63.540 sec, +63.540 sec -- end

Test session results, code coverage, and logs:
	/Users/hem/Library/Developer/Xcode/DerivedData/FocusBlox-awtxlldmubwqcwggsrfosewjcyoq/Logs/Test/Test-FocusBlox-2026.02.01_20-31-50-+0100.xcresult

** TEST FAILED **

Testing started
