Command line invocation:
    /Applications/Xcode.app/Contents/Developer/usr/bin/xcodebuild build-for-testing -project TimeBox.xcodeproj -scheme TimeBox -destination "platform=iOS Simulator,name=iPhone 17 Pro"

ComputePackagePrebuildTargetDependencyGraph

Prepare packages

CreateBuildRequest

SendProjectDescription

CreateBuildOperation

ComputeTargetDependencyGraph
note: Building targets in dependency order
note: Target dependency graph (3 targets)
    Target 'TimeBoxUITests' in project 'TimeBox'
        ➜ Explicit dependency on target 'TimeBox' in project 'TimeBox'
    Target 'TimeBoxTests' in project 'TimeBox'
        ➜ Explicit dependency on target 'TimeBox' in project 'TimeBox'
    Target 'TimeBox' in project 'TimeBox' (no dependencies)

GatherProvisioningInputs

CreateBuildDescription

ClangStatCache /Applications/Xcode.app/Contents/Developer/Toolchains/XcodeDefault.xctoolchain/usr/bin/clang-stat-cache /Applications/Xcode.app/Contents/Developer/Platforms/iPhoneSimulator.platform/Developer/SDKs/iPhoneSimulator26.2.sdk /Users/hem/Library/Developer/Xcode/DerivedData/SDKStatCaches.noindex/iphonesimulator26.2-23C53-7d00a8b37fbd7999ea79df8ebc024bf0.sdkstatcache
    cd /Users/hem/Documents/opt/my-daily-sprints/TimeBox/TimeBox.xcodeproj
    /Applications/Xcode.app/Contents/Developer/Toolchains/XcodeDefault.xctoolchain/usr/bin/clang-stat-cache /Applications/Xcode.app/Contents/Developer/Platforms/iPhoneSimulator.platform/Developer/SDKs/iPhoneSimulator26.2.sdk -o /Users/hem/Library/Developer/Xcode/DerivedData/SDKStatCaches.noindex/iphonesimulator26.2-23C53-7d00a8b37fbd7999ea79df8ebc024bf0.sdkstatcache

SwiftDriver TimeBoxTests normal arm64 com.apple.xcode.tools.swift.compiler (in target 'TimeBoxTests' from project 'TimeBox')
    cd /Users/hem/Documents/opt/my-daily-sprints/TimeBox
    builtin-SwiftDriver -- /Applications/Xcode.app/Contents/Developer/Toolchains/XcodeDefault.xctoolchain/usr/bin/swiftc -module-name TimeBoxTests -Onone -enforce-exclusivity\=checked @/Users/hem/Library/Developer/Xcode/DerivedData/TimeBox-bsjmcdsflgpdivgxidgxnaahhzjo/Build/Intermediates.noindex/TimeBox.build/Debug-iphonesimulator/TimeBoxTests.build/Objects-normal/arm64/TimeBoxTests.SwiftFileList -DDEBUG -plugin-path /Applications/Xcode.app/Contents/Developer/Toolchains/XcodeDefault.xctoolchain/usr/lib/swift/host/plugins/testing -enable-experimental-feature DebugDescriptionMacro -sdk /Applications/Xcode.app/Contents/Developer/Platforms/iPhoneSimulator.platform/Developer/SDKs/iPhoneSimulator26.2.sdk -target arm64-apple-ios17.0-simulator -g -module-cache-path /Users/hem/Library/Developer/Xcode/DerivedData/ModuleCache.noindex -Xfrontend -serialize-debugging-options -profile-coverage-mapping -profile-generate -enable-testing -index-store-path /Users/hem/Library/Developer/Xcode/DerivedData/TimeBox-bsjmcdsflgpdivgxidgxnaahhzjo/Index.noindex/DataStore -Xcc -D_LIBCPP_HARDENING_MODE\=_LIBCPP_HARDENING_MODE_DEBUG -swift-version 6 -I /Users/hem/Library/Developer/Xcode/DerivedData/TimeBox-bsjmcdsflgpdivgxidgxnaahhzjo/Build/Products/Debug-iphonesimulator -Isystem /Applications/Xcode.app/Contents/Developer/Platforms/iPhoneSimulator.platform/Developer/usr/lib -F /Users/hem/Library/Developer/Xcode/DerivedData/TimeBox-bsjmcdsflgpdivgxidgxnaahhzjo/Build/Products/Debug-iphonesimulator -F /Applications/Xcode.app/Contents/Developer/Platforms/iPhoneSimulator.platform/Developer/Library/Frameworks -F /Applications/Xcode.app/Contents/Developer/Platforms/iPhoneSimulator.platform/Developer/SDKs/iPhoneSimulator26.2.sdk/Developer/Library/Frameworks -c -j10 -enable-batch-mode -incremental -Xcc -ivfsstatcache -Xcc /Users/hem/Library/Developer/Xcode/DerivedData/SDKStatCaches.noindex/iphonesimulator26.2-23C53-7d00a8b37fbd7999ea79df8ebc024bf0.sdkstatcache -output-file-map /Users/hem/Library/Developer/Xcode/DerivedData/TimeBox-bsjmcdsflgpdivgxidgxnaahhzjo/Build/Intermediates.noindex/TimeBox.build/Debug-iphonesimulator/TimeBoxTests.build/Objects-normal/arm64/TimeBoxTests-OutputFileMap.json -use-frontend-parseable-output -save-temps -no-color-diagnostics -explicit-module-build -module-cache-path /Users/hem/Library/Developer/Xcode/DerivedData/TimeBox-bsjmcdsflgpdivgxidgxnaahhzjo/Build/Intermediates.noindex/SwiftExplicitPrecompiledModules -clang-scanner-module-cache-path /Users/hem/Library/Developer/Xcode/DerivedData/ModuleCache.noindex -sdk-module-cache-path /Users/hem/Library/Developer/Xcode/DerivedData/ModuleCache.noindex -serialize-diagnostics -emit-dependencies -emit-module -emit-module-path /Users/hem/Library/Developer/Xcode/DerivedData/TimeBox-bsjmcdsflgpdivgxidgxnaahhzjo/Build/Intermediates.noindex/TimeBox.build/Debug-iphonesimulator/TimeBoxTests.build/Objects-normal/arm64/TimeBoxTests.swiftmodule -validate-clang-modules-once -clang-build-session-file /Users/hem/Library/Developer/Xcode/DerivedData/ModuleCache.noindex/Session.modulevalidation -Xcc -I/Users/hem/Library/Developer/Xcode/DerivedData/TimeBox-bsjmcdsflgpdivgxidgxnaahhzjo/Build/Intermediates.noindex/TimeBox.build/Debug-iphonesimulator/TimeBoxTests.build/swift-overrides.hmap -emit-const-values -Xfrontend -const-gather-protocols-file -Xfrontend /Users/hem/Library/Developer/Xcode/DerivedData/TimeBox-bsjmcdsflgpdivgxidgxnaahhzjo/Build/Intermediates.noindex/TimeBox.build/Debug-iphonesimulator/TimeBoxTests.build/Objects-normal/arm64/TimeBoxTests_const_extract_protocols.json -Xcc -iquote -Xcc /Users/hem/Library/Developer/Xcode/DerivedData/TimeBox-bsjmcdsflgpdivgxidgxnaahhzjo/Build/Intermediates.noindex/TimeBox.build/Debug-iphonesimulator/TimeBoxTests.build/TimeBoxTests-generated-files.hmap -Xcc -I/Users/hem/Library/Developer/Xcode/DerivedData/TimeBox-bsjmcdsflgpdivgxidgxnaahhzjo/Build/Intermediates.noindex/TimeBox.build/Debug-iphonesimulator/TimeBoxTests.build/TimeBoxTests-own-target-headers.hmap -Xcc -I/Users/hem/Library/Developer/Xcode/DerivedData/TimeBox-bsjmcdsflgpdivgxidgxnaahhzjo/Build/Intermediates.noindex/TimeBox.build/Debug-iphonesimulator/TimeBoxTests.build/TimeBoxTests-all-target-headers.hmap -Xcc -iquote -Xcc /Users/hem/Library/Developer/Xcode/DerivedData/TimeBox-bsjmcdsflgpdivgxidgxnaahhzjo/Build/Intermediates.noindex/TimeBox.build/Debug-iphonesimulator/TimeBoxTests.build/TimeBoxTests-project-headers.hmap -Xcc -I/Users/hem/Library/Developer/Xcode/DerivedData/TimeBox-bsjmcdsflgpdivgxidgxnaahhzjo/Build/Products/Debug-iphonesimulator/include -Xcc -I/Users/hem/Library/Developer/Xcode/DerivedData/TimeBox-bsjmcdsflgpdivgxidgxnaahhzjo/Build/Intermediates.noindex/TimeBox.build/Debug-iphonesimulator/TimeBoxTests.build/DerivedSources-normal/arm64 -Xcc -I/Users/hem/Library/Developer/Xcode/DerivedData/TimeBox-bsjmcdsflgpdivgxidgxnaahhzjo/Build/Intermediates.noindex/TimeBox.build/Debug-iphonesimulator/TimeBoxTests.build/DerivedSources/arm64 -Xcc -I/Users/hem/Library/Developer/Xcode/DerivedData/TimeBox-bsjmcdsflgpdivgxidgxnaahhzjo/Build/Intermediates.noindex/TimeBox.build/Debug-iphonesimulator/TimeBoxTests.build/DerivedSources -Xcc -DDEBUG\=1 -emit-objc-header -emit-objc-header-path /Users/hem/Library/Developer/Xcode/DerivedData/TimeBox-bsjmcdsflgpdivgxidgxnaahhzjo/Build/Intermediates.noindex/TimeBox.build/Debug-iphonesimulator/TimeBoxTests.build/Objects-normal/arm64/TimeBoxTests-Swift.h -working-directory /Users/hem/Documents/opt/my-daily-sprints/TimeBox -experimental-emit-module-separately -disable-cmo

SwiftCompile normal arm64 Compiling\ SyncEngineTests.swift /Users/hem/Documents/opt/my-daily-sprints/TimeBox/TimeBoxTests/SyncEngineTests.swift (in target 'TimeBoxTests' from project 'TimeBox')

SwiftCompile normal arm64 /Users/hem/Documents/opt/my-daily-sprints/TimeBox/TimeBoxTests/SyncEngineTests.swift (in target 'TimeBoxTests' from project 'TimeBox')
    cd /Users/hem/Documents/opt/my-daily-sprints/TimeBox
    

SwiftEmitModule normal arm64 Emitting\ module\ for\ TimeBoxTests (in target 'TimeBoxTests' from project 'TimeBox')

EmitSwiftModule normal arm64 (in target 'TimeBoxTests' from project 'TimeBox')
    cd /Users/hem/Documents/opt/my-daily-sprints/TimeBox
    

SwiftCompile normal arm64 Compiling\ EventKitRepositoryTests.swift /Users/hem/Documents/opt/my-daily-sprints/TimeBox/TimeBoxTests/EventKitRepositoryTests.swift (in target 'TimeBoxTests' from project 'TimeBox')
Failed frontend command:
/Applications/Xcode.app/Contents/Developer/Toolchains/XcodeDefault.xctoolchain/usr/bin/swift-frontend -frontend -c -primary-file /Users/hem/Documents/opt/my-daily-sprints/TimeBox/TimeBoxTests/EventKitRepositoryTests.swift /Users/hem/Documents/opt/my-daily-sprints/TimeBox/TimeBoxTests/SyncEngineTests.swift -emit-dependencies-path /Users/hem/Library/Developer/Xcode/DerivedData/TimeBox-bsjmcdsflgpdivgxidgxnaahhzjo/Build/Intermediates.noindex/TimeBox.build/Debug-iphonesimulator/TimeBoxTests.build/Objects-normal/arm64/EventKitRepositoryTests.d -emit-const-values-path /Users/hem/Library/Developer/Xcode/DerivedData/TimeBox-bsjmcdsflgpdivgxidgxnaahhzjo/Build/Intermediates.noindex/TimeBox.build/Debug-iphonesimulator/TimeBoxTests.build/Objects-normal/arm64/EventKitRepositoryTests.swiftconstvalues -emit-reference-dependencies-path /Users/hem/Library/Developer/Xcode/DerivedData/TimeBox-bsjmcdsflgpdivgxidgxnaahhzjo/Build/Intermediates.noindex/TimeBox.build/Debug-iphonesimulator/TimeBoxTests.build/Objects-normal/arm64/EventKitRepositoryTests.swiftdeps -serialize-diagnostics-path /Users/hem/Library/Developer/Xcode/DerivedData/TimeBox-bsjmcdsflgpdivgxidgxnaahhzjo/Build/Intermediates.noindex/TimeBox.build/Debug-iphonesimulator/TimeBoxTests.build/Objects-normal/arm64/EventKitRepositoryTests.dia -target arm64-apple-ios17.0-simulator -load-resolved-plugin /Applications/Xcode.app/Contents/Developer/Platforms/iPhoneOS.platform/Developer/usr/lib/swift/host/plugins/libFoundationMacros.dylib\#/Applications/Xcode.app/Contents/Developer/Platforms/iPhoneOS.platform/Developer/usr/bin/swift-plugin-server\#FoundationMacros -load-resolved-plugin /Applications/Xcode.app/Contents/Developer/Platforms/iPhoneOS.platform/Developer/usr/lib/swift/host/plugins/libObservationMacros.dylib\#/Applications/Xcode.app/Contents/Developer/Platforms/iPhoneOS.platform/Developer/usr/bin/swift-plugin-server\#ObservationMacros -load-resolved-plugin /Applications/Xcode.app/Contents/Developer/Platforms/iPhoneOS.platform/Developer/usr/lib/swift/host/plugins/libPreviewsMacros.dylib\#/Applications/Xcode.app/Contents/Developer/Platforms/iPhoneOS.platform/Developer/usr/bin/swift-plugin-server\#PreviewsMacros -load-resolved-plugin /Applications/Xcode.app/Contents/Developer/Platforms/iPhoneOS.platform/Developer/usr/lib/swift/host/plugins/libSwiftDataMacros.dylib\#/Applications/Xcode.app/Contents/Developer/Platforms/iPhoneOS.platform/Developer/usr/bin/swift-plugin-server\#SwiftDataMacros -load-resolved-plugin /Applications/Xcode.app/Contents/Developer/Platforms/iPhoneOS.platform/Developer/usr/lib/swift/host/plugins/libSwiftMacros.dylib\#/Applications/Xcode.app/Contents/Developer/Platforms/iPhoneOS.platform/Developer/usr/bin/swift-plugin-server\#SwiftMacros -load-resolved-plugin /Applications/Xcode.app/Contents/Developer/Platforms/iPhoneOS.platform/Developer/usr/lib/swift/host/plugins/libSwiftUIMacros.dylib\#/Applications/Xcode.app/Contents/Developer/Platforms/iPhoneOS.platform/Developer/usr/bin/swift-plugin-server\#SwiftUIMacros -disable-implicit-swift-modules -Xcc -fno-implicit-modules -Xcc -fno-implicit-module-maps -explicit-swift-module-map-file /Users/hem/Library/Developer/Xcode/DerivedData/TimeBox-bsjmcdsflgpdivgxidgxnaahhzjo/Build/Intermediates.noindex/TimeBox.build/Debug-iphonesimulator/TimeBoxTests.build/Objects-normal/arm64/TimeBoxTests-dependencies-1.json -Xllvm -aarch64-use-tbi -enable-objc-interop -sdk /Applications/Xcode.app/Contents/Developer/Platforms/iPhoneSimulator.platform/Developer/SDKs/iPhoneSimulator26.2.sdk -I /Users/hem/Library/Developer/Xcode/DerivedData/TimeBox-bsjmcdsflgpdivgxidgxnaahhzjo/Build/Products/Debug-iphonesimulator -Isystem /Applications/Xcode.app/Contents/Developer/Platforms/iPhoneSimulator.platform/Developer/usr/lib -F /Users/hem/Library/Developer/Xcode/DerivedData/TimeBox-bsjmcdsflgpdivgxidgxnaahhzjo/Build/Products/Debug-iphonesimulator -F /Applications/Xcode.app/Contents/Developer/Platforms/iPhoneSimulator.platform/Developer/Library/Frameworks -F /Applications/Xcode.app/Contents/Developer/Platforms/iPhoneSimulator.platform/Developer/SDKs/iPhoneSimulator26.2.sdk/Developer/Library/Frameworks -no-color-diagnostics -Xcc -fno-color-diagnostics -enable-testing -g -debug-info-format\=dwarf -dwarf-version\=4 -module-cache-path /Users/hem/Library/Developer/Xcode/DerivedData/TimeBox-bsjmcdsflgpdivgxidgxnaahhzjo/Build/Intermediates.noindex/SwiftExplicitPrecompiledModules -profile-generate -profile-coverage-mapping -swift-version 6 -enforce-exclusivity\=checked -Onone -D DEBUG -serialize-debugging-options -const-gather-protocols-file /Users/hem/Library/Developer/Xcode/DerivedData/TimeBox-bsjmcdsflgpdivgxidgxnaahhzjo/Build/Intermediates.noindex/TimeBox.build/Debug-iphonesimulator/TimeBoxTests.build/Objects-normal/arm64/TimeBoxTests_const_extract_protocols.json -enable-experimental-feature DebugDescriptionMacro -empty-abi-descriptor -validate-clang-modules-once -clang-build-session-file /Users/hem/Library/Developer/Xcode/DerivedData/ModuleCache.noindex/Session.modulevalidation -Xcc -working-directory -Xcc /Users/hem/Documents/opt/my-daily-sprints/TimeBox -enable-anonymous-context-mangled-names -file-compilation-dir /Users/hem/Documents/opt/my-daily-sprints/TimeBox -Xcc -D_LIBCPP_HARDENING_MODE\=_LIBCPP_HARDENING_MODE_DEBUG -Xcc -ivfsstatcache -Xcc /Users/hem/Library/Developer/Xcode/DerivedData/SDKStatCaches.noindex/iphonesimulator26.2-23C53-7d00a8b37fbd7999ea79df8ebc024bf0.sdkstatcache -Xcc -I/Users/hem/Library/Developer/Xcode/DerivedData/TimeBox-bsjmcdsflgpdivgxidgxnaahhzjo/Build/Intermediates.noindex/TimeBox.build/Debug-iphonesimulator/TimeBoxTests.build/swift-overrides.hmap -Xcc -iquote -Xcc /Users/hem/Library/Developer/Xcode/DerivedData/TimeBox-bsjmcdsflgpdivgxidgxnaahhzjo/Build/Intermediates.noindex/TimeBox.build/Debug-iphonesimulator/TimeBoxTests.build/TimeBoxTests-generated-files.hmap -Xcc -I/Users/hem/Library/Developer/Xcode/DerivedData/TimeBox-bsjmcdsflgpdivgxidgxnaahhzjo/Build/Intermediates.noindex/TimeBox.build/Debug-iphonesimulator/TimeBoxTests.build/TimeBoxTests-own-target-headers.hmap -Xcc -I/Users/hem/Library/Developer/Xcode/DerivedData/TimeBox-bsjmcdsflgpdivgxidgxnaahhzjo/Build/Intermediates.noindex/TimeBox.build/Debug-iphonesimulator/TimeBoxTests.build/TimeBoxTests-all-target-headers.hmap -Xcc -iquote -Xcc /Users/hem/Library/Developer/Xcode/DerivedData/TimeBox-bsjmcdsflgpdivgxidgxnaahhzjo/Build/Intermediates.noindex/TimeBox.build/Debug-iphonesimulator/TimeBoxTests.build/TimeBoxTests-project-headers.hmap -Xcc -I/Users/hem/Library/Developer/Xcode/DerivedData/TimeBox-bsjmcdsflgpdivgxidgxnaahhzjo/Build/Products/Debug-iphonesimulator/include -Xcc -I/Users/hem/Library/Developer/Xcode/DerivedData/TimeBox-bsjmcdsflgpdivgxidgxnaahhzjo/Build/Intermediates.noindex/TimeBox.build/Debug-iphonesimulator/TimeBoxTests.build/DerivedSources-normal/arm64 -Xcc -I/Users/hem/Library/Developer/Xcode/DerivedData/TimeBox-bsjmcdsflgpdivgxidgxnaahhzjo/Build/Intermediates.noindex/TimeBox.build/Debug-iphonesimulator/TimeBoxTests.build/DerivedSources/arm64 -Xcc -I/Users/hem/Library/Developer/Xcode/DerivedData/TimeBox-bsjmcdsflgpdivgxidgxnaahhzjo/Build/Intermediates.noindex/TimeBox.build/Debug-iphonesimulator/TimeBoxTests.build/DerivedSources -Xcc -DDEBUG\=1 -no-auto-bridging-header-chaining -module-name TimeBoxTests -frontend-parseable-output -disable-clang-spi -target-sdk-version 26.2 -target-sdk-name iphonesimulator26.2 -clang-target arm64-apple-ios26.2-simulator -in-process-plugin-server-path /Applications/Xcode.app/Contents/Developer/Toolchains/XcodeDefault.xctoolchain/usr/lib/swift/host/libSwiftInProcPluginServer.dylib -o /Users/hem/Library/Developer/Xcode/DerivedData/TimeBox-bsjmcdsflgpdivgxidgxnaahhzjo/Build/Intermediates.noindex/TimeBox.build/Debug-iphonesimulator/TimeBoxTests.build/Objects-normal/arm64/EventKitRepositoryTests.o -index-unit-output-path /TimeBox.build/Debug-iphonesimulator/TimeBoxTests.build/Objects-normal/arm64/EventKitRepositoryTests.o -index-store-path /Users/hem/Library/Developer/Xcode/DerivedData/TimeBox-bsjmcdsflgpdivgxidgxnaahhzjo/Index.noindex/DataStore -index-system-modules

SwiftCompile normal arm64 /Users/hem/Documents/opt/my-daily-sprints/TimeBox/TimeBoxTests/EventKitRepositoryTests.swift (in target 'TimeBoxTests' from project 'TimeBox')
    cd /Users/hem/Documents/opt/my-daily-sprints/TimeBox
    
/Users/hem/Documents/opt/my-daily-sprints/TimeBox/TimeBoxTests/EventKitRepositoryTests.swift:24:43: error: value of type 'EventKitRepository' has no member 'markReminderComplete'
        XCTAssertNoThrow(try eventKitRepo.markReminderComplete(reminderID: "invalid-id-12345"))
                             ~~~~~~~~~~~~ ^~~~~~~~~~~~~~~~~~~~
/Users/hem/Documents/opt/my-daily-sprints/TimeBox/TimeBoxTests/EventKitRepositoryTests.swift:34:30: error: value of type 'EventKitRepository' has no member 'markReminderComplete'
            try eventKitRepo.markReminderComplete(reminderID: "test-id")
                ~~~~~~~~~~~~ ^~~~~~~~~~~~~~~~~~~~

