Command line invocation:
    /Applications/Xcode.app/Contents/Developer/usr/bin/xcodebuild test -project TimeBox.xcodeproj -scheme TimeBox -destination "platform=iOS Simulator,id=D9E26087-132A-44CB-9883-59073DD9CC54" "-only-testing:TimeBoxUITests/SoundSettingsUITests" "-only-testing:TimeBoxTests/SoundServiceTests"

2026-01-22 19:12:48.554 xcodebuild[78984:28014373] [MT] IDERunDestination: Supported platforms for the buildables in the current scheme is empty.
ComputePackagePrebuildTargetDependencyGraph

Prepare packages

CreateBuildRequest

SendProjectDescription

CreateBuildOperation

ComputeTargetDependencyGraph
note: Building targets in dependency order
note: Target dependency graph (6 targets)
    Target 'TimeBoxCoreTests' in project 'TimeBox'
        ➜ Explicit dependency on target 'TimeBoxCore' in project 'TimeBox'
        ➜ Explicit dependency on target 'TimeBox' in project 'TimeBox'
    Target 'TimeBoxUITests' in project 'TimeBox'
        ➜ Explicit dependency on target 'TimeBox' in project 'TimeBox'
    Target 'TimeBoxTests' in project 'TimeBox'
        ➜ Explicit dependency on target 'TimeBox' in project 'TimeBox'
    Target 'TimeBox' in project 'TimeBox'
        ➜ Explicit dependency on target 'TimeBoxWidgetsExtension' in project 'TimeBox'
        ➜ Explicit dependency on target 'TimeBoxCore' in project 'TimeBox'
    Target 'TimeBoxWidgetsExtension' in project 'TimeBox'
        ➜ Explicit dependency on target 'TimeBoxCore' in project 'TimeBox'
    Target 'TimeBoxCore' in project 'TimeBox' (no dependencies)

GatherProvisioningInputs

CreateBuildDescription

ExecuteExternalTool /Applications/Xcode.app/Contents/Developer/Toolchains/XcodeDefault.xctoolchain/usr/bin/clang -v -E -dM -arch arm64 -isysroot /Applications/Xcode.app/Contents/Developer/Platforms/iPhoneSimulator.platform/Developer/SDKs/iPhoneSimulator26.2.sdk -x c -c /dev/null

ExecuteExternalTool /Applications/Xcode.app/Contents/Developer/usr/bin/actool --version --output-format xml1

ExecuteExternalTool /Applications/Xcode.app/Contents/Developer/Toolchains/XcodeDefault.xctoolchain/usr/bin/clang -v -E -dM -isysroot /Applications/Xcode.app/Contents/Developer/Platforms/iPhoneSimulator.platform/Developer/SDKs/iPhoneSimulator26.2.sdk -x c -c /dev/null

ExecuteExternalTool /Applications/Xcode.app/Contents/Developer/Toolchains/XcodeDefault.xctoolchain/usr/bin/swiftc --version

ExecuteExternalTool /Applications/Xcode.app/Contents/Developer/Toolchains/XcodeDefault.xctoolchain/usr/bin/ld -version_details

ReadFileContents /Applications/Xcode.app/Contents/Developer/Toolchains/XcodeDefault.xctoolchain/usr/share/docc/features.json

Build description signature: b93bfe5e0c2ba688c5549c2e6238b7e1
Build description path: /Users/hem/Library/Developer/Xcode/DerivedData/TimeBox-bsjmcdsflgpdivgxidgxnaahhzjo/Build/Intermediates.noindex/XCBuildData/b93bfe5e0c2ba688c5549c2e6238b7e1.xcbuilddata
ClangStatCache /Applications/Xcode.app/Contents/Developer/Toolchains/XcodeDefault.xctoolchain/usr/bin/clang-stat-cache /Applications/Xcode.app/Contents/Developer/Platforms/iPhoneSimulator.platform/Developer/SDKs/iPhoneSimulator26.2.sdk /Users/hem/Library/Developer/Xcode/DerivedData/SDKStatCaches.noindex/iphonesimulator26.2-23C53-7d00a8b37fbd7999ea79df8ebc024bf0.sdkstatcache
    cd /Users/hem/Documents/opt/my-daily-sprints/TimeBox/TimeBox.xcodeproj
    /Applications/Xcode.app/Contents/Developer/Toolchains/XcodeDefault.xctoolchain/usr/bin/clang-stat-cache /Applications/Xcode.app/Contents/Developer/Platforms/iPhoneSimulator.platform/Developer/SDKs/iPhoneSimulator26.2.sdk -o /Users/hem/Library/Developer/Xcode/DerivedData/SDKStatCaches.noindex/iphonesimulator26.2-23C53-7d00a8b37fbd7999ea79df8ebc024bf0.sdkstatcache

ProcessInfoPlistFile /Users/hem/Library/Developer/Xcode/DerivedData/TimeBox-bsjmcdsflgpdivgxidgxnaahhzjo/Build/Products/Debug-iphonesimulator/TimeBoxCore.framework/Info.plist /Users/hem/Library/Developer/Xcode/DerivedData/TimeBox-bsjmcdsflgpdivgxidgxnaahhzjo/Build/Intermediates.noindex/TimeBox.build/Debug-iphonesimulator/TimeBoxCore.build/empty-TimeBoxCore.plist (in target 'TimeBoxCore' from project 'TimeBox')
    cd /Users/hem/Documents/opt/my-daily-sprints/TimeBox
    builtin-infoPlistUtility /Users/hem/Library/Developer/Xcode/DerivedData/TimeBox-bsjmcdsflgpdivgxidgxnaahhzjo/Build/Intermediates.noindex/TimeBox.build/Debug-iphonesimulator/TimeBoxCore.build/empty-TimeBoxCore.plist -producttype com.apple.product-type.framework -expandbuildsettings -format binary -platform iphonesimulator -o /Users/hem/Library/Developer/Xcode/DerivedData/TimeBox-bsjmcdsflgpdivgxidgxnaahhzjo/Build/Products/Debug-iphonesimulator/TimeBoxCore.framework/Info.plist

SwiftDriver TimeBoxUITests normal arm64 com.apple.xcode.tools.swift.compiler (in target 'TimeBoxUITests' from project 'TimeBox')
    cd /Users/hem/Documents/opt/my-daily-sprints/TimeBox
    builtin-SwiftDriver -- /Applications/Xcode.app/Contents/Developer/Toolchains/XcodeDefault.xctoolchain/usr/bin/swiftc -module-name TimeBoxUITests -Onone -enforce-exclusivity\=checked @/Users/hem/Library/Developer/Xcode/DerivedData/TimeBox-bsjmcdsflgpdivgxidgxnaahhzjo/Build/Intermediates.noindex/TimeBox.build/Debug-iphonesimulator/TimeBoxUITests.build/Objects-normal/arm64/TimeBoxUITests.SwiftFileList -DDEBUG -module-alias Testing\=_Testing_Unavailable -plugin-path /Applications/Xcode.app/Contents/Developer/Toolchains/XcodeDefault.xctoolchain/usr/lib/swift/host/plugins/testing -enable-experimental-feature DebugDescriptionMacro -sdk /Applications/Xcode.app/Contents/Developer/Platforms/iPhoneSimulator.platform/Developer/SDKs/iPhoneSimulator26.2.sdk -target arm64-apple-ios17.0-simulator -g -module-cache-path /Users/hem/Library/Developer/Xcode/DerivedData/ModuleCache.noindex -Xfrontend -serialize-debugging-options -profile-coverage-mapping -profile-generate -enable-testing -index-store-path /Users/hem/Library/Developer/Xcode/DerivedData/TimeBox-bsjmcdsflgpdivgxidgxnaahhzjo/Index.noindex/DataStore -Xcc -D_LIBCPP_HARDENING_MODE\=_LIBCPP_HARDENING_MODE_DEBUG -swift-version 6 -I /Users/hem/Library/Developer/Xcode/DerivedData/TimeBox-bsjmcdsflgpdivgxidgxnaahhzjo/Build/Products/Debug-iphonesimulator -Isystem /Applications/Xcode.app/Contents/Developer/Platforms/iPhoneSimulator.platform/Developer/usr/lib -F /Users/hem/Library/Developer/Xcode/DerivedData/TimeBox-bsjmcdsflgpdivgxidgxnaahhzjo/Build/Products/Debug-iphonesimulator -F /Applications/Xcode.app/Contents/Developer/Platforms/iPhoneSimulator.platform/Developer/Library/Frameworks -F /Applications/Xcode.app/Contents/Developer/Platforms/iPhoneSimulator.platform/Developer/SDKs/iPhoneSimulator26.2.sdk/Developer/Library/Frameworks -c -j10 -enable-batch-mode -incremental -Xcc -ivfsstatcache -Xcc /Users/hem/Library/Developer/Xcode/DerivedData/SDKStatCaches.noindex/iphonesimulator26.2-23C53-7d00a8b37fbd7999ea79df8ebc024bf0.sdkstatcache -output-file-map /Users/hem/Library/Developer/Xcode/DerivedData/TimeBox-bsjmcdsflgpdivgxidgxnaahhzjo/Build/Intermediates.noindex/TimeBox.build/Debug-iphonesimulator/TimeBoxUITests.build/Objects-normal/arm64/TimeBoxUITests-OutputFileMap.json -use-frontend-parseable-output -save-temps -no-color-diagnostics -explicit-module-build -module-cache-path /Users/hem/Library/Developer/Xcode/DerivedData/TimeBox-bsjmcdsflgpdivgxidgxnaahhzjo/Build/Intermediates.noindex/SwiftExplicitPrecompiledModules -clang-scanner-module-cache-path /Users/hem/Library/Developer/Xcode/DerivedData/ModuleCache.noindex -sdk-module-cache-path /Users/hem/Library/Developer/Xcode/DerivedData/ModuleCache.noindex -serialize-diagnostics -emit-dependencies -emit-module -emit-module-path /Users/hem/Library/Developer/Xcode/DerivedData/TimeBox-bsjmcdsflgpdivgxidgxnaahhzjo/Build/Intermediates.noindex/TimeBox.build/Debug-iphonesimulator/TimeBoxUITests.build/Objects-normal/arm64/TimeBoxUITests.swiftmodule -validate-clang-modules-once -clang-build-session-file /Users/hem/Library/Developer/Xcode/DerivedData/ModuleCache.noindex/Session.modulevalidation -Xcc -I/Users/hem/Library/Developer/Xcode/DerivedData/TimeBox-bsjmcdsflgpdivgxidgxnaahhzjo/Build/Intermediates.noindex/TimeBox.build/Debug-iphonesimulator/TimeBoxUITests.build/swift-overrides.hmap -emit-const-values -Xfrontend -const-gather-protocols-file -Xfrontend /Users/hem/Library/Developer/Xcode/DerivedData/TimeBox-bsjmcdsflgpdivgxidgxnaahhzjo/Build/Intermediates.noindex/TimeBox.build/Debug-iphonesimulator/TimeBoxUITests.build/Objects-normal/arm64/TimeBoxUITests_const_extract_protocols.json -Xcc -iquote -Xcc /Users/hem/Library/Developer/Xcode/DerivedData/TimeBox-bsjmcdsflgpdivgxidgxnaahhzjo/Build/Intermediates.noindex/TimeBox.build/Debug-iphonesimulator/TimeBoxUITests.build/TimeBoxUITests-generated-files.hmap -Xcc -I/Users/hem/Library/Developer/Xcode/DerivedData/TimeBox-bsjmcdsflgpdivgxidgxnaahhzjo/Build/Intermediates.noindex/TimeBox.build/Debug-iphonesimulator/TimeBoxUITests.build/TimeBoxUITests-own-target-headers.hmap -Xcc -I/Users/hem/Library/Developer/Xcode/DerivedData/TimeBox-bsjmcdsflgpdivgxidgxnaahhzjo/Build/Intermediates.noindex/TimeBox.build/Debug-iphonesimulator/TimeBoxUITests.build/TimeBoxUITests-all-target-headers.hmap -Xcc -iquote -Xcc /Users/hem/Library/Developer/Xcode/DerivedData/TimeBox-bsjmcdsflgpdivgxidgxnaahhzjo/Build/Intermediates.noindex/TimeBox.build/Debug-iphonesimulator/TimeBoxUITests.build/TimeBoxUITests-project-headers.hmap -Xcc -I/Users/hem/Library/Developer/Xcode/DerivedData/TimeBox-bsjmcdsflgpdivgxidgxnaahhzjo/Build/Products/Debug-iphonesimulator/include -Xcc -I/Users/hem/Library/Developer/Xcode/DerivedData/TimeBox-bsjmcdsflgpdivgxidgxnaahhzjo/Build/Intermediates.noindex/TimeBox.build/Debug-iphonesimulator/TimeBoxUITests.build/DerivedSources-normal/arm64 -Xcc -I/Users/hem/Library/Developer/Xcode/DerivedData/TimeBox-bsjmcdsflgpdivgxidgxnaahhzjo/Build/Intermediates.noindex/TimeBox.build/Debug-iphonesimulator/TimeBoxUITests.build/DerivedSources/arm64 -Xcc -I/Users/hem/Library/Developer/Xcode/DerivedData/TimeBox-bsjmcdsflgpdivgxidgxnaahhzjo/Build/Intermediates.noindex/TimeBox.build/Debug-iphonesimulator/TimeBoxUITests.build/DerivedSources -Xcc -DDEBUG\=1 -emit-objc-header -emit-objc-header-path /Users/hem/Library/Developer/Xcode/DerivedData/TimeBox-bsjmcdsflgpdivgxidgxnaahhzjo/Build/Intermediates.noindex/TimeBox.build/Debug-iphonesimulator/TimeBoxUITests.build/Objects-normal/arm64/TimeBoxUITests-Swift.h -working-directory /Users/hem/Documents/opt/my-daily-sprints/TimeBox -experimental-emit-module-separately -disable-cmo

SwiftDriver TimeBoxTests normal arm64 com.apple.xcode.tools.swift.compiler (in target 'TimeBoxTests' from project 'TimeBox')
    cd /Users/hem/Documents/opt/my-daily-sprints/TimeBox
    builtin-SwiftDriver -- /Applications/Xcode.app/Contents/Developer/Toolchains/XcodeDefault.xctoolchain/usr/bin/swiftc -module-name TimeBoxTests -Onone -enforce-exclusivity\=checked @/Users/hem/Library/Developer/Xcode/DerivedData/TimeBox-bsjmcdsflgpdivgxidgxnaahhzjo/Build/Intermediates.noindex/TimeBox.build/Debug-iphonesimulator/TimeBoxTests.build/Objects-normal/arm64/TimeBoxTests.SwiftFileList -DDEBUG -plugin-path /Applications/Xcode.app/Contents/Developer/Toolchains/XcodeDefault.xctoolchain/usr/lib/swift/host/plugins/testing -enable-experimental-feature DebugDescriptionMacro -sdk /Applications/Xcode.app/Contents/Developer/Platforms/iPhoneSimulator.platform/Developer/SDKs/iPhoneSimulator26.2.sdk -target arm64-apple-ios17.0-simulator -g -module-cache-path /Users/hem/Library/Developer/Xcode/DerivedData/ModuleCache.noindex -Xfrontend -serialize-debugging-options -profile-coverage-mapping -profile-generate -enable-testing -index-store-path /Users/hem/Library/Developer/Xcode/DerivedData/TimeBox-bsjmcdsflgpdivgxidgxnaahhzjo/Index.noindex/DataStore -Xcc -D_LIBCPP_HARDENING_MODE\=_LIBCPP_HARDENING_MODE_DEBUG -swift-version 6 -I /Users/hem/Library/Developer/Xcode/DerivedData/TimeBox-bsjmcdsflgpdivgxidgxnaahhzjo/Build/Products/Debug-iphonesimulator -Isystem /Applications/Xcode.app/Contents/Developer/Platforms/iPhoneSimulator.platform/Developer/usr/lib -F /Users/hem/Library/Developer/Xcode/DerivedData/TimeBox-bsjmcdsflgpdivgxidgxnaahhzjo/Build/Products/Debug-iphonesimulator -F /Applications/Xcode.app/Contents/Developer/Platforms/iPhoneSimulator.platform/Developer/Library/Frameworks -F /Applications/Xcode.app/Contents/Developer/Platforms/iPhoneSimulator.platform/Developer/SDKs/iPhoneSimulator26.2.sdk/Developer/Library/Frameworks -c -j10 -enable-batch-mode -incremental -Xcc -ivfsstatcache -Xcc /Users/hem/Library/Developer/Xcode/DerivedData/SDKStatCaches.noindex/iphonesimulator26.2-23C53-7d00a8b37fbd7999ea79df8ebc024bf0.sdkstatcache -output-file-map /Users/hem/Library/Developer/Xcode/DerivedData/TimeBox-bsjmcdsflgpdivgxidgxnaahhzjo/Build/Intermediates.noindex/TimeBox.build/Debug-iphonesimulator/TimeBoxTests.build/Objects-normal/arm64/TimeBoxTests-OutputFileMap.json -use-frontend-parseable-output -save-temps -no-color-diagnostics -explicit-module-build -module-cache-path /Users/hem/Library/Developer/Xcode/DerivedData/TimeBox-bsjmcdsflgpdivgxidgxnaahhzjo/Build/Intermediates.noindex/SwiftExplicitPrecompiledModules -clang-scanner-module-cache-path /Users/hem/Library/Developer/Xcode/DerivedData/ModuleCache.noindex -sdk-module-cache-path /Users/hem/Library/Developer/Xcode/DerivedData/ModuleCache.noindex -serialize-diagnostics -emit-dependencies -emit-module -emit-module-path /Users/hem/Library/Developer/Xcode/DerivedData/TimeBox-bsjmcdsflgpdivgxidgxnaahhzjo/Build/Intermediates.noindex/TimeBox.build/Debug-iphonesimulator/TimeBoxTests.build/Objects-normal/arm64/TimeBoxTests.swiftmodule -validate-clang-modules-once -clang-build-session-file /Users/hem/Library/Developer/Xcode/DerivedData/ModuleCache.noindex/Session.modulevalidation -Xcc -I/Users/hem/Library/Developer/Xcode/DerivedData/TimeBox-bsjmcdsflgpdivgxidgxnaahhzjo/Build/Intermediates.noindex/TimeBox.build/Debug-iphonesimulator/TimeBoxTests.build/swift-overrides.hmap -emit-const-values -Xfrontend -const-gather-protocols-file -Xfrontend /Users/hem/Library/Developer/Xcode/DerivedData/TimeBox-bsjmcdsflgpdivgxidgxnaahhzjo/Build/Intermediates.noindex/TimeBox.build/Debug-iphonesimulator/TimeBoxTests.build/Objects-normal/arm64/TimeBoxTests_const_extract_protocols.json -Xcc -iquote -Xcc /Users/hem/Library/Developer/Xcode/DerivedData/TimeBox-bsjmcdsflgpdivgxidgxnaahhzjo/Build/Intermediates.noindex/TimeBox.build/Debug-iphonesimulator/TimeBoxTests.build/TimeBoxTests-generated-files.hmap -Xcc -I/Users/hem/Library/Developer/Xcode/DerivedData/TimeBox-bsjmcdsflgpdivgxidgxnaahhzjo/Build/Intermediates.noindex/TimeBox.build/Debug-iphonesimulator/TimeBoxTests.build/TimeBoxTests-own-target-headers.hmap -Xcc -I/Users/hem/Library/Developer/Xcode/DerivedData/TimeBox-bsjmcdsflgpdivgxidgxnaahhzjo/Build/Intermediates.noindex/TimeBox.build/Debug-iphonesimulator/TimeBoxTests.build/TimeBoxTests-all-target-headers.hmap -Xcc -iquote -Xcc /Users/hem/Library/Developer/Xcode/DerivedData/TimeBox-bsjmcdsflgpdivgxidgxnaahhzjo/Build/Intermediates.noindex/TimeBox.build/Debug-iphonesimulator/TimeBoxTests.build/TimeBoxTests-project-headers.hmap -Xcc -I/Users/hem/Library/Developer/Xcode/DerivedData/TimeBox-bsjmcdsflgpdivgxidgxnaahhzjo/Build/Products/Debug-iphonesimulator/include -Xcc -I/Users/hem/Library/Developer/Xcode/DerivedData/TimeBox-bsjmcdsflgpdivgxidgxnaahhzjo/Build/Intermediates.noindex/TimeBox.build/Debug-iphonesimulator/TimeBoxTests.build/DerivedSources-normal/arm64 -Xcc -I/Users/hem/Library/Developer/Xcode/DerivedData/TimeBox-bsjmcdsflgpdivgxidgxnaahhzjo/Build/Intermediates.noindex/TimeBox.build/Debug-iphonesimulator/TimeBoxTests.build/DerivedSources/arm64 -Xcc -I/Users/hem/Library/Developer/Xcode/DerivedData/TimeBox-bsjmcdsflgpdivgxidgxnaahhzjo/Build/Intermediates.noindex/TimeBox.build/Debug-iphonesimulator/TimeBoxTests.build/DerivedSources -Xcc -DDEBUG\=1 -emit-objc-header -emit-objc-header-path /Users/hem/Library/Developer/Xcode/DerivedData/TimeBox-bsjmcdsflgpdivgxidgxnaahhzjo/Build/Intermediates.noindex/TimeBox.build/Debug-iphonesimulator/TimeBoxTests.build/Objects-normal/arm64/TimeBoxTests-Swift.h -working-directory /Users/hem/Documents/opt/my-daily-sprints/TimeBox -experimental-emit-module-separately -disable-cmo

ProcessInfoPlistFile /Users/hem/Library/Developer/Xcode/DerivedData/TimeBox-bsjmcdsflgpdivgxidgxnaahhzjo/Build/Products/Debug-iphonesimulator/TimeBoxWidgetsExtension.appex/Info.plist /Users/hem/Documents/opt/my-daily-sprints/TimeBox/TimeBoxWidgets/Info.plist (in target 'TimeBoxWidgetsExtension' from project 'TimeBox')
    cd /Users/hem/Documents/opt/my-daily-sprints/TimeBox
    builtin-infoPlistUtility /Users/hem/Documents/opt/my-daily-sprints/TimeBox/TimeBoxWidgets/Info.plist -producttype com.apple.product-type.app-extension -expandbuildsettings -format binary -platform iphonesimulator -additionalcontentfile /Users/hem/Library/Developer/Xcode/DerivedData/TimeBox-bsjmcdsflgpdivgxidgxnaahhzjo/Build/Intermediates.noindex/TimeBox.build/Debug-iphonesimulator/TimeBoxWidgetsExtension.build/assetcatalog_generated_info.plist -o /Users/hem/Library/Developer/Xcode/DerivedData/TimeBox-bsjmcdsflgpdivgxidgxnaahhzjo/Build/Products/Debug-iphonesimulator/TimeBoxWidgetsExtension.appex/Info.plist

ProcessInfoPlistFile /Users/hem/Library/Developer/Xcode/DerivedData/TimeBox-bsjmcdsflgpdivgxidgxnaahhzjo/Build/Products/Debug-iphonesimulator/TimeBox.app/Info.plist /Users/hem/Documents/opt/my-daily-sprints/TimeBox/Resources/Info.plist (in target 'TimeBox' from project 'TimeBox')
    cd /Users/hem/Documents/opt/my-daily-sprints/TimeBox
    builtin-infoPlistUtility /Users/hem/Documents/opt/my-daily-sprints/TimeBox/Resources/Info.plist -producttype com.apple.product-type.application -genpkginfo /Users/hem/Library/Developer/Xcode/DerivedData/TimeBox-bsjmcdsflgpdivgxidgxnaahhzjo/Build/Products/Debug-iphonesimulator/TimeBox.app/PkgInfo -expandbuildsettings -format binary -platform iphonesimulator -scanforprivacyfile /Users/hem/Library/Developer/Xcode/DerivedData/TimeBox-bsjmcdsflgpdivgxidgxnaahhzjo/Build/Products/Debug-iphonesimulator/TimeBox.app/Frameworks/TimeBoxCore.framework -scanforprivacyfile /Users/hem/Library/Developer/Xcode/DerivedData/TimeBox-bsjmcdsflgpdivgxidgxnaahhzjo/Build/Products/Debug-iphonesimulator/TimeBox.app/PlugIns/TimeBoxWidgetsExtension.appex -o /Users/hem/Library/Developer/Xcode/DerivedData/TimeBox-bsjmcdsflgpdivgxidgxnaahhzjo/Build/Products/Debug-iphonesimulator/TimeBox.app/Info.plist

ProcessInfoPlistFile /Users/hem/Library/Developer/Xcode/DerivedData/TimeBox-bsjmcdsflgpdivgxidgxnaahhzjo/Build/Products/Debug-iphonesimulator/TimeBox.app/PlugIns/TimeBoxTests.xctest/Info.plist /Users/hem/Library/Developer/Xcode/DerivedData/TimeBox-bsjmcdsflgpdivgxidgxnaahhzjo/Build/Intermediates.noindex/TimeBox.build/Debug-iphonesimulator/TimeBoxTests.build/empty-TimeBoxTests.plist (in target 'TimeBoxTests' from project 'TimeBox')
    cd /Users/hem/Documents/opt/my-daily-sprints/TimeBox
    builtin-infoPlistUtility /Users/hem/Library/Developer/Xcode/DerivedData/TimeBox-bsjmcdsflgpdivgxidgxnaahhzjo/Build/Intermediates.noindex/TimeBox.build/Debug-iphonesimulator/TimeBoxTests.build/empty-TimeBoxTests.plist -producttype com.apple.product-type.bundle.unit-test -expandbuildsettings -format binary -platform iphonesimulator -o /Users/hem/Library/Developer/Xcode/DerivedData/TimeBox-bsjmcdsflgpdivgxidgxnaahhzjo/Build/Products/Debug-iphonesimulator/TimeBox.app/PlugIns/TimeBoxTests.xctest/Info.plist

ProcessInfoPlistFile /Users/hem/Library/Developer/Xcode/DerivedData/TimeBox-bsjmcdsflgpdivgxidgxnaahhzjo/Build/Products/Debug-iphonesimulator/TimeBox.app/PlugIns/TimeBoxCoreTests.xctest/Info.plist /Users/hem/Library/Developer/Xcode/DerivedData/TimeBox-bsjmcdsflgpdivgxidgxnaahhzjo/Build/Intermediates.noindex/TimeBox.build/Debug-iphonesimulator/TimeBoxCoreTests.build/empty-TimeBoxCoreTests.plist (in target 'TimeBoxCoreTests' from project 'TimeBox')
    cd /Users/hem/Documents/opt/my-daily-sprints/TimeBox
    builtin-infoPlistUtility /Users/hem/Library/Developer/Xcode/DerivedData/TimeBox-bsjmcdsflgpdivgxidgxnaahhzjo/Build/Intermediates.noindex/TimeBox.build/Debug-iphonesimulator/TimeBoxCoreTests.build/empty-TimeBoxCoreTests.plist -producttype com.apple.product-type.bundle.unit-test -expandbuildsettings -format binary -platform iphonesimulator -o /Users/hem/Library/Developer/Xcode/DerivedData/TimeBox-bsjmcdsflgpdivgxidgxnaahhzjo/Build/Products/Debug-iphonesimulator/TimeBox.app/PlugIns/TimeBoxCoreTests.xctest/Info.plist

CopySwiftLibs /Users/hem/Library/Developer/Xcode/DerivedData/TimeBox-bsjmcdsflgpdivgxidgxnaahhzjo/Build/Products/Debug-iphonesimulator/TimeBox.app/PlugIns/TimeBoxCoreTests.xctest (in target 'TimeBoxCoreTests' from project 'TimeBox')
    cd /Users/hem/Documents/opt/my-daily-sprints/TimeBox
    builtin-swiftStdLibTool --copy --verbose --sign - --scan-executable /Users/hem/Library/Developer/Xcode/DerivedData/TimeBox-bsjmcdsflgpdivgxidgxnaahhzjo/Build/Products/Debug-iphonesimulator/TimeBox.app/PlugIns/TimeBoxCoreTests.xctest/TimeBoxCoreTests --scan-folder /Users/hem/Library/Developer/Xcode/DerivedData/TimeBox-bsjmcdsflgpdivgxidgxnaahhzjo/Build/Products/Debug-iphonesimulator/TimeBox.app/PlugIns/TimeBoxCoreTests.xctest/Frameworks --scan-folder /Users/hem/Library/Developer/Xcode/DerivedData/TimeBox-bsjmcdsflgpdivgxidgxnaahhzjo/Build/Products/Debug-iphonesimulator/TimeBox.app/PlugIns/TimeBoxCoreTests.xctest/PlugIns --scan-folder /Users/hem/Library/Developer/Xcode/DerivedData/TimeBox-bsjmcdsflgpdivgxidgxnaahhzjo/Build/Products/Debug-iphonesimulator/TimeBox.app/PlugIns/TimeBoxCoreTests.xctest/SystemExtensions --scan-folder /Users/hem/Library/Developer/Xcode/DerivedData/TimeBox-bsjmcdsflgpdivgxidgxnaahhzjo/Build/Products/Debug-iphonesimulator/TimeBox.app/PlugIns/TimeBoxCoreTests.xctest/Extensions --scan-folder /Users/hem/Library/Developer/Xcode/DerivedData/TimeBox-bsjmcdsflgpdivgxidgxnaahhzjo/Build/Products/Debug-iphonesimulator/TimeBoxCore.framework --platform iphonesimulator --toolchain /Applications/Xcode.app/Contents/Developer/Toolchains/XcodeDefault.xctoolchain --destination /Users/hem/Library/Developer/Xcode/DerivedData/TimeBox-bsjmcdsflgpdivgxidgxnaahhzjo/Build/Products/Debug-iphonesimulator/TimeBox.app/PlugIns/TimeBoxCoreTests.xctest/Frameworks --strip-bitcode --scan-executable /Applications/Xcode.app/Contents/Developer/Platforms/iPhoneSimulator.platform/Developer/usr/lib/libXCTestSwiftSupport.dylib --strip-bitcode-tool /Applications/Xcode.app/Contents/Developer/Toolchains/XcodeDefault.xctoolchain/usr/bin/bitcode_strip --emit-dependency-info /Users/hem/Library/Developer/Xcode/DerivedData/TimeBox-bsjmcdsflgpdivgxidgxnaahhzjo/Build/Intermediates.noindex/TimeBox.build/Debug-iphonesimulator/TimeBoxCoreTests.build/SwiftStdLibToolInputDependencies.dep --filter-for-swift-os

SwiftCompile normal arm64 Compiling\ SoundSettingsUITests.swift /Users/hem/Documents/opt/my-daily-sprints/TimeBox/TimeBoxUITests/SoundSettingsUITests.swift (in target 'TimeBoxUITests' from project 'TimeBox')

SwiftCompile normal arm64 /Users/hem/Documents/opt/my-daily-sprints/TimeBox/TimeBoxUITests/SoundSettingsUITests.swift (in target 'TimeBoxUITests' from project 'TimeBox')
    cd /Users/hem/Documents/opt/my-daily-sprints/TimeBox
    
/Users/hem/Documents/opt/my-daily-sprints/TimeBox/TimeBoxUITests/SoundSettingsUITests.swift:11:15: warning: call to main actor-isolated initializer 'init()' in a synchronous nonisolated context
        app = XCUIApplication()
              ^
/Applications/Xcode.app/Contents/Developer/Platforms/iPhoneSimulator.platform/Developer/Library/Frameworks/XCUIAutomation.framework/Headers/XCUIApplication.h:29:1: note: calls to initializer 'init()' from outside of its actor context are implicitly asynchronous
- (instancetype)init NS_DESIGNATED_INITIALIZER;
^
/Users/hem/Documents/opt/my-daily-sprints/TimeBox/TimeBoxUITests/SoundSettingsUITests.swift:12:13: warning: main actor-isolated property 'launchArguments' can not be mutated from a nonisolated context
        app.launchArguments = ["-UITesting"]
            ^
/Applications/Xcode.app/Contents/Developer/Platforms/iPhoneSimulator.platform/Developer/Library/Frameworks/XCUIAutomation.framework/Headers/XCUIApplication.h:93:51: note: mutation of this property is only permitted within the actor
@property (nonatomic, copy) NSArray <NSString *> *launchArguments;
                                                  ^
/Users/hem/Documents/opt/my-daily-sprints/TimeBox/TimeBoxUITests/SoundSettingsUITests.swift:13:13: warning: call to main actor-isolated instance method 'launch()' in a synchronous nonisolated context
        app.launch()
            ^
XCUIAutomation.XCUIApplication.launch:2:22: note: calls to instance method 'launch()' from outside of its actor context are implicitly asynchronous
@MainActor open func launch()}
                     ^
/Users/hem/Documents/opt/my-daily-sprints/TimeBox/TimeBoxUITests/SoundSettingsUITests.swift:24:41: warning: main actor-isolated subscript 'subscript(_:)' can not be referenced from a nonisolated context
        let settingsButton = app.buttons["settingsButton"]
                                        ^
XCUIAutomation.XCUIElementQuery.subscript:2:17: note: subscript declared here
@MainActor open subscript(key: String) -> XCUIElement { get }}
                ^
/Users/hem/Documents/opt/my-daily-sprints/TimeBox/TimeBoxUITests/SoundSettingsUITests.swift:22:18: note: add '@MainActor' to make instance method 'navigateToSettings()' part of global actor 'MainActor'
    private func navigateToSettings() {
                 ^
    @MainActor 
/Users/hem/Documents/opt/my-daily-sprints/TimeBox/TimeBoxUITests/SoundSettingsUITests.swift:24:34: warning: main actor-isolated property 'buttons' can not be referenced from a nonisolated context
        let settingsButton = app.buttons["settingsButton"]
                                 ^
/Applications/Xcode.app/Contents/Developer/Platforms/iPhoneSimulator.platform/Developer/Library/Frameworks/XCUIAutomation.framework/Headers/XCUIElementTypeQueryProvider.h:22:46: note: property declared here
@property (readonly, copy) XCUIElementQuery *buttons;
                                             ^
/Users/hem/Documents/opt/my-daily-sprints/TimeBox/TimeBoxUITests/SoundSettingsUITests.swift:22:18: note: add '@MainActor' to make instance method 'navigateToSettings()' part of global actor 'MainActor'
    private func navigateToSettings() {
                 ^
    @MainActor 
/Users/hem/Documents/opt/my-daily-sprints/TimeBox/TimeBoxUITests/SoundSettingsUITests.swift:25:27: warning: call to main actor-isolated instance method 'waitForExistence(timeout:)' in a synchronous nonisolated context
        if settingsButton.waitForExistence(timeout: 5) {
                          ^
XCUIAutomation.XCUIElement.waitForExistence:2:22: note: calls to instance method 'waitForExistence(timeout:)' from outside of its actor context are implicitly asynchronous
@MainActor open func waitForExistence(timeout: TimeInterval) -> Bool}
                     ^
/Users/hem/Documents/opt/my-daily-sprints/TimeBox/TimeBoxUITests/SoundSettingsUITests.swift:22:18: note: add '@MainActor' to make instance method 'navigateToSettings()' part of global actor 'MainActor'
    private func navigateToSettings() {
                 ^
    @MainActor 
/Users/hem/Documents/opt/my-daily-sprints/TimeBox/TimeBoxUITests/SoundSettingsUITests.swift:26:28: warning: call to main actor-isolated instance method 'tap()' in a synchronous nonisolated context
            settingsButton.tap()
                           ^
XCUIAutomation.XCUIElement.tap:2:22: note: calls to instance method 'tap()' from outside of its actor context are implicitly asynchronous
@MainActor open func tap()}
                     ^
/Users/hem/Documents/opt/my-daily-sprints/TimeBox/TimeBoxUITests/SoundSettingsUITests.swift:22:18: note: add '@MainActor' to make instance method 'navigateToSettings()' part of global actor 'MainActor'
    private func navigateToSettings() {
                 ^
    @MainActor 
/Users/hem/Documents/opt/my-daily-sprints/TimeBox/TimeBoxUITests/SoundSettingsUITests.swift:40:45: warning: main actor-isolated subscript 'subscript(_:)' can not be referenced from a nonisolated context
        let settingsNav = app.navigationBars["Settings"]
                                            ^
XCUIAutomation.XCUIElementQuery.subscript:2:17: note: subscript declared here
@MainActor open subscript(key: String) -> XCUIElement { get }}
                ^
/Users/hem/Documents/opt/my-daily-sprints/TimeBox/TimeBoxUITests/SoundSettingsUITests.swift:36:10: note: add '@MainActor' to make instance method 'testSoundToggleExistsInSettings()' part of global actor 'MainActor'
    func testSoundToggleExistsInSettings() throws {
         ^
    @MainActor 
/Users/hem/Documents/opt/my-daily-sprints/TimeBox/TimeBoxUITests/SoundSettingsUITests.swift:40:31: warning: main actor-isolated property 'navigationBars' can not be referenced from a nonisolated context
        let settingsNav = app.navigationBars["Settings"]
                              ^
/Applications/Xcode.app/Contents/Developer/Platforms/iPhoneSimulator.platform/Developer/Library/Frameworks/XCUIAutomation.framework/Headers/XCUIElementTypeQueryProvider.h:34:46: note: property declared here
@property (readonly, copy) XCUIElementQuery *navigationBars;
                                             ^
/Users/hem/Documents/opt/my-daily-sprints/TimeBox/TimeBoxUITests/SoundSettingsUITests.swift:36:10: note: add '@MainActor' to make instance method 'testSoundToggleExistsInSettings()' part of global actor 'MainActor'
    func testSoundToggleExistsInSettings() throws {
         ^
    @MainActor 
/Users/hem/Documents/opt/my-daily-sprints/TimeBox/TimeBoxUITests/SoundSettingsUITests.swift:41:35: warning: call to main actor-isolated instance method 'waitForExistence(timeout:)' in a synchronous nonisolated context
        XCTAssertTrue(settingsNav.waitForExistence(timeout: 5), "Settings view should open")
                                  ^
XCUIAutomation.XCUIElement.waitForExistence:2:22: note: calls to instance method 'waitForExistence(timeout:)' from outside of its actor context are implicitly asynchronous
@MainActor open func waitForExistence(timeout: TimeInterval) -> Bool}
                     ^
/Users/hem/Documents/opt/my-daily-sprints/TimeBox/TimeBoxUITests/SoundSettingsUITests.swift:44:39: warning: main actor-isolated subscript 'subscript(_:)' can not be referenced from a nonisolated context
        let soundToggle = app.switches["soundToggle"]
                                      ^
XCUIAutomation.XCUIElementQuery.subscript:2:17: note: subscript declared here
@MainActor open subscript(key: String) -> XCUIElement { get }}
                ^
/Users/hem/Documents/opt/my-daily-sprints/TimeBox/TimeBoxUITests/SoundSettingsUITests.swift:36:10: note: add '@MainActor' to make instance method 'testSoundToggleExistsInSettings()' part of global actor 'MainActor'
    func testSoundToggleExistsInSettings() throws {
         ^
    @MainActor 
/Users/hem/Documents/opt/my-daily-sprints/TimeBox/TimeBoxUITests/SoundSettingsUITests.swift:44:31: warning: main actor-isolated property 'switches' can not be referenced from a nonisolated context
        let soundToggle = app.switches["soundToggle"]
                              ^
/Applications/Xcode.app/Contents/Developer/Platforms/iPhoneSimulator.platform/Developer/Library/Frameworks/XCUIAutomation.framework/Headers/XCUIElementTypeQueryProvider.h:54:46: note: property declared here
@property (readonly, copy) XCUIElementQuery *switches;
                                             ^
/Users/hem/Documents/opt/my-daily-sprints/TimeBox/TimeBoxUITests/SoundSettingsUITests.swift:36:10: note: add '@MainActor' to make instance method 'testSoundToggleExistsInSettings()' part of global actor 'MainActor'
    func testSoundToggleExistsInSettings() throws {
         ^
    @MainActor 
/Users/hem/Documents/opt/my-daily-sprints/TimeBox/TimeBoxUITests/SoundSettingsUITests.swift:45:35: warning: call to main actor-isolated instance method 'waitForExistence(timeout:)' in a synchronous nonisolated context
        XCTAssertTrue(soundToggle.waitForExistence(timeout: 3), "Sound toggle should exist in Settings")
                                  ^
XCUIAutomation.XCUIElement.waitForExistence:2:22: note: calls to instance method 'waitForExistence(timeout:)' from outside of its actor context are implicitly asynchronous
@MainActor open func waitForExistence(timeout: TimeInterval) -> Bool}
                     ^
/Users/hem/Documents/opt/my-daily-sprints/TimeBox/TimeBoxUITests/SoundSettingsUITests.swift:55:39: warning: main actor-isolated subscript 'subscript(_:)' can not be referenced from a nonisolated context
        let soundToggle = app.switches["soundToggle"]
                                      ^
XCUIAutomation.XCUIElementQuery.subscript:2:17: note: subscript declared here
@MainActor open subscript(key: String) -> XCUIElement { get }}
                ^
/Users/hem/Documents/opt/my-daily-sprints/TimeBox/TimeBoxUITests/SoundSettingsUITests.swift:52:10: note: add '@MainActor' to make instance method 'testSoundToggleCanBeToggled()' part of global actor 'MainActor'
    func testSoundToggleCanBeToggled() throws {
         ^
    @MainActor 
/Users/hem/Documents/opt/my-daily-sprints/TimeBox/TimeBoxUITests/SoundSettingsUITests.swift:55:31: warning: main actor-isolated property 'switches' can not be referenced from a nonisolated context
        let soundToggle = app.switches["soundToggle"]
                              ^
/Applications/Xcode.app/Contents/Developer/Platforms/iPhoneSimulator.platform/Developer/Library/Frameworks/XCUIAutomation.framework/Headers/XCUIElementTypeQueryProvider.h:54:46: note: property declared here
@property (readonly, copy) XCUIElementQuery *switches;
                                             ^
/Users/hem/Documents/opt/my-daily-sprints/TimeBox/TimeBoxUITests/SoundSettingsUITests.swift:52:10: note: add '@MainActor' to make instance method 'testSoundToggleCanBeToggled()' part of global actor 'MainActor'
    func testSoundToggleCanBeToggled() throws {
         ^
    @MainActor 
/Users/hem/Documents/opt/my-daily-sprints/TimeBox/TimeBoxUITests/SoundSettingsUITests.swift:56:27: warning: call to main actor-isolated instance method 'waitForExistence(timeout:)' in a synchronous nonisolated context
        guard soundToggle.waitForExistence(timeout: 5) else {
                          ^
XCUIAutomation.XCUIElement.waitForExistence:2:22: note: calls to instance method 'waitForExistence(timeout:)' from outside of its actor context are implicitly asynchronous
@MainActor open func waitForExistence(timeout: TimeInterval) -> Bool}
                     ^
/Users/hem/Documents/opt/my-daily-sprints/TimeBox/TimeBoxUITests/SoundSettingsUITests.swift:52:10: note: add '@MainActor' to make instance method 'testSoundToggleCanBeToggled()' part of global actor 'MainActor'
    func testSoundToggleCanBeToggled() throws {
         ^
    @MainActor 
/Users/hem/Documents/opt/my-daily-sprints/TimeBox/TimeBoxUITests/SoundSettingsUITests.swift:62:40: warning: main actor-isolated property 'value' can not be referenced from a nonisolated context
        let initialValue = soundToggle.value as? String
                                       ^
/Applications/Xcode.app/Contents/Developer/Platforms/iPhoneSimulator.platform/Developer/Library/Frameworks/XCUIAutomation.framework/Headers/XCUIElementAttributes.h:41:35: note: property declared here
@property (readonly, nullable) id value;
                                  ^
/Users/hem/Documents/opt/my-daily-sprints/TimeBox/TimeBoxUITests/SoundSettingsUITests.swift:52:10: note: add '@MainActor' to make instance method 'testSoundToggleCanBeToggled()' part of global actor 'MainActor'
    func testSoundToggleCanBeToggled() throws {
         ^
    @MainActor 
/Users/hem/Documents/opt/my-daily-sprints/TimeBox/TimeBoxUITests/SoundSettingsUITests.swift:65:21: warning: call to main actor-isolated instance method 'tap()' in a synchronous nonisolated context
        soundToggle.tap()
                    ^
XCUIAutomation.XCUIElement.tap:2:22: note: calls to instance method 'tap()' from outside of its actor context are implicitly asynchronous
@MainActor open func tap()}
                     ^
/Users/hem/Documents/opt/my-daily-sprints/TimeBox/TimeBoxUITests/SoundSettingsUITests.swift:52:10: note: add '@MainActor' to make instance method 'testSoundToggleCanBeToggled()' part of global actor 'MainActor'
    func testSoundToggleCanBeToggled() throws {
         ^
    @MainActor 
/Users/hem/Documents/opt/my-daily-sprints/TimeBox/TimeBoxUITests/SoundSettingsUITests.swift:68:36: warning: main actor-isolated property 'value' can not be referenced from a nonisolated context
        let newValue = soundToggle.value as? String
                                   ^
/Applications/Xcode.app/Contents/Developer/Platforms/iPhoneSimulator.platform/Developer/Library/Frameworks/XCUIAutomation.framework/Headers/XCUIElementAttributes.h:41:35: note: property declared here
@property (readonly, nullable) id value;
                                  ^
/Users/hem/Documents/opt/my-daily-sprints/TimeBox/TimeBoxUITests/SoundSettingsUITests.swift:52:10: note: add '@MainActor' to make instance method 'testSoundToggleCanBeToggled()' part of global actor 'MainActor'
    func testSoundToggleCanBeToggled() throws {
         ^
    @MainActor 
/Users/hem/Documents/opt/my-daily-sprints/TimeBox/TimeBoxUITests/SoundSettingsUITests.swift:80:41: warning: main actor-isolated subscript 'subscript(_:)' can not be referenced from a nonisolated context
        let soundLabel = app.staticTexts["Sound bei Block-Ende"]
                                        ^
XCUIAutomation.XCUIElementQuery.subscript:2:17: note: subscript declared here
@MainActor open subscript(key: String) -> XCUIElement { get }}
                ^
/Users/hem/Documents/opt/my-daily-sprints/TimeBox/TimeBoxUITests/SoundSettingsUITests.swift:76:10: note: add '@MainActor' to make instance method 'testSoundSectionHasLabel()' part of global actor 'MainActor'
    func testSoundSectionHasLabel() throws {
         ^
    @MainActor 
/Users/hem/Documents/opt/my-daily-sprints/TimeBox/TimeBoxUITests/SoundSettingsUITests.swift:80:30: warning: main actor-isolated property 'staticTexts' can not be referenced from a nonisolated context
        let soundLabel = app.staticTexts["Sound bei Block-Ende"]
                             ^
/Applications/Xcode.app/Contents/Developer/Platforms/iPhoneSimulator.platform/Developer/Library/Frameworks/XCUIAutomation.framework/Headers/XCUIElementTypeQueryProvider.h:62:46: note: property declared here
@property (readonly, copy) XCUIElementQuery *staticTexts;
                                             ^
/Users/hem/Documents/opt/my-daily-sprints/TimeBox/TimeBoxUITests/SoundSettingsUITests.swift:76:10: note: add '@MainActor' to make instance method 'testSoundSectionHasLabel()' part of global actor 'MainActor'
    func testSoundSectionHasLabel() throws {
         ^
    @MainActor 
/Users/hem/Documents/opt/my-daily-sprints/TimeBox/TimeBoxUITests/SoundSettingsUITests.swift:81:34: warning: call to main actor-isolated instance method 'waitForExistence(timeout:)' in a synchronous nonisolated context
        XCTAssertTrue(soundLabel.waitForExistence(timeout: 5), "Sound section should have label 'Sound bei Block-Ende'")
                                 ^
XCUIAutomation.XCUIElement.waitForExistence:2:22: note: calls to instance method 'waitForExistence(timeout:)' from outside of its actor context are implicitly asynchronous
@MainActor open func waitForExistence(timeout: TimeInterval) -> Bool}
                     ^

SwiftEmitModule normal arm64 Emitting\ module\ for\ TimeBoxUITests (in target 'TimeBoxUITests' from project 'TimeBox')

EmitSwiftModule normal arm64 (in target 'TimeBoxUITests' from project 'TimeBox')
    cd /Users/hem/Documents/opt/my-daily-sprints/TimeBox
    

SwiftEmitModule normal arm64 Emitting\ module\ for\ TimeBoxTests (in target 'TimeBoxTests' from project 'TimeBox')

EmitSwiftModule normal arm64 (in target 'TimeBoxTests' from project 'TimeBox')
    cd /Users/hem/Documents/opt/my-daily-sprints/TimeBox
    

SwiftCompile normal arm64 Compiling\ SoundServiceTests.swift /Users/hem/Documents/opt/my-daily-sprints/TimeBox/TimeBoxTests/SoundServiceTests.swift (in target 'TimeBoxTests' from project 'TimeBox')

SwiftCompile normal arm64 /Users/hem/Documents/opt/my-daily-sprints/TimeBox/TimeBoxTests/SoundServiceTests.swift (in target 'TimeBoxTests' from project 'TimeBox')
    cd /Users/hem/Documents/opt/my-daily-sprints/TimeBox
    
/Users/hem/Documents/opt/my-daily-sprints/TimeBox/TimeBoxTests/SoundServiceTests.swift:19:13: warning: constant 'appSettingsType' inferred to have type 'AnyClass?' (aka 'Optional<any AnyObject.Type>'), which may be unexpected
        let appSettingsType = NSClassFromString("TimeBox.AppSettings")
            ^
/Users/hem/Documents/opt/my-daily-sprints/TimeBox/TimeBoxTests/SoundServiceTests.swift:19:13: note: add an explicit type annotation to silence this warning
        let appSettingsType = NSClassFromString("TimeBox.AppSettings")
            ^
                           : AnyClass?

SwiftDriverJobDiscovery normal arm64 Emitting module for TimeBoxUITests (in target 'TimeBoxUITests' from project 'TimeBox')

SwiftDriver\ Compilation\ Requirements TimeBoxUITests normal arm64 com.apple.xcode.tools.swift.compiler (in target 'TimeBoxUITests' from project 'TimeBox')
    cd /Users/hem/Documents/opt/my-daily-sprints/TimeBox
    builtin-Swift-Compilation-Requirements -- /Applications/Xcode.app/Contents/Developer/Toolchains/XcodeDefault.xctoolchain/usr/bin/swiftc -module-name TimeBoxUITests -Onone -enforce-exclusivity\=checked @/Users/hem/Library/Developer/Xcode/DerivedData/TimeBox-bsjmcdsflgpdivgxidgxnaahhzjo/Build/Intermediates.noindex/TimeBox.build/Debug-iphonesimulator/TimeBoxUITests.build/Objects-normal/arm64/TimeBoxUITests.SwiftFileList -DDEBUG -module-alias Testing\=_Testing_Unavailable -plugin-path /Applications/Xcode.app/Contents/Developer/Toolchains/XcodeDefault.xctoolchain/usr/lib/swift/host/plugins/testing -enable-experimental-feature DebugDescriptionMacro -sdk /Applications/Xcode.app/Contents/Developer/Platforms/iPhoneSimulator.platform/Developer/SDKs/iPhoneSimulator26.2.sdk -target arm64-apple-ios17.0-simulator -g -module-cache-path /Users/hem/Library/Developer/Xcode/DerivedData/ModuleCache.noindex -Xfrontend -serialize-debugging-options -profile-coverage-mapping -profile-generate -enable-testing -index-store-path /Users/hem/Library/Developer/Xcode/DerivedData/TimeBox-bsjmcdsflgpdivgxidgxnaahhzjo/Index.noindex/DataStore -Xcc -D_LIBCPP_HARDENING_MODE\=_LIBCPP_HARDENING_MODE_DEBUG -swift-version 6 -I /Users/hem/Library/Developer/Xcode/DerivedData/TimeBox-bsjmcdsflgpdivgxidgxnaahhzjo/Build/Products/Debug-iphonesimulator -Isystem /Applications/Xcode.app/Contents/Developer/Platforms/iPhoneSimulator.platform/Developer/usr/lib -F /Users/hem/Library/Developer/Xcode/DerivedData/TimeBox-bsjmcdsflgpdivgxidgxnaahhzjo/Build/Products/Debug-iphonesimulator -F /Applications/Xcode.app/Contents/Developer/Platforms/iPhoneSimulator.platform/Developer/Library/Frameworks -F /Applications/Xcode.app/Contents/Developer/Platforms/iPhoneSimulator.platform/Developer/SDKs/iPhoneSimulator26.2.sdk/Developer/Library/Frameworks -c -j10 -enable-batch-mode -incremental -Xcc -ivfsstatcache -Xcc /Users/hem/Library/Developer/Xcode/DerivedData/SDKStatCaches.noindex/iphonesimulator26.2-23C53-7d00a8b37fbd7999ea79df8ebc024bf0.sdkstatcache -output-file-map /Users/hem/Library/Developer/Xcode/DerivedData/TimeBox-bsjmcdsflgpdivgxidgxnaahhzjo/Build/Intermediates.noindex/TimeBox.build/Debug-iphonesimulator/TimeBoxUITests.build/Objects-normal/arm64/TimeBoxUITests-OutputFileMap.json -use-frontend-parseable-output -save-temps -no-color-diagnostics -explicit-module-build -module-cache-path /Users/hem/Library/Developer/Xcode/DerivedData/TimeBox-bsjmcdsflgpdivgxidgxnaahhzjo/Build/Intermediates.noindex/SwiftExplicitPrecompiledModules -clang-scanner-module-cache-path /Users/hem/Library/Developer/Xcode/DerivedData/ModuleCache.noindex -sdk-module-cache-path /Users/hem/Library/Developer/Xcode/DerivedData/ModuleCache.noindex -serialize-diagnostics -emit-dependencies -emit-module -emit-module-path /Users/hem/Library/Developer/Xcode/DerivedData/TimeBox-bsjmcdsflgpdivgxidgxnaahhzjo/Build/Intermediates.noindex/TimeBox.build/Debug-iphonesimulator/TimeBoxUITests.build/Objects-normal/arm64/TimeBoxUITests.swiftmodule -validate-clang-modules-once -clang-build-session-file /Users/hem/Library/Developer/Xcode/DerivedData/ModuleCache.noindex/Session.modulevalidation -Xcc -I/Users/hem/Library/Developer/Xcode/DerivedData/TimeBox-bsjmcdsflgpdivgxidgxnaahhzjo/Build/Intermediates.noindex/TimeBox.build/Debug-iphonesimulator/TimeBoxUITests.build/swift-overrides.hmap -emit-const-values -Xfrontend -const-gather-protocols-file -Xfrontend /Users/hem/Library/Developer/Xcode/DerivedData/TimeBox-bsjmcdsflgpdivgxidgxnaahhzjo/Build/Intermediates.noindex/TimeBox.build/Debug-iphonesimulator/TimeBoxUITests.build/Objects-normal/arm64/TimeBoxUITests_const_extract_protocols.json -Xcc -iquote -Xcc /Users/hem/Library/Developer/Xcode/DerivedData/TimeBox-bsjmcdsflgpdivgxidgxnaahhzjo/Build/Intermediates.noindex/TimeBox.build/Debug-iphonesimulator/TimeBoxUITests.build/TimeBoxUITests-generated-files.hmap -Xcc -I/Users/hem/Library/Developer/Xcode/DerivedData/TimeBox-bsjmcdsflgpdivgxidgxnaahhzjo/Build/Intermediates.noindex/TimeBox.build/Debug-iphonesimulator/TimeBoxUITests.build/TimeBoxUITests-own-target-headers.hmap -Xcc -I/Users/hem/Library/Developer/Xcode/DerivedData/TimeBox-bsjmcdsflgpdivgxidgxnaahhzjo/Build/Intermediates.noindex/TimeBox.build/Debug-iphonesimulator/TimeBoxUITests.build/TimeBoxUITests-all-target-headers.hmap -Xcc -iquote -Xcc /Users/hem/Library/Developer/Xcode/DerivedData/TimeBox-bsjmcdsflgpdivgxidgxnaahhzjo/Build/Intermediates.noindex/TimeBox.build/Debug-iphonesimulator/TimeBoxUITests.build/TimeBoxUITests-project-headers.hmap -Xcc -I/Users/hem/Library/Developer/Xcode/DerivedData/TimeBox-bsjmcdsflgpdivgxidgxnaahhzjo/Build/Products/Debug-iphonesimulator/include -Xcc -I/Users/hem/Library/Developer/Xcode/DerivedData/TimeBox-bsjmcdsflgpdivgxidgxnaahhzjo/Build/Intermediates.noindex/TimeBox.build/Debug-iphonesimulator/TimeBoxUITests.build/DerivedSources-normal/arm64 -Xcc -I/Users/hem/Library/Developer/Xcode/DerivedData/TimeBox-bsjmcdsflgpdivgxidgxnaahhzjo/Build/Intermediates.noindex/TimeBox.build/Debug-iphonesimulator/TimeBoxUITests.build/DerivedSources/arm64 -Xcc -I/Users/hem/Library/Developer/Xcode/DerivedData/TimeBox-bsjmcdsflgpdivgxidgxnaahhzjo/Build/Intermediates.noindex/TimeBox.build/Debug-iphonesimulator/TimeBoxUITests.build/DerivedSources -Xcc -DDEBUG\=1 -emit-objc-header -emit-objc-header-path /Users/hem/Library/Developer/Xcode/DerivedData/TimeBox-bsjmcdsflgpdivgxidgxnaahhzjo/Build/Intermediates.noindex/TimeBox.build/Debug-iphonesimulator/TimeBoxUITests.build/Objects-normal/arm64/TimeBoxUITests-Swift.h -working-directory /Users/hem/Documents/opt/my-daily-sprints/TimeBox -experimental-emit-module-separately -disable-cmo

Copy /Users/hem/Library/Developer/Xcode/DerivedData/TimeBox-bsjmcdsflgpdivgxidgxnaahhzjo/Build/Products/Debug-iphonesimulator/TimeBoxUITests.swiftmodule/arm64-apple-ios-simulator.swiftmodule /Users/hem/Library/Developer/Xcode/DerivedData/TimeBox-bsjmcdsflgpdivgxidgxnaahhzjo/Build/Intermediates.noindex/TimeBox.build/Debug-iphonesimulator/TimeBoxUITests.build/Objects-normal/arm64/TimeBoxUITests.swiftmodule (in target 'TimeBoxUITests' from project 'TimeBox')
    cd /Users/hem/Documents/opt/my-daily-sprints/TimeBox
    builtin-copy -exclude .DS_Store -exclude CVS -exclude .svn -exclude .git -exclude .hg -resolve-src-symlinks -rename /Users/hem/Library/Developer/Xcode/DerivedData/TimeBox-bsjmcdsflgpdivgxidgxnaahhzjo/Build/Intermediates.noindex/TimeBox.build/Debug-iphonesimulator/TimeBoxUITests.build/Objects-normal/arm64/TimeBoxUITests.swiftmodule /Users/hem/Library/Developer/Xcode/DerivedData/TimeBox-bsjmcdsflgpdivgxidgxnaahhzjo/Build/Products/Debug-iphonesimulator/TimeBoxUITests.swiftmodule/arm64-apple-ios-simulator.swiftmodule

Copy /Users/hem/Library/Developer/Xcode/DerivedData/TimeBox-bsjmcdsflgpdivgxidgxnaahhzjo/Build/Products/Debug-iphonesimulator/TimeBoxUITests.swiftmodule/Project/arm64-apple-ios-simulator.swiftsourceinfo /Users/hem/Library/Developer/Xcode/DerivedData/TimeBox-bsjmcdsflgpdivgxidgxnaahhzjo/Build/Intermediates.noindex/TimeBox.build/Debug-iphonesimulator/TimeBoxUITests.build/Objects-normal/arm64/TimeBoxUITests.swiftsourceinfo (in target 'TimeBoxUITests' from project 'TimeBox')
    cd /Users/hem/Documents/opt/my-daily-sprints/TimeBox
    builtin-copy -exclude .DS_Store -exclude CVS -exclude .svn -exclude .git -exclude .hg -resolve-src-symlinks -rename /Users/hem/Library/Developer/Xcode/DerivedData/TimeBox-bsjmcdsflgpdivgxidgxnaahhzjo/Build/Intermediates.noindex/TimeBox.build/Debug-iphonesimulator/TimeBoxUITests.build/Objects-normal/arm64/TimeBoxUITests.swiftsourceinfo /Users/hem/Library/Developer/Xcode/DerivedData/TimeBox-bsjmcdsflgpdivgxidgxnaahhzjo/Build/Products/Debug-iphonesimulator/TimeBoxUITests.swiftmodule/Project/arm64-apple-ios-simulator.swiftsourceinfo

Copy /Users/hem/Library/Developer/Xcode/DerivedData/TimeBox-bsjmcdsflgpdivgxidgxnaahhzjo/Build/Products/Debug-iphonesimulator/TimeBoxUITests.swiftmodule/arm64-apple-ios-simulator.swiftdoc /Users/hem/Library/Developer/Xcode/DerivedData/TimeBox-bsjmcdsflgpdivgxidgxnaahhzjo/Build/Intermediates.noindex/TimeBox.build/Debug-iphonesimulator/TimeBoxUITests.build/Objects-normal/arm64/TimeBoxUITests.swiftdoc (in target 'TimeBoxUITests' from project 'TimeBox')
    cd /Users/hem/Documents/opt/my-daily-sprints/TimeBox
    builtin-copy -exclude .DS_Store -exclude CVS -exclude .svn -exclude .git -exclude .hg -resolve-src-symlinks -rename /Users/hem/Library/Developer/Xcode/DerivedData/TimeBox-bsjmcdsflgpdivgxidgxnaahhzjo/Build/Intermediates.noindex/TimeBox.build/Debug-iphonesimulator/TimeBoxUITests.build/Objects-normal/arm64/TimeBoxUITests.swiftdoc /Users/hem/Library/Developer/Xcode/DerivedData/TimeBox-bsjmcdsflgpdivgxidgxnaahhzjo/Build/Products/Debug-iphonesimulator/TimeBoxUITests.swiftmodule/arm64-apple-ios-simulator.swiftdoc

Copy /Users/hem/Library/Developer/Xcode/DerivedData/TimeBox-bsjmcdsflgpdivgxidgxnaahhzjo/Build/Products/Debug-iphonesimulator/TimeBoxUITests.swiftmodule/arm64-apple-ios-simulator.abi.json /Users/hem/Library/Developer/Xcode/DerivedData/TimeBox-bsjmcdsflgpdivgxidgxnaahhzjo/Build/Intermediates.noindex/TimeBox.build/Debug-iphonesimulator/TimeBoxUITests.build/Objects-normal/arm64/TimeBoxUITests.abi.json (in target 'TimeBoxUITests' from project 'TimeBox')
    cd /Users/hem/Documents/opt/my-daily-sprints/TimeBox
    builtin-copy -exclude .DS_Store -exclude CVS -exclude .svn -exclude .git -exclude .hg -resolve-src-symlinks -rename /Users/hem/Library/Developer/Xcode/DerivedData/TimeBox-bsjmcdsflgpdivgxidgxnaahhzjo/Build/Intermediates.noindex/TimeBox.build/Debug-iphonesimulator/TimeBoxUITests.build/Objects-normal/arm64/TimeBoxUITests.abi.json /Users/hem/Library/Developer/Xcode/DerivedData/TimeBox-bsjmcdsflgpdivgxidgxnaahhzjo/Build/Products/Debug-iphonesimulator/TimeBoxUITests.swiftmodule/arm64-apple-ios-simulator.abi.json

SwiftDriverJobDiscovery normal arm64 Emitting module for TimeBoxTests (in target 'TimeBoxTests' from project 'TimeBox')

SwiftDriver\ Compilation\ Requirements TimeBoxTests normal arm64 com.apple.xcode.tools.swift.compiler (in target 'TimeBoxTests' from project 'TimeBox')
    cd /Users/hem/Documents/opt/my-daily-sprints/TimeBox
    builtin-Swift-Compilation-Requirements -- /Applications/Xcode.app/Contents/Developer/Toolchains/XcodeDefault.xctoolchain/usr/bin/swiftc -module-name TimeBoxTests -Onone -enforce-exclusivity\=checked @/Users/hem/Library/Developer/Xcode/DerivedData/TimeBox-bsjmcdsflgpdivgxidgxnaahhzjo/Build/Intermediates.noindex/TimeBox.build/Debug-iphonesimulator/TimeBoxTests.build/Objects-normal/arm64/TimeBoxTests.SwiftFileList -DDEBUG -plugin-path /Applications/Xcode.app/Contents/Developer/Toolchains/XcodeDefault.xctoolchain/usr/lib/swift/host/plugins/testing -enable-experimental-feature DebugDescriptionMacro -sdk /Applications/Xcode.app/Contents/Developer/Platforms/iPhoneSimulator.platform/Developer/SDKs/iPhoneSimulator26.2.sdk -target arm64-apple-ios17.0-simulator -g -module-cache-path /Users/hem/Library/Developer/Xcode/DerivedData/ModuleCache.noindex -Xfrontend -serialize-debugging-options -profile-coverage-mapping -profile-generate -enable-testing -index-store-path /Users/hem/Library/Developer/Xcode/DerivedData/TimeBox-bsjmcdsflgpdivgxidgxnaahhzjo/Index.noindex/DataStore -Xcc -D_LIBCPP_HARDENING_MODE\=_LIBCPP_HARDENING_MODE_DEBUG -swift-version 6 -I /Users/hem/Library/Developer/Xcode/DerivedData/TimeBox-bsjmcdsflgpdivgxidgxnaahhzjo/Build/Products/Debug-iphonesimulator -Isystem /Applications/Xcode.app/Contents/Developer/Platforms/iPhoneSimulator.platform/Developer/usr/lib -F /Users/hem/Library/Developer/Xcode/DerivedData/TimeBox-bsjmcdsflgpdivgxidgxnaahhzjo/Build/Products/Debug-iphonesimulator -F /Applications/Xcode.app/Contents/Developer/Platforms/iPhoneSimulator.platform/Developer/Library/Frameworks -F /Applications/Xcode.app/Contents/Developer/Platforms/iPhoneSimulator.platform/Developer/SDKs/iPhoneSimulator26.2.sdk/Developer/Library/Frameworks -c -j10 -enable-batch-mode -incremental -Xcc -ivfsstatcache -Xcc /Users/hem/Library/Developer/Xcode/DerivedData/SDKStatCaches.noindex/iphonesimulator26.2-23C53-7d00a8b37fbd7999ea79df8ebc024bf0.sdkstatcache -output-file-map /Users/hem/Library/Developer/Xcode/DerivedData/TimeBox-bsjmcdsflgpdivgxidgxnaahhzjo/Build/Intermediates.noindex/TimeBox.build/Debug-iphonesimulator/TimeBoxTests.build/Objects-normal/arm64/TimeBoxTests-OutputFileMap.json -use-frontend-parseable-output -save-temps -no-color-diagnostics -explicit-module-build -module-cache-path /Users/hem/Library/Developer/Xcode/DerivedData/TimeBox-bsjmcdsflgpdivgxidgxnaahhzjo/Build/Intermediates.noindex/SwiftExplicitPrecompiledModules -clang-scanner-module-cache-path /Users/hem/Library/Developer/Xcode/DerivedData/ModuleCache.noindex -sdk-module-cache-path /Users/hem/Library/Developer/Xcode/DerivedData/ModuleCache.noindex -serialize-diagnostics -emit-dependencies -emit-module -emit-module-path /Users/hem/Library/Developer/Xcode/DerivedData/TimeBox-bsjmcdsflgpdivgxidgxnaahhzjo/Build/Intermediates.noindex/TimeBox.build/Debug-iphonesimulator/TimeBoxTests.build/Objects-normal/arm64/TimeBoxTests.swiftmodule -validate-clang-modules-once -clang-build-session-file /Users/hem/Library/Developer/Xcode/DerivedData/ModuleCache.noindex/Session.modulevalidation -Xcc -I/Users/hem/Library/Developer/Xcode/DerivedData/TimeBox-bsjmcdsflgpdivgxidgxnaahhzjo/Build/Intermediates.noindex/TimeBox.build/Debug-iphonesimulator/TimeBoxTests.build/swift-overrides.hmap -emit-const-values -Xfrontend -const-gather-protocols-file -Xfrontend /Users/hem/Library/Developer/Xcode/DerivedData/TimeBox-bsjmcdsflgpdivgxidgxnaahhzjo/Build/Intermediates.noindex/TimeBox.build/Debug-iphonesimulator/TimeBoxTests.build/Objects-normal/arm64/TimeBoxTests_const_extract_protocols.json -Xcc -iquote -Xcc /Users/hem/Library/Developer/Xcode/DerivedData/TimeBox-bsjmcdsflgpdivgxidgxnaahhzjo/Build/Intermediates.noindex/TimeBox.build/Debug-iphonesimulator/TimeBoxTests.build/TimeBoxTests-generated-files.hmap -Xcc -I/Users/hem/Library/Developer/Xcode/DerivedData/TimeBox-bsjmcdsflgpdivgxidgxnaahhzjo/Build/Intermediates.noindex/TimeBox.build/Debug-iphonesimulator/TimeBoxTests.build/TimeBoxTests-own-target-headers.hmap -Xcc -I/Users/hem/Library/Developer/Xcode/DerivedData/TimeBox-bsjmcdsflgpdivgxidgxnaahhzjo/Build/Intermediates.noindex/TimeBox.build/Debug-iphonesimulator/TimeBoxTests.build/TimeBoxTests-all-target-headers.hmap -Xcc -iquote -Xcc /Users/hem/Library/Developer/Xcode/DerivedData/TimeBox-bsjmcdsflgpdivgxidgxnaahhzjo/Build/Intermediates.noindex/TimeBox.build/Debug-iphonesimulator/TimeBoxTests.build/TimeBoxTests-project-headers.hmap -Xcc -I/Users/hem/Library/Developer/Xcode/DerivedData/TimeBox-bsjmcdsflgpdivgxidgxnaahhzjo/Build/Products/Debug-iphonesimulator/include -Xcc -I/Users/hem/Library/Developer/Xcode/DerivedData/TimeBox-bsjmcdsflgpdivgxidgxnaahhzjo/Build/Intermediates.noindex/TimeBox.build/Debug-iphonesimulator/TimeBoxTests.build/DerivedSources-normal/arm64 -Xcc -I/Users/hem/Library/Developer/Xcode/DerivedData/TimeBox-bsjmcdsflgpdivgxidgxnaahhzjo/Build/Intermediates.noindex/TimeBox.build/Debug-iphonesimulator/TimeBoxTests.build/DerivedSources/arm64 -Xcc -I/Users/hem/Library/Developer/Xcode/DerivedData/TimeBox-bsjmcdsflgpdivgxidgxnaahhzjo/Build/Intermediates.noindex/TimeBox.build/Debug-iphonesimulator/TimeBoxTests.build/DerivedSources -Xcc -DDEBUG\=1 -emit-objc-header -emit-objc-header-path /Users/hem/Library/Developer/Xcode/DerivedData/TimeBox-bsjmcdsflgpdivgxidgxnaahhzjo/Build/Intermediates.noindex/TimeBox.build/Debug-iphonesimulator/TimeBoxTests.build/Objects-normal/arm64/TimeBoxTests-Swift.h -working-directory /Users/hem/Documents/opt/my-daily-sprints/TimeBox -experimental-emit-module-separately -disable-cmo

Copy /Users/hem/Library/Developer/Xcode/DerivedData/TimeBox-bsjmcdsflgpdivgxidgxnaahhzjo/Build/Products/Debug-iphonesimulator/TimeBoxTests.swiftmodule/arm64-apple-ios-simulator.swiftdoc /Users/hem/Library/Developer/Xcode/DerivedData/TimeBox-bsjmcdsflgpdivgxidgxnaahhzjo/Build/Intermediates.noindex/TimeBox.build/Debug-iphonesimulator/TimeBoxTests.build/Objects-normal/arm64/TimeBoxTests.swiftdoc (in target 'TimeBoxTests' from project 'TimeBox')
    cd /Users/hem/Documents/opt/my-daily-sprints/TimeBox
    builtin-copy -exclude .DS_Store -exclude CVS -exclude .svn -exclude .git -exclude .hg -resolve-src-symlinks -rename /Users/hem/Library/Developer/Xcode/DerivedData/TimeBox-bsjmcdsflgpdivgxidgxnaahhzjo/Build/Intermediates.noindex/TimeBox.build/Debug-iphonesimulator/TimeBoxTests.build/Objects-normal/arm64/TimeBoxTests.swiftdoc /Users/hem/Library/Developer/Xcode/DerivedData/TimeBox-bsjmcdsflgpdivgxidgxnaahhzjo/Build/Products/Debug-iphonesimulator/TimeBoxTests.swiftmodule/arm64-apple-ios-simulator.swiftdoc

Copy /Users/hem/Library/Developer/Xcode/DerivedData/TimeBox-bsjmcdsflgpdivgxidgxnaahhzjo/Build/Products/Debug-iphonesimulator/TimeBoxTests.swiftmodule/Project/arm64-apple-ios-simulator.swiftsourceinfo /Users/hem/Library/Developer/Xcode/DerivedData/TimeBox-bsjmcdsflgpdivgxidgxnaahhzjo/Build/Intermediates.noindex/TimeBox.build/Debug-iphonesimulator/TimeBoxTests.build/Objects-normal/arm64/TimeBoxTests.swiftsourceinfo (in target 'TimeBoxTests' from project 'TimeBox')
    cd /Users/hem/Documents/opt/my-daily-sprints/TimeBox
    builtin-copy -exclude .DS_Store -exclude CVS -exclude .svn -exclude .git -exclude .hg -resolve-src-symlinks -rename /Users/hem/Library/Developer/Xcode/DerivedData/TimeBox-bsjmcdsflgpdivgxidgxnaahhzjo/Build/Intermediates.noindex/TimeBox.build/Debug-iphonesimulator/TimeBoxTests.build/Objects-normal/arm64/TimeBoxTests.swiftsourceinfo /Users/hem/Library/Developer/Xcode/DerivedData/TimeBox-bsjmcdsflgpdivgxidgxnaahhzjo/Build/Products/Debug-iphonesimulator/TimeBoxTests.swiftmodule/Project/arm64-apple-ios-simulator.swiftsourceinfo

Copy /Users/hem/Library/Developer/Xcode/DerivedData/TimeBox-bsjmcdsflgpdivgxidgxnaahhzjo/Build/Products/Debug-iphonesimulator/TimeBoxTests.swiftmodule/arm64-apple-ios-simulator.abi.json /Users/hem/Library/Developer/Xcode/DerivedData/TimeBox-bsjmcdsflgpdivgxidgxnaahhzjo/Build/Intermediates.noindex/TimeBox.build/Debug-iphonesimulator/TimeBoxTests.build/Objects-normal/arm64/TimeBoxTests.abi.json (in target 'TimeBoxTests' from project 'TimeBox')
    cd /Users/hem/Documents/opt/my-daily-sprints/TimeBox
    builtin-copy -exclude .DS_Store -exclude CVS -exclude .svn -exclude .git -exclude .hg -resolve-src-symlinks -rename /Users/hem/Library/Developer/Xcode/DerivedData/TimeBox-bsjmcdsflgpdivgxidgxnaahhzjo/Build/Intermediates.noindex/TimeBox.build/Debug-iphonesimulator/TimeBoxTests.build/Objects-normal/arm64/TimeBoxTests.abi.json /Users/hem/Library/Developer/Xcode/DerivedData/TimeBox-bsjmcdsflgpdivgxidgxnaahhzjo/Build/Products/Debug-iphonesimulator/TimeBoxTests.swiftmodule/arm64-apple-ios-simulator.abi.json

Copy /Users/hem/Library/Developer/Xcode/DerivedData/TimeBox-bsjmcdsflgpdivgxidgxnaahhzjo/Build/Products/Debug-iphonesimulator/TimeBoxTests.swiftmodule/arm64-apple-ios-simulator.swiftmodule /Users/hem/Library/Developer/Xcode/DerivedData/TimeBox-bsjmcdsflgpdivgxidgxnaahhzjo/Build/Intermediates.noindex/TimeBox.build/Debug-iphonesimulator/TimeBoxTests.build/Objects-normal/arm64/TimeBoxTests.swiftmodule (in target 'TimeBoxTests' from project 'TimeBox')
    cd /Users/hem/Documents/opt/my-daily-sprints/TimeBox
    builtin-copy -exclude .DS_Store -exclude CVS -exclude .svn -exclude .git -exclude .hg -resolve-src-symlinks -rename /Users/hem/Library/Developer/Xcode/DerivedData/TimeBox-bsjmcdsflgpdivgxidgxnaahhzjo/Build/Intermediates.noindex/TimeBox.build/Debug-iphonesimulator/TimeBoxTests.build/Objects-normal/arm64/TimeBoxTests.swiftmodule /Users/hem/Library/Developer/Xcode/DerivedData/TimeBox-bsjmcdsflgpdivgxidgxnaahhzjo/Build/Products/Debug-iphonesimulator/TimeBoxTests.swiftmodule/arm64-apple-ios-simulator.swiftmodule

SwiftDriverJobDiscovery normal arm64 Compiling SoundServiceTests.swift (in target 'TimeBoxTests' from project 'TimeBox')

SwiftDriver\ Compilation TimeBoxTests normal arm64 com.apple.xcode.tools.swift.compiler (in target 'TimeBoxTests' from project 'TimeBox')
    cd /Users/hem/Documents/opt/my-daily-sprints/TimeBox
    builtin-Swift-Compilation -- /Applications/Xcode.app/Contents/Developer/Toolchains/XcodeDefault.xctoolchain/usr/bin/swiftc -module-name TimeBoxTests -Onone -enforce-exclusivity\=checked @/Users/hem/Library/Developer/Xcode/DerivedData/TimeBox-bsjmcdsflgpdivgxidgxnaahhzjo/Build/Intermediates.noindex/TimeBox.build/Debug-iphonesimulator/TimeBoxTests.build/Objects-normal/arm64/TimeBoxTests.SwiftFileList -DDEBUG -plugin-path /Applications/Xcode.app/Contents/Developer/Toolchains/XcodeDefault.xctoolchain/usr/lib/swift/host/plugins/testing -enable-experimental-feature DebugDescriptionMacro -sdk /Applications/Xcode.app/Contents/Developer/Platforms/iPhoneSimulator.platform/Developer/SDKs/iPhoneSimulator26.2.sdk -target arm64-apple-ios17.0-simulator -g -module-cache-path /Users/hem/Library/Developer/Xcode/DerivedData/ModuleCache.noindex -Xfrontend -serialize-debugging-options -profile-coverage-mapping -profile-generate -enable-testing -index-store-path /Users/hem/Library/Developer/Xcode/DerivedData/TimeBox-bsjmcdsflgpdivgxidgxnaahhzjo/Index.noindex/DataStore -Xcc -D_LIBCPP_HARDENING_MODE\=_LIBCPP_HARDENING_MODE_DEBUG -swift-version 6 -I /Users/hem/Library/Developer/Xcode/DerivedData/TimeBox-bsjmcdsflgpdivgxidgxnaahhzjo/Build/Products/Debug-iphonesimulator -Isystem /Applications/Xcode.app/Contents/Developer/Platforms/iPhoneSimulator.platform/Developer/usr/lib -F /Users/hem/Library/Developer/Xcode/DerivedData/TimeBox-bsjmcdsflgpdivgxidgxnaahhzjo/Build/Products/Debug-iphonesimulator -F /Applications/Xcode.app/Contents/Developer/Platforms/iPhoneSimulator.platform/Developer/Library/Frameworks -F /Applications/Xcode.app/Contents/Developer/Platforms/iPhoneSimulator.platform/Developer/SDKs/iPhoneSimulator26.2.sdk/Developer/Library/Frameworks -c -j10 -enable-batch-mode -incremental -Xcc -ivfsstatcache -Xcc /Users/hem/Library/Developer/Xcode/DerivedData/SDKStatCaches.noindex/iphonesimulator26.2-23C53-7d00a8b37fbd7999ea79df8ebc024bf0.sdkstatcache -output-file-map /Users/hem/Library/Developer/Xcode/DerivedData/TimeBox-bsjmcdsflgpdivgxidgxnaahhzjo/Build/Intermediates.noindex/TimeBox.build/Debug-iphonesimulator/TimeBoxTests.build/Objects-normal/arm64/TimeBoxTests-OutputFileMap.json -use-frontend-parseable-output -save-temps -no-color-diagnostics -explicit-module-build -module-cache-path /Users/hem/Library/Developer/Xcode/DerivedData/TimeBox-bsjmcdsflgpdivgxidgxnaahhzjo/Build/Intermediates.noindex/SwiftExplicitPrecompiledModules -clang-scanner-module-cache-path /Users/hem/Library/Developer/Xcode/DerivedData/ModuleCache.noindex -sdk-module-cache-path /Users/hem/Library/Developer/Xcode/DerivedData/ModuleCache.noindex -serialize-diagnostics -emit-dependencies -emit-module -emit-module-path /Users/hem/Library/Developer/Xcode/DerivedData/TimeBox-bsjmcdsflgpdivgxidgxnaahhzjo/Build/Intermediates.noindex/TimeBox.build/Debug-iphonesimulator/TimeBoxTests.build/Objects-normal/arm64/TimeBoxTests.swiftmodule -validate-clang-modules-once -clang-build-session-file /Users/hem/Library/Developer/Xcode/DerivedData/ModuleCache.noindex/Session.modulevalidation -Xcc -I/Users/hem/Library/Developer/Xcode/DerivedData/TimeBox-bsjmcdsflgpdivgxidgxnaahhzjo/Build/Intermediates.noindex/TimeBox.build/Debug-iphonesimulator/TimeBoxTests.build/swift-overrides.hmap -emit-const-values -Xfrontend -const-gather-protocols-file -Xfrontend /Users/hem/Library/Developer/Xcode/DerivedData/TimeBox-bsjmcdsflgpdivgxidgxnaahhzjo/Build/Intermediates.noindex/TimeBox.build/Debug-iphonesimulator/TimeBoxTests.build/Objects-normal/arm64/TimeBoxTests_const_extract_protocols.json -Xcc -iquote -Xcc /Users/hem/Library/Developer/Xcode/DerivedData/TimeBox-bsjmcdsflgpdivgxidgxnaahhzjo/Build/Intermediates.noindex/TimeBox.build/Debug-iphonesimulator/TimeBoxTests.build/TimeBoxTests-generated-files.hmap -Xcc -I/Users/hem/Library/Developer/Xcode/DerivedData/TimeBox-bsjmcdsflgpdivgxidgxnaahhzjo/Build/Intermediates.noindex/TimeBox.build/Debug-iphonesimulator/TimeBoxTests.build/TimeBoxTests-own-target-headers.hmap -Xcc -I/Users/hem/Library/Developer/Xcode/DerivedData/TimeBox-bsjmcdsflgpdivgxidgxnaahhzjo/Build/Intermediates.noindex/TimeBox.build/Debug-iphonesimulator/TimeBoxTests.build/TimeBoxTests-all-target-headers.hmap -Xcc -iquote -Xcc /Users/hem/Library/Developer/Xcode/DerivedData/TimeBox-bsjmcdsflgpdivgxidgxnaahhzjo/Build/Intermediates.noindex/TimeBox.build/Debug-iphonesimulator/TimeBoxTests.build/TimeBoxTests-project-headers.hmap -Xcc -I/Users/hem/Library/Developer/Xcode/DerivedData/TimeBox-bsjmcdsflgpdivgxidgxnaahhzjo/Build/Products/Debug-iphonesimulator/include -Xcc -I/Users/hem/Library/Developer/Xcode/DerivedData/TimeBox-bsjmcdsflgpdivgxidgxnaahhzjo/Build/Intermediates.noindex/TimeBox.build/Debug-iphonesimulator/TimeBoxTests.build/DerivedSources-normal/arm64 -Xcc -I/Users/hem/Library/Developer/Xcode/DerivedData/TimeBox-bsjmcdsflgpdivgxidgxnaahhzjo/Build/Intermediates.noindex/TimeBox.build/Debug-iphonesimulator/TimeBoxTests.build/DerivedSources/arm64 -Xcc -I/Users/hem/Library/Developer/Xcode/DerivedData/TimeBox-bsjmcdsflgpdivgxidgxnaahhzjo/Build/Intermediates.noindex/TimeBox.build/Debug-iphonesimulator/TimeBoxTests.build/DerivedSources -Xcc -DDEBUG\=1 -emit-objc-header -emit-objc-header-path /Users/hem/Library/Developer/Xcode/DerivedData/TimeBox-bsjmcdsflgpdivgxidgxnaahhzjo/Build/Intermediates.noindex/TimeBox.build/Debug-iphonesimulator/TimeBoxTests.build/Objects-normal/arm64/TimeBoxTests-Swift.h -working-directory /Users/hem/Documents/opt/my-daily-sprints/TimeBox -experimental-emit-module-separately -disable-cmo

SwiftDriverJobDiscovery normal arm64 Compiling SoundSettingsUITests.swift (in target 'TimeBoxUITests' from project 'TimeBox')

SwiftDriver\ Compilation TimeBoxUITests normal arm64 com.apple.xcode.tools.swift.compiler (in target 'TimeBoxUITests' from project 'TimeBox')
    cd /Users/hem/Documents/opt/my-daily-sprints/TimeBox
    builtin-Swift-Compilation -- /Applications/Xcode.app/Contents/Developer/Toolchains/XcodeDefault.xctoolchain/usr/bin/swiftc -module-name TimeBoxUITests -Onone -enforce-exclusivity\=checked @/Users/hem/Library/Developer/Xcode/DerivedData/TimeBox-bsjmcdsflgpdivgxidgxnaahhzjo/Build/Intermediates.noindex/TimeBox.build/Debug-iphonesimulator/TimeBoxUITests.build/Objects-normal/arm64/TimeBoxUITests.SwiftFileList -DDEBUG -module-alias Testing\=_Testing_Unavailable -plugin-path /Applications/Xcode.app/Contents/Developer/Toolchains/XcodeDefault.xctoolchain/usr/lib/swift/host/plugins/testing -enable-experimental-feature DebugDescriptionMacro -sdk /Applications/Xcode.app/Contents/Developer/Platforms/iPhoneSimulator.platform/Developer/SDKs/iPhoneSimulator26.2.sdk -target arm64-apple-ios17.0-simulator -g -module-cache-path /Users/hem/Library/Developer/Xcode/DerivedData/ModuleCache.noindex -Xfrontend -serialize-debugging-options -profile-coverage-mapping -profile-generate -enable-testing -index-store-path /Users/hem/Library/Developer/Xcode/DerivedData/TimeBox-bsjmcdsflgpdivgxidgxnaahhzjo/Index.noindex/DataStore -Xcc -D_LIBCPP_HARDENING_MODE\=_LIBCPP_HARDENING_MODE_DEBUG -swift-version 6 -I /Users/hem/Library/Developer/Xcode/DerivedData/TimeBox-bsjmcdsflgpdivgxidgxnaahhzjo/Build/Products/Debug-iphonesimulator -Isystem /Applications/Xcode.app/Contents/Developer/Platforms/iPhoneSimulator.platform/Developer/usr/lib -F /Users/hem/Library/Developer/Xcode/DerivedData/TimeBox-bsjmcdsflgpdivgxidgxnaahhzjo/Build/Products/Debug-iphonesimulator -F /Applications/Xcode.app/Contents/Developer/Platforms/iPhoneSimulator.platform/Developer/Library/Frameworks -F /Applications/Xcode.app/Contents/Developer/Platforms/iPhoneSimulator.platform/Developer/SDKs/iPhoneSimulator26.2.sdk/Developer/Library/Frameworks -c -j10 -enable-batch-mode -incremental -Xcc -ivfsstatcache -Xcc /Users/hem/Library/Developer/Xcode/DerivedData/SDKStatCaches.noindex/iphonesimulator26.2-23C53-7d00a8b37fbd7999ea79df8ebc024bf0.sdkstatcache -output-file-map /Users/hem/Library/Developer/Xcode/DerivedData/TimeBox-bsjmcdsflgpdivgxidgxnaahhzjo/Build/Intermediates.noindex/TimeBox.build/Debug-iphonesimulator/TimeBoxUITests.build/Objects-normal/arm64/TimeBoxUITests-OutputFileMap.json -use-frontend-parseable-output -save-temps -no-color-diagnostics -explicit-module-build -module-cache-path /Users/hem/Library/Developer/Xcode/DerivedData/TimeBox-bsjmcdsflgpdivgxidgxnaahhzjo/Build/Intermediates.noindex/SwiftExplicitPrecompiledModules -clang-scanner-module-cache-path /Users/hem/Library/Developer/Xcode/DerivedData/ModuleCache.noindex -sdk-module-cache-path /Users/hem/Library/Developer/Xcode/DerivedData/ModuleCache.noindex -serialize-diagnostics -emit-dependencies -emit-module -emit-module-path /Users/hem/Library/Developer/Xcode/DerivedData/TimeBox-bsjmcdsflgpdivgxidgxnaahhzjo/Build/Intermediates.noindex/TimeBox.build/Debug-iphonesimulator/TimeBoxUITests.build/Objects-normal/arm64/TimeBoxUITests.swiftmodule -validate-clang-modules-once -clang-build-session-file /Users/hem/Library/Developer/Xcode/DerivedData/ModuleCache.noindex/Session.modulevalidation -Xcc -I/Users/hem/Library/Developer/Xcode/DerivedData/TimeBox-bsjmcdsflgpdivgxidgxnaahhzjo/Build/Intermediates.noindex/TimeBox.build/Debug-iphonesimulator/TimeBoxUITests.build/swift-overrides.hmap -emit-const-values -Xfrontend -const-gather-protocols-file -Xfrontend /Users/hem/Library/Developer/Xcode/DerivedData/TimeBox-bsjmcdsflgpdivgxidgxnaahhzjo/Build/Intermediates.noindex/TimeBox.build/Debug-iphonesimulator/TimeBoxUITests.build/Objects-normal/arm64/TimeBoxUITests_const_extract_protocols.json -Xcc -iquote -Xcc /Users/hem/Library/Developer/Xcode/DerivedData/TimeBox-bsjmcdsflgpdivgxidgxnaahhzjo/Build/Intermediates.noindex/TimeBox.build/Debug-iphonesimulator/TimeBoxUITests.build/TimeBoxUITests-generated-files.hmap -Xcc -I/Users/hem/Library/Developer/Xcode/DerivedData/TimeBox-bsjmcdsflgpdivgxidgxnaahhzjo/Build/Intermediates.noindex/TimeBox.build/Debug-iphonesimulator/TimeBoxUITests.build/TimeBoxUITests-own-target-headers.hmap -Xcc -I/Users/hem/Library/Developer/Xcode/DerivedData/TimeBox-bsjmcdsflgpdivgxidgxnaahhzjo/Build/Intermediates.noindex/TimeBox.build/Debug-iphonesimulator/TimeBoxUITests.build/TimeBoxUITests-all-target-headers.hmap -Xcc -iquote -Xcc /Users/hem/Library/Developer/Xcode/DerivedData/TimeBox-bsjmcdsflgpdivgxidgxnaahhzjo/Build/Intermediates.noindex/TimeBox.build/Debug-iphonesimulator/TimeBoxUITests.build/TimeBoxUITests-project-headers.hmap -Xcc -I/Users/hem/Library/Developer/Xcode/DerivedData/TimeBox-bsjmcdsflgpdivgxidgxnaahhzjo/Build/Products/Debug-iphonesimulator/include -Xcc -I/Users/hem/Library/Developer/Xcode/DerivedData/TimeBox-bsjmcdsflgpdivgxidgxnaahhzjo/Build/Intermediates.noindex/TimeBox.build/Debug-iphonesimulator/TimeBoxUITests.build/DerivedSources-normal/arm64 -Xcc -I/Users/hem/Library/Developer/Xcode/DerivedData/TimeBox-bsjmcdsflgpdivgxidgxnaahhzjo/Build/Intermediates.noindex/TimeBox.build/Debug-iphonesimulator/TimeBoxUITests.build/DerivedSources/arm64 -Xcc -I/Users/hem/Library/Developer/Xcode/DerivedData/TimeBox-bsjmcdsflgpdivgxidgxnaahhzjo/Build/Intermediates.noindex/TimeBox.build/Debug-iphonesimulator/TimeBoxUITests.build/DerivedSources -Xcc -DDEBUG\=1 -emit-objc-header -emit-objc-header-path /Users/hem/Library/Developer/Xcode/DerivedData/TimeBox-bsjmcdsflgpdivgxidgxnaahhzjo/Build/Intermediates.noindex/TimeBox.build/Debug-iphonesimulator/TimeBoxUITests.build/Objects-normal/arm64/TimeBoxUITests-Swift.h -working-directory /Users/hem/Documents/opt/my-daily-sprints/TimeBox -experimental-emit-module-separately -disable-cmo

Ld /Users/hem/Library/Developer/Xcode/DerivedData/TimeBox-bsjmcdsflgpdivgxidgxnaahhzjo/Build/Products/Debug-iphonesimulator/TimeBox.app/PlugIns/TimeBoxTests.xctest/TimeBoxTests normal (in target 'TimeBoxTests' from project 'TimeBox')
    cd /Users/hem/Documents/opt/my-daily-sprints/TimeBox
    /Applications/Xcode.app/Contents/Developer/Toolchains/XcodeDefault.xctoolchain/usr/bin/clang -Xlinker -reproducible -target arm64-apple-ios17.0-simulator -bundle -isysroot /Applications/Xcode.app/Contents/Developer/Platforms/iPhoneSimulator.platform/Developer/SDKs/iPhoneSimulator26.2.sdk -O0 -L/Users/hem/Library/Developer/Xcode/DerivedData/TimeBox-bsjmcdsflgpdivgxidgxnaahhzjo/Build/Intermediates.noindex/EagerLinkingTBDs/Debug-iphonesimulator -L/Users/hem/Library/Developer/Xcode/DerivedData/TimeBox-bsjmcdsflgpdivgxidgxnaahhzjo/Build/Products/Debug-iphonesimulator -L/Applications/Xcode.app/Contents/Developer/Platforms/iPhoneSimulator.platform/Developer/usr/lib -F/Users/hem/Library/Developer/Xcode/DerivedData/TimeBox-bsjmcdsflgpdivgxidgxnaahhzjo/Build/Intermediates.noindex/EagerLinkingTBDs/Debug-iphonesimulator -F/Users/hem/Library/Developer/Xcode/DerivedData/TimeBox-bsjmcdsflgpdivgxidgxnaahhzjo/Build/Products/Debug-iphonesimulator -iframework /Applications/Xcode.app/Contents/Developer/Platforms/iPhoneSimulator.platform/Developer/Library/Frameworks -iframework /Applications/Xcode.app/Contents/Developer/Platforms/iPhoneSimulator.platform/Developer/SDKs/iPhoneSimulator26.2.sdk/Developer/Library/Frameworks -filelist /Users/hem/Library/Developer/Xcode/DerivedData/TimeBox-bsjmcdsflgpdivgxidgxnaahhzjo/Build/Intermediates.noindex/TimeBox.build/Debug-iphonesimulator/TimeBoxTests.build/Objects-normal/arm64/TimeBoxTests.LinkFileList -Xlinker -rpath -Xlinker /usr/lib/swift -Xlinker -rpath -Xlinker @loader_path/Frameworks -Xlinker -rpath -Xlinker @executable_path/Frameworks -dead_strip -bundle_loader /Users/hem/Library/Developer/Xcode/DerivedData/TimeBox-bsjmcdsflgpdivgxidgxnaahhzjo/Build/Products/Debug-iphonesimulator/TimeBox.app/TimeBox -Xlinker -object_path_lto -Xlinker /Users/hem/Library/Developer/Xcode/DerivedData/TimeBox-bsjmcdsflgpdivgxidgxnaahhzjo/Build/Intermediates.noindex/TimeBox.build/Debug-iphonesimulator/TimeBoxTests.build/Objects-normal/arm64/TimeBoxTests_lto.o -rdynamic -Xlinker -no_deduplicate -Xlinker -objc_abi_version -Xlinker 2 -Xlinker -debug_variant -Xlinker -dependency_info -Xlinker /Users/hem/Library/Developer/Xcode/DerivedData/TimeBox-bsjmcdsflgpdivgxidgxnaahhzjo/Build/Intermediates.noindex/TimeBox.build/Debug-iphonesimulator/TimeBoxTests.build/Objects-normal/arm64/TimeBoxTests_dependency_info.dat -fobjc-link-runtime -fprofile-instr-generate -L/Applications/Xcode.app/Contents/Developer/Toolchains/XcodeDefault.xctoolchain/usr/lib/swift/iphonesimulator -L/usr/lib/swift -Xlinker -add_ast_path -Xlinker /Users/hem/Library/Developer/Xcode/DerivedData/TimeBox-bsjmcdsflgpdivgxidgxnaahhzjo/Build/Intermediates.noindex/TimeBox.build/Debug-iphonesimulator/TimeBoxTests.build/Objects-normal/arm64/TimeBoxTests.swiftmodule @/Users/hem/Library/Developer/Xcode/DerivedData/TimeBox-bsjmcdsflgpdivgxidgxnaahhzjo/Build/Intermediates.noindex/TimeBox.build/Debug-iphonesimulator/TimeBoxTests.build/Objects-normal/arm64/TimeBoxTests-linker-args.resp -Xlinker -needed_framework -Xlinker XCTest -framework XCTest -Xlinker -needed-lXCTestSwiftSupport -lXCTestSwiftSupport /Users/hem/Library/Developer/Xcode/DerivedData/TimeBox-bsjmcdsflgpdivgxidgxnaahhzjo/Build/Products/Debug-iphonesimulator/TimeBox.app/TimeBox.debug.dylib -Xlinker -no_adhoc_codesign -o /Users/hem/Library/Developer/Xcode/DerivedData/TimeBox-bsjmcdsflgpdivgxidgxnaahhzjo/Build/Products/Debug-iphonesimulator/TimeBox.app/PlugIns/TimeBoxTests.xctest/TimeBoxTests

ExtractAppIntentsMetadata (in target 'TimeBoxTests' from project 'TimeBox')
    cd /Users/hem/Documents/opt/my-daily-sprints/TimeBox
    /Applications/Xcode.app/Contents/Developer/Toolchains/XcodeDefault.xctoolchain/usr/bin/appintentsmetadataprocessor --toolchain-dir /Applications/Xcode.app/Contents/Developer/Toolchains/XcodeDefault.xctoolchain --module-name TimeBoxTests --sdk-root /Applications/Xcode.app/Contents/Developer/Platforms/iPhoneSimulator.platform/Developer/SDKs/iPhoneSimulator26.2.sdk --xcode-version 17C52 --platform-family iOS --deployment-target 17.0 --bundle-identifier com.henning.timebox.tests --output /Users/hem/Library/Developer/Xcode/DerivedData/TimeBox-bsjmcdsflgpdivgxidgxnaahhzjo/Build/Products/Debug-iphonesimulator/TimeBox.app/PlugIns/TimeBoxTests.xctest --target-triple arm64-apple-ios17.0-simulator --binary-file /Users/hem/Library/Developer/Xcode/DerivedData/TimeBox-bsjmcdsflgpdivgxidgxnaahhzjo/Build/Products/Debug-iphonesimulator/TimeBox.app/PlugIns/TimeBoxTests.xctest/TimeBoxTests --dependency-file /Users/hem/Library/Developer/Xcode/DerivedData/TimeBox-bsjmcdsflgpdivgxidgxnaahhzjo/Build/Intermediates.noindex/TimeBox.build/Debug-iphonesimulator/TimeBoxTests.build/Objects-normal/arm64/TimeBoxTests_dependency_info.dat --stringsdata-file /Users/hem/Library/Developer/Xcode/DerivedData/TimeBox-bsjmcdsflgpdivgxidgxnaahhzjo/Build/Intermediates.noindex/TimeBox.build/Debug-iphonesimulator/TimeBoxTests.build/Objects-normal/arm64/ExtractedAppShortcutsMetadata.stringsdata --source-file-list /Users/hem/Library/Developer/Xcode/DerivedData/TimeBox-bsjmcdsflgpdivgxidgxnaahhzjo/Build/Intermediates.noindex/TimeBox.build/Debug-iphonesimulator/TimeBoxTests.build/Objects-normal/arm64/TimeBoxTests.SwiftFileList --metadata-file-list /Users/hem/Library/Developer/Xcode/DerivedData/TimeBox-bsjmcdsflgpdivgxidgxnaahhzjo/Build/Intermediates.noindex/TimeBox.build/Debug-iphonesimulator/TimeBoxTests.build/TimeBoxTests.DependencyMetadataFileList --static-metadata-file-list /Users/hem/Library/Developer/Xcode/DerivedData/TimeBox-bsjmcdsflgpdivgxidgxnaahhzjo/Build/Intermediates.noindex/TimeBox.build/Debug-iphonesimulator/TimeBoxTests.build/TimeBoxTests.DependencyStaticMetadataFileList --swift-const-vals-list /Users/hem/Library/Developer/Xcode/DerivedData/TimeBox-bsjmcdsflgpdivgxidgxnaahhzjo/Build/Intermediates.noindex/TimeBox.build/Debug-iphonesimulator/TimeBoxTests.build/Objects-normal/arm64/TimeBoxTests.SwiftConstValuesFileList --compile-time-extraction --deployment-aware-processing --validate-assistant-intents --no-app-shortcuts-localization
2026-01-22 19:12:50.141 appintentsmetadataprocessor[79011:28014651] Starting appintentsmetadataprocessor export
2026-01-22 19:12:50.142 appintentsmetadataprocessor[79011:28014651] warning: Metadata extraction skipped. No AppIntents.framework dependency found.

CopySwiftLibs /Users/hem/Library/Developer/Xcode/DerivedData/TimeBox-bsjmcdsflgpdivgxidgxnaahhzjo/Build/Products/Debug-iphonesimulator/TimeBox.app/PlugIns/TimeBoxTests.xctest (in target 'TimeBoxTests' from project 'TimeBox')
    cd /Users/hem/Documents/opt/my-daily-sprints/TimeBox
    builtin-swiftStdLibTool --copy --verbose --sign - --scan-executable /Users/hem/Library/Developer/Xcode/DerivedData/TimeBox-bsjmcdsflgpdivgxidgxnaahhzjo/Build/Products/Debug-iphonesimulator/TimeBox.app/PlugIns/TimeBoxTests.xctest/TimeBoxTests --scan-folder /Users/hem/Library/Developer/Xcode/DerivedData/TimeBox-bsjmcdsflgpdivgxidgxnaahhzjo/Build/Products/Debug-iphonesimulator/TimeBox.app/PlugIns/TimeBoxTests.xctest/Frameworks --scan-folder /Users/hem/Library/Developer/Xcode/DerivedData/TimeBox-bsjmcdsflgpdivgxidgxnaahhzjo/Build/Products/Debug-iphonesimulator/TimeBox.app/PlugIns/TimeBoxTests.xctest/PlugIns --scan-folder /Users/hem/Library/Developer/Xcode/DerivedData/TimeBox-bsjmcdsflgpdivgxidgxnaahhzjo/Build/Products/Debug-iphonesimulator/TimeBox.app/PlugIns/TimeBoxTests.xctest/SystemExtensions --scan-folder /Users/hem/Library/Developer/Xcode/DerivedData/TimeBox-bsjmcdsflgpdivgxidgxnaahhzjo/Build/Products/Debug-iphonesimulator/TimeBox.app/PlugIns/TimeBoxTests.xctest/Extensions --platform iphonesimulator --toolchain /Applications/Xcode.app/Contents/Developer/Toolchains/XcodeDefault.xctoolchain --destination /Users/hem/Library/Developer/Xcode/DerivedData/TimeBox-bsjmcdsflgpdivgxidgxnaahhzjo/Build/Products/Debug-iphonesimulator/TimeBox.app/PlugIns/TimeBoxTests.xctest/Frameworks --strip-bitcode --scan-executable /Applications/Xcode.app/Contents/Developer/Platforms/iPhoneSimulator.platform/Developer/usr/lib/libXCTestSwiftSupport.dylib --strip-bitcode-tool /Applications/Xcode.app/Contents/Developer/Toolchains/XcodeDefault.xctoolchain/usr/bin/bitcode_strip --emit-dependency-info /Users/hem/Library/Developer/Xcode/DerivedData/TimeBox-bsjmcdsflgpdivgxidgxnaahhzjo/Build/Intermediates.noindex/TimeBox.build/Debug-iphonesimulator/TimeBoxTests.build/SwiftStdLibToolInputDependencies.dep --filter-for-swift-os

CodeSign /Users/hem/Library/Developer/Xcode/DerivedData/TimeBox-bsjmcdsflgpdivgxidgxnaahhzjo/Build/Products/Debug-iphonesimulator/TimeBox.app/PlugIns/TimeBoxTests.xctest (in target 'TimeBoxTests' from project 'TimeBox')
    cd /Users/hem/Documents/opt/my-daily-sprints/TimeBox
    
    Signing Identity:     "Sign to Run Locally"
    
    /usr/bin/codesign --force --sign - --timestamp\=none --generate-entitlement-der /Users/hem/Library/Developer/Xcode/DerivedData/TimeBox-bsjmcdsflgpdivgxidgxnaahhzjo/Build/Products/Debug-iphonesimulator/TimeBox.app/PlugIns/TimeBoxTests.xctest

CodeSign /Users/hem/Library/Developer/Xcode/DerivedData/TimeBox-bsjmcdsflgpdivgxidgxnaahhzjo/Build/Products/Debug-iphonesimulator/TimeBox.app/TimeBox.debug.dylib (in target 'TimeBox' from project 'TimeBox')
    cd /Users/hem/Documents/opt/my-daily-sprints/TimeBox
    
    Signing Identity:     "Sign to Run Locally"
    
    /usr/bin/codesign --force --sign - --timestamp\=none --generate-entitlement-der /Users/hem/Library/Developer/Xcode/DerivedData/TimeBox-bsjmcdsflgpdivgxidgxnaahhzjo/Build/Products/Debug-iphonesimulator/TimeBox.app/TimeBox.debug.dylib
/Users/hem/Library/Developer/Xcode/DerivedData/TimeBox-bsjmcdsflgpdivgxidgxnaahhzjo/Build/Products/Debug-iphonesimulator/TimeBox.app/TimeBox.debug.dylib: replacing existing signature

CodeSign /Users/hem/Library/Developer/Xcode/DerivedData/TimeBox-bsjmcdsflgpdivgxidgxnaahhzjo/Build/Products/Debug-iphonesimulator/TimeBox.app/__preview.dylib (in target 'TimeBox' from project 'TimeBox')
    cd /Users/hem/Documents/opt/my-daily-sprints/TimeBox
    
    Signing Identity:     "Sign to Run Locally"
    
    /usr/bin/codesign --force --sign - --timestamp\=none --generate-entitlement-der /Users/hem/Library/Developer/Xcode/DerivedData/TimeBox-bsjmcdsflgpdivgxidgxnaahhzjo/Build/Products/Debug-iphonesimulator/TimeBox.app/__preview.dylib
/Users/hem/Library/Developer/Xcode/DerivedData/TimeBox-bsjmcdsflgpdivgxidgxnaahhzjo/Build/Products/Debug-iphonesimulator/TimeBox.app/__preview.dylib: replacing existing signature

CodeSign /Users/hem/Library/Developer/Xcode/DerivedData/TimeBox-bsjmcdsflgpdivgxidgxnaahhzjo/Build/Products/Debug-iphonesimulator/TimeBox.app (in target 'TimeBox' from project 'TimeBox')
    cd /Users/hem/Documents/opt/my-daily-sprints/TimeBox
    
    Signing Identity:     "Sign to Run Locally"
    
    /usr/bin/codesign --force --sign - --entitlements /Users/hem/Library/Developer/Xcode/DerivedData/TimeBox-bsjmcdsflgpdivgxidgxnaahhzjo/Build/Intermediates.noindex/TimeBox.build/Debug-iphonesimulator/TimeBox.build/TimeBox.app.xcent --timestamp\=none --generate-entitlement-der /Users/hem/Library/Developer/Xcode/DerivedData/TimeBox-bsjmcdsflgpdivgxidgxnaahhzjo/Build/Products/Debug-iphonesimulator/TimeBox.app
/Users/hem/Library/Developer/Xcode/DerivedData/TimeBox-bsjmcdsflgpdivgxidgxnaahhzjo/Build/Products/Debug-iphonesimulator/TimeBox.app: replacing existing signature

Validate /Users/hem/Library/Developer/Xcode/DerivedData/TimeBox-bsjmcdsflgpdivgxidgxnaahhzjo/Build/Products/Debug-iphonesimulator/TimeBox.app (in target 'TimeBox' from project 'TimeBox')
    cd /Users/hem/Documents/opt/my-daily-sprints/TimeBox
    builtin-validationUtility /Users/hem/Library/Developer/Xcode/DerivedData/TimeBox-bsjmcdsflgpdivgxidgxnaahhzjo/Build/Products/Debug-iphonesimulator/TimeBox.app -shallow-bundle -infoplist-subpath Info.plist

ValidateEmbeddedBinary /Users/hem/Library/Developer/Xcode/DerivedData/TimeBox-bsjmcdsflgpdivgxidgxnaahhzjo/Build/Products/Debug-iphonesimulator/TimeBox.app/PlugIns/TimeBoxWidgetsExtension.appex (in target 'TimeBox' from project 'TimeBox')
    cd /Users/hem/Documents/opt/my-daily-sprints/TimeBox
    /Applications/Xcode.app/Contents/Developer/usr/bin/embeddedBinaryValidationUtility /Users/hem/Library/Developer/Xcode/DerivedData/TimeBox-bsjmcdsflgpdivgxidgxnaahhzjo/Build/Products/Debug-iphonesimulator/TimeBox.app/PlugIns/TimeBoxWidgetsExtension.appex -signing-cert - -info-plist-path /Users/hem/Library/Developer/Xcode/DerivedData/TimeBox-bsjmcdsflgpdivgxidgxnaahhzjo/Build/Products/Debug-iphonesimulator/TimeBox.app/Info.plist

ProcessInfoPlistFile /Users/hem/Library/Developer/Xcode/DerivedData/TimeBox-bsjmcdsflgpdivgxidgxnaahhzjo/Build/Products/Debug-iphonesimulator/TimeBoxUITests-Runner.app/PlugIns/TimeBoxUITests.xctest/Info.plist /Users/hem/Library/Developer/Xcode/DerivedData/TimeBox-bsjmcdsflgpdivgxidgxnaahhzjo/Build/Intermediates.noindex/TimeBox.build/Debug-iphonesimulator/TimeBoxUITests.build/empty-TimeBoxUITests.plist (in target 'TimeBoxUITests' from project 'TimeBox')
    cd /Users/hem/Documents/opt/my-daily-sprints/TimeBox
    builtin-infoPlistUtility /Users/hem/Library/Developer/Xcode/DerivedData/TimeBox-bsjmcdsflgpdivgxidgxnaahhzjo/Build/Intermediates.noindex/TimeBox.build/Debug-iphonesimulator/TimeBoxUITests.build/empty-TimeBoxUITests.plist -producttype com.apple.product-type.bundle.ui-testing -expandbuildsettings -format binary -platform iphonesimulator -additionalcontentfile /Users/hem/Library/Developer/Xcode/DerivedData/TimeBox-bsjmcdsflgpdivgxidgxnaahhzjo/Build/Intermediates.noindex/TimeBox.build/Debug-iphonesimulator/TimeBoxUITests.build/ProductTypeInfoPlistAdditions.plist -o /Users/hem/Library/Developer/Xcode/DerivedData/TimeBox-bsjmcdsflgpdivgxidgxnaahhzjo/Build/Products/Debug-iphonesimulator/TimeBoxUITests-Runner.app/PlugIns/TimeBoxUITests.xctest/Info.plist

Ld /Users/hem/Library/Developer/Xcode/DerivedData/TimeBox-bsjmcdsflgpdivgxidgxnaahhzjo/Build/Products/Debug-iphonesimulator/TimeBoxUITests-Runner.app/PlugIns/TimeBoxUITests.xctest/TimeBoxUITests normal (in target 'TimeBoxUITests' from project 'TimeBox')
    cd /Users/hem/Documents/opt/my-daily-sprints/TimeBox
    /Applications/Xcode.app/Contents/Developer/Toolchains/XcodeDefault.xctoolchain/usr/bin/clang -Xlinker -reproducible -target arm64-apple-ios17.0-simulator -bundle -isysroot /Applications/Xcode.app/Contents/Developer/Platforms/iPhoneSimulator.platform/Developer/SDKs/iPhoneSimulator26.2.sdk -O0 -L/Users/hem/Library/Developer/Xcode/DerivedData/TimeBox-bsjmcdsflgpdivgxidgxnaahhzjo/Build/Intermediates.noindex/EagerLinkingTBDs/Debug-iphonesimulator -L/Users/hem/Library/Developer/Xcode/DerivedData/TimeBox-bsjmcdsflgpdivgxidgxnaahhzjo/Build/Products/Debug-iphonesimulator -L/Applications/Xcode.app/Contents/Developer/Platforms/iPhoneSimulator.platform/Developer/usr/lib -F/Users/hem/Library/Developer/Xcode/DerivedData/TimeBox-bsjmcdsflgpdivgxidgxnaahhzjo/Build/Intermediates.noindex/EagerLinkingTBDs/Debug-iphonesimulator -F/Users/hem/Library/Developer/Xcode/DerivedData/TimeBox-bsjmcdsflgpdivgxidgxnaahhzjo/Build/Products/Debug-iphonesimulator -iframework /Applications/Xcode.app/Contents/Developer/Platforms/iPhoneSimulator.platform/Developer/Library/Frameworks -iframework /Applications/Xcode.app/Contents/Developer/Platforms/iPhoneSimulator.platform/Developer/SDKs/iPhoneSimulator26.2.sdk/Developer/Library/Frameworks -filelist /Users/hem/Library/Developer/Xcode/DerivedData/TimeBox-bsjmcdsflgpdivgxidgxnaahhzjo/Build/Intermediates.noindex/TimeBox.build/Debug-iphonesimulator/TimeBoxUITests.build/Objects-normal/arm64/TimeBoxUITests.LinkFileList -Xlinker -rpath -Xlinker /usr/lib/swift -Xlinker -rpath -Xlinker @loader_path/Frameworks -Xlinker -rpath -Xlinker @executable_path/Frameworks -dead_strip -Xlinker -object_path_lto -Xlinker /Users/hem/Library/Developer/Xcode/DerivedData/TimeBox-bsjmcdsflgpdivgxidgxnaahhzjo/Build/Intermediates.noindex/TimeBox.build/Debug-iphonesimulator/TimeBoxUITests.build/Objects-normal/arm64/TimeBoxUITests_lto.o -rdynamic -Xlinker -no_deduplicate -Xlinker -objc_abi_version -Xlinker 2 -Xlinker -debug_variant -Xlinker -dependency_info -Xlinker /Users/hem/Library/Developer/Xcode/DerivedData/TimeBox-bsjmcdsflgpdivgxidgxnaahhzjo/Build/Intermediates.noindex/TimeBox.build/Debug-iphonesimulator/TimeBoxUITests.build/Objects-normal/arm64/TimeBoxUITests_dependency_info.dat -fobjc-link-runtime -fprofile-instr-generate -L/Applications/Xcode.app/Contents/Developer/Toolchains/XcodeDefault.xctoolchain/usr/lib/swift/iphonesimulator -L/usr/lib/swift -Xlinker -add_ast_path -Xlinker /Users/hem/Library/Developer/Xcode/DerivedData/TimeBox-bsjmcdsflgpdivgxidgxnaahhzjo/Build/Intermediates.noindex/TimeBox.build/Debug-iphonesimulator/TimeBoxUITests.build/Objects-normal/arm64/TimeBoxUITests.swiftmodule @/Users/hem/Library/Developer/Xcode/DerivedData/TimeBox-bsjmcdsflgpdivgxidgxnaahhzjo/Build/Intermediates.noindex/TimeBox.build/Debug-iphonesimulator/TimeBoxUITests.build/Objects-normal/arm64/TimeBoxUITests-linker-args.resp -Xlinker -needed_framework -Xlinker XCTest -framework XCTest -Xlinker -needed-lXCTestSwiftSupport -lXCTestSwiftSupport -Xlinker -sectcreate -Xlinker __TEXT -Xlinker __entitlements -Xlinker /Users/hem/Library/Developer/Xcode/DerivedData/TimeBox-bsjmcdsflgpdivgxidgxnaahhzjo/Build/Intermediates.noindex/TimeBox.build/Debug-iphonesimulator/TimeBoxUITests.build/TimeBoxUITests.xctest-Simulated.xcent -Xlinker -sectcreate -Xlinker __TEXT -Xlinker __ents_der -Xlinker /Users/hem/Library/Developer/Xcode/DerivedData/TimeBox-bsjmcdsflgpdivgxidgxnaahhzjo/Build/Intermediates.noindex/TimeBox.build/Debug-iphonesimulator/TimeBoxUITests.build/TimeBoxUITests.xctest-Simulated.xcent.der -Xlinker -no_adhoc_codesign -o /Users/hem/Library/Developer/Xcode/DerivedData/TimeBox-bsjmcdsflgpdivgxidgxnaahhzjo/Build/Products/Debug-iphonesimulator/TimeBoxUITests-Runner.app/PlugIns/TimeBoxUITests.xctest/TimeBoxUITests

CopySwiftLibs /Users/hem/Library/Developer/Xcode/DerivedData/TimeBox-bsjmcdsflgpdivgxidgxnaahhzjo/Build/Products/Debug-iphonesimulator/TimeBoxUITests-Runner.app/PlugIns/TimeBoxUITests.xctest (in target 'TimeBoxUITests' from project 'TimeBox')
    cd /Users/hem/Documents/opt/my-daily-sprints/TimeBox
    builtin-swiftStdLibTool --copy --verbose --sign - --scan-executable /Users/hem/Library/Developer/Xcode/DerivedData/TimeBox-bsjmcdsflgpdivgxidgxnaahhzjo/Build/Products/Debug-iphonesimulator/TimeBoxUITests-Runner.app/PlugIns/TimeBoxUITests.xctest/TimeBoxUITests --scan-folder /Users/hem/Library/Developer/Xcode/DerivedData/TimeBox-bsjmcdsflgpdivgxidgxnaahhzjo/Build/Products/Debug-iphonesimulator/TimeBoxUITests-Runner.app/PlugIns/TimeBoxUITests.xctest/Frameworks --scan-folder /Users/hem/Library/Developer/Xcode/DerivedData/TimeBox-bsjmcdsflgpdivgxidgxnaahhzjo/Build/Products/Debug-iphonesimulator/TimeBoxUITests-Runner.app/PlugIns/TimeBoxUITests.xctest/PlugIns --scan-folder /Users/hem/Library/Developer/Xcode/DerivedData/TimeBox-bsjmcdsflgpdivgxidgxnaahhzjo/Build/Products/Debug-iphonesimulator/TimeBoxUITests-Runner.app/PlugIns/TimeBoxUITests.xctest/SystemExtensions --scan-folder /Users/hem/Library/Developer/Xcode/DerivedData/TimeBox-bsjmcdsflgpdivgxidgxnaahhzjo/Build/Products/Debug-iphonesimulator/TimeBoxUITests-Runner.app/PlugIns/TimeBoxUITests.xctest/Extensions --platform iphonesimulator --toolchain /Applications/Xcode.app/Contents/Developer/Toolchains/XcodeDefault.xctoolchain --destination /Users/hem/Library/Developer/Xcode/DerivedData/TimeBox-bsjmcdsflgpdivgxidgxnaahhzjo/Build/Products/Debug-iphonesimulator/TimeBoxUITests-Runner.app/PlugIns/TimeBoxUITests.xctest/Frameworks --strip-bitcode --scan-executable /Applications/Xcode.app/Contents/Developer/Platforms/iPhoneSimulator.platform/Developer/usr/lib/libXCTestSwiftSupport.dylib --strip-bitcode-tool /Applications/Xcode.app/Contents/Developer/Toolchains/XcodeDefault.xctoolchain/usr/bin/bitcode_strip --emit-dependency-info /Users/hem/Library/Developer/Xcode/DerivedData/TimeBox-bsjmcdsflgpdivgxidgxnaahhzjo/Build/Intermediates.noindex/TimeBox.build/Debug-iphonesimulator/TimeBoxUITests.build/SwiftStdLibToolInputDependencies.dep --filter-for-swift-os

ExtractAppIntentsMetadata (in target 'TimeBoxUITests' from project 'TimeBox')
    cd /Users/hem/Documents/opt/my-daily-sprints/TimeBox
    /Applications/Xcode.app/Contents/Developer/Toolchains/XcodeDefault.xctoolchain/usr/bin/appintentsmetadataprocessor --toolchain-dir /Applications/Xcode.app/Contents/Developer/Toolchains/XcodeDefault.xctoolchain --module-name TimeBoxUITests --sdk-root /Applications/Xcode.app/Contents/Developer/Platforms/iPhoneSimulator.platform/Developer/SDKs/iPhoneSimulator26.2.sdk --xcode-version 17C52 --platform-family iOS --deployment-target 17.0 --bundle-identifier com.henning.timebox.uitests --output /Users/hem/Library/Developer/Xcode/DerivedData/TimeBox-bsjmcdsflgpdivgxidgxnaahhzjo/Build/Products/Debug-iphonesimulator/TimeBoxUITests-Runner.app/PlugIns/TimeBoxUITests.xctest --target-triple arm64-apple-ios17.0-simulator --binary-file /Users/hem/Library/Developer/Xcode/DerivedData/TimeBox-bsjmcdsflgpdivgxidgxnaahhzjo/Build/Products/Debug-iphonesimulator/TimeBoxUITests-Runner.app/PlugIns/TimeBoxUITests.xctest/TimeBoxUITests --dependency-file /Users/hem/Library/Developer/Xcode/DerivedData/TimeBox-bsjmcdsflgpdivgxidgxnaahhzjo/Build/Intermediates.noindex/TimeBox.build/Debug-iphonesimulator/TimeBoxUITests.build/Objects-normal/arm64/TimeBoxUITests_dependency_info.dat --stringsdata-file /Users/hem/Library/Developer/Xcode/DerivedData/TimeBox-bsjmcdsflgpdivgxidgxnaahhzjo/Build/Intermediates.noindex/TimeBox.build/Debug-iphonesimulator/TimeBoxUITests.build/Objects-normal/arm64/ExtractedAppShortcutsMetadata.stringsdata --source-file-list /Users/hem/Library/Developer/Xcode/DerivedData/TimeBox-bsjmcdsflgpdivgxidgxnaahhzjo/Build/Intermediates.noindex/TimeBox.build/Debug-iphonesimulator/TimeBoxUITests.build/Objects-normal/arm64/TimeBoxUITests.SwiftFileList --metadata-file-list /Users/hem/Library/Developer/Xcode/DerivedData/TimeBox-bsjmcdsflgpdivgxidgxnaahhzjo/Build/Intermediates.noindex/TimeBox.build/Debug-iphonesimulator/TimeBoxUITests.build/TimeBoxUITests.DependencyMetadataFileList --static-metadata-file-list /Users/hem/Library/Developer/Xcode/DerivedData/TimeBox-bsjmcdsflgpdivgxidgxnaahhzjo/Build/Intermediates.noindex/TimeBox.build/Debug-iphonesimulator/TimeBoxUITests.build/TimeBoxUITests.DependencyStaticMetadataFileList --swift-const-vals-list /Users/hem/Library/Developer/Xcode/DerivedData/TimeBox-bsjmcdsflgpdivgxidgxnaahhzjo/Build/Intermediates.noindex/TimeBox.build/Debug-iphonesimulator/TimeBoxUITests.build/Objects-normal/arm64/TimeBoxUITests.SwiftConstValuesFileList --compile-time-extraction --deployment-aware-processing --validate-assistant-intents --no-app-shortcuts-localization
2026-01-22 19:12:50.885 appintentsmetadataprocessor[79020:28014706] Starting appintentsmetadataprocessor export
2026-01-22 19:12:50.886 appintentsmetadataprocessor[79020:28014706] warning: Metadata extraction skipped. No AppIntents.framework dependency found.

CodeSign /Users/hem/Library/Developer/Xcode/DerivedData/TimeBox-bsjmcdsflgpdivgxidgxnaahhzjo/Build/Products/Debug-iphonesimulator/TimeBoxUITests-Runner.app/PlugIns/TimeBoxUITests.xctest (in target 'TimeBoxUITests' from project 'TimeBox')
    cd /Users/hem/Documents/opt/my-daily-sprints/TimeBox
    
    Signing Identity:     "Sign to Run Locally"
    
    /usr/bin/codesign --force --sign - --timestamp\=none --generate-entitlement-der /Users/hem/Library/Developer/Xcode/DerivedData/TimeBox-bsjmcdsflgpdivgxidgxnaahhzjo/Build/Products/Debug-iphonesimulator/TimeBoxUITests-Runner.app/PlugIns/TimeBoxUITests.xctest

CodeSign /Users/hem/Library/Developer/Xcode/DerivedData/TimeBox-bsjmcdsflgpdivgxidgxnaahhzjo/Build/Products/Debug-iphonesimulator/TimeBoxUITests-Runner.app (in target 'TimeBoxUITests' from project 'TimeBox')
    cd /Users/hem/Documents/opt/my-daily-sprints/TimeBox
    
    Signing Identity:     "Sign to Run Locally"
    
    /usr/bin/codesign --force --sign - --timestamp\=none --generate-entitlement-der /Users/hem/Library/Developer/Xcode/DerivedData/TimeBox-bsjmcdsflgpdivgxidgxnaahhzjo/Build/Products/Debug-iphonesimulator/TimeBoxUITests-Runner.app
/Users/hem/Library/Developer/Xcode/DerivedData/TimeBox-bsjmcdsflgpdivgxidgxnaahhzjo/Build/Products/Debug-iphonesimulator/TimeBoxUITests-Runner.app: replacing existing signature

2026-01-22 19:13:11.227489+0100 TimeBox[79295:28017556] [General] Failed to send CA Event for app launch measurements for ca_event_type: 0 event_name: com.apple.app_launch_measurement.FirstFramePresentationMetric
2026-01-22 19:13:11.466135+0100 TimeBox[79295:28017552] [General] Failed to send CA Event for app launch measurements for ca_event_type: 1 event_name: com.apple.app_launch_measurement.ExtendedLaunchMetrics
Test Suite 'Selected tests' started at 2026-01-22 19:13:12.200.
Test Suite 'TimeBoxTests.xctest' started at 2026-01-22 19:13:12.200.
Test Suite 'SoundServiceTests' started at 2026-01-22 19:13:12.201.
Test Case '-[TimeBoxTests.SoundServiceTests test_playEndGong_exists]' started.
/Users/hem/Documents/opt/my-daily-sprints/TimeBox/TimeBoxTests/SoundServiceTests.swift:64: error: -[TimeBoxTests.SoundServiceTests test_playEndGong_exists] : failed - SoundService.playEndGong() is not yet implemented - TDD RED
Test Case '-[TimeBoxTests.SoundServiceTests test_playEndGong_exists]' failed (0.538 seconds).
Test Case '-[TimeBoxTests.SoundServiceTests test_soundEnabled_defaultsToTrue]' started.
/Users/hem/Documents/opt/my-daily-sprints/TimeBox/TimeBoxTests/SoundServiceTests.swift:20: error: -[TimeBoxTests.SoundServiceTests test_soundEnabled_defaultsToTrue] : XCTAssertNotNil failed - AppSettings class should exist in TimeBox module
Test Case '-[TimeBoxTests.SoundServiceTests test_soundEnabled_defaultsToTrue]' failed (0.005 seconds).
Test Case '-[TimeBoxTests.SoundServiceTests test_soundEnabled_keyExists]' started.
Test Case '-[TimeBoxTests.SoundServiceTests test_soundEnabled_keyExists]' passed (0.002 seconds).
Test Case '-[TimeBoxTests.SoundServiceTests test_soundService_exists]' started.
/Users/hem/Documents/opt/my-daily-sprints/TimeBox/TimeBoxTests/SoundServiceTests.swift:51: error: -[TimeBoxTests.SoundServiceTests test_soundService_exists] : failed - SoundService is not yet implemented - TDD RED
Test Case '-[TimeBoxTests.SoundServiceTests test_soundService_exists]' failed (0.001 seconds).
Test Suite 'SoundServiceTests' failed at 2026-01-22 19:13:12.748.
	 Executed 4 tests, with 3 failures (0 unexpected) in 0.546 (0.547) seconds
Test Suite 'TimeBoxTests.xctest' failed at 2026-01-22 19:13:12.748.
	 Executed 4 tests, with 3 failures (0 unexpected) in 0.546 (0.548) seconds
Test Suite 'Selected tests' failed at 2026-01-22 19:13:12.771.
	 Executed 4 tests, with 3 failures (0 unexpected) in 0.546 (0.571) seconds
2026-01-22 19:13:14.129565+0100 TimeBoxUITests-Runner[79332:28017848] [Default] Running tests...
    t =      nans Interface orientation changed to Portrait
Test Suite 'Selected tests' started at 2026-01-22 19:13:17.612.
Test Suite 'TimeBoxUITests.xctest' started at 2026-01-22 19:13:17.613.
Test Suite 'SoundSettingsUITests' started at 2026-01-22 19:13:17.613.
Test Case '-[TimeBoxUITests.SoundSettingsUITests testSoundSectionHasLabel]' started.
    t =     0.00s Start Test at 2026-01-22 19:13:17.614
    t =     0.26s Set Up
    t =     0.26s     Open com.henning.timebox
    t =     0.26s         Launch com.henning.timebox
    t =     0.49s             Setting up automation session
    t =     1.44s             Wait for com.henning.timebox to idle
    t =     3.44s Waiting 5.0s for "settingsButton" Button to exist
    t =     4.52s     Checking `Expect predicate `existsNoRetry == 1` for object "settingsButton" Button`
    t =     4.52s         Checking existence of `"settingsButton" Button`
    t =     4.63s         Capturing element debug description
    t =     5.48s     Checking `Expect predicate `existsNoRetry == 1` for object "settingsButton" Button`
    t =     5.48s         Checking existence of `"settingsButton" Button`
    t =     5.52s         Capturing element debug description
    t =     6.49s     Checking `Expect predicate `existsNoRetry == 1` for object "settingsButton" Button`
    t =     6.49s         Checking existence of `"settingsButton" Button`
    t =     6.51s         Capturing element debug description
    t =     7.48s     Checking `Expect predicate `existsNoRetry == 1` for object "settingsButton" Button`
    t =     7.48s         Checking existence of `"settingsButton" Button`
    t =     7.51s         Capturing element debug description
    t =     8.45s     Checking `Expect predicate `existsNoRetry == 1` for object "settingsButton" Button`
    t =     8.45s         Checking existence of `"settingsButton" Button`
    t =     8.48s         Capturing element debug description
    t =     8.48s     Checking existence of `"settingsButton" Button`
    t =     8.51s Collecting debug information to assist test failure triage
    t =     8.51s     Requesting snapshot of accessibility hierarchy for app with pid 79351
    t =     8.56s Waiting 5.0s for "Sound bei Block-Ende" StaticText to exist
    t =     9.63s     Checking `Expect predicate `existsNoRetry == 1` for object "Sound bei Block-Ende" StaticText`
    t =     9.63s         Checking existence of `"Sound bei Block-Ende" StaticText`
    t =     9.66s         Capturing element debug description
    t =    10.62s     Checking `Expect predicate `existsNoRetry == 1` for object "Sound bei Block-Ende" StaticText`
    t =    10.62s         Checking existence of `"Sound bei Block-Ende" StaticText`
    t =    10.65s         Capturing element debug description
    t =    11.61s     Checking `Expect predicate `existsNoRetry == 1` for object "Sound bei Block-Ende" StaticText`
    t =    11.61s         Checking existence of `"Sound bei Block-Ende" StaticText`
    t =    11.66s         Capturing element debug description
    t =    12.63s     Checking `Expect predicate `existsNoRetry == 1` for object "Sound bei Block-Ende" StaticText`
    t =    12.63s         Checking existence of `"Sound bei Block-Ende" StaticText`
    t =    12.66s         Capturing element debug description
    t =    13.57s     Checking `Expect predicate `existsNoRetry == 1` for object "Sound bei Block-Ende" StaticText`
    t =    13.58s         Checking existence of `"Sound bei Block-Ende" StaticText`
    t =    13.62s         Capturing element debug description
    t =    13.62s     Checking existence of `"Sound bei Block-Ende" StaticText`
    t =    13.64s Collecting debug information to assist test failure triage
    t =    13.64s     Requesting snapshot of accessibility hierarchy for app with pid 79351
/Users/hem/Documents/opt/my-daily-sprints/TimeBox/TimeBoxUITests/SoundSettingsUITests.swift:81: error: -[TimeBoxUITests.SoundSettingsUITests testSoundSectionHasLabel] : XCTAssertTrue failed - Sound section should have label 'Sound bei Block-Ende'
    t =    13.85s Tear Down
Test Case '-[TimeBoxUITests.SoundSettingsUITests testSoundSectionHasLabel]' failed (14.113 seconds).
Test Case '-[TimeBoxUITests.SoundSettingsUITests testSoundToggleCanBeToggled]' started.
    t =     0.00s Start Test at 2026-01-22 19:13:31.727
    t =     0.03s Set Up
    t =     0.03s     Open com.henning.timebox
    t =     0.03s         Launch com.henning.timebox
    t =     0.03s             Terminate com.henning.timebox:79351
    t =     1.29s             Setting up automation session
    t =     2.18s             Wait for com.henning.timebox to idle
    t =     3.72s Waiting 5.0s for "settingsButton" Button to exist
    t =     4.80s     Checking `Expect predicate `existsNoRetry == 1` for object "settingsButton" Button`
    t =     4.80s         Checking existence of `"settingsButton" Button`
    t =     4.91s         Capturing element debug description
    t =     5.77s     Checking `Expect predicate `existsNoRetry == 1` for object "settingsButton" Button`
    t =     5.78s         Checking existence of `"settingsButton" Button`
    t =     5.82s         Capturing element debug description
    t =     6.78s     Checking `Expect predicate `existsNoRetry == 1` for object "settingsButton" Button`
    t =     6.78s         Checking existence of `"settingsButton" Button`
    t =     6.82s         Capturing element debug description
    t =     7.79s     Checking `Expect predicate `existsNoRetry == 1` for object "settingsButton" Button`
    t =     7.79s         Checking existence of `"settingsButton" Button`
    t =     7.83s         Capturing element debug description
    t =     8.72s     Checking `Expect predicate `existsNoRetry == 1` for object "settingsButton" Button`
    t =     8.73s         Checking existence of `"settingsButton" Button`
    t =     8.76s         Capturing element debug description
    t =     8.76s     Checking existence of `"settingsButton" Button`
    t =     8.79s Collecting debug information to assist test failure triage
    t =     8.79s     Requesting snapshot of accessibility hierarchy for app with pid 79387
    t =     8.86s Waiting 5.0s for "soundToggle" Switch to exist
    t =     9.92s     Checking `Expect predicate `existsNoRetry == 1` for object "soundToggle" Switch`
    t =     9.92s         Checking existence of `"soundToggle" Switch`
    t =     9.95s         Capturing element debug description
    t =    10.92s     Checking `Expect predicate `existsNoRetry == 1` for object "soundToggle" Switch`
    t =    10.92s         Checking existence of `"soundToggle" Switch`
    t =    10.95s         Capturing element debug description
    t =    11.91s     Checking `Expect predicate `existsNoRetry == 1` for object "soundToggle" Switch`
    t =    11.91s         Checking existence of `"soundToggle" Switch`
    t =    11.93s         Capturing element debug description
    t =    12.90s     Checking `Expect predicate `existsNoRetry == 1` for object "soundToggle" Switch`
    t =    12.90s         Checking existence of `"soundToggle" Switch`
    t =    12.93s         Capturing element debug description
    t =    13.87s     Checking `Expect predicate `existsNoRetry == 1` for object "soundToggle" Switch`
    t =    13.87s         Checking existence of `"soundToggle" Switch`
    t =    13.91s         Capturing element debug description
    t =    13.91s     Checking existence of `"soundToggle" Switch`
    t =    13.93s Collecting debug information to assist test failure triage
    t =    13.93s     Requesting snapshot of accessibility hierarchy for app with pid 79387
/Users/hem/Documents/opt/my-daily-sprints/TimeBox/TimeBoxUITests/SoundSettingsUITests.swift:57: error: -[TimeBoxUITests.SoundSettingsUITests testSoundToggleCanBeToggled] : failed - Sound toggle should exist
    t =    13.99s Tear Down
Test Case '-[TimeBoxUITests.SoundSettingsUITests testSoundToggleCanBeToggled]' failed (14.236 seconds).
Test Case '-[TimeBoxUITests.SoundSettingsUITests testSoundToggleExistsInSettings]' started.
    t =     0.00s Start Test at 2026-01-22 19:13:45.964
    t =     0.03s Set Up
    t =     0.03s     Open com.henning.timebox
    t =     0.03s         Launch com.henning.timebox
    t =     0.03s             Terminate com.henning.timebox:79387
    t =     1.34s             Setting up automation session
    t =     2.06s             Wait for com.henning.timebox to idle
    t =     3.56s Waiting 5.0s for "settingsButton" Button to exist
    t =     4.64s     Checking `Expect predicate `existsNoRetry == 1` for object "settingsButton" Button`
    t =     4.64s         Checking existence of `"settingsButton" Button`
    t =     4.72s         Capturing element debug description
    t =     5.57s     Checking `Expect predicate `existsNoRetry == 1` for object "settingsButton" Button`
    t =     5.57s         Checking existence of `"settingsButton" Button`
    t =     5.62s         Capturing element debug description
    t =     6.57s     Checking `Expect predicate `existsNoRetry == 1` for object "settingsButton" Button`
    t =     6.57s         Checking existence of `"settingsButton" Button`
    t =     6.61s         Capturing element debug description
    t =     7.57s     Checking `Expect predicate `existsNoRetry == 1` for object "settingsButton" Button`
    t =     7.57s         Checking existence of `"settingsButton" Button`
    t =     7.61s         Capturing element debug description
    t =     8.57s     Checking `Expect predicate `existsNoRetry == 1` for object "settingsButton" Button`
    t =     8.57s         Checking existence of `"settingsButton" Button`
    t =     8.60s         Capturing element debug description
    t =     8.60s     Checking existence of `"settingsButton" Button`
    t =     8.63s Collecting debug information to assist test failure triage
    t =     8.63s     Requesting snapshot of accessibility hierarchy for app with pid 79419
    t =     8.67s Waiting 5.0s for "Settings" NavigationBar to exist
    t =     9.73s     Checking `Expect predicate `existsNoRetry == 1` for object "Settings" NavigationBar`
    t =     9.73s         Checking existence of `"Settings" NavigationBar`
    t =     9.77s         Capturing element debug description
    t =    10.72s     Checking `Expect predicate `existsNoRetry == 1` for object "Settings" NavigationBar`
    t =    10.72s         Checking existence of `"Settings" NavigationBar`
    t =    10.76s         Capturing element debug description
    t =    11.71s     Checking `Expect predicate `existsNoRetry == 1` for object "Settings" NavigationBar`
    t =    11.71s         Checking existence of `"Settings" NavigationBar`
    t =    11.74s         Capturing element debug description
    t =    12.70s     Checking `Expect predicate `existsNoRetry == 1` for object "Settings" NavigationBar`
    t =    12.70s         Checking existence of `"Settings" NavigationBar`
    t =    12.73s         Capturing element debug description
    t =    13.68s     Checking `Expect predicate `existsNoRetry == 1` for object "Settings" NavigationBar`
    t =    13.68s         Checking existence of `"Settings" NavigationBar`
    t =    13.72s         Capturing element debug description
    t =    13.72s     Checking existence of `"Settings" NavigationBar`
    t =    13.75s Collecting debug information to assist test failure triage
    t =    13.75s     Requesting snapshot of accessibility hierarchy for app with pid 79419
/Users/hem/Documents/opt/my-daily-sprints/TimeBox/TimeBoxUITests/SoundSettingsUITests.swift:41: error: -[TimeBoxUITests.SoundSettingsUITests testSoundToggleExistsInSettings] : XCTAssertTrue failed - Settings view should open
    t =    13.79s Tear Down
Test Case '-[TimeBoxUITests.SoundSettingsUITests testSoundToggleExistsInSettings]' failed (14.009 seconds).
Test Suite 'SoundSettingsUITests' failed at 2026-01-22 19:13:59.973.
	 Executed 3 tests, with 3 failures (0 unexpected) in 42.357 (42.359) seconds
Test Suite 'TimeBoxUITests.xctest' failed at 2026-01-22 19:13:59.973.
	 Executed 3 tests, with 3 failures (0 unexpected) in 42.357 (42.360) seconds
Test Suite 'Selected tests' failed at 2026-01-22 19:13:59.973.
	 Executed 3 tests, with 3 failures (0 unexpected) in 42.357 (42.361) seconds
2026-01-22 19:14:17.097 xcodebuild[78984:28014373] [MT] IDETestOperationsObserverDebug: 86.110 elapsed -- Testing started completed.
2026-01-22 19:14:17.097 xcodebuild[78984:28014373] [MT] IDETestOperationsObserverDebug: 0.000 sec, +0.000 sec -- start
2026-01-22 19:14:17.097 xcodebuild[78984:28014373] [MT] IDETestOperationsObserverDebug: 86.110 sec, +86.110 sec -- end

Test session results, code coverage, and logs:
	/Users/hem/Library/Developer/Xcode/DerivedData/TimeBox-bsjmcdsflgpdivgxidgxnaahhzjo/Logs/Test/Test-TimeBox-2026.01.22_19-12-48-+0100.xcresult

** TEST FAILED **

Testing started
