Command line invocation:
    /Applications/Xcode.app/Contents/Developer/usr/bin/xcodebuild test -project TimeBox.xcodeproj -scheme TimeBox -destination "platform=iOS Simulator,id=D9E26087-132A-44CB-9883-59073DD9CC54" "-only-testing:TimeBoxUITests/SoundSettingsUITests"

2026-01-22 19:17:16.097 xcodebuild[80019:28029174] [MT] IDERunDestination: Supported platforms for the buildables in the current scheme is empty.
ComputePackagePrebuildTargetDependencyGraph

Prepare packages

CreateBuildRequest

SendProjectDescription

CreateBuildOperation

ComputeTargetDependencyGraph
note: Building targets in dependency order
note: Target dependency graph (6 targets)
    Target 'TimeBoxTests' in project 'TimeBox'
        ➜ Explicit dependency on target 'TimeBox' in project 'TimeBox'
    Target 'TimeBoxUITests' in project 'TimeBox'
        ➜ Explicit dependency on target 'TimeBox' in project 'TimeBox'
    Target 'TimeBoxCoreTests' in project 'TimeBox'
        ➜ Explicit dependency on target 'TimeBoxCore' in project 'TimeBox'
        ➜ Explicit dependency on target 'TimeBox' in project 'TimeBox'
    Target 'TimeBox' in project 'TimeBox'
        ➜ Explicit dependency on target 'TimeBoxWidgetsExtension' in project 'TimeBox'
        ➜ Explicit dependency on target 'TimeBoxCore' in project 'TimeBox'
    Target 'TimeBoxWidgetsExtension' in project 'TimeBox'
        ➜ Explicit dependency on target 'TimeBoxCore' in project 'TimeBox'
    Target 'TimeBoxCore' in project 'TimeBox' (no dependencies)

GatherProvisioningInputs

CreateBuildDescription

ExecuteExternalTool /Applications/Xcode.app/Contents/Developer/Toolchains/XcodeDefault.xctoolchain/usr/bin/clang -v -E -dM -arch arm64 -isysroot /Applications/Xcode.app/Contents/Developer/Platforms/iPhoneSimulator.platform/Developer/SDKs/iPhoneSimulator26.2.sdk -x c -c /dev/null

ExecuteExternalTool /Applications/Xcode.app/Contents/Developer/usr/bin/actool --version --output-format xml1

ExecuteExternalTool /Applications/Xcode.app/Contents/Developer/Toolchains/XcodeDefault.xctoolchain/usr/bin/swiftc --version

ExecuteExternalTool /Applications/Xcode.app/Contents/Developer/Toolchains/XcodeDefault.xctoolchain/usr/bin/clang -v -E -dM -isysroot /Applications/Xcode.app/Contents/Developer/Platforms/iPhoneSimulator.platform/Developer/SDKs/iPhoneSimulator26.2.sdk -x c -c /dev/null

ExecuteExternalTool /Applications/Xcode.app/Contents/Developer/Toolchains/XcodeDefault.xctoolchain/usr/bin/ld -version_details

ReadFileContents /Applications/Xcode.app/Contents/Developer/Toolchains/XcodeDefault.xctoolchain/usr/share/docc/features.json

Build description signature: 75a61f2dc1d15f75c04e5dcde35ff4eb
Build description path: /Users/hem/Library/Developer/Xcode/DerivedData/TimeBox-bsjmcdsflgpdivgxidgxnaahhzjo/Build/Intermediates.noindex/XCBuildData/75a61f2dc1d15f75c04e5dcde35ff4eb.xcbuilddata
ClangStatCache /Applications/Xcode.app/Contents/Developer/Toolchains/XcodeDefault.xctoolchain/usr/bin/clang-stat-cache /Applications/Xcode.app/Contents/Developer/Platforms/iPhoneSimulator.platform/Developer/SDKs/iPhoneSimulator26.2.sdk /Users/hem/Library/Developer/Xcode/DerivedData/SDKStatCaches.noindex/iphonesimulator26.2-23C53-7d00a8b37fbd7999ea79df8ebc024bf0.sdkstatcache
    cd /Users/hem/Documents/opt/my-daily-sprints/TimeBox/TimeBox.xcodeproj
    /Applications/Xcode.app/Contents/Developer/Toolchains/XcodeDefault.xctoolchain/usr/bin/clang-stat-cache /Applications/Xcode.app/Contents/Developer/Platforms/iPhoneSimulator.platform/Developer/SDKs/iPhoneSimulator26.2.sdk -o /Users/hem/Library/Developer/Xcode/DerivedData/SDKStatCaches.noindex/iphonesimulator26.2-23C53-7d00a8b37fbd7999ea79df8ebc024bf0.sdkstatcache

ProcessInfoPlistFile /Users/hem/Library/Developer/Xcode/DerivedData/TimeBox-bsjmcdsflgpdivgxidgxnaahhzjo/Build/Products/Debug-iphonesimulator/TimeBoxCore.framework/Info.plist /Users/hem/Library/Developer/Xcode/DerivedData/TimeBox-bsjmcdsflgpdivgxidgxnaahhzjo/Build/Intermediates.noindex/TimeBox.build/Debug-iphonesimulator/TimeBoxCore.build/empty-TimeBoxCore.plist (in target 'TimeBoxCore' from project 'TimeBox')
    cd /Users/hem/Documents/opt/my-daily-sprints/TimeBox
    builtin-infoPlistUtility /Users/hem/Library/Developer/Xcode/DerivedData/TimeBox-bsjmcdsflgpdivgxidgxnaahhzjo/Build/Intermediates.noindex/TimeBox.build/Debug-iphonesimulator/TimeBoxCore.build/empty-TimeBoxCore.plist -producttype com.apple.product-type.framework -expandbuildsettings -format binary -platform iphonesimulator -o /Users/hem/Library/Developer/Xcode/DerivedData/TimeBox-bsjmcdsflgpdivgxidgxnaahhzjo/Build/Products/Debug-iphonesimulator/TimeBoxCore.framework/Info.plist

ProcessProductPackaging "" /Users/hem/Library/Developer/Xcode/DerivedData/TimeBox-bsjmcdsflgpdivgxidgxnaahhzjo/Build/Intermediates.noindex/TimeBox.build/Debug-iphonesimulator/TimeBoxWidgetsExtension.build/TimeBoxWidgetsExtension.appex-Simulated.xcent (in target 'TimeBoxWidgetsExtension' from project 'TimeBox')
    cd /Users/hem/Documents/opt/my-daily-sprints/TimeBox
    
    Entitlements:
    
    {
    "application-identifier" = "XK87E2B3VR.com.henning.timebox.TimeBoxWidgets";
}
    
    builtin-productPackagingUtility -entitlements -format xml -o /Users/hem/Library/Developer/Xcode/DerivedData/TimeBox-bsjmcdsflgpdivgxidgxnaahhzjo/Build/Intermediates.noindex/TimeBox.build/Debug-iphonesimulator/TimeBoxWidgetsExtension.build/TimeBoxWidgetsExtension.appex-Simulated.xcent

ProcessProductPackagingDER /Users/hem/Library/Developer/Xcode/DerivedData/TimeBox-bsjmcdsflgpdivgxidgxnaahhzjo/Build/Intermediates.noindex/TimeBox.build/Debug-iphonesimulator/TimeBoxWidgetsExtension.build/TimeBoxWidgetsExtension.appex-Simulated.xcent /Users/hem/Library/Developer/Xcode/DerivedData/TimeBox-bsjmcdsflgpdivgxidgxnaahhzjo/Build/Intermediates.noindex/TimeBox.build/Debug-iphonesimulator/TimeBoxWidgetsExtension.build/TimeBoxWidgetsExtension.appex-Simulated.xcent.der (in target 'TimeBoxWidgetsExtension' from project 'TimeBox')
    cd /Users/hem/Documents/opt/my-daily-sprints/TimeBox
    /usr/bin/derq query -f xml -i /Users/hem/Library/Developer/Xcode/DerivedData/TimeBox-bsjmcdsflgpdivgxidgxnaahhzjo/Build/Intermediates.noindex/TimeBox.build/Debug-iphonesimulator/TimeBoxWidgetsExtension.build/TimeBoxWidgetsExtension.appex-Simulated.xcent -o /Users/hem/Library/Developer/Xcode/DerivedData/TimeBox-bsjmcdsflgpdivgxidgxnaahhzjo/Build/Intermediates.noindex/TimeBox.build/Debug-iphonesimulator/TimeBoxWidgetsExtension.build/TimeBoxWidgetsExtension.appex-Simulated.xcent.der --raw

ProcessProductPackaging /Users/hem/Documents/opt/my-daily-sprints/TimeBox/Resources/TimeBox.entitlements /Users/hem/Library/Developer/Xcode/DerivedData/TimeBox-bsjmcdsflgpdivgxidgxnaahhzjo/Build/Intermediates.noindex/TimeBox.build/Debug-iphonesimulator/TimeBox.build/TimeBox.app.xcent (in target 'TimeBox' from project 'TimeBox')
    cd /Users/hem/Documents/opt/my-daily-sprints/TimeBox
    
    Entitlements:
    
    {
}
    
    builtin-productPackagingUtility /Users/hem/Documents/opt/my-daily-sprints/TimeBox/Resources/TimeBox.entitlements -entitlements -format xml -o /Users/hem/Library/Developer/Xcode/DerivedData/TimeBox-bsjmcdsflgpdivgxidgxnaahhzjo/Build/Intermediates.noindex/TimeBox.build/Debug-iphonesimulator/TimeBox.build/TimeBox.app.xcent

ProcessProductPackaging /Users/hem/Documents/opt/my-daily-sprints/TimeBox/Resources/TimeBox.entitlements /Users/hem/Library/Developer/Xcode/DerivedData/TimeBox-bsjmcdsflgpdivgxidgxnaahhzjo/Build/Intermediates.noindex/TimeBox.build/Debug-iphonesimulator/TimeBox.build/TimeBox.app-Simulated.xcent (in target 'TimeBox' from project 'TimeBox')
    cd /Users/hem/Documents/opt/my-daily-sprints/TimeBox
    
    Entitlements:
    
    {
    "application-identifier" = "XK87E2B3VR.com.henning.timebox";
}
    
    builtin-productPackagingUtility /Users/hem/Documents/opt/my-daily-sprints/TimeBox/Resources/TimeBox.entitlements -entitlements -format xml -o /Users/hem/Library/Developer/Xcode/DerivedData/TimeBox-bsjmcdsflgpdivgxidgxnaahhzjo/Build/Intermediates.noindex/TimeBox.build/Debug-iphonesimulator/TimeBox.build/TimeBox.app-Simulated.xcent

Ld /Users/hem/Library/Developer/Xcode/DerivedData/TimeBox-bsjmcdsflgpdivgxidgxnaahhzjo/Build/Products/Debug-iphonesimulator/TimeBoxWidgetsExtension.appex/TimeBoxWidgetsExtension.debug.dylib normal (in target 'TimeBoxWidgetsExtension' from project 'TimeBox')
    cd /Users/hem/Documents/opt/my-daily-sprints/TimeBox
    /Applications/Xcode.app/Contents/Developer/Toolchains/XcodeDefault.xctoolchain/usr/bin/clang -Xlinker -reproducible -target arm64-apple-ios26.2-simulator -dynamiclib -isysroot /Applications/Xcode.app/Contents/Developer/Platforms/iPhoneSimulator.platform/Developer/SDKs/iPhoneSimulator26.2.sdk -O0 -L/Users/hem/Library/Developer/Xcode/DerivedData/TimeBox-bsjmcdsflgpdivgxidgxnaahhzjo/Build/Intermediates.noindex/EagerLinkingTBDs/Debug-iphonesimulator -L/Users/hem/Library/Developer/Xcode/DerivedData/TimeBox-bsjmcdsflgpdivgxidgxnaahhzjo/Build/Products/Debug-iphonesimulator -F/Users/hem/Library/Developer/Xcode/DerivedData/TimeBox-bsjmcdsflgpdivgxidgxnaahhzjo/Build/Intermediates.noindex/EagerLinkingTBDs/Debug-iphonesimulator -F/Users/hem/Library/Developer/Xcode/DerivedData/TimeBox-bsjmcdsflgpdivgxidgxnaahhzjo/Build/Products/Debug-iphonesimulator -filelist /Users/hem/Library/Developer/Xcode/DerivedData/TimeBox-bsjmcdsflgpdivgxidgxnaahhzjo/Build/Intermediates.noindex/TimeBox.build/Debug-iphonesimulator/TimeBoxWidgetsExtension.build/Objects-normal/arm64/TimeBoxWidgetsExtension.LinkFileList -install_name @rpath/TimeBoxWidgetsExtension.debug.dylib -Xlinker -rpath -Xlinker @executable_path/Frameworks -Xlinker -rpath -Xlinker @executable_path/../../Frameworks -dead_strip -Xlinker -object_path_lto -Xlinker /Users/hem/Library/Developer/Xcode/DerivedData/TimeBox-bsjmcdsflgpdivgxidgxnaahhzjo/Build/Intermediates.noindex/TimeBox.build/Debug-iphonesimulator/TimeBoxWidgetsExtension.build/Objects-normal/arm64/TimeBoxWidgetsExtension_lto.o -rdynamic -Xlinker -no_deduplicate -Xlinker -objc_abi_version -Xlinker 2 -Xlinker -debug_variant -Xlinker -dependency_info -Xlinker /Users/hem/Library/Developer/Xcode/DerivedData/TimeBox-bsjmcdsflgpdivgxidgxnaahhzjo/Build/Intermediates.noindex/TimeBox.build/Debug-iphonesimulator/TimeBoxWidgetsExtension.build/Objects-normal/arm64/TimeBoxWidgetsExtension_dependency_info.dat -fapplication-extension -fobjc-link-runtime -fprofile-instr-generate -L/Applications/Xcode.app/Contents/Developer/Toolchains/XcodeDefault.xctoolchain/usr/lib/swift/iphonesimulator -L/usr/lib/swift -Xlinker -add_ast_path -Xlinker /Users/hem/Library/Developer/Xcode/DerivedData/TimeBox-bsjmcdsflgpdivgxidgxnaahhzjo/Build/Intermediates.noindex/TimeBox.build/Debug-iphonesimulator/TimeBoxWidgetsExtension.build/Objects-normal/arm64/TimeBoxWidgetsExtension.swiftmodule @/Users/hem/Library/Developer/Xcode/DerivedData/TimeBox-bsjmcdsflgpdivgxidgxnaahhzjo/Build/Intermediates.noindex/TimeBox.build/Debug-iphonesimulator/TimeBoxWidgetsExtension.build/Objects-normal/arm64/TimeBoxWidgetsExtension-linker-args.resp -Xlinker -alias -Xlinker _NSExtensionMain -Xlinker ___debug_main_executable_dylib_entry_point -framework SwiftUI -framework TimeBoxCore -framework WidgetKit -Xlinker -no_adhoc_codesign -o /Users/hem/Library/Developer/Xcode/DerivedData/TimeBox-bsjmcdsflgpdivgxidgxnaahhzjo/Build/Products/Debug-iphonesimulator/TimeBoxWidgetsExtension.appex/TimeBoxWidgetsExtension.debug.dylib

ProcessProductPackagingDER /Users/hem/Library/Developer/Xcode/DerivedData/TimeBox-bsjmcdsflgpdivgxidgxnaahhzjo/Build/Intermediates.noindex/TimeBox.build/Debug-iphonesimulator/TimeBox.build/TimeBox.app-Simulated.xcent /Users/hem/Library/Developer/Xcode/DerivedData/TimeBox-bsjmcdsflgpdivgxidgxnaahhzjo/Build/Intermediates.noindex/TimeBox.build/Debug-iphonesimulator/TimeBox.build/TimeBox.app-Simulated.xcent.der (in target 'TimeBox' from project 'TimeBox')
    cd /Users/hem/Documents/opt/my-daily-sprints/TimeBox
    /usr/bin/derq query -f xml -i /Users/hem/Library/Developer/Xcode/DerivedData/TimeBox-bsjmcdsflgpdivgxidgxnaahhzjo/Build/Intermediates.noindex/TimeBox.build/Debug-iphonesimulator/TimeBox.build/TimeBox.app-Simulated.xcent -o /Users/hem/Library/Developer/Xcode/DerivedData/TimeBox-bsjmcdsflgpdivgxidgxnaahhzjo/Build/Intermediates.noindex/TimeBox.build/Debug-iphonesimulator/TimeBox.build/TimeBox.app-Simulated.xcent.der --raw

ProcessProductPackagingDER /Users/hem/Library/Developer/Xcode/DerivedData/TimeBox-bsjmcdsflgpdivgxidgxnaahhzjo/Build/Intermediates.noindex/TimeBox.build/Debug-iphonesimulator/TimeBox.build/TimeBox.app.xcent /Users/hem/Library/Developer/Xcode/DerivedData/TimeBox-bsjmcdsflgpdivgxidgxnaahhzjo/Build/Intermediates.noindex/TimeBox.build/Debug-iphonesimulator/TimeBox.build/TimeBox.app.xcent.der (in target 'TimeBox' from project 'TimeBox')
    cd /Users/hem/Documents/opt/my-daily-sprints/TimeBox
    /usr/bin/derq query -f xml -i /Users/hem/Library/Developer/Xcode/DerivedData/TimeBox-bsjmcdsflgpdivgxidgxnaahhzjo/Build/Intermediates.noindex/TimeBox.build/Debug-iphonesimulator/TimeBox.build/TimeBox.app.xcent -o /Users/hem/Library/Developer/Xcode/DerivedData/TimeBox-bsjmcdsflgpdivgxidgxnaahhzjo/Build/Intermediates.noindex/TimeBox.build/Debug-iphonesimulator/TimeBox.build/TimeBox.app.xcent.der --raw

ProcessInfoPlistFile /Users/hem/Library/Developer/Xcode/DerivedData/TimeBox-bsjmcdsflgpdivgxidgxnaahhzjo/Build/Products/Debug-iphonesimulator/TimeBoxWidgetsExtension.appex/Info.plist /Users/hem/Documents/opt/my-daily-sprints/TimeBox/TimeBoxWidgets/Info.plist (in target 'TimeBoxWidgetsExtension' from project 'TimeBox')
    cd /Users/hem/Documents/opt/my-daily-sprints/TimeBox
    builtin-infoPlistUtility /Users/hem/Documents/opt/my-daily-sprints/TimeBox/TimeBoxWidgets/Info.plist -producttype com.apple.product-type.app-extension -expandbuildsettings -format binary -platform iphonesimulator -additionalcontentfile /Users/hem/Library/Developer/Xcode/DerivedData/TimeBox-bsjmcdsflgpdivgxidgxnaahhzjo/Build/Intermediates.noindex/TimeBox.build/Debug-iphonesimulator/TimeBoxWidgetsExtension.build/assetcatalog_generated_info.plist -o /Users/hem/Library/Developer/Xcode/DerivedData/TimeBox-bsjmcdsflgpdivgxidgxnaahhzjo/Build/Products/Debug-iphonesimulator/TimeBoxWidgetsExtension.appex/Info.plist

ProcessProductPackaging "" /Users/hem/Library/Developer/Xcode/DerivedData/TimeBox-bsjmcdsflgpdivgxidgxnaahhzjo/Build/Intermediates.noindex/TimeBox.build/Debug-iphonesimulator/TimeBoxUITests.build/TimeBoxUITests.xctest-Simulated.xcent (in target 'TimeBoxUITests' from project 'TimeBox')
    cd /Users/hem/Documents/opt/my-daily-sprints/TimeBox
    
    Entitlements:
    
    {
    "application-identifier" = "XK87E2B3VR.com.henning.timebox.uitests.xctrunner";
    "keychain-access-groups" =     (
        "XK87E2B3VR.com.henning.timebox.uitests.xctrunner"
    );
}
    
    builtin-productPackagingUtility -entitlements -format xml -o /Users/hem/Library/Developer/Xcode/DerivedData/TimeBox-bsjmcdsflgpdivgxidgxnaahhzjo/Build/Intermediates.noindex/TimeBox.build/Debug-iphonesimulator/TimeBoxUITests.build/TimeBoxUITests.xctest-Simulated.xcent

ProcessProductPackagingDER /Users/hem/Library/Developer/Xcode/DerivedData/TimeBox-bsjmcdsflgpdivgxidgxnaahhzjo/Build/Intermediates.noindex/TimeBox.build/Debug-iphonesimulator/TimeBoxUITests.build/TimeBoxUITests.xctest-Simulated.xcent /Users/hem/Library/Developer/Xcode/DerivedData/TimeBox-bsjmcdsflgpdivgxidgxnaahhzjo/Build/Intermediates.noindex/TimeBox.build/Debug-iphonesimulator/TimeBoxUITests.build/TimeBoxUITests.xctest-Simulated.xcent.der (in target 'TimeBoxUITests' from project 'TimeBox')
    cd /Users/hem/Documents/opt/my-daily-sprints/TimeBox
    /usr/bin/derq query -f xml -i /Users/hem/Library/Developer/Xcode/DerivedData/TimeBox-bsjmcdsflgpdivgxidgxnaahhzjo/Build/Intermediates.noindex/TimeBox.build/Debug-iphonesimulator/TimeBoxUITests.build/TimeBoxUITests.xctest-Simulated.xcent -o /Users/hem/Library/Developer/Xcode/DerivedData/TimeBox-bsjmcdsflgpdivgxidgxnaahhzjo/Build/Intermediates.noindex/TimeBox.build/Debug-iphonesimulator/TimeBoxUITests.build/TimeBoxUITests.xctest-Simulated.xcent.der --raw

ConstructStubExecutorLinkFileList /Users/hem/Library/Developer/Xcode/DerivedData/TimeBox-bsjmcdsflgpdivgxidgxnaahhzjo/Build/Intermediates.noindex/TimeBox.build/Debug-iphonesimulator/TimeBoxWidgetsExtension.build/TimeBoxWidgetsExtension-ExecutorLinkFileList-normal-arm64.txt (in target 'TimeBoxWidgetsExtension' from project 'TimeBox')
    cd /Users/hem/Documents/opt/my-daily-sprints/TimeBox
    construct-stub-executor-link-file-list /Users/hem/Library/Developer/Xcode/DerivedData/TimeBox-bsjmcdsflgpdivgxidgxnaahhzjo/Build/Products/Debug-iphonesimulator/TimeBoxWidgetsExtension.appex/TimeBoxWidgetsExtension.debug.dylib /Applications/Xcode.app/Contents/Developer/Platforms/iPhoneSimulator.platform/Developer/usr/lib/libPreviewsJITStubExecutor_no_swift_entry_point.a /Applications/Xcode.app/Contents/Developer/Platforms/iPhoneSimulator.platform/Developer/usr/lib/libPreviewsJITStubExecutor.a --output /Users/hem/Library/Developer/Xcode/DerivedData/TimeBox-bsjmcdsflgpdivgxidgxnaahhzjo/Build/Intermediates.noindex/TimeBox.build/Debug-iphonesimulator/TimeBoxWidgetsExtension.build/TimeBoxWidgetsExtension-ExecutorLinkFileList-normal-arm64.txt
note: Using stub executor library with Swift entry point. (in target 'TimeBoxWidgetsExtension' from project 'TimeBox')

Ld /Users/hem/Library/Developer/Xcode/DerivedData/TimeBox-bsjmcdsflgpdivgxidgxnaahhzjo/Build/Products/Debug-iphonesimulator/TimeBoxWidgetsExtension.appex/TimeBoxWidgetsExtension normal (in target 'TimeBoxWidgetsExtension' from project 'TimeBox')
    cd /Users/hem/Documents/opt/my-daily-sprints/TimeBox
    /Applications/Xcode.app/Contents/Developer/Toolchains/XcodeDefault.xctoolchain/usr/bin/clang -Xlinker -reproducible -target arm64-apple-ios26.2-simulator -isysroot /Applications/Xcode.app/Contents/Developer/Platforms/iPhoneSimulator.platform/Developer/SDKs/iPhoneSimulator26.2.sdk -O0 -L/Users/hem/Library/Developer/Xcode/DerivedData/TimeBox-bsjmcdsflgpdivgxidgxnaahhzjo/Build/Products/Debug-iphonesimulator -F/Users/hem/Library/Developer/Xcode/DerivedData/TimeBox-bsjmcdsflgpdivgxidgxnaahhzjo/Build/Products/Debug-iphonesimulator -Xlinker -rpath -Xlinker @executable_path -Xlinker -rpath -Xlinker @executable_path/Frameworks -Xlinker -rpath -Xlinker @executable_path/../../Frameworks -rdynamic -Xlinker -no_deduplicate -Xlinker -objc_abi_version -Xlinker 2 -Xlinker -debug_variant -e ___debug_blank_executor_main -Xlinker -sectcreate -Xlinker __TEXT -Xlinker __debug_dylib -Xlinker /Users/hem/Library/Developer/Xcode/DerivedData/TimeBox-bsjmcdsflgpdivgxidgxnaahhzjo/Build/Intermediates.noindex/TimeBox.build/Debug-iphonesimulator/TimeBoxWidgetsExtension.build/TimeBoxWidgetsExtension-DebugDylibPath-normal-arm64.txt -Xlinker -sectcreate -Xlinker __TEXT -Xlinker __debug_entry -Xlinker /Users/hem/Library/Developer/Xcode/DerivedData/TimeBox-bsjmcdsflgpdivgxidgxnaahhzjo/Build/Intermediates.noindex/TimeBox.build/Debug-iphonesimulator/TimeBoxWidgetsExtension.build/TimeBoxWidgetsExtension-DebugEntryPoint-normal-arm64.txt -Xlinker -sectcreate -Xlinker __TEXT -Xlinker __debug_instlnm -Xlinker /Users/hem/Library/Developer/Xcode/DerivedData/TimeBox-bsjmcdsflgpdivgxidgxnaahhzjo/Build/Intermediates.noindex/TimeBox.build/Debug-iphonesimulator/TimeBoxWidgetsExtension.build/TimeBoxWidgetsExtension-DebugDylibInstallName-normal-arm64.txt -Xlinker -filelist -Xlinker /Users/hem/Library/Developer/Xcode/DerivedData/TimeBox-bsjmcdsflgpdivgxidgxnaahhzjo/Build/Intermediates.noindex/TimeBox.build/Debug-iphonesimulator/TimeBoxWidgetsExtension.build/TimeBoxWidgetsExtension-ExecutorLinkFileList-normal-arm64.txt -Xlinker -sectcreate -Xlinker __TEXT -Xlinker __entitlements -Xlinker /Users/hem/Library/Developer/Xcode/DerivedData/TimeBox-bsjmcdsflgpdivgxidgxnaahhzjo/Build/Intermediates.noindex/TimeBox.build/Debug-iphonesimulator/TimeBoxWidgetsExtension.build/TimeBoxWidgetsExtension.appex-Simulated.xcent -Xlinker -sectcreate -Xlinker __TEXT -Xlinker __ents_der -Xlinker /Users/hem/Library/Developer/Xcode/DerivedData/TimeBox-bsjmcdsflgpdivgxidgxnaahhzjo/Build/Intermediates.noindex/TimeBox.build/Debug-iphonesimulator/TimeBoxWidgetsExtension.build/TimeBoxWidgetsExtension.appex-Simulated.xcent.der /Users/hem/Library/Developer/Xcode/DerivedData/TimeBox-bsjmcdsflgpdivgxidgxnaahhzjo/Build/Products/Debug-iphonesimulator/TimeBoxWidgetsExtension.appex/TimeBoxWidgetsExtension.debug.dylib -Xlinker -no_adhoc_codesign -o /Users/hem/Library/Developer/Xcode/DerivedData/TimeBox-bsjmcdsflgpdivgxidgxnaahhzjo/Build/Products/Debug-iphonesimulator/TimeBoxWidgetsExtension.appex/TimeBoxWidgetsExtension

ExtractAppIntentsMetadata (in target 'TimeBoxWidgetsExtension' from project 'TimeBox')
    cd /Users/hem/Documents/opt/my-daily-sprints/TimeBox
    /Applications/Xcode.app/Contents/Developer/Toolchains/XcodeDefault.xctoolchain/usr/bin/appintentsmetadataprocessor --toolchain-dir /Applications/Xcode.app/Contents/Developer/Toolchains/XcodeDefault.xctoolchain --module-name TimeBoxWidgetsExtension --sdk-root /Applications/Xcode.app/Contents/Developer/Platforms/iPhoneSimulator.platform/Developer/SDKs/iPhoneSimulator26.2.sdk --xcode-version 17C52 --platform-family iOS --deployment-target 26.2 --bundle-identifier com.henning.timebox.TimeBoxWidgets --output /Users/hem/Library/Developer/Xcode/DerivedData/TimeBox-bsjmcdsflgpdivgxidgxnaahhzjo/Build/Products/Debug-iphonesimulator/TimeBoxWidgetsExtension.appex --target-triple arm64-apple-ios26.2-simulator --binary-file /Users/hem/Library/Developer/Xcode/DerivedData/TimeBox-bsjmcdsflgpdivgxidgxnaahhzjo/Build/Products/Debug-iphonesimulator/TimeBoxWidgetsExtension.appex/TimeBoxWidgetsExtension --dependency-file /Users/hem/Library/Developer/Xcode/DerivedData/TimeBox-bsjmcdsflgpdivgxidgxnaahhzjo/Build/Intermediates.noindex/TimeBox.build/Debug-iphonesimulator/TimeBoxWidgetsExtension.build/Objects-normal/arm64/TimeBoxWidgetsExtension_dependency_info.dat --stringsdata-file /Users/hem/Library/Developer/Xcode/DerivedData/TimeBox-bsjmcdsflgpdivgxidgxnaahhzjo/Build/Intermediates.noindex/TimeBox.build/Debug-iphonesimulator/TimeBoxWidgetsExtension.build/Objects-normal/arm64/ExtractedAppShortcutsMetadata.stringsdata --source-file-list /Users/hem/Library/Developer/Xcode/DerivedData/TimeBox-bsjmcdsflgpdivgxidgxnaahhzjo/Build/Intermediates.noindex/TimeBox.build/Debug-iphonesimulator/TimeBoxWidgetsExtension.build/Objects-normal/arm64/TimeBoxWidgetsExtension.SwiftFileList --metadata-file-list /Users/hem/Library/Developer/Xcode/DerivedData/TimeBox-bsjmcdsflgpdivgxidgxnaahhzjo/Build/Intermediates.noindex/TimeBox.build/Debug-iphonesimulator/TimeBoxWidgetsExtension.build/TimeBoxWidgetsExtension.DependencyMetadataFileList --static-metadata-file-list /Users/hem/Library/Developer/Xcode/DerivedData/TimeBox-bsjmcdsflgpdivgxidgxnaahhzjo/Build/Intermediates.noindex/TimeBox.build/Debug-iphonesimulator/TimeBoxWidgetsExtension.build/TimeBoxWidgetsExtension.DependencyStaticMetadataFileList --swift-const-vals-list /Users/hem/Library/Developer/Xcode/DerivedData/TimeBox-bsjmcdsflgpdivgxidgxnaahhzjo/Build/Intermediates.noindex/TimeBox.build/Debug-iphonesimulator/TimeBoxWidgetsExtension.build/Objects-normal/arm64/TimeBoxWidgetsExtension.SwiftConstValuesFileList --compile-time-extraction --deployment-aware-processing --validate-assistant-intents --no-app-shortcuts-localization
2026-01-22 19:17:19.656 appintentsmetadataprocessor[80061:28029777] Starting appintentsmetadataprocessor export
2026-01-22 19:17:19.729 appintentsmetadataprocessor[80061:28029777] Writing Metadata.appintents
2026-01-22 19:17:19.729 appintentsmetadataprocessor[80061:28029777] Metadata root: /Users/hem/Library/Developer/Xcode/DerivedData/TimeBox-bsjmcdsflgpdivgxidgxnaahhzjo/Build/Products/Debug-iphonesimulator/TimeBoxWidgetsExtension.appex/Metadata.appintents

CodeSign /Users/hem/Library/Developer/Xcode/DerivedData/TimeBox-bsjmcdsflgpdivgxidgxnaahhzjo/Build/Products/Debug-iphonesimulator/TimeBoxWidgetsExtension.appex/TimeBoxWidgetsExtension.debug.dylib (in target 'TimeBoxWidgetsExtension' from project 'TimeBox')
    cd /Users/hem/Documents/opt/my-daily-sprints/TimeBox
    
    Signing Identity:     "Sign to Run Locally"
    
    /usr/bin/codesign --force --sign - --timestamp\=none --generate-entitlement-der /Users/hem/Library/Developer/Xcode/DerivedData/TimeBox-bsjmcdsflgpdivgxidgxnaahhzjo/Build/Products/Debug-iphonesimulator/TimeBoxWidgetsExtension.appex/TimeBoxWidgetsExtension.debug.dylib

CodeSign /Users/hem/Library/Developer/Xcode/DerivedData/TimeBox-bsjmcdsflgpdivgxidgxnaahhzjo/Build/Products/Debug-iphonesimulator/TimeBoxWidgetsExtension.appex (in target 'TimeBoxWidgetsExtension' from project 'TimeBox')
    cd /Users/hem/Documents/opt/my-daily-sprints/TimeBox
    
    Signing Identity:     "Sign to Run Locally"
    
    /usr/bin/codesign --force --sign - --timestamp\=none --generate-entitlement-der /Users/hem/Library/Developer/Xcode/DerivedData/TimeBox-bsjmcdsflgpdivgxidgxnaahhzjo/Build/Products/Debug-iphonesimulator/TimeBoxWidgetsExtension.appex

Ld /Users/hem/Library/Developer/Xcode/DerivedData/TimeBox-bsjmcdsflgpdivgxidgxnaahhzjo/Build/Products/Debug-iphonesimulator/TimeBox.app/TimeBox.debug.dylib normal (in target 'TimeBox' from project 'TimeBox')
    cd /Users/hem/Documents/opt/my-daily-sprints/TimeBox
    /Applications/Xcode.app/Contents/Developer/Toolchains/XcodeDefault.xctoolchain/usr/bin/clang -Xlinker -reproducible -target arm64-apple-ios17.0-simulator -dynamiclib -isysroot /Applications/Xcode.app/Contents/Developer/Platforms/iPhoneSimulator.platform/Developer/SDKs/iPhoneSimulator26.2.sdk -O0 -L/Users/hem/Library/Developer/Xcode/DerivedData/TimeBox-bsjmcdsflgpdivgxidgxnaahhzjo/Build/Intermediates.noindex/EagerLinkingTBDs/Debug-iphonesimulator -L/Users/hem/Library/Developer/Xcode/DerivedData/TimeBox-bsjmcdsflgpdivgxidgxnaahhzjo/Build/Products/Debug-iphonesimulator -F/Users/hem/Library/Developer/Xcode/DerivedData/TimeBox-bsjmcdsflgpdivgxidgxnaahhzjo/Build/Intermediates.noindex/EagerLinkingTBDs/Debug-iphonesimulator -F/Users/hem/Library/Developer/Xcode/DerivedData/TimeBox-bsjmcdsflgpdivgxidgxnaahhzjo/Build/Products/Debug-iphonesimulator -filelist /Users/hem/Library/Developer/Xcode/DerivedData/TimeBox-bsjmcdsflgpdivgxidgxnaahhzjo/Build/Intermediates.noindex/TimeBox.build/Debug-iphonesimulator/TimeBox.build/Objects-normal/arm64/TimeBox.LinkFileList -install_name @rpath/TimeBox.debug.dylib -Xlinker -rpath -Xlinker /usr/lib/swift -Xlinker -rpath -Xlinker @executable_path/Frameworks -dead_strip -Xlinker -object_path_lto -Xlinker /Users/hem/Library/Developer/Xcode/DerivedData/TimeBox-bsjmcdsflgpdivgxidgxnaahhzjo/Build/Intermediates.noindex/TimeBox.build/Debug-iphonesimulator/TimeBox.build/Objects-normal/arm64/TimeBox_lto.o -rdynamic -Xlinker -no_deduplicate -Xlinker -objc_abi_version -Xlinker 2 -Xlinker -debug_variant -Xlinker -dependency_info -Xlinker /Users/hem/Library/Developer/Xcode/DerivedData/TimeBox-bsjmcdsflgpdivgxidgxnaahhzjo/Build/Intermediates.noindex/TimeBox.build/Debug-iphonesimulator/TimeBox.build/Objects-normal/arm64/TimeBox_dependency_info.dat -fobjc-link-runtime -fprofile-instr-generate -L/Applications/Xcode.app/Contents/Developer/Toolchains/XcodeDefault.xctoolchain/usr/lib/swift/iphonesimulator -L/usr/lib/swift -Xlinker -add_ast_path -Xlinker /Users/hem/Library/Developer/Xcode/DerivedData/TimeBox-bsjmcdsflgpdivgxidgxnaahhzjo/Build/Intermediates.noindex/TimeBox.build/Debug-iphonesimulator/TimeBox.build/Objects-normal/arm64/TimeBox.swiftmodule @/Users/hem/Library/Developer/Xcode/DerivedData/TimeBox-bsjmcdsflgpdivgxidgxnaahhzjo/Build/Intermediates.noindex/TimeBox.build/Debug-iphonesimulator/TimeBox.build/Objects-normal/arm64/TimeBox-linker-args.resp -Xlinker -alias -Xlinker _main -Xlinker ___debug_main_executable_dylib_entry_point -framework TimeBoxCore -Xlinker -no_adhoc_codesign -o /Users/hem/Library/Developer/Xcode/DerivedData/TimeBox-bsjmcdsflgpdivgxidgxnaahhzjo/Build/Products/Debug-iphonesimulator/TimeBox.app/TimeBox.debug.dylib
ld: warning: building for iOS-simulator-17.0, but linking with dylib '@rpath/TimeBoxCore.framework/TimeBoxCore' which was built for newer version 26.2

ConstructStubExecutorLinkFileList /Users/hem/Library/Developer/Xcode/DerivedData/TimeBox-bsjmcdsflgpdivgxidgxnaahhzjo/Build/Intermediates.noindex/TimeBox.build/Debug-iphonesimulator/TimeBox.build/TimeBox-ExecutorLinkFileList-normal-arm64.txt (in target 'TimeBox' from project 'TimeBox')
    cd /Users/hem/Documents/opt/my-daily-sprints/TimeBox
    construct-stub-executor-link-file-list /Users/hem/Library/Developer/Xcode/DerivedData/TimeBox-bsjmcdsflgpdivgxidgxnaahhzjo/Build/Products/Debug-iphonesimulator/TimeBox.app/TimeBox.debug.dylib /Applications/Xcode.app/Contents/Developer/Platforms/iPhoneSimulator.platform/Developer/usr/lib/libPreviewsJITStubExecutor_no_swift_entry_point.a /Applications/Xcode.app/Contents/Developer/Platforms/iPhoneSimulator.platform/Developer/usr/lib/libPreviewsJITStubExecutor.a --output /Users/hem/Library/Developer/Xcode/DerivedData/TimeBox-bsjmcdsflgpdivgxidgxnaahhzjo/Build/Intermediates.noindex/TimeBox.build/Debug-iphonesimulator/TimeBox.build/TimeBox-ExecutorLinkFileList-normal-arm64.txt
note: Using stub executor library with Swift entry point. (in target 'TimeBox' from project 'TimeBox')

Ld /Users/hem/Library/Developer/Xcode/DerivedData/TimeBox-bsjmcdsflgpdivgxidgxnaahhzjo/Build/Products/Debug-iphonesimulator/TimeBox.app/TimeBox normal (in target 'TimeBox' from project 'TimeBox')
    cd /Users/hem/Documents/opt/my-daily-sprints/TimeBox
    /Applications/Xcode.app/Contents/Developer/Toolchains/XcodeDefault.xctoolchain/usr/bin/clang -Xlinker -reproducible -target arm64-apple-ios17.0-simulator -isysroot /Applications/Xcode.app/Contents/Developer/Platforms/iPhoneSimulator.platform/Developer/SDKs/iPhoneSimulator26.2.sdk -O0 -L/Users/hem/Library/Developer/Xcode/DerivedData/TimeBox-bsjmcdsflgpdivgxidgxnaahhzjo/Build/Products/Debug-iphonesimulator -F/Users/hem/Library/Developer/Xcode/DerivedData/TimeBox-bsjmcdsflgpdivgxidgxnaahhzjo/Build/Products/Debug-iphonesimulator -Xlinker -rpath -Xlinker @executable_path -Xlinker -rpath -Xlinker @executable_path/Frameworks -rdynamic -Xlinker -no_deduplicate -Xlinker -objc_abi_version -Xlinker 2 -Xlinker -debug_variant -e ___debug_blank_executor_main -Xlinker -sectcreate -Xlinker __TEXT -Xlinker __debug_dylib -Xlinker /Users/hem/Library/Developer/Xcode/DerivedData/TimeBox-bsjmcdsflgpdivgxidgxnaahhzjo/Build/Intermediates.noindex/TimeBox.build/Debug-iphonesimulator/TimeBox.build/TimeBox-DebugDylibPath-normal-arm64.txt -Xlinker -sectcreate -Xlinker __TEXT -Xlinker __debug_instlnm -Xlinker /Users/hem/Library/Developer/Xcode/DerivedData/TimeBox-bsjmcdsflgpdivgxidgxnaahhzjo/Build/Intermediates.noindex/TimeBox.build/Debug-iphonesimulator/TimeBox.build/TimeBox-DebugDylibInstallName-normal-arm64.txt -Xlinker -filelist -Xlinker /Users/hem/Library/Developer/Xcode/DerivedData/TimeBox-bsjmcdsflgpdivgxidgxnaahhzjo/Build/Intermediates.noindex/TimeBox.build/Debug-iphonesimulator/TimeBox.build/TimeBox-ExecutorLinkFileList-normal-arm64.txt -Xlinker -sectcreate -Xlinker __TEXT -Xlinker __entitlements -Xlinker /Users/hem/Library/Developer/Xcode/DerivedData/TimeBox-bsjmcdsflgpdivgxidgxnaahhzjo/Build/Intermediates.noindex/TimeBox.build/Debug-iphonesimulator/TimeBox.build/TimeBox.app-Simulated.xcent -Xlinker -sectcreate -Xlinker __TEXT -Xlinker __ents_der -Xlinker /Users/hem/Library/Developer/Xcode/DerivedData/TimeBox-bsjmcdsflgpdivgxidgxnaahhzjo/Build/Intermediates.noindex/TimeBox.build/Debug-iphonesimulator/TimeBox.build/TimeBox.app-Simulated.xcent.der /Users/hem/Library/Developer/Xcode/DerivedData/TimeBox-bsjmcdsflgpdivgxidgxnaahhzjo/Build/Products/Debug-iphonesimulator/TimeBox.app/TimeBox.debug.dylib -Xlinker -no_adhoc_codesign -o /Users/hem/Library/Developer/Xcode/DerivedData/TimeBox-bsjmcdsflgpdivgxidgxnaahhzjo/Build/Products/Debug-iphonesimulator/TimeBox.app/TimeBox

Copy /Users/hem/Library/Developer/Xcode/DerivedData/TimeBox-bsjmcdsflgpdivgxidgxnaahhzjo/Build/Products/Debug-iphonesimulator/TimeBox.app/PlugIns/TimeBoxWidgetsExtension.appex /Users/hem/Library/Developer/Xcode/DerivedData/TimeBox-bsjmcdsflgpdivgxidgxnaahhzjo/Build/Products/Debug-iphonesimulator/TimeBoxWidgetsExtension.appex (in target 'TimeBox' from project 'TimeBox')
    cd /Users/hem/Documents/opt/my-daily-sprints/TimeBox
    builtin-copy -exclude .DS_Store -exclude CVS -exclude .svn -exclude .git -exclude .hg -exclude Headers -exclude PrivateHeaders -exclude Modules -exclude \*.tbd -resolve-src-symlinks -remove-static-executable /Users/hem/Library/Developer/Xcode/DerivedData/TimeBox-bsjmcdsflgpdivgxidgxnaahhzjo/Build/Products/Debug-iphonesimulator/TimeBoxWidgetsExtension.appex /Users/hem/Library/Developer/Xcode/DerivedData/TimeBox-bsjmcdsflgpdivgxidgxnaahhzjo/Build/Products/Debug-iphonesimulator/TimeBox.app/PlugIns

ProcessInfoPlistFile /Users/hem/Library/Developer/Xcode/DerivedData/TimeBox-bsjmcdsflgpdivgxidgxnaahhzjo/Build/Products/Debug-iphonesimulator/TimeBox.app/Info.plist /Users/hem/Documents/opt/my-daily-sprints/TimeBox/Resources/Info.plist (in target 'TimeBox' from project 'TimeBox')
    cd /Users/hem/Documents/opt/my-daily-sprints/TimeBox
    builtin-infoPlistUtility /Users/hem/Documents/opt/my-daily-sprints/TimeBox/Resources/Info.plist -producttype com.apple.product-type.application -genpkginfo /Users/hem/Library/Developer/Xcode/DerivedData/TimeBox-bsjmcdsflgpdivgxidgxnaahhzjo/Build/Products/Debug-iphonesimulator/TimeBox.app/PkgInfo -expandbuildsettings -format binary -platform iphonesimulator -scanforprivacyfile /Users/hem/Library/Developer/Xcode/DerivedData/TimeBox-bsjmcdsflgpdivgxidgxnaahhzjo/Build/Products/Debug-iphonesimulator/TimeBox.app/Frameworks/TimeBoxCore.framework -scanforprivacyfile /Users/hem/Library/Developer/Xcode/DerivedData/TimeBox-bsjmcdsflgpdivgxidgxnaahhzjo/Build/Products/Debug-iphonesimulator/TimeBox.app/PlugIns/TimeBoxWidgetsExtension.appex -o /Users/hem/Library/Developer/Xcode/DerivedData/TimeBox-bsjmcdsflgpdivgxidgxnaahhzjo/Build/Products/Debug-iphonesimulator/TimeBox.app/Info.plist

ExtractAppIntentsMetadata (in target 'TimeBox' from project 'TimeBox')
    cd /Users/hem/Documents/opt/my-daily-sprints/TimeBox
    /Applications/Xcode.app/Contents/Developer/Toolchains/XcodeDefault.xctoolchain/usr/bin/appintentsmetadataprocessor --toolchain-dir /Applications/Xcode.app/Contents/Developer/Toolchains/XcodeDefault.xctoolchain --module-name TimeBox --sdk-root /Applications/Xcode.app/Contents/Developer/Platforms/iPhoneSimulator.platform/Developer/SDKs/iPhoneSimulator26.2.sdk --xcode-version 17C52 --platform-family iOS --deployment-target 17.0 --bundle-identifier com.henning.timebox --output /Users/hem/Library/Developer/Xcode/DerivedData/TimeBox-bsjmcdsflgpdivgxidgxnaahhzjo/Build/Products/Debug-iphonesimulator/TimeBox.app --target-triple arm64-apple-ios17.0-simulator --binary-file /Users/hem/Library/Developer/Xcode/DerivedData/TimeBox-bsjmcdsflgpdivgxidgxnaahhzjo/Build/Products/Debug-iphonesimulator/TimeBox.app/TimeBox --dependency-file /Users/hem/Library/Developer/Xcode/DerivedData/TimeBox-bsjmcdsflgpdivgxidgxnaahhzjo/Build/Intermediates.noindex/TimeBox.build/Debug-iphonesimulator/TimeBox.build/Objects-normal/arm64/TimeBox_dependency_info.dat --stringsdata-file /Users/hem/Library/Developer/Xcode/DerivedData/TimeBox-bsjmcdsflgpdivgxidgxnaahhzjo/Build/Intermediates.noindex/TimeBox.build/Debug-iphonesimulator/TimeBox.build/Objects-normal/arm64/ExtractedAppShortcutsMetadata.stringsdata --source-file-list /Users/hem/Library/Developer/Xcode/DerivedData/TimeBox-bsjmcdsflgpdivgxidgxnaahhzjo/Build/Intermediates.noindex/TimeBox.build/Debug-iphonesimulator/TimeBox.build/Objects-normal/arm64/TimeBox.SwiftFileList --metadata-file-list /Users/hem/Library/Developer/Xcode/DerivedData/TimeBox-bsjmcdsflgpdivgxidgxnaahhzjo/Build/Intermediates.noindex/TimeBox.build/Debug-iphonesimulator/TimeBox.build/TimeBox.DependencyMetadataFileList --static-metadata-file-list /Users/hem/Library/Developer/Xcode/DerivedData/TimeBox-bsjmcdsflgpdivgxidgxnaahhzjo/Build/Intermediates.noindex/TimeBox.build/Debug-iphonesimulator/TimeBox.build/TimeBox.DependencyStaticMetadataFileList --swift-const-vals-list /Users/hem/Library/Developer/Xcode/DerivedData/TimeBox-bsjmcdsflgpdivgxidgxnaahhzjo/Build/Intermediates.noindex/TimeBox.build/Debug-iphonesimulator/TimeBox.build/Objects-normal/arm64/TimeBox.SwiftConstValuesFileList --compile-time-extraction --deployment-aware-processing --validate-assistant-intents --no-app-shortcuts-localization
2026-01-22 19:17:19.995 appintentsmetadataprocessor[80068:28029824] Starting appintentsmetadataprocessor export
2026-01-22 19:17:19.996 appintentsmetadataprocessor[80068:28029824] warning: Metadata extraction skipped. No AppIntents.framework dependency found.

CopySwiftLibs /Users/hem/Library/Developer/Xcode/DerivedData/TimeBox-bsjmcdsflgpdivgxidgxnaahhzjo/Build/Products/Debug-iphonesimulator/TimeBox.app (in target 'TimeBox' from project 'TimeBox')
    cd /Users/hem/Documents/opt/my-daily-sprints/TimeBox
    builtin-swiftStdLibTool --copy --verbose --sign - --scan-executable /Users/hem/Library/Developer/Xcode/DerivedData/TimeBox-bsjmcdsflgpdivgxidgxnaahhzjo/Build/Products/Debug-iphonesimulator/TimeBox.app/TimeBox.debug.dylib --scan-folder /Users/hem/Library/Developer/Xcode/DerivedData/TimeBox-bsjmcdsflgpdivgxidgxnaahhzjo/Build/Products/Debug-iphonesimulator/TimeBox.app/Frameworks --scan-folder /Users/hem/Library/Developer/Xcode/DerivedData/TimeBox-bsjmcdsflgpdivgxidgxnaahhzjo/Build/Products/Debug-iphonesimulator/TimeBox.app/PlugIns --scan-folder /Users/hem/Library/Developer/Xcode/DerivedData/TimeBox-bsjmcdsflgpdivgxidgxnaahhzjo/Build/Products/Debug-iphonesimulator/TimeBox.app/SystemExtensions --scan-folder /Users/hem/Library/Developer/Xcode/DerivedData/TimeBox-bsjmcdsflgpdivgxidgxnaahhzjo/Build/Products/Debug-iphonesimulator/TimeBox.app/Extensions --scan-folder /Users/hem/Library/Developer/Xcode/DerivedData/TimeBox-bsjmcdsflgpdivgxidgxnaahhzjo/Build/Products/Debug-iphonesimulator/TimeBoxCore.framework --platform iphonesimulator --toolchain /Applications/Xcode.app/Contents/Developer/Toolchains/XcodeDefault.xctoolchain --destination /Users/hem/Library/Developer/Xcode/DerivedData/TimeBox-bsjmcdsflgpdivgxidgxnaahhzjo/Build/Products/Debug-iphonesimulator/TimeBox.app/Frameworks --strip-bitcode --strip-bitcode-tool /Applications/Xcode.app/Contents/Developer/Toolchains/XcodeDefault.xctoolchain/usr/bin/bitcode_strip --emit-dependency-info /Users/hem/Library/Developer/Xcode/DerivedData/TimeBox-bsjmcdsflgpdivgxidgxnaahhzjo/Build/Intermediates.noindex/TimeBox.build/Debug-iphonesimulator/TimeBox.build/SwiftStdLibToolInputDependencies.dep --filter-for-swift-os

ProcessInfoPlistFile /Users/hem/Library/Developer/Xcode/DerivedData/TimeBox-bsjmcdsflgpdivgxidgxnaahhzjo/Build/Products/Debug-iphonesimulator/TimeBox.app/PlugIns/TimeBoxTests.xctest/Info.plist /Users/hem/Library/Developer/Xcode/DerivedData/TimeBox-bsjmcdsflgpdivgxidgxnaahhzjo/Build/Intermediates.noindex/TimeBox.build/Debug-iphonesimulator/TimeBoxTests.build/empty-TimeBoxTests.plist (in target 'TimeBoxTests' from project 'TimeBox')
    cd /Users/hem/Documents/opt/my-daily-sprints/TimeBox
    builtin-infoPlistUtility /Users/hem/Library/Developer/Xcode/DerivedData/TimeBox-bsjmcdsflgpdivgxidgxnaahhzjo/Build/Intermediates.noindex/TimeBox.build/Debug-iphonesimulator/TimeBoxTests.build/empty-TimeBoxTests.plist -producttype com.apple.product-type.bundle.unit-test -expandbuildsettings -format binary -platform iphonesimulator -o /Users/hem/Library/Developer/Xcode/DerivedData/TimeBox-bsjmcdsflgpdivgxidgxnaahhzjo/Build/Products/Debug-iphonesimulator/TimeBox.app/PlugIns/TimeBoxTests.xctest/Info.plist

Ld /Users/hem/Library/Developer/Xcode/DerivedData/TimeBox-bsjmcdsflgpdivgxidgxnaahhzjo/Build/Products/Debug-iphonesimulator/TimeBox.app/PlugIns/TimeBoxTests.xctest/TimeBoxTests normal (in target 'TimeBoxTests' from project 'TimeBox')
    cd /Users/hem/Documents/opt/my-daily-sprints/TimeBox
    /Applications/Xcode.app/Contents/Developer/Toolchains/XcodeDefault.xctoolchain/usr/bin/clang -Xlinker -reproducible -target arm64-apple-ios17.0-simulator -bundle -isysroot /Applications/Xcode.app/Contents/Developer/Platforms/iPhoneSimulator.platform/Developer/SDKs/iPhoneSimulator26.2.sdk -O0 -L/Users/hem/Library/Developer/Xcode/DerivedData/TimeBox-bsjmcdsflgpdivgxidgxnaahhzjo/Build/Intermediates.noindex/EagerLinkingTBDs/Debug-iphonesimulator -L/Users/hem/Library/Developer/Xcode/DerivedData/TimeBox-bsjmcdsflgpdivgxidgxnaahhzjo/Build/Products/Debug-iphonesimulator -L/Applications/Xcode.app/Contents/Developer/Platforms/iPhoneSimulator.platform/Developer/usr/lib -F/Users/hem/Library/Developer/Xcode/DerivedData/TimeBox-bsjmcdsflgpdivgxidgxnaahhzjo/Build/Intermediates.noindex/EagerLinkingTBDs/Debug-iphonesimulator -F/Users/hem/Library/Developer/Xcode/DerivedData/TimeBox-bsjmcdsflgpdivgxidgxnaahhzjo/Build/Products/Debug-iphonesimulator -iframework /Applications/Xcode.app/Contents/Developer/Platforms/iPhoneSimulator.platform/Developer/Library/Frameworks -iframework /Applications/Xcode.app/Contents/Developer/Platforms/iPhoneSimulator.platform/Developer/SDKs/iPhoneSimulator26.2.sdk/Developer/Library/Frameworks -filelist /Users/hem/Library/Developer/Xcode/DerivedData/TimeBox-bsjmcdsflgpdivgxidgxnaahhzjo/Build/Intermediates.noindex/TimeBox.build/Debug-iphonesimulator/TimeBoxTests.build/Objects-normal/arm64/TimeBoxTests.LinkFileList -Xlinker -rpath -Xlinker /usr/lib/swift -Xlinker -rpath -Xlinker @loader_path/Frameworks -Xlinker -rpath -Xlinker @executable_path/Frameworks -dead_strip -bundle_loader /Users/hem/Library/Developer/Xcode/DerivedData/TimeBox-bsjmcdsflgpdivgxidgxnaahhzjo/Build/Products/Debug-iphonesimulator/TimeBox.app/TimeBox -Xlinker -object_path_lto -Xlinker /Users/hem/Library/Developer/Xcode/DerivedData/TimeBox-bsjmcdsflgpdivgxidgxnaahhzjo/Build/Intermediates.noindex/TimeBox.build/Debug-iphonesimulator/TimeBoxTests.build/Objects-normal/arm64/TimeBoxTests_lto.o -rdynamic -Xlinker -no_deduplicate -Xlinker -objc_abi_version -Xlinker 2 -Xlinker -debug_variant -Xlinker -dependency_info -Xlinker /Users/hem/Library/Developer/Xcode/DerivedData/TimeBox-bsjmcdsflgpdivgxidgxnaahhzjo/Build/Intermediates.noindex/TimeBox.build/Debug-iphonesimulator/TimeBoxTests.build/Objects-normal/arm64/TimeBoxTests_dependency_info.dat -fobjc-link-runtime -fprofile-instr-generate -L/Applications/Xcode.app/Contents/Developer/Toolchains/XcodeDefault.xctoolchain/usr/lib/swift/iphonesimulator -L/usr/lib/swift -Xlinker -add_ast_path -Xlinker /Users/hem/Library/Developer/Xcode/DerivedData/TimeBox-bsjmcdsflgpdivgxidgxnaahhzjo/Build/Intermediates.noindex/TimeBox.build/Debug-iphonesimulator/TimeBoxTests.build/Objects-normal/arm64/TimeBoxTests.swiftmodule @/Users/hem/Library/Developer/Xcode/DerivedData/TimeBox-bsjmcdsflgpdivgxidgxnaahhzjo/Build/Intermediates.noindex/TimeBox.build/Debug-iphonesimulator/TimeBoxTests.build/Objects-normal/arm64/TimeBoxTests-linker-args.resp -Xlinker -needed_framework -Xlinker XCTest -framework XCTest -Xlinker -needed-lXCTestSwiftSupport -lXCTestSwiftSupport /Users/hem/Library/Developer/Xcode/DerivedData/TimeBox-bsjmcdsflgpdivgxidgxnaahhzjo/Build/Products/Debug-iphonesimulator/TimeBox.app/TimeBox.debug.dylib -Xlinker -no_adhoc_codesign -o /Users/hem/Library/Developer/Xcode/DerivedData/TimeBox-bsjmcdsflgpdivgxidgxnaahhzjo/Build/Products/Debug-iphonesimulator/TimeBox.app/PlugIns/TimeBoxTests.xctest/TimeBoxTests

ProcessInfoPlistFile /Users/hem/Library/Developer/Xcode/DerivedData/TimeBox-bsjmcdsflgpdivgxidgxnaahhzjo/Build/Products/Debug-iphonesimulator/TimeBox.app/PlugIns/TimeBoxCoreTests.xctest/Info.plist /Users/hem/Library/Developer/Xcode/DerivedData/TimeBox-bsjmcdsflgpdivgxidgxnaahhzjo/Build/Intermediates.noindex/TimeBox.build/Debug-iphonesimulator/TimeBoxCoreTests.build/empty-TimeBoxCoreTests.plist (in target 'TimeBoxCoreTests' from project 'TimeBox')
    cd /Users/hem/Documents/opt/my-daily-sprints/TimeBox
    builtin-infoPlistUtility /Users/hem/Library/Developer/Xcode/DerivedData/TimeBox-bsjmcdsflgpdivgxidgxnaahhzjo/Build/Intermediates.noindex/TimeBox.build/Debug-iphonesimulator/TimeBoxCoreTests.build/empty-TimeBoxCoreTests.plist -producttype com.apple.product-type.bundle.unit-test -expandbuildsettings -format binary -platform iphonesimulator -o /Users/hem/Library/Developer/Xcode/DerivedData/TimeBox-bsjmcdsflgpdivgxidgxnaahhzjo/Build/Products/Debug-iphonesimulator/TimeBox.app/PlugIns/TimeBoxCoreTests.xctest/Info.plist

ExtractAppIntentsMetadata (in target 'TimeBoxTests' from project 'TimeBox')
    cd /Users/hem/Documents/opt/my-daily-sprints/TimeBox
    /Applications/Xcode.app/Contents/Developer/Toolchains/XcodeDefault.xctoolchain/usr/bin/appintentsmetadataprocessor --toolchain-dir /Applications/Xcode.app/Contents/Developer/Toolchains/XcodeDefault.xctoolchain --module-name TimeBoxTests --sdk-root /Applications/Xcode.app/Contents/Developer/Platforms/iPhoneSimulator.platform/Developer/SDKs/iPhoneSimulator26.2.sdk --xcode-version 17C52 --platform-family iOS --deployment-target 17.0 --bundle-identifier com.henning.timebox.tests --output /Users/hem/Library/Developer/Xcode/DerivedData/TimeBox-bsjmcdsflgpdivgxidgxnaahhzjo/Build/Products/Debug-iphonesimulator/TimeBox.app/PlugIns/TimeBoxTests.xctest --target-triple arm64-apple-ios17.0-simulator --binary-file /Users/hem/Library/Developer/Xcode/DerivedData/TimeBox-bsjmcdsflgpdivgxidgxnaahhzjo/Build/Products/Debug-iphonesimulator/TimeBox.app/PlugIns/TimeBoxTests.xctest/TimeBoxTests --dependency-file /Users/hem/Library/Developer/Xcode/DerivedData/TimeBox-bsjmcdsflgpdivgxidgxnaahhzjo/Build/Intermediates.noindex/TimeBox.build/Debug-iphonesimulator/TimeBoxTests.build/Objects-normal/arm64/TimeBoxTests_dependency_info.dat --stringsdata-file /Users/hem/Library/Developer/Xcode/DerivedData/TimeBox-bsjmcdsflgpdivgxidgxnaahhzjo/Build/Intermediates.noindex/TimeBox.build/Debug-iphonesimulator/TimeBoxTests.build/Objects-normal/arm64/ExtractedAppShortcutsMetadata.stringsdata --source-file-list /Users/hem/Library/Developer/Xcode/DerivedData/TimeBox-bsjmcdsflgpdivgxidgxnaahhzjo/Build/Intermediates.noindex/TimeBox.build/Debug-iphonesimulator/TimeBoxTests.build/Objects-normal/arm64/TimeBoxTests.SwiftFileList --metadata-file-list /Users/hem/Library/Developer/Xcode/DerivedData/TimeBox-bsjmcdsflgpdivgxidgxnaahhzjo/Build/Intermediates.noindex/TimeBox.build/Debug-iphonesimulator/TimeBoxTests.build/TimeBoxTests.DependencyMetadataFileList --static-metadata-file-list /Users/hem/Library/Developer/Xcode/DerivedData/TimeBox-bsjmcdsflgpdivgxidgxnaahhzjo/Build/Intermediates.noindex/TimeBox.build/Debug-iphonesimulator/TimeBoxTests.build/TimeBoxTests.DependencyStaticMetadataFileList --swift-const-vals-list /Users/hem/Library/Developer/Xcode/DerivedData/TimeBox-bsjmcdsflgpdivgxidgxnaahhzjo/Build/Intermediates.noindex/TimeBox.build/Debug-iphonesimulator/TimeBoxTests.build/Objects-normal/arm64/TimeBoxTests.SwiftConstValuesFileList --compile-time-extraction --deployment-aware-processing --validate-assistant-intents --no-app-shortcuts-localization
2026-01-22 19:17:20.210 appintentsmetadataprocessor[80072:28029842] Starting appintentsmetadataprocessor export
2026-01-22 19:17:20.211 appintentsmetadataprocessor[80072:28029842] warning: Metadata extraction skipped. No AppIntents.framework dependency found.

CopySwiftLibs /Users/hem/Library/Developer/Xcode/DerivedData/TimeBox-bsjmcdsflgpdivgxidgxnaahhzjo/Build/Products/Debug-iphonesimulator/TimeBox.app/PlugIns/TimeBoxTests.xctest (in target 'TimeBoxTests' from project 'TimeBox')
    cd /Users/hem/Documents/opt/my-daily-sprints/TimeBox
    builtin-swiftStdLibTool --copy --verbose --sign - --scan-executable /Users/hem/Library/Developer/Xcode/DerivedData/TimeBox-bsjmcdsflgpdivgxidgxnaahhzjo/Build/Products/Debug-iphonesimulator/TimeBox.app/PlugIns/TimeBoxTests.xctest/TimeBoxTests --scan-folder /Users/hem/Library/Developer/Xcode/DerivedData/TimeBox-bsjmcdsflgpdivgxidgxnaahhzjo/Build/Products/Debug-iphonesimulator/TimeBox.app/PlugIns/TimeBoxTests.xctest/Frameworks --scan-folder /Users/hem/Library/Developer/Xcode/DerivedData/TimeBox-bsjmcdsflgpdivgxidgxnaahhzjo/Build/Products/Debug-iphonesimulator/TimeBox.app/PlugIns/TimeBoxTests.xctest/PlugIns --scan-folder /Users/hem/Library/Developer/Xcode/DerivedData/TimeBox-bsjmcdsflgpdivgxidgxnaahhzjo/Build/Products/Debug-iphonesimulator/TimeBox.app/PlugIns/TimeBoxTests.xctest/SystemExtensions --scan-folder /Users/hem/Library/Developer/Xcode/DerivedData/TimeBox-bsjmcdsflgpdivgxidgxnaahhzjo/Build/Products/Debug-iphonesimulator/TimeBox.app/PlugIns/TimeBoxTests.xctest/Extensions --platform iphonesimulator --toolchain /Applications/Xcode.app/Contents/Developer/Toolchains/XcodeDefault.xctoolchain --destination /Users/hem/Library/Developer/Xcode/DerivedData/TimeBox-bsjmcdsflgpdivgxidgxnaahhzjo/Build/Products/Debug-iphonesimulator/TimeBox.app/PlugIns/TimeBoxTests.xctest/Frameworks --strip-bitcode --scan-executable /Applications/Xcode.app/Contents/Developer/Platforms/iPhoneSimulator.platform/Developer/usr/lib/libXCTestSwiftSupport.dylib --strip-bitcode-tool /Applications/Xcode.app/Contents/Developer/Toolchains/XcodeDefault.xctoolchain/usr/bin/bitcode_strip --emit-dependency-info /Users/hem/Library/Developer/Xcode/DerivedData/TimeBox-bsjmcdsflgpdivgxidgxnaahhzjo/Build/Intermediates.noindex/TimeBox.build/Debug-iphonesimulator/TimeBoxTests.build/SwiftStdLibToolInputDependencies.dep --filter-for-swift-os

CodeSign /Users/hem/Library/Developer/Xcode/DerivedData/TimeBox-bsjmcdsflgpdivgxidgxnaahhzjo/Build/Products/Debug-iphonesimulator/TimeBox.app/PlugIns/TimeBoxTests.xctest (in target 'TimeBoxTests' from project 'TimeBox')
    cd /Users/hem/Documents/opt/my-daily-sprints/TimeBox
    
    Signing Identity:     "Sign to Run Locally"
    
    /usr/bin/codesign --force --sign - --timestamp\=none --generate-entitlement-der /Users/hem/Library/Developer/Xcode/DerivedData/TimeBox-bsjmcdsflgpdivgxidgxnaahhzjo/Build/Products/Debug-iphonesimulator/TimeBox.app/PlugIns/TimeBoxTests.xctest

CodeSign /Users/hem/Library/Developer/Xcode/DerivedData/TimeBox-bsjmcdsflgpdivgxidgxnaahhzjo/Build/Products/Debug-iphonesimulator/TimeBox.app/TimeBox.debug.dylib (in target 'TimeBox' from project 'TimeBox')
    cd /Users/hem/Documents/opt/my-daily-sprints/TimeBox
    
    Signing Identity:     "Sign to Run Locally"
    
    /usr/bin/codesign --force --sign - --timestamp\=none --generate-entitlement-der /Users/hem/Library/Developer/Xcode/DerivedData/TimeBox-bsjmcdsflgpdivgxidgxnaahhzjo/Build/Products/Debug-iphonesimulator/TimeBox.app/TimeBox.debug.dylib

CodeSign /Users/hem/Library/Developer/Xcode/DerivedData/TimeBox-bsjmcdsflgpdivgxidgxnaahhzjo/Build/Products/Debug-iphonesimulator/TimeBox.app/__preview.dylib (in target 'TimeBox' from project 'TimeBox')
    cd /Users/hem/Documents/opt/my-daily-sprints/TimeBox
    
    Signing Identity:     "Sign to Run Locally"
    
    /usr/bin/codesign --force --sign - --timestamp\=none --generate-entitlement-der /Users/hem/Library/Developer/Xcode/DerivedData/TimeBox-bsjmcdsflgpdivgxidgxnaahhzjo/Build/Products/Debug-iphonesimulator/TimeBox.app/__preview.dylib
/Users/hem/Library/Developer/Xcode/DerivedData/TimeBox-bsjmcdsflgpdivgxidgxnaahhzjo/Build/Products/Debug-iphonesimulator/TimeBox.app/__preview.dylib: replacing existing signature

CodeSign /Users/hem/Library/Developer/Xcode/DerivedData/TimeBox-bsjmcdsflgpdivgxidgxnaahhzjo/Build/Products/Debug-iphonesimulator/TimeBox.app (in target 'TimeBox' from project 'TimeBox')
    cd /Users/hem/Documents/opt/my-daily-sprints/TimeBox
    
    Signing Identity:     "Sign to Run Locally"
    
    /usr/bin/codesign --force --sign - --entitlements /Users/hem/Library/Developer/Xcode/DerivedData/TimeBox-bsjmcdsflgpdivgxidgxnaahhzjo/Build/Intermediates.noindex/TimeBox.build/Debug-iphonesimulator/TimeBox.build/TimeBox.app.xcent --timestamp\=none --generate-entitlement-der /Users/hem/Library/Developer/Xcode/DerivedData/TimeBox-bsjmcdsflgpdivgxidgxnaahhzjo/Build/Products/Debug-iphonesimulator/TimeBox.app

Validate /Users/hem/Library/Developer/Xcode/DerivedData/TimeBox-bsjmcdsflgpdivgxidgxnaahhzjo/Build/Products/Debug-iphonesimulator/TimeBox.app (in target 'TimeBox' from project 'TimeBox')
    cd /Users/hem/Documents/opt/my-daily-sprints/TimeBox
    builtin-validationUtility /Users/hem/Library/Developer/Xcode/DerivedData/TimeBox-bsjmcdsflgpdivgxidgxnaahhzjo/Build/Products/Debug-iphonesimulator/TimeBox.app -shallow-bundle -infoplist-subpath Info.plist

ValidateEmbeddedBinary /Users/hem/Library/Developer/Xcode/DerivedData/TimeBox-bsjmcdsflgpdivgxidgxnaahhzjo/Build/Products/Debug-iphonesimulator/TimeBox.app/PlugIns/TimeBoxWidgetsExtension.appex (in target 'TimeBox' from project 'TimeBox')
    cd /Users/hem/Documents/opt/my-daily-sprints/TimeBox
    /Applications/Xcode.app/Contents/Developer/usr/bin/embeddedBinaryValidationUtility /Users/hem/Library/Developer/Xcode/DerivedData/TimeBox-bsjmcdsflgpdivgxidgxnaahhzjo/Build/Products/Debug-iphonesimulator/TimeBox.app/PlugIns/TimeBoxWidgetsExtension.appex -signing-cert - -info-plist-path /Users/hem/Library/Developer/Xcode/DerivedData/TimeBox-bsjmcdsflgpdivgxidgxnaahhzjo/Build/Products/Debug-iphonesimulator/TimeBox.app/Info.plist

ProcessInfoPlistFile /Users/hem/Library/Developer/Xcode/DerivedData/TimeBox-bsjmcdsflgpdivgxidgxnaahhzjo/Build/Products/Debug-iphonesimulator/TimeBoxUITests-Runner.app/PlugIns/TimeBoxUITests.xctest/Info.plist /Users/hem/Library/Developer/Xcode/DerivedData/TimeBox-bsjmcdsflgpdivgxidgxnaahhzjo/Build/Intermediates.noindex/TimeBox.build/Debug-iphonesimulator/TimeBoxUITests.build/empty-TimeBoxUITests.plist (in target 'TimeBoxUITests' from project 'TimeBox')
    cd /Users/hem/Documents/opt/my-daily-sprints/TimeBox
    builtin-infoPlistUtility /Users/hem/Library/Developer/Xcode/DerivedData/TimeBox-bsjmcdsflgpdivgxidgxnaahhzjo/Build/Intermediates.noindex/TimeBox.build/Debug-iphonesimulator/TimeBoxUITests.build/empty-TimeBoxUITests.plist -producttype com.apple.product-type.bundle.ui-testing -expandbuildsettings -format binary -platform iphonesimulator -additionalcontentfile /Users/hem/Library/Developer/Xcode/DerivedData/TimeBox-bsjmcdsflgpdivgxidgxnaahhzjo/Build/Intermediates.noindex/TimeBox.build/Debug-iphonesimulator/TimeBoxUITests.build/ProductTypeInfoPlistAdditions.plist -o /Users/hem/Library/Developer/Xcode/DerivedData/TimeBox-bsjmcdsflgpdivgxidgxnaahhzjo/Build/Products/Debug-iphonesimulator/TimeBoxUITests-Runner.app/PlugIns/TimeBoxUITests.xctest/Info.plist

Ld /Users/hem/Library/Developer/Xcode/DerivedData/TimeBox-bsjmcdsflgpdivgxidgxnaahhzjo/Build/Products/Debug-iphonesimulator/TimeBoxUITests-Runner.app/PlugIns/TimeBoxUITests.xctest/TimeBoxUITests normal (in target 'TimeBoxUITests' from project 'TimeBox')
    cd /Users/hem/Documents/opt/my-daily-sprints/TimeBox
    /Applications/Xcode.app/Contents/Developer/Toolchains/XcodeDefault.xctoolchain/usr/bin/clang -Xlinker -reproducible -target arm64-apple-ios17.0-simulator -bundle -isysroot /Applications/Xcode.app/Contents/Developer/Platforms/iPhoneSimulator.platform/Developer/SDKs/iPhoneSimulator26.2.sdk -O0 -L/Users/hem/Library/Developer/Xcode/DerivedData/TimeBox-bsjmcdsflgpdivgxidgxnaahhzjo/Build/Intermediates.noindex/EagerLinkingTBDs/Debug-iphonesimulator -L/Users/hem/Library/Developer/Xcode/DerivedData/TimeBox-bsjmcdsflgpdivgxidgxnaahhzjo/Build/Products/Debug-iphonesimulator -L/Applications/Xcode.app/Contents/Developer/Platforms/iPhoneSimulator.platform/Developer/usr/lib -F/Users/hem/Library/Developer/Xcode/DerivedData/TimeBox-bsjmcdsflgpdivgxidgxnaahhzjo/Build/Intermediates.noindex/EagerLinkingTBDs/Debug-iphonesimulator -F/Users/hem/Library/Developer/Xcode/DerivedData/TimeBox-bsjmcdsflgpdivgxidgxnaahhzjo/Build/Products/Debug-iphonesimulator -iframework /Applications/Xcode.app/Contents/Developer/Platforms/iPhoneSimulator.platform/Developer/Library/Frameworks -iframework /Applications/Xcode.app/Contents/Developer/Platforms/iPhoneSimulator.platform/Developer/SDKs/iPhoneSimulator26.2.sdk/Developer/Library/Frameworks -filelist /Users/hem/Library/Developer/Xcode/DerivedData/TimeBox-bsjmcdsflgpdivgxidgxnaahhzjo/Build/Intermediates.noindex/TimeBox.build/Debug-iphonesimulator/TimeBoxUITests.build/Objects-normal/arm64/TimeBoxUITests.LinkFileList -Xlinker -rpath -Xlinker /usr/lib/swift -Xlinker -rpath -Xlinker @loader_path/Frameworks -Xlinker -rpath -Xlinker @executable_path/Frameworks -dead_strip -Xlinker -object_path_lto -Xlinker /Users/hem/Library/Developer/Xcode/DerivedData/TimeBox-bsjmcdsflgpdivgxidgxnaahhzjo/Build/Intermediates.noindex/TimeBox.build/Debug-iphonesimulator/TimeBoxUITests.build/Objects-normal/arm64/TimeBoxUITests_lto.o -rdynamic -Xlinker -no_deduplicate -Xlinker -objc_abi_version -Xlinker 2 -Xlinker -debug_variant -Xlinker -dependency_info -Xlinker /Users/hem/Library/Developer/Xcode/DerivedData/TimeBox-bsjmcdsflgpdivgxidgxnaahhzjo/Build/Intermediates.noindex/TimeBox.build/Debug-iphonesimulator/TimeBoxUITests.build/Objects-normal/arm64/TimeBoxUITests_dependency_info.dat -fobjc-link-runtime -fprofile-instr-generate -L/Applications/Xcode.app/Contents/Developer/Toolchains/XcodeDefault.xctoolchain/usr/lib/swift/iphonesimulator -L/usr/lib/swift -Xlinker -add_ast_path -Xlinker /Users/hem/Library/Developer/Xcode/DerivedData/TimeBox-bsjmcdsflgpdivgxidgxnaahhzjo/Build/Intermediates.noindex/TimeBox.build/Debug-iphonesimulator/TimeBoxUITests.build/Objects-normal/arm64/TimeBoxUITests.swiftmodule @/Users/hem/Library/Developer/Xcode/DerivedData/TimeBox-bsjmcdsflgpdivgxidgxnaahhzjo/Build/Intermediates.noindex/TimeBox.build/Debug-iphonesimulator/TimeBoxUITests.build/Objects-normal/arm64/TimeBoxUITests-linker-args.resp -Xlinker -needed_framework -Xlinker XCTest -framework XCTest -Xlinker -needed-lXCTestSwiftSupport -lXCTestSwiftSupport -Xlinker -sectcreate -Xlinker __TEXT -Xlinker __entitlements -Xlinker /Users/hem/Library/Developer/Xcode/DerivedData/TimeBox-bsjmcdsflgpdivgxidgxnaahhzjo/Build/Intermediates.noindex/TimeBox.build/Debug-iphonesimulator/TimeBoxUITests.build/TimeBoxUITests.xctest-Simulated.xcent -Xlinker -sectcreate -Xlinker __TEXT -Xlinker __ents_der -Xlinker /Users/hem/Library/Developer/Xcode/DerivedData/TimeBox-bsjmcdsflgpdivgxidgxnaahhzjo/Build/Intermediates.noindex/TimeBox.build/Debug-iphonesimulator/TimeBoxUITests.build/TimeBoxUITests.xctest-Simulated.xcent.der -Xlinker -no_adhoc_codesign -o /Users/hem/Library/Developer/Xcode/DerivedData/TimeBox-bsjmcdsflgpdivgxidgxnaahhzjo/Build/Products/Debug-iphonesimulator/TimeBoxUITests-Runner.app/PlugIns/TimeBoxUITests.xctest/TimeBoxUITests

CopySwiftLibs /Users/hem/Library/Developer/Xcode/DerivedData/TimeBox-bsjmcdsflgpdivgxidgxnaahhzjo/Build/Products/Debug-iphonesimulator/TimeBoxUITests-Runner.app/PlugIns/TimeBoxUITests.xctest (in target 'TimeBoxUITests' from project 'TimeBox')
    cd /Users/hem/Documents/opt/my-daily-sprints/TimeBox
    builtin-swiftStdLibTool --copy --verbose --sign - --scan-executable /Users/hem/Library/Developer/Xcode/DerivedData/TimeBox-bsjmcdsflgpdivgxidgxnaahhzjo/Build/Products/Debug-iphonesimulator/TimeBoxUITests-Runner.app/PlugIns/TimeBoxUITests.xctest/TimeBoxUITests --scan-folder /Users/hem/Library/Developer/Xcode/DerivedData/TimeBox-bsjmcdsflgpdivgxidgxnaahhzjo/Build/Products/Debug-iphonesimulator/TimeBoxUITests-Runner.app/PlugIns/TimeBoxUITests.xctest/Frameworks --scan-folder /Users/hem/Library/Developer/Xcode/DerivedData/TimeBox-bsjmcdsflgpdivgxidgxnaahhzjo/Build/Products/Debug-iphonesimulator/TimeBoxUITests-Runner.app/PlugIns/TimeBoxUITests.xctest/PlugIns --scan-folder /Users/hem/Library/Developer/Xcode/DerivedData/TimeBox-bsjmcdsflgpdivgxidgxnaahhzjo/Build/Products/Debug-iphonesimulator/TimeBoxUITests-Runner.app/PlugIns/TimeBoxUITests.xctest/SystemExtensions --scan-folder /Users/hem/Library/Developer/Xcode/DerivedData/TimeBox-bsjmcdsflgpdivgxidgxnaahhzjo/Build/Products/Debug-iphonesimulator/TimeBoxUITests-Runner.app/PlugIns/TimeBoxUITests.xctest/Extensions --platform iphonesimulator --toolchain /Applications/Xcode.app/Contents/Developer/Toolchains/XcodeDefault.xctoolchain --destination /Users/hem/Library/Developer/Xcode/DerivedData/TimeBox-bsjmcdsflgpdivgxidgxnaahhzjo/Build/Products/Debug-iphonesimulator/TimeBoxUITests-Runner.app/PlugIns/TimeBoxUITests.xctest/Frameworks --strip-bitcode --scan-executable /Applications/Xcode.app/Contents/Developer/Platforms/iPhoneSimulator.platform/Developer/usr/lib/libXCTestSwiftSupport.dylib --strip-bitcode-tool /Applications/Xcode.app/Contents/Developer/Toolchains/XcodeDefault.xctoolchain/usr/bin/bitcode_strip --emit-dependency-info /Users/hem/Library/Developer/Xcode/DerivedData/TimeBox-bsjmcdsflgpdivgxidgxnaahhzjo/Build/Intermediates.noindex/TimeBox.build/Debug-iphonesimulator/TimeBoxUITests.build/SwiftStdLibToolInputDependencies.dep --filter-for-swift-os

ExtractAppIntentsMetadata (in target 'TimeBoxUITests' from project 'TimeBox')
    cd /Users/hem/Documents/opt/my-daily-sprints/TimeBox
    /Applications/Xcode.app/Contents/Developer/Toolchains/XcodeDefault.xctoolchain/usr/bin/appintentsmetadataprocessor --toolchain-dir /Applications/Xcode.app/Contents/Developer/Toolchains/XcodeDefault.xctoolchain --module-name TimeBoxUITests --sdk-root /Applications/Xcode.app/Contents/Developer/Platforms/iPhoneSimulator.platform/Developer/SDKs/iPhoneSimulator26.2.sdk --xcode-version 17C52 --platform-family iOS --deployment-target 17.0 --bundle-identifier com.henning.timebox.uitests --output /Users/hem/Library/Developer/Xcode/DerivedData/TimeBox-bsjmcdsflgpdivgxidgxnaahhzjo/Build/Products/Debug-iphonesimulator/TimeBoxUITests-Runner.app/PlugIns/TimeBoxUITests.xctest --target-triple arm64-apple-ios17.0-simulator --binary-file /Users/hem/Library/Developer/Xcode/DerivedData/TimeBox-bsjmcdsflgpdivgxidgxnaahhzjo/Build/Products/Debug-iphonesimulator/TimeBoxUITests-Runner.app/PlugIns/TimeBoxUITests.xctest/TimeBoxUITests --dependency-file /Users/hem/Library/Developer/Xcode/DerivedData/TimeBox-bsjmcdsflgpdivgxidgxnaahhzjo/Build/Intermediates.noindex/TimeBox.build/Debug-iphonesimulator/TimeBoxUITests.build/Objects-normal/arm64/TimeBoxUITests_dependency_info.dat --stringsdata-file /Users/hem/Library/Developer/Xcode/DerivedData/TimeBox-bsjmcdsflgpdivgxidgxnaahhzjo/Build/Intermediates.noindex/TimeBox.build/Debug-iphonesimulator/TimeBoxUITests.build/Objects-normal/arm64/ExtractedAppShortcutsMetadata.stringsdata --source-file-list /Users/hem/Library/Developer/Xcode/DerivedData/TimeBox-bsjmcdsflgpdivgxidgxnaahhzjo/Build/Intermediates.noindex/TimeBox.build/Debug-iphonesimulator/TimeBoxUITests.build/Objects-normal/arm64/TimeBoxUITests.SwiftFileList --metadata-file-list /Users/hem/Library/Developer/Xcode/DerivedData/TimeBox-bsjmcdsflgpdivgxidgxnaahhzjo/Build/Intermediates.noindex/TimeBox.build/Debug-iphonesimulator/TimeBoxUITests.build/TimeBoxUITests.DependencyMetadataFileList --static-metadata-file-list /Users/hem/Library/Developer/Xcode/DerivedData/TimeBox-bsjmcdsflgpdivgxidgxnaahhzjo/Build/Intermediates.noindex/TimeBox.build/Debug-iphonesimulator/TimeBoxUITests.build/TimeBoxUITests.DependencyStaticMetadataFileList --swift-const-vals-list /Users/hem/Library/Developer/Xcode/DerivedData/TimeBox-bsjmcdsflgpdivgxidgxnaahhzjo/Build/Intermediates.noindex/TimeBox.build/Debug-iphonesimulator/TimeBoxUITests.build/Objects-normal/arm64/TimeBoxUITests.SwiftConstValuesFileList --compile-time-extraction --deployment-aware-processing --validate-assistant-intents --no-app-shortcuts-localization
2026-01-22 19:17:20.871 appintentsmetadataprocessor[80080:28029897] Starting appintentsmetadataprocessor export
2026-01-22 19:17:20.872 appintentsmetadataprocessor[80080:28029897] warning: Metadata extraction skipped. No AppIntents.framework dependency found.

CodeSign /Users/hem/Library/Developer/Xcode/DerivedData/TimeBox-bsjmcdsflgpdivgxidgxnaahhzjo/Build/Products/Debug-iphonesimulator/TimeBoxUITests-Runner.app/PlugIns/TimeBoxUITests.xctest (in target 'TimeBoxUITests' from project 'TimeBox')
    cd /Users/hem/Documents/opt/my-daily-sprints/TimeBox
    
    Signing Identity:     "Sign to Run Locally"
    
    /usr/bin/codesign --force --sign - --timestamp\=none --generate-entitlement-der /Users/hem/Library/Developer/Xcode/DerivedData/TimeBox-bsjmcdsflgpdivgxidgxnaahhzjo/Build/Products/Debug-iphonesimulator/TimeBoxUITests-Runner.app/PlugIns/TimeBoxUITests.xctest

2026-01-22 19:17:36.204630+0100 TimeBoxUITests-Runner[80311:28032207] [Default] Running tests...
    t =      nans Interface orientation changed to Portrait
Test Suite 'Selected tests' started at 2026-01-22 19:17:38.933.
Test Suite 'TimeBoxUITests.xctest' started at 2026-01-22 19:17:38.933.
Test Suite 'SoundSettingsUITests' started at 2026-01-22 19:17:38.933.
Test Case '-[TimeBoxUITests.SoundSettingsUITests testSoundSectionHasLabel]' started.
    t =     0.00s Start Test at 2026-01-22 19:17:38.934
    t =     0.29s Set Up
    t =     0.30s     Open com.henning.timebox
    t =     0.30s         Launch com.henning.timebox
    t =     2.32s             Setting up automation session
    t =     3.08s             Wait for com.henning.timebox to idle
    t =     4.93s Waiting 5.0s for "settingsButton" Button to exist
    t =     6.00s     Checking `Expect predicate `existsNoRetry == 1` for object "settingsButton" Button`
    t =     6.01s         Checking existence of `"settingsButton" Button`
    t =     6.10s         Capturing element debug description
    t =     6.95s     Checking `Expect predicate `existsNoRetry == 1` for object "settingsButton" Button`
    t =     6.95s         Checking existence of `"settingsButton" Button`
    t =     7.00s         Capturing element debug description
    t =     7.95s     Checking `Expect predicate `existsNoRetry == 1` for object "settingsButton" Button`
    t =     7.95s         Checking existence of `"settingsButton" Button`
    t =     7.99s         Capturing element debug description
    t =     8.96s     Checking `Expect predicate `existsNoRetry == 1` for object "settingsButton" Button`
    t =     8.96s         Checking existence of `"settingsButton" Button`
    t =     8.99s         Capturing element debug description
    t =     9.94s     Checking `Expect predicate `existsNoRetry == 1` for object "settingsButton" Button`
    t =     9.94s         Checking existence of `"settingsButton" Button`
    t =     9.98s         Capturing element debug description
    t =     9.98s     Checking existence of `"settingsButton" Button`
    t =    10.01s Collecting debug information to assist test failure triage
    t =    10.01s     Requesting snapshot of accessibility hierarchy for app with pid 80341
    t =    10.06s Waiting 5.0s for "Sound bei Block-Ende" StaticText to exist
    t =    11.12s     Checking `Expect predicate `existsNoRetry == 1` for object "Sound bei Block-Ende" StaticText`
    t =    11.12s         Checking existence of `"Sound bei Block-Ende" StaticText`
    t =    11.15s         Capturing element debug description
    t =    12.12s     Checking `Expect predicate `existsNoRetry == 1` for object "Sound bei Block-Ende" StaticText`
    t =    12.12s         Checking existence of `"Sound bei Block-Ende" StaticText`
    t =    12.14s         Capturing element debug description
    t =    13.08s     Checking `Expect predicate `existsNoRetry == 1` for object "Sound bei Block-Ende" StaticText`
    t =    13.09s         Checking existence of `"Sound bei Block-Ende" StaticText`
    t =    13.11s         Capturing element debug description
    t =    14.07s     Checking `Expect predicate `existsNoRetry == 1` for object "Sound bei Block-Ende" StaticText`
    t =    14.07s         Checking existence of `"Sound bei Block-Ende" StaticText`
    t =    14.12s         Capturing element debug description
    t =    15.07s     Checking `Expect predicate `existsNoRetry == 1` for object "Sound bei Block-Ende" StaticText`
    t =    15.07s         Checking existence of `"Sound bei Block-Ende" StaticText`
    t =    15.09s         Capturing element debug description
    t =    15.09s     Checking existence of `"Sound bei Block-Ende" StaticText`
    t =    15.12s Collecting debug information to assist test failure triage
    t =    15.12s     Requesting snapshot of accessibility hierarchy for app with pid 80341
/Users/hem/Documents/opt/my-daily-sprints/TimeBox/TimeBoxUITests/SoundSettingsUITests.swift:81: error: -[TimeBoxUITests.SoundSettingsUITests testSoundSectionHasLabel] : XCTAssertTrue failed - Sound section should have label 'Sound bei Block-Ende'
    t =    15.44s Tear Down
Test Case '-[TimeBoxUITests.SoundSettingsUITests testSoundSectionHasLabel]' failed (15.706 seconds).
Test Case '-[TimeBoxUITests.SoundSettingsUITests testSoundToggleCanBeToggled]' started.
    t =     0.00s Start Test at 2026-01-22 19:17:54.641
    t =     0.03s Set Up
    t =     0.03s     Open com.henning.timebox
    t =     0.03s         Launch com.henning.timebox
    t =     0.03s             Terminate com.henning.timebox:80341
    t =     1.25s             Setting up automation session
    t =     1.91s             Wait for com.henning.timebox to idle
    t =     3.37s Waiting 5.0s for "settingsButton" Button to exist
    t =     4.43s     Checking `Expect predicate `existsNoRetry == 1` for object "settingsButton" Button`
    t =     4.43s         Checking existence of `"settingsButton" Button`
    t =     4.52s         Capturing element debug description
    t =     5.37s     Checking `Expect predicate `existsNoRetry == 1` for object "settingsButton" Button`
    t =     5.37s         Checking existence of `"settingsButton" Button`
    t =     5.42s         Capturing element debug description
    t =     6.38s     Checking `Expect predicate `existsNoRetry == 1` for object "settingsButton" Button`
    t =     6.38s         Checking existence of `"settingsButton" Button`
    t =     6.42s         Capturing element debug description
    t =     7.38s     Checking `Expect predicate `existsNoRetry == 1` for object "settingsButton" Button`
    t =     7.38s         Checking existence of `"settingsButton" Button`
    t =     7.41s         Capturing element debug description
    t =     8.38s     Checking `Expect predicate `existsNoRetry == 1` for object "settingsButton" Button`
    t =     8.38s         Checking existence of `"settingsButton" Button`
    t =     8.42s         Capturing element debug description
    t =     8.43s     Checking existence of `"settingsButton" Button`
    t =     8.45s Collecting debug information to assist test failure triage
    t =     8.45s     Requesting snapshot of accessibility hierarchy for app with pid 80405
    t =     8.50s Waiting 5.0s for "soundToggle" Switch to exist
    t =     9.56s     Checking `Expect predicate `existsNoRetry == 1` for object "soundToggle" Switch`
    t =     9.56s         Checking existence of `"soundToggle" Switch`
    t =     9.60s         Capturing element debug description
    t =    10.56s     Checking `Expect predicate `existsNoRetry == 1` for object "soundToggle" Switch`
    t =    10.56s         Checking existence of `"soundToggle" Switch`
    t =    10.60s         Capturing element debug description
    t =    11.56s     Checking `Expect predicate `existsNoRetry == 1` for object "soundToggle" Switch`
    t =    11.56s         Checking existence of `"soundToggle" Switch`
    t =    11.58s         Capturing element debug description
    t =    12.55s     Checking `Expect predicate `existsNoRetry == 1` for object "soundToggle" Switch`
    t =    12.55s         Checking existence of `"soundToggle" Switch`
    t =    12.58s         Capturing element debug description
    t =    13.51s     Checking `Expect predicate `existsNoRetry == 1` for object "soundToggle" Switch`
    t =    13.51s         Checking existence of `"soundToggle" Switch`
    t =    13.54s         Capturing element debug description
    t =    13.54s     Checking existence of `"soundToggle" Switch`
    t =    13.56s Collecting debug information to assist test failure triage
    t =    13.56s     Requesting snapshot of accessibility hierarchy for app with pid 80405
/Users/hem/Documents/opt/my-daily-sprints/TimeBox/TimeBoxUITests/SoundSettingsUITests.swift:57: error: -[TimeBoxUITests.SoundSettingsUITests testSoundToggleCanBeToggled] : failed - Sound toggle should exist
    t =    13.61s Tear Down
Test Case '-[TimeBoxUITests.SoundSettingsUITests testSoundToggleCanBeToggled]' failed (13.841 seconds).
Test Case '-[TimeBoxUITests.SoundSettingsUITests testSoundToggleExistsInSettings]' started.
    t =     0.00s Start Test at 2026-01-22 19:18:08.482
    t =     0.02s Set Up
    t =     0.02s     Open com.henning.timebox
    t =     0.02s         Launch com.henning.timebox
    t =     0.02s             Terminate com.henning.timebox:80405
    t =     1.30s             Setting up automation session
    t =     1.99s             Wait for com.henning.timebox to idle
    t =     3.46s Waiting 5.0s for "settingsButton" Button to exist
    t =     4.53s     Checking `Expect predicate `existsNoRetry == 1` for object "settingsButton" Button`
    t =     4.53s         Checking existence of `"settingsButton" Button`
    t =     4.62s         Capturing element debug description
    t =     5.47s     Checking `Expect predicate `existsNoRetry == 1` for object "settingsButton" Button`
    t =     5.48s         Checking existence of `"settingsButton" Button`
    t =     5.52s         Capturing element debug description
    t =     6.48s     Checking `Expect predicate `existsNoRetry == 1` for object "settingsButton" Button`
    t =     6.48s         Checking existence of `"settingsButton" Button`
    t =     6.52s         Capturing element debug description
    t =     7.47s     Checking `Expect predicate `existsNoRetry == 1` for object "settingsButton" Button`
    t =     7.47s         Checking existence of `"settingsButton" Button`
    t =     7.49s         Capturing element debug description
    t =     8.46s     Checking `Expect predicate `existsNoRetry == 1` for object "settingsButton" Button`
    t =     8.46s         Checking existence of `"settingsButton" Button`
    t =     8.51s         Capturing element debug description
    t =     8.51s     Checking existence of `"settingsButton" Button`
    t =     8.54s Collecting debug information to assist test failure triage
    t =     8.54s     Requesting snapshot of accessibility hierarchy for app with pid 80451
    t =     8.58s Waiting 5.0s for "Settings" NavigationBar to exist
    t =     9.62s     Checking `Expect predicate `existsNoRetry == 1` for object "Settings" NavigationBar`
    t =     9.62s         Checking existence of `"Settings" NavigationBar`
    t =     9.66s         Capturing element debug description
    t =    10.63s     Checking `Expect predicate `existsNoRetry == 1` for object "Settings" NavigationBar`
    t =    10.63s         Checking existence of `"Settings" NavigationBar`
    t =    10.67s         Capturing element debug description
    t =    11.62s     Checking `Expect predicate `existsNoRetry == 1` for object "Settings" NavigationBar`
    t =    11.62s         Checking existence of `"Settings" NavigationBar`
    t =    11.66s         Capturing element debug description
    t =    12.62s     Checking `Expect predicate `existsNoRetry == 1` for object "Settings" NavigationBar`
    t =    12.62s         Checking existence of `"Settings" NavigationBar`
    t =    12.64s         Capturing element debug description
    t =    13.59s     Checking `Expect predicate `existsNoRetry == 1` for object "Settings" NavigationBar`
    t =    13.59s         Checking existence of `"Settings" NavigationBar`
    t =    13.62s         Capturing element debug description
    t =    13.62s     Checking existence of `"Settings" NavigationBar`
    t =    13.65s Collecting debug information to assist test failure triage
    t =    13.65s     Requesting snapshot of accessibility hierarchy for app with pid 80451
/Users/hem/Documents/opt/my-daily-sprints/TimeBox/TimeBoxUITests/SoundSettingsUITests.swift:41: error: -[TimeBoxUITests.SoundSettingsUITests testSoundToggleExistsInSettings] : XCTAssertTrue failed - Settings view should open
    t =    13.69s Tear Down
Test Case '-[TimeBoxUITests.SoundSettingsUITests testSoundToggleExistsInSettings]' failed (13.922 seconds).
Test Suite 'SoundSettingsUITests' failed at 2026-01-22 19:18:22.405.
	 Executed 3 tests, with 3 failures (0 unexpected) in 43.470 (43.471) seconds
Test Suite 'TimeBoxUITests.xctest' failed at 2026-01-22 19:18:22.405.
	 Executed 3 tests, with 3 failures (0 unexpected) in 43.470 (43.472) seconds
Test Suite 'Selected tests' failed at 2026-01-22 19:18:22.406.
	 Executed 3 tests, with 3 failures (0 unexpected) in 43.470 (43.473) seconds
2026-01-22 19:18:39.048 xcodebuild[80019:28029174] [MT] IDETestOperationsObserverDebug: 78.160 elapsed -- Testing started completed.
2026-01-22 19:18:39.048 xcodebuild[80019:28029174] [MT] IDETestOperationsObserverDebug: 0.000 sec, +0.000 sec -- start
2026-01-22 19:18:39.048 xcodebuild[80019:28029174] [MT] IDETestOperationsObserverDebug: 78.160 sec, +78.160 sec -- end

Test session results, code coverage, and logs:
	/Users/hem/Library/Developer/Xcode/DerivedData/TimeBox-bsjmcdsflgpdivgxidgxnaahhzjo/Logs/Test/Test-TimeBox-2026.01.22_19-17-16-+0100.xcresult

** TEST FAILED **

Testing started
