Command line invocation:
    /Applications/Xcode.app/Contents/Developer/usr/bin/xcodebuild test -project FocusBlox.xcodeproj -scheme FocusBlox -destination "platform=iOS Simulator,id=548B4A2F-FDFF-4F9E-8335-1A7A7B98E492" "-only-testing:FocusBloxUITests/SkipTaskLoopUITests/testSkipLastTaskEndsBlock" -parallel-testing-enabled NO

ComputePackagePrebuildTargetDependencyGraph

Prepare packages

CreateBuildRequest

SendProjectDescription

CreateBuildOperation

ComputeTargetDependencyGraph
note: Building targets in dependency order
note: Target dependency graph (5 targets)
    Target 'FocusBloxUITests' in project 'FocusBlox'
        ➜ Explicit dependency on target 'FocusBlox' in project 'FocusBlox'
    Target 'FocusBloxTests' in project 'FocusBlox'
        ➜ Explicit dependency on target 'FocusBlox' in project 'FocusBlox'
    Target 'FocusBlox' in project 'FocusBlox'
        ➜ Explicit dependency on target 'FocusBloxWidgetsExtension' in project 'FocusBlox'
        ➜ Explicit dependency on target 'FocusBloxCore' in project 'FocusBlox'
    Target 'FocusBloxWidgetsExtension' in project 'FocusBlox'
        ➜ Explicit dependency on target 'FocusBloxCore' in project 'FocusBlox'
    Target 'FocusBloxCore' in project 'FocusBlox' (no dependencies)

GatherProvisioningInputs

CreateBuildDescription

ExecuteExternalTool /Applications/Xcode.app/Contents/Developer/Toolchains/XcodeDefault.xctoolchain/usr/bin/clang -v -E -dM -arch arm64 -isysroot /Applications/Xcode.app/Contents/Developer/Platforms/iPhoneSimulator.platform/Developer/SDKs/iPhoneSimulator26.2.sdk -x c -c /dev/null

ExecuteExternalTool /Applications/Xcode.app/Contents/Developer/usr/bin/actool --version --output-format xml1

ExecuteExternalTool /Applications/Xcode.app/Contents/Developer/Toolchains/XcodeDefault.xctoolchain/usr/bin/clang -v -E -dM -isysroot /Applications/Xcode.app/Contents/Developer/Platforms/iPhoneSimulator.platform/Developer/SDKs/iPhoneSimulator26.2.sdk -x c -c /dev/null

ExecuteExternalTool /Applications/Xcode.app/Contents/Developer/Toolchains/XcodeDefault.xctoolchain/usr/bin/swiftc --version

ExecuteExternalTool /Applications/Xcode.app/Contents/Developer/usr/bin/actool --print-asset-tag-combinations --output-format xml1 /Users/hem/Documents/opt/my-daily-sprints/Resources/Assets.xcassets

ExecuteExternalTool /Applications/Xcode.app/Contents/Developer/Toolchains/XcodeDefault.xctoolchain/usr/bin/ld -version_details

ReadFileContents /Applications/Xcode.app/Contents/Developer/Toolchains/XcodeDefault.xctoolchain/usr/share/docc/features.json

Build description signature: 2ce2bf326022101256b112d09f9be15b
Build description path: /Users/hem/Library/Developer/Xcode/DerivedData/FocusBlox-awtxlldmubwqcwggsrfosewjcyoq/Build/Intermediates.noindex/XCBuildData/2ce2bf326022101256b112d09f9be15b.xcbuilddata
ClangStatCache /Applications/Xcode.app/Contents/Developer/Toolchains/XcodeDefault.xctoolchain/usr/bin/clang-stat-cache /Applications/Xcode.app/Contents/Developer/Platforms/iPhoneSimulator.platform/Developer/SDKs/iPhoneSimulator26.2.sdk /Users/hem/Library/Developer/Xcode/DerivedData/SDKStatCaches.noindex/iphonesimulator26.2-23C53-7d00a8b37fbd7999ea79df8ebc024bf0.sdkstatcache
    cd /Users/hem/Documents/opt/my-daily-sprints/FocusBlox.xcodeproj
    /Applications/Xcode.app/Contents/Developer/Toolchains/XcodeDefault.xctoolchain/usr/bin/clang-stat-cache /Applications/Xcode.app/Contents/Developer/Platforms/iPhoneSimulator.platform/Developer/SDKs/iPhoneSimulator26.2.sdk -o /Users/hem/Library/Developer/Xcode/DerivedData/SDKStatCaches.noindex/iphonesimulator26.2-23C53-7d00a8b37fbd7999ea79df8ebc024bf0.sdkstatcache

ProcessInfoPlistFile /Users/hem/Library/Developer/Xcode/DerivedData/FocusBlox-awtxlldmubwqcwggsrfosewjcyoq/Build/Products/Debug-iphonesimulator/FocusBloxCore.framework/Info.plist /Users/hem/Library/Developer/Xcode/DerivedData/FocusBlox-awtxlldmubwqcwggsrfosewjcyoq/Build/Intermediates.noindex/FocusBlox.build/Debug-iphonesimulator/FocusBloxCore.build/empty-FocusBloxCore.plist (in target 'FocusBloxCore' from project 'FocusBlox')
    cd /Users/hem/Documents/opt/my-daily-sprints
    builtin-infoPlistUtility /Users/hem/Library/Developer/Xcode/DerivedData/FocusBlox-awtxlldmubwqcwggsrfosewjcyoq/Build/Intermediates.noindex/FocusBlox.build/Debug-iphonesimulator/FocusBloxCore.build/empty-FocusBloxCore.plist -producttype com.apple.product-type.framework -expandbuildsettings -format binary -platform iphonesimulator -o /Users/hem/Library/Developer/Xcode/DerivedData/FocusBlox-awtxlldmubwqcwggsrfosewjcyoq/Build/Products/Debug-iphonesimulator/FocusBloxCore.framework/Info.plist

SwiftDriver FocusBloxUITests normal arm64 com.apple.xcode.tools.swift.compiler (in target 'FocusBloxUITests' from project 'FocusBlox')
    cd /Users/hem/Documents/opt/my-daily-sprints
    builtin-SwiftDriver -- /Applications/Xcode.app/Contents/Developer/Toolchains/XcodeDefault.xctoolchain/usr/bin/swiftc -module-name FocusBloxUITests -Onone -enforce-exclusivity\=checked @/Users/hem/Library/Developer/Xcode/DerivedData/FocusBlox-awtxlldmubwqcwggsrfosewjcyoq/Build/Intermediates.noindex/FocusBlox.build/Debug-iphonesimulator/FocusBloxUITests.build/Objects-normal/arm64/FocusBloxUITests.SwiftFileList -DDEBUG -module-alias Testing\=_Testing_Unavailable -plugin-path /Applications/Xcode.app/Contents/Developer/Toolchains/XcodeDefault.xctoolchain/usr/lib/swift/host/plugins/testing -enable-experimental-feature DebugDescriptionMacro -sdk /Applications/Xcode.app/Contents/Developer/Platforms/iPhoneSimulator.platform/Developer/SDKs/iPhoneSimulator26.2.sdk -target arm64-apple-ios26.2-simulator -g -module-cache-path /Users/hem/Library/Developer/Xcode/DerivedData/ModuleCache.noindex -Xfrontend -serialize-debugging-options -profile-coverage-mapping -profile-generate -enable-testing -index-store-path /Users/hem/Library/Developer/Xcode/DerivedData/FocusBlox-awtxlldmubwqcwggsrfosewjcyoq/Index.noindex/DataStore -Xcc -D_LIBCPP_HARDENING_MODE\=_LIBCPP_HARDENING_MODE_DEBUG -swift-version 6 -I /Users/hem/Library/Developer/Xcode/DerivedData/FocusBlox-awtxlldmubwqcwggsrfosewjcyoq/Build/Products/Debug-iphonesimulator -Isystem /Applications/Xcode.app/Contents/Developer/Platforms/iPhoneSimulator.platform/Developer/usr/lib -F /Users/hem/Library/Developer/Xcode/DerivedData/FocusBlox-awtxlldmubwqcwggsrfosewjcyoq/Build/Products/Debug-iphonesimulator -F /Applications/Xcode.app/Contents/Developer/Platforms/iPhoneSimulator.platform/Developer/Library/Frameworks -F /Applications/Xcode.app/Contents/Developer/Platforms/iPhoneSimulator.platform/Developer/SDKs/iPhoneSimulator26.2.sdk/Developer/Library/Frameworks -c -j10 -enable-batch-mode -incremental -Xcc -ivfsstatcache -Xcc /Users/hem/Library/Developer/Xcode/DerivedData/SDKStatCaches.noindex/iphonesimulator26.2-23C53-7d00a8b37fbd7999ea79df8ebc024bf0.sdkstatcache -output-file-map /Users/hem/Library/Developer/Xcode/DerivedData/FocusBlox-awtxlldmubwqcwggsrfosewjcyoq/Build/Intermediates.noindex/FocusBlox.build/Debug-iphonesimulator/FocusBloxUITests.build/Objects-normal/arm64/FocusBloxUITests-OutputFileMap.json -use-frontend-parseable-output -save-temps -no-color-diagnostics -explicit-module-build -module-cache-path /Users/hem/Library/Developer/Xcode/DerivedData/FocusBlox-awtxlldmubwqcwggsrfosewjcyoq/Build/Intermediates.noindex/SwiftExplicitPrecompiledModules -clang-scanner-module-cache-path /Users/hem/Library/Developer/Xcode/DerivedData/ModuleCache.noindex -sdk-module-cache-path /Users/hem/Library/Developer/Xcode/DerivedData/ModuleCache.noindex -serialize-diagnostics -emit-dependencies -emit-module -emit-module-path /Users/hem/Library/Developer/Xcode/DerivedData/FocusBlox-awtxlldmubwqcwggsrfosewjcyoq/Build/Intermediates.noindex/FocusBlox.build/Debug-iphonesimulator/FocusBloxUITests.build/Objects-normal/arm64/FocusBloxUITests.swiftmodule -validate-clang-modules-once -clang-build-session-file /Users/hem/Library/Developer/Xcode/DerivedData/ModuleCache.noindex/Session.modulevalidation -Xcc -I/Users/hem/Library/Developer/Xcode/DerivedData/FocusBlox-awtxlldmubwqcwggsrfosewjcyoq/Build/Intermediates.noindex/FocusBlox.build/Debug-iphonesimulator/FocusBloxUITests.build/swift-overrides.hmap -emit-const-values -Xfrontend -const-gather-protocols-file -Xfrontend /Users/hem/Library/Developer/Xcode/DerivedData/FocusBlox-awtxlldmubwqcwggsrfosewjcyoq/Build/Intermediates.noindex/FocusBlox.build/Debug-iphonesimulator/FocusBloxUITests.build/Objects-normal/arm64/FocusBloxUITests_const_extract_protocols.json -Xcc -iquote -Xcc /Users/hem/Library/Developer/Xcode/DerivedData/FocusBlox-awtxlldmubwqcwggsrfosewjcyoq/Build/Intermediates.noindex/FocusBlox.build/Debug-iphonesimulator/FocusBloxUITests.build/FocusBloxUITests-generated-files.hmap -Xcc -I/Users/hem/Library/Developer/Xcode/DerivedData/FocusBlox-awtxlldmubwqcwggsrfosewjcyoq/Build/Intermediates.noindex/FocusBlox.build/Debug-iphonesimulator/FocusBloxUITests.build/FocusBloxUITests-own-target-headers.hmap -Xcc -I/Users/hem/Library/Developer/Xcode/DerivedData/FocusBlox-awtxlldmubwqcwggsrfosewjcyoq/Build/Intermediates.noindex/FocusBlox.build/Debug-iphonesimulator/FocusBloxUITests.build/FocusBloxUITests-all-target-headers.hmap -Xcc -iquote -Xcc /Users/hem/Library/Developer/Xcode/DerivedData/FocusBlox-awtxlldmubwqcwggsrfosewjcyoq/Build/Intermediates.noindex/FocusBlox.build/Debug-iphonesimulator/FocusBloxUITests.build/FocusBloxUITests-project-headers.hmap -Xcc -I/Users/hem/Library/Developer/Xcode/DerivedData/FocusBlox-awtxlldmubwqcwggsrfosewjcyoq/Build/Products/Debug-iphonesimulator/include -Xcc -I/Users/hem/Library/Developer/Xcode/DerivedData/FocusBlox-awtxlldmubwqcwggsrfosewjcyoq/Build/Intermediates.noindex/FocusBlox.build/Debug-iphonesimulator/FocusBloxUITests.build/DerivedSources-normal/arm64 -Xcc -I/Users/hem/Library/Developer/Xcode/DerivedData/FocusBlox-awtxlldmubwqcwggsrfosewjcyoq/Build/Intermediates.noindex/FocusBlox.build/Debug-iphonesimulator/FocusBloxUITests.build/DerivedSources/arm64 -Xcc -I/Users/hem/Library/Developer/Xcode/DerivedData/FocusBlox-awtxlldmubwqcwggsrfosewjcyoq/Build/Intermediates.noindex/FocusBlox.build/Debug-iphonesimulator/FocusBloxUITests.build/DerivedSources -Xcc -DDEBUG\=1 -emit-objc-header -emit-objc-header-path /Users/hem/Library/Developer/Xcode/DerivedData/FocusBlox-awtxlldmubwqcwggsrfosewjcyoq/Build/Intermediates.noindex/FocusBlox.build/Debug-iphonesimulator/FocusBloxUITests.build/Objects-normal/arm64/FocusBloxUITests-Swift.h -working-directory /Users/hem/Documents/opt/my-daily-sprints -experimental-emit-module-separately -disable-cmo

ProcessInfoPlistFile /Users/hem/Library/Developer/Xcode/DerivedData/FocusBlox-awtxlldmubwqcwggsrfosewjcyoq/Build/Products/Debug-iphonesimulator/FocusBloxWidgetsExtension.appex/Info.plist /Users/hem/Documents/opt/my-daily-sprints/FocusBloxWidgets/Info.plist (in target 'FocusBloxWidgetsExtension' from project 'FocusBlox')
    cd /Users/hem/Documents/opt/my-daily-sprints
    builtin-infoPlistUtility /Users/hem/Documents/opt/my-daily-sprints/FocusBloxWidgets/Info.plist -producttype com.apple.product-type.app-extension -expandbuildsettings -format binary -platform iphonesimulator -additionalcontentfile /Users/hem/Library/Developer/Xcode/DerivedData/FocusBlox-awtxlldmubwqcwggsrfosewjcyoq/Build/Intermediates.noindex/FocusBlox.build/Debug-iphonesimulator/FocusBloxWidgetsExtension.build/assetcatalog_generated_info.plist -o /Users/hem/Library/Developer/Xcode/DerivedData/FocusBlox-awtxlldmubwqcwggsrfosewjcyoq/Build/Products/Debug-iphonesimulator/FocusBloxWidgetsExtension.appex/Info.plist

ProcessInfoPlistFile /Users/hem/Library/Developer/Xcode/DerivedData/FocusBlox-awtxlldmubwqcwggsrfosewjcyoq/Build/Products/Debug-iphonesimulator/FocusBlox.app/Info.plist /Users/hem/Documents/opt/my-daily-sprints/Resources/Info.plist (in target 'FocusBlox' from project 'FocusBlox')
    cd /Users/hem/Documents/opt/my-daily-sprints
    builtin-infoPlistUtility /Users/hem/Documents/opt/my-daily-sprints/Resources/Info.plist -producttype com.apple.product-type.application -genpkginfo /Users/hem/Library/Developer/Xcode/DerivedData/FocusBlox-awtxlldmubwqcwggsrfosewjcyoq/Build/Products/Debug-iphonesimulator/FocusBlox.app/PkgInfo -expandbuildsettings -format binary -platform iphonesimulator -additionalcontentfile /Users/hem/Library/Developer/Xcode/DerivedData/FocusBlox-awtxlldmubwqcwggsrfosewjcyoq/Build/Intermediates.noindex/FocusBlox.build/Debug-iphonesimulator/FocusBlox.build/assetcatalog_generated_info.plist -scanforprivacyfile /Users/hem/Library/Developer/Xcode/DerivedData/FocusBlox-awtxlldmubwqcwggsrfosewjcyoq/Build/Products/Debug-iphonesimulator/FocusBlox.app/Frameworks/FocusBloxCore.framework -scanforprivacyfile /Users/hem/Library/Developer/Xcode/DerivedData/FocusBlox-awtxlldmubwqcwggsrfosewjcyoq/Build/Products/Debug-iphonesimulator/FocusBlox.app/PlugIns/FocusBloxWidgetsExtension.appex -o /Users/hem/Library/Developer/Xcode/DerivedData/FocusBlox-awtxlldmubwqcwggsrfosewjcyoq/Build/Products/Debug-iphonesimulator/FocusBlox.app/Info.plist
warning: 'UIRequiresFullScreen' has been deprecated starting in iOS 26.0 and will be ignored in a future release. See the UIRequiresFullScreen documentation for more details. (in target 'FocusBlox' from project 'FocusBlox')

ProcessInfoPlistFile /Users/hem/Library/Developer/Xcode/DerivedData/FocusBlox-awtxlldmubwqcwggsrfosewjcyoq/Build/Products/Debug-iphonesimulator/FocusBlox.app/PlugIns/FocusBloxTests.xctest/Info.plist /Users/hem/Library/Developer/Xcode/DerivedData/FocusBlox-awtxlldmubwqcwggsrfosewjcyoq/Build/Intermediates.noindex/FocusBlox.build/Debug-iphonesimulator/FocusBloxTests.build/empty-FocusBloxTests.plist (in target 'FocusBloxTests' from project 'FocusBlox')
    cd /Users/hem/Documents/opt/my-daily-sprints
    builtin-infoPlistUtility /Users/hem/Library/Developer/Xcode/DerivedData/FocusBlox-awtxlldmubwqcwggsrfosewjcyoq/Build/Intermediates.noindex/FocusBlox.build/Debug-iphonesimulator/FocusBloxTests.build/empty-FocusBloxTests.plist -producttype com.apple.product-type.bundle.unit-test -expandbuildsettings -format binary -platform iphonesimulator -o /Users/hem/Library/Developer/Xcode/DerivedData/FocusBlox-awtxlldmubwqcwggsrfosewjcyoq/Build/Products/Debug-iphonesimulator/FocusBlox.app/PlugIns/FocusBloxTests.xctest/Info.plist

CopySwiftLibs /Users/hem/Library/Developer/Xcode/DerivedData/FocusBlox-awtxlldmubwqcwggsrfosewjcyoq/Build/Products/Debug-iphonesimulator/FocusBlox.app/PlugIns/FocusBloxTests.xctest (in target 'FocusBloxTests' from project 'FocusBlox')
    cd /Users/hem/Documents/opt/my-daily-sprints
    builtin-swiftStdLibTool --copy --verbose --sign - --scan-executable /Users/hem/Library/Developer/Xcode/DerivedData/FocusBlox-awtxlldmubwqcwggsrfosewjcyoq/Build/Products/Debug-iphonesimulator/FocusBlox.app/PlugIns/FocusBloxTests.xctest/FocusBloxTests --scan-folder /Users/hem/Library/Developer/Xcode/DerivedData/FocusBlox-awtxlldmubwqcwggsrfosewjcyoq/Build/Products/Debug-iphonesimulator/FocusBlox.app/PlugIns/FocusBloxTests.xctest/Frameworks --scan-folder /Users/hem/Library/Developer/Xcode/DerivedData/FocusBlox-awtxlldmubwqcwggsrfosewjcyoq/Build/Products/Debug-iphonesimulator/FocusBlox.app/PlugIns/FocusBloxTests.xctest/PlugIns --scan-folder /Users/hem/Library/Developer/Xcode/DerivedData/FocusBlox-awtxlldmubwqcwggsrfosewjcyoq/Build/Products/Debug-iphonesimulator/FocusBlox.app/PlugIns/FocusBloxTests.xctest/SystemExtensions --scan-folder /Users/hem/Library/Developer/Xcode/DerivedData/FocusBlox-awtxlldmubwqcwggsrfosewjcyoq/Build/Products/Debug-iphonesimulator/FocusBlox.app/PlugIns/FocusBloxTests.xctest/Extensions --platform iphonesimulator --toolchain /Applications/Xcode.app/Contents/Developer/Toolchains/XcodeDefault.xctoolchain --destination /Users/hem/Library/Developer/Xcode/DerivedData/FocusBlox-awtxlldmubwqcwggsrfosewjcyoq/Build/Products/Debug-iphonesimulator/FocusBlox.app/PlugIns/FocusBloxTests.xctest/Frameworks --strip-bitcode --scan-executable /Applications/Xcode.app/Contents/Developer/Platforms/iPhoneSimulator.platform/Developer/usr/lib/libXCTestSwiftSupport.dylib --strip-bitcode-tool /Applications/Xcode.app/Contents/Developer/Toolchains/XcodeDefault.xctoolchain/usr/bin/bitcode_strip --emit-dependency-info /Users/hem/Library/Developer/Xcode/DerivedData/FocusBlox-awtxlldmubwqcwggsrfosewjcyoq/Build/Intermediates.noindex/FocusBlox.build/Debug-iphonesimulator/FocusBloxTests.build/SwiftStdLibToolInputDependencies.dep --filter-for-swift-os

ProcessInfoPlistFile /Users/hem/Library/Developer/Xcode/DerivedData/FocusBlox-awtxlldmubwqcwggsrfosewjcyoq/Build/Products/Debug-iphonesimulator/FocusBloxUITests-Runner.app/PlugIns/FocusBloxUITests.xctest/Info.plist /Users/hem/Library/Developer/Xcode/DerivedData/FocusBlox-awtxlldmubwqcwggsrfosewjcyoq/Build/Intermediates.noindex/FocusBlox.build/Debug-iphonesimulator/FocusBloxUITests.build/empty-FocusBloxUITests.plist (in target 'FocusBloxUITests' from project 'FocusBlox')
    cd /Users/hem/Documents/opt/my-daily-sprints
    builtin-infoPlistUtility /Users/hem/Library/Developer/Xcode/DerivedData/FocusBlox-awtxlldmubwqcwggsrfosewjcyoq/Build/Intermediates.noindex/FocusBlox.build/Debug-iphonesimulator/FocusBloxUITests.build/empty-FocusBloxUITests.plist -producttype com.apple.product-type.bundle.ui-testing -expandbuildsettings -format binary -platform iphonesimulator -additionalcontentfile /Users/hem/Library/Developer/Xcode/DerivedData/FocusBlox-awtxlldmubwqcwggsrfosewjcyoq/Build/Intermediates.noindex/FocusBlox.build/Debug-iphonesimulator/FocusBloxUITests.build/ProductTypeInfoPlistAdditions.plist -o /Users/hem/Library/Developer/Xcode/DerivedData/FocusBlox-awtxlldmubwqcwggsrfosewjcyoq/Build/Products/Debug-iphonesimulator/FocusBloxUITests-Runner.app/PlugIns/FocusBloxUITests.xctest/Info.plist

SwiftEmitModule normal arm64 Emitting\ module\ for\ FocusBloxUITests (in target 'FocusBloxUITests' from project 'FocusBlox')

EmitSwiftModule normal arm64 (in target 'FocusBloxUITests' from project 'FocusBlox')
    cd /Users/hem/Documents/opt/my-daily-sprints
    

SwiftCompile normal arm64 Compiling\ SkipTaskLoopUITests.swift /Users/hem/Documents/opt/my-daily-sprints/FocusBloxUITests/SkipTaskLoopUITests.swift (in target 'FocusBloxUITests' from project 'FocusBlox')
SwiftCompile normal arm64 /Users/hem/Documents/opt/my-daily-sprints/FocusBloxUITests/SkipTaskLoopUITests.swift (in target 'FocusBloxUITests' from project 'FocusBlox')
    cd /Users/hem/Documents/opt/my-daily-sprints
    
/Users/hem/Documents/opt/my-daily-sprints/FocusBloxUITests/SkipTaskLoopUITests.swift:16:15: warning: call to main actor-isolated initializer 'init()' in a synchronous nonisolated context
        app = XCUIApplication()
              ^
/Applications/Xcode.app/Contents/Developer/Platforms/iPhoneSimulator.platform/Developer/Library/Frameworks/XCUIAutomation.framework/Headers/XCUIApplication.h:29:1: note: calls to initializer 'init()' from outside of its actor context are implicitly asynchronous
- (instancetype)init NS_DESIGNATED_INITIALIZER;
^
/Users/hem/Documents/opt/my-daily-sprints/FocusBloxUITests/SkipTaskLoopUITests.swift:17:13: warning: main actor-isolated property 'launchArguments' can not be mutated from a nonisolated context
        app.launchArguments = ["-UITesting", "-MockData"]
            ^
/Applications/Xcode.app/Contents/Developer/Platforms/iPhoneSimulator.platform/Developer/Library/Frameworks/XCUIAutomation.framework/Headers/XCUIApplication.h:93:51: note: mutation of this property is only permitted within the actor
@property (nonatomic, copy) NSArray <NSString *> *launchArguments;
                                                  ^
/Users/hem/Documents/opt/my-daily-sprints/FocusBloxUITests/SkipTaskLoopUITests.swift:18:13: warning: call to main actor-isolated instance method 'launch()' in a synchronous nonisolated context
        app.launch()
            ^
XCUIAutomation.XCUIApplication.launch:2:22: note: calls to instance method 'launch()' from outside of its actor context are implicitly asynchronous
@MainActor open func launch()}
                     ^
/Users/hem/Documents/opt/my-daily-sprints/FocusBloxUITests/SkipTaskLoopUITests.swift:28:35: warning: main actor-isolated subscript 'subscript(_:)' can not be referenced from a nonisolated context
        let focusTab = app.buttons["tab-focus"]
                                  ^
XCUIAutomation.XCUIElementQuery.subscript:2:17: note: subscript declared here
@MainActor open subscript(key: String) -> XCUIElement { get }}
                ^
/Users/hem/Documents/opt/my-daily-sprints/FocusBloxUITests/SkipTaskLoopUITests.swift:27:18: note: add '@MainActor' to make instance method 'navigateToFocus()' part of global actor 'MainActor'
    private func navigateToFocus() {
                 ^
    @MainActor 
/Users/hem/Documents/opt/my-daily-sprints/FocusBloxUITests/SkipTaskLoopUITests.swift:28:28: warning: main actor-isolated property 'buttons' can not be referenced from a nonisolated context
        let focusTab = app.buttons["tab-focus"]
                           ^
/Applications/Xcode.app/Contents/Developer/Platforms/iPhoneSimulator.platform/Developer/Library/Frameworks/XCUIAutomation.framework/Headers/XCUIElementTypeQueryProvider.h:22:46: note: property declared here
@property (readonly, copy) XCUIElementQuery *buttons;
                                             ^
/Users/hem/Documents/opt/my-daily-sprints/FocusBloxUITests/SkipTaskLoopUITests.swift:27:18: note: add '@MainActor' to make instance method 'navigateToFocus()' part of global actor 'MainActor'
    private func navigateToFocus() {
                 ^
    @MainActor 
/Users/hem/Documents/opt/my-daily-sprints/FocusBloxUITests/SkipTaskLoopUITests.swift:29:32: warning: call to main actor-isolated instance method 'waitForExistence(timeout:)' in a synchronous nonisolated context
        XCTAssertTrue(focusTab.waitForExistence(timeout: 5), "Focus tab should exist")
                               ^
XCUIAutomation.XCUIElement.waitForExistence:2:22: note: calls to instance method 'waitForExistence(timeout:)' from outside of its actor context are implicitly asynchronous
@MainActor open func waitForExistence(timeout: TimeInterval) -> Bool}
                     ^
/Users/hem/Documents/opt/my-daily-sprints/FocusBloxUITests/SkipTaskLoopUITests.swift:30:18: warning: call to main actor-isolated instance method 'tap()' in a synchronous nonisolated context
        focusTab.tap()
                 ^
XCUIAutomation.XCUIElement.tap:2:22: note: calls to instance method 'tap()' from outside of its actor context are implicitly asynchronous
@MainActor open func tap()}
                     ^
/Users/hem/Documents/opt/my-daily-sprints/FocusBloxUITests/SkipTaskLoopUITests.swift:27:18: note: add '@MainActor' to make instance method 'navigateToFocus()' part of global actor 'MainActor'
    private func navigateToFocus() {
                 ^
    @MainActor 
/Users/hem/Documents/opt/my-daily-sprints/FocusBloxUITests/SkipTaskLoopUITests.swift:35:20: warning: main actor-isolated subscript 'subscript(_:)' can not be referenced from a nonisolated context
        app.buttons["Überspringen"]
XCUIAutomation.XCUIElementQuery.subscript:2:17: note: subscript declared here
@MainActor open subscript(key: String) -> XCUIElement { get }}
                ^
/Users/hem/Documents/opt/my-daily-sprints/FocusBloxUITests/SkipTaskLoopUITests.swift:34:18: note: add '@MainActor' to make instance method 'findSkipButton()' part of global actor 'MainActor'
    private func findSkipButton() -> XCUIElement {
                 ^
    @MainActor 
/Users/hem/Documents/opt/my-daily-sprints/FocusBloxUITests/SkipTaskLoopUITests.swift:35:13: warning: main actor-isolated property 'buttons' can not be referenced from a nonisolated context
        app.buttons["Überspringen"]
/Applications/Xcode.app/Contents/Developer/Platforms/iPhoneSimulator.platform/Developer/Library/Frameworks/XCUIAutomation.framework/Headers/XCUIElementTypeQueryProvider.h:22:46: note: property declared here
@property (readonly, copy) XCUIElementQuery *buttons;
                                             ^
/Users/hem/Documents/opt/my-daily-sprints/FocusBloxUITests/SkipTaskLoopUITests.swift:34:18: note: add '@MainActor' to make instance method 'findSkipButton()' part of global actor 'MainActor'
    private func findSkipButton() -> XCUIElement {
                 ^
    @MainActor 
/Users/hem/Documents/opt/my-daily-sprints/FocusBloxUITests/SkipTaskLoopUITests.swift:39:44: warning: main actor-isolated subscript 'subscript(_:)' can not be referenced from a nonisolated context
        let aktuellerTask = app.staticTexts["Aktueller Task"]
                                           ^
XCUIAutomation.XCUIElementQuery.subscript:2:17: note: subscript declared here
@MainActor open subscript(key: String) -> XCUIElement { get }}
                ^
/Users/hem/Documents/opt/my-daily-sprints/FocusBloxUITests/SkipTaskLoopUITests.swift:38:18: note: add '@MainActor' to make instance method 'findCurrentTaskLabel()' part of global actor 'MainActor'
    private func findCurrentTaskLabel() -> XCUIElement {
                 ^
    @MainActor 
/Users/hem/Documents/opt/my-daily-sprints/FocusBloxUITests/SkipTaskLoopUITests.swift:39:33: warning: main actor-isolated property 'staticTexts' can not be referenced from a nonisolated context
        let aktuellerTask = app.staticTexts["Aktueller Task"]
                                ^
/Applications/Xcode.app/Contents/Developer/Platforms/iPhoneSimulator.platform/Developer/Library/Frameworks/XCUIAutomation.framework/Headers/XCUIElementTypeQueryProvider.h:62:46: note: property declared here
@property (readonly, copy) XCUIElementQuery *staticTexts;
                                             ^
/Users/hem/Documents/opt/my-daily-sprints/FocusBloxUITests/SkipTaskLoopUITests.swift:38:18: note: add '@MainActor' to make instance method 'findCurrentTaskLabel()' part of global actor 'MainActor'
    private func findCurrentTaskLabel() -> XCUIElement {
                 ^
    @MainActor 
/Users/hem/Documents/opt/my-daily-sprints/FocusBloxUITests/SkipTaskLoopUITests.swift:40:26: warning: main actor-isolated property 'exists' can not be referenced from a nonisolated context
        if aktuellerTask.exists { return aktuellerTask }
                         ^
/Applications/Xcode.app/Contents/Developer/Platforms/iPhoneSimulator.platform/Developer/Library/Frameworks/XCUIAutomation.framework/Headers/XCUIElement.h:54:27: note: property declared here
@property (readonly) BOOL exists;
                          ^
/Users/hem/Documents/opt/my-daily-sprints/FocusBloxUITests/SkipTaskLoopUITests.swift:38:18: note: add '@MainActor' to make instance method 'findCurrentTaskLabel()' part of global actor 'MainActor'
    private func findCurrentTaskLabel() -> XCUIElement {
                 ^
    @MainActor 
/Users/hem/Documents/opt/my-daily-sprints/FocusBloxUITests/SkipTaskLoopUITests.swift:43:11: warning: main actor-isolated property 'firstMatch' can not be referenced from a nonisolated context
        ).firstMatch
          ^
/Applications/Xcode.app/Contents/Developer/Platforms/iPhoneSimulator.platform/Developer/Library/Frameworks/XCUIAutomation.framework/Headers/XCUIElementTypeQueryProvider.h:105:35: note: property declared here
@property (readonly) XCUIElement *firstMatch;
                                  ^
/Users/hem/Documents/opt/my-daily-sprints/FocusBloxUITests/SkipTaskLoopUITests.swift:38:18: note: add '@MainActor' to make instance method 'findCurrentTaskLabel()' part of global actor 'MainActor'
    private func findCurrentTaskLabel() -> XCUIElement {
                 ^
    @MainActor 
/Users/hem/Documents/opt/my-daily-sprints/FocusBloxUITests/SkipTaskLoopUITests.swift:41:32: warning: call to main actor-isolated instance method 'matching' in a synchronous nonisolated context
        return app.staticTexts.matching(
                               ^
XCUIAutomation.XCUIElementQuery.matching:2:22: note: calls to instance method 'matching' from outside of its actor context are implicitly asynchronous
@MainActor open func matching(_ predicate: NSPredicate) -> XCUIElementQuery}
                     ^
XCUIAutomation.XCUIElementQuery.matching:2:22: note: main actor isolation inferred from conformance to protocol 'XCUIElementTypeQueryProvider'
@MainActor open func matching(_ predicate: NSPredicate) -> XCUIElementQuery}
                     ^
/Users/hem/Documents/opt/my-daily-sprints/FocusBloxUITests/SkipTaskLoopUITests.swift:38:18: note: add '@MainActor' to make instance method 'findCurrentTaskLabel()' part of global actor 'MainActor'
    private func findCurrentTaskLabel() -> XCUIElement {
                 ^
    @MainActor 
/Users/hem/Documents/opt/my-daily-sprints/FocusBloxUITests/SkipTaskLoopUITests.swift:41:20: warning: main actor-isolated property 'staticTexts' can not be referenced from a nonisolated context
        return app.staticTexts.matching(
                   ^
/Applications/Xcode.app/Contents/Developer/Platforms/iPhoneSimulator.platform/Developer/Library/Frameworks/XCUIAutomation.framework/Headers/XCUIElementTypeQueryProvider.h:62:46: note: property declared here
@property (readonly, copy) XCUIElementQuery *staticTexts;
                                             ^
/Users/hem/Documents/opt/my-daily-sprints/FocusBloxUITests/SkipTaskLoopUITests.swift:38:18: note: add '@MainActor' to make instance method 'findCurrentTaskLabel()' part of global actor 'MainActor'
    private func findCurrentTaskLabel() -> XCUIElement {
                 ^
    @MainActor 
/Users/hem/Documents/opt/my-daily-sprints/FocusBloxUITests/SkipTaskLoopUITests.swift:91:13: warning: initialization of immutable value 'taskTitleBefore' was never used; consider replacing with assignment to '_' or removing it
        let taskTitleBefore = app.staticTexts.matching(
        ~~~~^~~~~~~~~~~~~~~
        _
/Users/hem/Documents/opt/my-daily-sprints/FocusBloxUITests/SkipTaskLoopUITests.swift:109:13: warning: initialization of immutable value 'currentTaskLabel' was never used; consider replacing with assignment to '_' or removing it
        let currentTaskLabel = findCurrentTaskLabel()
        ~~~~^~~~~~~~~~~~~~~~
        _
/Users/hem/Documents/opt/my-daily-sprints/FocusBloxUITests/SkipTaskLoopUITests.swift:59:26: warning: call to main actor-isolated instance method 'waitForExistence(timeout:)' in a synchronous nonisolated context
        guard skipButton.waitForExistence(timeout: 5) else {
                         ^
XCUIAutomation.XCUIElement.waitForExistence:2:22: note: calls to instance method 'waitForExistence(timeout:)' from outside of its actor context are implicitly asynchronous
@MainActor open func waitForExistence(timeout: TimeInterval) -> Bool}
                     ^
/Users/hem/Documents/opt/my-daily-sprints/FocusBloxUITests/SkipTaskLoopUITests.swift:55:10: note: add '@MainActor' to make instance method 'testSkipLastTaskEndsBlock()' part of global actor 'MainActor'
    func testSkipLastTaskEndsBlock() throws {
         ^
    @MainActor 
/Users/hem/Documents/opt/my-daily-sprints/FocusBloxUITests/SkipTaskLoopUITests.swift:64:63: warning: call to main actor-isolated instance method 'screenshot()' in a synchronous nonisolated context
        let initialScreenshot = XCTAttachment(screenshot: app.screenshot())
                                                              ^
XCUIAutomation.XCUIElement.screenshot:2:22: note: calls to instance method 'screenshot()' from outside of its actor context are implicitly asynchronous
@MainActor open func screenshot() -> XCUIScreenshot}
                     ^
/Users/hem/Documents/opt/my-daily-sprints/FocusBloxUITests/SkipTaskLoopUITests.swift:55:10: note: add '@MainActor' to make instance method 'testSkipLastTaskEndsBlock()' part of global actor 'MainActor'
    func testSkipLastTaskEndsBlock() throws {
         ^
    @MainActor 
/Users/hem/Documents/opt/my-daily-sprints/FocusBloxUITests/SkipTaskLoopUITests.swift:70:20: warning: call to main actor-isolated instance method 'tap()' in a synchronous nonisolated context
        skipButton.tap()
                   ^
XCUIAutomation.XCUIElement.tap:2:22: note: calls to instance method 'tap()' from outside of its actor context are implicitly asynchronous
@MainActor open func tap()}
                     ^
/Users/hem/Documents/opt/my-daily-sprints/FocusBloxUITests/SkipTaskLoopUITests.swift:55:10: note: add '@MainActor' to make instance method 'testSkipLastTaskEndsBlock()' part of global actor 'MainActor'
    func testSkipLastTaskEndsBlock() throws {
         ^
    @MainActor 
/Users/hem/Documents/opt/my-daily-sprints/FocusBloxUITests/SkipTaskLoopUITests.swift:73:56: warning: call to main actor-isolated instance method 'screenshot()' in a synchronous nonisolated context
        let afterSkip1 = XCTAttachment(screenshot: app.screenshot())
                                                       ^
XCUIAutomation.XCUIElement.screenshot:2:22: note: calls to instance method 'screenshot()' from outside of its actor context are implicitly asynchronous
@MainActor open func screenshot() -> XCUIScreenshot}
                     ^
/Users/hem/Documents/opt/my-daily-sprints/FocusBloxUITests/SkipTaskLoopUITests.swift:55:10: note: add '@MainActor' to make instance method 'testSkipLastTaskEndsBlock()' part of global actor 'MainActor'
    func testSkipLastTaskEndsBlock() throws {
         ^
    @MainActor 
/Users/hem/Documents/opt/my-daily-sprints/FocusBloxUITests/SkipTaskLoopUITests.swift:79:26: warning: call to main actor-isolated instance method 'waitForExistence(timeout:)' in a synchronous nonisolated context
        guard skipButton.waitForExistence(timeout: 3) else {
                         ^
XCUIAutomation.XCUIElement.waitForExistence:2:22: note: calls to instance method 'waitForExistence(timeout:)' from outside of its actor context are implicitly asynchronous
@MainActor open func waitForExistence(timeout: TimeInterval) -> Bool}
                     ^
/Users/hem/Documents/opt/my-daily-sprints/FocusBloxUITests/SkipTaskLoopUITests.swift:55:10: note: add '@MainActor' to make instance method 'testSkipLastTaskEndsBlock()' part of global actor 'MainActor'
    func testSkipLastTaskEndsBlock() throws {
         ^
    @MainActor 
/Users/hem/Documents/opt/my-daily-sprints/FocusBloxUITests/SkipTaskLoopUITests.swift:82:20: warning: call to main actor-isolated instance method 'tap()' in a synchronous nonisolated context
        skipButton.tap()
                   ^
XCUIAutomation.XCUIElement.tap:2:22: note: calls to instance method 'tap()' from outside of its actor context are implicitly asynchronous
@MainActor open func tap()}
                     ^
/Users/hem/Documents/opt/my-daily-sprints/FocusBloxUITests/SkipTaskLoopUITests.swift:55:10: note: add '@MainActor' to make instance method 'testSkipLastTaskEndsBlock()' part of global actor 'MainActor'
    func testSkipLastTaskEndsBlock() throws {
         ^
    @MainActor 
/Users/hem/Documents/opt/my-daily-sprints/FocusBloxUITests/SkipTaskLoopUITests.swift:85:56: warning: call to main actor-isolated instance method 'screenshot()' in a synchronous nonisolated context
        let afterSkip2 = XCTAttachment(screenshot: app.screenshot())
                                                       ^
XCUIAutomation.XCUIElement.screenshot:2:22: note: calls to instance method 'screenshot()' from outside of its actor context are implicitly asynchronous
@MainActor open func screenshot() -> XCUIScreenshot}
                     ^
/Users/hem/Documents/opt/my-daily-sprints/FocusBloxUITests/SkipTaskLoopUITests.swift:55:10: note: add '@MainActor' to make instance method 'testSkipLastTaskEndsBlock()' part of global actor 'MainActor'
    func testSkipLastTaskEndsBlock() throws {
         ^
    @MainActor 
/Users/hem/Documents/opt/my-daily-sprints/FocusBloxUITests/SkipTaskLoopUITests.swift:93:22: warning: main actor-isolated property 'label' can not be referenced from a nonisolated context
        ).firstMatch.label
                     ^
/Applications/Xcode.app/Contents/Developer/Platforms/iPhoneSimulator.platform/Developer/Library/Frameworks/XCUIAutomation.framework/Headers/XCUIElementAttributes.h:47:38: note: property declared here
@property (readonly, copy) NSString *label;
                                     ^
/Users/hem/Documents/opt/my-daily-sprints/FocusBloxUITests/SkipTaskLoopUITests.swift:55:10: note: add '@MainActor' to make instance method 'testSkipLastTaskEndsBlock()' part of global actor 'MainActor'
    func testSkipLastTaskEndsBlock() throws {
         ^
    @MainActor 
/Users/hem/Documents/opt/my-daily-sprints/FocusBloxUITests/SkipTaskLoopUITests.swift:93:11: warning: main actor-isolated property 'firstMatch' can not be referenced from a nonisolated context
        ).firstMatch.label
          ^
/Applications/Xcode.app/Contents/Developer/Platforms/iPhoneSimulator.platform/Developer/Library/Frameworks/XCUIAutomation.framework/Headers/XCUIElementTypeQueryProvider.h:105:35: note: property declared here
@property (readonly) XCUIElement *firstMatch;
                                  ^
/Users/hem/Documents/opt/my-daily-sprints/FocusBloxUITests/SkipTaskLoopUITests.swift:55:10: note: add '@MainActor' to make instance method 'testSkipLastTaskEndsBlock()' part of global actor 'MainActor'
    func testSkipLastTaskEndsBlock() throws {
         ^
    @MainActor 
/Users/hem/Documents/opt/my-daily-sprints/FocusBloxUITests/SkipTaskLoopUITests.swift:91:47: warning: call to main actor-isolated instance method 'matching' in a synchronous nonisolated context
        let taskTitleBefore = app.staticTexts.matching(
                                              ^
XCUIAutomation.XCUIElementQuery.matching:2:22: note: calls to instance method 'matching' from outside of its actor context are implicitly asynchronous
@MainActor open func matching(_ predicate: NSPredicate) -> XCUIElementQuery}
                     ^
XCUIAutomation.XCUIElementQuery.matching:2:22: note: main actor isolation inferred from conformance to protocol 'XCUIElementTypeQueryProvider'
@MainActor open func matching(_ predicate: NSPredicate) -> XCUIElementQuery}
                     ^
/Users/hem/Documents/opt/my-daily-sprints/FocusBloxUITests/SkipTaskLoopUITests.swift:55:10: note: add '@MainActor' to make instance method 'testSkipLastTaskEndsBlock()' part of global actor 'MainActor'
    func testSkipLastTaskEndsBlock() throws {
         ^
    @MainActor 
/Users/hem/Documents/opt/my-daily-sprints/FocusBloxUITests/SkipTaskLoopUITests.swift:91:35: warning: main actor-isolated property 'staticTexts' can not be referenced from a nonisolated context
        let taskTitleBefore = app.staticTexts.matching(
                                  ^
/Applications/Xcode.app/Contents/Developer/Platforms/iPhoneSimulator.platform/Developer/Library/Frameworks/XCUIAutomation.framework/Headers/XCUIElementTypeQueryProvider.h:62:46: note: property declared here
@property (readonly, copy) XCUIElementQuery *staticTexts;
                                             ^
/Users/hem/Documents/opt/my-daily-sprints/FocusBloxUITests/SkipTaskLoopUITests.swift:55:10: note: add '@MainActor' to make instance method 'testSkipLastTaskEndsBlock()' part of global actor 'MainActor'
    func testSkipLastTaskEndsBlock() throws {
         ^
    @MainActor 
/Users/hem/Documents/opt/my-daily-sprints/FocusBloxUITests/SkipTaskLoopUITests.swift:96:26: warning: call to main actor-isolated instance method 'waitForExistence(timeout:)' in a synchronous nonisolated context
        guard skipButton.waitForExistence(timeout: 3) else {
                         ^
XCUIAutomation.XCUIElement.waitForExistence:2:22: note: calls to instance method 'waitForExistence(timeout:)' from outside of its actor context are implicitly asynchronous
@MainActor open func waitForExistence(timeout: TimeInterval) -> Bool}
                     ^
/Users/hem/Documents/opt/my-daily-sprints/FocusBloxUITests/SkipTaskLoopUITests.swift:55:10: note: add '@MainActor' to make instance method 'testSkipLastTaskEndsBlock()' part of global actor 'MainActor'
    func testSkipLastTaskEndsBlock() throws {
         ^
    @MainActor 
/Users/hem/Documents/opt/my-daily-sprints/FocusBloxUITests/SkipTaskLoopUITests.swift:99:20: warning: call to main actor-isolated instance method 'tap()' in a synchronous nonisolated context
        skipButton.tap()
                   ^
XCUIAutomation.XCUIElement.tap:2:22: note: calls to instance method 'tap()' from outside of its actor context are implicitly asynchronous
@MainActor open func tap()}
                     ^
/Users/hem/Documents/opt/my-daily-sprints/FocusBloxUITests/SkipTaskLoopUITests.swift:55:10: note: add '@MainActor' to make instance method 'testSkipLastTaskEndsBlock()' part of global actor 'MainActor'
    func testSkipLastTaskEndsBlock() throws {
         ^
    @MainActor 
/Users/hem/Documents/opt/my-daily-sprints/FocusBloxUITests/SkipTaskLoopUITests.swift:102:56: warning: call to main actor-isolated instance method 'screenshot()' in a synchronous nonisolated context
        let afterSkip3 = XCTAttachment(screenshot: app.screenshot())
                                                       ^
XCUIAutomation.XCUIElement.screenshot:2:22: note: calls to instance method 'screenshot()' from outside of its actor context are implicitly asynchronous
@MainActor open func screenshot() -> XCUIScreenshot}
                     ^
/Users/hem/Documents/opt/my-daily-sprints/FocusBloxUITests/SkipTaskLoopUITests.swift:55:10: note: add '@MainActor' to make instance method 'testSkipLastTaskEndsBlock()' part of global actor 'MainActor'
    func testSkipLastTaskEndsBlock() throws {
         ^
    @MainActor 
/Users/hem/Documents/opt/my-daily-sprints/FocusBloxUITests/SkipTaskLoopUITests.swift:108:42: warning: main actor-isolated subscript 'subscript(_:)' can not be referenced from a nonisolated context
        let allDoneText = app.staticTexts["Alle Tasks erledigt!"]
                                         ^
XCUIAutomation.XCUIElementQuery.subscript:2:17: note: subscript declared here
@MainActor open subscript(key: String) -> XCUIElement { get }}
                ^
/Users/hem/Documents/opt/my-daily-sprints/FocusBloxUITests/SkipTaskLoopUITests.swift:55:10: note: add '@MainActor' to make instance method 'testSkipLastTaskEndsBlock()' part of global actor 'MainActor'
    func testSkipLastTaskEndsBlock() throws {
         ^
    @MainActor 
/Users/hem/Documents/opt/my-daily-sprints/FocusBloxUITests/SkipTaskLoopUITests.swift:108:31: warning: main actor-isolated property 'staticTexts' can not be referenced from a nonisolated context
        let allDoneText = app.staticTexts["Alle Tasks erledigt!"]
                              ^
/Applications/Xcode.app/Contents/Developer/Platforms/iPhoneSimulator.platform/Developer/Library/Frameworks/XCUIAutomation.framework/Headers/XCUIElementTypeQueryProvider.h:62:46: note: property declared here
@property (readonly, copy) XCUIElementQuery *staticTexts;
                                             ^
/Users/hem/Documents/opt/my-daily-sprints/FocusBloxUITests/SkipTaskLoopUITests.swift:55:10: note: add '@MainActor' to make instance method 'testSkipLastTaskEndsBlock()' part of global actor 'MainActor'
    func testSkipLastTaskEndsBlock() throws {
         ^
    @MainActor 
/Users/hem/Documents/opt/my-daily-sprints/FocusBloxUITests/SkipTaskLoopUITests.swift:114:25: warning: call to main actor-isolated instance method 'waitForExistence(timeout:)' in a synchronous nonisolated context
            allDoneText.waitForExistence(timeout: 5),
                        ^
XCUIAutomation.XCUIElement.waitForExistence:2:22: note: calls to instance method 'waitForExistence(timeout:)' from outside of its actor context are implicitly asynchronous
@MainActor open func waitForExistence(timeout: TimeInterval) -> Bool}
                     ^
/Users/hem/Documents/opt/my-daily-sprints/FocusBloxUITests/SkipTaskLoopUITests.swift:121:24: warning: main actor-isolated property 'exists' can not be referenced from a nonisolated autoclosure
            skipButton.exists,
                       ^
/Applications/Xcode.app/Contents/Developer/Platforms/iPhoneSimulator.platform/Developer/Library/Frameworks/XCUIAutomation.framework/Headers/XCUIElement.h:54:27: note: property declared here
@property (readonly) BOOL exists;
                          ^
/Users/hem/Documents/opt/my-daily-sprints/FocusBloxUITests/SkipTaskLoopUITests.swift:132:26: warning: call to main actor-isolated instance method 'waitForExistence(timeout:)' in a synchronous nonisolated context
        guard skipButton.waitForExistence(timeout: 5) else {
                         ^
XCUIAutomation.XCUIElement.waitForExistence:2:22: note: calls to instance method 'waitForExistence(timeout:)' from outside of its actor context are implicitly asynchronous
@MainActor open func waitForExistence(timeout: TimeInterval) -> Bool}
                     ^
/Users/hem/Documents/opt/my-daily-sprints/FocusBloxUITests/SkipTaskLoopUITests.swift:128:10: note: add '@MainActor' to make instance method 'testSkipLoopVisualEvidence()' part of global actor 'MainActor'
    func testSkipLoopVisualEvidence() throws {
         ^
    @MainActor 
/Users/hem/Documents/opt/my-daily-sprints/FocusBloxUITests/SkipTaskLoopUITests.swift:137:20: warning: call to main actor-isolated instance method 'tap()' in a synchronous nonisolated context
        skipButton.tap()
                   ^
XCUIAutomation.XCUIElement.tap:2:22: note: calls to instance method 'tap()' from outside of its actor context are implicitly asynchronous
@MainActor open func tap()}
                     ^
/Users/hem/Documents/opt/my-daily-sprints/FocusBloxUITests/SkipTaskLoopUITests.swift:128:10: note: add '@MainActor' to make instance method 'testSkipLoopVisualEvidence()' part of global actor 'MainActor'
    func testSkipLoopVisualEvidence() throws {
         ^
    @MainActor 
/Users/hem/Documents/opt/my-daily-sprints/FocusBloxUITests/SkipTaskLoopUITests.swift:139:26: warning: call to main actor-isolated instance method 'waitForExistence(timeout:)' in a synchronous nonisolated context
        guard skipButton.waitForExistence(timeout: 3) else { return }
                         ^
XCUIAutomation.XCUIElement.waitForExistence:2:22: note: calls to instance method 'waitForExistence(timeout:)' from outside of its actor context are implicitly asynchronous
@MainActor open func waitForExistence(timeout: TimeInterval) -> Bool}
                     ^
/Users/hem/Documents/opt/my-daily-sprints/FocusBloxUITests/SkipTaskLoopUITests.swift:128:10: note: add '@MainActor' to make instance method 'testSkipLoopVisualEvidence()' part of global actor 'MainActor'
    func testSkipLoopVisualEvidence() throws {
         ^
    @MainActor 
/Users/hem/Documents/opt/my-daily-sprints/FocusBloxUITests/SkipTaskLoopUITests.swift:140:20: warning: call to main actor-isolated instance method 'tap()' in a synchronous nonisolated context
        skipButton.tap()
                   ^
XCUIAutomation.XCUIElement.tap:2:22: note: calls to instance method 'tap()' from outside of its actor context are implicitly asynchronous
@MainActor open func tap()}
                     ^
/Users/hem/Documents/opt/my-daily-sprints/FocusBloxUITests/SkipTaskLoopUITests.swift:128:10: note: add '@MainActor' to make instance method 'testSkipLoopVisualEvidence()' part of global actor 'MainActor'
    func testSkipLoopVisualEvidence() throws {
         ^
    @MainActor 
/Users/hem/Documents/opt/my-daily-sprints/FocusBloxUITests/SkipTaskLoopUITests.swift:146:11: warning: main actor-isolated property 'firstMatch' can not be referenced from a nonisolated context
        ).firstMatch
          ^
/Applications/Xcode.app/Contents/Developer/Platforms/iPhoneSimulator.platform/Developer/Library/Frameworks/XCUIAutomation.framework/Headers/XCUIElementTypeQueryProvider.h:105:35: note: property declared here
@property (readonly) XCUIElement *firstMatch;
                                  ^
/Users/hem/Documents/opt/my-daily-sprints/FocusBloxUITests/SkipTaskLoopUITests.swift:128:10: note: add '@MainActor' to make instance method 'testSkipLoopVisualEvidence()' part of global actor 'MainActor'
    func testSkipLoopVisualEvidence() throws {
         ^
    @MainActor 
/Users/hem/Documents/opt/my-daily-sprints/FocusBloxUITests/SkipTaskLoopUITests.swift:144:45: warning: call to main actor-isolated instance method 'matching' in a synchronous nonisolated context
        let lastTaskTitle = app.staticTexts.matching(
                                            ^
XCUIAutomation.XCUIElementQuery.matching:2:22: note: calls to instance method 'matching' from outside of its actor context are implicitly asynchronous
@MainActor open func matching(_ predicate: NSPredicate) -> XCUIElementQuery}
                     ^
XCUIAutomation.XCUIElementQuery.matching:2:22: note: main actor isolation inferred from conformance to protocol 'XCUIElementTypeQueryProvider'
@MainActor open func matching(_ predicate: NSPredicate) -> XCUIElementQuery}
                     ^
/Users/hem/Documents/opt/my-daily-sprints/FocusBloxUITests/SkipTaskLoopUITests.swift:128:10: note: add '@MainActor' to make instance method 'testSkipLoopVisualEvidence()' part of global actor 'MainActor'
    func testSkipLoopVisualEvidence() throws {
         ^
    @MainActor 
/Users/hem/Documents/opt/my-daily-sprints/FocusBloxUITests/SkipTaskLoopUITests.swift:144:33: warning: main actor-isolated property 'staticTexts' can not be referenced from a nonisolated context
        let lastTaskTitle = app.staticTexts.matching(
                                ^
/Applications/Xcode.app/Contents/Developer/Platforms/iPhoneSimulator.platform/Developer/Library/Frameworks/XCUIAutomation.framework/Headers/XCUIElementTypeQueryProvider.h:62:46: note: property declared here
@property (readonly, copy) XCUIElementQuery *staticTexts;
                                             ^
/Users/hem/Documents/opt/my-daily-sprints/FocusBloxUITests/SkipTaskLoopUITests.swift:128:10: note: add '@MainActor' to make instance method 'testSkipLoopVisualEvidence()' part of global actor 'MainActor'
    func testSkipLoopVisualEvidence() throws {
         ^
    @MainActor 
/Users/hem/Documents/opt/my-daily-sprints/FocusBloxUITests/SkipTaskLoopUITests.swift:148:29: warning: call to main actor-isolated instance method 'waitForExistence(timeout:)' in a synchronous nonisolated context
        guard lastTaskTitle.waitForExistence(timeout: 3) else {
                            ^
XCUIAutomation.XCUIElement.waitForExistence:2:22: note: calls to instance method 'waitForExistence(timeout:)' from outside of its actor context are implicitly asynchronous
@MainActor open func waitForExistence(timeout: TimeInterval) -> Bool}
                     ^
/Users/hem/Documents/opt/my-daily-sprints/FocusBloxUITests/SkipTaskLoopUITests.swift:128:10: note: add '@MainActor' to make instance method 'testSkipLoopVisualEvidence()' part of global actor 'MainActor'
    func testSkipLoopVisualEvidence() throws {
         ^
    @MainActor 
/Users/hem/Documents/opt/my-daily-sprints/FocusBloxUITests/SkipTaskLoopUITests.swift:152:45: warning: main actor-isolated property 'label' can not be referenced from a nonisolated context
        let titleBeforeSkip = lastTaskTitle.label
                                            ^
/Applications/Xcode.app/Contents/Developer/Platforms/iPhoneSimulator.platform/Developer/Library/Frameworks/XCUIAutomation.framework/Headers/XCUIElementAttributes.h:47:38: note: property declared here
@property (readonly, copy) NSString *label;
                                     ^
/Users/hem/Documents/opt/my-daily-sprints/FocusBloxUITests/SkipTaskLoopUITests.swift:128:10: note: add '@MainActor' to make instance method 'testSkipLoopVisualEvidence()' part of global actor 'MainActor'
    func testSkipLoopVisualEvidence() throws {
         ^
    @MainActor 
/Users/hem/Documents/opt/my-daily-sprints/FocusBloxUITests/SkipTaskLoopUITests.swift:157:61: warning: call to main actor-isolated instance method 'screenshot()' in a synchronous nonisolated context
        let beforeFinalSkip = XCTAttachment(screenshot: app.screenshot())
                                                            ^
XCUIAutomation.XCUIElement.screenshot:2:22: note: calls to instance method 'screenshot()' from outside of its actor context are implicitly asynchronous
@MainActor open func screenshot() -> XCUIScreenshot}
                     ^
/Users/hem/Documents/opt/my-daily-sprints/FocusBloxUITests/SkipTaskLoopUITests.swift:128:10: note: add '@MainActor' to make instance method 'testSkipLoopVisualEvidence()' part of global actor 'MainActor'
    func testSkipLoopVisualEvidence() throws {
         ^
    @MainActor 
/Users/hem/Documents/opt/my-daily-sprints/FocusBloxUITests/SkipTaskLoopUITests.swift:163:26: warning: call to main actor-isolated instance method 'waitForExistence(timeout:)' in a synchronous nonisolated context
        guard skipButton.waitForExistence(timeout: 3) else { return }
                         ^
XCUIAutomation.XCUIElement.waitForExistence:2:22: note: calls to instance method 'waitForExistence(timeout:)' from outside of its actor context are implicitly asynchronous
@MainActor open func waitForExistence(timeout: TimeInterval) -> Bool}
                     ^
/Users/hem/Documents/opt/my-daily-sprints/FocusBloxUITests/SkipTaskLoopUITests.swift:128:10: note: add '@MainActor' to make instance method 'testSkipLoopVisualEvidence()' part of global actor 'MainActor'
    func testSkipLoopVisualEvidence() throws {
         ^
    @MainActor 
/Users/hem/Documents/opt/my-daily-sprints/FocusBloxUITests/SkipTaskLoopUITests.swift:164:20: warning: call to main actor-isolated instance method 'tap()' in a synchronous nonisolated context
        skipButton.tap()
                   ^
XCUIAutomation.XCUIElement.tap:2:22: note: calls to instance method 'tap()' from outside of its actor context are implicitly asynchronous
@MainActor open func tap()}
                     ^
/Users/hem/Documents/opt/my-daily-sprints/FocusBloxUITests/SkipTaskLoopUITests.swift:128:10: note: add '@MainActor' to make instance method 'testSkipLoopVisualEvidence()' part of global actor 'MainActor'
    func testSkipLoopVisualEvidence() throws {
         ^
    @MainActor 
/Users/hem/Documents/opt/my-daily-sprints/FocusBloxUITests/SkipTaskLoopUITests.swift:168:60: warning: call to main actor-isolated instance method 'screenshot()' in a synchronous nonisolated context
        let afterFinalSkip = XCTAttachment(screenshot: app.screenshot())
                                                           ^
XCUIAutomation.XCUIElement.screenshot:2:22: note: calls to instance method 'screenshot()' from outside of its actor context are implicitly asynchronous
@MainActor open func screenshot() -> XCUIScreenshot}
                     ^
/Users/hem/Documents/opt/my-daily-sprints/FocusBloxUITests/SkipTaskLoopUITests.swift:128:10: note: add '@MainActor' to make instance method 'testSkipLoopVisualEvidence()' part of global actor 'MainActor'
    func testSkipLoopVisualEvidence() throws {
         ^
    @MainActor 
/Users/hem/Documents/opt/my-daily-sprints/FocusBloxUITests/SkipTaskLoopUITests.swift:174:38: warning: main actor-isolated subscript 'subscript(_:)' can not be referenced from a nonisolated context
        let allDone = app.staticTexts["Alle Tasks erledigt!"]
                                     ^
XCUIAutomation.XCUIElementQuery.subscript:2:17: note: subscript declared here
@MainActor open subscript(key: String) -> XCUIElement { get }}
                ^
/Users/hem/Documents/opt/my-daily-sprints/FocusBloxUITests/SkipTaskLoopUITests.swift:128:10: note: add '@MainActor' to make instance method 'testSkipLoopVisualEvidence()' part of global actor 'MainActor'
    func testSkipLoopVisualEvidence() throws {
         ^
    @MainActor 
/Users/hem/Documents/opt/my-daily-sprints/FocusBloxUITests/SkipTaskLoopUITests.swift:174:27: warning: main actor-isolated property 'staticTexts' can not be referenced from a nonisolated context
        let allDone = app.staticTexts["Alle Tasks erledigt!"]
                          ^
/Applications/Xcode.app/Contents/Developer/Platforms/iPhoneSimulator.platform/Developer/Library/Frameworks/XCUIAutomation.framework/Headers/XCUIElementTypeQueryProvider.h:62:46: note: property declared here
@property (readonly, copy) XCUIElementQuery *staticTexts;
                                             ^
/Users/hem/Documents/opt/my-daily-sprints/FocusBloxUITests/SkipTaskLoopUITests.swift:128:10: note: add '@MainActor' to make instance method 'testSkipLoopVisualEvidence()' part of global actor 'MainActor'
    func testSkipLoopVisualEvidence() throws {
         ^
    @MainActor 
/Users/hem/Documents/opt/my-daily-sprints/FocusBloxUITests/SkipTaskLoopUITests.swift:177:11: warning: main actor-isolated property 'firstMatch' can not be referenced from a nonisolated context
        ).firstMatch
          ^
/Applications/Xcode.app/Contents/Developer/Platforms/iPhoneSimulator.platform/Developer/Library/Frameworks/XCUIAutomation.framework/Headers/XCUIElementTypeQueryProvider.h:105:35: note: property declared here
@property (readonly) XCUIElement *firstMatch;
                                  ^
/Users/hem/Documents/opt/my-daily-sprints/FocusBloxUITests/SkipTaskLoopUITests.swift:128:10: note: add '@MainActor' to make instance method 'testSkipLoopVisualEvidence()' part of global actor 'MainActor'
    func testSkipLoopVisualEvidence() throws {
         ^
    @MainActor 
/Users/hem/Documents/opt/my-daily-sprints/FocusBloxUITests/SkipTaskLoopUITests.swift:175:45: warning: call to main actor-isolated instance method 'matching' in a synchronous nonisolated context
        let sameTaskAgain = app.staticTexts.matching(
                                            ^
XCUIAutomation.XCUIElementQuery.matching:2:22: note: calls to instance method 'matching' from outside of its actor context are implicitly asynchronous
@MainActor open func matching(_ predicate: NSPredicate) -> XCUIElementQuery}
                     ^
XCUIAutomation.XCUIElementQuery.matching:2:22: note: main actor isolation inferred from conformance to protocol 'XCUIElementTypeQueryProvider'
@MainActor open func matching(_ predicate: NSPredicate) -> XCUIElementQuery}
                     ^
/Users/hem/Documents/opt/my-daily-sprints/FocusBloxUITests/SkipTaskLoopUITests.swift:128:10: note: add '@MainActor' to make instance method 'testSkipLoopVisualEvidence()' part of global actor 'MainActor'
    func testSkipLoopVisualEvidence() throws {
         ^
    @MainActor 
/Users/hem/Documents/opt/my-daily-sprints/FocusBloxUITests/SkipTaskLoopUITests.swift:175:33: warning: main actor-isolated property 'staticTexts' can not be referenced from a nonisolated context
        let sameTaskAgain = app.staticTexts.matching(
                                ^
/Applications/Xcode.app/Contents/Developer/Platforms/iPhoneSimulator.platform/Developer/Library/Frameworks/XCUIAutomation.framework/Headers/XCUIElementTypeQueryProvider.h:62:46: note: property declared here
@property (readonly, copy) XCUIElementQuery *staticTexts;
                                             ^
/Users/hem/Documents/opt/my-daily-sprints/FocusBloxUITests/SkipTaskLoopUITests.swift:128:10: note: add '@MainActor' to make instance method 'testSkipLoopVisualEvidence()' part of global actor 'MainActor'
    func testSkipLoopVisualEvidence() throws {
         ^
    @MainActor 
/Users/hem/Documents/opt/my-daily-sprints/FocusBloxUITests/SkipTaskLoopUITests.swift:179:20: warning: main actor-isolated property 'exists' can not be referenced from a nonisolated context
        if allDone.exists {
                   ^
/Applications/Xcode.app/Contents/Developer/Platforms/iPhoneSimulator.platform/Developer/Library/Frameworks/XCUIAutomation.framework/Headers/XCUIElement.h:54:27: note: property declared here
@property (readonly) BOOL exists;
                          ^
/Users/hem/Documents/opt/my-daily-sprints/FocusBloxUITests/SkipTaskLoopUITests.swift:128:10: note: add '@MainActor' to make instance method 'testSkipLoopVisualEvidence()' part of global actor 'MainActor'
    func testSkipLoopVisualEvidence() throws {
         ^
    @MainActor 
/Users/hem/Documents/opt/my-daily-sprints/FocusBloxUITests/SkipTaskLoopUITests.swift:181:33: warning: main actor-isolated property 'exists' can not be referenced from a nonisolated context
        } else if sameTaskAgain.exists {
                                ^
/Applications/Xcode.app/Contents/Developer/Platforms/iPhoneSimulator.platform/Developer/Library/Frameworks/XCUIAutomation.framework/Headers/XCUIElement.h:54:27: note: property declared here
@property (readonly) BOOL exists;
                          ^
/Users/hem/Documents/opt/my-daily-sprints/FocusBloxUITests/SkipTaskLoopUITests.swift:128:10: note: add '@MainActor' to make instance method 'testSkipLoopVisualEvidence()' part of global actor 'MainActor'
    func testSkipLoopVisualEvidence() throws {
         ^
    @MainActor 
/Users/hem/Documents/opt/my-daily-sprints/FocusBloxUITests/SkipTaskLoopUITests.swift:188:21: warning: main actor-isolated property 'exists' can not be referenced from a nonisolated autoclosure
            allDone.exists,
                    ^
/Applications/Xcode.app/Contents/Developer/Platforms/iPhoneSimulator.platform/Developer/Library/Frameworks/XCUIAutomation.framework/Headers/XCUIElement.h:54:27: note: property declared here
@property (readonly) BOOL exists;
                          ^

SwiftDriverJobDiscovery normal arm64 Emitting module for FocusBloxUITests (in target 'FocusBloxUITests' from project 'FocusBlox')

SwiftDriver\ Compilation\ Requirements FocusBloxUITests normal arm64 com.apple.xcode.tools.swift.compiler (in target 'FocusBloxUITests' from project 'FocusBlox')
    cd /Users/hem/Documents/opt/my-daily-sprints
    builtin-Swift-Compilation-Requirements -- /Applications/Xcode.app/Contents/Developer/Toolchains/XcodeDefault.xctoolchain/usr/bin/swiftc -module-name FocusBloxUITests -Onone -enforce-exclusivity\=checked @/Users/hem/Library/Developer/Xcode/DerivedData/FocusBlox-awtxlldmubwqcwggsrfosewjcyoq/Build/Intermediates.noindex/FocusBlox.build/Debug-iphonesimulator/FocusBloxUITests.build/Objects-normal/arm64/FocusBloxUITests.SwiftFileList -DDEBUG -module-alias Testing\=_Testing_Unavailable -plugin-path /Applications/Xcode.app/Contents/Developer/Toolchains/XcodeDefault.xctoolchain/usr/lib/swift/host/plugins/testing -enable-experimental-feature DebugDescriptionMacro -sdk /Applications/Xcode.app/Contents/Developer/Platforms/iPhoneSimulator.platform/Developer/SDKs/iPhoneSimulator26.2.sdk -target arm64-apple-ios26.2-simulator -g -module-cache-path /Users/hem/Library/Developer/Xcode/DerivedData/ModuleCache.noindex -Xfrontend -serialize-debugging-options -profile-coverage-mapping -profile-generate -enable-testing -index-store-path /Users/hem/Library/Developer/Xcode/DerivedData/FocusBlox-awtxlldmubwqcwggsrfosewjcyoq/Index.noindex/DataStore -Xcc -D_LIBCPP_HARDENING_MODE\=_LIBCPP_HARDENING_MODE_DEBUG -swift-version 6 -I /Users/hem/Library/Developer/Xcode/DerivedData/FocusBlox-awtxlldmubwqcwggsrfosewjcyoq/Build/Products/Debug-iphonesimulator -Isystem /Applications/Xcode.app/Contents/Developer/Platforms/iPhoneSimulator.platform/Developer/usr/lib -F /Users/hem/Library/Developer/Xcode/DerivedData/FocusBlox-awtxlldmubwqcwggsrfosewjcyoq/Build/Products/Debug-iphonesimulator -F /Applications/Xcode.app/Contents/Developer/Platforms/iPhoneSimulator.platform/Developer/Library/Frameworks -F /Applications/Xcode.app/Contents/Developer/Platforms/iPhoneSimulator.platform/Developer/SDKs/iPhoneSimulator26.2.sdk/Developer/Library/Frameworks -c -j10 -enable-batch-mode -incremental -Xcc -ivfsstatcache -Xcc /Users/hem/Library/Developer/Xcode/DerivedData/SDKStatCaches.noindex/iphonesimulator26.2-23C53-7d00a8b37fbd7999ea79df8ebc024bf0.sdkstatcache -output-file-map /Users/hem/Library/Developer/Xcode/DerivedData/FocusBlox-awtxlldmubwqcwggsrfosewjcyoq/Build/Intermediates.noindex/FocusBlox.build/Debug-iphonesimulator/FocusBloxUITests.build/Objects-normal/arm64/FocusBloxUITests-OutputFileMap.json -use-frontend-parseable-output -save-temps -no-color-diagnostics -explicit-module-build -module-cache-path /Users/hem/Library/Developer/Xcode/DerivedData/FocusBlox-awtxlldmubwqcwggsrfosewjcyoq/Build/Intermediates.noindex/SwiftExplicitPrecompiledModules -clang-scanner-module-cache-path /Users/hem/Library/Developer/Xcode/DerivedData/ModuleCache.noindex -sdk-module-cache-path /Users/hem/Library/Developer/Xcode/DerivedData/ModuleCache.noindex -serialize-diagnostics -emit-dependencies -emit-module -emit-module-path /Users/hem/Library/Developer/Xcode/DerivedData/FocusBlox-awtxlldmubwqcwggsrfosewjcyoq/Build/Intermediates.noindex/FocusBlox.build/Debug-iphonesimulator/FocusBloxUITests.build/Objects-normal/arm64/FocusBloxUITests.swiftmodule -validate-clang-modules-once -clang-build-session-file /Users/hem/Library/Developer/Xcode/DerivedData/ModuleCache.noindex/Session.modulevalidation -Xcc -I/Users/hem/Library/Developer/Xcode/DerivedData/FocusBlox-awtxlldmubwqcwggsrfosewjcyoq/Build/Intermediates.noindex/FocusBlox.build/Debug-iphonesimulator/FocusBloxUITests.build/swift-overrides.hmap -emit-const-values -Xfrontend -const-gather-protocols-file -Xfrontend /Users/hem/Library/Developer/Xcode/DerivedData/FocusBlox-awtxlldmubwqcwggsrfosewjcyoq/Build/Intermediates.noindex/FocusBlox.build/Debug-iphonesimulator/FocusBloxUITests.build/Objects-normal/arm64/FocusBloxUITests_const_extract_protocols.json -Xcc -iquote -Xcc /Users/hem/Library/Developer/Xcode/DerivedData/FocusBlox-awtxlldmubwqcwggsrfosewjcyoq/Build/Intermediates.noindex/FocusBlox.build/Debug-iphonesimulator/FocusBloxUITests.build/FocusBloxUITests-generated-files.hmap -Xcc -I/Users/hem/Library/Developer/Xcode/DerivedData/FocusBlox-awtxlldmubwqcwggsrfosewjcyoq/Build/Intermediates.noindex/FocusBlox.build/Debug-iphonesimulator/FocusBloxUITests.build/FocusBloxUITests-own-target-headers.hmap -Xcc -I/Users/hem/Library/Developer/Xcode/DerivedData/FocusBlox-awtxlldmubwqcwggsrfosewjcyoq/Build/Intermediates.noindex/FocusBlox.build/Debug-iphonesimulator/FocusBloxUITests.build/FocusBloxUITests-all-target-headers.hmap -Xcc -iquote -Xcc /Users/hem/Library/Developer/Xcode/DerivedData/FocusBlox-awtxlldmubwqcwggsrfosewjcyoq/Build/Intermediates.noindex/FocusBlox.build/Debug-iphonesimulator/FocusBloxUITests.build/FocusBloxUITests-project-headers.hmap -Xcc -I/Users/hem/Library/Developer/Xcode/DerivedData/FocusBlox-awtxlldmubwqcwggsrfosewjcyoq/Build/Products/Debug-iphonesimulator/include -Xcc -I/Users/hem/Library/Developer/Xcode/DerivedData/FocusBlox-awtxlldmubwqcwggsrfosewjcyoq/Build/Intermediates.noindex/FocusBlox.build/Debug-iphonesimulator/FocusBloxUITests.build/DerivedSources-normal/arm64 -Xcc -I/Users/hem/Library/Developer/Xcode/DerivedData/FocusBlox-awtxlldmubwqcwggsrfosewjcyoq/Build/Intermediates.noindex/FocusBlox.build/Debug-iphonesimulator/FocusBloxUITests.build/DerivedSources/arm64 -Xcc -I/Users/hem/Library/Developer/Xcode/DerivedData/FocusBlox-awtxlldmubwqcwggsrfosewjcyoq/Build/Intermediates.noindex/FocusBlox.build/Debug-iphonesimulator/FocusBloxUITests.build/DerivedSources -Xcc -DDEBUG\=1 -emit-objc-header -emit-objc-header-path /Users/hem/Library/Developer/Xcode/DerivedData/FocusBlox-awtxlldmubwqcwggsrfosewjcyoq/Build/Intermediates.noindex/FocusBlox.build/Debug-iphonesimulator/FocusBloxUITests.build/Objects-normal/arm64/FocusBloxUITests-Swift.h -working-directory /Users/hem/Documents/opt/my-daily-sprints -experimental-emit-module-separately -disable-cmo

Copy /Users/hem/Library/Developer/Xcode/DerivedData/FocusBlox-awtxlldmubwqcwggsrfosewjcyoq/Build/Products/Debug-iphonesimulator/FocusBloxUITests.swiftmodule/Project/arm64-apple-ios-simulator.swiftsourceinfo /Users/hem/Library/Developer/Xcode/DerivedData/FocusBlox-awtxlldmubwqcwggsrfosewjcyoq/Build/Intermediates.noindex/FocusBlox.build/Debug-iphonesimulator/FocusBloxUITests.build/Objects-normal/arm64/FocusBloxUITests.swiftsourceinfo (in target 'FocusBloxUITests' from project 'FocusBlox')
    cd /Users/hem/Documents/opt/my-daily-sprints
    builtin-copy -exclude .DS_Store -exclude CVS -exclude .svn -exclude .git -exclude .hg -resolve-src-symlinks -rename /Users/hem/Library/Developer/Xcode/DerivedData/FocusBlox-awtxlldmubwqcwggsrfosewjcyoq/Build/Intermediates.noindex/FocusBlox.build/Debug-iphonesimulator/FocusBloxUITests.build/Objects-normal/arm64/FocusBloxUITests.swiftsourceinfo /Users/hem/Library/Developer/Xcode/DerivedData/FocusBlox-awtxlldmubwqcwggsrfosewjcyoq/Build/Products/Debug-iphonesimulator/FocusBloxUITests.swiftmodule/Project/arm64-apple-ios-simulator.swiftsourceinfo

Copy /Users/hem/Library/Developer/Xcode/DerivedData/FocusBlox-awtxlldmubwqcwggsrfosewjcyoq/Build/Products/Debug-iphonesimulator/FocusBloxUITests.swiftmodule/arm64-apple-ios-simulator.abi.json /Users/hem/Library/Developer/Xcode/DerivedData/FocusBlox-awtxlldmubwqcwggsrfosewjcyoq/Build/Intermediates.noindex/FocusBlox.build/Debug-iphonesimulator/FocusBloxUITests.build/Objects-normal/arm64/FocusBloxUITests.abi.json (in target 'FocusBloxUITests' from project 'FocusBlox')
    cd /Users/hem/Documents/opt/my-daily-sprints
    builtin-copy -exclude .DS_Store -exclude CVS -exclude .svn -exclude .git -exclude .hg -resolve-src-symlinks -rename /Users/hem/Library/Developer/Xcode/DerivedData/FocusBlox-awtxlldmubwqcwggsrfosewjcyoq/Build/Intermediates.noindex/FocusBlox.build/Debug-iphonesimulator/FocusBloxUITests.build/Objects-normal/arm64/FocusBloxUITests.abi.json /Users/hem/Library/Developer/Xcode/DerivedData/FocusBlox-awtxlldmubwqcwggsrfosewjcyoq/Build/Products/Debug-iphonesimulator/FocusBloxUITests.swiftmodule/arm64-apple-ios-simulator.abi.json

SwiftDriverJobDiscovery normal arm64 Compiling SkipTaskLoopUITests.swift (in target 'FocusBloxUITests' from project 'FocusBlox')

SwiftDriver\ Compilation FocusBloxUITests normal arm64 com.apple.xcode.tools.swift.compiler (in target 'FocusBloxUITests' from project 'FocusBlox')
    cd /Users/hem/Documents/opt/my-daily-sprints
    builtin-Swift-Compilation -- /Applications/Xcode.app/Contents/Developer/Toolchains/XcodeDefault.xctoolchain/usr/bin/swiftc -module-name FocusBloxUITests -Onone -enforce-exclusivity\=checked @/Users/hem/Library/Developer/Xcode/DerivedData/FocusBlox-awtxlldmubwqcwggsrfosewjcyoq/Build/Intermediates.noindex/FocusBlox.build/Debug-iphonesimulator/FocusBloxUITests.build/Objects-normal/arm64/FocusBloxUITests.SwiftFileList -DDEBUG -module-alias Testing\=_Testing_Unavailable -plugin-path /Applications/Xcode.app/Contents/Developer/Toolchains/XcodeDefault.xctoolchain/usr/lib/swift/host/plugins/testing -enable-experimental-feature DebugDescriptionMacro -sdk /Applications/Xcode.app/Contents/Developer/Platforms/iPhoneSimulator.platform/Developer/SDKs/iPhoneSimulator26.2.sdk -target arm64-apple-ios26.2-simulator -g -module-cache-path /Users/hem/Library/Developer/Xcode/DerivedData/ModuleCache.noindex -Xfrontend -serialize-debugging-options -profile-coverage-mapping -profile-generate -enable-testing -index-store-path /Users/hem/Library/Developer/Xcode/DerivedData/FocusBlox-awtxlldmubwqcwggsrfosewjcyoq/Index.noindex/DataStore -Xcc -D_LIBCPP_HARDENING_MODE\=_LIBCPP_HARDENING_MODE_DEBUG -swift-version 6 -I /Users/hem/Library/Developer/Xcode/DerivedData/FocusBlox-awtxlldmubwqcwggsrfosewjcyoq/Build/Products/Debug-iphonesimulator -Isystem /Applications/Xcode.app/Contents/Developer/Platforms/iPhoneSimulator.platform/Developer/usr/lib -F /Users/hem/Library/Developer/Xcode/DerivedData/FocusBlox-awtxlldmubwqcwggsrfosewjcyoq/Build/Products/Debug-iphonesimulator -F /Applications/Xcode.app/Contents/Developer/Platforms/iPhoneSimulator.platform/Developer/Library/Frameworks -F /Applications/Xcode.app/Contents/Developer/Platforms/iPhoneSimulator.platform/Developer/SDKs/iPhoneSimulator26.2.sdk/Developer/Library/Frameworks -c -j10 -enable-batch-mode -incremental -Xcc -ivfsstatcache -Xcc /Users/hem/Library/Developer/Xcode/DerivedData/SDKStatCaches.noindex/iphonesimulator26.2-23C53-7d00a8b37fbd7999ea79df8ebc024bf0.sdkstatcache -output-file-map /Users/hem/Library/Developer/Xcode/DerivedData/FocusBlox-awtxlldmubwqcwggsrfosewjcyoq/Build/Intermediates.noindex/FocusBlox.build/Debug-iphonesimulator/FocusBloxUITests.build/Objects-normal/arm64/FocusBloxUITests-OutputFileMap.json -use-frontend-parseable-output -save-temps -no-color-diagnostics -explicit-module-build -module-cache-path /Users/hem/Library/Developer/Xcode/DerivedData/FocusBlox-awtxlldmubwqcwggsrfosewjcyoq/Build/Intermediates.noindex/SwiftExplicitPrecompiledModules -clang-scanner-module-cache-path /Users/hem/Library/Developer/Xcode/DerivedData/ModuleCache.noindex -sdk-module-cache-path /Users/hem/Library/Developer/Xcode/DerivedData/ModuleCache.noindex -serialize-diagnostics -emit-dependencies -emit-module -emit-module-path /Users/hem/Library/Developer/Xcode/DerivedData/FocusBlox-awtxlldmubwqcwggsrfosewjcyoq/Build/Intermediates.noindex/FocusBlox.build/Debug-iphonesimulator/FocusBloxUITests.build/Objects-normal/arm64/FocusBloxUITests.swiftmodule -validate-clang-modules-once -clang-build-session-file /Users/hem/Library/Developer/Xcode/DerivedData/ModuleCache.noindex/Session.modulevalidation -Xcc -I/Users/hem/Library/Developer/Xcode/DerivedData/FocusBlox-awtxlldmubwqcwggsrfosewjcyoq/Build/Intermediates.noindex/FocusBlox.build/Debug-iphonesimulator/FocusBloxUITests.build/swift-overrides.hmap -emit-const-values -Xfrontend -const-gather-protocols-file -Xfrontend /Users/hem/Library/Developer/Xcode/DerivedData/FocusBlox-awtxlldmubwqcwggsrfosewjcyoq/Build/Intermediates.noindex/FocusBlox.build/Debug-iphonesimulator/FocusBloxUITests.build/Objects-normal/arm64/FocusBloxUITests_const_extract_protocols.json -Xcc -iquote -Xcc /Users/hem/Library/Developer/Xcode/DerivedData/FocusBlox-awtxlldmubwqcwggsrfosewjcyoq/Build/Intermediates.noindex/FocusBlox.build/Debug-iphonesimulator/FocusBloxUITests.build/FocusBloxUITests-generated-files.hmap -Xcc -I/Users/hem/Library/Developer/Xcode/DerivedData/FocusBlox-awtxlldmubwqcwggsrfosewjcyoq/Build/Intermediates.noindex/FocusBlox.build/Debug-iphonesimulator/FocusBloxUITests.build/FocusBloxUITests-own-target-headers.hmap -Xcc -I/Users/hem/Library/Developer/Xcode/DerivedData/FocusBlox-awtxlldmubwqcwggsrfosewjcyoq/Build/Intermediates.noindex/FocusBlox.build/Debug-iphonesimulator/FocusBloxUITests.build/FocusBloxUITests-all-target-headers.hmap -Xcc -iquote -Xcc /Users/hem/Library/Developer/Xcode/DerivedData/FocusBlox-awtxlldmubwqcwggsrfosewjcyoq/Build/Intermediates.noindex/FocusBlox.build/Debug-iphonesimulator/FocusBloxUITests.build/FocusBloxUITests-project-headers.hmap -Xcc -I/Users/hem/Library/Developer/Xcode/DerivedData/FocusBlox-awtxlldmubwqcwggsrfosewjcyoq/Build/Products/Debug-iphonesimulator/include -Xcc -I/Users/hem/Library/Developer/Xcode/DerivedData/FocusBlox-awtxlldmubwqcwggsrfosewjcyoq/Build/Intermediates.noindex/FocusBlox.build/Debug-iphonesimulator/FocusBloxUITests.build/DerivedSources-normal/arm64 -Xcc -I/Users/hem/Library/Developer/Xcode/DerivedData/FocusBlox-awtxlldmubwqcwggsrfosewjcyoq/Build/Intermediates.noindex/FocusBlox.build/Debug-iphonesimulator/FocusBloxUITests.build/DerivedSources/arm64 -Xcc -I/Users/hem/Library/Developer/Xcode/DerivedData/FocusBlox-awtxlldmubwqcwggsrfosewjcyoq/Build/Intermediates.noindex/FocusBlox.build/Debug-iphonesimulator/FocusBloxUITests.build/DerivedSources -Xcc -DDEBUG\=1 -emit-objc-header -emit-objc-header-path /Users/hem/Library/Developer/Xcode/DerivedData/FocusBlox-awtxlldmubwqcwggsrfosewjcyoq/Build/Intermediates.noindex/FocusBlox.build/Debug-iphonesimulator/FocusBloxUITests.build/Objects-normal/arm64/FocusBloxUITests-Swift.h -working-directory /Users/hem/Documents/opt/my-daily-sprints -experimental-emit-module-separately -disable-cmo

Ld /Users/hem/Library/Developer/Xcode/DerivedData/FocusBlox-awtxlldmubwqcwggsrfosewjcyoq/Build/Products/Debug-iphonesimulator/FocusBloxUITests-Runner.app/PlugIns/FocusBloxUITests.xctest/FocusBloxUITests normal (in target 'FocusBloxUITests' from project 'FocusBlox')
    cd /Users/hem/Documents/opt/my-daily-sprints
    /Applications/Xcode.app/Contents/Developer/Toolchains/XcodeDefault.xctoolchain/usr/bin/clang -Xlinker -reproducible -target arm64-apple-ios26.2-simulator -bundle -isysroot /Applications/Xcode.app/Contents/Developer/Platforms/iPhoneSimulator.platform/Developer/SDKs/iPhoneSimulator26.2.sdk -O0 -L/Users/hem/Library/Developer/Xcode/DerivedData/FocusBlox-awtxlldmubwqcwggsrfosewjcyoq/Build/Intermediates.noindex/EagerLinkingTBDs/Debug-iphonesimulator -L/Users/hem/Library/Developer/Xcode/DerivedData/FocusBlox-awtxlldmubwqcwggsrfosewjcyoq/Build/Products/Debug-iphonesimulator -L/Applications/Xcode.app/Contents/Developer/Platforms/iPhoneSimulator.platform/Developer/usr/lib -F/Users/hem/Library/Developer/Xcode/DerivedData/FocusBlox-awtxlldmubwqcwggsrfosewjcyoq/Build/Intermediates.noindex/EagerLinkingTBDs/Debug-iphonesimulator -F/Users/hem/Library/Developer/Xcode/DerivedData/FocusBlox-awtxlldmubwqcwggsrfosewjcyoq/Build/Products/Debug-iphonesimulator -iframework /Applications/Xcode.app/Contents/Developer/Platforms/iPhoneSimulator.platform/Developer/Library/Frameworks -iframework /Applications/Xcode.app/Contents/Developer/Platforms/iPhoneSimulator.platform/Developer/SDKs/iPhoneSimulator26.2.sdk/Developer/Library/Frameworks -filelist /Users/hem/Library/Developer/Xcode/DerivedData/FocusBlox-awtxlldmubwqcwggsrfosewjcyoq/Build/Intermediates.noindex/FocusBlox.build/Debug-iphonesimulator/FocusBloxUITests.build/Objects-normal/arm64/FocusBloxUITests.LinkFileList -Xlinker -rpath -Xlinker @loader_path/Frameworks -Xlinker -rpath -Xlinker @executable_path/Frameworks -dead_strip -Xlinker -object_path_lto -Xlinker /Users/hem/Library/Developer/Xcode/DerivedData/FocusBlox-awtxlldmubwqcwggsrfosewjcyoq/Build/Intermediates.noindex/FocusBlox.build/Debug-iphonesimulator/FocusBloxUITests.build/Objects-normal/arm64/FocusBloxUITests_lto.o -rdynamic -Xlinker -no_deduplicate -Xlinker -objc_abi_version -Xlinker 2 -Xlinker -debug_variant -Xlinker -dependency_info -Xlinker /Users/hem/Library/Developer/Xcode/DerivedData/FocusBlox-awtxlldmubwqcwggsrfosewjcyoq/Build/Intermediates.noindex/FocusBlox.build/Debug-iphonesimulator/FocusBloxUITests.build/Objects-normal/arm64/FocusBloxUITests_dependency_info.dat -fobjc-link-runtime -fprofile-instr-generate -L/Applications/Xcode.app/Contents/Developer/Toolchains/XcodeDefault.xctoolchain/usr/lib/swift/iphonesimulator -L/usr/lib/swift -Xlinker -add_ast_path -Xlinker /Users/hem/Library/Developer/Xcode/DerivedData/FocusBlox-awtxlldmubwqcwggsrfosewjcyoq/Build/Intermediates.noindex/FocusBlox.build/Debug-iphonesimulator/FocusBloxUITests.build/Objects-normal/arm64/FocusBloxUITests.swiftmodule @/Users/hem/Library/Developer/Xcode/DerivedData/FocusBlox-awtxlldmubwqcwggsrfosewjcyoq/Build/Intermediates.noindex/FocusBlox.build/Debug-iphonesimulator/FocusBloxUITests.build/Objects-normal/arm64/FocusBloxUITests-linker-args.resp -Xlinker -needed_framework -Xlinker XCTest -framework XCTest -Xlinker -needed-lXCTestSwiftSupport -lXCTestSwiftSupport -Xlinker -sectcreate -Xlinker __TEXT -Xlinker __entitlements -Xlinker /Users/hem/Library/Developer/Xcode/DerivedData/FocusBlox-awtxlldmubwqcwggsrfosewjcyoq/Build/Intermediates.noindex/FocusBlox.build/Debug-iphonesimulator/FocusBloxUITests.build/FocusBloxUITests.xctest-Simulated.xcent -Xlinker -sectcreate -Xlinker __TEXT -Xlinker __ents_der -Xlinker /Users/hem/Library/Developer/Xcode/DerivedData/FocusBlox-awtxlldmubwqcwggsrfosewjcyoq/Build/Intermediates.noindex/FocusBlox.build/Debug-iphonesimulator/FocusBloxUITests.build/FocusBloxUITests.xctest-Simulated.xcent.der -Xlinker -no_adhoc_codesign -o /Users/hem/Library/Developer/Xcode/DerivedData/FocusBlox-awtxlldmubwqcwggsrfosewjcyoq/Build/Products/Debug-iphonesimulator/FocusBloxUITests-Runner.app/PlugIns/FocusBloxUITests.xctest/FocusBloxUITests

CopySwiftLibs /Users/hem/Library/Developer/Xcode/DerivedData/FocusBlox-awtxlldmubwqcwggsrfosewjcyoq/Build/Products/Debug-iphonesimulator/FocusBloxUITests-Runner.app/PlugIns/FocusBloxUITests.xctest (in target 'FocusBloxUITests' from project 'FocusBlox')
    cd /Users/hem/Documents/opt/my-daily-sprints
    builtin-swiftStdLibTool --copy --verbose --sign - --scan-executable /Users/hem/Library/Developer/Xcode/DerivedData/FocusBlox-awtxlldmubwqcwggsrfosewjcyoq/Build/Products/Debug-iphonesimulator/FocusBloxUITests-Runner.app/PlugIns/FocusBloxUITests.xctest/FocusBloxUITests --scan-folder /Users/hem/Library/Developer/Xcode/DerivedData/FocusBlox-awtxlldmubwqcwggsrfosewjcyoq/Build/Products/Debug-iphonesimulator/FocusBloxUITests-Runner.app/PlugIns/FocusBloxUITests.xctest/Frameworks --scan-folder /Users/hem/Library/Developer/Xcode/DerivedData/FocusBlox-awtxlldmubwqcwggsrfosewjcyoq/Build/Products/Debug-iphonesimulator/FocusBloxUITests-Runner.app/PlugIns/FocusBloxUITests.xctest/PlugIns --scan-folder /Users/hem/Library/Developer/Xcode/DerivedData/FocusBlox-awtxlldmubwqcwggsrfosewjcyoq/Build/Products/Debug-iphonesimulator/FocusBloxUITests-Runner.app/PlugIns/FocusBloxUITests.xctest/SystemExtensions --scan-folder /Users/hem/Library/Developer/Xcode/DerivedData/FocusBlox-awtxlldmubwqcwggsrfosewjcyoq/Build/Products/Debug-iphonesimulator/FocusBloxUITests-Runner.app/PlugIns/FocusBloxUITests.xctest/Extensions --platform iphonesimulator --toolchain /Applications/Xcode.app/Contents/Developer/Toolchains/XcodeDefault.xctoolchain --destination /Users/hem/Library/Developer/Xcode/DerivedData/FocusBlox-awtxlldmubwqcwggsrfosewjcyoq/Build/Products/Debug-iphonesimulator/FocusBloxUITests-Runner.app/PlugIns/FocusBloxUITests.xctest/Frameworks --strip-bitcode --scan-executable /Applications/Xcode.app/Contents/Developer/Platforms/iPhoneSimulator.platform/Developer/usr/lib/libXCTestSwiftSupport.dylib --strip-bitcode-tool /Applications/Xcode.app/Contents/Developer/Toolchains/XcodeDefault.xctoolchain/usr/bin/bitcode_strip --emit-dependency-info /Users/hem/Library/Developer/Xcode/DerivedData/FocusBlox-awtxlldmubwqcwggsrfosewjcyoq/Build/Intermediates.noindex/FocusBlox.build/Debug-iphonesimulator/FocusBloxUITests.build/SwiftStdLibToolInputDependencies.dep --filter-for-swift-os

ExtractAppIntentsMetadata (in target 'FocusBloxUITests' from project 'FocusBlox')
    cd /Users/hem/Documents/opt/my-daily-sprints
    /Applications/Xcode.app/Contents/Developer/Toolchains/XcodeDefault.xctoolchain/usr/bin/appintentsmetadataprocessor --toolchain-dir /Applications/Xcode.app/Contents/Developer/Toolchains/XcodeDefault.xctoolchain --module-name FocusBloxUITests --sdk-root /Applications/Xcode.app/Contents/Developer/Platforms/iPhoneSimulator.platform/Developer/SDKs/iPhoneSimulator26.2.sdk --xcode-version 17C52 --platform-family iOS --deployment-target 26.2 --bundle-identifier com.henning.timebox.uitests --output /Users/hem/Library/Developer/Xcode/DerivedData/FocusBlox-awtxlldmubwqcwggsrfosewjcyoq/Build/Products/Debug-iphonesimulator/FocusBloxUITests-Runner.app/PlugIns/FocusBloxUITests.xctest --target-triple arm64-apple-ios26.2-simulator --binary-file /Users/hem/Library/Developer/Xcode/DerivedData/FocusBlox-awtxlldmubwqcwggsrfosewjcyoq/Build/Products/Debug-iphonesimulator/FocusBloxUITests-Runner.app/PlugIns/FocusBloxUITests.xctest/FocusBloxUITests --dependency-file /Users/hem/Library/Developer/Xcode/DerivedData/FocusBlox-awtxlldmubwqcwggsrfosewjcyoq/Build/Intermediates.noindex/FocusBlox.build/Debug-iphonesimulator/FocusBloxUITests.build/Objects-normal/arm64/FocusBloxUITests_dependency_info.dat --stringsdata-file /Users/hem/Library/Developer/Xcode/DerivedData/FocusBlox-awtxlldmubwqcwggsrfosewjcyoq/Build/Intermediates.noindex/FocusBlox.build/Debug-iphonesimulator/FocusBloxUITests.build/Objects-normal/arm64/ExtractedAppShortcutsMetadata.stringsdata --source-file-list /Users/hem/Library/Developer/Xcode/DerivedData/FocusBlox-awtxlldmubwqcwggsrfosewjcyoq/Build/Intermediates.noindex/FocusBlox.build/Debug-iphonesimulator/FocusBloxUITests.build/Objects-normal/arm64/FocusBloxUITests.SwiftFileList --metadata-file-list /Users/hem/Library/Developer/Xcode/DerivedData/FocusBlox-awtxlldmubwqcwggsrfosewjcyoq/Build/Intermediates.noindex/FocusBlox.build/Debug-iphonesimulator/FocusBloxUITests.build/FocusBloxUITests.DependencyMetadataFileList --static-metadata-file-list /Users/hem/Library/Developer/Xcode/DerivedData/FocusBlox-awtxlldmubwqcwggsrfosewjcyoq/Build/Intermediates.noindex/FocusBlox.build/Debug-iphonesimulator/FocusBloxUITests.build/FocusBloxUITests.DependencyStaticMetadataFileList --swift-const-vals-list /Users/hem/Library/Developer/Xcode/DerivedData/FocusBlox-awtxlldmubwqcwggsrfosewjcyoq/Build/Intermediates.noindex/FocusBlox.build/Debug-iphonesimulator/FocusBloxUITests.build/Objects-normal/arm64/FocusBloxUITests.SwiftConstValuesFileList --compile-time-extraction --deployment-aware-processing --validate-assistant-intents --no-app-shortcuts-localization
2026-01-30 06:57:42.600 appintentsmetadataprocessor[1818:42209335] Starting appintentsmetadataprocessor export
2026-01-30 06:57:42.601 appintentsmetadataprocessor[1818:42209335] warning: Metadata extraction skipped. No AppIntents.framework dependency found.

CodeSign /Users/hem/Library/Developer/Xcode/DerivedData/FocusBlox-awtxlldmubwqcwggsrfosewjcyoq/Build/Products/Debug-iphonesimulator/FocusBloxUITests-Runner.app/PlugIns/FocusBloxUITests.xctest (in target 'FocusBloxUITests' from project 'FocusBlox')
    cd /Users/hem/Documents/opt/my-daily-sprints
    
    Signing Identity:     "Sign to Run Locally"
    
    /usr/bin/codesign --force --sign - --timestamp\=none --generate-entitlement-der /Users/hem/Library/Developer/Xcode/DerivedData/FocusBlox-awtxlldmubwqcwggsrfosewjcyoq/Build/Products/Debug-iphonesimulator/FocusBloxUITests-Runner.app/PlugIns/FocusBloxUITests.xctest

CodeSign /Users/hem/Library/Developer/Xcode/DerivedData/FocusBlox-awtxlldmubwqcwggsrfosewjcyoq/Build/Products/Debug-iphonesimulator/FocusBloxUITests-Runner.app (in target 'FocusBloxUITests' from project 'FocusBlox')
    cd /Users/hem/Documents/opt/my-daily-sprints
    
    Signing Identity:     "Sign to Run Locally"
    
    /usr/bin/codesign --force --sign - --timestamp\=none --generate-entitlement-der /Users/hem/Library/Developer/Xcode/DerivedData/FocusBlox-awtxlldmubwqcwggsrfosewjcyoq/Build/Products/Debug-iphonesimulator/FocusBloxUITests-Runner.app
/Users/hem/Library/Developer/Xcode/DerivedData/FocusBlox-awtxlldmubwqcwggsrfosewjcyoq/Build/Products/Debug-iphonesimulator/FocusBloxUITests-Runner.app: replacing existing signature

2026-01-30 06:58:00.376063+0100 FocusBloxUITests-Runner[2058:42211799] [Default] Running tests...
    t =      nans Interface orientation changed to Portrait
Test Suite 'Selected tests' started at 2026-01-30 06:58:03.365.
Test Suite 'FocusBloxUITests.xctest' started at 2026-01-30 06:58:03.365.
Test Suite 'SkipTaskLoopUITests' started at 2026-01-30 06:58:03.365.
Test Case '-[FocusBloxUITests.SkipTaskLoopUITests testSkipLastTaskEndsBlock]' started.
    t =     0.00s Start Test at 2026-01-30 06:58:03.366
    t =     0.30s Set Up
    t =     0.31s     Open com.henning.timebox
    t =     0.31s         Launch com.henning.timebox
    t =     2.51s             Setting up automation session
    t =     3.56s             Wait for com.henning.timebox to idle
    t =     5.46s Waiting 5.0s for "tab-focus" Button to exist
    t =     6.49s     Checking `Expect predicate `existsNoRetry == 1` for object "tab-focus" Button`
    t =     6.49s         Checking existence of `"tab-focus" Button`
    t =     6.57s Tap "tab-focus" Button
    t =     6.57s     Wait for com.henning.timebox to idle
    t =     6.58s     Find the "tab-focus" Button
    t =     6.60s     Check for interrupting elements affecting "tab-focus" Button
    t =     6.64s     Synthesize event
    t =     7.04s     Wait for com.henning.timebox to idle
    t =     9.17s Waiting 5.0s for "Überspringen" Button to exist
    t =    10.20s     Checking `Expect predicate `existsNoRetry == 1` for object "Überspringen" Button`
    t =    10.20s         Checking existence of `"Überspringen" Button`
    t =    10.24s Find the Target Application 'com.henning.timebox'
    t =    10.37s Added attachment named 'Bug15-01-InitialState'
    t =    10.37s Tap "Überspringen" Button
    t =    10.37s     Wait for com.henning.timebox to idle
    t =    10.37s     Find the "Überspringen" Button
    t =    10.39s     Check for interrupting elements affecting "currentTaskView" Button
    t =    10.41s     Synthesize event
    t =    10.69s     Wait for com.henning.timebox to idle
    t =    12.70s Find the Target Application 'com.henning.timebox'
    t =    12.79s Added attachment named 'Bug15-02-AfterSkip1'
    t =    12.79s Waiting 3.0s for "currentTaskView" Button to exist
    t =    13.83s     Checking `Expect predicate `existsNoRetry == 1` for object "currentTaskView" Button`
    t =    13.83s         Checking existence of `"currentTaskView" Button`
    t =    13.85s Tap "currentTaskView" Button
    t =    13.85s     Wait for com.henning.timebox to idle
    t =    13.85s     Find the "currentTaskView" Button
    t =    13.86s     Check for interrupting elements affecting "currentTaskView" Button
    t =    13.88s     Synthesize event
    t =    14.17s     Wait for com.henning.timebox to idle
    t =    16.17s Find the Target Application 'com.henning.timebox'
    t =    16.29s Added attachment named 'Bug15-03-AfterSkip2-LastTask'
    t =    16.29s Find the StaticText (First Match)
    t =    16.31s Waiting 3.0s for "currentTaskView" Button to exist
    t =    17.33s     Checking `Expect predicate `existsNoRetry == 1` for object "currentTaskView" Button`
    t =    17.34s         Checking existence of `"currentTaskView" Button`
    t =    17.36s Tap "currentTaskView" Button
    t =    17.36s     Wait for com.henning.timebox to idle
    t =    17.36s     Find the "currentTaskView" Button
    t =    17.38s     Check for interrupting elements affecting "currentTaskView" Button
    t =    17.39s     Synthesize event
    t =    17.68s     Wait for com.henning.timebox to idle
    t =    19.69s Find the Target Application 'com.henning.timebox'
    t =    19.78s Added attachment named 'Bug15-04-AfterSkipLast-EXPECTED-AllDone'
    t =    19.78s Checking existence of `"Aktueller Task" StaticText`
    t =    19.81s Waiting 5.0s for "Alle Tasks erledigt!" StaticText to exist
    t =    20.82s     Checking `Expect predicate `existsNoRetry == 1` for object "Alle Tasks erledigt!" StaticText`
    t =    20.83s         Checking existence of `"Alle Tasks erledigt!" StaticText`
    t =    20.86s         Capturing element debug description
    t =    21.89s     Checking `Expect predicate `existsNoRetry == 1` for object "Alle Tasks erledigt!" StaticText`
    t =    21.89s         Checking existence of `"Alle Tasks erledigt!" StaticText`
    t =    21.92s         Capturing element debug description
    t =    22.84s     Checking `Expect predicate `existsNoRetry == 1` for object "Alle Tasks erledigt!" StaticText`
    t =    22.84s         Checking existence of `"Alle Tasks erledigt!" StaticText`
    t =    22.87s         Capturing element debug description
    t =    23.82s     Checking `Expect predicate `existsNoRetry == 1` for object "Alle Tasks erledigt!" StaticText`
    t =    23.82s         Checking existence of `"Alle Tasks erledigt!" StaticText`
    t =    23.85s         Capturing element debug description
    t =    24.82s     Checking `Expect predicate `existsNoRetry == 1` for object "Alle Tasks erledigt!" StaticText`
    t =    24.82s         Checking existence of `"Alle Tasks erledigt!" StaticText`
    t =    24.85s         Capturing element debug description
    t =    24.86s     Checking existence of `"Alle Tasks erledigt!" StaticText`
    t =    24.87s Collecting debug information to assist test failure triage
    t =    24.87s     Requesting snapshot of accessibility hierarchy for app with pid 2094
/Users/hem/Documents/opt/my-daily-sprints/FocusBloxUITests/SkipTaskLoopUITests.swift:113: error: -[FocusBloxUITests.SkipTaskLoopUITests testSkipLastTaskEndsBlock] : XCTAssertTrue failed - After skipping the last task, 'Alle Tasks erledigt!' should appear. BUG: The same task restarted instead of ending the block.
    t =    25.24s Tear Down
Test Case '-[FocusBloxUITests.SkipTaskLoopUITests testSkipLastTaskEndsBlock]' failed (25.534 seconds).
Test Suite 'SkipTaskLoopUITests' failed at 2026-01-30 06:58:28.900.
	 Executed 1 test, with 1 failure (0 unexpected) in 25.534 (25.534) seconds
Test Suite 'FocusBloxUITests.xctest' failed at 2026-01-30 06:58:28.901.
	 Executed 1 test, with 1 failure (0 unexpected) in 25.534 (25.535) seconds
Test Suite 'Selected tests' failed at 2026-01-30 06:58:28.901.
	 Executed 1 test, with 1 failure (0 unexpected) in 25.534 (25.536) seconds
2026-01-30 06:58:48.279 xcodebuild[1783:42209033] [MT] IDETestOperationsObserverDebug: 65.557 elapsed -- Testing started completed.
2026-01-30 06:58:48.279 xcodebuild[1783:42209033] [MT] IDETestOperationsObserverDebug: 0.000 sec, +0.000 sec -- start
2026-01-30 06:58:48.279 xcodebuild[1783:42209033] [MT] IDETestOperationsObserverDebug: 65.558 sec, +65.558 sec -- end

Test session results, code coverage, and logs:
	/Users/hem/Library/Developer/Xcode/DerivedData/FocusBlox-awtxlldmubwqcwggsrfosewjcyoq/Logs/Test/Test-FocusBlox-2026.01.30_06-57-39-+0100.xcresult

** TEST FAILED **

Testing started
