============================================
  FocusBlox Resilient Test Runner
============================================

[0;34m[INFO][0m Phase 1: Simulator vorbereiten...
[0;34m[INFO][0m Beende haengende Simulator-Prozesse...
[1;33m[WARN][0m Simulator mit UUID 877731AF-6250-4E23-A07E-80270C69D827 nicht gefunden!
[0;34m[INFO][0m Gefunden: FocusBlox mit UUID 548B4A2F-FDFF-4F9E-8335-1A7A7B98E492
[0;34m[INFO][0m Boote Simulator 548B4A2F-FDFF-4F9E-8335-1A7A7B98E492...
[0;34m[INFO][0m Warte auf Simulator-Bereitschaft...
Monitoring boot status for FocusBlox (548B4A2F-FDFF-4F9E-8335-1A7A7B98E492).
[2026-01-27 19:45:17 +0000] Status=1, isTerminal=NO, Elapsed=00:01.
	Waiting on BackBoard

[2026-01-27 19:45:17 +0000] Status=4, isTerminal=NO, Elapsed=00:02.
	Waiting on System App

[2026-01-27 19:45:18 +0000] Status=4, isTerminal=NO, Elapsed=00:03.
	Waiting on System App

[2026-01-27 19:45:19 +0000] Status=4, isTerminal=NO, Elapsed=00:03.
	Waiting on System App

[2026-01-27 19:45:21 +0000] Status=4294967295, isTerminal=YES, Elapsed=00:05.
	Finished

[0;32m[SUCCESS][0m Simulator bereit.
[0;34m[INFO][0m Phase 2: Tests ausfuehren (Versuch 1/2)...
[0;34m[INFO][0m Teste nur: QuickEditBacklogUITests
Command line invocation:
    /Applications/Xcode.app/Contents/Developer/usr/bin/xcodebuild test -project FocusBlox.xcodeproj -scheme FocusBlox -destination id=548B4A2F-FDFF-4F9E-8335-1A7A7B98E492 "-only-testing:FocusBloxUITests/QuickEditBacklogUITests" -parallel-testing-enabled NO -disable-concurrent-destination-testing -retry-tests-on-failure -resultBundlePath TestResults_1769543121.xcresult CODE_SIGNING_ALLOWED=NO

Build settings from command line:
    CODE_SIGNING_ALLOWED = NO

Retrying tests on failure. Running tests repeatedly up to 3 times. Pass -test-iterations also to override the default of running up to 3 times.

Writing result bundle at path:
	/Users/hem/Documents/opt/my-daily-sprints/TestResults_1769543121.xcresult

ComputePackagePrebuildTargetDependencyGraph

Prepare packages

CreateBuildRequest

SendProjectDescription

CreateBuildOperation

ComputeTargetDependencyGraph
note: Building targets in dependency order
note: Target dependency graph (5 targets)
    Target 'FocusBloxUITests' in project 'FocusBlox'
        âžœ Explicit dependency on target 'FocusBlox' in project 'FocusBlox'
    Target 'FocusBloxTests' in project 'FocusBlox'
        âžœ Explicit dependency on target 'FocusBlox' in project 'FocusBlox'
    Target 'FocusBlox' in project 'FocusBlox'
        âžœ Explicit dependency on target 'FocusBloxWidgetsExtension' in project 'FocusBlox'
        âžœ Explicit dependency on target 'FocusBloxCore' in project 'FocusBlox'
    Target 'FocusBloxWidgetsExtension' in project 'FocusBlox'
        âžœ Explicit dependency on target 'FocusBloxCore' in project 'FocusBlox'
    Target 'FocusBloxCore' in project 'FocusBlox' (no dependencies)

GatherProvisioningInputs

CreateBuildDescription

ExecuteExternalTool /Applications/Xcode.app/Contents/Developer/Toolchains/XcodeDefault.xctoolchain/usr/bin/clang -v -E -dM -arch arm64 -isysroot /Applications/Xcode.app/Contents/Developer/Platforms/iPhoneSimulator.platform/Developer/SDKs/iPhoneSimulator26.2.sdk -x c -c /dev/null

ExecuteExternalTool /Applications/Xcode.app/Contents/Developer/usr/bin/actool --version --output-format xml1

ExecuteExternalTool /Applications/Xcode.app/Contents/Developer/Toolchains/XcodeDefault.xctoolchain/usr/bin/clang -v -E -dM -isysroot /Applications/Xcode.app/Contents/Developer/Platforms/iPhoneSimulator.platform/Developer/SDKs/iPhoneSimulator26.2.sdk -x c -c /dev/null

ExecuteExternalTool /Applications/Xcode.app/Contents/Developer/Toolchains/XcodeDefault.xctoolchain/usr/bin/swiftc --version

ExecuteExternalTool /Applications/Xcode.app/Contents/Developer/usr/bin/actool --print-asset-tag-combinations --output-format xml1 /Users/hem/Documents/opt/my-daily-sprints/Resources/Assets.xcassets

ExecuteExternalTool /Applications/Xcode.app/Contents/Developer/Toolchains/XcodeDefault.xctoolchain/usr/bin/ld -version_details

ReadFileContents /Applications/Xcode.app/Contents/Developer/Toolchains/XcodeDefault.xctoolchain/usr/share/docc/features.json

Build description signature: 781aa12fe716e002e5f868b0d0deac76
Build description path: /Users/hem/Library/Developer/Xcode/DerivedData/FocusBlox-awtxlldmubwqcwggsrfosewjcyoq/Build/Intermediates.noindex/XCBuildData/781aa12fe716e002e5f868b0d0deac76.xcbuilddata
ClangStatCache /Applications/Xcode.app/Contents/Developer/Toolchains/XcodeDefault.xctoolchain/usr/bin/clang-stat-cache /Applications/Xcode.app/Contents/Developer/Platforms/iPhoneSimulator.platform/Developer/SDKs/iPhoneSimulator26.2.sdk /Users/hem/Library/Developer/Xcode/DerivedData/SDKStatCaches.noindex/iphonesimulator26.2-23C53-7d00a8b37fbd7999ea79df8ebc024bf0.sdkstatcache
    cd /Users/hem/Documents/opt/my-daily-sprints/FocusBlox.xcodeproj
    /Applications/Xcode.app/Contents/Developer/Toolchains/XcodeDefault.xctoolchain/usr/bin/clang-stat-cache /Applications/Xcode.app/Contents/Developer/Platforms/iPhoneSimulator.platform/Developer/SDKs/iPhoneSimulator26.2.sdk -o /Users/hem/Library/Developer/Xcode/DerivedData/SDKStatCaches.noindex/iphonesimulator26.2-23C53-7d00a8b37fbd7999ea79df8ebc024bf0.sdkstatcache

ProcessInfoPlistFile /Users/hem/Library/Developer/Xcode/DerivedData/FocusBlox-awtxlldmubwqcwggsrfosewjcyoq/Build/Products/Debug-iphonesimulator/FocusBloxCore.framework/Info.plist /Users/hem/Library/Developer/Xcode/DerivedData/FocusBlox-awtxlldmubwqcwggsrfosewjcyoq/Build/Intermediates.noindex/FocusBlox.build/Debug-iphonesimulator/FocusBloxCore.build/empty-FocusBloxCore.plist (in target 'FocusBloxCore' from project 'FocusBlox')
    cd /Users/hem/Documents/opt/my-daily-sprints
    builtin-infoPlistUtility /Users/hem/Library/Developer/Xcode/DerivedData/FocusBlox-awtxlldmubwqcwggsrfosewjcyoq/Build/Intermediates.noindex/FocusBlox.build/Debug-iphonesimulator/FocusBloxCore.build/empty-FocusBloxCore.plist -producttype com.apple.product-type.framework -expandbuildsettings -format binary -platform iphonesimulator -o /Users/hem/Library/Developer/Xcode/DerivedData/FocusBlox-awtxlldmubwqcwggsrfosewjcyoq/Build/Products/Debug-iphonesimulator/FocusBloxCore.framework/Info.plist

SwiftDriver FocusBlox normal arm64 com.apple.xcode.tools.swift.compiler (in target 'FocusBlox' from project 'FocusBlox')
    cd /Users/hem/Documents/opt/my-daily-sprints
    builtin-SwiftDriver -- /Applications/Xcode.app/Contents/Developer/Toolchains/XcodeDefault.xctoolchain/usr/bin/swiftc -module-name FocusBlox -Onone -enforce-exclusivity\=checked @/Users/hem/Library/Developer/Xcode/DerivedData/FocusBlox-awtxlldmubwqcwggsrfosewjcyoq/Build/Intermediates.noindex/FocusBlox.build/Debug-iphonesimulator/FocusBlox.build/Objects-normal/arm64/FocusBlox.SwiftFileList -DDEBUG -enable-experimental-feature DebugDescriptionMacro -sdk /Applications/Xcode.app/Contents/Developer/Platforms/iPhoneSimulator.platform/Developer/SDKs/iPhoneSimulator26.2.sdk -target arm64-apple-ios26.2-simulator -g -module-cache-path /Users/hem/Library/Developer/Xcode/DerivedData/ModuleCache.noindex -Xfrontend -serialize-debugging-options -profile-coverage-mapping -profile-generate -enable-testing -index-store-path /Users/hem/Library/Developer/Xcode/DerivedData/FocusBlox-awtxlldmubwqcwggsrfosewjcyoq/Index.noindex/DataStore -Xcc -D_LIBCPP_HARDENING_MODE\=_LIBCPP_HARDENING_MODE_DEBUG -swift-version 6 -I /Users/hem/Library/Developer/Xcode/DerivedData/FocusBlox-awtxlldmubwqcwggsrfosewjcyoq/Build/Products/Debug-iphonesimulator -F /Users/hem/Library/Developer/Xcode/DerivedData/FocusBlox-awtxlldmubwqcwggsrfosewjcyoq/Build/Products/Debug-iphonesimulator -c -j10 -enable-batch-mode -incremental -Xcc -ivfsstatcache -Xcc /Users/hem/Library/Developer/Xcode/DerivedData/SDKStatCaches.noindex/iphonesimulator26.2-23C53-7d00a8b37fbd7999ea79df8ebc024bf0.sdkstatcache -output-file-map /Users/hem/Library/Developer/Xcode/DerivedData/FocusBlox-awtxlldmubwqcwggsrfosewjcyoq/Build/Intermediates.noindex/FocusBlox.build/Debug-iphonesimulator/FocusBlox.build/Objects-normal/arm64/FocusBlox-OutputFileMap.json -use-frontend-parseable-output -save-temps -no-color-diagnostics -explicit-module-build -module-cache-path /Users/hem/Library/Developer/Xcode/DerivedData/FocusBlox-awtxlldmubwqcwggsrfosewjcyoq/Build/Intermediates.noindex/SwiftExplicitPrecompiledModules -clang-scanner-module-cache-path /Users/hem/Library/Developer/Xcode/DerivedData/ModuleCache.noindex -sdk-module-cache-path /Users/hem/Library/Developer/Xcode/DerivedData/ModuleCache.noindex -serialize-diagnostics -emit-dependencies -emit-module -emit-module-path /Users/hem/Library/Developer/Xcode/DerivedData/FocusBlox-awtxlldmubwqcwggsrfosewjcyoq/Build/Intermediates.noindex/FocusBlox.build/Debug-iphonesimulator/FocusBlox.build/Objects-normal/arm64/FocusBlox.swiftmodule -validate-clang-modules-once -clang-build-session-file /Users/hem/Library/Developer/Xcode/DerivedData/ModuleCache.noindex/Session.modulevalidation -Xcc -I/Users/hem/Library/Developer/Xcode/DerivedData/FocusBlox-awtxlldmubwqcwggsrfosewjcyoq/Build/Intermediates.noindex/FocusBlox.build/Debug-iphonesimulator/FocusBlox.build/swift-overrides.hmap -emit-const-values -Xfrontend -const-gather-protocols-file -Xfrontend /Users/hem/Library/Developer/Xcode/DerivedData/FocusBlox-awtxlldmubwqcwggsrfosewjcyoq/Build/Intermediates.noindex/FocusBlox.build/Debug-iphonesimulator/FocusBlox.build/Objects-normal/arm64/FocusBlox_const_extract_protocols.json -Xcc -iquote -Xcc /Users/hem/Library/Developer/Xcode/DerivedData/FocusBlox-awtxlldmubwqcwggsrfosewjcyoq/Build/Intermediates.noindex/FocusBlox.build/Debug-iphonesimulator/FocusBlox.build/FocusBlox-generated-files.hmap -Xcc -I/Users/hem/Library/Developer/Xcode/DerivedData/FocusBlox-awtxlldmubwqcwggsrfosewjcyoq/Build/Intermediates.noindex/FocusBlox.build/Debug-iphonesimulator/FocusBlox.build/FocusBlox-own-target-headers.hmap -Xcc -I/Users/hem/Library/Developer/Xcode/DerivedData/FocusBlox-awtxlldmubwqcwggsrfosewjcyoq/Build/Intermediates.noindex/FocusBlox.build/Debug-iphonesimulator/FocusBlox.build/FocusBlox-all-target-headers.hmap -Xcc -iquote -Xcc /Users/hem/Library/Developer/Xcode/DerivedData/FocusBlox-awtxlldmubwqcwggsrfosewjcyoq/Build/Intermediates.noindex/FocusBlox.build/Debug-iphonesimulator/FocusBlox.build/FocusBlox-project-headers.hmap -Xcc -I/Users/hem/Library/Developer/Xcode/DerivedData/FocusBlox-awtxlldmubwqcwggsrfosewjcyoq/Build/Products/Debug-iphonesimulator/include -Xcc -I/Users/hem/Library/Developer/Xcode/DerivedData/FocusBlox-awtxlldmubwqcwggsrfosewjcyoq/Build/Intermediates.noindex/FocusBlox.build/Debug-iphonesimulator/FocusBlox.build/DerivedSources-normal/arm64 -Xcc -I/Users/hem/Library/Developer/Xcode/DerivedData/FocusBlox-awtxlldmubwqcwggsrfosewjcyoq/Build/Intermediates.noindex/FocusBlox.build/Debug-iphonesimulator/FocusBlox.build/DerivedSources/arm64 -Xcc -I/Users/hem/Library/Developer/Xcode/DerivedData/FocusBlox-awtxlldmubwqcwggsrfosewjcyoq/Build/Intermediates.noindex/FocusBlox.build/Debug-iphonesimulator/FocusBlox.build/DerivedSources -Xcc -DDEBUG\=1 -emit-objc-header -emit-objc-header-path /Users/hem/Library/Developer/Xcode/DerivedData/FocusBlox-awtxlldmubwqcwggsrfosewjcyoq/Build/Intermediates.noindex/FocusBlox.build/Debug-iphonesimulator/FocusBlox.build/Objects-normal/arm64/FocusBlox-Swift.h -working-directory /Users/hem/Documents/opt/my-daily-sprints -experimental-emit-module-separately -disable-cmo

ProcessInfoPlistFile /Users/hem/Library/Developer/Xcode/DerivedData/FocusBlox-awtxlldmubwqcwggsrfosewjcyoq/Build/Products/Debug-iphonesimulator/FocusBloxWidgetsExtension.appex/Info.plist /Users/hem/Documents/opt/my-daily-sprints/FocusBloxWidgets/Info.plist (in target 'FocusBloxWidgetsExtension' from project 'FocusBlox')
    cd /Users/hem/Documents/opt/my-daily-sprints
    builtin-infoPlistUtility /Users/hem/Documents/opt/my-daily-sprints/FocusBloxWidgets/Info.plist -producttype com.apple.product-type.app-extension -expandbuildsettings -format binary -platform iphonesimulator -additionalcontentfile /Users/hem/Library/Developer/Xcode/DerivedData/FocusBlox-awtxlldmubwqcwggsrfosewjcyoq/Build/Intermediates.noindex/FocusBlox.build/Debug-iphonesimulator/FocusBloxWidgetsExtension.build/assetcatalog_generated_info.plist -o /Users/hem/Library/Developer/Xcode/DerivedData/FocusBlox-awtxlldmubwqcwggsrfosewjcyoq/Build/Products/Debug-iphonesimulator/FocusBloxWidgetsExtension.appex/Info.plist

SwiftEmitModule normal arm64 Emitting\ module\ for\ FocusBlox (in target 'FocusBlox' from project 'FocusBlox')

EmitSwiftModule normal arm64 (in target 'FocusBlox' from project 'FocusBlox')
    cd /Users/hem/Documents/opt/my-daily-sprints
    
/Users/hem/Documents/opt/my-daily-sprints/Sources/FocusBloxApp.swift:30:72: warning: will never be executed
            cloudKitDatabase: shouldDisableCloudKit ? .none : .private("iCloud.com.henning.timebox")
                                                                       ^
/Users/hem/Documents/opt/my-daily-sprints/Sources/FocusBloxApp.swift:30:31: note: condition always evaluates to true
            cloudKitDatabase: shouldDisableCloudKit ? .none : .private("iCloud.com.henning.timebox")
                              ^

SwiftCompile normal arm64 Compiling\ ImportancePicker.swift /Users/hem/Documents/opt/my-daily-sprints/Sources/Views/ImportancePicker.swift (in target 'FocusBlox' from project 'FocusBlox')

SwiftCompile normal arm64 /Users/hem/Documents/opt/my-daily-sprints/Sources/Views/ImportancePicker.swift (in target 'FocusBlox' from project 'FocusBlox')
    cd /Users/hem/Documents/opt/my-daily-sprints
    

SwiftDriverJobDiscovery normal arm64 Compiling ImportancePicker.swift (in target 'FocusBlox' from project 'FocusBlox')

SwiftDriverJobDiscovery normal arm64 Emitting module for FocusBlox (in target 'FocusBlox' from project 'FocusBlox')

SwiftDriver\ Compilation\ Requirements FocusBlox normal arm64 com.apple.xcode.tools.swift.compiler (in target 'FocusBlox' from project 'FocusBlox')
    cd /Users/hem/Documents/opt/my-daily-sprints
    builtin-Swift-Compilation-Requirements -- /Applications/Xcode.app/Contents/Developer/Toolchains/XcodeDefault.xctoolchain/usr/bin/swiftc -module-name FocusBlox -Onone -enforce-exclusivity\=checked @/Users/hem/Library/Developer/Xcode/DerivedData/FocusBlox-awtxlldmubwqcwggsrfosewjcyoq/Build/Intermediates.noindex/FocusBlox.build/Debug-iphonesimulator/FocusBlox.build/Objects-normal/arm64/FocusBlox.SwiftFileList -DDEBUG -enable-experimental-feature DebugDescriptionMacro -sdk /Applications/Xcode.app/Contents/Developer/Platforms/iPhoneSimulator.platform/Developer/SDKs/iPhoneSimulator26.2.sdk -target arm64-apple-ios26.2-simulator -g -module-cache-path /Users/hem/Library/Developer/Xcode/DerivedData/ModuleCache.noindex -Xfrontend -serialize-debugging-options -profile-coverage-mapping -profile-generate -enable-testing -index-store-path /Users/hem/Library/Developer/Xcode/DerivedData/FocusBlox-awtxlldmubwqcwggsrfosewjcyoq/Index.noindex/DataStore -Xcc -D_LIBCPP_HARDENING_MODE\=_LIBCPP_HARDENING_MODE_DEBUG -swift-version 6 -I /Users/hem/Library/Developer/Xcode/DerivedData/FocusBlox-awtxlldmubwqcwggsrfosewjcyoq/Build/Products/Debug-iphonesimulator -F /Users/hem/Library/Developer/Xcode/DerivedData/FocusBlox-awtxlldmubwqcwggsrfosewjcyoq/Build/Products/Debug-iphonesimulator -c -j10 -enable-batch-mode -incremental -Xcc -ivfsstatcache -Xcc /Users/hem/Library/Developer/Xcode/DerivedData/SDKStatCaches.noindex/iphonesimulator26.2-23C53-7d00a8b37fbd7999ea79df8ebc024bf0.sdkstatcache -output-file-map /Users/hem/Library/Developer/Xcode/DerivedData/FocusBlox-awtxlldmubwqcwggsrfosewjcyoq/Build/Intermediates.noindex/FocusBlox.build/Debug-iphonesimulator/FocusBlox.build/Objects-normal/arm64/FocusBlox-OutputFileMap.json -use-frontend-parseable-output -save-temps -no-color-diagnostics -explicit-module-build -module-cache-path /Users/hem/Library/Developer/Xcode/DerivedData/FocusBlox-awtxlldmubwqcwggsrfosewjcyoq/Build/Intermediates.noindex/SwiftExplicitPrecompiledModules -clang-scanner-module-cache-path /Users/hem/Library/Developer/Xcode/DerivedData/ModuleCache.noindex -sdk-module-cache-path /Users/hem/Library/Developer/Xcode/DerivedData/ModuleCache.noindex -serialize-diagnostics -emit-dependencies -emit-module -emit-module-path /Users/hem/Library/Developer/Xcode/DerivedData/FocusBlox-awtxlldmubwqcwggsrfosewjcyoq/Build/Intermediates.noindex/FocusBlox.build/Debug-iphonesimulator/FocusBlox.build/Objects-normal/arm64/FocusBlox.swiftmodule -validate-clang-modules-once -clang-build-session-file /Users/hem/Library/Developer/Xcode/DerivedData/ModuleCache.noindex/Session.modulevalidation -Xcc -I/Users/hem/Library/Developer/Xcode/DerivedData/FocusBlox-awtxlldmubwqcwggsrfosewjcyoq/Build/Intermediates.noindex/FocusBlox.build/Debug-iphonesimulator/FocusBlox.build/swift-overrides.hmap -emit-const-values -Xfrontend -const-gather-protocols-file -Xfrontend /Users/hem/Library/Developer/Xcode/DerivedData/FocusBlox-awtxlldmubwqcwggsrfosewjcyoq/Build/Intermediates.noindex/FocusBlox.build/Debug-iphonesimulator/FocusBlox.build/Objects-normal/arm64/FocusBlox_const_extract_protocols.json -Xcc -iquote -Xcc /Users/hem/Library/Developer/Xcode/DerivedData/FocusBlox-awtxlldmubwqcwggsrfosewjcyoq/Build/Intermediates.noindex/FocusBlox.build/Debug-iphonesimulator/FocusBlox.build/FocusBlox-generated-files.hmap -Xcc -I/Users/hem/Library/Developer/Xcode/DerivedData/FocusBlox-awtxlldmubwqcwggsrfosewjcyoq/Build/Intermediates.noindex/FocusBlox.build/Debug-iphonesimulator/FocusBlox.build/FocusBlox-own-target-headers.hmap -Xcc -I/Users/hem/Library/Developer/Xcode/DerivedData/FocusBlox-awtxlldmubwqcwggsrfosewjcyoq/Build/Intermediates.noindex/FocusBlox.build/Debug-iphonesimulator/FocusBlox.build/FocusBlox-all-target-headers.hmap -Xcc -iquote -Xcc /Users/hem/Library/Developer/Xcode/DerivedData/FocusBlox-awtxlldmubwqcwggsrfosewjcyoq/Build/Intermediates.noindex/FocusBlox.build/Debug-iphonesimulator/FocusBlox.build/FocusBlox-project-headers.hmap -Xcc -I/Users/hem/Library/Developer/Xcode/DerivedData/FocusBlox-awtxlldmubwqcwggsrfosewjcyoq/Build/Products/Debug-iphonesimulator/include -Xcc -I/Users/hem/Library/Developer/Xcode/DerivedData/FocusBlox-awtxlldmubwqcwggsrfosewjcyoq/Build/Intermediates.noindex/FocusBlox.build/Debug-iphonesimulator/FocusBlox.build/DerivedSources-normal/arm64 -Xcc -I/Users/hem/Library/Developer/Xcode/DerivedData/FocusBlox-awtxlldmubwqcwggsrfosewjcyoq/Build/Intermediates.noindex/FocusBlox.build/Debug-iphonesimulator/FocusBlox.build/DerivedSources/arm64 -Xcc -I/Users/hem/Library/Developer/Xcode/DerivedData/FocusBlox-awtxlldmubwqcwggsrfosewjcyoq/Build/Intermediates.noindex/FocusBlox.build/Debug-iphonesimulator/FocusBlox.build/DerivedSources -Xcc -DDEBUG\=1 -emit-objc-header -emit-objc-header-path /Users/hem/Library/Developer/Xcode/DerivedData/FocusBlox-awtxlldmubwqcwggsrfosewjcyoq/Build/Intermediates.noindex/FocusBlox.build/Debug-iphonesimulator/FocusBlox.build/Objects-normal/arm64/FocusBlox-Swift.h -working-directory /Users/hem/Documents/opt/my-daily-sprints -experimental-emit-module-separately -disable-cmo

SwiftDriver\ Compilation FocusBlox normal arm64 com.apple.xcode.tools.swift.compiler (in target 'FocusBlox' from project 'FocusBlox')
    cd /Users/hem/Documents/opt/my-daily-sprints
    builtin-Swift-Compilation -- /Applications/Xcode.app/Contents/Developer/Toolchains/XcodeDefault.xctoolchain/usr/bin/swiftc -module-name FocusBlox -Onone -enforce-exclusivity\=checked @/Users/hem/Library/Developer/Xcode/DerivedData/FocusBlox-awtxlldmubwqcwggsrfosewjcyoq/Build/Intermediates.noindex/FocusBlox.build/Debug-iphonesimulator/FocusBlox.build/Objects-normal/arm64/FocusBlox.SwiftFileList -DDEBUG -enable-experimental-feature DebugDescriptionMacro -sdk /Applications/Xcode.app/Contents/Developer/Platforms/iPhoneSimulator.platform/Developer/SDKs/iPhoneSimulator26.2.sdk -target arm64-apple-ios26.2-simulator -g -module-cache-path /Users/hem/Library/Developer/Xcode/DerivedData/ModuleCache.noindex -Xfrontend -serialize-debugging-options -profile-coverage-mapping -profile-generate -enable-testing -index-store-path /Users/hem/Library/Developer/Xcode/DerivedData/FocusBlox-awtxlldmubwqcwggsrfosewjcyoq/Index.noindex/DataStore -Xcc -D_LIBCPP_HARDENING_MODE\=_LIBCPP_HARDENING_MODE_DEBUG -swift-version 6 -I /Users/hem/Library/Developer/Xcode/DerivedData/FocusBlox-awtxlldmubwqcwggsrfosewjcyoq/Build/Products/Debug-iphonesimulator -F /Users/hem/Library/Developer/Xcode/DerivedData/FocusBlox-awtxlldmubwqcwggsrfosewjcyoq/Build/Products/Debug-iphonesimulator -c -j10 -enable-batch-mode -incremental -Xcc -ivfsstatcache -Xcc /Users/hem/Library/Developer/Xcode/DerivedData/SDKStatCaches.noindex/iphonesimulator26.2-23C53-7d00a8b37fbd7999ea79df8ebc024bf0.sdkstatcache -output-file-map /Users/hem/Library/Developer/Xcode/DerivedData/FocusBlox-awtxlldmubwqcwggsrfosewjcyoq/Build/Intermediates.noindex/FocusBlox.build/Debug-iphonesimulator/FocusBlox.build/Objects-normal/arm64/FocusBlox-OutputFileMap.json -use-frontend-parseable-output -save-temps -no-color-diagnostics -explicit-module-build -module-cache-path /Users/hem/Library/Developer/Xcode/DerivedData/FocusBlox-awtxlldmubwqcwggsrfosewjcyoq/Build/Intermediates.noindex/SwiftExplicitPrecompiledModules -clang-scanner-module-cache-path /Users/hem/Library/Developer/Xcode/DerivedData/ModuleCache.noindex -sdk-module-cache-path /Users/hem/Library/Developer/Xcode/DerivedData/ModuleCache.noindex -serialize-diagnostics -emit-dependencies -emit-module -emit-module-path /Users/hem/Library/Developer/Xcode/DerivedData/FocusBlox-awtxlldmubwqcwggsrfosewjcyoq/Build/Intermediates.noindex/FocusBlox.build/Debug-iphonesimulator/FocusBlox.build/Objects-normal/arm64/FocusBlox.swiftmodule -validate-clang-modules-once -clang-build-session-file /Users/hem/Library/Developer/Xcode/DerivedData/ModuleCache.noindex/Session.modulevalidation -Xcc -I/Users/hem/Library/Developer/Xcode/DerivedData/FocusBlox-awtxlldmubwqcwggsrfosewjcyoq/Build/Intermediates.noindex/FocusBlox.build/Debug-iphonesimulator/FocusBlox.build/swift-overrides.hmap -emit-const-values -Xfrontend -const-gather-protocols-file -Xfrontend /Users/hem/Library/Developer/Xcode/DerivedData/FocusBlox-awtxlldmubwqcwggsrfosewjcyoq/Build/Intermediates.noindex/FocusBlox.build/Debug-iphonesimulator/FocusBlox.build/Objects-normal/arm64/FocusBlox_const_extract_protocols.json -Xcc -iquote -Xcc /Users/hem/Library/Developer/Xcode/DerivedData/FocusBlox-awtxlldmubwqcwggsrfosewjcyoq/Build/Intermediates.noindex/FocusBlox.build/Debug-iphonesimulator/FocusBlox.build/FocusBlox-generated-files.hmap -Xcc -I/Users/hem/Library/Developer/Xcode/DerivedData/FocusBlox-awtxlldmubwqcwggsrfosewjcyoq/Build/Intermediates.noindex/FocusBlox.build/Debug-iphonesimulator/FocusBlox.build/FocusBlox-own-target-headers.hmap -Xcc -I/Users/hem/Library/Developer/Xcode/DerivedData/FocusBlox-awtxlldmubwqcwggsrfosewjcyoq/Build/Intermediates.noindex/FocusBlox.build/Debug-iphonesimulator/FocusBlox.build/FocusBlox-all-target-headers.hmap -Xcc -iquote -Xcc /Users/hem/Library/Developer/Xcode/DerivedData/FocusBlox-awtxlldmubwqcwggsrfosewjcyoq/Build/Intermediates.noindex/FocusBlox.build/Debug-iphonesimulator/FocusBlox.build/FocusBlox-project-headers.hmap -Xcc -I/Users/hem/Library/Developer/Xcode/DerivedData/FocusBlox-awtxlldmubwqcwggsrfosewjcyoq/Build/Products/Debug-iphonesimulator/include -Xcc -I/Users/hem/Library/Developer/Xcode/DerivedData/FocusBlox-awtxlldmubwqcwggsrfosewjcyoq/Build/Intermediates.noindex/FocusBlox.build/Debug-iphonesimulator/FocusBlox.build/DerivedSources-normal/arm64 -Xcc -I/Users/hem/Library/Developer/Xcode/DerivedData/FocusBlox-awtxlldmubwqcwggsrfosewjcyoq/Build/Intermediates.noindex/FocusBlox.build/Debug-iphonesimulator/FocusBlox.build/DerivedSources/arm64 -Xcc -I/Users/hem/Library/Developer/Xcode/DerivedData/FocusBlox-awtxlldmubwqcwggsrfosewjcyoq/Build/Intermediates.noindex/FocusBlox.build/Debug-iphonesimulator/FocusBlox.build/DerivedSources -Xcc -DDEBUG\=1 -emit-objc-header -emit-objc-header-path /Users/hem/Library/Developer/Xcode/DerivedData/FocusBlox-awtxlldmubwqcwggsrfosewjcyoq/Build/Intermediates.noindex/FocusBlox.build/Debug-iphonesimulator/FocusBlox.build/Objects-normal/arm64/FocusBlox-Swift.h -working-directory /Users/hem/Documents/opt/my-daily-sprints -experimental-emit-module-separately -disable-cmo

Copy /Users/hem/Library/Developer/Xcode/DerivedData/FocusBlox-awtxlldmubwqcwggsrfosewjcyoq/Build/Products/Debug-iphonesimulator/FocusBlox.swiftmodule/arm64-apple-ios-simulator.swiftmodule /Users/hem/Library/Developer/Xcode/DerivedData/FocusBlox-awtxlldmubwqcwggsrfosewjcyoq/Build/Intermediates.noindex/FocusBlox.build/Debug-iphonesimulator/FocusBlox.build/Objects-normal/arm64/FocusBlox.swiftmodule (in target 'FocusBlox' from project 'FocusBlox')
    cd /Users/hem/Documents/opt/my-daily-sprints
    builtin-copy -exclude .DS_Store -exclude CVS -exclude .svn -exclude .git -exclude .hg -resolve-src-symlinks -rename /Users/hem/Library/Developer/Xcode/DerivedData/FocusBlox-awtxlldmubwqcwggsrfosewjcyoq/Build/Intermediates.noindex/FocusBlox.build/Debug-iphonesimulator/FocusBlox.build/Objects-normal/arm64/FocusBlox.swiftmodule /Users/hem/Library/Developer/Xcode/DerivedData/FocusBlox-awtxlldmubwqcwggsrfosewjcyoq/Build/Products/Debug-iphonesimulator/FocusBlox.swiftmodule/arm64-apple-ios-simulator.swiftmodule

Copy /Users/hem/Library/Developer/Xcode/DerivedData/FocusBlox-awtxlldmubwqcwggsrfosewjcyoq/Build/Products/Debug-iphonesimulator/FocusBlox.swiftmodule/arm64-apple-ios-simulator.abi.json /Users/hem/Library/Developer/Xcode/DerivedData/FocusBlox-awtxlldmubwqcwggsrfosewjcyoq/Build/Intermediates.noindex/FocusBlox.build/Debug-iphonesimulator/FocusBlox.build/Objects-normal/arm64/FocusBlox.abi.json (in target 'FocusBlox' from project 'FocusBlox')
    cd /Users/hem/Documents/opt/my-daily-sprints
    builtin-copy -exclude .DS_Store -exclude CVS -exclude .svn -exclude .git -exclude .hg -resolve-src-symlinks -rename /Users/hem/Library/Developer/Xcode/DerivedData/FocusBlox-awtxlldmubwqcwggsrfosewjcyoq/Build/Intermediates.noindex/FocusBlox.build/Debug-iphonesimulator/FocusBlox.build/Objects-normal/arm64/FocusBlox.abi.json /Users/hem/Library/Developer/Xcode/DerivedData/FocusBlox-awtxlldmubwqcwggsrfosewjcyoq/Build/Products/Debug-iphonesimulator/FocusBlox.swiftmodule/arm64-apple-ios-simulator.abi.json

Copy /Users/hem/Library/Developer/Xcode/DerivedData/FocusBlox-awtxlldmubwqcwggsrfosewjcyoq/Build/Products/Debug-iphonesimulator/FocusBlox.swiftmodule/Project/arm64-apple-ios-simulator.swiftsourceinfo /Users/hem/Library/Developer/Xcode/DerivedData/FocusBlox-awtxlldmubwqcwggsrfosewjcyoq/Build/Intermediates.noindex/FocusBlox.build/Debug-iphonesimulator/FocusBlox.build/Objects-normal/arm64/FocusBlox.swiftsourceinfo (in target 'FocusBlox' from project 'FocusBlox')
    cd /Users/hem/Documents/opt/my-daily-sprints
    builtin-copy -exclude .DS_Store -exclude CVS -exclude .svn -exclude .git -exclude .hg -resolve-src-symlinks -rename /Users/hem/Library/Developer/Xcode/DerivedData/FocusBlox-awtxlldmubwqcwggsrfosewjcyoq/Build/Intermediates.noindex/FocusBlox.build/Debug-iphonesimulator/FocusBlox.build/Objects-normal/arm64/FocusBlox.swiftsourceinfo /Users/hem/Library/Developer/Xcode/DerivedData/FocusBlox-awtxlldmubwqcwggsrfosewjcyoq/Build/Products/Debug-iphonesimulator/FocusBlox.swiftmodule/Project/arm64-apple-ios-simulator.swiftsourceinfo

SwiftDriver FocusBloxUITests normal arm64 com.apple.xcode.tools.swift.compiler (in target 'FocusBloxUITests' from project 'FocusBlox')
    cd /Users/hem/Documents/opt/my-daily-sprints
    builtin-SwiftDriver -- /Applications/Xcode.app/Contents/Developer/Toolchains/XcodeDefault.xctoolchain/usr/bin/swiftc -module-name FocusBloxUITests -Onone -enforce-exclusivity\=checked @/Users/hem/Library/Developer/Xcode/DerivedData/FocusBlox-awtxlldmubwqcwggsrfosewjcyoq/Build/Intermediates.noindex/FocusBlox.build/Debug-iphonesimulator/FocusBloxUITests.build/Objects-normal/arm64/FocusBloxUITests.SwiftFileList -DDEBUG -module-alias Testing\=_Testing_Unavailable -plugin-path /Applications/Xcode.app/Contents/Developer/Toolchains/XcodeDefault.xctoolchain/usr/lib/swift/host/plugins/testing -enable-experimental-feature DebugDescriptionMacro -sdk /Applications/Xcode.app/Contents/Developer/Platforms/iPhoneSimulator.platform/Developer/SDKs/iPhoneSimulator26.2.sdk -target arm64-apple-ios26.2-simulator -g -module-cache-path /Users/hem/Library/Developer/Xcode/DerivedData/ModuleCache.noindex -Xfrontend -serialize-debugging-options -profile-coverage-mapping -profile-generate -enable-testing -index-store-path /Users/hem/Library/Developer/Xcode/DerivedData/FocusBlox-awtxlldmubwqcwggsrfosewjcyoq/Index.noindex/DataStore -Xcc -D_LIBCPP_HARDENING_MODE\=_LIBCPP_HARDENING_MODE_DEBUG -swift-version 6 -I /Users/hem/Library/Developer/Xcode/DerivedData/FocusBlox-awtxlldmubwqcwggsrfosewjcyoq/Build/Products/Debug-iphonesimulator -Isystem /Applications/Xcode.app/Contents/Developer/Platforms/iPhoneSimulator.platform/Developer/usr/lib -F /Users/hem/Library/Developer/Xcode/DerivedData/FocusBlox-awtxlldmubwqcwggsrfosewjcyoq/Build/Products/Debug-iphonesimulator -F /Applications/Xcode.app/Contents/Developer/Platforms/iPhoneSimulator.platform/Developer/Library/Frameworks -F /Applications/Xcode.app/Contents/Developer/Platforms/iPhoneSimulator.platform/Developer/SDKs/iPhoneSimulator26.2.sdk/Developer/Library/Frameworks -c -j10 -enable-batch-mode -incremental -Xcc -ivfsstatcache -Xcc /Users/hem/Library/Developer/Xcode/DerivedData/SDKStatCaches.noindex/iphonesimulator26.2-23C53-7d00a8b37fbd7999ea79df8ebc024bf0.sdkstatcache -output-file-map /Users/hem/Library/Developer/Xcode/DerivedData/FocusBlox-awtxlldmubwqcwggsrfosewjcyoq/Build/Intermediates.noindex/FocusBlox.build/Debug-iphonesimulator/FocusBloxUITests.build/Objects-normal/arm64/FocusBloxUITests-OutputFileMap.json -use-frontend-parseable-output -save-temps -no-color-diagnostics -explicit-module-build -module-cache-path /Users/hem/Library/Developer/Xcode/DerivedData/FocusBlox-awtxlldmubwqcwggsrfosewjcyoq/Build/Intermediates.noindex/SwiftExplicitPrecompiledModules -clang-scanner-module-cache-path /Users/hem/Library/Developer/Xcode/DerivedData/ModuleCache.noindex -sdk-module-cache-path /Users/hem/Library/Developer/Xcode/DerivedData/ModuleCache.noindex -serialize-diagnostics -emit-dependencies -emit-module -emit-module-path /Users/hem/Library/Developer/Xcode/DerivedData/FocusBlox-awtxlldmubwqcwggsrfosewjcyoq/Build/Intermediates.noindex/FocusBlox.build/Debug-iphonesimulator/FocusBloxUITests.build/Objects-normal/arm64/FocusBloxUITests.swiftmodule -validate-clang-modules-once -clang-build-session-file /Users/hem/Library/Developer/Xcode/DerivedData/ModuleCache.noindex/Session.modulevalidation -Xcc -I/Users/hem/Library/Developer/Xcode/DerivedData/FocusBlox-awtxlldmubwqcwggsrfosewjcyoq/Build/Intermediates.noindex/FocusBlox.build/Debug-iphonesimulator/FocusBloxUITests.build/swift-overrides.hmap -emit-const-values -Xfrontend -const-gather-protocols-file -Xfrontend /Users/hem/Library/Developer/Xcode/DerivedData/FocusBlox-awtxlldmubwqcwggsrfosewjcyoq/Build/Intermediates.noindex/FocusBlox.build/Debug-iphonesimulator/FocusBloxUITests.build/Objects-normal/arm64/FocusBloxUITests_const_extract_protocols.json -Xcc -iquote -Xcc /Users/hem/Library/Developer/Xcode/DerivedData/FocusBlox-awtxlldmubwqcwggsrfosewjcyoq/Build/Intermediates.noindex/FocusBlox.build/Debug-iphonesimulator/FocusBloxUITests.build/FocusBloxUITests-generated-files.hmap -Xcc -I/Users/hem/Library/Developer/Xcode/DerivedData/FocusBlox-awtxlldmubwqcwggsrfosewjcyoq/Build/Intermediates.noindex/FocusBlox.build/Debug-iphonesimulator/FocusBloxUITests.build/FocusBloxUITests-own-target-headers.hmap -Xcc -I/Users/hem/Library/Developer/Xcode/DerivedData/FocusBlox-awtxlldmubwqcwggsrfosewjcyoq/Build/Intermediates.noindex/FocusBlox.build/Debug-iphonesimulator/FocusBloxUITests.build/FocusBloxUITests-all-target-headers.hmap -Xcc -iquote -Xcc /Users/hem/Library/Developer/Xcode/DerivedData/FocusBlox-awtxlldmubwqcwggsrfosewjcyoq/Build/Intermediates.noindex/FocusBlox.build/Debug-iphonesimulator/FocusBloxUITests.build/FocusBloxUITests-project-headers.hmap -Xcc -I/Users/hem/Library/Developer/Xcode/DerivedData/FocusBlox-awtxlldmubwqcwggsrfosewjcyoq/Build/Products/Debug-iphonesimulator/include -Xcc -I/Users/hem/Library/Developer/Xcode/DerivedData/FocusBlox-awtxlldmubwqcwggsrfosewjcyoq/Build/Intermediates.noindex/FocusBlox.build/Debug-iphonesimulator/FocusBloxUITests.build/DerivedSources-normal/arm64 -Xcc -I/Users/hem/Library/Developer/Xcode/DerivedData/FocusBlox-awtxlldmubwqcwggsrfosewjcyoq/Build/Intermediates.noindex/FocusBlox.build/Debug-iphonesimulator/FocusBloxUITests.build/DerivedSources/arm64 -Xcc -I/Users/hem/Library/Developer/Xcode/DerivedData/FocusBlox-awtxlldmubwqcwggsrfosewjcyoq/Build/Intermediates.noindex/FocusBlox.build/Debug-iphonesimulator/FocusBloxUITests.build/DerivedSources -Xcc -DDEBUG\=1 -emit-objc-header -emit-objc-header-path /Users/hem/Library/Developer/Xcode/DerivedData/FocusBlox-awtxlldmubwqcwggsrfosewjcyoq/Build/Intermediates.noindex/FocusBlox.build/Debug-iphonesimulator/FocusBloxUITests.build/Objects-normal/arm64/FocusBloxUITests-Swift.h -working-directory /Users/hem/Documents/opt/my-daily-sprints -experimental-emit-module-separately -disable-cmo

SwiftDriver FocusBloxTests normal arm64 com.apple.xcode.tools.swift.compiler (in target 'FocusBloxTests' from project 'FocusBlox')
    cd /Users/hem/Documents/opt/my-daily-sprints
    builtin-SwiftDriver -- /Applications/Xcode.app/Contents/Developer/Toolchains/XcodeDefault.xctoolchain/usr/bin/swiftc -module-name FocusBloxTests -Onone -enforce-exclusivity\=checked @/Users/hem/Library/Developer/Xcode/DerivedData/FocusBlox-awtxlldmubwqcwggsrfosewjcyoq/Build/Intermediates.noindex/FocusBlox.build/Debug-iphonesimulator/FocusBloxTests.build/Objects-normal/arm64/FocusBloxTests.SwiftFileList -DDEBUG -plugin-path /Applications/Xcode.app/Contents/Developer/Toolchains/XcodeDefault.xctoolchain/usr/lib/swift/host/plugins/testing -enable-experimental-feature DebugDescriptionMacro -sdk /Applications/Xcode.app/Contents/Developer/Platforms/iPhoneSimulator.platform/Developer/SDKs/iPhoneSimulator26.2.sdk -target arm64-apple-ios26.2-simulator -g -module-cache-path /Users/hem/Library/Developer/Xcode/DerivedData/ModuleCache.noindex -Xfrontend -serialize-debugging-options -profile-coverage-mapping -profile-generate -enable-testing -index-store-path /Users/hem/Library/Developer/Xcode/DerivedData/FocusBlox-awtxlldmubwqcwggsrfosewjcyoq/Index.noindex/DataStore -Xcc -D_LIBCPP_HARDENING_MODE\=_LIBCPP_HARDENING_MODE_DEBUG -swift-version 6 -I /Users/hem/Library/Developer/Xcode/DerivedData/FocusBlox-awtxlldmubwqcwggsrfosewjcyoq/Build/Products/Debug-iphonesimulator -Isystem /Applications/Xcode.app/Contents/Developer/Platforms/iPhoneSimulator.platform/Developer/usr/lib -F /Users/hem/Library/Developer/Xcode/DerivedData/FocusBlox-awtxlldmubwqcwggsrfosewjcyoq/Build/Products/Debug-iphonesimulator -F /Applications/Xcode.app/Contents/Developer/Platforms/iPhoneSimulator.platform/Developer/Library/Frameworks -F /Applications/Xcode.app/Contents/Developer/Platforms/iPhoneSimulator.platform/Developer/SDKs/iPhoneSimulator26.2.sdk/Developer/Library/Frameworks -c -j10 -enable-batch-mode -incremental -Xcc -ivfsstatcache -Xcc /Users/hem/Library/Developer/Xcode/DerivedData/SDKStatCaches.noindex/iphonesimulator26.2-23C53-7d00a8b37fbd7999ea79df8ebc024bf0.sdkstatcache -output-file-map /Users/hem/Library/Developer/Xcode/DerivedData/FocusBlox-awtxlldmubwqcwggsrfosewjcyoq/Build/Intermediates.noindex/FocusBlox.build/Debug-iphonesimulator/FocusBloxTests.build/Objects-normal/arm64/FocusBloxTests-OutputFileMap.json -use-frontend-parseable-output -save-temps -no-color-diagnostics -explicit-module-build -module-cache-path /Users/hem/Library/Developer/Xcode/DerivedData/FocusBlox-awtxlldmubwqcwggsrfosewjcyoq/Build/Intermediates.noindex/SwiftExplicitPrecompiledModules -clang-scanner-module-cache-path /Users/hem/Library/Developer/Xcode/DerivedData/ModuleCache.noindex -sdk-module-cache-path /Users/hem/Library/Developer/Xcode/DerivedData/ModuleCache.noindex -serialize-diagnostics -emit-dependencies -emit-module -emit-module-path /Users/hem/Library/Developer/Xcode/DerivedData/FocusBlox-awtxlldmubwqcwggsrfosewjcyoq/Build/Intermediates.noindex/FocusBlox.build/Debug-iphonesimulator/FocusBloxTests.build/Objects-normal/arm64/FocusBloxTests.swiftmodule -validate-clang-modules-once -clang-build-session-file /Users/hem/Library/Developer/Xcode/DerivedData/ModuleCache.noindex/Session.modulevalidation -Xcc -I/Users/hem/Library/Developer/Xcode/DerivedData/FocusBlox-awtxlldmubwqcwggsrfosewjcyoq/Build/Intermediates.noindex/FocusBlox.build/Debug-iphonesimulator/FocusBloxTests.build/swift-overrides.hmap -emit-const-values -Xfrontend -const-gather-protocols-file -Xfrontend /Users/hem/Library/Developer/Xcode/DerivedData/FocusBlox-awtxlldmubwqcwggsrfosewjcyoq/Build/Intermediates.noindex/FocusBlox.build/Debug-iphonesimulator/FocusBloxTests.build/Objects-normal/arm64/FocusBloxTests_const_extract_protocols.json -Xcc -iquote -Xcc /Users/hem/Library/Developer/Xcode/DerivedData/FocusBlox-awtxlldmubwqcwggsrfosewjcyoq/Build/Intermediates.noindex/FocusBlox.build/Debug-iphonesimulator/FocusBloxTests.build/FocusBloxTests-generated-files.hmap -Xcc -I/Users/hem/Library/Developer/Xcode/DerivedData/FocusBlox-awtxlldmubwqcwggsrfosewjcyoq/Build/Intermediates.noindex/FocusBlox.build/Debug-iphonesimulator/FocusBloxTests.build/FocusBloxTests-own-target-headers.hmap -Xcc -I/Users/hem/Library/Developer/Xcode/DerivedData/FocusBlox-awtxlldmubwqcwggsrfosewjcyoq/Build/Intermediates.noindex/FocusBlox.build/Debug-iphonesimulator/FocusBloxTests.build/FocusBloxTests-all-target-headers.hmap -Xcc -iquote -Xcc /Users/hem/Library/Developer/Xcode/DerivedData/FocusBlox-awtxlldmubwqcwggsrfosewjcyoq/Build/Intermediates.noindex/FocusBlox.build/Debug-iphonesimulator/FocusBloxTests.build/FocusBloxTests-project-headers.hmap -Xcc -I/Users/hem/Library/Developer/Xcode/DerivedData/FocusBlox-awtxlldmubwqcwggsrfosewjcyoq/Build/Products/Debug-iphonesimulator/include -Xcc -I/Users/hem/Library/Developer/Xcode/DerivedData/FocusBlox-awtxlldmubwqcwggsrfosewjcyoq/Build/Intermediates.noindex/FocusBlox.build/Debug-iphonesimulator/FocusBloxTests.build/DerivedSources-normal/arm64 -Xcc -I/Users/hem/Library/Developer/Xcode/DerivedData/FocusBlox-awtxlldmubwqcwggsrfosewjcyoq/Build/Intermediates.noindex/FocusBlox.build/Debug-iphonesimulator/FocusBloxTests.build/DerivedSources/arm64 -Xcc -I/Users/hem/Library/Developer/Xcode/DerivedData/FocusBlox-awtxlldmubwqcwggsrfosewjcyoq/Build/Intermediates.noindex/FocusBlox.build/Debug-iphonesimulator/FocusBloxTests.build/DerivedSources -Xcc -DDEBUG\=1 -emit-objc-header -emit-objc-header-path /Users/hem/Library/Developer/Xcode/DerivedData/FocusBlox-awtxlldmubwqcwggsrfosewjcyoq/Build/Intermediates.noindex/FocusBlox.build/Debug-iphonesimulator/FocusBloxTests.build/Objects-normal/arm64/FocusBloxTests-Swift.h -working-directory /Users/hem/Documents/opt/my-daily-sprints -experimental-emit-module-separately -disable-cmo

Ld /Users/hem/Library/Developer/Xcode/DerivedData/FocusBlox-awtxlldmubwqcwggsrfosewjcyoq/Build/Products/Debug-iphonesimulator/FocusBlox.app/FocusBlox.debug.dylib normal (in target 'FocusBlox' from project 'FocusBlox')
    cd /Users/hem/Documents/opt/my-daily-sprints
    /Applications/Xcode.app/Contents/Developer/Toolchains/XcodeDefault.xctoolchain/usr/bin/clang -Xlinker -reproducible -target arm64-apple-ios26.2-simulator -dynamiclib -isysroot /Applications/Xcode.app/Contents/Developer/Platforms/iPhoneSimulator.platform/Developer/SDKs/iPhoneSimulator26.2.sdk -O0 -L/Users/hem/Library/Developer/Xcode/DerivedData/FocusBlox-awtxlldmubwqcwggsrfosewjcyoq/Build/Intermediates.noindex/EagerLinkingTBDs/Debug-iphonesimulator -L/Users/hem/Library/Developer/Xcode/DerivedData/FocusBlox-awtxlldmubwqcwggsrfosewjcyoq/Build/Products/Debug-iphonesimulator -F/Users/hem/Library/Developer/Xcode/DerivedData/FocusBlox-awtxlldmubwqcwggsrfosewjcyoq/Build/Intermediates.noindex/EagerLinkingTBDs/Debug-iphonesimulator -F/Users/hem/Library/Developer/Xcode/DerivedData/FocusBlox-awtxlldmubwqcwggsrfosewjcyoq/Build/Products/Debug-iphonesimulator -filelist /Users/hem/Library/Developer/Xcode/DerivedData/FocusBlox-awtxlldmubwqcwggsrfosewjcyoq/Build/Intermediates.noindex/FocusBlox.build/Debug-iphonesimulator/FocusBlox.build/Objects-normal/arm64/FocusBlox.LinkFileList -install_name @rpath/FocusBlox.debug.dylib -Xlinker -rpath -Xlinker @executable_path/Frameworks -dead_strip -Xlinker -object_path_lto -Xlinker /Users/hem/Library/Developer/Xcode/DerivedData/FocusBlox-awtxlldmubwqcwggsrfosewjcyoq/Build/Intermediates.noindex/FocusBlox.build/Debug-iphonesimulator/FocusBlox.build/Objects-normal/arm64/FocusBlox_lto.o -rdynamic -Xlinker -no_deduplicate -Xlinker -objc_abi_version -Xlinker 2 -Xlinker -debug_variant -Xlinker -dependency_info -Xlinker /Users/hem/Library/Developer/Xcode/DerivedData/FocusBlox-awtxlldmubwqcwggsrfosewjcyoq/Build/Intermediates.noindex/FocusBlox.build/Debug-iphonesimulator/FocusBlox.build/Objects-normal/arm64/FocusBlox_dependency_info.dat -fobjc-link-runtime -fprofile-instr-generate -L/Applications/Xcode.app/Contents/Developer/Toolchains/XcodeDefault.xctoolchain/usr/lib/swift/iphonesimulator -L/usr/lib/swift -Xlinker -add_ast_path -Xlinker /Users/hem/Library/Developer/Xcode/DerivedData/FocusBlox-awtxlldmubwqcwggsrfosewjcyoq/Build/Intermediates.noindex/FocusBlox.build/Debug-iphonesimulator/FocusBlox.build/Objects-normal/arm64/FocusBlox.swiftmodule @/Users/hem/Library/Developer/Xcode/DerivedData/FocusBlox-awtxlldmubwqcwggsrfosewjcyoq/Build/Intermediates.noindex/FocusBlox.build/Debug-iphonesimulator/FocusBlox.build/Objects-normal/arm64/FocusBlox-linker-args.resp -Xlinker -alias -Xlinker _main -Xlinker ___debug_main_executable_dylib_entry_point -framework FocusBloxCore -o /Users/hem/Library/Developer/Xcode/DerivedData/FocusBlox-awtxlldmubwqcwggsrfosewjcyoq/Build/Products/Debug-iphonesimulator/FocusBlox.app/FocusBlox.debug.dylib

SwiftEmitModule normal arm64 Emitting\ module\ for\ FocusBloxUITests (in target 'FocusBloxUITests' from project 'FocusBlox')
EmitSwiftModule normal arm64 (in target 'FocusBloxUITests' from project 'FocusBlox')
    cd /Users/hem/Documents/opt/my-daily-sprints
    

SwiftCompile normal arm64 Compiling\ QuickEditBacklogUITests.swift /Users/hem/Documents/opt/my-daily-sprints/FocusBloxUITests/QuickEditBacklogUITests.swift (in target 'FocusBloxUITests' from project 'FocusBlox')
SwiftCompile normal arm64 /Users/hem/Documents/opt/my-daily-sprints/FocusBloxUITests/QuickEditBacklogUITests.swift (in target 'FocusBloxUITests' from project 'FocusBlox')
    cd /Users/hem/Documents/opt/my-daily-sprints
    
/Users/hem/Documents/opt/my-daily-sprints/FocusBloxUITests/QuickEditBacklogUITests.swift:16:15: warning: call to main actor-isolated initializer 'init()' in a synchronous nonisolated context
        app = XCUIApplication()
              ^
/Applications/Xcode.app/Contents/Developer/Platforms/iPhoneSimulator.platform/Developer/Library/Frameworks/XCUIAutomation.framework/Headers/XCUIApplication.h:29:1: note: calls to initializer 'init()' from outside of its actor context are implicitly asynchronous
- (instancetype)init NS_DESIGNATED_INITIALIZER;
^
/Users/hem/Documents/opt/my-daily-sprints/FocusBloxUITests/QuickEditBacklogUITests.swift:17:13: warning: main actor-isolated property 'launchArguments' can not be mutated from a nonisolated context
        app.launchArguments = ["-UITesting"]
            ^
/Applications/Xcode.app/Contents/Developer/Platforms/iPhoneSimulator.platform/Developer/Library/Frameworks/XCUIAutomation.framework/Headers/XCUIApplication.h:93:51: note: mutation of this property is only permitted within the actor
@property (nonatomic, copy) NSArray <NSString *> *launchArguments;
                                                  ^
/Users/hem/Documents/opt/my-daily-sprints/FocusBloxUITests/QuickEditBacklogUITests.swift:18:13: warning: call to main actor-isolated instance method 'launch()' in a synchronous nonisolated context
        app.launch()
            ^
XCUIAutomation.XCUIApplication.launch:2:22: note: calls to instance method 'launch()' from outside of its actor context are implicitly asynchronous
@MainActor open func launch()}
                     ^
/Users/hem/Documents/opt/my-daily-sprints/FocusBloxUITests/QuickEditBacklogUITests.swift:23:45: warning: main actor-isolated subscript 'subscript(_:)' can not be referenced from a nonisolated context
        let backlogTab = app.tabBars.buttons["Backlog"]
                                            ^
XCUIAutomation.XCUIElementQuery.subscript:2:17: note: subscript declared here
@MainActor open subscript(key: String) -> XCUIElement { get }}
                ^
/Users/hem/Documents/opt/my-daily-sprints/FocusBloxUITests/QuickEditBacklogUITests.swift:22:18: note: add '@MainActor' to make instance method 'navigateToBacklog()' part of global actor 'MainActor'
    private func navigateToBacklog() {
                 ^
    @MainActor 
/Users/hem/Documents/opt/my-daily-sprints/FocusBloxUITests/QuickEditBacklogUITests.swift:23:38: warning: main actor-isolated property 'buttons' can not be referenced from a nonisolated context
        let backlogTab = app.tabBars.buttons["Backlog"]
                                     ^
/Applications/Xcode.app/Contents/Developer/Platforms/iPhoneSimulator.platform/Developer/Library/Frameworks/XCUIAutomation.framework/Headers/XCUIElementTypeQueryProvider.h:22:46: note: property declared here
@property (readonly, copy) XCUIElementQuery *buttons;
                                             ^
/Users/hem/Documents/opt/my-daily-sprints/FocusBloxUITests/QuickEditBacklogUITests.swift:22:18: note: add '@MainActor' to make instance method 'navigateToBacklog()' part of global actor 'MainActor'
    private func navigateToBacklog() {
                 ^
    @MainActor 
/Users/hem/Documents/opt/my-daily-sprints/FocusBloxUITests/QuickEditBacklogUITests.swift:23:30: warning: main actor-isolated property 'tabBars' can not be referenced from a nonisolated context
        let backlogTab = app.tabBars.buttons["Backlog"]
                             ^
/Applications/Xcode.app/Contents/Developer/Platforms/iPhoneSimulator.platform/Developer/Library/Frameworks/XCUIAutomation.framework/Headers/XCUIElementTypeQueryProvider.h:35:46: note: property declared here
@property (readonly, copy) XCUIElementQuery *tabBars;
                                             ^
/Users/hem/Documents/opt/my-daily-sprints/FocusBloxUITests/QuickEditBacklogUITests.swift:22:18: note: add '@MainActor' to make instance method 'navigateToBacklog()' part of global actor 'MainActor'
    private func navigateToBacklog() {
                 ^
    @MainActor 
/Users/hem/Documents/opt/my-daily-sprints/FocusBloxUITests/QuickEditBacklogUITests.swift:24:34: warning: call to main actor-isolated instance method 'waitForExistence(timeout:)' in a synchronous nonisolated context
        XCTAssertTrue(backlogTab.waitForExistence(timeout: 5), "Backlog tab should exist")
                                 ^
XCUIAutomation.XCUIElement.waitForExistence:2:22: note: calls to instance method 'waitForExistence(timeout:)' from outside of its actor context are implicitly asynchronous
@MainActor open func waitForExistence(timeout: TimeInterval) -> Bool}
                     ^
/Users/hem/Documents/opt/my-daily-sprints/FocusBloxUITests/QuickEditBacklogUITests.swift:25:20: warning: call to main actor-isolated instance method 'tap()' in a synchronous nonisolated context
        backlogTab.tap()
                   ^
XCUIAutomation.XCUIElement.tap:2:22: note: calls to instance method 'tap()' from outside of its actor context are implicitly asynchronous
@MainActor open func tap()}
                     ^
/Users/hem/Documents/opt/my-daily-sprints/FocusBloxUITests/QuickEditBacklogUITests.swift:22:18: note: add '@MainActor' to make instance method 'navigateToBacklog()' part of global actor 'MainActor'
    private func navigateToBacklog() {
                 ^
    @MainActor 
/Users/hem/Documents/opt/my-daily-sprints/FocusBloxUITests/QuickEditBacklogUITests.swift:39:11: warning: main actor-isolated property 'firstMatch' can not be referenced from a nonisolated context
        ).firstMatch
          ^
/Applications/Xcode.app/Contents/Developer/Platforms/iPhoneSimulator.platform/Developer/Library/Frameworks/XCUIAutomation.framework/Headers/XCUIElementTypeQueryProvider.h:105:35: note: property declared here
@property (readonly) XCUIElement *firstMatch;
                                  ^
/Users/hem/Documents/opt/my-daily-sprints/FocusBloxUITests/QuickEditBacklogUITests.swift:33:10: note: add '@MainActor' to make instance method 'testImportanceBadgeExists()' part of global actor 'MainActor'
    func testImportanceBadgeExists() throws {
         ^
    @MainActor 
/Users/hem/Documents/opt/my-daily-sprints/FocusBloxUITests/QuickEditBacklogUITests.swift:37:43: warning: call to main actor-isolated instance method 'matching' in a synchronous nonisolated context
        let importanceBadge = app.buttons.matching(
                                          ^
XCUIAutomation.XCUIElementQuery.matching:2:22: note: calls to instance method 'matching' from outside of its actor context are implicitly asynchronous
@MainActor open func matching(_ predicate: NSPredicate) -> XCUIElementQuery}
                     ^
XCUIAutomation.XCUIElementQuery.matching:2:22: note: main actor isolation inferred from conformance to protocol 'XCUIElementTypeQueryProvider'
@MainActor open func matching(_ predicate: NSPredicate) -> XCUIElementQuery}
                     ^
/Users/hem/Documents/opt/my-daily-sprints/FocusBloxUITests/QuickEditBacklogUITests.swift:33:10: note: add '@MainActor' to make instance method 'testImportanceBadgeExists()' part of global actor 'MainActor'
    func testImportanceBadgeExists() throws {
         ^
    @MainActor 
/Users/hem/Documents/opt/my-daily-sprints/FocusBloxUITests/QuickEditBacklogUITests.swift:37:35: warning: main actor-isolated property 'buttons' can not be referenced from a nonisolated context
        let importanceBadge = app.buttons.matching(
                                  ^
/Applications/Xcode.app/Contents/Developer/Platforms/iPhoneSimulator.platform/Developer/Library/Frameworks/XCUIAutomation.framework/Headers/XCUIElementTypeQueryProvider.h:22:46: note: property declared here
@property (readonly, copy) XCUIElementQuery *buttons;
                                             ^
/Users/hem/Documents/opt/my-daily-sprints/FocusBloxUITests/QuickEditBacklogUITests.swift:33:10: note: add '@MainActor' to make instance method 'testImportanceBadgeExists()' part of global actor 'MainActor'
    func testImportanceBadgeExists() throws {
         ^
    @MainActor 
/Users/hem/Documents/opt/my-daily-sprints/FocusBloxUITests/QuickEditBacklogUITests.swift:42:29: warning: call to main actor-isolated instance method 'waitForExistence(timeout:)' in a synchronous nonisolated context
            importanceBadge.waitForExistence(timeout: 5),
                            ^
XCUIAutomation.XCUIElement.waitForExistence:2:22: note: calls to instance method 'waitForExistence(timeout:)' from outside of its actor context are implicitly asynchronous
@MainActor open func waitForExistence(timeout: TimeInterval) -> Bool}
                     ^
/Users/hem/Documents/opt/my-daily-sprints/FocusBloxUITests/QuickEditBacklogUITests.swift:54:11: warning: main actor-isolated property 'firstMatch' can not be referenced from a nonisolated context
        ).firstMatch
          ^
/Applications/Xcode.app/Contents/Developer/Platforms/iPhoneSimulator.platform/Developer/Library/Frameworks/XCUIAutomation.framework/Headers/XCUIElementTypeQueryProvider.h:105:35: note: property declared here
@property (readonly) XCUIElement *firstMatch;
                                  ^
/Users/hem/Documents/opt/my-daily-sprints/FocusBloxUITests/QuickEditBacklogUITests.swift:49:10: note: add '@MainActor' to make instance method 'testImportanceBadgeTapOpensPicker()' part of global actor 'MainActor'
    func testImportanceBadgeTapOpensPicker() throws {
         ^
    @MainActor 
/Users/hem/Documents/opt/my-daily-sprints/FocusBloxUITests/QuickEditBacklogUITests.swift:52:43: warning: call to main actor-isolated instance method 'matching' in a synchronous nonisolated context
        let importanceBadge = app.buttons.matching(
                                          ^
XCUIAutomation.XCUIElementQuery.matching:2:22: note: calls to instance method 'matching' from outside of its actor context are implicitly asynchronous
@MainActor open func matching(_ predicate: NSPredicate) -> XCUIElementQuery}
                     ^
XCUIAutomation.XCUIElementQuery.matching:2:22: note: main actor isolation inferred from conformance to protocol 'XCUIElementTypeQueryProvider'
@MainActor open func matching(_ predicate: NSPredicate) -> XCUIElementQuery}
                     ^
/Users/hem/Documents/opt/my-daily-sprints/FocusBloxUITests/QuickEditBacklogUITests.swift:49:10: note: add '@MainActor' to make instance method 'testImportanceBadgeTapOpensPicker()' part of global actor 'MainActor'
    func testImportanceBadgeTapOpensPicker() throws {
         ^
    @MainActor 
/Users/hem/Documents/opt/my-daily-sprints/FocusBloxUITests/QuickEditBacklogUITests.swift:52:35: warning: main actor-isolated property 'buttons' can not be referenced from a nonisolated context
        let importanceBadge = app.buttons.matching(
                                  ^
/Applications/Xcode.app/Contents/Developer/Platforms/iPhoneSimulator.platform/Developer/Library/Frameworks/XCUIAutomation.framework/Headers/XCUIElementTypeQueryProvider.h:22:46: note: property declared here
@property (readonly, copy) XCUIElementQuery *buttons;
                                             ^
/Users/hem/Documents/opt/my-daily-sprints/FocusBloxUITests/QuickEditBacklogUITests.swift:49:10: note: add '@MainActor' to make instance method 'testImportanceBadgeTapOpensPicker()' part of global actor 'MainActor'
    func testImportanceBadgeTapOpensPicker() throws {
         ^
    @MainActor 
/Users/hem/Documents/opt/my-daily-sprints/FocusBloxUITests/QuickEditBacklogUITests.swift:56:31: warning: call to main actor-isolated instance method 'waitForExistence(timeout:)' in a synchronous nonisolated context
        guard importanceBadge.waitForExistence(timeout: 5) else {
                              ^
XCUIAutomation.XCUIElement.waitForExistence:2:22: note: calls to instance method 'waitForExistence(timeout:)' from outside of its actor context are implicitly asynchronous
@MainActor open func waitForExistence(timeout: TimeInterval) -> Bool}
                     ^
/Users/hem/Documents/opt/my-daily-sprints/FocusBloxUITests/QuickEditBacklogUITests.swift:49:10: note: add '@MainActor' to make instance method 'testImportanceBadgeTapOpensPicker()' part of global actor 'MainActor'
    func testImportanceBadgeTapOpensPicker() throws {
         ^
    @MainActor 
/Users/hem/Documents/opt/my-daily-sprints/FocusBloxUITests/QuickEditBacklogUITests.swift:61:25: warning: call to main actor-isolated instance method 'tap()' in a synchronous nonisolated context
        importanceBadge.tap()
                        ^
XCUIAutomation.XCUIElement.tap:2:22: note: calls to instance method 'tap()' from outside of its actor context are implicitly asynchronous
@MainActor open func tap()}
                     ^
/Users/hem/Documents/opt/my-daily-sprints/FocusBloxUITests/QuickEditBacklogUITests.swift:49:10: note: add '@MainActor' to make instance method 'testImportanceBadgeTapOpensPicker()' part of global actor 'MainActor'
    func testImportanceBadgeTapOpensPicker() throws {
         ^
    @MainActor 
/Users/hem/Documents/opt/my-daily-sprints/FocusBloxUITests/QuickEditBacklogUITests.swift:65:39: warning: main actor-isolated subscript 'subscript(_:)' can not be referenced from a nonisolated context
        let picker = app.otherElements["importance-picker"]
                                      ^
XCUIAutomation.XCUIElementQuery.subscript:2:17: note: subscript declared here
@MainActor open subscript(key: String) -> XCUIElement { get }}
                ^
/Users/hem/Documents/opt/my-daily-sprints/FocusBloxUITests/QuickEditBacklogUITests.swift:49:10: note: add '@MainActor' to make instance method 'testImportanceBadgeTapOpensPicker()' part of global actor 'MainActor'
    func testImportanceBadgeTapOpensPicker() throws {
         ^
    @MainActor 
/Users/hem/Documents/opt/my-daily-sprints/FocusBloxUITests/QuickEditBacklogUITests.swift:65:26: warning: main actor-isolated property 'otherElements' can not be referenced from a nonisolated context
        let picker = app.otherElements["importance-picker"]
                         ^
/Applications/Xcode.app/Contents/Developer/Platforms/iPhoneSimulator.platform/Developer/Library/Frameworks/XCUIAutomation.framework/Headers/XCUIElementTypeQueryProvider.h:95:46: note: property declared here
@property (readonly, copy) XCUIElementQuery *otherElements;
                                             ^
/Users/hem/Documents/opt/my-daily-sprints/FocusBloxUITests/QuickEditBacklogUITests.swift:49:10: note: add '@MainActor' to make instance method 'testImportanceBadgeTapOpensPicker()' part of global actor 'MainActor'
    func testImportanceBadgeTapOpensPicker() throws {
         ^
    @MainActor 
/Users/hem/Documents/opt/my-daily-sprints/FocusBloxUITests/QuickEditBacklogUITests.swift:67:20: warning: call to main actor-isolated instance method 'waitForExistence(timeout:)' in a synchronous nonisolated context
            picker.waitForExistence(timeout: 3),
                   ^
XCUIAutomation.XCUIElement.waitForExistence:2:22: note: calls to instance method 'waitForExistence(timeout:)' from outside of its actor context are implicitly asynchronous
@MainActor open func waitForExistence(timeout: TimeInterval) -> Bool}
                     ^
/Users/hem/Documents/opt/my-daily-sprints/FocusBloxUITests/QuickEditBacklogUITests.swift:79:11: warning: main actor-isolated property 'firstMatch' can not be referenced from a nonisolated context
        ).firstMatch
          ^
/Applications/Xcode.app/Contents/Developer/Platforms/iPhoneSimulator.platform/Developer/Library/Frameworks/XCUIAutomation.framework/Headers/XCUIElementTypeQueryProvider.h:105:35: note: property declared here
@property (readonly) XCUIElement *firstMatch;
                                  ^
/Users/hem/Documents/opt/my-daily-sprints/FocusBloxUITests/QuickEditBacklogUITests.swift:74:10: note: add '@MainActor' to make instance method 'testImportancePickerSelectionUpdates()' part of global actor 'MainActor'
    func testImportancePickerSelectionUpdates() throws {
         ^
    @MainActor 
/Users/hem/Documents/opt/my-daily-sprints/FocusBloxUITests/QuickEditBacklogUITests.swift:77:43: warning: call to main actor-isolated instance method 'matching' in a synchronous nonisolated context
        let importanceBadge = app.buttons.matching(
                                          ^
XCUIAutomation.XCUIElementQuery.matching:2:22: note: calls to instance method 'matching' from outside of its actor context are implicitly asynchronous
@MainActor open func matching(_ predicate: NSPredicate) -> XCUIElementQuery}
                     ^
XCUIAutomation.XCUIElementQuery.matching:2:22: note: main actor isolation inferred from conformance to protocol 'XCUIElementTypeQueryProvider'
@MainActor open func matching(_ predicate: NSPredicate) -> XCUIElementQuery}
                     ^
/Users/hem/Documents/opt/my-daily-sprints/FocusBloxUITests/QuickEditBacklogUITests.swift:74:10: note: add '@MainActor' to make instance method 'testImportancePickerSelectionUpdates()' part of global actor 'MainActor'
    func testImportancePickerSelectionUpdates() throws {
         ^
    @MainActor 
/Users/hem/Documents/opt/my-daily-sprints/FocusBloxUITests/QuickEditBacklogUITests.swift:77:35: warning: main actor-isolated property 'buttons' can not be referenced from a nonisolated context
        let importanceBadge = app.buttons.matching(
                                  ^
/Applications/Xcode.app/Contents/Developer/Platforms/iPhoneSimulator.platform/Developer/Library/Frameworks/XCUIAutomation.framework/Headers/XCUIElementTypeQueryProvider.h:22:46: note: property declared here
@property (readonly, copy) XCUIElementQuery *buttons;
                                             ^
/Users/hem/Documents/opt/my-daily-sprints/FocusBloxUITests/QuickEditBacklogUITests.swift:74:10: note: add '@MainActor' to make instance method 'testImportancePickerSelectionUpdates()' part of global actor 'MainActor'
    func testImportancePickerSelectionUpdates() throws {
         ^
    @MainActor 
/Users/hem/Documents/opt/my-daily-sprints/FocusBloxUITests/QuickEditBacklogUITests.swift:81:31: warning: call to main actor-isolated instance method 'waitForExistence(timeout:)' in a synchronous nonisolated context
        guard importanceBadge.waitForExistence(timeout: 5) else {
                              ^
XCUIAutomation.XCUIElement.waitForExistence:2:22: note: calls to instance method 'waitForExistence(timeout:)' from outside of its actor context are implicitly asynchronous
@MainActor open func waitForExistence(timeout: TimeInterval) -> Bool}
                     ^
/Users/hem/Documents/opt/my-daily-sprints/FocusBloxUITests/QuickEditBacklogUITests.swift:74:10: note: add '@MainActor' to make instance method 'testImportancePickerSelectionUpdates()' part of global actor 'MainActor'
    func testImportancePickerSelectionUpdates() throws {
         ^
    @MainActor 
/Users/hem/Documents/opt/my-daily-sprints/FocusBloxUITests/QuickEditBacklogUITests.swift:86:25: warning: call to main actor-isolated instance method 'tap()' in a synchronous nonisolated context
        importanceBadge.tap()
                        ^
XCUIAutomation.XCUIElement.tap:2:22: note: calls to instance method 'tap()' from outside of its actor context are implicitly asynchronous
@MainActor open func tap()}
                     ^
/Users/hem/Documents/opt/my-daily-sprints/FocusBloxUITests/QuickEditBacklogUITests.swift:74:10: note: add '@MainActor' to make instance method 'testImportancePickerSelectionUpdates()' part of global actor 'MainActor'
    func testImportancePickerSelectionUpdates() throws {
         ^
    @MainActor 
/Users/hem/Documents/opt/my-daily-sprints/FocusBloxUITests/QuickEditBacklogUITests.swift:90:37: warning: main actor-isolated subscript 'subscript(_:)' can not be referenced from a nonisolated context
        let hochButton = app.buttons["importance-high"]
                                    ^
XCUIAutomation.XCUIElementQuery.subscript:2:17: note: subscript declared here
@MainActor open subscript(key: String) -> XCUIElement { get }}
                ^
/Users/hem/Documents/opt/my-daily-sprints/FocusBloxUITests/QuickEditBacklogUITests.swift:74:10: note: add '@MainActor' to make instance method 'testImportancePickerSelectionUpdates()' part of global actor 'MainActor'
    func testImportancePickerSelectionUpdates() throws {
         ^
    @MainActor 
/Users/hem/Documents/opt/my-daily-sprints/FocusBloxUITests/QuickEditBacklogUITests.swift:90:30: warning: main actor-isolated property 'buttons' can not be referenced from a nonisolated context
        let hochButton = app.buttons["importance-high"]
                             ^
/Applications/Xcode.app/Contents/Developer/Platforms/iPhoneSimulator.platform/Developer/Library/Frameworks/XCUIAutomation.framework/Headers/XCUIElementTypeQueryProvider.h:22:46: note: property declared here
@property (readonly, copy) XCUIElementQuery *buttons;
                                             ^
/Users/hem/Documents/opt/my-daily-sprints/FocusBloxUITests/QuickEditBacklogUITests.swift:74:10: note: add '@MainActor' to make instance method 'testImportancePickerSelectionUpdates()' part of global actor 'MainActor'
    func testImportancePickerSelectionUpdates() throws {
         ^
    @MainActor 
/Users/hem/Documents/opt/my-daily-sprints/FocusBloxUITests/QuickEditBacklogUITests.swift:92:24: warning: call to main actor-isolated instance method 'waitForExistence(timeout:)' in a synchronous nonisolated context
            hochButton.waitForExistence(timeout: 3),
                       ^
XCUIAutomation.XCUIElement.waitForExistence:2:22: note: calls to instance method 'waitForExistence(timeout:)' from outside of its actor context are implicitly asynchronous
@MainActor open func waitForExistence(timeout: TimeInterval) -> Bool}
                     ^
/Users/hem/Documents/opt/my-daily-sprints/FocusBloxUITests/QuickEditBacklogUITests.swift:95:20: warning: call to main actor-isolated instance method 'tap()' in a synchronous nonisolated context
        hochButton.tap()
                   ^
XCUIAutomation.XCUIElement.tap:2:22: note: calls to instance method 'tap()' from outside of its actor context are implicitly asynchronous
@MainActor open func tap()}
                     ^
/Users/hem/Documents/opt/my-daily-sprints/FocusBloxUITests/QuickEditBacklogUITests.swift:74:10: note: add '@MainActor' to make instance method 'testImportancePickerSelectionUpdates()' part of global actor 'MainActor'
    func testImportancePickerSelectionUpdates() throws {
         ^
    @MainActor 
/Users/hem/Documents/opt/my-daily-sprints/FocusBloxUITests/QuickEditBacklogUITests.swift:99:39: warning: main actor-isolated subscript 'subscript(_:)' can not be referenced from a nonisolated context
        let picker = app.otherElements["importance-picker"]
                                      ^
XCUIAutomation.XCUIElementQuery.subscript:2:17: note: subscript declared here
@MainActor open subscript(key: String) -> XCUIElement { get }}
                ^
/Users/hem/Documents/opt/my-daily-sprints/FocusBloxUITests/QuickEditBacklogUITests.swift:74:10: note: add '@MainActor' to make instance method 'testImportancePickerSelectionUpdates()' part of global actor 'MainActor'
    func testImportancePickerSelectionUpdates() throws {
         ^
    @MainActor 
/Users/hem/Documents/opt/my-daily-sprints/FocusBloxUITests/QuickEditBacklogUITests.swift:99:26: warning: main actor-isolated property 'otherElements' can not be referenced from a nonisolated context
        let picker = app.otherElements["importance-picker"]
                         ^
/Applications/Xcode.app/Contents/Developer/Platforms/iPhoneSimulator.platform/Developer/Library/Frameworks/XCUIAutomation.framework/Headers/XCUIElementTypeQueryProvider.h:95:46: note: property declared here
@property (readonly, copy) XCUIElementQuery *otherElements;
                                             ^
/Users/hem/Documents/opt/my-daily-sprints/FocusBloxUITests/QuickEditBacklogUITests.swift:74:10: note: add '@MainActor' to make instance method 'testImportancePickerSelectionUpdates()' part of global actor 'MainActor'
    func testImportancePickerSelectionUpdates() throws {
         ^
    @MainActor 
/Users/hem/Documents/opt/my-daily-sprints/FocusBloxUITests/QuickEditBacklogUITests.swift:100:31: warning: main actor-isolated property 'exists' can not be referenced from a nonisolated autoclosure
        XCTAssertFalse(picker.exists, "ImportancePicker should dismiss after selection")
                              ^
/Applications/Xcode.app/Contents/Developer/Platforms/iPhoneSimulator.platform/Developer/Library/Frameworks/XCUIAutomation.framework/Headers/XCUIElement.h:54:27: note: property declared here
@property (readonly) BOOL exists;
                          ^
/Users/hem/Documents/opt/my-daily-sprints/FocusBloxUITests/QuickEditBacklogUITests.swift:112:11: warning: main actor-isolated property 'firstMatch' can not be referenced from a nonisolated context
        ).firstMatch
          ^
/Applications/Xcode.app/Contents/Developer/Platforms/iPhoneSimulator.platform/Developer/Library/Frameworks/XCUIAutomation.framework/Headers/XCUIElementTypeQueryProvider.h:105:35: note: property declared here
@property (readonly) XCUIElement *firstMatch;
                                  ^
/Users/hem/Documents/opt/my-daily-sprints/FocusBloxUITests/QuickEditBacklogUITests.swift:107:10: note: add '@MainActor' to make instance method 'testCategoryBadgeExists()' part of global actor 'MainActor'
    func testCategoryBadgeExists() throws {
         ^
    @MainActor 
/Users/hem/Documents/opt/my-daily-sprints/FocusBloxUITests/QuickEditBacklogUITests.swift:110:41: warning: call to main actor-isolated instance method 'matching' in a synchronous nonisolated context
        let categoryBadge = app.buttons.matching(
                                        ^
XCUIAutomation.XCUIElementQuery.matching:2:22: note: calls to instance method 'matching' from outside of its actor context are implicitly asynchronous
@MainActor open func matching(_ predicate: NSPredicate) -> XCUIElementQuery}
                     ^
XCUIAutomation.XCUIElementQuery.matching:2:22: note: main actor isolation inferred from conformance to protocol 'XCUIElementTypeQueryProvider'
@MainActor open func matching(_ predicate: NSPredicate) -> XCUIElementQuery}
                     ^
/Users/hem/Documents/opt/my-daily-sprints/FocusBloxUITests/QuickEditBacklogUITests.swift:107:10: note: add '@MainActor' to make instance method 'testCategoryBadgeExists()' part of global actor 'MainActor'
    func testCategoryBadgeExists() throws {
         ^
    @MainActor 
/Users/hem/Documents/opt/my-daily-sprints/FocusBloxUITests/QuickEditBacklogUITests.swift:110:33: warning: main actor-isolated property 'buttons' can not be referenced from a nonisolated context
        let categoryBadge = app.buttons.matching(
                                ^
/Applications/Xcode.app/Contents/Developer/Platforms/iPhoneSimulator.platform/Developer/Library/Frameworks/XCUIAutomation.framework/Headers/XCUIElementTypeQueryProvider.h:22:46: note: property declared here
@property (readonly, copy) XCUIElementQuery *buttons;
                                             ^
/Users/hem/Documents/opt/my-daily-sprints/FocusBloxUITests/QuickEditBacklogUITests.swift:107:10: note: add '@MainActor' to make instance method 'testCategoryBadgeExists()' part of global actor 'MainActor'
    func testCategoryBadgeExists() throws {
         ^
    @MainActor 
/Users/hem/Documents/opt/my-daily-sprints/FocusBloxUITests/QuickEditBacklogUITests.swift:115:27: warning: call to main actor-isolated instance method 'waitForExistence(timeout:)' in a synchronous nonisolated context
            categoryBadge.waitForExistence(timeout: 5),
                          ^
XCUIAutomation.XCUIElement.waitForExistence:2:22: note: calls to instance method 'waitForExistence(timeout:)' from outside of its actor context are implicitly asynchronous
@MainActor open func waitForExistence(timeout: TimeInterval) -> Bool}
                     ^
/Users/hem/Documents/opt/my-daily-sprints/FocusBloxUITests/QuickEditBacklogUITests.swift:127:11: warning: main actor-isolated property 'firstMatch' can not be referenced from a nonisolated context
        ).firstMatch
          ^
/Applications/Xcode.app/Contents/Developer/Platforms/iPhoneSimulator.platform/Developer/Library/Frameworks/XCUIAutomation.framework/Headers/XCUIElementTypeQueryProvider.h:105:35: note: property declared here
@property (readonly) XCUIElement *firstMatch;
                                  ^
/Users/hem/Documents/opt/my-daily-sprints/FocusBloxUITests/QuickEditBacklogUITests.swift:122:10: note: add '@MainActor' to make instance method 'testCategoryBadgeTapOpensPicker()' part of global actor 'MainActor'
    func testCategoryBadgeTapOpensPicker() throws {
         ^
    @MainActor 
/Users/hem/Documents/opt/my-daily-sprints/FocusBloxUITests/QuickEditBacklogUITests.swift:125:41: warning: call to main actor-isolated instance method 'matching' in a synchronous nonisolated context
        let categoryBadge = app.buttons.matching(
                                        ^
XCUIAutomation.XCUIElementQuery.matching:2:22: note: calls to instance method 'matching' from outside of its actor context are implicitly asynchronous
@MainActor open func matching(_ predicate: NSPredicate) -> XCUIElementQuery}
                     ^
XCUIAutomation.XCUIElementQuery.matching:2:22: note: main actor isolation inferred from conformance to protocol 'XCUIElementTypeQueryProvider'
@MainActor open func matching(_ predicate: NSPredicate) -> XCUIElementQuery}
                     ^
/Users/hem/Documents/opt/my-daily-sprints/FocusBloxUITests/QuickEditBacklogUITests.swift:122:10: note: add '@MainActor' to make instance method 'testCategoryBadgeTapOpensPicker()' part of global actor 'MainActor'
    func testCategoryBadgeTapOpensPicker() throws {
         ^
    @MainActor 
/Users/hem/Documents/opt/my-daily-sprints/FocusBloxUITests/QuickEditBacklogUITests.swift:125:33: warning: main actor-isolated property 'buttons' can not be referenced from a nonisolated context
        let categoryBadge = app.buttons.matching(
                                ^
/Applications/Xcode.app/Contents/Developer/Platforms/iPhoneSimulator.platform/Developer/Library/Frameworks/XCUIAutomation.framework/Headers/XCUIElementTypeQueryProvider.h:22:46: note: property declared here
@property (readonly, copy) XCUIElementQuery *buttons;
                                             ^
/Users/hem/Documents/opt/my-daily-sprints/FocusBloxUITests/QuickEditBacklogUITests.swift:122:10: note: add '@MainActor' to make instance method 'testCategoryBadgeTapOpensPicker()' part of global actor 'MainActor'
    func testCategoryBadgeTapOpensPicker() throws {
         ^
    @MainActor 
/Users/hem/Documents/opt/my-daily-sprints/FocusBloxUITests/QuickEditBacklogUITests.swift:129:29: warning: call to main actor-isolated instance method 'waitForExistence(timeout:)' in a synchronous nonisolated context
        guard categoryBadge.waitForExistence(timeout: 5) else {
                            ^
XCUIAutomation.XCUIElement.waitForExistence:2:22: note: calls to instance method 'waitForExistence(timeout:)' from outside of its actor context are implicitly asynchronous
@MainActor open func waitForExistence(timeout: TimeInterval) -> Bool}
                     ^
/Users/hem/Documents/opt/my-daily-sprints/FocusBloxUITests/QuickEditBacklogUITests.swift:122:10: note: add '@MainActor' to make instance method 'testCategoryBadgeTapOpensPicker()' part of global actor 'MainActor'
    func testCategoryBadgeTapOpensPicker() throws {
         ^
    @MainActor 
/Users/hem/Documents/opt/my-daily-sprints/FocusBloxUITests/QuickEditBacklogUITests.swift:134:23: warning: call to main actor-isolated instance method 'tap()' in a synchronous nonisolated context
        categoryBadge.tap()
                      ^
XCUIAutomation.XCUIElement.tap:2:22: note: calls to instance method 'tap()' from outside of its actor context are implicitly asynchronous
@MainActor open func tap()}
                     ^
/Users/hem/Documents/opt/my-daily-sprints/FocusBloxUITests/QuickEditBacklogUITests.swift:122:10: note: add '@MainActor' to make instance method 'testCategoryBadgeTapOpensPicker()' part of global actor 'MainActor'
    func testCategoryBadgeTapOpensPicker() throws {
         ^
    @MainActor 
/Users/hem/Documents/opt/my-daily-sprints/FocusBloxUITests/QuickEditBacklogUITests.swift:137:39: warning: main actor-isolated subscript 'subscript(_:)' can not be referenced from a nonisolated context
        let picker = app.otherElements["category-picker"]
                                      ^
XCUIAutomation.XCUIElementQuery.subscript:2:17: note: subscript declared here
@MainActor open subscript(key: String) -> XCUIElement { get }}
                ^
/Users/hem/Documents/opt/my-daily-sprints/FocusBloxUITests/QuickEditBacklogUITests.swift:122:10: note: add '@MainActor' to make instance method 'testCategoryBadgeTapOpensPicker()' part of global actor 'MainActor'
    func testCategoryBadgeTapOpensPicker() throws {
         ^
    @MainActor 
/Users/hem/Documents/opt/my-daily-sprints/FocusBloxUITests/QuickEditBacklogUITests.swift:137:26: warning: main actor-isolated property 'otherElements' can not be referenced from a nonisolated context
        let picker = app.otherElements["category-picker"]
                         ^
/Applications/Xcode.app/Contents/Developer/Platforms/iPhoneSimulator.platform/Developer/Library/Frameworks/XCUIAutomation.framework/Headers/XCUIElementTypeQueryProvider.h:95:46: note: property declared here
@property (readonly, copy) XCUIElementQuery *otherElements;
                                             ^
/Users/hem/Documents/opt/my-daily-sprints/FocusBloxUITests/QuickEditBacklogUITests.swift:122:10: note: add '@MainActor' to make instance method 'testCategoryBadgeTapOpensPicker()' part of global actor 'MainActor'
    func testCategoryBadgeTapOpensPicker() throws {
         ^
    @MainActor 
/Users/hem/Documents/opt/my-daily-sprints/FocusBloxUITests/QuickEditBacklogUITests.swift:139:20: warning: call to main actor-isolated instance method 'waitForExistence(timeout:)' in a synchronous nonisolated context
            picker.waitForExistence(timeout: 3),
                   ^
XCUIAutomation.XCUIElement.waitForExistence:2:22: note: calls to instance method 'waitForExistence(timeout:)' from outside of its actor context are implicitly asynchronous
@MainActor open func waitForExistence(timeout: TimeInterval) -> Bool}
                     ^
/Users/hem/Documents/opt/my-daily-sprints/FocusBloxUITests/QuickEditBacklogUITests.swift:151:11: warning: main actor-isolated property 'firstMatch' can not be referenced from a nonisolated context
        ).firstMatch
          ^
/Applications/Xcode.app/Contents/Developer/Platforms/iPhoneSimulator.platform/Developer/Library/Frameworks/XCUIAutomation.framework/Headers/XCUIElementTypeQueryProvider.h:105:35: note: property declared here
@property (readonly) XCUIElement *firstMatch;
                                  ^
/Users/hem/Documents/opt/my-daily-sprints/FocusBloxUITests/QuickEditBacklogUITests.swift:146:10: note: add '@MainActor' to make instance method 'testCategoryPickerSelectionUpdates()' part of global actor 'MainActor'
    func testCategoryPickerSelectionUpdates() throws {
         ^
    @MainActor 
/Users/hem/Documents/opt/my-daily-sprints/FocusBloxUITests/QuickEditBacklogUITests.swift:149:41: warning: call to main actor-isolated instance method 'matching' in a synchronous nonisolated context
        let categoryBadge = app.buttons.matching(
                                        ^
XCUIAutomation.XCUIElementQuery.matching:2:22: note: calls to instance method 'matching' from outside of its actor context are implicitly asynchronous
@MainActor open func matching(_ predicate: NSPredicate) -> XCUIElementQuery}
                     ^
XCUIAutomation.XCUIElementQuery.matching:2:22: note: main actor isolation inferred from conformance to protocol 'XCUIElementTypeQueryProvider'
@MainActor open func matching(_ predicate: NSPredicate) -> XCUIElementQuery}
                     ^
/Users/hem/Documents/opt/my-daily-sprints/FocusBloxUITests/QuickEditBacklogUITests.swift:146:10: note: add '@MainActor' to make instance method 'testCategoryPickerSelectionUpdates()' part of global actor 'MainActor'
    func testCategoryPickerSelectionUpdates() throws {
         ^
    @MainActor 
/Users/hem/Documents/opt/my-daily-sprints/FocusBloxUITests/QuickEditBacklogUITests.swift:149:33: warning: main actor-isolated property 'buttons' can not be referenced from a nonisolated context
        let categoryBadge = app.buttons.matching(
                                ^
/Applications/Xcode.app/Contents/Developer/Platforms/iPhoneSimulator.platform/Developer/Library/Frameworks/XCUIAutomation.framework/Headers/XCUIElementTypeQueryProvider.h:22:46: note: property declared here
@property (readonly, copy) XCUIElementQuery *buttons;
                                             ^
/Users/hem/Documents/opt/my-daily-sprints/FocusBloxUITests/QuickEditBacklogUITests.swift:146:10: note: add '@MainActor' to make instance method 'testCategoryPickerSelectionUpdates()' part of global actor 'MainActor'
    func testCategoryPickerSelectionUpdates() throws {
         ^
    @MainActor 
/Users/hem/Documents/opt/my-daily-sprints/FocusBloxUITests/QuickEditBacklogUITests.swift:153:29: warning: call to main actor-isolated instance method 'waitForExistence(timeout:)' in a synchronous nonisolated context
        guard categoryBadge.waitForExistence(timeout: 5) else {
                            ^
XCUIAutomation.XCUIElement.waitForExistence:2:22: note: calls to instance method 'waitForExistence(timeout:)' from outside of its actor context are implicitly asynchronous
@MainActor open func waitForExistence(timeout: TimeInterval) -> Bool}
                     ^
/Users/hem/Documents/opt/my-daily-sprints/FocusBloxUITests/QuickEditBacklogUITests.swift:146:10: note: add '@MainActor' to make instance method 'testCategoryPickerSelectionUpdates()' part of global actor 'MainActor'
    func testCategoryPickerSelectionUpdates() throws {
         ^
    @MainActor 
/Users/hem/Documents/opt/my-daily-sprints/FocusBloxUITests/QuickEditBacklogUITests.swift:158:23: warning: call to main actor-isolated instance method 'tap()' in a synchronous nonisolated context
        categoryBadge.tap()
                      ^
XCUIAutomation.XCUIElement.tap:2:22: note: calls to instance method 'tap()' from outside of its actor context are implicitly asynchronous
@MainActor open func tap()}
                     ^
/Users/hem/Documents/opt/my-daily-sprints/FocusBloxUITests/QuickEditBacklogUITests.swift:146:10: note: add '@MainActor' to make instance method 'testCategoryPickerSelectionUpdates()' part of global actor 'MainActor'
    func testCategoryPickerSelectionUpdates() throws {
         ^
    @MainActor 
/Users/hem/Documents/opt/my-daily-sprints/FocusBloxUITests/QuickEditBacklogUITests.swift:162:41: warning: main actor-isolated subscript 'subscript(_:)' can not be referenced from a nonisolated context
        let rechargeButton = app.buttons["category-recharge"]
                                        ^
XCUIAutomation.XCUIElementQuery.subscript:2:17: note: subscript declared here
@MainActor open subscript(key: String) -> XCUIElement { get }}
                ^
/Users/hem/Documents/opt/my-daily-sprints/FocusBloxUITests/QuickEditBacklogUITests.swift:146:10: note: add '@MainActor' to make instance method 'testCategoryPickerSelectionUpdates()' part of global actor 'MainActor'
    func testCategoryPickerSelectionUpdates() throws {
         ^
    @MainActor 
/Users/hem/Documents/opt/my-daily-sprints/FocusBloxUITests/QuickEditBacklogUITests.swift:162:34: warning: main actor-isolated property 'buttons' can not be referenced from a nonisolated context
        let rechargeButton = app.buttons["category-recharge"]
                                 ^
/Applications/Xcode.app/Contents/Developer/Platforms/iPhoneSimulator.platform/Developer/Library/Frameworks/XCUIAutomation.framework/Headers/XCUIElementTypeQueryProvider.h:22:46: note: property declared here
@property (readonly, copy) XCUIElementQuery *buttons;
                                             ^
/Users/hem/Documents/opt/my-daily-sprints/FocusBloxUITests/QuickEditBacklogUITests.swift:146:10: note: add '@MainActor' to make instance method 'testCategoryPickerSelectionUpdates()' part of global actor 'MainActor'
    func testCategoryPickerSelectionUpdates() throws {
         ^
    @MainActor 
/Users/hem/Documents/opt/my-daily-sprints/FocusBloxUITests/QuickEditBacklogUITests.swift:164:28: warning: call to main actor-isolated instance method 'waitForExistence(timeout:)' in a synchronous nonisolated context
            rechargeButton.waitForExistence(timeout: 3),
                           ^
XCUIAutomation.XCUIElement.waitForExistence:2:22: note: calls to instance method 'waitForExistence(timeout:)' from outside of its actor context are implicitly asynchronous
@MainActor open func waitForExistence(timeout: TimeInterval) -> Bool}
                     ^
/Users/hem/Documents/opt/my-daily-sprints/FocusBloxUITests/QuickEditBacklogUITests.swift:167:24: warning: call to main actor-isolated instance method 'tap()' in a synchronous nonisolated context
        rechargeButton.tap()
                       ^
XCUIAutomation.XCUIElement.tap:2:22: note: calls to instance method 'tap()' from outside of its actor context are implicitly asynchronous
@MainActor open func tap()}
                     ^
/Users/hem/Documents/opt/my-daily-sprints/FocusBloxUITests/QuickEditBacklogUITests.swift:146:10: note: add '@MainActor' to make instance method 'testCategoryPickerSelectionUpdates()' part of global actor 'MainActor'
    func testCategoryPickerSelectionUpdates() throws {
         ^
    @MainActor 
/Users/hem/Documents/opt/my-daily-sprints/FocusBloxUITests/QuickEditBacklogUITests.swift:171:39: warning: main actor-isolated subscript 'subscript(_:)' can not be referenced from a nonisolated context
        let picker = app.otherElements["category-picker"]
                                      ^
XCUIAutomation.XCUIElementQuery.subscript:2:17: note: subscript declared here
@MainActor open subscript(key: String) -> XCUIElement { get }}
                ^
/Users/hem/Documents/opt/my-daily-sprints/FocusBloxUITests/QuickEditBacklogUITests.swift:146:10: note: add '@MainActor' to make instance method 'testCategoryPickerSelectionUpdates()' part of global actor 'MainActor'
    func testCategoryPickerSelectionUpdates() throws {
         ^
    @MainActor 
/Users/hem/Documents/opt/my-daily-sprints/FocusBloxUITests/QuickEditBacklogUITests.swift:171:26: warning: main actor-isolated property 'otherElements' can not be referenced from a nonisolated context
        let picker = app.otherElements["category-picker"]
                         ^
/Applications/Xcode.app/Contents/Developer/Platforms/iPhoneSimulator.platform/Developer/Library/Frameworks/XCUIAutomation.framework/Headers/XCUIElementTypeQueryProvider.h:95:46: note: property declared here
@property (readonly, copy) XCUIElementQuery *otherElements;
                                             ^
/Users/hem/Documents/opt/my-daily-sprints/FocusBloxUITests/QuickEditBacklogUITests.swift:146:10: note: add '@MainActor' to make instance method 'testCategoryPickerSelectionUpdates()' part of global actor 'MainActor'
    func testCategoryPickerSelectionUpdates() throws {
         ^
    @MainActor 
/Users/hem/Documents/opt/my-daily-sprints/FocusBloxUITests/QuickEditBacklogUITests.swift:172:31: warning: main actor-isolated property 'exists' can not be referenced from a nonisolated autoclosure
        XCTAssertFalse(picker.exists, "CategoryPicker should dismiss after selection")
                              ^
/Applications/Xcode.app/Contents/Developer/Platforms/iPhoneSimulator.platform/Developer/Library/Frameworks/XCUIAutomation.framework/Headers/XCUIElement.h:54:27: note: property declared here
@property (readonly) BOOL exists;
                          ^
/Users/hem/Documents/opt/my-daily-sprints/FocusBloxUITests/QuickEditBacklogUITests.swift:183:35: warning: main actor-isolated property 'firstMatch' can not be referenced from a nonisolated context
        let firstTask = app.cells.firstMatch
                                  ^
/Applications/Xcode.app/Contents/Developer/Platforms/iPhoneSimulator.platform/Developer/Library/Frameworks/XCUIAutomation.framework/Headers/XCUIElementTypeQueryProvider.h:105:35: note: property declared here
@property (readonly) XCUIElement *firstMatch;
                                  ^
/Users/hem/Documents/opt/my-daily-sprints/FocusBloxUITests/QuickEditBacklogUITests.swift:179:10: note: add '@MainActor' to make instance method 'testLongPressShowsContextMenu()' part of global actor 'MainActor'
    func testLongPressShowsContextMenu() throws {
         ^
    @MainActor 
/Users/hem/Documents/opt/my-daily-sprints/FocusBloxUITests/QuickEditBacklogUITests.swift:183:29: warning: main actor-isolated property 'cells' can not be referenced from a nonisolated context
        let firstTask = app.cells.firstMatch
                            ^
/Applications/Xcode.app/Contents/Developer/Platforms/iPhoneSimulator.platform/Developer/Library/Frameworks/XCUIAutomation.framework/Headers/XCUIElementTypeQueryProvider.h:91:46: note: property declared here
@property (readonly, copy) XCUIElementQuery *cells;
                                             ^
/Users/hem/Documents/opt/my-daily-sprints/FocusBloxUITests/QuickEditBacklogUITests.swift:179:10: note: add '@MainActor' to make instance method 'testLongPressShowsContextMenu()' part of global actor 'MainActor'
    func testLongPressShowsContextMenu() throws {
         ^
    @MainActor 
/Users/hem/Documents/opt/my-daily-sprints/FocusBloxUITests/QuickEditBacklogUITests.swift:184:25: warning: call to main actor-isolated instance method 'waitForExistence(timeout:)' in a synchronous nonisolated context
        guard firstTask.waitForExistence(timeout: 5) else {
                        ^
XCUIAutomation.XCUIElement.waitForExistence:2:22: note: calls to instance method 'waitForExistence(timeout:)' from outside of its actor context are implicitly asynchronous
@MainActor open func waitForExistence(timeout: TimeInterval) -> Bool}
                     ^
/Users/hem/Documents/opt/my-daily-sprints/FocusBloxUITests/QuickEditBacklogUITests.swift:179:10: note: add '@MainActor' to make instance method 'testLongPressShowsContextMenu()' part of global actor 'MainActor'
    func testLongPressShowsContextMenu() throws {
         ^
    @MainActor 
/Users/hem/Documents/opt/my-daily-sprints/FocusBloxUITests/QuickEditBacklogUITests.swift:190:19: warning: call to main actor-isolated instance method 'press(forDuration:)' in a synchronous nonisolated context
        firstTask.press(forDuration: 1.0)
                  ^
XCUIAutomation.XCUIElement.press:2:22: note: calls to instance method 'press(forDuration:)' from outside of its actor context are implicitly asynchronous
@MainActor open func press(forDuration duration: TimeInterval)}
                     ^
/Users/hem/Documents/opt/my-daily-sprints/FocusBloxUITests/QuickEditBacklogUITests.swift:179:10: note: add '@MainActor' to make instance method 'testLongPressShowsContextMenu()' part of global actor 'MainActor'
    func testLongPressShowsContextMenu() throws {
         ^
    @MainActor 
/Users/hem/Documents/opt/my-daily-sprints/FocusBloxUITests/QuickEditBacklogUITests.swift:194:37: warning: main actor-isolated subscript 'subscript(_:)' can not be referenced from a nonisolated context
        let editAction = app.buttons["Bearbeiten"]
                                    ^
XCUIAutomation.XCUIElementQuery.subscript:2:17: note: subscript declared here
@MainActor open subscript(key: String) -> XCUIElement { get }}
                ^
/Users/hem/Documents/opt/my-daily-sprints/FocusBloxUITests/QuickEditBacklogUITests.swift:179:10: note: add '@MainActor' to make instance method 'testLongPressShowsContextMenu()' part of global actor 'MainActor'
    func testLongPressShowsContextMenu() throws {
         ^
    @MainActor 
/Users/hem/Documents/opt/my-daily-sprints/FocusBloxUITests/QuickEditBacklogUITests.swift:194:30: warning: main actor-isolated property 'buttons' can not be referenced from a nonisolated context
        let editAction = app.buttons["Bearbeiten"]
                             ^
/Applications/Xcode.app/Contents/Developer/Platforms/iPhoneSimulator.platform/Developer/Library/Frameworks/XCUIAutomation.framework/Headers/XCUIElementTypeQueryProvider.h:22:46: note: property declared here
@property (readonly, copy) XCUIElementQuery *buttons;
                                             ^
/Users/hem/Documents/opt/my-daily-sprints/FocusBloxUITests/QuickEditBacklogUITests.swift:179:10: note: add '@MainActor' to make instance method 'testLongPressShowsContextMenu()' part of global actor 'MainActor'
    func testLongPressShowsContextMenu() throws {
         ^
    @MainActor 
/Users/hem/Documents/opt/my-daily-sprints/FocusBloxUITests/QuickEditBacklogUITests.swift:196:24: warning: call to main actor-isolated instance method 'waitForExistence(timeout:)' in a synchronous nonisolated context
            editAction.waitForExistence(timeout: 3),
                       ^
XCUIAutomation.XCUIElement.waitForExistence:2:22: note: calls to instance method 'waitForExistence(timeout:)' from outside of its actor context are implicitly asynchronous
@MainActor open func waitForExistence(timeout: TimeInterval) -> Bool}
                     ^
/Users/hem/Documents/opt/my-daily-sprints/FocusBloxUITests/QuickEditBacklogUITests.swift:205:35: warning: main actor-isolated property 'firstMatch' can not be referenced from a nonisolated context
        let firstTask = app.cells.firstMatch
                                  ^
/Applications/Xcode.app/Contents/Developer/Platforms/iPhoneSimulator.platform/Developer/Library/Frameworks/XCUIAutomation.framework/Headers/XCUIElementTypeQueryProvider.h:105:35: note: property declared here
@property (readonly) XCUIElement *firstMatch;
                                  ^
/Users/hem/Documents/opt/my-daily-sprints/FocusBloxUITests/QuickEditBacklogUITests.swift:202:10: note: add '@MainActor' to make instance method 'testContextMenuEditOpensFormSheet()' part of global actor 'MainActor'
    func testContextMenuEditOpensFormSheet() throws {
         ^
    @MainActor 
/Users/hem/Documents/opt/my-daily-sprints/FocusBloxUITests/QuickEditBacklogUITests.swift:205:29: warning: main actor-isolated property 'cells' can not be referenced from a nonisolated context
        let firstTask = app.cells.firstMatch
                            ^
/Applications/Xcode.app/Contents/Developer/Platforms/iPhoneSimulator.platform/Developer/Library/Frameworks/XCUIAutomation.framework/Headers/XCUIElementTypeQueryProvider.h:91:46: note: property declared here
@property (readonly, copy) XCUIElementQuery *cells;
                                             ^
/Users/hem/Documents/opt/my-daily-sprints/FocusBloxUITests/QuickEditBacklogUITests.swift:202:10: note: add '@MainActor' to make instance method 'testContextMenuEditOpensFormSheet()' part of global actor 'MainActor'
    func testContextMenuEditOpensFormSheet() throws {
         ^
    @MainActor 
/Users/hem/Documents/opt/my-daily-sprints/FocusBloxUITests/QuickEditBacklogUITests.swift:206:25: warning: call to main actor-isolated instance method 'waitForExistence(timeout:)' in a synchronous nonisolated context
        guard firstTask.waitForExistence(timeout: 5) else {
                        ^
XCUIAutomation.XCUIElement.waitForExistence:2:22: note: calls to instance method 'waitForExistence(timeout:)' from outside of its actor context are implicitly asynchronous
@MainActor open func waitForExistence(timeout: TimeInterval) -> Bool}
                     ^
/Users/hem/Documents/opt/my-daily-sprints/FocusBloxUITests/QuickEditBacklogUITests.swift:202:10: note: add '@MainActor' to make instance method 'testContextMenuEditOpensFormSheet()' part of global actor 'MainActor'
    func testContextMenuEditOpensFormSheet() throws {
         ^
    @MainActor 
/Users/hem/Documents/opt/my-daily-sprints/FocusBloxUITests/QuickEditBacklogUITests.swift:212:19: warning: call to main actor-isolated instance method 'press(forDuration:)' in a synchronous nonisolated context
        firstTask.press(forDuration: 1.0)
                  ^
XCUIAutomation.XCUIElement.press:2:22: note: calls to instance method 'press(forDuration:)' from outside of its actor context are implicitly asynchronous
@MainActor open func press(forDuration duration: TimeInterval)}
                     ^
/Users/hem/Documents/opt/my-daily-sprints/FocusBloxUITests/QuickEditBacklogUITests.swift:202:10: note: add '@MainActor' to make instance method 'testContextMenuEditOpensFormSheet()' part of global actor 'MainActor'
    func testContextMenuEditOpensFormSheet() throws {
         ^
    @MainActor 
/Users/hem/Documents/opt/my-daily-sprints/FocusBloxUITests/QuickEditBacklogUITests.swift:215:37: warning: main actor-isolated subscript 'subscript(_:)' can not be referenced from a nonisolated context
        let editAction = app.buttons["Bearbeiten"]
                                    ^
XCUIAutomation.XCUIElementQuery.subscript:2:17: note: subscript declared here
@MainActor open subscript(key: String) -> XCUIElement { get }}
                ^
/Users/hem/Documents/opt/my-daily-sprints/FocusBloxUITests/QuickEditBacklogUITests.swift:202:10: note: add '@MainActor' to make instance method 'testContextMenuEditOpensFormSheet()' part of global actor 'MainActor'
    func testContextMenuEditOpensFormSheet() throws {
         ^
    @MainActor 
/Users/hem/Documents/opt/my-daily-sprints/FocusBloxUITests/QuickEditBacklogUITests.swift:215:30: warning: main actor-isolated property 'buttons' can not be referenced from a nonisolated context
        let editAction = app.buttons["Bearbeiten"]
                             ^
/Applications/Xcode.app/Contents/Developer/Platforms/iPhoneSimulator.platform/Developer/Library/Frameworks/XCUIAutomation.framework/Headers/XCUIElementTypeQueryProvider.h:22:46: note: property declared here
@property (readonly, copy) XCUIElementQuery *buttons;
                                             ^
/Users/hem/Documents/opt/my-daily-sprints/FocusBloxUITests/QuickEditBacklogUITests.swift:202:10: note: add '@MainActor' to make instance method 'testContextMenuEditOpensFormSheet()' part of global actor 'MainActor'
    func testContextMenuEditOpensFormSheet() throws {
         ^
    @MainActor 
/Users/hem/Documents/opt/my-daily-sprints/FocusBloxUITests/QuickEditBacklogUITests.swift:216:26: warning: call to main actor-isolated instance method 'waitForExistence(timeout:)' in a synchronous nonisolated context
        guard editAction.waitForExistence(timeout: 3) else {
                         ^
XCUIAutomation.XCUIElement.waitForExistence:2:22: note: calls to instance method 'waitForExistence(timeout:)' from outside of its actor context are implicitly asynchronous
@MainActor open func waitForExistence(timeout: TimeInterval) -> Bool}
                     ^
/Users/hem/Documents/opt/my-daily-sprints/FocusBloxUITests/QuickEditBacklogUITests.swift:202:10: note: add '@MainActor' to make instance method 'testContextMenuEditOpensFormSheet()' part of global actor 'MainActor'
    func testContextMenuEditOpensFormSheet() throws {
         ^
    @MainActor 
/Users/hem/Documents/opt/my-daily-sprints/FocusBloxUITests/QuickEditBacklogUITests.swift:221:20: warning: call to main actor-isolated instance method 'tap()' in a synchronous nonisolated context
        editAction.tap()
                   ^
XCUIAutomation.XCUIElement.tap:2:22: note: calls to instance method 'tap()' from outside of its actor context are implicitly asynchronous
@MainActor open func tap()}
                     ^
/Users/hem/Documents/opt/my-daily-sprints/FocusBloxUITests/QuickEditBacklogUITests.swift:202:10: note: add '@MainActor' to make instance method 'testContextMenuEditOpensFormSheet()' part of global actor 'MainActor'
    func testContextMenuEditOpensFormSheet() throws {
         ^
    @MainActor 
/Users/hem/Documents/opt/my-daily-sprints/FocusBloxUITests/QuickEditBacklogUITests.swift:225:40: warning: main actor-isolated subscript 'subscript(_:)' can not be referenced from a nonisolated context
        let titleField = app.textFields["taskTitle"]
                                       ^
XCUIAutomation.XCUIElementQuery.subscript:2:17: note: subscript declared here
@MainActor open subscript(key: String) -> XCUIElement { get }}
                ^
/Users/hem/Documents/opt/my-daily-sprints/FocusBloxUITests/QuickEditBacklogUITests.swift:202:10: note: add '@MainActor' to make instance method 'testContextMenuEditOpensFormSheet()' part of global actor 'MainActor'
    func testContextMenuEditOpensFormSheet() throws {
         ^
    @MainActor 
/Users/hem/Documents/opt/my-daily-sprints/FocusBloxUITests/QuickEditBacklogUITests.swift:225:30: warning: main actor-isolated property 'textFields' can not be referenced from a nonisolated context
        let titleField = app.textFields["taskTitle"]
                             ^
/Applications/Xcode.app/Contents/Developer/Platforms/iPhoneSimulator.platform/Developer/Library/Frameworks/XCUIAutomation.framework/Headers/XCUIElementTypeQueryProvider.h:63:46: note: property declared here
@property (readonly, copy) XCUIElementQuery *textFields;
                                             ^
/Users/hem/Documents/opt/my-daily-sprints/FocusBloxUITests/QuickEditBacklogUITests.swift:202:10: note: add '@MainActor' to make instance method 'testContextMenuEditOpensFormSheet()' part of global actor 'MainActor'
    func testContextMenuEditOpensFormSheet() throws {
         ^
    @MainActor 
/Users/hem/Documents/opt/my-daily-sprints/FocusBloxUITests/QuickEditBacklogUITests.swift:227:24: warning: call to main actor-isolated instance method 'waitForExistence(timeout:)' in a synchronous nonisolated context
            titleField.waitForExistence(timeout: 3),
                       ^
XCUIAutomation.XCUIElement.waitForExistence:2:22: note: calls to instance method 'waitForExistence(timeout:)' from outside of its actor context are implicitly asynchronous
@MainActor open func waitForExistence(timeout: TimeInterval) -> Bool}
                     ^

SwiftEmitModule normal arm64 Emitting\ module\ for\ FocusBloxTests (in target 'FocusBloxTests' from project 'FocusBlox')
EmitSwiftModule normal arm64 (in target 'FocusBloxTests' from project 'FocusBlox')
    cd /Users/hem/Documents/opt/my-daily-sprints
    

SwiftCompile normal arm64 Compiling\ QuickEditPickerTests.swift /Users/hem/Documents/opt/my-daily-sprints/FocusBloxTests/QuickEditPickerTests.swift (in target 'FocusBloxTests' from project 'FocusBlox')

SwiftCompile normal arm64 /Users/hem/Documents/opt/my-daily-sprints/FocusBloxTests/QuickEditPickerTests.swift (in target 'FocusBloxTests' from project 'FocusBlox')
    cd /Users/hem/Documents/opt/my-daily-sprints
    

ConstructStubExecutorLinkFileList /Users/hem/Library/Developer/Xcode/DerivedData/FocusBlox-awtxlldmubwqcwggsrfosewjcyoq/Build/Intermediates.noindex/FocusBlox.build/Debug-iphonesimulator/FocusBlox.build/FocusBlox-ExecutorLinkFileList-normal-arm64.txt (in target 'FocusBlox' from project 'FocusBlox')
    cd /Users/hem/Documents/opt/my-daily-sprints
    construct-stub-executor-link-file-list /Users/hem/Library/Developer/Xcode/DerivedData/FocusBlox-awtxlldmubwqcwggsrfosewjcyoq/Build/Products/Debug-iphonesimulator/FocusBlox.app/FocusBlox.debug.dylib /Applications/Xcode.app/Contents/Developer/Platforms/iPhoneSimulator.platform/Developer/usr/lib/libPreviewsJITStubExecutor_no_swift_entry_point.a /Applications/Xcode.app/Contents/Developer/Platforms/iPhoneSimulator.platform/Developer/usr/lib/libPreviewsJITStubExecutor.a --output /Users/hem/Library/Developer/Xcode/DerivedData/FocusBlox-awtxlldmubwqcwggsrfosewjcyoq/Build/Intermediates.noindex/FocusBlox.build/Debug-iphonesimulator/FocusBlox.build/FocusBlox-ExecutorLinkFileList-normal-arm64.txt
note: Using stub executor library with Swift entry point. (in target 'FocusBlox' from project 'FocusBlox')

Ld /Users/hem/Library/Developer/Xcode/DerivedData/FocusBlox-awtxlldmubwqcwggsrfosewjcyoq/Build/Products/Debug-iphonesimulator/FocusBlox.app/FocusBlox normal (in target 'FocusBlox' from project 'FocusBlox')
    cd /Users/hem/Documents/opt/my-daily-sprints
    /Applications/Xcode.app/Contents/Developer/Toolchains/XcodeDefault.xctoolchain/usr/bin/clang -Xlinker -reproducible -target arm64-apple-ios26.2-simulator -isysroot /Applications/Xcode.app/Contents/Developer/Platforms/iPhoneSimulator.platform/Developer/SDKs/iPhoneSimulator26.2.sdk -O0 -L/Users/hem/Library/Developer/Xcode/DerivedData/FocusBlox-awtxlldmubwqcwggsrfosewjcyoq/Build/Products/Debug-iphonesimulator -F/Users/hem/Library/Developer/Xcode/DerivedData/FocusBlox-awtxlldmubwqcwggsrfosewjcyoq/Build/Products/Debug-iphonesimulator -Xlinker -rpath -Xlinker @executable_path -Xlinker -rpath -Xlinker @executable_path/Frameworks -rdynamic -Xlinker -no_deduplicate -Xlinker -objc_abi_version -Xlinker 2 -Xlinker -debug_variant -e ___debug_blank_executor_main -Xlinker -sectcreate -Xlinker __TEXT -Xlinker __debug_dylib -Xlinker /Users/hem/Library/Developer/Xcode/DerivedData/FocusBlox-awtxlldmubwqcwggsrfosewjcyoq/Build/Intermediates.noindex/FocusBlox.build/Debug-iphonesimulator/FocusBlox.build/FocusBlox-DebugDylibPath-normal-arm64.txt -Xlinker -sectcreate -Xlinker __TEXT -Xlinker __debug_instlnm -Xlinker /Users/hem/Library/Developer/Xcode/DerivedData/FocusBlox-awtxlldmubwqcwggsrfosewjcyoq/Build/Intermediates.noindex/FocusBlox.build/Debug-iphonesimulator/FocusBlox.build/FocusBlox-DebugDylibInstallName-normal-arm64.txt -Xlinker -filelist -Xlinker /Users/hem/Library/Developer/Xcode/DerivedData/FocusBlox-awtxlldmubwqcwggsrfosewjcyoq/Build/Intermediates.noindex/FocusBlox.build/Debug-iphonesimulator/FocusBlox.build/FocusBlox-ExecutorLinkFileList-normal-arm64.txt /Users/hem/Library/Developer/Xcode/DerivedData/FocusBlox-awtxlldmubwqcwggsrfosewjcyoq/Build/Products/Debug-iphonesimulator/FocusBlox.app/FocusBlox.debug.dylib -o /Users/hem/Library/Developer/Xcode/DerivedData/FocusBlox-awtxlldmubwqcwggsrfosewjcyoq/Build/Products/Debug-iphonesimulator/FocusBlox.app/FocusBlox

ProcessInfoPlistFile /Users/hem/Library/Developer/Xcode/DerivedData/FocusBlox-awtxlldmubwqcwggsrfosewjcyoq/Build/Products/Debug-iphonesimulator/FocusBlox.app/Info.plist /Users/hem/Documents/opt/my-daily-sprints/Resources/Info.plist (in target 'FocusBlox' from project 'FocusBlox')
    cd /Users/hem/Documents/opt/my-daily-sprints
    builtin-infoPlistUtility /Users/hem/Documents/opt/my-daily-sprints/Resources/Info.plist -producttype com.apple.product-type.application -genpkginfo /Users/hem/Library/Developer/Xcode/DerivedData/FocusBlox-awtxlldmubwqcwggsrfosewjcyoq/Build/Products/Debug-iphonesimulator/FocusBlox.app/PkgInfo -expandbuildsettings -format binary -platform iphonesimulator -additionalcontentfile /Users/hem/Library/Developer/Xcode/DerivedData/FocusBlox-awtxlldmubwqcwggsrfosewjcyoq/Build/Intermediates.noindex/FocusBlox.build/Debug-iphonesimulator/FocusBlox.build/assetcatalog_generated_info.plist -scanforprivacyfile /Users/hem/Library/Developer/Xcode/DerivedData/FocusBlox-awtxlldmubwqcwggsrfosewjcyoq/Build/Products/Debug-iphonesimulator/FocusBlox.app/Frameworks/FocusBloxCore.framework -scanforprivacyfile /Users/hem/Library/Developer/Xcode/DerivedData/FocusBlox-awtxlldmubwqcwggsrfosewjcyoq/Build/Products/Debug-iphonesimulator/FocusBlox.app/PlugIns/FocusBloxWidgetsExtension.appex -o /Users/hem/Library/Developer/Xcode/DerivedData/FocusBlox-awtxlldmubwqcwggsrfosewjcyoq/Build/Products/Debug-iphonesimulator/FocusBlox.app/Info.plist
warning: 'UIRequiresFullScreen' has been deprecated starting in iOS 26.0 and will be ignored in a future release. See the UIRequiresFullScreen documentation for more details. (in target 'FocusBlox' from project 'FocusBlox')

ExtractAppIntentsMetadata (in target 'FocusBlox' from project 'FocusBlox')
    cd /Users/hem/Documents/opt/my-daily-sprints
    /Applications/Xcode.app/Contents/Developer/Toolchains/XcodeDefault.xctoolchain/usr/bin/appintentsmetadataprocessor --toolchain-dir /Applications/Xcode.app/Contents/Developer/Toolchains/XcodeDefault.xctoolchain --module-name FocusBlox --sdk-root /Applications/Xcode.app/Contents/Developer/Platforms/iPhoneSimulator.platform/Developer/SDKs/iPhoneSimulator26.2.sdk --xcode-version 17C52 --platform-family iOS --deployment-target 26.2 --bundle-identifier com.henning.timebox --output /Users/hem/Library/Developer/Xcode/DerivedData/FocusBlox-awtxlldmubwqcwggsrfosewjcyoq/Build/Products/Debug-iphonesimulator/FocusBlox.app --target-triple arm64-apple-ios26.2-simulator --binary-file /Users/hem/Library/Developer/Xcode/DerivedData/FocusBlox-awtxlldmubwqcwggsrfosewjcyoq/Build/Products/Debug-iphonesimulator/FocusBlox.app/FocusBlox --dependency-file /Users/hem/Library/Developer/Xcode/DerivedData/FocusBlox-awtxlldmubwqcwggsrfosewjcyoq/Build/Intermediates.noindex/FocusBlox.build/Debug-iphonesimulator/FocusBlox.build/Objects-normal/arm64/FocusBlox_dependency_info.dat --stringsdata-file /Users/hem/Library/Developer/Xcode/DerivedData/FocusBlox-awtxlldmubwqcwggsrfosewjcyoq/Build/Intermediates.noindex/FocusBlox.build/Debug-iphonesimulator/FocusBlox.build/Objects-normal/arm64/ExtractedAppShortcutsMetadata.stringsdata --source-file-list /Users/hem/Library/Developer/Xcode/DerivedData/FocusBlox-awtxlldmubwqcwggsrfosewjcyoq/Build/Intermediates.noindex/FocusBlox.build/Debug-iphonesimulator/FocusBlox.build/Objects-normal/arm64/FocusBlox.SwiftFileList --metadata-file-list /Users/hem/Library/Developer/Xcode/DerivedData/FocusBlox-awtxlldmubwqcwggsrfosewjcyoq/Build/Intermediates.noindex/FocusBlox.build/Debug-iphonesimulator/FocusBlox.build/FocusBlox.DependencyMetadataFileList --static-metadata-file-list /Users/hem/Library/Developer/Xcode/DerivedData/FocusBlox-awtxlldmubwqcwggsrfosewjcyoq/Build/Intermediates.noindex/FocusBlox.build/Debug-iphonesimulator/FocusBlox.build/FocusBlox.DependencyStaticMetadataFileList --swift-const-vals-list /Users/hem/Library/Developer/Xcode/DerivedData/FocusBlox-awtxlldmubwqcwggsrfosewjcyoq/Build/Intermediates.noindex/FocusBlox.build/Debug-iphonesimulator/FocusBlox.build/Objects-normal/arm64/FocusBlox.SwiftConstValuesFileList --compile-time-extraction --deployment-aware-processing --validate-assistant-intents --no-app-shortcuts-localization
2026-01-27 20:45:31.707 appintentsmetadataprocessor[15941:38680808] Starting appintentsmetadataprocessor export
2026-01-27 20:45:31.845 appintentsmetadataprocessor[15941:38680808] Extracted no relevant App Intents symbols, skipping writing output

CopySwiftLibs /Users/hem/Library/Developer/Xcode/DerivedData/FocusBlox-awtxlldmubwqcwggsrfosewjcyoq/Build/Products/Debug-iphonesimulator/FocusBlox.app (in target 'FocusBlox' from project 'FocusBlox')
    cd /Users/hem/Documents/opt/my-daily-sprints
    builtin-swiftStdLibTool --copy --verbose --scan-executable /Users/hem/Library/Developer/Xcode/DerivedData/FocusBlox-awtxlldmubwqcwggsrfosewjcyoq/Build/Products/Debug-iphonesimulator/FocusBlox.app/FocusBlox.debug.dylib --scan-folder /Users/hem/Library/Developer/Xcode/DerivedData/FocusBlox-awtxlldmubwqcwggsrfosewjcyoq/Build/Products/Debug-iphonesimulator/FocusBlox.app/Frameworks --scan-folder /Users/hem/Library/Developer/Xcode/DerivedData/FocusBlox-awtxlldmubwqcwggsrfosewjcyoq/Build/Products/Debug-iphonesimulator/FocusBlox.app/PlugIns --scan-folder /Users/hem/Library/Developer/Xcode/DerivedData/FocusBlox-awtxlldmubwqcwggsrfosewjcyoq/Build/Products/Debug-iphonesimulator/FocusBlox.app/SystemExtensions --scan-folder /Users/hem/Library/Developer/Xcode/DerivedData/FocusBlox-awtxlldmubwqcwggsrfosewjcyoq/Build/Products/Debug-iphonesimulator/FocusBlox.app/Extensions --scan-folder /Users/hem/Library/Developer/Xcode/DerivedData/FocusBlox-awtxlldmubwqcwggsrfosewjcyoq/Build/Products/Debug-iphonesimulator/FocusBloxCore.framework --platform iphonesimulator --toolchain /Applications/Xcode.app/Contents/Developer/Toolchains/XcodeDefault.xctoolchain --destination /Users/hem/Library/Developer/Xcode/DerivedData/FocusBlox-awtxlldmubwqcwggsrfosewjcyoq/Build/Products/Debug-iphonesimulator/FocusBlox.app/Frameworks --strip-bitcode --strip-bitcode-tool /Applications/Xcode.app/Contents/Developer/Toolchains/XcodeDefault.xctoolchain/usr/bin/bitcode_strip --emit-dependency-info /Users/hem/Library/Developer/Xcode/DerivedData/FocusBlox-awtxlldmubwqcwggsrfosewjcyoq/Build/Intermediates.noindex/FocusBlox.build/Debug-iphonesimulator/FocusBlox.build/SwiftStdLibToolInputDependencies.dep --filter-for-swift-os
Ignoring --strip-bitcode because --sign was not passed

SwiftDriverJobDiscovery normal arm64 Compiling QuickEditPickerTests.swift (in target 'FocusBloxTests' from project 'FocusBlox')

SwiftDriverJobDiscovery normal arm64 Emitting module for FocusBloxUITests (in target 'FocusBloxUITests' from project 'FocusBlox')

SwiftDriver\ Compilation\ Requirements FocusBloxUITests normal arm64 com.apple.xcode.tools.swift.compiler (in target 'FocusBloxUITests' from project 'FocusBlox')
    cd /Users/hem/Documents/opt/my-daily-sprints
    builtin-Swift-Compilation-Requirements -- /Applications/Xcode.app/Contents/Developer/Toolchains/XcodeDefault.xctoolchain/usr/bin/swiftc -module-name FocusBloxUITests -Onone -enforce-exclusivity\=checked @/Users/hem/Library/Developer/Xcode/DerivedData/FocusBlox-awtxlldmubwqcwggsrfosewjcyoq/Build/Intermediates.noindex/FocusBlox.build/Debug-iphonesimulator/FocusBloxUITests.build/Objects-normal/arm64/FocusBloxUITests.SwiftFileList -DDEBUG -module-alias Testing\=_Testing_Unavailable -plugin-path /Applications/Xcode.app/Contents/Developer/Toolchains/XcodeDefault.xctoolchain/usr/lib/swift/host/plugins/testing -enable-experimental-feature DebugDescriptionMacro -sdk /Applications/Xcode.app/Contents/Developer/Platforms/iPhoneSimulator.platform/Developer/SDKs/iPhoneSimulator26.2.sdk -target arm64-apple-ios26.2-simulator -g -module-cache-path /Users/hem/Library/Developer/Xcode/DerivedData/ModuleCache.noindex -Xfrontend -serialize-debugging-options -profile-coverage-mapping -profile-generate -enable-testing -index-store-path /Users/hem/Library/Developer/Xcode/DerivedData/FocusBlox-awtxlldmubwqcwggsrfosewjcyoq/Index.noindex/DataStore -Xcc -D_LIBCPP_HARDENING_MODE\=_LIBCPP_HARDENING_MODE_DEBUG -swift-version 6 -I /Users/hem/Library/Developer/Xcode/DerivedData/FocusBlox-awtxlldmubwqcwggsrfosewjcyoq/Build/Products/Debug-iphonesimulator -Isystem /Applications/Xcode.app/Contents/Developer/Platforms/iPhoneSimulator.platform/Developer/usr/lib -F /Users/hem/Library/Developer/Xcode/DerivedData/FocusBlox-awtxlldmubwqcwggsrfosewjcyoq/Build/Products/Debug-iphonesimulator -F /Applications/Xcode.app/Contents/Developer/Platforms/iPhoneSimulator.platform/Developer/Library/Frameworks -F /Applications/Xcode.app/Contents/Developer/Platforms/iPhoneSimulator.platform/Developer/SDKs/iPhoneSimulator26.2.sdk/Developer/Library/Frameworks -c -j10 -enable-batch-mode -incremental -Xcc -ivfsstatcache -Xcc /Users/hem/Library/Developer/Xcode/DerivedData/SDKStatCaches.noindex/iphonesimulator26.2-23C53-7d00a8b37fbd7999ea79df8ebc024bf0.sdkstatcache -output-file-map /Users/hem/Library/Developer/Xcode/DerivedData/FocusBlox-awtxlldmubwqcwggsrfosewjcyoq/Build/Intermediates.noindex/FocusBlox.build/Debug-iphonesimulator/FocusBloxUITests.build/Objects-normal/arm64/FocusBloxUITests-OutputFileMap.json -use-frontend-parseable-output -save-temps -no-color-diagnostics -explicit-module-build -module-cache-path /Users/hem/Library/Developer/Xcode/DerivedData/FocusBlox-awtxlldmubwqcwggsrfosewjcyoq/Build/Intermediates.noindex/SwiftExplicitPrecompiledModules -clang-scanner-module-cache-path /Users/hem/Library/Developer/Xcode/DerivedData/ModuleCache.noindex -sdk-module-cache-path /Users/hem/Library/Developer/Xcode/DerivedData/ModuleCache.noindex -serialize-diagnostics -emit-dependencies -emit-module -emit-module-path /Users/hem/Library/Developer/Xcode/DerivedData/FocusBlox-awtxlldmubwqcwggsrfosewjcyoq/Build/Intermediates.noindex/FocusBlox.build/Debug-iphonesimulator/FocusBloxUITests.build/Objects-normal/arm64/FocusBloxUITests.swiftmodule -validate-clang-modules-once -clang-build-session-file /Users/hem/Library/Developer/Xcode/DerivedData/ModuleCache.noindex/Session.modulevalidation -Xcc -I/Users/hem/Library/Developer/Xcode/DerivedData/FocusBlox-awtxlldmubwqcwggsrfosewjcyoq/Build/Intermediates.noindex/FocusBlox.build/Debug-iphonesimulator/FocusBloxUITests.build/swift-overrides.hmap -emit-const-values -Xfrontend -const-gather-protocols-file -Xfrontend /Users/hem/Library/Developer/Xcode/DerivedData/FocusBlox-awtxlldmubwqcwggsrfosewjcyoq/Build/Intermediates.noindex/FocusBlox.build/Debug-iphonesimulator/FocusBloxUITests.build/Objects-normal/arm64/FocusBloxUITests_const_extract_protocols.json -Xcc -iquote -Xcc /Users/hem/Library/Developer/Xcode/DerivedData/FocusBlox-awtxlldmubwqcwggsrfosewjcyoq/Build/Intermediates.noindex/FocusBlox.build/Debug-iphonesimulator/FocusBloxUITests.build/FocusBloxUITests-generated-files.hmap -Xcc -I/Users/hem/Library/Developer/Xcode/DerivedData/FocusBlox-awtxlldmubwqcwggsrfosewjcyoq/Build/Intermediates.noindex/FocusBlox.build/Debug-iphonesimulator/FocusBloxUITests.build/FocusBloxUITests-own-target-headers.hmap -Xcc -I/Users/hem/Library/Developer/Xcode/DerivedData/FocusBlox-awtxlldmubwqcwggsrfosewjcyoq/Build/Intermediates.noindex/FocusBlox.build/Debug-iphonesimulator/FocusBloxUITests.build/FocusBloxUITests-all-target-headers.hmap -Xcc -iquote -Xcc /Users/hem/Library/Developer/Xcode/DerivedData/FocusBlox-awtxlldmubwqcwggsrfosewjcyoq/Build/Intermediates.noindex/FocusBlox.build/Debug-iphonesimulator/FocusBloxUITests.build/FocusBloxUITests-project-headers.hmap -Xcc -I/Users/hem/Library/Developer/Xcode/DerivedData/FocusBlox-awtxlldmubwqcwggsrfosewjcyoq/Build/Products/Debug-iphonesimulator/include -Xcc -I/Users/hem/Library/Developer/Xcode/DerivedData/FocusBlox-awtxlldmubwqcwggsrfosewjcyoq/Build/Intermediates.noindex/FocusBlox.build/Debug-iphonesimulator/FocusBloxUITests.build/DerivedSources-normal/arm64 -Xcc -I/Users/hem/Library/Developer/Xcode/DerivedData/FocusBlox-awtxlldmubwqcwggsrfosewjcyoq/Build/Intermediates.noindex/FocusBlox.build/Debug-iphonesimulator/FocusBloxUITests.build/DerivedSources/arm64 -Xcc -I/Users/hem/Library/Developer/Xcode/DerivedData/FocusBlox-awtxlldmubwqcwggsrfosewjcyoq/Build/Intermediates.noindex/FocusBlox.build/Debug-iphonesimulator/FocusBloxUITests.build/DerivedSources -Xcc -DDEBUG\=1 -emit-objc-header -emit-objc-header-path /Users/hem/Library/Developer/Xcode/DerivedData/FocusBlox-awtxlldmubwqcwggsrfosewjcyoq/Build/Intermediates.noindex/FocusBlox.build/Debug-iphonesimulator/FocusBloxUITests.build/Objects-normal/arm64/FocusBloxUITests-Swift.h -working-directory /Users/hem/Documents/opt/my-daily-sprints -experimental-emit-module-separately -disable-cmo

Copy /Users/hem/Library/Developer/Xcode/DerivedData/FocusBlox-awtxlldmubwqcwggsrfosewjcyoq/Build/Products/Debug-iphonesimulator/FocusBloxUITests.swiftmodule/Project/arm64-apple-ios-simulator.swiftsourceinfo /Users/hem/Library/Developer/Xcode/DerivedData/FocusBlox-awtxlldmubwqcwggsrfosewjcyoq/Build/Intermediates.noindex/FocusBlox.build/Debug-iphonesimulator/FocusBloxUITests.build/Objects-normal/arm64/FocusBloxUITests.swiftsourceinfo (in target 'FocusBloxUITests' from project 'FocusBlox')
    cd /Users/hem/Documents/opt/my-daily-sprints
    builtin-copy -exclude .DS_Store -exclude CVS -exclude .svn -exclude .git -exclude .hg -resolve-src-symlinks -rename /Users/hem/Library/Developer/Xcode/DerivedData/FocusBlox-awtxlldmubwqcwggsrfosewjcyoq/Build/Intermediates.noindex/FocusBlox.build/Debug-iphonesimulator/FocusBloxUITests.build/Objects-normal/arm64/FocusBloxUITests.swiftsourceinfo /Users/hem/Library/Developer/Xcode/DerivedData/FocusBlox-awtxlldmubwqcwggsrfosewjcyoq/Build/Products/Debug-iphonesimulator/FocusBloxUITests.swiftmodule/Project/arm64-apple-ios-simulator.swiftsourceinfo

SwiftDriverJobDiscovery normal arm64 Compiling QuickEditBacklogUITests.swift (in target 'FocusBloxUITests' from project 'FocusBlox')

SwiftDriver\ Compilation FocusBloxUITests normal arm64 com.apple.xcode.tools.swift.compiler (in target 'FocusBloxUITests' from project 'FocusBlox')
    cd /Users/hem/Documents/opt/my-daily-sprints
    builtin-Swift-Compilation -- /Applications/Xcode.app/Contents/Developer/Toolchains/XcodeDefault.xctoolchain/usr/bin/swiftc -module-name FocusBloxUITests -Onone -enforce-exclusivity\=checked @/Users/hem/Library/Developer/Xcode/DerivedData/FocusBlox-awtxlldmubwqcwggsrfosewjcyoq/Build/Intermediates.noindex/FocusBlox.build/Debug-iphonesimulator/FocusBloxUITests.build/Objects-normal/arm64/FocusBloxUITests.SwiftFileList -DDEBUG -module-alias Testing\=_Testing_Unavailable -plugin-path /Applications/Xcode.app/Contents/Developer/Toolchains/XcodeDefault.xctoolchain/usr/lib/swift/host/plugins/testing -enable-experimental-feature DebugDescriptionMacro -sdk /Applications/Xcode.app/Contents/Developer/Platforms/iPhoneSimulator.platform/Developer/SDKs/iPhoneSimulator26.2.sdk -target arm64-apple-ios26.2-simulator -g -module-cache-path /Users/hem/Library/Developer/Xcode/DerivedData/ModuleCache.noindex -Xfrontend -serialize-debugging-options -profile-coverage-mapping -profile-generate -enable-testing -index-store-path /Users/hem/Library/Developer/Xcode/DerivedData/FocusBlox-awtxlldmubwqcwggsrfosewjcyoq/Index.noindex/DataStore -Xcc -D_LIBCPP_HARDENING_MODE\=_LIBCPP_HARDENING_MODE_DEBUG -swift-version 6 -I /Users/hem/Library/Developer/Xcode/DerivedData/FocusBlox-awtxlldmubwqcwggsrfosewjcyoq/Build/Products/Debug-iphonesimulator -Isystem /Applications/Xcode.app/Contents/Developer/Platforms/iPhoneSimulator.platform/Developer/usr/lib -F /Users/hem/Library/Developer/Xcode/DerivedData/FocusBlox-awtxlldmubwqcwggsrfosewjcyoq/Build/Products/Debug-iphonesimulator -F /Applications/Xcode.app/Contents/Developer/Platforms/iPhoneSimulator.platform/Developer/Library/Frameworks -F /Applications/Xcode.app/Contents/Developer/Platforms/iPhoneSimulator.platform/Developer/SDKs/iPhoneSimulator26.2.sdk/Developer/Library/Frameworks -c -j10 -enable-batch-mode -incremental -Xcc -ivfsstatcache -Xcc /Users/hem/Library/Developer/Xcode/DerivedData/SDKStatCaches.noindex/iphonesimulator26.2-23C53-7d00a8b37fbd7999ea79df8ebc024bf0.sdkstatcache -output-file-map /Users/hem/Library/Developer/Xcode/DerivedData/FocusBlox-awtxlldmubwqcwggsrfosewjcyoq/Build/Intermediates.noindex/FocusBlox.build/Debug-iphonesimulator/FocusBloxUITests.build/Objects-normal/arm64/FocusBloxUITests-OutputFileMap.json -use-frontend-parseable-output -save-temps -no-color-diagnostics -explicit-module-build -module-cache-path /Users/hem/Library/Developer/Xcode/DerivedData/FocusBlox-awtxlldmubwqcwggsrfosewjcyoq/Build/Intermediates.noindex/SwiftExplicitPrecompiledModules -clang-scanner-module-cache-path /Users/hem/Library/Developer/Xcode/DerivedData/ModuleCache.noindex -sdk-module-cache-path /Users/hem/Library/Developer/Xcode/DerivedData/ModuleCache.noindex -serialize-diagnostics -emit-dependencies -emit-module -emit-module-path /Users/hem/Library/Developer/Xcode/DerivedData/FocusBlox-awtxlldmubwqcwggsrfosewjcyoq/Build/Intermediates.noindex/FocusBlox.build/Debug-iphonesimulator/FocusBloxUITests.build/Objects-normal/arm64/FocusBloxUITests.swiftmodule -validate-clang-modules-once -clang-build-session-file /Users/hem/Library/Developer/Xcode/DerivedData/ModuleCache.noindex/Session.modulevalidation -Xcc -I/Users/hem/Library/Developer/Xcode/DerivedData/FocusBlox-awtxlldmubwqcwggsrfosewjcyoq/Build/Intermediates.noindex/FocusBlox.build/Debug-iphonesimulator/FocusBloxUITests.build/swift-overrides.hmap -emit-const-values -Xfrontend -const-gather-protocols-file -Xfrontend /Users/hem/Library/Developer/Xcode/DerivedData/FocusBlox-awtxlldmubwqcwggsrfosewjcyoq/Build/Intermediates.noindex/FocusBlox.build/Debug-iphonesimulator/FocusBloxUITests.build/Objects-normal/arm64/FocusBloxUITests_const_extract_protocols.json -Xcc -iquote -Xcc /Users/hem/Library/Developer/Xcode/DerivedData/FocusBlox-awtxlldmubwqcwggsrfosewjcyoq/Build/Intermediates.noindex/FocusBlox.build/Debug-iphonesimulator/FocusBloxUITests.build/FocusBloxUITests-generated-files.hmap -Xcc -I/Users/hem/Library/Developer/Xcode/DerivedData/FocusBlox-awtxlldmubwqcwggsrfosewjcyoq/Build/Intermediates.noindex/FocusBlox.build/Debug-iphonesimulator/FocusBloxUITests.build/FocusBloxUITests-own-target-headers.hmap -Xcc -I/Users/hem/Library/Developer/Xcode/DerivedData/FocusBlox-awtxlldmubwqcwggsrfosewjcyoq/Build/Intermediates.noindex/FocusBlox.build/Debug-iphonesimulator/FocusBloxUITests.build/FocusBloxUITests-all-target-headers.hmap -Xcc -iquote -Xcc /Users/hem/Library/Developer/Xcode/DerivedData/FocusBlox-awtxlldmubwqcwggsrfosewjcyoq/Build/Intermediates.noindex/FocusBlox.build/Debug-iphonesimulator/FocusBloxUITests.build/FocusBloxUITests-project-headers.hmap -Xcc -I/Users/hem/Library/Developer/Xcode/DerivedData/FocusBlox-awtxlldmubwqcwggsrfosewjcyoq/Build/Products/Debug-iphonesimulator/include -Xcc -I/Users/hem/Library/Developer/Xcode/DerivedData/FocusBlox-awtxlldmubwqcwggsrfosewjcyoq/Build/Intermediates.noindex/FocusBlox.build/Debug-iphonesimulator/FocusBloxUITests.build/DerivedSources-normal/arm64 -Xcc -I/Users/hem/Library/Developer/Xcode/DerivedData/FocusBlox-awtxlldmubwqcwggsrfosewjcyoq/Build/Intermediates.noindex/FocusBlox.build/Debug-iphonesimulator/FocusBloxUITests.build/DerivedSources/arm64 -Xcc -I/Users/hem/Library/Developer/Xcode/DerivedData/FocusBlox-awtxlldmubwqcwggsrfosewjcyoq/Build/Intermediates.noindex/FocusBlox.build/Debug-iphonesimulator/FocusBloxUITests.build/DerivedSources -Xcc -DDEBUG\=1 -emit-objc-header -emit-objc-header-path /Users/hem/Library/Developer/Xcode/DerivedData/FocusBlox-awtxlldmubwqcwggsrfosewjcyoq/Build/Intermediates.noindex/FocusBlox.build/Debug-iphonesimulator/FocusBloxUITests.build/Objects-normal/arm64/FocusBloxUITests-Swift.h -working-directory /Users/hem/Documents/opt/my-daily-sprints -experimental-emit-module-separately -disable-cmo

Copy /Users/hem/Library/Developer/Xcode/DerivedData/FocusBlox-awtxlldmubwqcwggsrfosewjcyoq/Build/Products/Debug-iphonesimulator/FocusBloxUITests.swiftmodule/arm64-apple-ios-simulator.abi.json /Users/hem/Library/Developer/Xcode/DerivedData/FocusBlox-awtxlldmubwqcwggsrfosewjcyoq/Build/Intermediates.noindex/FocusBlox.build/Debug-iphonesimulator/FocusBloxUITests.build/Objects-normal/arm64/FocusBloxUITests.abi.json (in target 'FocusBloxUITests' from project 'FocusBlox')
    cd /Users/hem/Documents/opt/my-daily-sprints
    builtin-copy -exclude .DS_Store -exclude CVS -exclude .svn -exclude .git -exclude .hg -resolve-src-symlinks -rename /Users/hem/Library/Developer/Xcode/DerivedData/FocusBlox-awtxlldmubwqcwggsrfosewjcyoq/Build/Intermediates.noindex/FocusBlox.build/Debug-iphonesimulator/FocusBloxUITests.build/Objects-normal/arm64/FocusBloxUITests.abi.json /Users/hem/Library/Developer/Xcode/DerivedData/FocusBlox-awtxlldmubwqcwggsrfosewjcyoq/Build/Products/Debug-iphonesimulator/FocusBloxUITests.swiftmodule/arm64-apple-ios-simulator.abi.json

Copy /Users/hem/Library/Developer/Xcode/DerivedData/FocusBlox-awtxlldmubwqcwggsrfosewjcyoq/Build/Products/Debug-iphonesimulator/FocusBloxUITests.swiftmodule/arm64-apple-ios-simulator.swiftdoc /Users/hem/Library/Developer/Xcode/DerivedData/FocusBlox-awtxlldmubwqcwggsrfosewjcyoq/Build/Intermediates.noindex/FocusBlox.build/Debug-iphonesimulator/FocusBloxUITests.build/Objects-normal/arm64/FocusBloxUITests.swiftdoc (in target 'FocusBloxUITests' from project 'FocusBlox')
    cd /Users/hem/Documents/opt/my-daily-sprints
    builtin-copy -exclude .DS_Store -exclude CVS -exclude .svn -exclude .git -exclude .hg -resolve-src-symlinks -rename /Users/hem/Library/Developer/Xcode/DerivedData/FocusBlox-awtxlldmubwqcwggsrfosewjcyoq/Build/Intermediates.noindex/FocusBlox.build/Debug-iphonesimulator/FocusBloxUITests.build/Objects-normal/arm64/FocusBloxUITests.swiftdoc /Users/hem/Library/Developer/Xcode/DerivedData/FocusBlox-awtxlldmubwqcwggsrfosewjcyoq/Build/Products/Debug-iphonesimulator/FocusBloxUITests.swiftmodule/arm64-apple-ios-simulator.swiftdoc

SwiftDriverJobDiscovery normal arm64 Emitting module for FocusBloxTests (in target 'FocusBloxTests' from project 'FocusBlox')

SwiftDriver\ Compilation\ Requirements FocusBloxTests normal arm64 com.apple.xcode.tools.swift.compiler (in target 'FocusBloxTests' from project 'FocusBlox')
    cd /Users/hem/Documents/opt/my-daily-sprints
    builtin-Swift-Compilation-Requirements -- /Applications/Xcode.app/Contents/Developer/Toolchains/XcodeDefault.xctoolchain/usr/bin/swiftc -module-name FocusBloxTests -Onone -enforce-exclusivity\=checked @/Users/hem/Library/Developer/Xcode/DerivedData/FocusBlox-awtxlldmubwqcwggsrfosewjcyoq/Build/Intermediates.noindex/FocusBlox.build/Debug-iphonesimulator/FocusBloxTests.build/Objects-normal/arm64/FocusBloxTests.SwiftFileList -DDEBUG -plugin-path /Applications/Xcode.app/Contents/Developer/Toolchains/XcodeDefault.xctoolchain/usr/lib/swift/host/plugins/testing -enable-experimental-feature DebugDescriptionMacro -sdk /Applications/Xcode.app/Contents/Developer/Platforms/iPhoneSimulator.platform/Developer/SDKs/iPhoneSimulator26.2.sdk -target arm64-apple-ios26.2-simulator -g -module-cache-path /Users/hem/Library/Developer/Xcode/DerivedData/ModuleCache.noindex -Xfrontend -serialize-debugging-options -profile-coverage-mapping -profile-generate -enable-testing -index-store-path /Users/hem/Library/Developer/Xcode/DerivedData/FocusBlox-awtxlldmubwqcwggsrfosewjcyoq/Index.noindex/DataStore -Xcc -D_LIBCPP_HARDENING_MODE\=_LIBCPP_HARDENING_MODE_DEBUG -swift-version 6 -I /Users/hem/Library/Developer/Xcode/DerivedData/FocusBlox-awtxlldmubwqcwggsrfosewjcyoq/Build/Products/Debug-iphonesimulator -Isystem /Applications/Xcode.app/Contents/Developer/Platforms/iPhoneSimulator.platform/Developer/usr/lib -F /Users/hem/Library/Developer/Xcode/DerivedData/FocusBlox-awtxlldmubwqcwggsrfosewjcyoq/Build/Products/Debug-iphonesimulator -F /Applications/Xcode.app/Contents/Developer/Platforms/iPhoneSimulator.platform/Developer/Library/Frameworks -F /Applications/Xcode.app/Contents/Developer/Platforms/iPhoneSimulator.platform/Developer/SDKs/iPhoneSimulator26.2.sdk/Developer/Library/Frameworks -c -j10 -enable-batch-mode -incremental -Xcc -ivfsstatcache -Xcc /Users/hem/Library/Developer/Xcode/DerivedData/SDKStatCaches.noindex/iphonesimulator26.2-23C53-7d00a8b37fbd7999ea79df8ebc024bf0.sdkstatcache -output-file-map /Users/hem/Library/Developer/Xcode/DerivedData/FocusBlox-awtxlldmubwqcwggsrfosewjcyoq/Build/Intermediates.noindex/FocusBlox.build/Debug-iphonesimulator/FocusBloxTests.build/Objects-normal/arm64/FocusBloxTests-OutputFileMap.json -use-frontend-parseable-output -save-temps -no-color-diagnostics -explicit-module-build -module-cache-path /Users/hem/Library/Developer/Xcode/DerivedData/FocusBlox-awtxlldmubwqcwggsrfosewjcyoq/Build/Intermediates.noindex/SwiftExplicitPrecompiledModules -clang-scanner-module-cache-path /Users/hem/Library/Developer/Xcode/DerivedData/ModuleCache.noindex -sdk-module-cache-path /Users/hem/Library/Developer/Xcode/DerivedData/ModuleCache.noindex -serialize-diagnostics -emit-dependencies -emit-module -emit-module-path /Users/hem/Library/Developer/Xcode/DerivedData/FocusBlox-awtxlldmubwqcwggsrfosewjcyoq/Build/Intermediates.noindex/FocusBlox.build/Debug-iphonesimulator/FocusBloxTests.build/Objects-normal/arm64/FocusBloxTests.swiftmodule -validate-clang-modules-once -clang-build-session-file /Users/hem/Library/Developer/Xcode/DerivedData/ModuleCache.noindex/Session.modulevalidation -Xcc -I/Users/hem/Library/Developer/Xcode/DerivedData/FocusBlox-awtxlldmubwqcwggsrfosewjcyoq/Build/Intermediates.noindex/FocusBlox.build/Debug-iphonesimulator/FocusBloxTests.build/swift-overrides.hmap -emit-const-values -Xfrontend -const-gather-protocols-file -Xfrontend /Users/hem/Library/Developer/Xcode/DerivedData/FocusBlox-awtxlldmubwqcwggsrfosewjcyoq/Build/Intermediates.noindex/FocusBlox.build/Debug-iphonesimulator/FocusBloxTests.build/Objects-normal/arm64/FocusBloxTests_const_extract_protocols.json -Xcc -iquote -Xcc /Users/hem/Library/Developer/Xcode/DerivedData/FocusBlox-awtxlldmubwqcwggsrfosewjcyoq/Build/Intermediates.noindex/FocusBlox.build/Debug-iphonesimulator/FocusBloxTests.build/FocusBloxTests-generated-files.hmap -Xcc -I/Users/hem/Library/Developer/Xcode/DerivedData/FocusBlox-awtxlldmubwqcwggsrfosewjcyoq/Build/Intermediates.noindex/FocusBlox.build/Debug-iphonesimulator/FocusBloxTests.build/FocusBloxTests-own-target-headers.hmap -Xcc -I/Users/hem/Library/Developer/Xcode/DerivedData/FocusBlox-awtxlldmubwqcwggsrfosewjcyoq/Build/Intermediates.noindex/FocusBlox.build/Debug-iphonesimulator/FocusBloxTests.build/FocusBloxTests-all-target-headers.hmap -Xcc -iquote -Xcc /Users/hem/Library/Developer/Xcode/DerivedData/FocusBlox-awtxlldmubwqcwggsrfosewjcyoq/Build/Intermediates.noindex/FocusBlox.build/Debug-iphonesimulator/FocusBloxTests.build/FocusBloxTests-project-headers.hmap -Xcc -I/Users/hem/Library/Developer/Xcode/DerivedData/FocusBlox-awtxlldmubwqcwggsrfosewjcyoq/Build/Products/Debug-iphonesimulator/include -Xcc -I/Users/hem/Library/Developer/Xcode/DerivedData/FocusBlox-awtxlldmubwqcwggsrfosewjcyoq/Build/Intermediates.noindex/FocusBlox.build/Debug-iphonesimulator/FocusBloxTests.build/DerivedSources-normal/arm64 -Xcc -I/Users/hem/Library/Developer/Xcode/DerivedData/FocusBlox-awtxlldmubwqcwggsrfosewjcyoq/Build/Intermediates.noindex/FocusBlox.build/Debug-iphonesimulator/FocusBloxTests.build/DerivedSources/arm64 -Xcc -I/Users/hem/Library/Developer/Xcode/DerivedData/FocusBlox-awtxlldmubwqcwggsrfosewjcyoq/Build/Intermediates.noindex/FocusBlox.build/Debug-iphonesimulator/FocusBloxTests.build/DerivedSources -Xcc -DDEBUG\=1 -emit-objc-header -emit-objc-header-path /Users/hem/Library/Developer/Xcode/DerivedData/FocusBlox-awtxlldmubwqcwggsrfosewjcyoq/Build/Intermediates.noindex/FocusBlox.build/Debug-iphonesimulator/FocusBloxTests.build/Objects-normal/arm64/FocusBloxTests-Swift.h -working-directory /Users/hem/Documents/opt/my-daily-sprints -experimental-emit-module-separately -disable-cmo

SwiftDriver\ Compilation FocusBloxTests normal arm64 com.apple.xcode.tools.swift.compiler (in target 'FocusBloxTests' from project 'FocusBlox')
    cd /Users/hem/Documents/opt/my-daily-sprints
    builtin-Swift-Compilation -- /Applications/Xcode.app/Contents/Developer/Toolchains/XcodeDefault.xctoolchain/usr/bin/swiftc -module-name FocusBloxTests -Onone -enforce-exclusivity\=checked @/Users/hem/Library/Developer/Xcode/DerivedData/FocusBlox-awtxlldmubwqcwggsrfosewjcyoq/Build/Intermediates.noindex/FocusBlox.build/Debug-iphonesimulator/FocusBloxTests.build/Objects-normal/arm64/FocusBloxTests.SwiftFileList -DDEBUG -plugin-path /Applications/Xcode.app/Contents/Developer/Toolchains/XcodeDefault.xctoolchain/usr/lib/swift/host/plugins/testing -enable-experimental-feature DebugDescriptionMacro -sdk /Applications/Xcode.app/Contents/Developer/Platforms/iPhoneSimulator.platform/Developer/SDKs/iPhoneSimulator26.2.sdk -target arm64-apple-ios26.2-simulator -g -module-cache-path /Users/hem/Library/Developer/Xcode/DerivedData/ModuleCache.noindex -Xfrontend -serialize-debugging-options -profile-coverage-mapping -profile-generate -enable-testing -index-store-path /Users/hem/Library/Developer/Xcode/DerivedData/FocusBlox-awtxlldmubwqcwggsrfosewjcyoq/Index.noindex/DataStore -Xcc -D_LIBCPP_HARDENING_MODE\=_LIBCPP_HARDENING_MODE_DEBUG -swift-version 6 -I /Users/hem/Library/Developer/Xcode/DerivedData/FocusBlox-awtxlldmubwqcwggsrfosewjcyoq/Build/Products/Debug-iphonesimulator -Isystem /Applications/Xcode.app/Contents/Developer/Platforms/iPhoneSimulator.platform/Developer/usr/lib -F /Users/hem/Library/Developer/Xcode/DerivedData/FocusBlox-awtxlldmubwqcwggsrfosewjcyoq/Build/Products/Debug-iphonesimulator -F /Applications/Xcode.app/Contents/Developer/Platforms/iPhoneSimulator.platform/Developer/Library/Frameworks -F /Applications/Xcode.app/Contents/Developer/Platforms/iPhoneSimulator.platform/Developer/SDKs/iPhoneSimulator26.2.sdk/Developer/Library/Frameworks -c -j10 -enable-batch-mode -incremental -Xcc -ivfsstatcache -Xcc /Users/hem/Library/Developer/Xcode/DerivedData/SDKStatCaches.noindex/iphonesimulator26.2-23C53-7d00a8b37fbd7999ea79df8ebc024bf0.sdkstatcache -output-file-map /Users/hem/Library/Developer/Xcode/DerivedData/FocusBlox-awtxlldmubwqcwggsrfosewjcyoq/Build/Intermediates.noindex/FocusBlox.build/Debug-iphonesimulator/FocusBloxTests.build/Objects-normal/arm64/FocusBloxTests-OutputFileMap.json -use-frontend-parseable-output -save-temps -no-color-diagnostics -explicit-module-build -module-cache-path /Users/hem/Library/Developer/Xcode/DerivedData/FocusBlox-awtxlldmubwqcwggsrfosewjcyoq/Build/Intermediates.noindex/SwiftExplicitPrecompiledModules -clang-scanner-module-cache-path /Users/hem/Library/Developer/Xcode/DerivedData/ModuleCache.noindex -sdk-module-cache-path /Users/hem/Library/Developer/Xcode/DerivedData/ModuleCache.noindex -serialize-diagnostics -emit-dependencies -emit-module -emit-module-path /Users/hem/Library/Developer/Xcode/DerivedData/FocusBlox-awtxlldmubwqcwggsrfosewjcyoq/Build/Intermediates.noindex/FocusBlox.build/Debug-iphonesimulator/FocusBloxTests.build/Objects-normal/arm64/FocusBloxTests.swiftmodule -validate-clang-modules-once -clang-build-session-file /Users/hem/Library/Developer/Xcode/DerivedData/ModuleCache.noindex/Session.modulevalidation -Xcc -I/Users/hem/Library/Developer/Xcode/DerivedData/FocusBlox-awtxlldmubwqcwggsrfosewjcyoq/Build/Intermediates.noindex/FocusBlox.build/Debug-iphonesimulator/FocusBloxTests.build/swift-overrides.hmap -emit-const-values -Xfrontend -const-gather-protocols-file -Xfrontend /Users/hem/Library/Developer/Xcode/DerivedData/FocusBlox-awtxlldmubwqcwggsrfosewjcyoq/Build/Intermediates.noindex/FocusBlox.build/Debug-iphonesimulator/FocusBloxTests.build/Objects-normal/arm64/FocusBloxTests_const_extract_protocols.json -Xcc -iquote -Xcc /Users/hem/Library/Developer/Xcode/DerivedData/FocusBlox-awtxlldmubwqcwggsrfosewjcyoq/Build/Intermediates.noindex/FocusBlox.build/Debug-iphonesimulator/FocusBloxTests.build/FocusBloxTests-generated-files.hmap -Xcc -I/Users/hem/Library/Developer/Xcode/DerivedData/FocusBlox-awtxlldmubwqcwggsrfosewjcyoq/Build/Intermediates.noindex/FocusBlox.build/Debug-iphonesimulator/FocusBloxTests.build/FocusBloxTests-own-target-headers.hmap -Xcc -I/Users/hem/Library/Developer/Xcode/DerivedData/FocusBlox-awtxlldmubwqcwggsrfosewjcyoq/Build/Intermediates.noindex/FocusBlox.build/Debug-iphonesimulator/FocusBloxTests.build/FocusBloxTests-all-target-headers.hmap -Xcc -iquote -Xcc /Users/hem/Library/Developer/Xcode/DerivedData/FocusBlox-awtxlldmubwqcwggsrfosewjcyoq/Build/Intermediates.noindex/FocusBlox.build/Debug-iphonesimulator/FocusBloxTests.build/FocusBloxTests-project-headers.hmap -Xcc -I/Users/hem/Library/Developer/Xcode/DerivedData/FocusBlox-awtxlldmubwqcwggsrfosewjcyoq/Build/Products/Debug-iphonesimulator/include -Xcc -I/Users/hem/Library/Developer/Xcode/DerivedData/FocusBlox-awtxlldmubwqcwggsrfosewjcyoq/Build/Intermediates.noindex/FocusBlox.build/Debug-iphonesimulator/FocusBloxTests.build/DerivedSources-normal/arm64 -Xcc -I/Users/hem/Library/Developer/Xcode/DerivedData/FocusBlox-awtxlldmubwqcwggsrfosewjcyoq/Build/Intermediates.noindex/FocusBlox.build/Debug-iphonesimulator/FocusBloxTests.build/DerivedSources/arm64 -Xcc -I/Users/hem/Library/Developer/Xcode/DerivedData/FocusBlox-awtxlldmubwqcwggsrfosewjcyoq/Build/Intermediates.noindex/FocusBlox.build/Debug-iphonesimulator/FocusBloxTests.build/DerivedSources -Xcc -DDEBUG\=1 -emit-objc-header -emit-objc-header-path /Users/hem/Library/Developer/Xcode/DerivedData/FocusBlox-awtxlldmubwqcwggsrfosewjcyoq/Build/Intermediates.noindex/FocusBlox.build/Debug-iphonesimulator/FocusBloxTests.build/Objects-normal/arm64/FocusBloxTests-Swift.h -working-directory /Users/hem/Documents/opt/my-daily-sprints -experimental-emit-module-separately -disable-cmo

Copy /Users/hem/Library/Developer/Xcode/DerivedData/FocusBlox-awtxlldmubwqcwggsrfosewjcyoq/Build/Products/Debug-iphonesimulator/FocusBloxTests.swiftmodule/arm64-apple-ios-simulator.abi.json /Users/hem/Library/Developer/Xcode/DerivedData/FocusBlox-awtxlldmubwqcwggsrfosewjcyoq/Build/Intermediates.noindex/FocusBlox.build/Debug-iphonesimulator/FocusBloxTests.build/Objects-normal/arm64/FocusBloxTests.abi.json (in target 'FocusBloxTests' from project 'FocusBlox')
    cd /Users/hem/Documents/opt/my-daily-sprints
    builtin-copy -exclude .DS_Store -exclude CVS -exclude .svn -exclude .git -exclude .hg -resolve-src-symlinks -rename /Users/hem/Library/Developer/Xcode/DerivedData/FocusBlox-awtxlldmubwqcwggsrfosewjcyoq/Build/Intermediates.noindex/FocusBlox.build/Debug-iphonesimulator/FocusBloxTests.build/Objects-normal/arm64/FocusBloxTests.abi.json /Users/hem/Library/Developer/Xcode/DerivedData/FocusBlox-awtxlldmubwqcwggsrfosewjcyoq/Build/Products/Debug-iphonesimulator/FocusBloxTests.swiftmodule/arm64-apple-ios-simulator.abi.json

ProcessInfoPlistFile /Users/hem/Library/Developer/Xcode/DerivedData/FocusBlox-awtxlldmubwqcwggsrfosewjcyoq/Build/Products/Debug-iphonesimulator/FocusBlox.app/PlugIns/FocusBloxTests.xctest/Info.plist /Users/hem/Library/Developer/Xcode/DerivedData/FocusBlox-awtxlldmubwqcwggsrfosewjcyoq/Build/Intermediates.noindex/FocusBlox.build/Debug-iphonesimulator/FocusBloxTests.build/empty-FocusBloxTests.plist (in target 'FocusBloxTests' from project 'FocusBlox')
    cd /Users/hem/Documents/opt/my-daily-sprints
    builtin-infoPlistUtility /Users/hem/Library/Developer/Xcode/DerivedData/FocusBlox-awtxlldmubwqcwggsrfosewjcyoq/Build/Intermediates.noindex/FocusBlox.build/Debug-iphonesimulator/FocusBloxTests.build/empty-FocusBloxTests.plist -producttype com.apple.product-type.bundle.unit-test -expandbuildsettings -format binary -platform iphonesimulator -o /Users/hem/Library/Developer/Xcode/DerivedData/FocusBlox-awtxlldmubwqcwggsrfosewjcyoq/Build/Products/Debug-iphonesimulator/FocusBlox.app/PlugIns/FocusBloxTests.xctest/Info.plist

Ld /Users/hem/Library/Developer/Xcode/DerivedData/FocusBlox-awtxlldmubwqcwggsrfosewjcyoq/Build/Products/Debug-iphonesimulator/FocusBlox.app/PlugIns/FocusBloxTests.xctest/FocusBloxTests normal (in target 'FocusBloxTests' from project 'FocusBlox')
    cd /Users/hem/Documents/opt/my-daily-sprints
    /Applications/Xcode.app/Contents/Developer/Toolchains/XcodeDefault.xctoolchain/usr/bin/clang -Xlinker -reproducible -target arm64-apple-ios26.2-simulator -bundle -isysroot /Applications/Xcode.app/Contents/Developer/Platforms/iPhoneSimulator.platform/Developer/SDKs/iPhoneSimulator26.2.sdk -O0 -L/Users/hem/Library/Developer/Xcode/DerivedData/FocusBlox-awtxlldmubwqcwggsrfosewjcyoq/Build/Intermediates.noindex/EagerLinkingTBDs/Debug-iphonesimulator -L/Users/hem/Library/Developer/Xcode/DerivedData/FocusBlox-awtxlldmubwqcwggsrfosewjcyoq/Build/Products/Debug-iphonesimulator -L/Applications/Xcode.app/Contents/Developer/Platforms/iPhoneSimulator.platform/Developer/usr/lib -F/Users/hem/Library/Developer/Xcode/DerivedData/FocusBlox-awtxlldmubwqcwggsrfosewjcyoq/Build/Intermediates.noindex/EagerLinkingTBDs/Debug-iphonesimulator -F/Users/hem/Library/Developer/Xcode/DerivedData/FocusBlox-awtxlldmubwqcwggsrfosewjcyoq/Build/Products/Debug-iphonesimulator -iframework /Applications/Xcode.app/Contents/Developer/Platforms/iPhoneSimulator.platform/Developer/Library/Frameworks -iframework /Applications/Xcode.app/Contents/Developer/Platforms/iPhoneSimulator.platform/Developer/SDKs/iPhoneSimulator26.2.sdk/Developer/Library/Frameworks -filelist /Users/hem/Library/Developer/Xcode/DerivedData/FocusBlox-awtxlldmubwqcwggsrfosewjcyoq/Build/Intermediates.noindex/FocusBlox.build/Debug-iphonesimulator/FocusBloxTests.build/Objects-normal/arm64/FocusBloxTests.LinkFileList -Xlinker -rpath -Xlinker @loader_path/Frameworks -Xlinker -rpath -Xlinker @executable_path/Frameworks -dead_strip -bundle_loader /Users/hem/Library/Developer/Xcode/DerivedData/FocusBlox-awtxlldmubwqcwggsrfosewjcyoq/Build/Products/Debug-iphonesimulator/FocusBlox.app/FocusBlox -Xlinker -object_path_lto -Xlinker /Users/hem/Library/Developer/Xcode/DerivedData/FocusBlox-awtxlldmubwqcwggsrfosewjcyoq/Build/Intermediates.noindex/FocusBlox.build/Debug-iphonesimulator/FocusBloxTests.build/Objects-normal/arm64/FocusBloxTests_lto.o -rdynamic -Xlinker -no_deduplicate -Xlinker -objc_abi_version -Xlinker 2 -Xlinker -debug_variant -Xlinker -dependency_info -Xlinker /Users/hem/Library/Developer/Xcode/DerivedData/FocusBlox-awtxlldmubwqcwggsrfosewjcyoq/Build/Intermediates.noindex/FocusBlox.build/Debug-iphonesimulator/FocusBloxTests.build/Objects-normal/arm64/FocusBloxTests_dependency_info.dat -fobjc-link-runtime -fprofile-instr-generate -L/Applications/Xcode.app/Contents/Developer/Toolchains/XcodeDefault.xctoolchain/usr/lib/swift/iphonesimulator -L/usr/lib/swift -Xlinker -add_ast_path -Xlinker /Users/hem/Library/Developer/Xcode/DerivedData/FocusBlox-awtxlldmubwqcwggsrfosewjcyoq/Build/Intermediates.noindex/FocusBlox.build/Debug-iphonesimulator/FocusBloxTests.build/Objects-normal/arm64/FocusBloxTests.swiftmodule @/Users/hem/Library/Developer/Xcode/DerivedData/FocusBlox-awtxlldmubwqcwggsrfosewjcyoq/Build/Intermediates.noindex/FocusBlox.build/Debug-iphonesimulator/FocusBloxTests.build/Objects-normal/arm64/FocusBloxTests-linker-args.resp -Xlinker -needed_framework -Xlinker XCTest -framework XCTest -Xlinker -needed-lXCTestSwiftSupport -lXCTestSwiftSupport /Users/hem/Library/Developer/Xcode/DerivedData/FocusBlox-awtxlldmubwqcwggsrfosewjcyoq/Build/Products/Debug-iphonesimulator/FocusBlox.app/FocusBlox.debug.dylib -o /Users/hem/Library/Developer/Xcode/DerivedData/FocusBlox-awtxlldmubwqcwggsrfosewjcyoq/Build/Products/Debug-iphonesimulator/FocusBlox.app/PlugIns/FocusBloxTests.xctest/FocusBloxTests

CopySwiftLibs /Users/hem/Library/Developer/Xcode/DerivedData/FocusBlox-awtxlldmubwqcwggsrfosewjcyoq/Build/Products/Debug-iphonesimulator/FocusBlox.app/PlugIns/FocusBloxTests.xctest (in target 'FocusBloxTests' from project 'FocusBlox')
    cd /Users/hem/Documents/opt/my-daily-sprints
    builtin-swiftStdLibTool --copy --verbose --scan-executable /Users/hem/Library/Developer/Xcode/DerivedData/FocusBlox-awtxlldmubwqcwggsrfosewjcyoq/Build/Products/Debug-iphonesimulator/FocusBlox.app/PlugIns/FocusBloxTests.xctest/FocusBloxTests --scan-folder /Users/hem/Library/Developer/Xcode/DerivedData/FocusBlox-awtxlldmubwqcwggsrfosewjcyoq/Build/Products/Debug-iphonesimulator/FocusBlox.app/PlugIns/FocusBloxTests.xctest/Frameworks --scan-folder /Users/hem/Library/Developer/Xcode/DerivedData/FocusBlox-awtxlldmubwqcwggsrfosewjcyoq/Build/Products/Debug-iphonesimulator/FocusBlox.app/PlugIns/FocusBloxTests.xctest/PlugIns --scan-folder /Users/hem/Library/Developer/Xcode/DerivedData/FocusBlox-awtxlldmubwqcwggsrfosewjcyoq/Build/Products/Debug-iphonesimulator/FocusBlox.app/PlugIns/FocusBloxTests.xctest/SystemExtensions --scan-folder /Users/hem/Library/Developer/Xcode/DerivedData/FocusBlox-awtxlldmubwqcwggsrfosewjcyoq/Build/Products/Debug-iphonesimulator/FocusBlox.app/PlugIns/FocusBloxTests.xctest/Extensions --platform iphonesimulator --toolchain /Applications/Xcode.app/Contents/Developer/Toolchains/XcodeDefault.xctoolchain --destination /Users/hem/Library/Developer/Xcode/DerivedData/FocusBlox-awtxlldmubwqcwggsrfosewjcyoq/Build/Products/Debug-iphonesimulator/FocusBlox.app/PlugIns/FocusBloxTests.xctest/Frameworks --strip-bitcode --scan-executable /Applications/Xcode.app/Contents/Developer/Platforms/iPhoneSimulator.platform/Developer/usr/lib/libXCTestSwiftSupport.dylib --strip-bitcode-tool /Applications/Xcode.app/Contents/Developer/Toolchains/XcodeDefault.xctoolchain/usr/bin/bitcode_strip --emit-dependency-info /Users/hem/Library/Developer/Xcode/DerivedData/FocusBlox-awtxlldmubwqcwggsrfosewjcyoq/Build/Intermediates.noindex/FocusBlox.build/Debug-iphonesimulator/FocusBloxTests.build/SwiftStdLibToolInputDependencies.dep --filter-for-swift-os
Ignoring --strip-bitcode because --sign was not passed

ExtractAppIntentsMetadata (in target 'FocusBloxTests' from project 'FocusBlox')
    cd /Users/hem/Documents/opt/my-daily-sprints
    /Applications/Xcode.app/Contents/Developer/Toolchains/XcodeDefault.xctoolchain/usr/bin/appintentsmetadataprocessor --toolchain-dir /Applications/Xcode.app/Contents/Developer/Toolchains/XcodeDefault.xctoolchain --module-name FocusBloxTests --sdk-root /Applications/Xcode.app/Contents/Developer/Platforms/iPhoneSimulator.platform/Developer/SDKs/iPhoneSimulator26.2.sdk --xcode-version 17C52 --platform-family iOS --deployment-target 26.2 --bundle-identifier com.henning.timebox.tests --output /Users/hem/Library/Developer/Xcode/DerivedData/FocusBlox-awtxlldmubwqcwggsrfosewjcyoq/Build/Products/Debug-iphonesimulator/FocusBlox.app/PlugIns/FocusBloxTests.xctest --target-triple arm64-apple-ios26.2-simulator --binary-file /Users/hem/Library/Developer/Xcode/DerivedData/FocusBlox-awtxlldmubwqcwggsrfosewjcyoq/Build/Products/Debug-iphonesimulator/FocusBlox.app/PlugIns/FocusBloxTests.xctest/FocusBloxTests --dependency-file /Users/hem/Library/Developer/Xcode/DerivedData/FocusBlox-awtxlldmubwqcwggsrfosewjcyoq/Build/Intermediates.noindex/FocusBlox.build/Debug-iphonesimulator/FocusBloxTests.build/Objects-normal/arm64/FocusBloxTests_dependency_info.dat --stringsdata-file /Users/hem/Library/Developer/Xcode/DerivedData/FocusBlox-awtxlldmubwqcwggsrfosewjcyoq/Build/Intermediates.noindex/FocusBlox.build/Debug-iphonesimulator/FocusBloxTests.build/Objects-normal/arm64/ExtractedAppShortcutsMetadata.stringsdata --source-file-list /Users/hem/Library/Developer/Xcode/DerivedData/FocusBlox-awtxlldmubwqcwggsrfosewjcyoq/Build/Intermediates.noindex/FocusBlox.build/Debug-iphonesimulator/FocusBloxTests.build/Objects-normal/arm64/FocusBloxTests.SwiftFileList --metadata-file-list /Users/hem/Library/Developer/Xcode/DerivedData/FocusBlox-awtxlldmubwqcwggsrfosewjcyoq/Build/Intermediates.noindex/FocusBlox.build/Debug-iphonesimulator/FocusBloxTests.build/FocusBloxTests.DependencyMetadataFileList --static-metadata-file-list /Users/hem/Library/Developer/Xcode/DerivedData/FocusBlox-awtxlldmubwqcwggsrfosewjcyoq/Build/Intermediates.noindex/FocusBlox.build/Debug-iphonesimulator/FocusBloxTests.build/FocusBloxTests.DependencyStaticMetadataFileList --swift-const-vals-list /Users/hem/Library/Developer/Xcode/DerivedData/FocusBlox-awtxlldmubwqcwggsrfosewjcyoq/Build/Intermediates.noindex/FocusBlox.build/Debug-iphonesimulator/FocusBloxTests.build/Objects-normal/arm64/FocusBloxTests.SwiftConstValuesFileList --compile-time-extraction --deployment-aware-processing --validate-assistant-intents --no-app-shortcuts-localization
2026-01-27 20:45:32.198 appintentsmetadataprocessor[15958:38680944] Starting appintentsmetadataprocessor export
2026-01-27 20:45:32.295 appintentsmetadataprocessor[15958:38680944] Extracted no relevant App Intents symbols, skipping writing output

Validate /Users/hem/Library/Developer/Xcode/DerivedData/FocusBlox-awtxlldmubwqcwggsrfosewjcyoq/Build/Products/Debug-iphonesimulator/FocusBlox.app (in target 'FocusBlox' from project 'FocusBlox')
    cd /Users/hem/Documents/opt/my-daily-sprints
    builtin-validationUtility /Users/hem/Library/Developer/Xcode/DerivedData/FocusBlox-awtxlldmubwqcwggsrfosewjcyoq/Build/Products/Debug-iphonesimulator/FocusBlox.app -shallow-bundle -infoplist-subpath Info.plist

Ld /Users/hem/Library/Developer/Xcode/DerivedData/FocusBlox-awtxlldmubwqcwggsrfosewjcyoq/Build/Products/Debug-iphonesimulator/FocusBloxUITests-Runner.app/PlugIns/FocusBloxUITests.xctest/FocusBloxUITests normal (in target 'FocusBloxUITests' from project 'FocusBlox')
    cd /Users/hem/Documents/opt/my-daily-sprints
    /Applications/Xcode.app/Contents/Developer/Toolchains/XcodeDefault.xctoolchain/usr/bin/clang -Xlinker -reproducible -target arm64-apple-ios26.2-simulator -bundle -isysroot /Applications/Xcode.app/Contents/Developer/Platforms/iPhoneSimulator.platform/Developer/SDKs/iPhoneSimulator26.2.sdk -O0 -L/Users/hem/Library/Developer/Xcode/DerivedData/FocusBlox-awtxlldmubwqcwggsrfosewjcyoq/Build/Intermediates.noindex/EagerLinkingTBDs/Debug-iphonesimulator -L/Users/hem/Library/Developer/Xcode/DerivedData/FocusBlox-awtxlldmubwqcwggsrfosewjcyoq/Build/Products/Debug-iphonesimulator -L/Applications/Xcode.app/Contents/Developer/Platforms/iPhoneSimulator.platform/Developer/usr/lib -F/Users/hem/Library/Developer/Xcode/DerivedData/FocusBlox-awtxlldmubwqcwggsrfosewjcyoq/Build/Intermediates.noindex/EagerLinkingTBDs/Debug-iphonesimulator -F/Users/hem/Library/Developer/Xcode/DerivedData/FocusBlox-awtxlldmubwqcwggsrfosewjcyoq/Build/Products/Debug-iphonesimulator -iframework /Applications/Xcode.app/Contents/Developer/Platforms/iPhoneSimulator.platform/Developer/Library/Frameworks -iframework /Applications/Xcode.app/Contents/Developer/Platforms/iPhoneSimulator.platform/Developer/SDKs/iPhoneSimulator26.2.sdk/Developer/Library/Frameworks -filelist /Users/hem/Library/Developer/Xcode/DerivedData/FocusBlox-awtxlldmubwqcwggsrfosewjcyoq/Build/Intermediates.noindex/FocusBlox.build/Debug-iphonesimulator/FocusBloxUITests.build/Objects-normal/arm64/FocusBloxUITests.LinkFileList -Xlinker -rpath -Xlinker @loader_path/Frameworks -Xlinker -rpath -Xlinker @executable_path/Frameworks -dead_strip -Xlinker -object_path_lto -Xlinker /Users/hem/Library/Developer/Xcode/DerivedData/FocusBlox-awtxlldmubwqcwggsrfosewjcyoq/Build/Intermediates.noindex/FocusBlox.build/Debug-iphonesimulator/FocusBloxUITests.build/Objects-normal/arm64/FocusBloxUITests_lto.o -rdynamic -Xlinker -no_deduplicate -Xlinker -objc_abi_version -Xlinker 2 -Xlinker -debug_variant -Xlinker -dependency_info -Xlinker /Users/hem/Library/Developer/Xcode/DerivedData/FocusBlox-awtxlldmubwqcwggsrfosewjcyoq/Build/Intermediates.noindex/FocusBlox.build/Debug-iphonesimulator/FocusBloxUITests.build/Objects-normal/arm64/FocusBloxUITests_dependency_info.dat -fobjc-link-runtime -fprofile-instr-generate -L/Applications/Xcode.app/Contents/Developer/Toolchains/XcodeDefault.xctoolchain/usr/lib/swift/iphonesimulator -L/usr/lib/swift -Xlinker -add_ast_path -Xlinker /Users/hem/Library/Developer/Xcode/DerivedData/FocusBlox-awtxlldmubwqcwggsrfosewjcyoq/Build/Intermediates.noindex/FocusBlox.build/Debug-iphonesimulator/FocusBloxUITests.build/Objects-normal/arm64/FocusBloxUITests.swiftmodule @/Users/hem/Library/Developer/Xcode/DerivedData/FocusBlox-awtxlldmubwqcwggsrfosewjcyoq/Build/Intermediates.noindex/FocusBlox.build/Debug-iphonesimulator/FocusBloxUITests.build/Objects-normal/arm64/FocusBloxUITests-linker-args.resp -Xlinker -needed_framework -Xlinker XCTest -framework XCTest -Xlinker -needed-lXCTestSwiftSupport -lXCTestSwiftSupport -o /Users/hem/Library/Developer/Xcode/DerivedData/FocusBlox-awtxlldmubwqcwggsrfosewjcyoq/Build/Products/Debug-iphonesimulator/FocusBloxUITests-Runner.app/PlugIns/FocusBloxUITests.xctest/FocusBloxUITests

ProcessInfoPlistFile /Users/hem/Library/Developer/Xcode/DerivedData/FocusBlox-awtxlldmubwqcwggsrfosewjcyoq/Build/Products/Debug-iphonesimulator/FocusBloxUITests-Runner.app/PlugIns/FocusBloxUITests.xctest/Info.plist /Users/hem/Library/Developer/Xcode/DerivedData/FocusBlox-awtxlldmubwqcwggsrfosewjcyoq/Build/Intermediates.noindex/FocusBlox.build/Debug-iphonesimulator/FocusBloxUITests.build/empty-FocusBloxUITests.plist (in target 'FocusBloxUITests' from project 'FocusBlox')
    cd /Users/hem/Documents/opt/my-daily-sprints
    builtin-infoPlistUtility /Users/hem/Library/Developer/Xcode/DerivedData/FocusBlox-awtxlldmubwqcwggsrfosewjcyoq/Build/Intermediates.noindex/FocusBlox.build/Debug-iphonesimulator/FocusBloxUITests.build/empty-FocusBloxUITests.plist -producttype com.apple.product-type.bundle.ui-testing -expandbuildsettings -format binary -platform iphonesimulator -additionalcontentfile /Users/hem/Library/Developer/Xcode/DerivedData/FocusBlox-awtxlldmubwqcwggsrfosewjcyoq/Build/Intermediates.noindex/FocusBlox.build/Debug-iphonesimulator/FocusBloxUITests.build/ProductTypeInfoPlistAdditions.plist -o /Users/hem/Library/Developer/Xcode/DerivedData/FocusBlox-awtxlldmubwqcwggsrfosewjcyoq/Build/Products/Debug-iphonesimulator/FocusBloxUITests-Runner.app/PlugIns/FocusBloxUITests.xctest/Info.plist

CopySwiftLibs /Users/hem/Library/Developer/Xcode/DerivedData/FocusBlox-awtxlldmubwqcwggsrfosewjcyoq/Build/Products/Debug-iphonesimulator/FocusBloxUITests-Runner.app/PlugIns/FocusBloxUITests.xctest (in target 'FocusBloxUITests' from project 'FocusBlox')
    cd /Users/hem/Documents/opt/my-daily-sprints
    builtin-swiftStdLibTool --copy --verbose --scan-executable /Users/hem/Library/Developer/Xcode/DerivedData/FocusBlox-awtxlldmubwqcwggsrfosewjcyoq/Build/Products/Debug-iphonesimulator/FocusBloxUITests-Runner.app/PlugIns/FocusBloxUITests.xctest/FocusBloxUITests --scan-folder /Users/hem/Library/Developer/Xcode/DerivedData/FocusBlox-awtxlldmubwqcwggsrfosewjcyoq/Build/Products/Debug-iphonesimulator/FocusBloxUITests-Runner.app/PlugIns/FocusBloxUITests.xctest/Frameworks --scan-folder /Users/hem/Library/Developer/Xcode/DerivedData/FocusBlox-awtxlldmubwqcwggsrfosewjcyoq/Build/Products/Debug-iphonesimulator/FocusBloxUITests-Runner.app/PlugIns/FocusBloxUITests.xctest/PlugIns --scan-folder /Users/hem/Library/Developer/Xcode/DerivedData/FocusBlox-awtxlldmubwqcwggsrfosewjcyoq/Build/Products/Debug-iphonesimulator/FocusBloxUITests-Runner.app/PlugIns/FocusBloxUITests.xctest/SystemExtensions --scan-folder /Users/hem/Library/Developer/Xcode/DerivedData/FocusBlox-awtxlldmubwqcwggsrfosewjcyoq/Build/Products/Debug-iphonesimulator/FocusBloxUITests-Runner.app/PlugIns/FocusBloxUITests.xctest/Extensions --platform iphonesimulator --toolchain /Applications/Xcode.app/Contents/Developer/Toolchains/XcodeDefault.xctoolchain --destination /Users/hem/Library/Developer/Xcode/DerivedData/FocusBlox-awtxlldmubwqcwggsrfosewjcyoq/Build/Products/Debug-iphonesimulator/FocusBloxUITests-Runner.app/PlugIns/FocusBloxUITests.xctest/Frameworks --strip-bitcode --scan-executable /Applications/Xcode.app/Contents/Developer/Platforms/iPhoneSimulator.platform/Developer/usr/lib/libXCTestSwiftSupport.dylib --strip-bitcode-tool /Applications/Xcode.app/Contents/Developer/Toolchains/XcodeDefault.xctoolchain/usr/bin/bitcode_strip --emit-dependency-info /Users/hem/Library/Developer/Xcode/DerivedData/FocusBlox-awtxlldmubwqcwggsrfosewjcyoq/Build/Intermediates.noindex/FocusBlox.build/Debug-iphonesimulator/FocusBloxUITests.build/SwiftStdLibToolInputDependencies.dep --filter-for-swift-os
Ignoring --strip-bitcode because --sign was not passed

ExtractAppIntentsMetadata (in target 'FocusBloxUITests' from project 'FocusBlox')
    cd /Users/hem/Documents/opt/my-daily-sprints
    /Applications/Xcode.app/Contents/Developer/Toolchains/XcodeDefault.xctoolchain/usr/bin/appintentsmetadataprocessor --toolchain-dir /Applications/Xcode.app/Contents/Developer/Toolchains/XcodeDefault.xctoolchain --module-name FocusBloxUITests --sdk-root /Applications/Xcode.app/Contents/Developer/Platforms/iPhoneSimulator.platform/Developer/SDKs/iPhoneSimulator26.2.sdk --xcode-version 17C52 --platform-family iOS --deployment-target 26.2 --bundle-identifier com.henning.timebox.uitests --output /Users/hem/Library/Developer/Xcode/DerivedData/FocusBlox-awtxlldmubwqcwggsrfosewjcyoq/Build/Products/Debug-iphonesimulator/FocusBloxUITests-Runner.app/PlugIns/FocusBloxUITests.xctest --target-triple arm64-apple-ios26.2-simulator --binary-file /Users/hem/Library/Developer/Xcode/DerivedData/FocusBlox-awtxlldmubwqcwggsrfosewjcyoq/Build/Products/Debug-iphonesimulator/FocusBloxUITests-Runner.app/PlugIns/FocusBloxUITests.xctest/FocusBloxUITests --dependency-file /Users/hem/Library/Developer/Xcode/DerivedData/FocusBlox-awtxlldmubwqcwggsrfosewjcyoq/Build/Intermediates.noindex/FocusBlox.build/Debug-iphonesimulator/FocusBloxUITests.build/Objects-normal/arm64/FocusBloxUITests_dependency_info.dat --stringsdata-file /Users/hem/Library/Developer/Xcode/DerivedData/FocusBlox-awtxlldmubwqcwggsrfosewjcyoq/Build/Intermediates.noindex/FocusBlox.build/Debug-iphonesimulator/FocusBloxUITests.build/Objects-normal/arm64/ExtractedAppShortcutsMetadata.stringsdata --source-file-list /Users/hem/Library/Developer/Xcode/DerivedData/FocusBlox-awtxlldmubwqcwggsrfosewjcyoq/Build/Intermediates.noindex/FocusBlox.build/Debug-iphonesimulator/FocusBloxUITests.build/Objects-normal/arm64/FocusBloxUITests.SwiftFileList --metadata-file-list /Users/hem/Library/Developer/Xcode/DerivedData/FocusBlox-awtxlldmubwqcwggsrfosewjcyoq/Build/Intermediates.noindex/FocusBlox.build/Debug-iphonesimulator/FocusBloxUITests.build/FocusBloxUITests.DependencyMetadataFileList --static-metadata-file-list /Users/hem/Library/Developer/Xcode/DerivedData/FocusBlox-awtxlldmubwqcwggsrfosewjcyoq/Build/Intermediates.noindex/FocusBlox.build/Debug-iphonesimulator/FocusBloxUITests.build/FocusBloxUITests.DependencyStaticMetadataFileList --swift-const-vals-list /Users/hem/Library/Developer/Xcode/DerivedData/FocusBlox-awtxlldmubwqcwggsrfosewjcyoq/Build/Intermediates.noindex/FocusBlox.build/Debug-iphonesimulator/FocusBloxUITests.build/Objects-normal/arm64/FocusBloxUITests.SwiftConstValuesFileList --compile-time-extraction --deployment-aware-processing --validate-assistant-intents --no-app-shortcuts-localization
2026-01-27 20:45:32.577 appintentsmetadataprocessor[15966:38681003] Starting appintentsmetadataprocessor export
2026-01-27 20:45:32.579 appintentsmetadataprocessor[15966:38681003] warning: Metadata extraction skipped. No AppIntents.framework dependency found.

2026-01-27 20:45:40.067381+0100 FocusBloxUITests-Runner[16025:38681672] [Default] Running tests...
    t =      nans Interface orientation changed to Portrait
Test Suite 'Selected tests' started at 2026-01-27 20:45:43.360.
Test Suite 'FocusBloxUITests.xctest' started at 2026-01-27 20:45:43.361.
Test Suite 'QuickEditBacklogUITests' started at 2026-01-27 20:45:43.361.
Test Case '-[FocusBloxUITests.QuickEditBacklogUITests testCategoryBadgeExists]' started (Iteration 1 of 3).
    t =     0.00s Start Test at 2026-01-27 20:45:43.361
    t =     0.28s Set Up
    t =     0.28s     Open com.henning.timebox
    t =     0.28s         Launch com.henning.timebox
    t =     1.59s             Setting up automation session
    t =     2.46s             Wait for com.henning.timebox to idle
    t =     4.13s Waiting 5.0s for "Backlog" Button to exist
    t =     5.16s     Checking `Expect predicate `existsNoRetry == 1` for object "Backlog" Button`
    t =     5.16s         Checking existence of `"Backlog" Button`
    t =     5.27s Tap "Backlog" Button
    t =     5.27s     Wait for com.henning.timebox to idle
    t =     5.27s     Find the "Backlog" Button
    t =     5.31s     Check for interrupting elements affecting "Backlog" Button
    t =     5.33s         Wait for com.apple.springboard to idle
    t =     5.39s     Found 1 interrupting element:
    t =     5.39s         Find the "â€žFocusBloxâ€œ mÃ¶chte auf â€žErinnerungenâ€œ zugreifen." Alert
    t =     5.41s "â€žFocusBloxâ€œ mÃ¶chte auf â€žErinnerungenâ€œ zugreifen." Alert from Application 'com.apple.springboard'
    t =     5.41s     Invoking UI interruption monitors for "â€žFocusBloxâ€œ mÃ¶chte auf â€žErinnerungenâ€œ zugreifen." Alert from Application 'com.apple.springboard'
    t =     5.41s         Find the "â€žFocusBloxâ€œ mÃ¶chte auf â€žErinnerungenâ€œ zugreifen." Alert
    t =     5.43s         Checking existence of `Button (Elements matching predicate 'userTestingAttributes CONTAINS "cancel-button"')`
    t =     5.45s         Get all elements bound by accessibility element for: Elements matching predicate 'userTestingAttributes CONTAINS "default-button"'
    t =     5.47s         Checking existence of `"Erlauben" Button`
    t =     5.49s Default interruption handler attempting to dismiss alert by tapping "Erlauben" Button.
    t =     5.49s         Tap "Erlauben" Button
    t =     5.49s             Wait for com.apple.springboard to idle
    t =     5.49s             Find the "Erlauben" Button
    t =     5.51s             Check for interrupting elements affecting "Erlauben" Button
    t =     5.54s             Synthesize event
    t =     5.94s             Wait for com.apple.springboard to idle
    t =     6.18s         Waiting 1.0s for Alert to not exist
    t =     7.19s             Checking `Expect predicate `existsNoRetry == 0` for object Alert`
    t =     7.19s                 Checking existence of `Alert`
    t =     7.21s             Checking existence of `Alert`
    t =     7.22s         Verifying handling...
    t =     7.26s Confirmed successful handling of interrupting element
    t =     7.27s     Synthesize event
    t =     7.55s     Wait for com.henning.timebox to idle
    t =    10.31s Waiting 5.0s for Button (First Match) to exist
    t =    11.34s     Checking `Expect predicate `existsNoRetry == 1` for object Button (First Match)`
    t =    11.34s         Checking existence of `Button (First Match)`
    t =    11.40s Tear Down
Test Case '-[FocusBloxUITests.QuickEditBacklogUITests testCategoryBadgeExists]' passed (11.642 seconds).
Test Case '-[FocusBloxUITests.QuickEditBacklogUITests testCategoryBadgeTapOpensPicker]' started (Iteration 1 of 3).
    t =     0.00s Start Test at 2026-01-27 20:45:55.004
    t =     0.02s Set Up
    t =     0.02s     Open com.henning.timebox
    t =     0.02s         Launch com.henning.timebox
    t =     0.02s             Terminate com.henning.timebox:16066
    t =     1.27s             Setting up automation session
    t =     1.92s             Wait for com.henning.timebox to idle
    t =     3.43s Waiting 5.0s for "Backlog" Button to exist
    t =     4.45s     Checking `Expect predicate `existsNoRetry == 1` for object "Backlog" Button`
    t =     4.45s         Checking existence of `"Backlog" Button`
    t =     4.54s Tap "Backlog" Button
    t =     4.54s     Wait for com.henning.timebox to idle
    t =     4.55s     Find the "Backlog" Button
    t =     4.58s     Check for interrupting elements affecting "Backlog" Button
    t =     4.62s     Synthesize event
    t =     4.91s     Wait for com.henning.timebox to idle
    t =     7.67s Waiting 5.0s for Button (First Match) to exist
    t =     8.69s     Checking `Expect predicate `existsNoRetry == 1` for object Button (First Match)`
    t =     8.70s         Checking existence of `Button (First Match)`
    t =     8.76s Tap Button (First Match)
    t =     8.76s     Wait for com.henning.timebox to idle
    t =     8.76s     Find the Button (First Match)
    t =     8.81s     Check for interrupting elements affecting "category-badge-00000000-0000-0000-0000-000000000001" Button
    t =     8.85s     Synthesize event
    t =     9.13s     Wait for com.henning.timebox to idle
    t =    10.58s Waiting 3.0s for "category-picker" Other to exist
    t =    11.61s     Checking `Expect predicate `existsNoRetry == 1` for object "category-picker" Other`
    t =    11.61s         Checking existence of `"category-picker" Other`
    t =    11.67s Tear Down
Test Case '-[FocusBloxUITests.QuickEditBacklogUITests testCategoryBadgeTapOpensPicker]' passed (11.903 seconds).
Test Case '-[FocusBloxUITests.QuickEditBacklogUITests testCategoryPickerSelectionUpdates]' started (Iteration 1 of 3).
    t =     0.00s Start Test at 2026-01-27 20:46:06.908
    t =     0.02s Set Up
    t =     0.02s     Open com.henning.timebox
    t =     0.02s         Launch com.henning.timebox
    t =     0.02s             Terminate com.henning.timebox:16077
    t =     1.27s             Setting up automation session
    t =     1.90s             Wait for com.henning.timebox to idle
    t =     3.44s Waiting 5.0s for "Backlog" Button to exist
    t =     4.46s     Checking `Expect predicate `existsNoRetry == 1` for object "Backlog" Button`
    t =     4.46s         Checking existence of `"Backlog" Button`
    t =     4.56s Tap "Backlog" Button
    t =     4.56s     Wait for com.henning.timebox to idle
    t =     4.57s     Find the "Backlog" Button
    t =     4.60s     Check for interrupting elements affecting "Backlog" Button
    t =     4.64s     Synthesize event
    t =     4.93s     Wait for com.henning.timebox to idle
    t =     7.68s Waiting 5.0s for Button (First Match) to exist
    t =     8.71s     Checking `Expect predicate `existsNoRetry == 1` for object Button (First Match)`
    t =     8.71s         Checking existence of `Button (First Match)`
    t =     8.77s Tap Button (First Match)
    t =     8.77s     Wait for com.henning.timebox to idle
    t =     8.78s     Find the Button (First Match)
    t =     8.83s     Check for interrupting elements affecting "category-badge-00000000-0000-0000-0000-000000000001" Button
    t =     8.86s     Synthesize event
    t =     9.15s     Wait for com.henning.timebox to idle
    t =    10.55s Waiting 3.0s for "category-recharge" Button to exist
    t =    11.57s     Checking `Expect predicate `existsNoRetry == 1` for object "category-recharge" Button`
    t =    11.57s         Checking existence of `"category-recharge" Button`
    t =    11.62s Tap "category-recharge" Button
    t =    11.62s     Wait for com.henning.timebox to idle
    t =    11.63s     Find the "category-recharge" Button
    t =    11.67s     Check for interrupting elements affecting "category-recharge" Button
    t =    11.71s     Synthesize event
    t =    11.99s     Wait for com.henning.timebox to idle
    t =    13.39s Checking existence of `"category-picker" Other`
    t =    13.44s Tear Down
Test Case '-[FocusBloxUITests.QuickEditBacklogUITests testCategoryPickerSelectionUpdates]' passed (13.667 seconds).
Test Case '-[FocusBloxUITests.QuickEditBacklogUITests testContextMenuEditOpensFormSheet]' started (Iteration 1 of 3).
    t =     0.00s Start Test at 2026-01-27 20:46:20.575
    t =     0.02s Set Up
    t =     0.02s     Open com.henning.timebox
    t =     0.02s         Launch com.henning.timebox
    t =     0.02s             Terminate com.henning.timebox:16085
    t =     1.27s             Setting up automation session
    t =     1.90s             Wait for com.henning.timebox to idle
    t =     3.43s Waiting 5.0s for "Backlog" Button to exist
    t =     4.46s     Checking `Expect predicate `existsNoRetry == 1` for object "Backlog" Button`
    t =     4.46s         Checking existence of `"Backlog" Button`
    t =     4.56s Tap "Backlog" Button
    t =     4.56s     Wait for com.henning.timebox to idle
    t =     4.57s     Find the "Backlog" Button
    t =     4.60s     Check for interrupting elements affecting "Backlog" Button
    t =     4.64s     Synthesize event
    t =     4.93s     Wait for com.henning.timebox to idle
    t =     7.68s Waiting 5.0s for Cell (First Match) to exist
    t =     8.70s     Checking `Expect predicate `existsNoRetry == 1` for object Cell (First Match)`
    t =     8.70s         Checking existence of `Cell (First Match)`
    t =     8.74s Press Cell (First Match) for 1.0 seconds
    t =     8.74s     Wait for com.henning.timebox to idle
    t =     8.74s     Find the Cell (First Match)
    t =     8.77s     Check for interrupting elements affecting Cell
    t =     8.81s     Synthesize event
    t =    10.04s     Wait for com.henning.timebox to idle
    t =    11.61s Waiting 3.0s for "Bearbeiten" Button to exist
    t =    12.64s     Checking `Expect predicate `existsNoRetry == 1` for object "Bearbeiten" Button`
    t =    12.64s         Checking existence of `"Bearbeiten" Button`
    t =    12.69s         Capturing element debug description
    t =    13.71s     Checking `Expect predicate `existsNoRetry == 1` for object "Bearbeiten" Button`
    t =    13.71s         Checking existence of `"Bearbeiten" Button`
    t =    13.76s         Capturing element debug description
    t =    14.62s     Checking `Expect predicate `existsNoRetry == 1` for object "Bearbeiten" Button`
    t =    14.62s         Checking existence of `"Bearbeiten" Button`
    t =    14.67s         Capturing element debug description
    t =    14.67s     Checking existence of `"Bearbeiten" Button`
    t =    14.70s Collecting debug information to assist test failure triage
    t =    14.70s     Requesting snapshot of accessibility hierarchy for app with pid 16112
/Users/hem/Documents/opt/my-daily-sprints/FocusBloxUITests/QuickEditBacklogUITests.swift:217: error: -[FocusBloxUITests.QuickEditBacklogUITests testContextMenuEditOpensFormSheet] : failed - Context menu 'Bearbeiten' not found
    t =    15.11s Tear Down
Test Case '-[FocusBloxUITests.QuickEditBacklogUITests testContextMenuEditOpensFormSheet]' failed (15.325 seconds).
Test Case '-[FocusBloxUITests.QuickEditBacklogUITests testContextMenuEditOpensFormSheet]' started (Iteration 2 of 3).
    t =     0.00s Start Test at 2026-01-27 20:46:35.901
    t =     0.02s Set Up
    t =     0.02s     Open com.henning.timebox
    t =     0.02s         Launch com.henning.timebox
    t =     0.02s             Terminate com.henning.timebox:16112
    t =     1.28s             Setting up automation session
    t =     1.93s             Wait for com.henning.timebox to idle
    t =     3.48s Waiting 5.0s for "Backlog" Button to exist
    t =     4.51s     Checking `Expect predicate `existsNoRetry == 1` for object "Backlog" Button`
    t =     4.51s         Checking existence of `"Backlog" Button`
    t =     4.62s Tap "Backlog" Button
    t =     4.62s     Wait for com.henning.timebox to idle
    t =     4.62s     Find the "Backlog" Button
    t =     4.66s     Check for interrupting elements affecting "Backlog" Button
    t =     4.69s     Synthesize event
    t =     4.98s     Wait for com.henning.timebox to idle
    t =     5.31s Unable to monitor animations
    t =     7.32s Waiting 5.0s for Cell (First Match) to exist
    t =     8.39s     Checking `Expect predicate `existsNoRetry == 1` for object Cell (First Match)`
    t =     8.39s         Checking existence of `Cell (First Match)`
    t =     8.39s         Capturing element debug description
    t =     9.41s     Checking `Expect predicate `existsNoRetry == 1` for object Cell (First Match)`
    t =     9.41s         Checking existence of `Cell (First Match)`
    t =     9.41s         Capturing element debug description
    t =    10.32s     Checking `Expect predicate `existsNoRetry == 1` for object Cell (First Match)`
    t =    10.32s         Checking existence of `Cell (First Match)`
    t =    10.32s         Capturing element debug description
    t =    11.36s     Checking `Expect predicate `existsNoRetry == 1` for object Cell (First Match)`
    t =    11.36s         Checking existence of `Cell (First Match)`
    t =    11.36s         Capturing element debug description
    t =    12.32s     Checking `Expect predicate `existsNoRetry == 1` for object Cell (First Match)`
    t =    12.32s         Checking existence of `Cell (First Match)`
    t =    12.32s         Capturing element debug description
    t =    12.32s     Checking existence of `Cell (First Match)`
    t =    13.32s     Checking existence of `Cell (First Match)` (retry 1)
    t =    14.33s     Checking existence of `Cell (First Match)` (retry 2)
    t =    14.33s Collecting debug information to assist test failure triage
/Users/hem/Documents/opt/my-daily-sprints/FocusBloxUITests/QuickEditBacklogUITests.swift:207: error: -[FocusBloxUITests.QuickEditBacklogUITests testContextMenuEditOpensFormSheet] : failed - No task found in backlog
    t =    14.34s Tear Down
    t =    14.37s Checking for crash reports corresponding to unexpected termination of com.henning.timebox
Test Case '-[FocusBloxUITests.QuickEditBacklogUITests testContextMenuEditOpensFormSheet]' failed (34.376 seconds).
Test Case '-[FocusBloxUITests.QuickEditBacklogUITests testContextMenuEditOpensFormSheet]' started (Iteration 3 of 3).
    t =     0.00s Start Test at 2026-01-27 20:47:10.277
    t =     0.02s Set Up
    t =     0.02s     Open com.henning.timebox
    t =     0.02s         Launch com.henning.timebox
    t =     0.23s             Setting up automation session
    t =     0.91s             Wait for com.henning.timebox to idle
    t =     2.45s Waiting 5.0s for "Backlog" Button to exist
    t =     3.47s     Checking `Expect predicate `existsNoRetry == 1` for object "Backlog" Button`
    t =     3.47s         Checking existence of `"Backlog" Button`
    t =     3.58s Tap "Backlog" Button
    t =     3.58s     Wait for com.henning.timebox to idle
    t =     3.58s     Find the "Backlog" Button
    t =     3.62s     Check for interrupting elements affecting "Backlog" Button
    t =     3.62s         Wait for com.apple.springboard to idle
    t =     3.65s Ignoring failure to get hierarchy for remote element in process 16118 (Error getting main window kAXErrorServerNotFound)
    t =     3.65s Ignoring failure to get hierarchy for remote element in process 16118 (Error getting main window kAXErrorServerNotFound)
    t =     3.69s     Found 1 interrupting element:
    t =     3.69s         Find the "â€žFocusBloxâ€œ mÃ¶chte vollen Zugriff auf â€žKalenderâ€œ." Alert
    t =     3.71s Ignoring failure to get hierarchy for remote element in process 16118 (Error getting main window kAXErrorServerNotFound)
    t =     3.71s Ignoring failure to get hierarchy for remote element in process 16118 (Error getting main window kAXErrorServerNotFound)
    t =     3.72s "â€žFocusBloxâ€œ mÃ¶chte vollen Zugriff auf â€žKalenderâ€œ." Alert from Application 'com.apple.springboard'
    t =     3.72s     Invoking UI interruption monitors for "â€žFocusBloxâ€œ mÃ¶chte vollen Zugriff auf â€žKalenderâ€œ." Alert from Application 'com.apple.springboard'
    t =     3.72s         Find the "â€žFocusBloxâ€œ mÃ¶chte vollen Zugriff auf â€žKalenderâ€œ." Alert
    t =     3.73s Ignoring failure to get hierarchy for remote element in process 16118 (Error getting main window kAXErrorServerNotFound)
    t =     3.74s Ignoring failure to get hierarchy for remote element in process 16118 (Error getting main window kAXErrorServerNotFound)
    t =     3.74s         Checking existence of `Button (Elements matching predicate 'userTestingAttributes CONTAINS "cancel-button"')`
    t =     3.76s Ignoring failure to get hierarchy for remote element in process 16118 (Error getting main window kAXErrorServerNotFound)
    t =     3.76s Ignoring failure to get hierarchy for remote element in process 16118 (Error getting main window kAXErrorServerNotFound)
    t =     3.76s         Get all elements bound by accessibility element for: Elements matching predicate 'userTestingAttributes CONTAINS "default-button"'
    t =     3.78s Ignoring failure to get hierarchy for remote element in process 16118 (Error getting main window kAXErrorServerNotFound)
    t =     3.79s Ignoring failure to get hierarchy for remote element in process 16118 (Error getting main window kAXErrorServerNotFound)
    t =     3.79s         Checking existence of `"Nicht erlauben" Button`
    t =     3.81s Ignoring failure to get hierarchy for remote element in process 16118 (Error getting main window kAXErrorServerNotFound)
    t =     3.81s Ignoring failure to get hierarchy for remote element in process 16118 (Error getting main window kAXErrorServerNotFound)
    t =     3.82s Default interruption handler attempting to dismiss alert by tapping "Nicht erlauben" Button.
    t =     3.82s         Tap "Nicht erlauben" Button
    t =     3.82s             Wait for com.apple.springboard to idle
    t =     3.82s             Find the "Nicht erlauben" Button
    t =     3.84s Ignoring failure to get hierarchy for remote element in process 16118 (Error getting main window kAXErrorServerNotFound)
    t =     3.84s Ignoring failure to get hierarchy for remote element in process 16118 (Error getting main window kAXErrorServerNotFound)
    t =     3.84s             Check for interrupting elements affecting "Nicht erlauben" Button
    t =     3.87s Ignoring failure to get hierarchy for remote element in process 16118 (Error getting main window kAXErrorServerNotFound)
    t =     3.87s Ignoring failure to get hierarchy for remote element in process 16118 (Error getting main window kAXErrorServerNotFound)
    t =     3.87s             Synthesize event
    t =     4.16s             Wait for com.apple.springboard to idle
    t =     4.41s         Waiting 1.0s for Alert to not exist
    t =     5.41s             Checking `Expect predicate `existsNoRetry == 0` for object Alert`
    t =     5.41s                 Checking existence of `Alert`
    t =     5.43s Ignoring failure to get hierarchy for remote element in process 16118 (Error getting main window kAXErrorServerNotFound)
    t =     5.44s Ignoring failure to get hierarchy for remote element in process 16118 (Error getting main window kAXErrorServerNotFound)
    t =     5.44s             Checking existence of `Alert`
    t =     5.45s Ignoring failure to get hierarchy for remote element in process 16118 (Error getting main window kAXErrorServerNotFound)
    t =     5.45s Ignoring failure to get hierarchy for remote element in process 16118 (Error getting main window kAXErrorServerNotFound)
    t =     5.45s         Verifying handling...
    t =     5.49s Confirmed successful handling of interrupting element
    t =     5.49s     Synthesize event
    t =     5.78s     Wait for com.henning.timebox to idle
    t =     8.54s Waiting 5.0s for Cell (First Match) to exist
    t =     9.56s     Checking `Expect predicate `existsNoRetry == 1` for object Cell (First Match)`
    t =     9.56s         Checking existence of `Cell (First Match)`
    t =     9.59s Press Cell (First Match) for 1.0 seconds
    t =     9.59s     Wait for com.henning.timebox to idle
    t =     9.59s     Find the Cell (First Match)
    t =     9.62s     Check for interrupting elements affecting Cell
    t =     9.66s     Synthesize event
    t =    10.88s     Wait for com.henning.timebox to idle
    t =    12.47s Waiting 3.0s for "Bearbeiten" Button to exist
    t =    13.51s     Checking `Expect predicate `existsNoRetry == 1` for object "Bearbeiten" Button`
    t =    13.51s         Checking existence of `"Bearbeiten" Button`
    t =    13.56s         Capturing element debug description
    t =    14.48s     Checking `Expect predicate `existsNoRetry == 1` for object "Bearbeiten" Button`
    t =    14.48s         Checking existence of `"Bearbeiten" Button`
    t =    14.53s         Capturing element debug description
    t =    15.47s     Checking `Expect predicate `existsNoRetry == 1` for object "Bearbeiten" Button`
    t =    15.47s         Checking existence of `"Bearbeiten" Button`
    t =    15.52s         Capturing element debug description
    t =    15.52s     Checking existence of `"Bearbeiten" Button`
    t =    15.55s Collecting debug information to assist test failure triage
    t =    15.55s     Requesting snapshot of accessibility hierarchy for app with pid 16198
/Users/hem/Documents/opt/my-daily-sprints/FocusBloxUITests/QuickEditBacklogUITests.swift:217: error: -[FocusBloxUITests.QuickEditBacklogUITests testContextMenuEditOpensFormSheet] : failed - Context menu 'Bearbeiten' not found
    t =    15.62s Tear Down
Test Case '-[FocusBloxUITests.QuickEditBacklogUITests testContextMenuEditOpensFormSheet]' failed (15.849 seconds).
Test Case '-[FocusBloxUITests.QuickEditBacklogUITests testImportanceBadgeExists]' started (Iteration 1 of 3).
    t =     0.00s Start Test at 2026-01-27 20:47:26.126
    t =     0.02s Set Up
    t =     0.02s     Open com.henning.timebox
    t =     0.02s         Launch com.henning.timebox
    t =     0.02s             Terminate com.henning.timebox:16198
    t =     1.28s             Setting up automation session
    t =     1.94s             Wait for com.henning.timebox to idle
    t =     3.47s Waiting 5.0s for "Backlog" Button to exist
    t =     4.49s     Checking `Expect predicate `existsNoRetry == 1` for object "Backlog" Button`
    t =     4.49s         Checking existence of `"Backlog" Button`
    t =     4.58s Tap "Backlog" Button
    t =     4.58s     Wait for com.henning.timebox to idle
    t =     4.58s     Find the "Backlog" Button
    t =     4.62s     Check for interrupting elements affecting "Backlog" Button
    t =     4.66s     Synthesize event
    t =     4.95s     Wait for com.henning.timebox to idle
    t =     7.74s Waiting 5.0s for Button (First Match) to exist
    t =     8.76s     Checking `Expect predicate `existsNoRetry == 1` for object Button (First Match)`
    t =     8.76s         Checking existence of `Button (First Match)`
    t =     8.83s Tear Down
Test Case '-[FocusBloxUITests.QuickEditBacklogUITests testImportanceBadgeExists]' passed (9.041 seconds).
Test Case '-[FocusBloxUITests.QuickEditBacklogUITests testImportanceBadgeTapOpensPicker]' started (Iteration 1 of 3).
    t =     0.00s Start Test at 2026-01-27 20:47:35.167
    t =     0.02s Set Up
    t =     0.02s     Open com.henning.timebox
    t =     0.02s         Launch com.henning.timebox
    t =     0.02s             Terminate com.henning.timebox:16227
    t =     1.27s             Setting up automation session
    t =     1.91s             Wait for com.henning.timebox to idle
    t =     3.48s Waiting 5.0s for "Backlog" Button to exist
    t =     4.51s     Checking `Expect predicate `existsNoRetry == 1` for object "Backlog" Button`
    t =     4.51s         Checking existence of `"Backlog" Button`
    t =     4.61s Tap "Backlog" Button
    t =     4.61s     Wait for com.henning.timebox to idle
    t =     4.61s     Find the "Backlog" Button
    t =     4.65s     Check for interrupting elements affecting "Backlog" Button
    t =     4.69s     Synthesize event
    t =     4.97s     Wait for com.henning.timebox to idle
    t =     7.79s Waiting 5.0s for Button (First Match) to exist
    t =     8.82s     Checking `Expect predicate `existsNoRetry == 1` for object Button (First Match)`
    t =     8.82s         Checking existence of `Button (First Match)`
    t =     8.88s Tap Button (First Match)
    t =     8.88s     Wait for com.henning.timebox to idle
    t =     8.88s     Find the Button (First Match)
    t =     8.93s     Check for interrupting elements affecting "importance-badge-AAAAAAAA-0000-0000-0000-000000000001" Button
    t =     8.97s     Synthesize event
    t =     9.25s     Wait for com.henning.timebox to idle
    t =    10.66s Waiting 3.0s for "importance-picker" Other to exist
    t =    11.67s     Checking `Expect predicate `existsNoRetry == 1` for object "importance-picker" Other`
    t =    11.67s         Checking existence of `"importance-picker" Other`
    t =    11.72s Tear Down
Test Case '-[FocusBloxUITests.QuickEditBacklogUITests testImportanceBadgeTapOpensPicker]' passed (11.949 seconds).
Test Case '-[FocusBloxUITests.QuickEditBacklogUITests testImportancePickerSelectionUpdates]' started (Iteration 1 of 3).
    t =     0.00s Start Test at 2026-01-27 20:47:47.117
    t =     0.02s Set Up
    t =     0.02s     Open com.henning.timebox
    t =     0.02s         Launch com.henning.timebox
    t =     0.02s             Terminate com.henning.timebox:16247
    t =     1.27s             Setting up automation session
    t =     1.94s             Wait for com.henning.timebox to idle
    t =     3.48s Waiting 5.0s for "Backlog" Button to exist
    t =     4.51s     Checking `Expect predicate `existsNoRetry == 1` for object "Backlog" Button`
    t =     4.51s         Checking existence of `"Backlog" Button`
    t =     4.61s Tap "Backlog" Button
    t =     4.61s     Wait for com.henning.timebox to idle
    t =     4.61s     Find the "Backlog" Button
    t =     4.65s     Check for interrupting elements affecting "Backlog" Button
    t =     4.69s     Synthesize event
    t =     4.97s     Wait for com.henning.timebox to idle
    t =     7.74s Waiting 5.0s for Button (First Match) to exist
    t =     8.77s     Checking `Expect predicate `existsNoRetry == 1` for object Button (First Match)`
    t =     8.77s         Checking existence of `Button (First Match)`
    t =     8.83s Tap Button (First Match)
    t =     8.83s     Wait for com.henning.timebox to idle
    t =     8.83s     Find the Button (First Match)
    t =     8.88s     Check for interrupting elements affecting "importance-badge-AAAAAAAA-0000-0000-0000-000000000002" Button
    t =     8.92s     Synthesize event
    t =     9.20s     Wait for com.henning.timebox to idle
    t =    10.60s Waiting 3.0s for "importance-high" Button to exist
    t =    11.66s     Checking `Expect predicate `existsNoRetry == 1` for object "importance-high" Button`
    t =    11.66s         Checking existence of `"importance-high" Button`
    t =    11.71s Tap "importance-high" Button
    t =    11.71s     Wait for com.henning.timebox to idle
    t =    11.71s     Find the "importance-high" Button
    t =    11.76s     Check for interrupting elements affecting "importance-high" Button
    t =    11.79s     Synthesize event
    t =    12.08s     Wait for com.henning.timebox to idle
    t =    13.49s Checking existence of `"importance-picker" Other`
    t =    13.54s Tear Down
Test Case '-[FocusBloxUITests.QuickEditBacklogUITests testImportancePickerSelectionUpdates]' passed (13.757 seconds).
Test Case '-[FocusBloxUITests.QuickEditBacklogUITests testLongPressShowsContextMenu]' started (Iteration 1 of 3).
    t =     0.00s Start Test at 2026-01-27 20:48:00.875
    t =     0.02s Set Up
    t =     0.02s     Open com.henning.timebox
    t =     0.02s         Launch com.henning.timebox
    t =     0.02s             Terminate com.henning.timebox:16255
    t =     1.31s             Setting up automation session
    t =     1.96s             Wait for com.henning.timebox to idle
    t =     3.52s Waiting 5.0s for "Backlog" Button to exist
    t =     4.58s     Checking `Expect predicate `existsNoRetry == 1` for object "Backlog" Button`
    t =     4.58s         Checking existence of `"Backlog" Button`
    t =     4.68s Tap "Backlog" Button
    t =     4.68s     Wait for com.henning.timebox to idle
    t =     4.69s     Find the "Backlog" Button
    t =     4.72s     Check for interrupting elements affecting "Backlog" Button
    t =     4.76s     Synthesize event
    t =     5.05s     Wait for com.henning.timebox to idle
    t =     7.82s Waiting 5.0s for Cell (First Match) to exist
    t =     8.88s     Checking `Expect predicate `existsNoRetry == 1` for object Cell (First Match)`
    t =     8.88s         Checking existence of `Cell (First Match)`
    t =     8.93s Press Cell (First Match) for 1.0 seconds
    t =     8.93s     Wait for com.henning.timebox to idle
    t =     8.93s     Find the Cell (First Match)
    t =     8.96s     Check for interrupting elements affecting Cell
    t =     9.00s     Synthesize event
    t =    10.22s     Wait for com.henning.timebox to idle
    t =    11.80s Waiting 3.0s for "Bearbeiten" Button to exist
    t =    12.88s     Checking `Expect predicate `existsNoRetry == 1` for object "Bearbeiten" Button`
    t =    12.88s         Checking existence of `"Bearbeiten" Button`
    t =    12.93s         Capturing element debug description
    t =    13.85s     Checking `Expect predicate `existsNoRetry == 1` for object "Bearbeiten" Button`
    t =    13.85s         Checking existence of `"Bearbeiten" Button`
    t =    13.90s         Capturing element debug description
    t =    14.82s     Checking `Expect predicate `existsNoRetry == 1` for object "Bearbeiten" Button`
    t =    14.82s         Checking existence of `"Bearbeiten" Button`
    t =    14.86s         Capturing element debug description
    t =    14.86s     Checking existence of `"Bearbeiten" Button`
    t =    14.90s Collecting debug information to assist test failure triage
    t =    14.90s     Requesting snapshot of accessibility hierarchy for app with pid 16290
/Users/hem/Documents/opt/my-daily-sprints/FocusBloxUITests/QuickEditBacklogUITests.swift:195: error: -[FocusBloxUITests.QuickEditBacklogUITests testLongPressShowsContextMenu] : XCTAssertTrue failed - Context menu should show 'Bearbeiten' option after long-press
    t =    14.97s Tear Down
Test Case '-[FocusBloxUITests.QuickEditBacklogUITests testLongPressShowsContextMenu]' failed (15.184 seconds).
Test Case '-[FocusBloxUITests.QuickEditBacklogUITests testLongPressShowsContextMenu]' started (Iteration 2 of 3).
    t =     0.00s Start Test at 2026-01-27 20:48:16.059
    t =     0.02s Set Up
    t =     0.02s     Open com.henning.timebox
    t =     0.02s         Launch com.henning.timebox
    t =     0.02s             Terminate com.henning.timebox:16290
    t =     1.32s             Setting up automation session
    t =     2.00s             Wait for com.henning.timebox to idle
    t =     3.55s Waiting 5.0s for "Backlog" Button to exist
    t =     4.61s     Checking `Expect predicate `existsNoRetry == 1` for object "Backlog" Button`
    t =     4.61s         Checking existence of `"Backlog" Button`
    t =     4.70s Tap "Backlog" Button
    t =     4.71s     Wait for com.henning.timebox to idle
    t =     4.71s     Find the "Backlog" Button
    t =     4.74s     Check for interrupting elements affecting "Backlog" Button
    t =     4.78s     Synthesize event
    t =     5.07s     Wait for com.henning.timebox to idle
    t =     7.84s Waiting 5.0s for Cell (First Match) to exist
    t =     8.91s     Checking `Expect predicate `existsNoRetry == 1` for object Cell (First Match)`
    t =     8.91s         Checking existence of `Cell (First Match)`
    t =     8.95s Press Cell (First Match) for 1.0 seconds
    t =     8.95s     Wait for com.henning.timebox to idle
    t =     8.95s     Find the Cell (First Match)
    t =     8.98s     Check for interrupting elements affecting Cell
    t =     9.02s     Synthesize event
    t =    10.24s     Wait for com.henning.timebox to idle
    t =    11.83s Waiting 3.0s for "Bearbeiten" Button to exist
    t =    12.91s     Checking `Expect predicate `existsNoRetry == 1` for object "Bearbeiten" Button`
    t =    12.91s         Checking existence of `"Bearbeiten" Button`
    t =    12.96s         Capturing element debug description
    t =    13.90s     Checking `Expect predicate `existsNoRetry == 1` for object "Bearbeiten" Button`
    t =    13.90s         Checking existence of `"Bearbeiten" Button`
    t =    13.95s         Capturing element debug description
    t =    14.84s     Checking `Expect predicate `existsNoRetry == 1` for object "Bearbeiten" Button`
    t =    14.84s         Checking existence of `"Bearbeiten" Button`
    t =    14.88s         Capturing element debug description
    t =    14.88s     Checking existence of `"Bearbeiten" Button`
    t =    14.91s Collecting debug information to assist test failure triage
    t =    14.91s     Requesting snapshot of accessibility hierarchy for app with pid 16319
/Users/hem/Documents/opt/my-daily-sprints/FocusBloxUITests/QuickEditBacklogUITests.swift:195: error: -[FocusBloxUITests.QuickEditBacklogUITests testLongPressShowsContextMenu] : XCTAssertTrue failed - Context menu should show 'Bearbeiten' option after long-press
    t =    14.98s Tear Down
Test Case '-[FocusBloxUITests.QuickEditBacklogUITests testLongPressShowsContextMenu]' failed (15.207 seconds).
Test Case '-[FocusBloxUITests.QuickEditBacklogUITests testLongPressShowsContextMenu]' started (Iteration 3 of 3).
    t =     0.00s Start Test at 2026-01-27 20:48:31.267
    t =     0.02s Set Up
    t =     0.02s     Open com.henning.timebox
    t =     0.02s         Launch com.henning.timebox
    t =     0.02s             Terminate com.henning.timebox:16319
    t =     1.32s             Setting up automation session
    t =     1.98s             Wait for com.henning.timebox to idle
    t =     3.50s Waiting 5.0s for "Backlog" Button to exist
    t =     4.56s     Checking `Expect predicate `existsNoRetry == 1` for object "Backlog" Button`
    t =     4.56s         Checking existence of `"Backlog" Button`
    t =     4.66s Tap "Backlog" Button
    t =     4.66s     Wait for com.henning.timebox to idle
    t =     4.66s     Find the "Backlog" Button
    t =     4.70s     Check for interrupting elements affecting "Backlog" Button
    t =     4.74s     Synthesize event
    t =     5.03s     Wait for com.henning.timebox to idle
    t =     7.82s Waiting 5.0s for Cell (First Match) to exist
    t =     8.89s     Checking `Expect predicate `existsNoRetry == 1` for object Cell (First Match)`
    t =     8.89s         Checking existence of `Cell (First Match)`
    t =     8.93s Press Cell (First Match) for 1.0 seconds
    t =     8.93s     Wait for com.henning.timebox to idle
    t =     8.94s     Find the Cell (First Match)
    t =     8.97s     Check for interrupting elements affecting Cell
    t =     9.00s     Synthesize event
    t =    10.23s     Wait for com.henning.timebox to idle
    t =    11.81s Waiting 3.0s for "Bearbeiten" Button to exist
    t =    12.87s     Checking `Expect predicate `existsNoRetry == 1` for object "Bearbeiten" Button`
    t =    12.87s         Checking existence of `"Bearbeiten" Button`
    t =    12.92s         Capturing element debug description
    t =    13.87s     Checking `Expect predicate `existsNoRetry == 1` for object "Bearbeiten" Button`
    t =    13.87s         Checking existence of `"Bearbeiten" Button`
    t =    13.92s         Capturing element debug description
    t =    14.82s     Checking `Expect predicate `existsNoRetry == 1` for object "Bearbeiten" Button`
    t =    14.82s         Checking existence of `"Bearbeiten" Button`
    t =    14.86s         Capturing element debug description
    t =    14.86s     Checking existence of `"Bearbeiten" Button`
    t =    14.90s Collecting debug information to assist test failure triage
    t =    14.90s     Requesting snapshot of accessibility hierarchy for app with pid 16331
/Users/hem/Documents/opt/my-daily-sprints/FocusBloxUITests/QuickEditBacklogUITests.swift:195: error: -[FocusBloxUITests.QuickEditBacklogUITests testLongPressShowsContextMenu] : XCTAssertTrue failed - Context menu should show 'Bearbeiten' option after long-press
    t =    14.97s Tear Down
Test Case '-[FocusBloxUITests.QuickEditBacklogUITests testLongPressShowsContextMenu]' failed (15.191 seconds).
Test Suite 'QuickEditBacklogUITests' failed at 2026-01-27 20:48:46.458.
	 Executed 12 tests, with 6 failures (0 unexpected) in 183.091 (183.097) seconds
Test Suite 'FocusBloxUITests.xctest' failed at 2026-01-27 20:48:46.459.
	 Executed 12 tests, with 6 failures (0 unexpected) in 183.091 (183.099) seconds
Test Suite 'Selected tests' failed at 2026-01-27 20:48:46.460.
	 Executed 12 tests, with 6 failures (0 unexpected) in 183.091 (183.100) seconds
2026-01-27 20:49:03.755 xcodebuild[15807:38679344] [MT] IDETestOperationsObserverDebug: 211.150 elapsed -- Testing started completed.
2026-01-27 20:49:03.755 xcodebuild[15807:38679344] [MT] IDETestOperationsObserverDebug: 0.000 sec, +0.000 sec -- start
2026-01-27 20:49:03.755 xcodebuild[15807:38679344] [MT] IDETestOperationsObserverDebug: 211.150 sec, +211.150 sec -- end

Test session results, code coverage, and logs:
	/Users/hem/Documents/opt/my-daily-sprints/TestResults_1769543121.xcresult

** TEST FAILED **

Testing started
[0;31m[ERROR][0m Exit Code 65: Test-Failure

[0;34m[INFO][0m Fehlgeschlagene Tests:
Test Case '-[FocusBloxUITests.QuickEditBacklogUITests testContextMenuEditOpensFormSheet]' failed (15.325 seconds).
Test Case '-[FocusBloxUITests.QuickEditBacklogUITests testContextMenuEditOpensFormSheet]' failed (34.376 seconds).
Test Case '-[FocusBloxUITests.QuickEditBacklogUITests testContextMenuEditOpensFormSheet]' failed (15.849 seconds).
/Users/hem/Documents/opt/my-daily-sprints/FocusBloxUITests/QuickEditBacklogUITests.swift:195: error: -[FocusBloxUITests.QuickEditBacklogUITests testLongPressShowsContextMenu] : XCTAssertTrue failed - Context menu should show 'Bearbeiten' option after long-press
Test Case '-[FocusBloxUITests.QuickEditBacklogUITests testLongPressShowsContextMenu]' failed (15.184 seconds).
/Users/hem/Documents/opt/my-daily-sprints/FocusBloxUITests/QuickEditBacklogUITests.swift:195: error: -[FocusBloxUITests.QuickEditBacklogUITests testLongPressShowsContextMenu] : XCTAssertTrue failed - Context menu should show 'Bearbeiten' option after long-press
Test Case '-[FocusBloxUITests.QuickEditBacklogUITests testLongPressShowsContextMenu]' failed (15.207 seconds).
/Users/hem/Documents/opt/my-daily-sprints/FocusBloxUITests/QuickEditBacklogUITests.swift:195: error: -[FocusBloxUITests.QuickEditBacklogUITests testLongPressShowsContextMenu] : XCTAssertTrue failed - Context menu should show 'Bearbeiten' option after long-press
Test Case '-[FocusBloxUITests.QuickEditBacklogUITests testLongPressShowsContextMenu]' failed (15.191 seconds).
[1;33m[WARN][0m Retry in 3 Sekunden...
[0;34m[INFO][0m Phase 2: Tests ausfuehren (Versuch 2/2)...
[0;34m[INFO][0m Teste nur: QuickEditBacklogUITests
Command line invocation:
    /Applications/Xcode.app/Contents/Developer/usr/bin/xcodebuild test -project FocusBlox.xcodeproj -scheme FocusBlox -destination id=548B4A2F-FDFF-4F9E-8335-1A7A7B98E492 "-only-testing:FocusBloxUITests/QuickEditBacklogUITests" -parallel-testing-enabled NO -disable-concurrent-destination-testing -retry-tests-on-failure -resultBundlePath TestResults_1769543348.xcresult CODE_SIGNING_ALLOWED=NO

Build settings from command line:
    CODE_SIGNING_ALLOWED = NO

Retrying tests on failure. Running tests repeatedly up to 3 times. Pass -test-iterations also to override the default of running up to 3 times.

Writing result bundle at path:
	/Users/hem/Documents/opt/my-daily-sprints/TestResults_1769543348.xcresult

ComputePackagePrebuildTargetDependencyGraph

Prepare packages

CreateBuildRequest

SendProjectDescription

CreateBuildOperation

ComputeTargetDependencyGraph
note: Building targets in dependency order
note: Target dependency graph (5 targets)
    Target 'FocusBloxUITests' in project 'FocusBlox'
        âžœ Explicit dependency on target 'FocusBlox' in project 'FocusBlox'
    Target 'FocusBloxTests' in project 'FocusBlox'
        âžœ Explicit dependency on target 'FocusBlox' in project 'FocusBlox'
    Target 'FocusBlox' in project 'FocusBlox'
        âžœ Explicit dependency on target 'FocusBloxWidgetsExtension' in project 'FocusBlox'
        âžœ Explicit dependency on target 'FocusBloxCore' in project 'FocusBlox'
    Target 'FocusBloxWidgetsExtension' in project 'FocusBlox'
        âžœ Explicit dependency on target 'FocusBloxCore' in project 'FocusBlox'
    Target 'FocusBloxCore' in project 'FocusBlox' (no dependencies)

GatherProvisioningInputs

CreateBuildDescription

ExecuteExternalTool /Applications/Xcode.app/Contents/Developer/Toolchains/XcodeDefault.xctoolchain/usr/bin/clang -v -E -dM -arch arm64 -isysroot /Applications/Xcode.app/Contents/Developer/Platforms/iPhoneSimulator.platform/Developer/SDKs/iPhoneSimulator26.2.sdk -x c -c /dev/null

ExecuteExternalTool /Applications/Xcode.app/Contents/Developer/Toolchains/XcodeDefault.xctoolchain/usr/bin/clang -v -E -dM -isysroot /Applications/Xcode.app/Contents/Developer/Platforms/iPhoneSimulator.platform/Developer/SDKs/iPhoneSimulator26.2.sdk -x c -c /dev/null

ExecuteExternalTool /Applications/Xcode.app/Contents/Developer/usr/bin/actool --version --output-format xml1

ExecuteExternalTool /Applications/Xcode.app/Contents/Developer/Toolchains/XcodeDefault.xctoolchain/usr/bin/swiftc --version

ExecuteExternalTool /Applications/Xcode.app/Contents/Developer/usr/bin/actool --print-asset-tag-combinations --output-format xml1 /Users/hem/Documents/opt/my-daily-sprints/Resources/Assets.xcassets

ExecuteExternalTool /Applications/Xcode.app/Contents/Developer/Toolchains/XcodeDefault.xctoolchain/usr/bin/ld -version_details

ReadFileContents /Applications/Xcode.app/Contents/Developer/Toolchains/XcodeDefault.xctoolchain/usr/share/docc/features.json

Build description signature: 6287abdbb443c33bd130d5e615d665f8
Build description path: /Users/hem/Library/Developer/Xcode/DerivedData/FocusBlox-awtxlldmubwqcwggsrfosewjcyoq/Build/Intermediates.noindex/XCBuildData/6287abdbb443c33bd130d5e615d665f8.xcbuilddata
ClangStatCache /Applications/Xcode.app/Contents/Developer/Toolchains/XcodeDefault.xctoolchain/usr/bin/clang-stat-cache /Applications/Xcode.app/Contents/Developer/Platforms/iPhoneSimulator.platform/Developer/SDKs/iPhoneSimulator26.2.sdk /Users/hem/Library/Developer/Xcode/DerivedData/SDKStatCaches.noindex/iphonesimulator26.2-23C53-7d00a8b37fbd7999ea79df8ebc024bf0.sdkstatcache
    cd /Users/hem/Documents/opt/my-daily-sprints/FocusBlox.xcodeproj
    /Applications/Xcode.app/Contents/Developer/Toolchains/XcodeDefault.xctoolchain/usr/bin/clang-stat-cache /Applications/Xcode.app/Contents/Developer/Platforms/iPhoneSimulator.platform/Developer/SDKs/iPhoneSimulator26.2.sdk -o /Users/hem/Library/Developer/Xcode/DerivedData/SDKStatCaches.noindex/iphonesimulator26.2-23C53-7d00a8b37fbd7999ea79df8ebc024bf0.sdkstatcache

ProcessInfoPlistFile /Users/hem/Library/Developer/Xcode/DerivedData/FocusBlox-awtxlldmubwqcwggsrfosewjcyoq/Build/Products/Debug-iphonesimulator/FocusBloxCore.framework/Info.plist /Users/hem/Library/Developer/Xcode/DerivedData/FocusBlox-awtxlldmubwqcwggsrfosewjcyoq/Build/Intermediates.noindex/FocusBlox.build/Debug-iphonesimulator/FocusBloxCore.build/empty-FocusBloxCore.plist (in target 'FocusBloxCore' from project 'FocusBlox')
    cd /Users/hem/Documents/opt/my-daily-sprints
    builtin-infoPlistUtility /Users/hem/Library/Developer/Xcode/DerivedData/FocusBlox-awtxlldmubwqcwggsrfosewjcyoq/Build/Intermediates.noindex/FocusBlox.build/Debug-iphonesimulator/FocusBloxCore.build/empty-FocusBloxCore.plist -producttype com.apple.product-type.framework -expandbuildsettings -format binary -platform iphonesimulator -o /Users/hem/Library/Developer/Xcode/DerivedData/FocusBlox-awtxlldmubwqcwggsrfosewjcyoq/Build/Products/Debug-iphonesimulator/FocusBloxCore.framework/Info.plist

ProcessInfoPlistFile /Users/hem/Library/Developer/Xcode/DerivedData/FocusBlox-awtxlldmubwqcwggsrfosewjcyoq/Build/Products/Debug-iphonesimulator/FocusBloxWidgetsExtension.appex/Info.plist /Users/hem/Documents/opt/my-daily-sprints/FocusBloxWidgets/Info.plist (in target 'FocusBloxWidgetsExtension' from project 'FocusBlox')
    cd /Users/hem/Documents/opt/my-daily-sprints
    builtin-infoPlistUtility /Users/hem/Documents/opt/my-daily-sprints/FocusBloxWidgets/Info.plist -producttype com.apple.product-type.app-extension -expandbuildsettings -format binary -platform iphonesimulator -additionalcontentfile /Users/hem/Library/Developer/Xcode/DerivedData/FocusBlox-awtxlldmubwqcwggsrfosewjcyoq/Build/Intermediates.noindex/FocusBlox.build/Debug-iphonesimulator/FocusBloxWidgetsExtension.build/assetcatalog_generated_info.plist -o /Users/hem/Library/Developer/Xcode/DerivedData/FocusBlox-awtxlldmubwqcwggsrfosewjcyoq/Build/Products/Debug-iphonesimulator/FocusBloxWidgetsExtension.appex/Info.plist

ProcessInfoPlistFile /Users/hem/Library/Developer/Xcode/DerivedData/FocusBlox-awtxlldmubwqcwggsrfosewjcyoq/Build/Products/Debug-iphonesimulator/FocusBlox.app/Info.plist /Users/hem/Documents/opt/my-daily-sprints/Resources/Info.plist (in target 'FocusBlox' from project 'FocusBlox')
    cd /Users/hem/Documents/opt/my-daily-sprints
    builtin-infoPlistUtility /Users/hem/Documents/opt/my-daily-sprints/Resources/Info.plist -producttype com.apple.product-type.application -genpkginfo /Users/hem/Library/Developer/Xcode/DerivedData/FocusBlox-awtxlldmubwqcwggsrfosewjcyoq/Build/Products/Debug-iphonesimulator/FocusBlox.app/PkgInfo -expandbuildsettings -format binary -platform iphonesimulator -additionalcontentfile /Users/hem/Library/Developer/Xcode/DerivedData/FocusBlox-awtxlldmubwqcwggsrfosewjcyoq/Build/Intermediates.noindex/FocusBlox.build/Debug-iphonesimulator/FocusBlox.build/assetcatalog_generated_info.plist -scanforprivacyfile /Users/hem/Library/Developer/Xcode/DerivedData/FocusBlox-awtxlldmubwqcwggsrfosewjcyoq/Build/Products/Debug-iphonesimulator/FocusBlox.app/Frameworks/FocusBloxCore.framework -scanforprivacyfile /Users/hem/Library/Developer/Xcode/DerivedData/FocusBlox-awtxlldmubwqcwggsrfosewjcyoq/Build/Products/Debug-iphonesimulator/FocusBlox.app/PlugIns/FocusBloxWidgetsExtension.appex -o /Users/hem/Library/Developer/Xcode/DerivedData/FocusBlox-awtxlldmubwqcwggsrfosewjcyoq/Build/Products/Debug-iphonesimulator/FocusBlox.app/Info.plist
warning: 'UIRequiresFullScreen' has been deprecated starting in iOS 26.0 and will be ignored in a future release. See the UIRequiresFullScreen documentation for more details. (in target 'FocusBlox' from project 'FocusBlox')

CopySwiftLibs /Users/hem/Library/Developer/Xcode/DerivedData/FocusBlox-awtxlldmubwqcwggsrfosewjcyoq/Build/Products/Debug-iphonesimulator/FocusBlox.app (in target 'FocusBlox' from project 'FocusBlox')
    cd /Users/hem/Documents/opt/my-daily-sprints
    builtin-swiftStdLibTool --copy --verbose --scan-executable /Users/hem/Library/Developer/Xcode/DerivedData/FocusBlox-awtxlldmubwqcwggsrfosewjcyoq/Build/Products/Debug-iphonesimulator/FocusBlox.app/FocusBlox.debug.dylib --scan-folder /Users/hem/Library/Developer/Xcode/DerivedData/FocusBlox-awtxlldmubwqcwggsrfosewjcyoq/Build/Products/Debug-iphonesimulator/FocusBlox.app/Frameworks --scan-folder /Users/hem/Library/Developer/Xcode/DerivedData/FocusBlox-awtxlldmubwqcwggsrfosewjcyoq/Build/Products/Debug-iphonesimulator/FocusBlox.app/PlugIns --scan-folder /Users/hem/Library/Developer/Xcode/DerivedData/FocusBlox-awtxlldmubwqcwggsrfosewjcyoq/Build/Products/Debug-iphonesimulator/FocusBlox.app/SystemExtensions --scan-folder /Users/hem/Library/Developer/Xcode/DerivedData/FocusBlox-awtxlldmubwqcwggsrfosewjcyoq/Build/Products/Debug-iphonesimulator/FocusBlox.app/Extensions --scan-folder /Users/hem/Library/Developer/Xcode/DerivedData/FocusBlox-awtxlldmubwqcwggsrfosewjcyoq/Build/Products/Debug-iphonesimulator/FocusBloxCore.framework --platform iphonesimulator --toolchain /Applications/Xcode.app/Contents/Developer/Toolchains/XcodeDefault.xctoolchain --destination /Users/hem/Library/Developer/Xcode/DerivedData/FocusBlox-awtxlldmubwqcwggsrfosewjcyoq/Build/Products/Debug-iphonesimulator/FocusBlox.app/Frameworks --strip-bitcode --strip-bitcode-tool /Applications/Xcode.app/Contents/Developer/Toolchains/XcodeDefault.xctoolchain/usr/bin/bitcode_strip --emit-dependency-info /Users/hem/Library/Developer/Xcode/DerivedData/FocusBlox-awtxlldmubwqcwggsrfosewjcyoq/Build/Intermediates.noindex/FocusBlox.build/Debug-iphonesimulator/FocusBlox.build/SwiftStdLibToolInputDependencies.dep --filter-for-swift-os
Ignoring --strip-bitcode because --sign was not passed

ProcessInfoPlistFile /Users/hem/Library/Developer/Xcode/DerivedData/FocusBlox-awtxlldmubwqcwggsrfosewjcyoq/Build/Products/Debug-iphonesimulator/FocusBlox.app/PlugIns/FocusBloxTests.xctest/Info.plist /Users/hem/Library/Developer/Xcode/DerivedData/FocusBlox-awtxlldmubwqcwggsrfosewjcyoq/Build/Intermediates.noindex/FocusBlox.build/Debug-iphonesimulator/FocusBloxTests.build/empty-FocusBloxTests.plist (in target 'FocusBloxTests' from project 'FocusBlox')
    cd /Users/hem/Documents/opt/my-daily-sprints
    builtin-infoPlistUtility /Users/hem/Library/Developer/Xcode/DerivedData/FocusBlox-awtxlldmubwqcwggsrfosewjcyoq/Build/Intermediates.noindex/FocusBlox.build/Debug-iphonesimulator/FocusBloxTests.build/empty-FocusBloxTests.plist -producttype com.apple.product-type.bundle.unit-test -expandbuildsettings -format binary -platform iphonesimulator -o /Users/hem/Library/Developer/Xcode/DerivedData/FocusBlox-awtxlldmubwqcwggsrfosewjcyoq/Build/Products/Debug-iphonesimulator/FocusBlox.app/PlugIns/FocusBloxTests.xctest/Info.plist

CopySwiftLibs /Users/hem/Library/Developer/Xcode/DerivedData/FocusBlox-awtxlldmubwqcwggsrfosewjcyoq/Build/Products/Debug-iphonesimulator/FocusBlox.app/PlugIns/FocusBloxTests.xctest (in target 'FocusBloxTests' from project 'FocusBlox')
    cd /Users/hem/Documents/opt/my-daily-sprints
    builtin-swiftStdLibTool --copy --verbose --scan-executable /Users/hem/Library/Developer/Xcode/DerivedData/FocusBlox-awtxlldmubwqcwggsrfosewjcyoq/Build/Products/Debug-iphonesimulator/FocusBlox.app/PlugIns/FocusBloxTests.xctest/FocusBloxTests --scan-folder /Users/hem/Library/Developer/Xcode/DerivedData/FocusBlox-awtxlldmubwqcwggsrfosewjcyoq/Build/Products/Debug-iphonesimulator/FocusBlox.app/PlugIns/FocusBloxTests.xctest/Frameworks --scan-folder /Users/hem/Library/Developer/Xcode/DerivedData/FocusBlox-awtxlldmubwqcwggsrfosewjcyoq/Build/Products/Debug-iphonesimulator/FocusBlox.app/PlugIns/FocusBloxTests.xctest/PlugIns --scan-folder /Users/hem/Library/Developer/Xcode/DerivedData/FocusBlox-awtxlldmubwqcwggsrfosewjcyoq/Build/Products/Debug-iphonesimulator/FocusBlox.app/PlugIns/FocusBloxTests.xctest/SystemExtensions --scan-folder /Users/hem/Library/Developer/Xcode/DerivedData/FocusBlox-awtxlldmubwqcwggsrfosewjcyoq/Build/Products/Debug-iphonesimulator/FocusBlox.app/PlugIns/FocusBloxTests.xctest/Extensions --platform iphonesimulator --toolchain /Applications/Xcode.app/Contents/Developer/Toolchains/XcodeDefault.xctoolchain --destination /Users/hem/Library/Developer/Xcode/DerivedData/FocusBlox-awtxlldmubwqcwggsrfosewjcyoq/Build/Products/Debug-iphonesimulator/FocusBlox.app/PlugIns/FocusBloxTests.xctest/Frameworks --strip-bitcode --scan-executable /Applications/Xcode.app/Contents/Developer/Platforms/iPhoneSimulator.platform/Developer/usr/lib/libXCTestSwiftSupport.dylib --strip-bitcode-tool /Applications/Xcode.app/Contents/Developer/Toolchains/XcodeDefault.xctoolchain/usr/bin/bitcode_strip --emit-dependency-info /Users/hem/Library/Developer/Xcode/DerivedData/FocusBlox-awtxlldmubwqcwggsrfosewjcyoq/Build/Intermediates.noindex/FocusBlox.build/Debug-iphonesimulator/FocusBloxTests.build/SwiftStdLibToolInputDependencies.dep --filter-for-swift-os
Ignoring --strip-bitcode because --sign was not passed

ProcessInfoPlistFile /Users/hem/Library/Developer/Xcode/DerivedData/FocusBlox-awtxlldmubwqcwggsrfosewjcyoq/Build/Products/Debug-iphonesimulator/FocusBloxUITests-Runner.app/PlugIns/FocusBloxUITests.xctest/Info.plist /Users/hem/Library/Developer/Xcode/DerivedData/FocusBlox-awtxlldmubwqcwggsrfosewjcyoq/Build/Intermediates.noindex/FocusBlox.build/Debug-iphonesimulator/FocusBloxUITests.build/empty-FocusBloxUITests.plist (in target 'FocusBloxUITests' from project 'FocusBlox')
    cd /Users/hem/Documents/opt/my-daily-sprints
    builtin-infoPlistUtility /Users/hem/Library/Developer/Xcode/DerivedData/FocusBlox-awtxlldmubwqcwggsrfosewjcyoq/Build/Intermediates.noindex/FocusBlox.build/Debug-iphonesimulator/FocusBloxUITests.build/empty-FocusBloxUITests.plist -producttype com.apple.product-type.bundle.ui-testing -expandbuildsettings -format binary -platform iphonesimulator -additionalcontentfile /Users/hem/Library/Developer/Xcode/DerivedData/FocusBlox-awtxlldmubwqcwggsrfosewjcyoq/Build/Intermediates.noindex/FocusBlox.build/Debug-iphonesimulator/FocusBloxUITests.build/ProductTypeInfoPlistAdditions.plist -o /Users/hem/Library/Developer/Xcode/DerivedData/FocusBlox-awtxlldmubwqcwggsrfosewjcyoq/Build/Products/Debug-iphonesimulator/FocusBloxUITests-Runner.app/PlugIns/FocusBloxUITests.xctest/Info.plist

CopySwiftLibs /Users/hem/Library/Developer/Xcode/DerivedData/FocusBlox-awtxlldmubwqcwggsrfosewjcyoq/Build/Products/Debug-iphonesimulator/FocusBloxUITests-Runner.app/PlugIns/FocusBloxUITests.xctest (in target 'FocusBloxUITests' from project 'FocusBlox')
    cd /Users/hem/Documents/opt/my-daily-sprints
    builtin-swiftStdLibTool --copy --verbose --scan-executable /Users/hem/Library/Developer/Xcode/DerivedData/FocusBlox-awtxlldmubwqcwggsrfosewjcyoq/Build/Products/Debug-iphonesimulator/FocusBloxUITests-Runner.app/PlugIns/FocusBloxUITests.xctest/FocusBloxUITests --scan-folder /Users/hem/Library/Developer/Xcode/DerivedData/FocusBlox-awtxlldmubwqcwggsrfosewjcyoq/Build/Products/Debug-iphonesimulator/FocusBloxUITests-Runner.app/PlugIns/FocusBloxUITests.xctest/Frameworks --scan-folder /Users/hem/Library/Developer/Xcode/DerivedData/FocusBlox-awtxlldmubwqcwggsrfosewjcyoq/Build/Products/Debug-iphonesimulator/FocusBloxUITests-Runner.app/PlugIns/FocusBloxUITests.xctest/PlugIns --scan-folder /Users/hem/Library/Developer/Xcode/DerivedData/FocusBlox-awtxlldmubwqcwggsrfosewjcyoq/Build/Products/Debug-iphonesimulator/FocusBloxUITests-Runner.app/PlugIns/FocusBloxUITests.xctest/SystemExtensions --scan-folder /Users/hem/Library/Developer/Xcode/DerivedData/FocusBlox-awtxlldmubwqcwggsrfosewjcyoq/Build/Products/Debug-iphonesimulator/FocusBloxUITests-Runner.app/PlugIns/FocusBloxUITests.xctest/Extensions --platform iphonesimulator --toolchain /Applications/Xcode.app/Contents/Developer/Toolchains/XcodeDefault.xctoolchain --destination /Users/hem/Library/Developer/Xcode/DerivedData/FocusBlox-awtxlldmubwqcwggsrfosewjcyoq/Build/Products/Debug-iphonesimulator/FocusBloxUITests-Runner.app/PlugIns/FocusBloxUITests.xctest/Frameworks --strip-bitcode --scan-executable /Applications/Xcode.app/Contents/Developer/Platforms/iPhoneSimulator.platform/Developer/usr/lib/libXCTestSwiftSupport.dylib --strip-bitcode-tool /Applications/Xcode.app/Contents/Developer/Toolchains/XcodeDefault.xctoolchain/usr/bin/bitcode_strip --emit-dependency-info /Users/hem/Library/Developer/Xcode/DerivedData/FocusBlox-awtxlldmubwqcwggsrfosewjcyoq/Build/Intermediates.noindex/FocusBlox.build/Debug-iphonesimulator/FocusBloxUITests.build/SwiftStdLibToolInputDependencies.dep --filter-for-swift-os
Ignoring --strip-bitcode because --sign was not passed

2026-01-27 20:49:13.846397+0100 FocusBloxUITests-Runner[16450:38692344] [Default] Running tests...
    t =      nans Interface orientation changed to Portrait
Test Suite 'Selected tests' started at 2026-01-27 20:49:15.223.
Test Suite 'FocusBloxUITests.xctest' started at 2026-01-27 20:49:15.223.
Test Suite 'QuickEditBacklogUITests' started at 2026-01-27 20:49:15.223.
Test Case '-[FocusBloxUITests.QuickEditBacklogUITests testCategoryBadgeExists]' started (Iteration 1 of 3).
    t =     0.00s Start Test at 2026-01-27 20:49:15.224
    t =     0.02s Set Up
    t =     0.02s     Open com.henning.timebox
    t =     0.02s         Launch com.henning.timebox
    t =     0.65s             Setting up automation session
    t =     1.36s             Wait for com.henning.timebox to idle
    t =     2.94s Waiting 5.0s for "Backlog" Button to exist
    t =     4.00s     Checking `Expect predicate `existsNoRetry == 1` for object "Backlog" Button`
    t =     4.00s         Checking existence of `"Backlog" Button`
    t =     4.11s Tap "Backlog" Button
    t =     4.11s     Wait for com.henning.timebox to idle
    t =     4.11s     Find the "Backlog" Button
    t =     4.15s     Check for interrupting elements affecting "Backlog" Button
    t =     4.18s     Synthesize event
    t =     4.47s     Wait for com.henning.timebox to idle
    t =     7.23s Waiting 5.0s for Button (First Match) to exist
    t =     8.30s     Checking `Expect predicate `existsNoRetry == 1` for object Button (First Match)`
    t =     8.30s         Checking existence of `Button (First Match)`
    t =     8.36s Tear Down
Test Case '-[FocusBloxUITests.QuickEditBacklogUITests testCategoryBadgeExists]' passed (8.596 seconds).
Test Case '-[FocusBloxUITests.QuickEditBacklogUITests testCategoryBadgeTapOpensPicker]' started (Iteration 1 of 3).
    t =     0.00s Start Test at 2026-01-27 20:49:23.821
    t =     0.02s Set Up
    t =     0.02s     Open com.henning.timebox
    t =     0.02s         Launch com.henning.timebox
    t =     0.02s             Terminate com.henning.timebox:16462
    t =     1.32s             Setting up automation session
    t =     2.00s             Wait for com.henning.timebox to idle
    t =     3.56s Waiting 5.0s for "Backlog" Button to exist
    t =     4.63s     Checking `Expect predicate `existsNoRetry == 1` for object "Backlog" Button`
    t =     4.63s         Checking existence of `"Backlog" Button`
    t =     4.73s Tap "Backlog" Button
    t =     4.73s     Wait for com.henning.timebox to idle
    t =     4.73s     Find the "Backlog" Button
    t =     4.77s     Check for interrupting elements affecting "Backlog" Button
    t =     4.81s     Synthesize event
    t =     5.10s     Wait for com.henning.timebox to idle
    t =     8.58s Waiting 5.0s for Button (First Match) to exist
    t =     9.64s     Checking `Expect predicate `existsNoRetry == 1` for object Button (First Match)`
    t =     9.65s         Checking existence of `Button (First Match)`
    t =     9.71s Tap Button (First Match)
    t =     9.71s     Wait for com.henning.timebox to idle
    t =     9.71s     Find the Button (First Match)
    t =     9.76s     Check for interrupting elements affecting "category-badge-C074466F-798D-4F91-A359-E6E27B7FC625" Button
    t =     9.80s     Synthesize event
    t =    10.09s     Wait for com.henning.timebox to idle
    t =    11.54s Waiting 3.0s for "category-picker" Other to exist
    t =    12.61s     Checking `Expect predicate `existsNoRetry == 1` for object "category-picker" Other`
    t =    12.61s         Checking existence of `"category-picker" Other`
    t =    12.67s Tear Down
Test Case '-[FocusBloxUITests.QuickEditBacklogUITests testCategoryBadgeTapOpensPicker]' passed (12.905 seconds).
Test Case '-[FocusBloxUITests.QuickEditBacklogUITests testCategoryPickerSelectionUpdates]' started (Iteration 1 of 3).
    t =     0.00s Start Test at 2026-01-27 20:49:36.726
    t =     0.02s Set Up
    t =     0.02s     Open com.henning.timebox
    t =     0.02s         Launch com.henning.timebox
    t =     0.02s             Terminate com.henning.timebox:16468
    t =     1.31s             Setting up automation session
    t =     1.96s             Wait for com.henning.timebox to idle
    t =     3.46s Waiting 5.0s for "Backlog" Button to exist
    t =     4.53s     Checking `Expect predicate `existsNoRetry == 1` for object "Backlog" Button`
    t =     4.53s         Checking existence of `"Backlog" Button`
    t =     4.63s Tap "Backlog" Button
    t =     4.63s     Wait for com.henning.timebox to idle
    t =     4.63s     Find the "Backlog" Button
    t =     4.67s     Check for interrupting elements affecting "Backlog" Button
    t =     4.71s     Synthesize event
    t =     5.00s     Wait for com.henning.timebox to idle
    t =     7.77s Waiting 5.0s for Button (First Match) to exist
    t =     8.83s     Checking `Expect predicate `existsNoRetry == 1` for object Button (First Match)`
    t =     8.83s         Checking existence of `Button (First Match)`
    t =     8.89s Tap Button (First Match)
    t =     8.89s     Wait for com.henning.timebox to idle
    t =     8.90s     Find the Button (First Match)
    t =     8.95s     Check for interrupting elements affecting "category-badge-AAAAAAAA-0000-0000-0000-000000000001" Button
    t =     8.98s     Synthesize event
    t =     9.27s     Wait for com.henning.timebox to idle
    t =    10.68s Waiting 3.0s for "category-recharge" Button to exist
    t =    11.75s     Checking `Expect predicate `existsNoRetry == 1` for object "category-recharge" Button`
    t =    11.75s         Checking existence of `"category-recharge" Button`
    t =    11.80s Tap "category-recharge" Button
    t =    11.80s     Wait for com.henning.timebox to idle
    t =    11.80s     Find the "category-recharge" Button
    t =    11.85s     Check for interrupting elements affecting "category-recharge" Button
    t =    11.89s     Synthesize event
    t =    12.17s     Wait for com.henning.timebox to idle
    t =    13.58s Checking existence of `"category-picker" Other`
    t =    13.63s Tear Down
Test Case '-[FocusBloxUITests.QuickEditBacklogUITests testCategoryPickerSelectionUpdates]' passed (13.857 seconds).
Test Case '-[FocusBloxUITests.QuickEditBacklogUITests testContextMenuEditOpensFormSheet]' started (Iteration 1 of 3).
    t =     0.00s Start Test at 2026-01-27 20:49:50.584
    t =     0.02s Set Up
    t =     0.02s     Open com.henning.timebox
    t =     0.02s         Launch com.henning.timebox
    t =     0.02s             Terminate com.henning.timebox:16480
    t =     1.32s             Setting up automation session
    t =     1.99s             Wait for com.henning.timebox to idle
    t =     3.55s Waiting 5.0s for "Backlog" Button to exist
    t =     4.62s     Checking `Expect predicate `existsNoRetry == 1` for object "Backlog" Button`
    t =     4.62s         Checking existence of `"Backlog" Button`
    t =     4.73s Tap "Backlog" Button
    t =     4.73s     Wait for com.henning.timebox to idle
    t =     4.73s     Find the "Backlog" Button
    t =     4.77s     Check for interrupting elements affecting "Backlog" Button
    t =     4.80s     Synthesize event
    t =     5.09s     Wait for com.henning.timebox to idle
    t =     7.86s Waiting 5.0s for Cell (First Match) to exist
    t =     8.91s     Checking `Expect predicate `existsNoRetry == 1` for object Cell (First Match)`
    t =     8.91s         Checking existence of `Cell (First Match)`
    t =     8.95s Press Cell (First Match) for 1.0 seconds
    t =     8.95s     Wait for com.henning.timebox to idle
    t =     8.95s     Find the Cell (First Match)
    t =     8.98s     Check for interrupting elements affecting Cell
    t =     9.02s     Synthesize event
    t =    10.23s     Wait for com.henning.timebox to idle
    t =    11.83s Waiting 3.0s for "Bearbeiten" Button to exist
    t =    12.91s     Checking `Expect predicate `existsNoRetry == 1` for object "Bearbeiten" Button`
    t =    12.91s         Checking existence of `"Bearbeiten" Button`
    t =    12.95s         Capturing element debug description
    t =    13.90s     Checking `Expect predicate `existsNoRetry == 1` for object "Bearbeiten" Button`
    t =    13.90s         Checking existence of `"Bearbeiten" Button`
    t =    13.95s         Capturing element debug description
    t =    14.84s     Checking `Expect predicate `existsNoRetry == 1` for object "Bearbeiten" Button`
    t =    14.84s         Checking existence of `"Bearbeiten" Button`
    t =    14.89s         Capturing element debug description
    t =    14.89s     Checking existence of `"Bearbeiten" Button`
    t =    14.93s Collecting debug information to assist test failure triage
    t =    14.93s     Requesting snapshot of accessibility hierarchy for app with pid 16488
/Users/hem/Documents/opt/my-daily-sprints/FocusBloxUITests/QuickEditBacklogUITests.swift:217: error: -[FocusBloxUITests.QuickEditBacklogUITests testContextMenuEditOpensFormSheet] : failed - Context menu 'Bearbeiten' not found
    t =    15.12s Tear Down
Test Case '-[FocusBloxUITests.QuickEditBacklogUITests testContextMenuEditOpensFormSheet]' failed (15.342 seconds).
Test Case '-[FocusBloxUITests.QuickEditBacklogUITests testContextMenuEditOpensFormSheet]' started (Iteration 2 of 3).
    t =     0.00s Start Test at 2026-01-27 20:50:05.926
    t =     0.02s Set Up
    t =     0.02s     Open com.henning.timebox
    t =     0.02s         Launch com.henning.timebox
    t =     0.02s             Terminate com.henning.timebox:16488
    t =     1.25s             Setting up automation session
    t =     1.91s             Wait for com.henning.timebox to idle
    t =     3.46s Waiting 5.0s for "Backlog" Button to exist
    t =     4.53s     Checking `Expect predicate `existsNoRetry == 1` for object "Backlog" Button`
    t =     4.53s         Checking existence of `"Backlog" Button`
    t =     4.63s Tap "Backlog" Button
    t =     4.63s     Wait for com.henning.timebox to idle
    t =     4.64s     Find the "Backlog" Button
    t =     4.67s     Check for interrupting elements affecting "Backlog" Button
    t =     4.71s     Synthesize event
    t =     5.00s     Wait for com.henning.timebox to idle
    t =     7.76s Waiting 5.0s for Cell (First Match) to exist
    t =     8.83s     Checking `Expect predicate `existsNoRetry == 1` for object Cell (First Match)`
    t =     8.83s         Checking existence of `Cell (First Match)`
    t =     8.87s Press Cell (First Match) for 1.0 seconds
    t =     8.87s     Wait for com.henning.timebox to idle
    t =     8.88s     Find the Cell (First Match)
    t =     8.91s     Check for interrupting elements affecting Cell
    t =     8.94s     Synthesize event
    t =    10.17s     Wait for com.henning.timebox to idle
    t =    11.74s Waiting 3.0s for "Bearbeiten" Button to exist
    t =    12.81s     Checking `Expect predicate `existsNoRetry == 1` for object "Bearbeiten" Button`
    t =    12.81s         Checking existence of `"Bearbeiten" Button`
    t =    12.86s         Capturing element debug description
    t =    13.80s     Checking `Expect predicate `existsNoRetry == 1` for object "Bearbeiten" Button`
    t =    13.80s         Checking existence of `"Bearbeiten" Button`
    t =    13.85s         Capturing element debug description
    t =    14.75s     Checking `Expect predicate `existsNoRetry == 1` for object "Bearbeiten" Button`
    t =    14.75s         Checking existence of `"Bearbeiten" Button`
    t =    14.80s         Capturing element debug description
    t =    14.80s     Checking existence of `"Bearbeiten" Button`
    t =    14.83s Collecting debug information to assist test failure triage
    t =    14.83s     Requesting snapshot of accessibility hierarchy for app with pid 16498
/Users/hem/Documents/opt/my-daily-sprints/FocusBloxUITests/QuickEditBacklogUITests.swift:217: error: -[FocusBloxUITests.QuickEditBacklogUITests testContextMenuEditOpensFormSheet] : failed - Context menu 'Bearbeiten' not found
    t =    14.91s Tear Down
Test Case '-[FocusBloxUITests.QuickEditBacklogUITests testContextMenuEditOpensFormSheet]' failed (15.124 seconds).
Test Case '-[FocusBloxUITests.QuickEditBacklogUITests testContextMenuEditOpensFormSheet]' started (Iteration 3 of 3).
    t =     0.00s Start Test at 2026-01-27 20:50:21.050
    t =     0.02s Set Up
    t =     0.02s     Open com.henning.timebox
    t =     0.02s         Launch com.henning.timebox
    t =     0.02s             Terminate com.henning.timebox:16498
    t =     1.32s             Setting up automation session
    t =     1.98s             Wait for com.henning.timebox to idle
    t =     3.52s Waiting 5.0s for "Backlog" Button to exist
    t =     4.55s     Checking `Expect predicate `existsNoRetry == 1` for object "Backlog" Button`
    t =     4.55s         Checking existence of `"Backlog" Button`
    t =     4.65s Tap "Backlog" Button
    t =     4.65s     Wait for com.henning.timebox to idle
    t =     4.66s     Find the "Backlog" Button
    t =     4.69s     Check for interrupting elements affecting "Backlog" Button
    t =     4.73s     Synthesize event
    t =     5.02s     Wait for com.henning.timebox to idle
    t =     7.78s Waiting 5.0s for Cell (First Match) to exist
    t =     8.82s     Checking `Expect predicate `existsNoRetry == 1` for object Cell (First Match)`
    t =     8.82s         Checking existence of `Cell (First Match)`
    t =     8.87s Press Cell (First Match) for 1.0 seconds
    t =     8.87s     Wait for com.henning.timebox to idle
    t =     8.87s     Find the Cell (First Match)
    t =     8.90s     Check for interrupting elements affecting Cell
    t =     8.93s     Synthesize event
    t =    10.16s     Wait for com.henning.timebox to idle
    t =    11.75s Waiting 3.0s for "Bearbeiten" Button to exist
    t =    12.82s     Checking `Expect predicate `existsNoRetry == 1` for object "Bearbeiten" Button`
    t =    12.82s         Checking existence of `"Bearbeiten" Button`
    t =    12.86s         Capturing element debug description
    t =    13.81s     Checking `Expect predicate `existsNoRetry == 1` for object "Bearbeiten" Button`
    t =    13.81s         Checking existence of `"Bearbeiten" Button`
    t =    13.86s         Capturing element debug description
    t =    14.76s     Checking `Expect predicate `existsNoRetry == 1` for object "Bearbeiten" Button`
    t =    14.76s         Checking existence of `"Bearbeiten" Button`
    t =    14.81s         Capturing element debug description
    t =    14.81s     Checking existence of `"Bearbeiten" Button`
    t =    14.84s Collecting debug information to assist test failure triage
    t =    14.84s     Requesting snapshot of accessibility hierarchy for app with pid 16528
/Users/hem/Documents/opt/my-daily-sprints/FocusBloxUITests/QuickEditBacklogUITests.swift:217: error: -[FocusBloxUITests.QuickEditBacklogUITests testContextMenuEditOpensFormSheet] : failed - Context menu 'Bearbeiten' not found
    t =    14.91s Tear Down
Test Case '-[FocusBloxUITests.QuickEditBacklogUITests testContextMenuEditOpensFormSheet]' failed (15.136 seconds).
Test Case '-[FocusBloxUITests.QuickEditBacklogUITests testImportanceBadgeExists]' started (Iteration 1 of 3).
    t =     0.00s Start Test at 2026-01-27 20:50:36.187
    t =     0.02s Set Up
    t =     0.02s     Open com.henning.timebox
    t =     0.03s         Launch com.henning.timebox
    t =     0.03s             Terminate com.henning.timebox:16528
    t =     1.32s             Setting up automation session
    t =     1.96s             Wait for com.henning.timebox to idle
    t =     3.49s Waiting 5.0s for "Backlog" Button to exist
    t =     4.57s     Checking `Expect predicate `existsNoRetry == 1` for object "Backlog" Button`
    t =     4.57s         Checking existence of `"Backlog" Button`
    t =     4.67s Tap "Backlog" Button
    t =     4.67s     Wait for com.henning.timebox to idle
    t =     4.67s     Find the "Backlog" Button
    t =     4.71s     Check for interrupting elements affecting "Backlog" Button
    t =     4.75s     Synthesize event
    t =     5.04s     Wait for com.henning.timebox to idle
    t =     7.81s Waiting 5.0s for Button (First Match) to exist
    t =     8.87s     Checking `Expect predicate `existsNoRetry == 1` for object Button (First Match)`
    t =     8.87s         Checking existence of `Button (First Match)`
    t =     8.94s Tear Down
Test Case '-[FocusBloxUITests.QuickEditBacklogUITests testImportanceBadgeExists]' passed (9.159 seconds).
Test Case '-[FocusBloxUITests.QuickEditBacklogUITests testImportanceBadgeTapOpensPicker]' started (Iteration 1 of 3).
    t =     0.00s Start Test at 2026-01-27 20:50:45.347
    t =     0.02s Set Up
    t =     0.02s     Open com.henning.timebox
    t =     0.02s         Launch com.henning.timebox
    t =     0.02s             Terminate com.henning.timebox:16545
    t =     1.29s             Setting up automation session
    t =     1.94s             Wait for com.henning.timebox to idle
    t =     3.48s Waiting 5.0s for "Backlog" Button to exist
    t =     4.52s     Checking `Expect predicate `existsNoRetry == 1` for object "Backlog" Button`
    t =     4.52s         Checking existence of `"Backlog" Button`
    t =     4.62s Tap "Backlog" Button
    t =     4.62s     Wait for com.henning.timebox to idle
    t =     4.62s     Find the "Backlog" Button
    t =     4.66s     Check for interrupting elements affecting "Backlog" Button
    t =     4.70s     Synthesize event
    t =     4.99s     Wait for com.henning.timebox to idle
    t =     7.75s Waiting 5.0s for Button (First Match) to exist
    t =     8.79s     Checking `Expect predicate `existsNoRetry == 1` for object Button (First Match)`
    t =     8.79s         Checking existence of `Button (First Match)`
    t =     8.87s Tap Button (First Match)
    t =     8.87s     Wait for com.henning.timebox to idle
    t =     8.87s     Find the Button (First Match)
    t =     8.92s     Check for interrupting elements affecting "importance-badge-00000000-0000-0000-0000-000000000001" Button
    t =     8.95s     Synthesize event
    t =     9.25s     Wait for com.henning.timebox to idle
    t =    10.65s Waiting 3.0s for "importance-picker" Other to exist
    t =    11.70s     Checking `Expect predicate `existsNoRetry == 1` for object "importance-picker" Other`
    t =    11.70s         Checking existence of `"importance-picker" Other`
    t =    11.76s Tear Down
Test Case '-[FocusBloxUITests.QuickEditBacklogUITests testImportanceBadgeTapOpensPicker]' passed (11.985 seconds).
Test Case '-[FocusBloxUITests.QuickEditBacklogUITests testImportancePickerSelectionUpdates]' started (Iteration 1 of 3).
    t =     0.00s Start Test at 2026-01-27 20:50:57.332
    t =     0.02s Set Up
    t =     0.02s     Open com.henning.timebox
    t =     0.02s         Launch com.henning.timebox
    t =     0.02s             Terminate com.henning.timebox:16550
    t =     1.33s             Setting up automation session
    t =     1.99s             Wait for com.henning.timebox to idle
    t =     3.50s Waiting 5.0s for "Backlog" Button to exist
    t =     4.56s     Checking `Expect predicate `existsNoRetry == 1` for object "Backlog" Button`
    t =     4.56s         Checking existence of `"Backlog" Button`
    t =     4.66s Tap "Backlog" Button
    t =     4.66s     Wait for com.henning.timebox to idle
    t =     4.67s     Find the "Backlog" Button
    t =     4.70s     Check for interrupting elements affecting "Backlog" Button
    t =     4.74s     Synthesize event
    t =     5.03s     Wait for com.henning.timebox to idle
    t =     7.80s Waiting 5.0s for Button (First Match) to exist
    t =     8.86s     Checking `Expect predicate `existsNoRetry == 1` for object Button (First Match)`
    t =     8.86s         Checking existence of `Button (First Match)`
    t =     8.92s Tap Button (First Match)
    t =     8.92s     Wait for com.henning.timebox to idle
    t =     8.92s     Find the Button (First Match)
    t =     8.98s     Check for interrupting elements affecting "importance-badge-AD653481-A5F7-4258-B81F-F8598036CC6F" Button
    t =     9.01s     Synthesize event
    t =     9.30s     Wait for com.henning.timebox to idle
    t =    10.72s Waiting 3.0s for "importance-high" Button to exist
    t =    11.77s     Checking `Expect predicate `existsNoRetry == 1` for object "importance-high" Button`
    t =    11.77s         Checking existence of `"importance-high" Button`
    t =    11.82s Tap "importance-high" Button
    t =    11.82s     Wait for com.henning.timebox to idle
    t =    11.82s     Find the "importance-high" Button
    t =    11.86s     Check for interrupting elements affecting "importance-high" Button
    t =    11.90s     Synthesize event
    t =    12.18s     Wait for com.henning.timebox to idle
    t =    13.59s Checking existence of `"importance-picker" Other`
    t =    13.64s Tear Down
Test Case '-[FocusBloxUITests.QuickEditBacklogUITests testImportancePickerSelectionUpdates]' passed (13.867 seconds).
Test Case '-[FocusBloxUITests.QuickEditBacklogUITests testLongPressShowsContextMenu]' started (Iteration 1 of 3).
    t =     0.00s Start Test at 2026-01-27 20:51:11.200
    t =     0.02s Set Up
    t =     0.02s     Open com.henning.timebox
    t =     0.02s         Launch com.henning.timebox
    t =     0.02s             Terminate com.henning.timebox:16564
    t =     1.31s             Setting up automation session
    t =     1.97s             Wait for com.henning.timebox to idle
    t =     3.48s Waiting 5.0s for "Backlog" Button to exist
    t =     4.53s     Checking `Expect predicate `existsNoRetry == 1` for object "Backlog" Button`
    t =     4.53s         Checking existence of `"Backlog" Button`
    t =     4.63s Tap "Backlog" Button
    t =     4.63s     Wait for com.henning.timebox to idle
    t =     4.63s     Find the "Backlog" Button
    t =     4.67s     Check for interrupting elements affecting "Backlog" Button
    t =     4.70s     Synthesize event
    t =     4.99s     Wait for com.henning.timebox to idle
    t =     7.76s Waiting 5.0s for Cell (First Match) to exist
    t =     8.83s     Checking `Expect predicate `existsNoRetry == 1` for object Cell (First Match)`
    t =     8.83s         Checking existence of `Cell (First Match)`
    t =     8.88s Press Cell (First Match) for 1.0 seconds
    t =     8.88s     Wait for com.henning.timebox to idle
    t =     8.88s     Find the Cell (First Match)
    t =     8.91s     Check for interrupting elements affecting Cell
    t =     8.95s     Synthesize event
    t =    10.17s     Wait for com.henning.timebox to idle
    t =    11.76s Waiting 3.0s for "Bearbeiten" Button to exist
    t =    12.83s     Checking `Expect predicate `existsNoRetry == 1` for object "Bearbeiten" Button`
    t =    12.83s         Checking existence of `"Bearbeiten" Button`
    t =    12.88s         Capturing element debug description
    t =    13.81s     Checking `Expect predicate `existsNoRetry == 1` for object "Bearbeiten" Button`
    t =    13.81s         Checking existence of `"Bearbeiten" Button`
    t =    13.86s         Capturing element debug description
    t =    14.77s     Checking `Expect predicate `existsNoRetry == 1` for object "Bearbeiten" Button`
    t =    14.77s         Checking existence of `"Bearbeiten" Button`
    t =    14.81s         Capturing element debug description
    t =    14.81s     Checking existence of `"Bearbeiten" Button`
    t =    14.85s Collecting debug information to assist test failure triage
    t =    14.85s     Requesting snapshot of accessibility hierarchy for app with pid 16572
/Users/hem/Documents/opt/my-daily-sprints/FocusBloxUITests/QuickEditBacklogUITests.swift:195: error: -[FocusBloxUITests.QuickEditBacklogUITests testLongPressShowsContextMenu] : XCTAssertTrue failed - Context menu should show 'Bearbeiten' option after long-press
    t =    14.92s Tear Down
Test Case '-[FocusBloxUITests.QuickEditBacklogUITests testLongPressShowsContextMenu]' failed (15.158 seconds).
Test Case '-[FocusBloxUITests.QuickEditBacklogUITests testLongPressShowsContextMenu]' started (Iteration 2 of 3).
    t =     0.00s Start Test at 2026-01-27 20:51:26.358
    t =     0.02s Set Up
    t =     0.02s     Open com.henning.timebox
    t =     0.02s         Launch com.henning.timebox
    t =     0.02s             Terminate com.henning.timebox:16572
    t =     1.32s             Setting up automation session
    t =     1.98s             Wait for com.henning.timebox to idle
    t =     3.52s Waiting 5.0s for "Backlog" Button to exist
    t =     4.57s     Checking `Expect predicate `existsNoRetry == 1` for object "Backlog" Button`
    t =     4.57s         Checking existence of `"Backlog" Button`
    t =     4.67s Tap "Backlog" Button
    t =     4.67s     Wait for com.henning.timebox to idle
    t =     4.67s     Find the "Backlog" Button
    t =     4.71s     Check for interrupting elements affecting "Backlog" Button
    t =     4.74s     Synthesize event
    t =     5.03s     Wait for com.henning.timebox to idle
    t =     7.81s Waiting 5.0s for Cell (First Match) to exist
    t =     8.87s     Checking `Expect predicate `existsNoRetry == 1` for object Cell (First Match)`
    t =     8.87s         Checking existence of `Cell (First Match)`
    t =     8.92s Press Cell (First Match) for 1.0 seconds
    t =     8.92s     Wait for com.henning.timebox to idle
    t =     8.92s     Find the Cell (First Match)
    t =     8.95s     Check for interrupting elements affecting Cell
    t =     8.99s     Synthesize event
    t =    10.21s     Wait for com.henning.timebox to idle
    t =    11.80s Waiting 3.0s for "Bearbeiten" Button to exist
    t =    12.87s     Checking `Expect predicate `existsNoRetry == 1` for object "Bearbeiten" Button`
    t =    12.87s         Checking existence of `"Bearbeiten" Button`
    t =    12.92s         Capturing element debug description
    t =    13.86s     Checking `Expect predicate `existsNoRetry == 1` for object "Bearbeiten" Button`
    t =    13.86s         Checking existence of `"Bearbeiten" Button`
    t =    13.91s         Capturing element debug description
    t =    14.81s     Checking `Expect predicate `existsNoRetry == 1` for object "Bearbeiten" Button`
    t =    14.81s         Checking existence of `"Bearbeiten" Button`
    t =    14.86s         Capturing element debug description
    t =    14.86s     Checking existence of `"Bearbeiten" Button`
    t =    14.89s Collecting debug information to assist test failure triage
    t =    14.89s     Requesting snapshot of accessibility hierarchy for app with pid 16600
/Users/hem/Documents/opt/my-daily-sprints/FocusBloxUITests/QuickEditBacklogUITests.swift:195: error: -[FocusBloxUITests.QuickEditBacklogUITests testLongPressShowsContextMenu] : XCTAssertTrue failed - Context menu should show 'Bearbeiten' option after long-press
    t =    14.96s Tear Down
Test Case '-[FocusBloxUITests.QuickEditBacklogUITests testLongPressShowsContextMenu]' failed (15.199 seconds).
Test Case '-[FocusBloxUITests.QuickEditBacklogUITests testLongPressShowsContextMenu]' started (Iteration 3 of 3).
    t =     0.00s Start Test at 2026-01-27 20:51:41.558
    t =     0.02s Set Up
    t =     0.02s     Open com.henning.timebox
    t =     0.02s         Launch com.henning.timebox
    t =     0.02s             Terminate com.henning.timebox:16600
    t =     1.33s             Setting up automation session
    t =     1.98s             Wait for com.henning.timebox to idle
    t =     3.51s Waiting 5.0s for "Backlog" Button to exist
    t =     4.57s     Checking `Expect predicate `existsNoRetry == 1` for object "Backlog" Button`
    t =     4.57s         Checking existence of `"Backlog" Button`
    t =     4.68s Tap "Backlog" Button
    t =     4.68s     Wait for com.henning.timebox to idle
    t =     4.68s     Find the "Backlog" Button
    t =     4.72s     Check for interrupting elements affecting "Backlog" Button
    t =     4.76s     Synthesize event
    t =     5.05s     Wait for com.henning.timebox to idle
    t =     7.82s Waiting 5.0s for Cell (First Match) to exist
    t =     8.87s     Checking `Expect predicate `existsNoRetry == 1` for object Cell (First Match)`
    t =     8.87s         Checking existence of `Cell (First Match)`
    t =     8.92s Press Cell (First Match) for 1.0 seconds
    t =     8.92s     Wait for com.henning.timebox to idle
    t =     8.92s     Find the Cell (First Match)
    t =     8.95s     Check for interrupting elements affecting Cell
    t =     8.99s     Synthesize event
    t =    10.20s     Wait for com.henning.timebox to idle
    t =    11.79s Waiting 3.0s for "Bearbeiten" Button to exist
    t =    12.86s     Checking `Expect predicate `existsNoRetry == 1` for object "Bearbeiten" Button`
    t =    12.86s         Checking existence of `"Bearbeiten" Button`
    t =    12.90s         Capturing element debug description
    t =    13.84s     Checking `Expect predicate `existsNoRetry == 1` for object "Bearbeiten" Button`
    t =    13.84s         Checking existence of `"Bearbeiten" Button`
    t =    13.89s         Capturing element debug description
    t =    14.80s     Checking `Expect predicate `existsNoRetry == 1` for object "Bearbeiten" Button`
    t =    14.80s         Checking existence of `"Bearbeiten" Button`
    t =    14.85s         Capturing element debug description
    t =    14.85s     Checking existence of `"Bearbeiten" Button`
    t =    14.88s Collecting debug information to assist test failure triage
    t =    14.88s     Requesting snapshot of accessibility hierarchy for app with pid 16611
/Users/hem/Documents/opt/my-daily-sprints/FocusBloxUITests/QuickEditBacklogUITests.swift:195: error: -[FocusBloxUITests.QuickEditBacklogUITests testLongPressShowsContextMenu] : XCTAssertTrue failed - Context menu should show 'Bearbeiten' option after long-press
    t =    14.95s Tear Down
Test Case '-[FocusBloxUITests.QuickEditBacklogUITests testLongPressShowsContextMenu]' failed (15.171 seconds).
Test Suite 'QuickEditBacklogUITests' failed at 2026-01-27 20:51:56.729.
	 Executed 12 tests, with 6 failures (0 unexpected) in 161.499 (161.506) seconds
Test Suite 'FocusBloxUITests.xctest' failed at 2026-01-27 20:51:56.729.
	 Executed 12 tests, with 6 failures (0 unexpected) in 161.499 (161.506) seconds
Test Suite 'Selected tests' failed at 2026-01-27 20:51:56.730.
	 Executed 12 tests, with 6 failures (0 unexpected) in 161.499 (161.507) seconds
2026-01-27 20:52:13.424 xcodebuild[16407:38691870] [MT] IDETestOperationsObserverDebug: 181.019 elapsed -- Testing started completed.
2026-01-27 20:52:13.424 xcodebuild[16407:38691870] [MT] IDETestOperationsObserverDebug: 0.000 sec, +0.000 sec -- start
2026-01-27 20:52:13.424 xcodebuild[16407:38691870] [MT] IDETestOperationsObserverDebug: 181.019 sec, +181.019 sec -- end

Test session results, code coverage, and logs:
	/Users/hem/Documents/opt/my-daily-sprints/TestResults_1769543348.xcresult

** TEST FAILED **

Testing started
[0;31m[ERROR][0m Exit Code 65: Test-Failure

[0;34m[INFO][0m Fehlgeschlagene Tests:
Test Case '-[FocusBloxUITests.QuickEditBacklogUITests testContextMenuEditOpensFormSheet]' failed (15.342 seconds).
Test Case '-[FocusBloxUITests.QuickEditBacklogUITests testContextMenuEditOpensFormSheet]' failed (15.124 seconds).
Test Case '-[FocusBloxUITests.QuickEditBacklogUITests testContextMenuEditOpensFormSheet]' failed (15.136 seconds).
/Users/hem/Documents/opt/my-daily-sprints/FocusBloxUITests/QuickEditBacklogUITests.swift:195: error: -[FocusBloxUITests.QuickEditBacklogUITests testLongPressShowsContextMenu] : XCTAssertTrue failed - Context menu should show 'Bearbeiten' option after long-press
Test Case '-[FocusBloxUITests.QuickEditBacklogUITests testLongPressShowsContextMenu]' failed (15.158 seconds).
/Users/hem/Documents/opt/my-daily-sprints/FocusBloxUITests/QuickEditBacklogUITests.swift:195: error: -[FocusBloxUITests.QuickEditBacklogUITests testLongPressShowsContextMenu] : XCTAssertTrue failed - Context menu should show 'Bearbeiten' option after long-press
Test Case '-[FocusBloxUITests.QuickEditBacklogUITests testLongPressShowsContextMenu]' failed (15.199 seconds).
/Users/hem/Documents/opt/my-daily-sprints/FocusBloxUITests/QuickEditBacklogUITests.swift:195: error: -[FocusBloxUITests.QuickEditBacklogUITests testLongPressShowsContextMenu] : XCTAssertTrue failed - Context menu should show 'Bearbeiten' option after long-press
Test Case '-[FocusBloxUITests.QuickEditBacklogUITests testLongPressShowsContextMenu]' failed (15.171 seconds).

============================================
[0;31m[ERROR][0m TESTS FEHLGESCHLAGEN

Naechste Schritte:
1. /inspect-ui ausfuehren fuer Accessibility Tree
2. Fehlerursache analysieren
3. Gezielt fixen (NICHT spekulativ!)
============================================
